[1980-01-06 08:00:21]
[1980-01-06 08:00:21]*****************************
[1980-01-06 08:00:21]           startup          
[1980-01-06 08:00:21] build: Oct 31 2019 14:33:06 
[1980-01-06 08:00:21]*****************************
[1980-01-06 08:00:21]
[1980-01-06 08:00:21]OPEN CONF FILE: /etc/qbtsp.conf 
[1980-01-06 08:00:21]set file conf gateway server addr!
[1980-01-06 08:00:21]tbox version: DFSK000100020026000000040000 
[1980-01-06 08:00:21]Service has registered!
[1980-01-06 08:00:22]Vin changed, Redo login!
[1980-01-06 08:00:22]TSPClient::startup is running...
[1980-01-06 08:00:22]Service is available! power-service
[1980-01-06 08:00:22]get pdid...
[1980-01-06 08:00:22]use asys conf pdid: DFSK0001000200261910160001000010
[1980-01-06 08:00:22]get iccid...
[1980-01-06 08:00:22]use asys conf iccid: 89860918700009221026
[1980-01-06 08:00:22]TSPClient::gval_thread is running...
[1980-01-06 08:00:22]TSPClient::data_upload is running...
[1980-01-06 08:00:22]TSPClient::waiting is running...
[1980-01-06 08:00:22]TSPClient::recieve is running...
[1980-01-06 08:00:22]SEND MSG, MSGID: 1, MSGTYPE: LOGOUT_REQ,
[1980-01-06 08:00:22]subscribePwrService success:  0 1
[1980-01-06 08:00:22]getPwrMode success:  0 1 1
[1980-01-06 08:00:22]BROADCAST RECV: POWER RUNNING
[1980-01-06 08:00:22]sqlite init fail, ret -1, thread safe 1, db path /data/db/tspcomm.db
[1980-01-06 08:00:22]start to running...
[1980-01-06 08:00:22]replyPwrMode success:  0 1
[1980-01-06 08:00:22]Service is available! fota-service
[1980-01-06 08:00:22]processConneted success:  0 0
[1980-01-06 08:00:22]Service is available! rescue-service
[1980-01-06 08:00:22]Service is available! remote-service
[1980-01-06 08:00:22]Service is available! data-service
[1980-01-06 08:00:22]Service is available! alarm-service
[1980-01-06 08:00:22]CREATE MQTT OBJECT SUCC, ret 0
[1980-01-06 08:00:22]SERVER URL: ssl://222.178.193.138:9994 
[1980-01-06 08:00:22]CLIENT ID : DFSK0001000200261910160001000010 
[1980-01-06 08:00:22]Init level 2 addr, level 1 - gateway addr, level 2 - vehicle addr
[1980-01-06 08:00:22]connect server, url: ssl://222.178.193.138:9994 
[1980-01-06 08:00:22]connect server: fail, ret -1
[1980-01-06 08:00:22]disconnect mqtt server, -3
[1980-01-06 08:00:23]connect server, url: ssl://222.178.193.138:9994 
[1980-01-06 08:00:23]connect server: fail, ret -1
[1980-01-06 08:00:23]disconnect mqtt server, -3
[1980-01-06 08:00:25]connect server, url: ssl://222.178.193.138:9994 
[1980-01-06 08:00:25]connect server: fail, ret -1
[1980-01-06 08:00:25]disconnect mqtt server, -3
[1980-01-06 08:00:28]connect server, url: ssl://222.178.193.138:9994 
[1980-01-06 08:00:28]connect server: succ, ret 0
[1980-01-06 08:00:28]subscribe topic: gate/per/device/DFSK0001000200261910160001000010/order 
[1980-01-06 08:00:28]subscribe topic: succ, ret 0
[1980-01-06 08:00:28]get vin...
[1980-01-06 08:00:28]use asys conf vin: 12345T0703T000110
[1980-01-06 08:00:28]PDID : DFSK0001000200261910160001000010
[1980-01-06 08:00:28]ICCID: 89860918700009221026
[1980-01-06 08:00:28]VIN  : 12345T0703T000110
[1980-01-06 08:00:28]VERSION: DFSK000100020026000000040000_R
[1980-01-06 08:00:28]SEND MSG, MSGID: 2, MSGTYPE: LOGIN_REQ,
[1980-01-06 08:00:28]WAITING FOR LOGIN RESPONSE
[1980-01-06 08:00:31]RECV MSG: LOGIN_RESP, MSGID: 2
[1980-01-06 08:00:31]waiting login return timein
[2019-11-08 08:54:56]setTime success: 0 1
[2019-11-08 08:54:56]LOGIN SUCCESS! GET TOKEN: 7b2cf26c-5727-45be-9efa-4194a4c21cc8
[2019-11-08 08:54:56]method SetTspLoginSta succ, result true
[2019-11-08 08:54:56]RECV MSG: LOGIN_RESP, MSGID: 2
[2019-11-08 08:54:39]setTime success: 0 1
[2019-11-08 08:54:39]LOGIN SUCCESS! GET TOKEN: 810693b8-858d-43cd-95f2-b54a5832be99
[2019-11-08 08:54:39]method SetTspLoginSta succ, result true
[2019-11-08 08:55:21]mqtt recieve failed, rc = -3
[2019-11-08 08:55:21]disconnect mqtt server, -3
[2019-11-08 08:55:23]connect server, url: ssl://222.178.193.138:9994 
[2019-11-08 08:55:23]connect server: succ, ret 0
[2019-11-08 08:55:23]subscribe topic: gate/per/device/DFSK0001000200261910160001000010/order 
[2019-11-08 08:55:23]subscribe topic: succ, ret 0
[2019-11-08 08:55:23]get vin...
[2019-11-08 08:55:23]use asys conf vin: 12345T0703T000110
[2019-11-08 08:55:23]PDID : DFSK0001000200261910160001000010
[2019-11-08 08:55:23]ICCID: 89860918700009221026
[2019-11-08 08:55:23]VIN  : 12345T0703T000110
[2019-11-08 08:55:23]VERSION: DFSK000100020026000000040000_R
[2019-11-08 08:55:23]SEND MSG, MSGID: 3, MSGTYPE: LOGIN_REQ,
[2019-11-08 08:55:25]RECV MSG: LOGIN_RESP, MSGID: 3
[2019-11-08 08:55:42]setTime success: 0 1
[2019-11-08 08:55:42]LOGIN SUCCESS! GET TOKEN: dbdff203-d4c6-46ec-bec9-b423d623e938
[2019-11-08 08:55:42]method SetTspLoginSta succ, result true
[2019-11-08 08:55:42]RECV MSG: LOGIN_RESP, MSGID: 3
[2019-11-08 08:55:25]setTime success: 0 1
[2019-11-08 08:55:25]LOGIN SUCCESS! GET TOKEN: a852b2fb-f27e-4001-921f-2cd4f99a6ea9
[2019-11-08 08:55:25]method SetTspLoginSta succ, result true
[2019-11-08 08:55:29]method GetVehicleStatus succ
[2019-11-08 08:55:30]method GetACStatus succ
[2019-11-08 08:55:30]method GetTyreData succ
[2019-11-08 08:55:30]method getChargeStorStatus succ
[2019-11-08 08:55:30]method GetVCUStatus succ
[2019-11-08 08:55:30]method getChgeData succ
[2019-11-08 08:55:30]SEND MSG, MSGID: 4, MSGTYPE: VEHICLE_STATUS,
[2019-11-08 08:56:30]method GetVehicleStatus succ
[2019-11-08 08:56:30]method GetACStatus succ
[2019-11-08 08:56:30]method GetTyreData succ
[2019-11-08 08:56:30]method getChargeStorStatus succ
[2019-11-08 08:56:30]method GetVCUStatus succ
[2019-11-08 08:56:30]method getChgeData succ
[2019-11-08 08:56:30]SEND MSG, MSGID: 5, MSGTYPE: VEHICLE_STATUS,
