[1980-01-06 08:00:21]
[1980-01-06 08:00:21]*****************************
[1980-01-06 08:00:21]           startup          
[1980-01-06 08:00:21] build: Oct 31 2019 14:33:06 
[1980-01-06 08:00:21]*****************************
[1980-01-06 08:00:21]
[1980-01-06 08:00:21]OPEN CONF FILE: /etc/qbtsp.conf 
[1980-01-06 08:00:21]set file conf gateway server addr!
[1980-01-06 08:00:21]tbox version: DFSK000100020026000000040000 
[1980-01-06 08:00:21]Service has registered!
[1980-01-06 08:00:21]Vin changed, Redo login!
[1980-01-06 08:00:21]TSPClient::startup is running...
[1980-01-06 08:00:21]Service is available! power-service
[1980-01-06 08:00:21]get pdid...
[1980-01-06 08:00:21]use asys conf pdid: DFSK0001000200261910160001000010
[1980-01-06 08:00:21]get iccid...
[1980-01-06 08:00:21]use asys conf iccid: 89860918700009221026
[1980-01-06 08:00:21]TSPClient::gval_thread is running...
[1980-01-06 08:00:21]TSPClient::recieve is running...
[1980-01-06 08:00:21]TSPClient::data_upload is running...
[1980-01-06 08:00:21]TSPClient::waiting is running...
[1980-01-06 08:00:21]SEND MSG, MSGID: 1, MSGTYPE: LOGOUT_REQ,
[1980-01-06 08:00:21]subscribePwrService success:  0 1
[1980-01-06 08:00:21]getPwrMode success:  0 1 1
[1980-01-06 08:00:21]BROADCAST RECV: POWER RUNNING
[1980-01-06 08:00:21]sqlite init fail, ret -1, thread safe 1, db path /data/db/tspcomm.db
[1980-01-06 08:00:21]start to running...
[1980-01-06 08:00:21]replyPwrMode success:  0 1
[1980-01-06 08:00:21]Service is available! fota-service
[1980-01-06 08:00:21]processConneted success:  0 0
[1980-01-06 08:00:21]Service is available! rescue-service
[1980-01-06 08:00:21]Service is available! remote-service
[1980-01-06 08:00:21]Service is available! data-service
[1980-01-06 08:00:21]Service is available! alarm-service
[1980-01-06 08:00:21]CREATE MQTT OBJECT SUCC, ret 0
[1980-01-06 08:00:21]SERVER URL: ssl://222.178.193.138:9994 
[1980-01-06 08:00:21]CLIENT ID : DFSK0001000200261910160001000010 
[1980-01-06 08:00:21]Init level 2 addr, level 1 - gateway addr, level 2 - vehicle addr
[1980-01-06 08:00:21]connect server, url: ssl://222.178.193.138:9994 
[1980-01-06 08:00:21]connect server: fail, ret -1
[1980-01-06 08:00:21]disconnect mqtt server, -3
[1980-01-06 08:00:22]connect server, url: ssl://222.178.193.138:9994 
[1980-01-06 08:00:22]connect server: fail, ret -1
[1980-01-06 08:00:22]disconnect mqtt server, -3
[1980-01-06 08:00:24]connect server, url: ssl://222.178.193.138:9994 
[1980-01-06 08:00:24]connect server: fail, ret -1
[1980-01-06 08:00:24]disconnect mqtt server, -3
[1980-01-06 08:00:28]connect server, url: ssl://222.178.193.138:9994 
[1980-01-06 08:00:28]connect server: succ, ret 0
[1980-01-06 08:00:28]subscribe topic: gate/per/device/DFSK0001000200261910160001000010/order 
[1980-01-06 08:00:28]subscribe topic: succ, ret 0
[1980-01-06 08:00:28]get vin...
[1980-01-06 08:00:28]use asys conf vin: 12345T0703T000110
[1980-01-06 08:00:28]PDID : DFSK0001000200261910160001000010
[1980-01-06 08:00:28]ICCID: 89860918700009221026
[1980-01-06 08:00:28]VIN  : 12345T0703T000110
[1980-01-06 08:00:28]VERSION: DFSK000100020026000000040000_R
[1980-01-06 08:00:28]SEND MSG, MSGID: 2, MSGTYPE: LOGIN_REQ,
[1980-01-06 08:00:28]WAITING FOR LOGIN RESPONSE
[1980-01-06 08:00:29]BROADCAST RECV: motorfire mode 1
[1980-01-06 08:00:30]RECV MSG: LOGIN_RESP, MSGID: 2
[1980-01-06 08:00:30]waiting login return timein
[2019-11-08 11:50:59]setTime success: 0 1
[2019-11-08 11:50:59]LOGIN SUCCESS! GET TOKEN: ac47b869-b109-40ca-91f0-f588c4fa3d5d
[2019-11-08 11:50:59]method SetTspLoginSta succ, result true
[2019-11-08 11:50:59]RECV MSG: LOGIN_RESP, MSGID: 2
[2019-11-08 11:50:42]setTime success: 0 1
[2019-11-08 11:50:42]LOGIN SUCCESS! GET TOKEN: b3c08a27-8d73-43e0-85ce-4e1118a17986
[2019-11-08 11:50:42]method SetTspLoginSta succ, result true
[2019-11-08 11:50:42]BROADCAST RECV: motorfire mode 0
[2019-11-08 11:50:45]FLAMEOUT ID: 16
[2019-11-08 11:50:45]method GetVehicleStatus succ
[2019-11-08 11:50:45]method getChgeData succ
[2019-11-08 11:50:45]GPS longitude: 0, latitude: 0
[2019-11-08 11:50:45]SEND MSG, MSGID: 3, MSGTYPE: MOTOR_FIRE_REPORT,
[2019-11-08 11:50:46]CALL METHOD: remoteDiagnosisRequest, callStatus 0, ret 0
[2019-11-08 11:50:46]IGNITION ID: 17
[2019-11-08 11:50:46]method GetVehicleStatus succ
[2019-11-08 11:50:46]method getChgeData succ
[2019-11-08 11:50:59]GPS longitude: 0, latitude: 0, valid: 0
[2019-11-08 11:50:59]SEND MSG, MSGID: 4, MSGTYPE: MOTOR_FIRE_REPORT,
[2019-11-08 11:51:06]BROADCAST RECV: remote diagnosis result, source 0, id: 0 
[2019-11-08 11:51:06]method GetVehicleStatus succ
[2019-11-08 11:51:06]method GetTyreData succ
[2019-11-08 11:51:06]diagnosis result success, buffer len: 176
[2019-11-08 11:51:06]ECUID: 0x702
[2019-11-08 11:51:06]DTCS: c1868708
[2019-11-08 11:51:06]ECUID: 0x702
[2019-11-08 11:51:06]DTCS: c1648708
[2019-11-08 11:51:06]ECUID: 0x702
[2019-11-08 11:51:06]DTCS: c2648709
[2019-11-08 11:51:06]ECUID: 0x701
[2019-11-08 11:51:06]DTCS: c135872f
[2019-11-08 11:51:06]ECUID: 0x701
[2019-11-08 11:51:06]DTCS: 901e962f
[2019-11-08 11:51:06]ECUID: 0x701
[2019-11-08 11:51:06]DTCS: 9310966d
[2019-11-08 11:51:06]ECUID: 0x701
[2019-11-08 11:51:06]DTCS: 9410962f
[2019-11-08 11:51:06]ECUID: 0x701
[2019-11-08 11:51:06]DTCS: 9510962f
[2019-11-08 11:51:06]ECUID: 0x726
[2019-11-08 11:51:06]DTCS: 58731408
[2019-11-08 11:51:06]ECUID: 0x726
[2019-11-08 11:51:06]DTCS: c1228708
[2019-11-08 11:51:06]ECUID: 0x725
[2019-11-08 11:51:06]DTCS: da308708
[2019-11-08 11:51:06]ECUID: 0x725
[2019-11-08 11:51:06]DTCS: c2648708
[2019-11-08 11:51:06]ECUID: 0x725
[2019-11-08 11:51:06]DTCS: d1598708
[2019-11-08 11:51:06]ECUID: 0x725
[2019-11-08 11:51:06]DTCS: c1228708
[2019-11-08 11:51:06]ECUID: 0x725
[2019-11-08 11:51:06]DTCS: c1018708
[2019-11-08 11:51:06]ECUID: 0x725
[2019-11-08 11:51:06]DTCS: c1008708
[2019-11-08 11:51:06]ECUID: 0x725
[2019-11-08 11:51:06]DTCS: c1408708
[2019-11-08 11:51:06]ECUID: 0x725
[2019-11-08 11:51:06]DTCS: c4948708
[2019-11-08 11:51:06]ECUID: 0x725
[2019-11-08 11:51:06]DTCS: c0730008
[2019-11-08 11:51:06]ECUID: 0x728
[2019-11-08 11:51:06]DTCS: c1038709
[2019-11-08 11:51:06]ECUID: 0x728
[2019-11-08 11:51:06]DTCS: d1598709
[2019-11-08 11:51:06]ECUID: 0x728
[2019-11-08 11:51:06]DTCS: c2648709
[2019-11-08 11:51:06]SEND MSG, MSGID: 0, MSGTYPE: DIAGNOSIS_RESPONSE,
[2019-11-08 11:51:24]mqtt recieve failed, rc = -3
[2019-11-08 11:51:24]disconnect mqtt server, -3
[2019-11-08 11:51:26]connect server, url: ssl://222.178.193.138:9994 
[2019-11-08 11:51:26]connect server: succ, ret 0
[2019-11-08 11:51:26]subscribe topic: gate/per/device/DFSK0001000200261910160001000010/order 
[2019-11-08 11:51:26]subscribe topic: succ, ret 0
[2019-11-08 11:51:26]get vin...
[2019-11-08 11:51:26]use asys conf vin: 12345T0703T000110
[2019-11-08 11:51:26]PDID : DFSK0001000200261910160001000010
[2019-11-08 11:51:26]ICCID: 89860918700009221026
[2019-11-08 11:51:26]VIN  : 12345T0703T000110
[2019-11-08 11:51:26]VERSION: DFSK000100020026000000040000_R
[2019-11-08 11:51:26]SEND MSG, MSGID: 6, MSGTYPE: LOGIN_REQ,
[2019-11-08 11:51:28]RECV MSG: LOGIN_RESP, MSGID: 6
[2019-11-08 11:51:28]setTime success: 0 1
[2019-11-08 11:51:28]LOGIN SUCCESS! GET TOKEN: 4e5eb6d3-4fb5-4e6a-80fb-3950bcee6e64
[2019-11-08 11:51:28]method SetTspLoginSta succ, result true
[2019-11-08 11:51:28]RECV MSG: LOGIN_RESP, MSGID: 6
[2019-11-08 11:51:45]setTime success: 0 1
[2019-11-08 11:51:45]LOGIN SUCCESS! GET TOKEN: 660e5081-c135-400d-beab-1c491175d5fe
[2019-11-08 11:51:45]method SetTspLoginSta succ, result true
[2019-11-08 11:51:49]method GetVehicleStatus succ
[2019-11-08 11:51:49]method GetACStatus succ
[2019-11-08 11:51:49]method GetTyreData succ
[2019-11-08 11:51:49]method getChargeStorStatus succ
[2019-11-08 11:51:49]method GetVCUStatus succ
[2019-11-08 11:51:49]method getChgeData succ
[2019-11-08 11:51:50]SEND MSG, MSGID: 7, MSGTYPE: VEHICLE_STATUS,
[2019-11-08 11:52:50]method GetVehicleStatus succ
[2019-11-08 11:52:50]method GetACStatus succ
[2019-11-08 11:52:50]method GetTyreData succ
[2019-11-08 11:52:50]method getChargeStorStatus succ
[2019-11-08 11:52:50]method GetVCUStatus succ
[2019-11-08 11:52:50]method getChgeData succ
[2019-11-08 11:52:50]SEND MSG, MSGID: 8, MSGTYPE: VEHICLE_STATUS,
[2019-11-08 11:53:50]method GetVehicleStatus succ
[2019-11-08 11:53:50]method GetACStatus succ
[2019-11-08 11:53:50]method GetTyreData succ
[2019-11-08 11:53:50]method getChargeStorStatus succ
[2019-11-08 11:53:50]method GetVCUStatus succ
[2019-11-08 11:53:50]method getChgeData succ
[2019-11-08 11:53:50]SEND MSG, MSGID: 9, MSGTYPE: VEHICLE_STATUS,
[2019-11-08 11:54:50]method GetVehicleStatus succ
[2019-11-08 11:54:50]method GetACStatus succ
[2019-11-08 11:54:50]method GetTyreData succ
[2019-11-08 11:54:50]method getChargeStorStatus succ
[2019-11-08 11:54:50]method GetVCUStatus succ
[2019-11-08 11:54:50]method getChgeData succ
[2019-11-08 11:54:50]SEND MSG, MSGID: 10, MSGTYPE: VEHICLE_STATUS,
[2019-11-08 11:55:50]method GetVehicleStatus succ
[2019-11-08 11:55:50]method GetACStatus succ
[2019-11-08 11:55:50]method GetTyreData succ
[2019-11-08 11:55:50]method getChargeStorStatus succ
[2019-11-08 11:55:50]method GetVCUStatus succ
[2019-11-08 11:55:50]method getChgeData succ
[2019-11-08 11:55:50]SEND MSG, MSGID: 11, MSGTYPE: VEHICLE_STATUS,
[2019-11-08 11:56:50]method GetVehicleStatus succ
[2019-11-08 11:56:50]method GetACStatus succ
[2019-11-08 11:56:50]method GetTyreData succ
[2019-11-08 11:56:50]method getChargeStorStatus succ
[2019-11-08 11:56:50]method GetVCUStatus succ
[2019-11-08 11:56:50]method getChgeData succ
[2019-11-08 11:56:50]SEND MSG, MSGID: 12, MSGTYPE: VEHICLE_STATUS,
[2019-11-08 11:57:51]method GetVehicleStatus succ
[2019-11-08 11:57:51]method GetACStatus succ
[2019-11-08 11:57:51]method GetTyreData succ
[2019-11-08 11:57:51]method getChargeStorStatus succ
[2019-11-08 11:57:51]method GetVCUStatus succ
[2019-11-08 11:57:51]method getChgeData succ
[2019-11-08 11:57:51]SEND MSG, MSGID: 13, MSGTYPE: VEHICLE_STATUS,
[2019-11-08 11:58:15]BROADCAST RECV: motorfire mode 1
[2019-11-08 11:58:20]FLAMEOUT ID: 17
[2019-11-08 11:58:20]method GetVehicleStatus succ
[2019-11-08 11:58:20]method getChgeData succ
[2019-11-08 11:58:20]GPS longitude: 0, latitude: 0
[2019-11-08 11:58:20]SEND MSG, MSGID: 14, MSGTYPE: MOTOR_FIRE_REPORT,
[2019-11-08 11:58:43]RECV MSG: DIAGNOSIS_REQ, MSGID: 104
[2019-11-08 11:58:43]CALL METHOD: remoteDiagnosisRequest, callStatus: 0, ret: 0
[2019-11-08 11:58:43]RECV MSG: DIAGNOSIS_REQ, MSGID: 104
[2019-11-08 11:58:43]BROADCAST RECV: remote diagnosis result, source 0, id: 104 
[2019-11-08 11:58:44]method GetVehicleStatus succ
[2019-11-08 11:58:44]CALL METHOD: remoteDiagnosisRequest, callStatus: 0, ret: 0
[2019-11-08 11:58:44]method GetTyreData succ
[2019-11-08 11:58:44]diagnosis result failed, buffer len: 2
[2019-11-08 11:58:44]diagnosis err code: 53
[2019-11-08 11:58:44]SEND MSG, MSGID: 104, MSGTYPE: DIAGNOSIS_RESPONSE,
[2019-11-08 11:58:51]method GetVehicleStatus succ
[2019-11-08 11:58:51]method GetACStatus succ
[2019-11-08 11:58:51]method GetTyreData succ
[2019-11-08 11:58:51]method getChargeStorStatus succ
[2019-11-08 11:58:51]method GetVCUStatus succ
[2019-11-08 11:58:51]method getChgeData succ
[2019-11-08 11:58:51]SEND MSG, MSGID: 15, MSGTYPE: VEHICLE_STATUS,
[2019-11-08 11:58:56]BROADCAST RECV: remote diagnosis result, source 0, id: 104 
[2019-11-08 11:58:56]method GetVehicleStatus succ
[2019-11-08 11:58:56]method GetTyreData succ
[2019-11-08 11:58:56]diagnosis result success, buffer len: 160
[2019-11-08 11:58:56]ECUID: 0x702
[2019-11-08 11:58:56]DTCS: c1868708
[2019-11-08 11:58:56]ECUID: 0x702
[2019-11-08 11:58:56]DTCS: c1648708
[2019-11-08 11:58:56]ECUID: 0x702
[2019-11-08 11:58:56]DTCS: c2648709
[2019-11-08 11:58:56]ECUID: 0x701
[2019-11-08 11:58:56]DTCS: c135872f
[2019-11-08 11:58:56]ECUID: 0x701
[2019-11-08 11:58:56]DTCS: 901e962f
[2019-11-08 11:58:56]ECUID: 0x701
[2019-11-08 11:58:56]DTCS: 9310962c
[2019-11-08 11:58:56]ECUID: 0x701
[2019-11-08 11:58:56]DTCS: 9410962f
[2019-11-08 11:58:56]ECUID: 0x701
[2019-11-08 11:58:56]DTCS: 9510962f
[2019-11-08 11:58:56]ECUID: 0x725
[2019-11-08 11:58:56]DTCS: da308708
[2019-11-08 11:58:56]ECUID: 0x725
[2019-11-08 11:58:56]DTCS: c2648708
[2019-11-08 11:58:56]ECUID: 0x725
[2019-11-08 11:58:56]DTCS: d1598708
[2019-11-08 11:58:56]ECUID: 0x725
[2019-11-08 11:58:56]DTCS: c1228708
[2019-11-08 11:58:56]ECUID: 0x725
[2019-11-08 11:58:56]DTCS: c1018708
[2019-11-08 11:58:56]ECUID: 0x725
[2019-11-08 11:58:56]DTCS: c1008708
[2019-11-08 11:58:56]ECUID: 0x725
[2019-11-08 11:58:56]DTCS: c1408708
[2019-11-08 11:58:56]ECUID: 0x725
[2019-11-08 11:58:56]DTCS: c4948708
[2019-11-08 11:58:56]ECUID: 0x725
[2019-11-08 11:58:56]DTCS: c0730008
[2019-11-08 11:58:56]ECUID: 0x728
[2019-11-08 11:58:56]DTCS: c1038709
[2019-11-08 11:58:56]ECUID: 0x728
[2019-11-08 11:58:56]DTCS: d1598709
[2019-11-08 11:58:56]ECUID: 0x728
[2019-11-08 11:58:56]DTCS: c2648709
[2019-11-08 11:58:56]SEND MSG, MSGID: 104, MSGTYPE: DIAGNOSIS_RESPONSE,
[2019-11-08 11:59:51]method GetVehicleStatus succ
[2019-11-08 11:59:51]method GetACStatus succ
[2019-11-08 11:59:51]method GetTyreData succ
[2019-11-08 11:59:51]method getChargeStorStatus succ
[2019-11-08 11:59:51]method GetVCUStatus succ
[2019-11-08 11:59:51]method getChgeData succ
[2019-11-08 11:59:51]SEND MSG, MSGID: 16, MSGTYPE: VEHICLE_STATUS,
[2019-11-08 12:00:24]RECV MSG: DIAGNOSIS_REQ, MSGID: 104
[2019-11-08 12:00:24]CALL METHOD: remoteDiagnosisRequest, callStatus: 0, ret: 0
[2019-11-08 12:00:24]RECV MSG: DIAGNOSIS_REQ, MSGID: 104
[2019-11-08 12:00:24]BROADCAST RECV: remote diagnosis result, source 0, id: 104 
[2019-11-08 12:00:24]CALL METHOD: remoteDiagnosisRequest, callStatus: 0, ret: 0
[2019-11-08 12:00:24]method GetVehicleStatus succ
[2019-11-08 12:00:24]method GetTyreData succ
[2019-11-08 12:00:24]diagnosis result failed, buffer len: 2
[2019-11-08 12:00:24]diagnosis err code: 53
[2019-11-08 12:00:24]SEND MSG, MSGID: 104, MSGTYPE: DIAGNOSIS_RESPONSE,
[2019-11-08 12:00:47]BROADCAST RECV: remote diagnosis result, source 0, id: 104 
[2019-11-08 12:00:47]method GetVehicleStatus succ
[2019-11-08 12:00:47]method GetTyreData succ
[2019-11-08 12:00:47]diagnosis result success, buffer len: 152
[2019-11-08 12:00:47]ECUID: 0x702
[2019-11-08 12:00:47]DTCS: c1868708
[2019-11-08 12:00:47]ECUID: 0x702
[2019-11-08 12:00:47]DTCS: c1648708
[2019-11-08 12:00:47]ECUID: 0x702
[2019-11-08 12:00:47]DTCS: c2648709
[2019-11-08 12:00:47]ECUID: 0x726
[2019-11-08 12:00:47]DTCS: 58511109
[2019-11-08 12:00:47]ECUID: 0x726
[2019-11-08 12:00:47]DTCS: 58721309
[2019-11-08 12:00:47]ECUID: 0x726
[2019-11-08 12:00:47]DTCS: 58731408
[2019-11-08 12:00:47]ECUID: 0x726
[2019-11-08 12:00:47]DTCS: c1228709
[2019-11-08 12:00:47]ECUID: 0x725
[2019-11-08 12:00:47]DTCS: da308709
[2019-11-08 12:00:47]ECUID: 0x725
[2019-11-08 12:00:47]DTCS: c2648709
[2019-11-08 12:00:47]ECUID: 0x725
[2019-11-08 12:00:47]DTCS: d1598709
[2019-11-08 12:00:47]ECUID: 0x725
[2019-11-08 12:00:47]DTCS: c1228709
[2019-11-08 12:00:47]ECUID: 0x725
[2019-11-08 12:00:47]DTCS: c1018708
[2019-11-08 12:00:47]ECUID: 0x725
[2019-11-08 12:00:47]DTCS: c1008708
[2019-11-08 12:00:47]ECUID: 0x725
[2019-11-08 12:00:47]DTCS: c1408708
[2019-11-08 12:00:47]ECUID: 0x725
[2019-11-08 12:00:47]DTCS: c4948709
[2019-11-08 12:00:47]ECUID: 0x725
[2019-11-08 12:00:47]DTCS: c0730008
[2019-11-08 12:00:47]ECUID: 0x728
[2019-11-08 12:00:47]DTCS: c1038709
[2019-11-08 12:00:47]ECUID: 0x728
[2019-11-08 12:00:47]DTCS: d1598709
[2019-11-08 12:00:47]ECUID: 0x728
[2019-11-08 12:00:47]DTCS: c2648709
[2019-11-08 12:00:47]SEND MSG, MSGID: 104, MSGTYPE: DIAGNOSIS_RESPONSE,
[2019-11-08 12:00:51]method GetVehicleStatus succ
[2019-11-08 12:00:51]method GetACStatus succ
[2019-11-08 12:00:51]method GetTyreData succ
[2019-11-08 12:00:51]method getChargeStorStatus succ
[2019-11-08 12:00:51]method GetVCUStatus succ
[2019-11-08 12:00:51]method getChgeData succ
[2019-11-08 12:00:51]SEND MSG, MSGID: 17, MSGTYPE: VEHICLE_STATUS,
[2019-11-08 12:01:51]method GetVehicleStatus succ
[2019-11-08 12:01:51]method GetACStatus succ
[2019-11-08 12:01:51]method GetTyreData succ
[2019-11-08 12:01:51]method getChargeStorStatus succ
[2019-11-08 12:01:51]method GetVCUStatus succ
[2019-11-08 12:01:51]method getChgeData succ
[2019-11-08 12:01:51]SEND MSG, MSGID: 18, MSGTYPE: VEHICLE_STATUS,
[2019-11-08 12:02:36]RECV MSG: DIAGNOSIS_REQ, MSGID: 104
[2019-11-08 12:02:36]CALL METHOD: remoteDiagnosisRequest, callStatus: 0, ret: 0
[2019-11-08 12:02:36]RECV MSG: DIAGNOSIS_REQ, MSGID: 104
[2019-11-08 12:02:36]BROADCAST RECV: remote diagnosis result, source 0, id: 104 
[2019-11-08 12:02:36]method GetVehicleStatus succ
[2019-11-08 12:02:36]CALL METHOD: remoteDiagnosisRequest, callStatus: 0, ret: 0
[2019-11-08 12:02:36]method GetTyreData succ
[2019-11-08 12:02:36]diagnosis result failed, buffer len: 2
[2019-11-08 12:02:36]diagnosis err code: 53
[2019-11-08 12:02:36]SEND MSG, MSGID: 104, MSGTYPE: DIAGNOSIS_RESPONSE,
[2019-11-08 12:02:51]method GetVehicleStatus succ
[2019-11-08 12:02:51]method GetACStatus succ
[2019-11-08 12:02:51]method GetTyreData succ
[2019-11-08 12:02:51]method getChargeStorStatus succ
[2019-11-08 12:02:51]method GetVCUStatus succ
[2019-11-08 12:02:51]method getChgeData succ
[2019-11-08 12:02:52]SEND MSG, MSGID: 19, MSGTYPE: VEHICLE_STATUS,
[2019-11-08 12:02:59]BROADCAST RECV: remote diagnosis result, source 0, id: 104 
[2019-11-08 12:02:59]method GetVehicleStatus succ
[2019-11-08 12:02:59]method GetTyreData succ
[2019-11-08 12:02:59]diagnosis result success, buffer len: 168
[2019-11-08 12:02:59]ECUID: 0x701
[2019-11-08 12:02:59]DTCS: c135872f
[2019-11-08 12:03:00]ECUID: 0x701
[2019-11-08 12:03:00]DTCS: 901e962f
[2019-11-08 12:03:00]ECUID: 0x701
[2019-11-08 12:03:00]DTCS: 9310962e
[2019-11-08 12:03:00]ECUID: 0x701
[2019-11-08 12:03:00]DTCS: 9410962f
[2019-11-08 12:03:00]ECUID: 0x701
[2019-11-08 12:03:00]DTCS: 9510962f
[2019-11-08 12:03:00]ECUID: 0x726
[2019-11-08 12:03:00]DTCS: 58511109
[2019-11-08 12:03:00]ECUID: 0x726
[2019-11-08 12:03:00]DTCS: 58721309
[2019-11-08 12:03:00]ECUID: 0x726
[2019-11-08 12:03:00]DTCS: 58731408
[2019-11-08 12:03:00]ECUID: 0x726
[2019-11-08 12:03:00]DTCS: c1228709
[2019-11-08 12:03:00]ECUID: 0x725
[2019-11-08 12:03:00]DTCS: da308709
[2019-11-08 12:03:00]ECUID: 0x725
[2019-11-08 12:03:00]DTCS: c2648709
[2019-11-08 12:03:00]ECUID: 0x725
[2019-11-08 12:03:00]DTCS: d1598709
[2019-11-08 12:03:00]ECUID: 0x725
[2019-11-08 12:03:00]DTCS: c1228709
[2019-11-08 12:03:00]ECUID: 0x725
[2019-11-08 12:03:00]DTCS: c1018708
[2019-11-08 12:03:00]ECUID: 0x725
[2019-11-08 12:03:00]DTCS: c1008708
[2019-11-08 12:03:00]ECUID: 0x725
[2019-11-08 12:03:00]DTCS: c1408708
[2019-11-08 12:03:00]ECUID: 0x725
[2019-11-08 12:03:00]DTCS: c4948709
[2019-11-08 12:03:00]ECUID: 0x725
[2019-11-08 12:03:00]DTCS: c0730008
[2019-11-08 12:03:00]ECUID: 0x728
[2019-11-08 12:03:00]DTCS: c1038709
[2019-11-08 12:03:00]ECUID: 0x728
[2019-11-08 12:03:00]DTCS: d1598709
[2019-11-08 12:03:00]ECUID: 0x728
[2019-11-08 12:03:00]DTCS: c2648709
[2019-11-08 12:03:00]SEND MSG, MSGID: 104, MSGTYPE: DIAGNOSIS_RESPONSE,
[2019-11-08 12:03:52]method GetVehicleStatus succ
[2019-11-08 12:03:52]method GetACStatus succ
[2019-11-08 12:03:52]method GetTyreData succ
[2019-11-08 12:03:52]method getChargeStorStatus succ
[2019-11-08 12:03:52]method GetVCUStatus succ
[2019-11-08 12:03:52]method getChgeData succ
[2019-11-08 12:03:52]SEND MSG, MSGID: 20, MSGTYPE: VEHICLE_STATUS,
[2019-11-08 12:04:52]method GetVehicleStatus succ
[2019-11-08 12:04:52]method GetACStatus succ
[2019-11-08 12:04:52]method GetTyreData succ
[2019-11-08 12:04:52]method getChargeStorStatus succ
[2019-11-08 12:04:52]method GetVCUStatus succ
[2019-11-08 12:04:52]method getChgeData succ
[2019-11-08 12:04:52]SEND MSG, MSGID: 21, MSGTYPE: VEHICLE_STATUS,
[2019-11-08 12:05:03]RECV MSG: DIAGNOSIS_REQ, MSGID: 104
[2019-11-08 12:05:03]CALL METHOD: remoteDiagnosisRequest, callStatus: 0, ret: 0
[2019-11-08 12:05:03]RECV MSG: DIAGNOSIS_REQ, MSGID: 104
[2019-11-08 12:05:03]BROADCAST RECV: remote diagnosis result, source 0, id: 104 
[2019-11-08 12:05:03]method GetVehicleStatus succ
[2019-11-08 12:05:03]CALL METHOD: remoteDiagnosisRequest, callStatus: 0, ret: 0
[2019-11-08 12:05:03]method GetTyreData succ
[2019-11-08 12:05:03]diagnosis result failed, buffer len: 2
[2019-11-08 12:05:03]diagnosis err code: 53
[2019-11-08 12:05:03]SEND MSG, MSGID: 104, MSGTYPE: DIAGNOSIS_RESPONSE,
[2019-11-08 12:05:23]BROADCAST RECV: remote diagnosis result, source 0, id: 104 
[2019-11-08 12:05:23]method GetVehicleStatus succ
[2019-11-08 12:05:23]method GetTyreData succ
[2019-11-08 12:05:23]diagnosis result success, buffer len: 192
[2019-11-08 12:05:23]ECUID: 0x702
[2019-11-08 12:05:23]DTCS: c1868708
[2019-11-08 12:05:23]ECUID: 0x702
[2019-11-08 12:05:23]DTCS: c1648708
[2019-11-08 12:05:23]ECUID: 0x702
[2019-11-08 12:05:23]DTCS: c2648709
[2019-11-08 12:05:23]ECUID: 0x701
[2019-11-08 12:05:23]DTCS: c135872f
[2019-11-08 12:05:23]ECUID: 0x701
[2019-11-08 12:05:23]DTCS: 901e962f
[2019-11-08 12:05:23]ECUID: 0x701
[2019-11-08 12:05:23]DTCS: 9310962f
[2019-11-08 12:05:23]ECUID: 0x701
[2019-11-08 12:05:23]DTCS: 9410962f
[2019-11-08 12:05:23]ECUID: 0x701
[2019-11-08 12:05:23]DTCS: 9510962f
[2019-11-08 12:05:23]ECUID: 0x726
[2019-11-08 12:05:23]DTCS: 58511109
[2019-11-08 12:05:23]ECUID: 0x726
[2019-11-08 12:05:23]DTCS: 58721309
[2019-11-08 12:05:23]ECUID: 0x726
[2019-11-08 12:05:23]DTCS: 58731408
[2019-11-08 12:05:23]ECUID: 0x726
[2019-11-08 12:05:23]DTCS: c1228709
[2019-11-08 12:05:23]ECUID: 0x725
[2019-11-08 12:05:23]DTCS: da308709
[2019-11-08 12:05:23]ECUID: 0x725
[2019-11-08 12:05:23]DTCS: c2648709
[2019-11-08 12:05:23]ECUID: 0x725
[2019-11-08 12:05:23]DTCS: d1598709
[2019-11-08 12:05:23]ECUID: 0x725
[2019-11-08 12:05:23]DTCS: c1228709
[2019-11-08 12:05:23]ECUID: 0x725
[2019-11-08 12:05:23]DTCS: c1018708
[2019-11-08 12:05:23]ECUID: 0x725
[2019-11-08 12:05:23]DTCS: c1008708
[2019-11-08 12:05:23]ECUID: 0x725
[2019-11-08 12:05:23]DTCS: c1408708
[2019-11-08 12:05:23]ECUID: 0x725
[2019-11-08 12:05:23]DTCS: c4948709
[2019-11-08 12:05:23]ECUID: 0x725
[2019-11-08 12:05:23]DTCS: c0730008
[2019-11-08 12:05:23]ECUID: 0x728
[2019-11-08 12:05:23]DTCS: c1038709
[2019-11-08 12:05:23]ECUID: 0x728
[2019-11-08 12:05:23]DTCS: d1598709
[2019-11-08 12:05:23]ECUID: 0x728
[2019-11-08 12:05:23]DTCS: c2648709
[2019-11-08 12:05:23]SEND MSG, MSGID: 104, MSGTYPE: DIAGNOSIS_RESPONSE,
[2019-11-08 12:05:52]method GetVehicleStatus succ
[2019-11-08 12:05:52]method GetACStatus succ
[2019-11-08 12:05:52]method GetTyreData succ
[2019-11-08 12:05:52]method getChargeStorStatus succ
[2019-11-08 12:05:52]method GetVCUStatus succ
[2019-11-08 12:05:52]method getChgeData succ
[2019-11-08 12:05:52]SEND MSG, MSGID: 22, MSGTYPE: VEHICLE_STATUS,
[2019-11-08 12:06:10]RECV MSG: DIAGNOSIS_REQ, MSGID: 104
[2019-11-08 12:06:10]CALL METHOD: remoteDiagnosisRequest, callStatus: 0, ret: 0
[2019-11-08 12:06:10]RECV MSG: DIAGNOSIS_REQ, MSGID: 104
[2019-11-08 12:06:10]BROADCAST RECV: remote diagnosis result, source 0, id: 104 
[2019-11-08 12:06:10]CALL METHOD: remoteDiagnosisRequest, callStatus: 0, ret: 0
[2019-11-08 12:06:10]method GetVehicleStatus succ
[2019-11-08 12:06:10]method GetTyreData succ
[2019-11-08 12:06:10]diagnosis result failed, buffer len: 2
[2019-11-08 12:06:10]diagnosis err code: 53
[2019-11-08 12:06:10]SEND MSG, MSGID: 104, MSGTYPE: DIAGNOSIS_RESPONSE,
[2019-11-08 12:06:20]BROADCAST RECV: remote diagnosis result, source 0, id: 104 
[2019-11-08 12:06:20]method GetVehicleStatus succ
[2019-11-08 12:06:20]method GetTyreData succ
[2019-11-08 12:06:20]diagnosis result success, buffer len: 192
[2019-11-08 12:06:20]ECUID: 0x702
[2019-11-08 12:06:20]DTCS: c1868708
[2019-11-08 12:06:20]ECUID: 0x702
[2019-11-08 12:06:20]DTCS: c1648708
[2019-11-08 12:06:20]ECUID: 0x702
[2019-11-08 12:06:20]DTCS: c2648709
[2019-11-08 12:06:20]ECUID: 0x701
[2019-11-08 12:06:20]DTCS: c135872f
[2019-11-08 12:06:20]ECUID: 0x701
[2019-11-08 12:06:20]DTCS: 901e962f
[2019-11-08 12:06:20]ECUID: 0x701
[2019-11-08 12:06:20]DTCS: 9310962e
[2019-11-08 12:06:20]ECUID: 0x701
[2019-11-08 12:06:20]DTCS: 9410962f
[2019-11-08 12:06:20]ECUID: 0x701
[2019-11-08 12:06:20]DTCS: 9510962f
[2019-11-08 12:06:20]ECUID: 0x726
[2019-11-08 12:06:20]DTCS: 58511109
[2019-11-08 12:06:20]ECUID: 0x726
[2019-11-08 12:06:20]DTCS: 58721309
[2019-11-08 12:06:20]ECUID: 0x726
[2019-11-08 12:06:20]DTCS: 58731408
[2019-11-08 12:06:20]ECUID: 0x726
[2019-11-08 12:06:20]DTCS: c1228709
[2019-11-08 12:06:20]ECUID: 0x725
[2019-11-08 12:06:20]DTCS: da308708
[2019-11-08 12:06:20]ECUID: 0x725
[2019-11-08 12:06:20]DTCS: c2648708
[2019-11-08 12:06:20]ECUID: 0x725
[2019-11-08 12:06:20]DTCS: d1598708
[2019-11-08 12:06:20]ECUID: 0x725
[2019-11-08 12:06:20]DTCS: c1228708
[2019-11-08 12:06:20]ECUID: 0x725
[2019-11-08 12:06:20]DTCS: c1018708
[2019-11-08 12:06:20]ECUID: 0x725
[2019-11-08 12:06:20]DTCS: c1008708
[2019-11-08 12:06:20]ECUID: 0x725
[2019-11-08 12:06:20]DTCS: c1408708
[2019-11-08 12:06:20]ECUID: 0x725
[2019-11-08 12:06:20]DTCS: c4948708
[2019-11-08 12:06:20]ECUID: 0x725
[2019-11-08 12:06:20]DTCS: c0730008
[2019-11-08 12:06:20]ECUID: 0x728
[2019-11-08 12:06:20]DTCS: c1038709
[2019-11-08 12:06:20]ECUID: 0x728
[2019-11-08 12:06:20]DTCS: d1598709
[2019-11-08 12:06:20]ECUID: 0x728
[2019-11-08 12:06:20]DTCS: c2648709
[2019-11-08 12:06:20]SEND MSG, MSGID: 104, MSGTYPE: DIAGNOSIS_RESPONSE,
[2019-11-08 12:06:42]RECV MSG: DIAGNOSIS_REQ, MSGID: 104
[2019-11-08 12:06:42]CALL METHOD: remoteDiagnosisRequest, callStatus: 0, ret: 0
[2019-11-08 12:06:42]RECV MSG: DIAGNOSIS_REQ, MSGID: 104
[2019-11-08 12:06:42]BROADCAST RECV: remote diagnosis result, source 0, id: 104 
[2019-11-08 12:06:42]CALL METHOD: remoteDiagnosisRequest, callStatus: 0, ret: 0
[2019-11-08 12:06:42]method GetVehicleStatus succ
[2019-11-08 12:06:42]method GetTyreData succ
[2019-11-08 12:06:42]diagnosis result failed, buffer len: 2
[2019-11-08 12:06:42]diagnosis err code: 53
[2019-11-08 12:06:42]SEND MSG, MSGID: 104, MSGTYPE: DIAGNOSIS_RESPONSE,
[2019-11-08 12:06:45]BROADCAST RECV: remote diagnosis result, source 0, id: 104 
[2019-11-08 12:06:45]method GetVehicleStatus succ
[2019-11-08 12:06:45]method GetTyreData succ
[2019-11-08 12:06:45]diagnosis result failed, buffer len: 1
[2019-11-08 12:06:45]diagnosis err code: 3
[2019-11-08 12:06:45]SEND MSG, MSGID: 104, MSGTYPE: DIAGNOSIS_RESPONSE,
[2019-11-08 12:06:52]method GetVehicleStatus succ
[2019-11-08 12:06:52]method GetACStatus succ
[2019-11-08 12:06:52]method GetTyreData succ
[2019-11-08 12:06:52]method getChargeStorStatus succ
[2019-11-08 12:06:52]method GetVCUStatus succ
[2019-11-08 12:06:52]method getChgeData succ
[2019-11-08 12:06:52]SEND MSG, MSGID: 23, MSGTYPE: VEHICLE_STATUS,
[2019-11-08 12:07:13]RECV MSG: DIAGNOSIS_REQ, MSGID: 104
[2019-11-08 12:07:13]CALL METHOD: remoteDiagnosisRequest, callStatus: 0, ret: 0
[2019-11-08 12:07:13]RECV MSG: DIAGNOSIS_REQ, MSGID: 104
[2019-11-08 12:07:13]BROADCAST RECV: remote diagnosis result, source 0, id: 104 
[2019-11-08 12:07:13]CALL METHOD: remoteDiagnosisRequest, callStatus: 0, ret: 0
[2019-11-08 12:07:13]method GetVehicleStatus succ
[2019-11-08 12:07:13]method GetTyreData succ
[2019-11-08 12:07:13]diagnosis result failed, buffer len: 2
[2019-11-08 12:07:13]diagnosis err code: 53
[2019-11-08 12:07:13]SEND MSG, MSGID: 104, MSGTYPE: DIAGNOSIS_RESPONSE,
[2019-11-08 12:07:27]BROADCAST RECV: remote diagnosis result, source 0, id: 104 
[2019-11-08 12:07:27]method GetVehicleStatus succ
[2019-11-08 12:07:27]method GetTyreData succ
[2019-11-08 12:07:27]diagnosis result success, buffer len: 192
[2019-11-08 12:07:27]ECUID: 0x702
[2019-11-08 12:07:27]DTCS: c1868708
[2019-11-08 12:07:27]ECUID: 0x702
[2019-11-08 12:07:27]DTCS: c1648708
[2019-11-08 12:07:27]ECUID: 0x702
[2019-11-08 12:07:27]DTCS: c2648709
[2019-11-08 12:07:27]ECUID: 0x701
[2019-11-08 12:07:27]DTCS: c135872f
[2019-11-08 12:07:27]ECUID: 0x701
[2019-11-08 12:07:27]DTCS: 901e962f
[2019-11-08 12:07:27]ECUID: 0x701
[2019-11-08 12:07:27]DTCS: 9310962e
[2019-11-08 12:07:27]ECUID: 0x701
[2019-11-08 12:07:27]DTCS: 9410962f
[2019-11-08 12:07:27]ECUID: 0x701
[2019-11-08 12:07:27]DTCS: 9510962f
[2019-11-08 12:07:27]ECUID: 0x726
[2019-11-08 12:07:27]DTCS: 58511109
[2019-11-08 12:07:27]ECUID: 0x726
[2019-11-08 12:07:27]DTCS: 58721309
[2019-11-08 12:07:27]ECUID: 0x726
[2019-11-08 12:07:27]DTCS: 58731408
[2019-11-08 12:07:27]ECUID: 0x726
[2019-11-08 12:07:27]DTCS: c1228709
[2019-11-08 12:07:27]ECUID: 0x725
[2019-11-08 12:07:27]DTCS: da308709
[2019-11-08 12:07:27]ECUID: 0x725
[2019-11-08 12:07:27]DTCS: c2648709
[2019-11-08 12:07:27]ECUID: 0x725
[2019-11-08 12:07:27]DTCS: d1598709
[2019-11-08 12:07:27]ECUID: 0x725
[2019-11-08 12:07:27]DTCS: c1228709
[2019-11-08 12:07:27]ECUID: 0x725
[2019-11-08 12:07:27]DTCS: c1018708
[2019-11-08 12:07:27]ECUID: 0x725
[2019-11-08 12:07:27]DTCS: c1008708
[2019-11-08 12:07:27]ECUID: 0x725
[2019-11-08 12:07:27]DTCS: c1408708
[2019-11-08 12:07:27]ECUID: 0x725
[2019-11-08 12:07:27]DTCS: c4948709
[2019-11-08 12:07:27]ECUID: 0x725
[2019-11-08 12:07:27]DTCS: c0730008
[2019-11-08 12:07:27]ECUID: 0x728
[2019-11-08 12:07:27]DTCS: c1038709
[2019-11-08 12:07:27]ECUID: 0x728
[2019-11-08 12:07:27]DTCS: d1598709
[2019-11-08 12:07:27]ECUID: 0x728
[2019-11-08 12:07:27]DTCS: c2648709
[2019-11-08 12:07:27]SEND MSG, MSGID: 104, MSGTYPE: DIAGNOSIS_RESPONSE,
[2019-11-08 12:07:52]method GetVehicleStatus succ
[2019-11-08 12:07:52]method GetACStatus succ
[2019-11-08 12:07:52]method GetTyreData succ
[2019-11-08 12:07:52]method getChargeStorStatus succ
[2019-11-08 12:07:52]method GetVCUStatus succ
[2019-11-08 12:07:52]method getChgeData succ
[2019-11-08 12:07:52]SEND MSG, MSGID: 24, MSGTYPE: VEHICLE_STATUS,
[2019-11-08 12:08:52]method GetVehicleStatus succ
[2019-11-08 12:08:52]method GetACStatus succ
[2019-11-08 12:08:52]method GetTyreData succ
[2019-11-08 12:08:52]method getChargeStorStatus succ
[2019-11-08 12:08:52]method GetVCUStatus succ
[2019-11-08 12:08:53]method getChgeData succ
[2019-11-08 12:08:53]SEND MSG, MSGID: 25, MSGTYPE: VEHICLE_STATUS,
[2019-11-08 12:09:53]method GetVehicleStatus succ
[2019-11-08 12:09:53]method GetACStatus succ
[2019-11-08 12:09:53]method GetTyreData succ
[2019-11-08 12:09:53]method getChargeStorStatus succ
[2019-11-08 12:09:53]method GetVCUStatus succ
[2019-11-08 12:09:53]method getChgeData succ
[2019-11-08 12:09:53]SEND MSG, MSGID: 26, MSGTYPE: VEHICLE_STATUS,
[2019-11-08 12:10:53]method GetVehicleStatus succ
[2019-11-08 12:10:53]method GetACStatus succ
[2019-11-08 12:10:53]method GetTyreData succ
[2019-11-08 12:10:53]method getChargeStorStatus succ
[2019-11-08 12:10:53]method GetVCUStatus succ
[2019-11-08 12:10:53]method getChgeData succ
[2019-11-08 12:10:53]SEND MSG, MSGID: 27, MSGTYPE: VEHICLE_STATUS,
