[1980-01-06 08:00:21]
[1980-01-06 08:00:21]*****************************
[1980-01-06 08:00:21]           startup          
[1980-01-06 08:00:21] build: Oct 31 2019 14:33:06 
[1980-01-06 08:00:21]*****************************
[1980-01-06 08:00:21]
[1980-01-06 08:00:21]OPEN CONF FILE: /etc/qbtsp.conf 
[1980-01-06 08:00:21]set file conf gateway server addr!
[1980-01-06 08:00:21]tbox version: DFSK000100020026000000040000 
[1980-01-06 08:00:21]Service has registered!
[1980-01-06 08:00:21]Vin changed, Redo login!
[1980-01-06 08:00:21]TSPClient::startup is running...
[1980-01-06 08:00:21]Service is available! power-service
[1980-01-06 08:00:21]get pdid...
[1980-01-06 08:00:21]use asys conf pdid: DFSK0001000200261910160001000010
[1980-01-06 08:00:21]get iccid...
[1980-01-06 08:00:21]use asys conf iccid: 89860918700009221026
[1980-01-06 08:00:21]TSPClient::gval_thread is running...
[1980-01-06 08:00:21]TSPClient::data_upload is running...
[1980-01-06 08:00:21]TSPClient::waiting is running...
[1980-01-06 08:00:21]TSPClient::recieve is running...
[1980-01-06 08:00:22]SEND MSG, MSGID: 1, MSGTYPE: LOGOUT_REQ,
[1980-01-06 08:00:22]subscribePwrService success:  0 1
[1980-01-06 08:00:22]getPwrMode success:  0 1 1
[1980-01-06 08:00:22]BROADCAST RECV: POWER RUNNING
[1980-01-06 08:00:22]sqlite init fail, ret -1, thread safe 1, db path /data/db/tspcomm.db
[1980-01-06 08:00:22]start to running...
[1980-01-06 08:00:22]replyPwrMode success:  0 1
[1980-01-06 08:00:22]Service is available! fota-service
[1980-01-06 08:00:22]processConneted success:  0 0
[1980-01-06 08:00:22]Service is available! rescue-service
[1980-01-06 08:00:22]Service is available! remote-service
[1980-01-06 08:00:22]Service is available! data-service
[1980-01-06 08:00:22]Service is available! alarm-service
[1980-01-06 08:00:22]CREATE MQTT OBJECT SUCC, ret 0
[1980-01-06 08:00:22]SERVER URL: ssl://222.178.193.138:9994 
[1980-01-06 08:00:22]CLIENT ID : DFSK0001000200261910160001000010 
[1980-01-06 08:00:22]Init level 2 addr, level 1 - gateway addr, level 2 - vehicle addr
[1980-01-06 08:00:22]connect server, url: ssl://222.178.193.138:9994 
[1980-01-06 08:00:22]connect server: fail, ret -1
[1980-01-06 08:00:22]disconnect mqtt server, -3
[1980-01-06 08:00:23]connect server, url: ssl://222.178.193.138:9994 
[1980-01-06 08:00:23]connect server: fail, ret -1
[1980-01-06 08:00:23]disconnect mqtt server, -3
[1980-01-06 08:00:25]connect server, url: ssl://222.178.193.138:9994 
[1980-01-06 08:00:25]connect server: fail, ret -1
[1980-01-06 08:00:25]disconnect mqtt server, -3
[1980-01-06 08:00:28]connect server, url: ssl://222.178.193.138:9994 
[1980-01-06 08:00:28]connect server: succ, ret 0
[1980-01-06 08:00:28]subscribe topic: gate/per/device/DFSK0001000200261910160001000010/order 
[1980-01-06 08:00:28]subscribe topic: succ, ret 0
[1980-01-06 08:00:28]get vin...
[1980-01-06 08:00:28]use asys conf vin: 12345T0703T000110
[1980-01-06 08:00:28]PDID : DFSK0001000200261910160001000010
[1980-01-06 08:00:28]ICCID: 89860918700009221026
[1980-01-06 08:00:28]VIN  : 12345T0703T000110
[1980-01-06 08:00:28]VERSION: DFSK000100020026000000040000_R
[1980-01-06 08:00:28]SEND MSG, MSGID: 2, MSGTYPE: LOGIN_REQ,
[1980-01-06 08:00:28]WAITING FOR LOGIN RESPONSE
[1980-01-06 08:00:31]RECV MSG: LOGIN_RESP, MSGID: 2
[1980-01-06 08:00:31]waiting login return timein
[2019-11-07 14:25:29]setTime success: 0 1
[2019-11-07 14:25:29]LOGIN SUCCESS! GET TOKEN: a069c1b2-bfc6-412d-b7b1-67afcb3e0ee7
[2019-11-07 14:25:29]method SetTspLoginSta succ, result true
[2019-11-07 14:25:29]RECV MSG: LOGIN_RESP, MSGID: 2
[2019-11-07 14:25:45]setTime success: 0 1
[2019-11-07 14:25:45]LOGIN SUCCESS! GET TOKEN: 2f0e931a-ff95-474f-b148-3a6728bdca8b
[2019-11-07 14:25:45]method SetTspLoginSta succ, result true
[2019-11-07 14:25:54]mqtt recieve failed, rc = -3
[2019-11-07 14:25:54]disconnect mqtt server, -3
[2019-11-07 14:25:56]connect server, url: ssl://222.178.193.138:9994 
[2019-11-07 14:25:56]connect server: succ, ret 0
[2019-11-07 14:25:56]subscribe topic: gate/per/device/DFSK0001000200261910160001000010/order 
[2019-11-07 14:25:56]subscribe topic: succ, ret 0
[2019-11-07 14:25:56]get vin...
[2019-11-07 14:25:56]use asys conf vin: 12345T0703T000110
[2019-11-07 14:25:56]PDID : DFSK0001000200261910160001000010
[2019-11-07 14:25:56]ICCID: 89860918700009221026
[2019-11-07 14:25:56]VIN  : 12345T0703T000110
[2019-11-07 14:25:56]VERSION: DFSK000100020026000000040000_R
[2019-11-07 14:25:56]SEND MSG, MSGID: 3, MSGTYPE: LOGIN_REQ,
[2019-11-07 14:25:58]RECV MSG: LOGIN_RESP, MSGID: 3
[2019-11-07 14:25:42]setTime success: 0 1
[2019-11-07 14:25:42]LOGIN SUCCESS! GET TOKEN: b1d9153f-8df7-41e1-81e5-d5c9069ae8d8
[2019-11-07 14:25:42]method SetTspLoginSta succ, result true
[2019-11-07 14:25:42]RECV MSG: LOGIN_RESP, MSGID: 3
[2019-11-07 14:25:59]setTime success: 0 1
[2019-11-07 14:25:59]LOGIN SUCCESS! GET TOKEN: 4f12e49e-7114-474c-b56e-d4ca9f0301c7
[2019-11-07 14:25:59]method SetTspLoginSta succ, result true
[2019-11-07 14:26:36]method GetVehicleStatus succ
[2019-11-07 14:26:36]method GetACStatus succ
[2019-11-07 14:26:36]method GetTyreData succ
[2019-11-07 14:26:36]method getChargeStorStatus succ
[2019-11-07 14:26:36]method GetVCUStatus succ
[2019-11-07 14:26:37]method getChgeData succ
[2019-11-07 14:26:37]SEND MSG, MSGID: 4, MSGTYPE: VEHICLE_STATUS,
[2019-11-07 14:27:37]method GetVehicleStatus succ
[2019-11-07 14:27:37]method GetACStatus succ
[2019-11-07 14:27:37]method GetTyreData succ
[2019-11-07 14:27:37]method getChargeStorStatus succ
[2019-11-07 14:27:37]method GetVCUStatus succ
[2019-11-07 14:27:37]method getChgeData succ
[2019-11-07 14:27:37]SEND MSG, MSGID: 5, MSGTYPE: VEHICLE_STATUS,
[2019-11-07 14:27:42]RECV MSG: DIAGNOSIS_REQ, MSGID: 104
[2019-11-07 14:27:42]CALL METHOD: remoteDiagnosisRequest, callStatus: 0, ret: 0
[2019-11-07 14:27:42]RECV MSG: DIAGNOSIS_REQ, MSGID: 104
[2019-11-07 14:27:42]BROADCAST RECV: remote diagnosis result, source 0, id: 104 
[2019-11-07 14:27:42]CALL METHOD: remoteDiagnosisRequest, callStatus: 0, ret: 0
[2019-11-07 14:27:42]method GetVehicleStatus succ
[2019-11-07 14:27:42]method GetTyreData succ
[2019-11-07 14:27:42]diagnosis result failed, buffer len: 2
[2019-11-07 14:27:42]diagnosis err code: 53
[2019-11-07 14:27:42]SEND MSG, MSGID: 104, MSGTYPE: DIAGNOSIS_RESPONSE,
[2019-11-07 14:27:42]BROADCAST RECV: remote diagnosis result, source 0, id: 104 
[2019-11-07 14:27:42]method GetVehicleStatus succ
[2019-11-07 14:27:42]method GetTyreData succ
[2019-11-07 14:27:42]diagnosis result failed, buffer len: 1
[2019-11-07 14:27:42]diagnosis err code: 3
[2019-11-07 14:27:42]SEND MSG, MSGID: 104, MSGTYPE: DIAGNOSIS_RESPONSE,
[2019-11-07 14:27:53]RECV MSG: DIAGNOSIS_REQ, MSGID: 104
[2019-11-07 14:27:53]CALL METHOD: remoteDiagnosisRequest, callStatus: 0, ret: 0
[2019-11-07 14:27:53]BROADCAST RECV: remote diagnosis result, source 0, id: 104 
[2019-11-07 14:27:53]method GetVehicleStatus succ
[2019-11-07 14:27:53]method GetTyreData succ
[2019-11-07 14:27:53]diagnosis result failed, buffer len: 1
[2019-11-07 14:27:53]diagnosis err code: 3
[2019-11-07 14:27:53]SEND MSG, MSGID: 104, MSGTYPE: DIAGNOSIS_RESPONSE,
[2019-11-07 14:27:53]RECV MSG: DIAGNOSIS_REQ, MSGID: 104
[2019-11-07 14:27:53]CALL METHOD: remoteDiagnosisRequest, callStatus: 0, ret: 0
[2019-11-07 14:27:53]BROADCAST RECV: remote diagnosis result, source 0, id: 104 
[2019-11-07 14:27:53]method GetVehicleStatus succ
[2019-11-07 14:27:53]method GetTyreData succ
[2019-11-07 14:27:53]diagnosis result failed, buffer len: 1
[2019-11-07 14:27:53]diagnosis err code: 3
[2019-11-07 14:27:53]SEND MSG, MSGID: 104, MSGTYPE: DIAGNOSIS_RESPONSE,
[2019-11-07 14:28:02]RECV MSG: DIAGNOSIS_REQ, MSGID: 104
[2019-11-07 14:28:02]CALL METHOD: remoteDiagnosisRequest, callStatus: 0, ret: 0
[2019-11-07 14:28:02]BROADCAST RECV: remote diagnosis result, source 0, id: 104 
[2019-11-07 14:28:02]method GetVehicleStatus succ
[2019-11-07 14:28:02]method GetTyreData succ
[2019-11-07 14:28:02]diagnosis result failed, buffer len: 1
[2019-11-07 14:28:02]diagnosis err code: 3
[2019-11-07 14:28:02]SEND MSG, MSGID: 104, MSGTYPE: DIAGNOSIS_RESPONSE,
[2019-11-07 14:28:02]RECV MSG: DIAGNOSIS_REQ, MSGID: 104
[2019-11-07 14:28:02]CALL METHOD: remoteDiagnosisRequest, callStatus: 0, ret: 0
[2019-11-07 14:28:02]BROADCAST RECV: remote diagnosis result, source 0, id: 104 
[2019-11-07 14:28:02]method GetVehicleStatus succ
[2019-11-07 14:28:02]method GetTyreData succ
[2019-11-07 14:28:02]diagnosis result failed, buffer len: 1
[2019-11-07 14:28:02]diagnosis err code: 3
[2019-11-07 14:28:02]SEND MSG, MSGID: 104, MSGTYPE: DIAGNOSIS_RESPONSE,
[2019-11-07 14:28:09]RECV MSG: DIAGNOSIS_REQ, MSGID: 104
[2019-11-07 14:28:09]CALL METHOD: remoteDiagnosisRequest, callStatus: 0, ret: 0
[2019-11-07 14:28:09]BROADCAST RECV: remote diagnosis result, source 0, id: 104 
[2019-11-07 14:28:09]method GetVehicleStatus succ
[2019-11-07 14:28:09]method GetTyreData succ
[2019-11-07 14:28:09]RECV MSG: DIAGNOSIS_REQ, MSGID: 104
[2019-11-07 14:28:09]diagnosis result failed, buffer len: 1
[2019-11-07 14:28:09]diagnosis err code: 3
[2019-11-07 14:28:09]SEND MSG, MSGID: 104, MSGTYPE: DIAGNOSIS_RESPONSE,
[2019-11-07 14:28:09]CALL METHOD: remoteDiagnosisRequest, callStatus: 0, ret: 0
[2019-11-07 14:28:09]BROADCAST RECV: remote diagnosis result, source 0, id: 104 
[2019-11-07 14:28:09]method GetVehicleStatus succ
[2019-11-07 14:28:09]method GetTyreData succ
[2019-11-07 14:28:09]diagnosis result failed, buffer len: 1
[2019-11-07 14:28:09]diagnosis err code: 3
[2019-11-07 14:28:09]SEND MSG, MSGID: 104, MSGTYPE: DIAGNOSIS_RESPONSE,
[2019-11-07 14:28:17]RECV MSG: CONTROL_CMD, MSGID: 11
[2019-11-07 14:28:17]remote control, start engine
[2019-11-07 14:28:17]CALL METHOD: remoteControlRequest, callStatus: 0, ret: 0
[2019-11-07 14:28:17]BROADCAST RECV: remote control   result, source 0, id: 11 
[2019-11-07 14:28:17]REMOTE CONTROL RESULT: failed, err code: 0
[2019-11-07 14:28:17]RECV MSG: CONTROL_CMD, MSGID: 11
[2019-11-07 14:28:17]remote control, start engine
[2019-11-07 14:28:18]CALL METHOD: remoteControlRequest, callStatus: 0, ret: 0
[2019-11-07 14:28:18]method GetVehicleStatus succ
[2019-11-07 14:28:18]method GetACStatus succ
[2019-11-07 14:28:18]method GetTyreData succ
[2019-11-07 14:28:18]method getChargeStorStatus succ
[2019-11-07 14:28:18]method GetVCUStatus succ
[2019-11-07 14:28:18]method getChgeData succ
[2019-11-07 14:28:18]SEND MSG, MSGID: 11, MSGTYPE: CONTROL_RESP,
[2019-11-07 14:28:18]BROADCAST RECV: remote control   result, source 0, id: 11 
[2019-11-07 14:28:18]REMOTE CONTROL RESULT: failed, err code: 0
[2019-11-07 14:28:18]method GetVehicleStatus succ
[2019-11-07 14:28:18]method GetACStatus succ
[2019-11-07 14:28:18]method GetTyreData succ
[2019-11-07 14:28:18]method getChargeStorStatus succ
[2019-11-07 14:28:18]method GetVCUStatus succ
[2019-11-07 14:28:18]method getChgeData succ
[2019-11-07 14:28:18]SEND MSG, MSGID: 11, MSGTYPE: CONTROL_RESP,
[2019-11-07 14:28:23]RECV MSG: CONTROL_CMD, MSGID: 11
[2019-11-07 14:28:23]remote control, start engine
[2019-11-07 14:28:23]CALL METHOD: remoteControlRequest, callStatus: 0, ret: 0
[2019-11-07 14:28:23]RECV MSG: CONTROL_CMD, MSGID: 11
[2019-11-07 14:28:23]remote control, start engine
[2019-11-07 14:28:23]BROADCAST RECV: remote control   result, source 0, id: 11 
[2019-11-07 14:28:23]REMOTE CONTROL RESULT: failed, err code: 53
[2019-11-07 14:28:23]CALL METHOD: remoteControlRequest, callStatus: 0, ret: 0
[2019-11-07 14:28:24]method GetVehicleStatus succ
[2019-11-07 14:28:24]method GetACStatus succ
[2019-11-07 14:28:24]method GetTyreData succ
[2019-11-07 14:28:24]method getChargeStorStatus succ
[2019-11-07 14:28:24]method GetVCUStatus succ
[2019-11-07 14:28:24]method getChgeData succ
[2019-11-07 14:28:24]SEND MSG, MSGID: 11, MSGTYPE: CONTROL_RESP,
[2019-11-07 14:28:24]BROADCAST RECV: remote control   result, source 0, id: 11 
[2019-11-07 14:28:24]REMOTE CONTROL RESULT: failed, err code: 0
[2019-11-07 14:28:24]method GetVehicleStatus succ
[2019-11-07 14:28:24]method GetACStatus succ
[2019-11-07 14:28:24]method GetTyreData succ
[2019-11-07 14:28:24]method getChargeStorStatus succ
[2019-11-07 14:28:24]method GetVCUStatus succ
[2019-11-07 14:28:24]method getChgeData succ
[2019-11-07 14:28:24]SEND MSG, MSGID: 11, MSGTYPE: CONTROL_RESP,
[2019-11-07 14:28:28]RECV MSG: CONTROL_CMD, MSGID: 11
[2019-11-07 14:28:28]remote control, start engine
[2019-11-07 14:28:28]CALL METHOD: remoteControlRequest, callStatus: 0, ret: 0
[2019-11-07 14:28:28]RECV MSG: CONTROL_CMD, MSGID: 11
[2019-11-07 14:28:28]remote control, start engine
[2019-11-07 14:28:28]BROADCAST RECV: remote control   result, source 0, id: 11 
[2019-11-07 14:28:28]REMOTE CONTROL RESULT: failed, err code: 53
[2019-11-07 14:28:28]CALL METHOD: remoteControlRequest, callStatus: 0, ret: 0
[2019-11-07 14:28:28]method GetVehicleStatus succ
[2019-11-07 14:28:28]method GetACStatus succ
[2019-11-07 14:28:28]method GetTyreData succ
[2019-11-07 14:28:28]method getChargeStorStatus succ
[2019-11-07 14:28:28]method GetVCUStatus succ
[2019-11-07 14:28:28]method getChgeData succ
[2019-11-07 14:28:28]SEND MSG, MSGID: 11, MSGTYPE: CONTROL_RESP,
[2019-11-07 14:28:28]BROADCAST RECV: remote control   result, source 0, id: 11 
[2019-11-07 14:28:28]REMOTE CONTROL RESULT: failed, err code: 0
[2019-11-07 14:28:29]method GetVehicleStatus succ
[2019-11-07 14:28:29]method GetACStatus succ
[2019-11-07 14:28:29]method GetTyreData succ
[2019-11-07 14:28:29]method getChargeStorStatus succ
[2019-11-07 14:28:29]method GetVCUStatus succ
[2019-11-07 14:28:29]method getChgeData succ
[2019-11-07 14:28:29]SEND MSG, MSGID: 11, MSGTYPE: CONTROL_RESP,
[2019-11-07 14:28:37]method GetVehicleStatus succ
[2019-11-07 14:28:37]method GetACStatus succ
[2019-11-07 14:28:37]method GetTyreData succ
[2019-11-07 14:28:37]method getChargeStorStatus succ
[2019-11-07 14:28:37]method GetVCUStatus succ
[2019-11-07 14:28:37]method getChgeData succ
[2019-11-07 14:28:37]SEND MSG, MSGID: 6, MSGTYPE: VEHICLE_STATUS,
[2019-11-07 14:29:26]RECV MSG: DIAGNOSIS_REQ, MSGID: 104
[2019-11-07 14:29:26]CALL METHOD: remoteDiagnosisRequest, callStatus: 0, ret: 0
[2019-11-07 14:29:26]RECV MSG: DIAGNOSIS_REQ, MSGID: 104
[2019-11-07 14:29:26]BROADCAST RECV: remote diagnosis result, source 0, id: 104 
[2019-11-07 14:29:26]method GetVehicleStatus succ
[2019-11-07 14:29:26]CALL METHOD: remoteDiagnosisRequest, callStatus: 0, ret: 0
[2019-11-07 14:29:26]method GetTyreData succ
[2019-11-07 14:29:26]diagnosis result failed, buffer len: 2
[2019-11-07 14:29:26]diagnosis err code: 53
[2019-11-07 14:29:26]SEND MSG, MSGID: 104, MSGTYPE: DIAGNOSIS_RESPONSE,
[2019-11-07 14:29:26]BROADCAST RECV: remote diagnosis result, source 0, id: 104 
[2019-11-07 14:29:26]method GetVehicleStatus succ
[2019-11-07 14:29:26]method GetTyreData succ
[2019-11-07 14:29:26]diagnosis result failed, buffer len: 1
[2019-11-07 14:29:26]diagnosis err code: 3
[2019-11-07 14:29:26]SEND MSG, MSGID: 104, MSGTYPE: DIAGNOSIS_RESPONSE,
[2019-11-07 14:29:37]method GetVehicleStatus succ
[2019-11-07 14:29:37]method GetACStatus succ
[2019-11-07 14:29:37]method GetTyreData succ
[2019-11-07 14:29:37]method getChargeStorStatus succ
[2019-11-07 14:29:37]method GetVCUStatus succ
[2019-11-07 14:29:37]method getChgeData succ
[2019-11-07 14:29:37]SEND MSG, MSGID: 7, MSGTYPE: VEHICLE_STATUS,
[2019-11-07 14:29:40]RECV MSG: DIAGNOSIS_REQ, MSGID: 104
[2019-11-07 14:29:40]CALL METHOD: remoteDiagnosisRequest, callStatus: 0, ret: 0
[2019-11-07 14:29:40]BROADCAST RECV: remote diagnosis result, source 0, id: 104 
[2019-11-07 14:29:40]method GetVehicleStatus succ
[2019-11-07 14:29:40]method GetTyreData succ
[2019-11-07 14:29:40]diagnosis result failed, buffer len: 1
[2019-11-07 14:29:40]diagnosis err code: 3
[2019-11-07 14:29:40]SEND MSG, MSGID: 104, MSGTYPE: DIAGNOSIS_RESPONSE,
[2019-11-07 14:29:40]RECV MSG: DIAGNOSIS_REQ, MSGID: 104
[2019-11-07 14:29:40]CALL METHOD: remoteDiagnosisRequest, callStatus: 0, ret: 0
[2019-11-07 14:29:40]BROADCAST RECV: remote diagnosis result, source 0, id: 104 
[2019-11-07 14:29:40]method GetVehicleStatus succ
[2019-11-07 14:29:40]method GetTyreData succ
[2019-11-07 14:29:40]diagnosis result failed, buffer len: 1
[2019-11-07 14:29:40]diagnosis err code: 3
[2019-11-07 14:29:40]SEND MSG, MSGID: 104, MSGTYPE: DIAGNOSIS_RESPONSE,
[2019-11-07 14:29:46]RECV MSG: DIAGNOSIS_REQ, MSGID: 104
[2019-11-07 14:29:46]CALL METHOD: remoteDiagnosisRequest, callStatus: 0, ret: 0
[2019-11-07 14:29:46]RECV MSG: DIAGNOSIS_REQ, MSGID: 104
[2019-11-07 14:29:46]BROADCAST RECV: remote diagnosis result, source 0, id: 104 
[2019-11-07 14:29:46]CALL METHOD: remoteDiagnosisRequest, callStatus: 0, ret: 0
[2019-11-07 14:29:46]method GetVehicleStatus succ
[2019-11-07 14:29:46]method GetTyreData succ
[2019-11-07 14:29:46]diagnosis result failed, buffer len: 2
[2019-11-07 14:29:46]diagnosis err code: 53
[2019-11-07 14:29:46]SEND MSG, MSGID: 104, MSGTYPE: DIAGNOSIS_RESPONSE,
[2019-11-07 14:29:46]BROADCAST RECV: remote diagnosis result, source 0, id: 104 
[2019-11-07 14:29:46]method GetVehicleStatus succ
[2019-11-07 14:29:46]method GetTyreData succ
[2019-11-07 14:29:46]diagnosis result failed, buffer len: 1
[2019-11-07 14:29:46]diagnosis err code: 3
[2019-11-07 14:29:46]SEND MSG, MSGID: 104, MSGTYPE: DIAGNOSIS_RESPONSE,
[2019-11-07 14:29:56]RECV MSG: DIAGNOSIS_REQ, MSGID: 104
[2019-11-07 14:29:56]CALL METHOD: remoteDiagnosisRequest, callStatus: 0, ret: 0
[2019-11-07 14:29:56]BROADCAST RECV: remote diagnosis result, source 0, id: 104 
[2019-11-07 14:29:56]method GetVehicleStatus succ
[2019-11-07 14:29:56]method GetTyreData succ
[2019-11-07 14:29:56]diagnosis result failed, buffer len: 1
[2019-11-07 14:29:56]diagnosis err code: 3
[2019-11-07 14:29:56]SEND MSG, MSGID: 104, MSGTYPE: DIAGNOSIS_RESPONSE,
[2019-11-07 14:29:56]RECV MSG: DIAGNOSIS_REQ, MSGID: 104
[2019-11-07 14:29:56]CALL METHOD: remoteDiagnosisRequest, callStatus: 0, ret: 0
[2019-11-07 14:29:56]BROADCAST RECV: remote diagnosis result, source 0, id: 104 
[2019-11-07 14:29:56]method GetVehicleStatus succ
[2019-11-07 14:29:56]method GetTyreData succ
[2019-11-07 14:29:56]diagnosis result failed, buffer len: 1
[2019-11-07 14:29:56]diagnosis err code: 3
[2019-11-07 14:29:56]SEND MSG, MSGID: 104, MSGTYPE: DIAGNOSIS_RESPONSE,
[2019-11-07 14:30:04]RECV MSG: DIAGNOSIS_REQ, MSGID: 104
[2019-11-07 14:30:04]CALL METHOD: remoteDiagnosisRequest, callStatus: 0, ret: 0
[2019-11-07 14:30:04]BROADCAST RECV: remote diagnosis result, source 0, id: 104 
[2019-11-07 14:30:04]method GetVehicleStatus succ
[2019-11-07 14:30:04]method GetTyreData succ
[2019-11-07 14:30:04]diagnosis result failed, buffer len: 1
[2019-11-07 14:30:04]diagnosis err code: 3
[2019-11-07 14:30:04]SEND MSG, MSGID: 104, MSGTYPE: DIAGNOSIS_RESPONSE,
[2019-11-07 14:30:05]RECV MSG: DIAGNOSIS_REQ, MSGID: 104
[2019-11-07 14:30:05]CALL METHOD: remoteDiagnosisRequest, callStatus: 0, ret: 0
[2019-11-07 14:30:05]BROADCAST RECV: remote diagnosis result, source 0, id: 104 
[2019-11-07 14:30:05]method GetVehicleStatus succ
[2019-11-07 14:30:05]method GetTyreData succ
[2019-11-07 14:30:05]diagnosis result failed, buffer len: 1
[2019-11-07 14:30:05]diagnosis err code: 3
[2019-11-07 14:30:05]SEND MSG, MSGID: 104, MSGTYPE: DIAGNOSIS_RESPONSE,
[2019-11-07 14:30:37]method GetVehicleStatus succ
[2019-11-07 14:30:37]method GetACStatus succ
[2019-11-07 14:30:37]method GetTyreData succ
[2019-11-07 14:30:37]method getChargeStorStatus succ
[2019-11-07 14:30:37]method GetVCUStatus succ
[2019-11-07 14:30:37]method getChgeData succ
[2019-11-07 14:30:37]SEND MSG, MSGID: 8, MSGTYPE: VEHICLE_STATUS,
[2019-11-07 14:31:37]method GetVehicleStatus succ
[2019-11-07 14:31:37]method GetACStatus succ
[2019-11-07 14:31:37]method GetTyreData succ
[2019-11-07 14:31:37]method getChargeStorStatus succ
[2019-11-07 14:31:37]method GetVCUStatus succ
[2019-11-07 14:31:37]method getChgeData succ
[2019-11-07 14:31:37]SEND MSG, MSGID: 9, MSGTYPE: VEHICLE_STATUS,
[2019-11-07 14:32:37]method GetVehicleStatus succ
[2019-11-07 14:32:37]method GetACStatus succ
[2019-11-07 14:32:37]method GetTyreData succ
[2019-11-07 14:32:37]method getChargeStorStatus succ
[2019-11-07 14:32:37]method GetVCUStatus succ
[2019-11-07 14:32:37]method getChgeData succ
[2019-11-07 14:32:37]SEND MSG, MSGID: 10, MSGTYPE: VEHICLE_STATUS,
[2019-11-07 14:32:44]BROADCAST RECV: motorfire mode 1
[2019-11-07 14:32:48]FLAMEOUT ID: 10
[2019-11-07 14:32:48]method GetVehicleStatus succ
[2019-11-07 14:32:48]method getChgeData succ
[2019-11-07 14:32:48]GPS longitude: 113916372, latitude: 22576833
[2019-11-07 14:32:48]SEND MSG, MSGID: 11, MSGTYPE: MOTOR_FIRE_REPORT,
[2019-11-07 14:33:37]method GetVehicleStatus succ
[2019-11-07 14:33:37]method GetACStatus succ
[2019-11-07 14:33:37]method GetTyreData succ
[2019-11-07 14:33:37]method getChargeStorStatus succ
[2019-11-07 14:33:37]method GetVCUStatus succ
[2019-11-07 14:33:37]method getChgeData succ
[2019-11-07 14:33:37]SEND MSG, MSGID: 12, MSGTYPE: VEHICLE_STATUS,
[2019-11-07 14:34:37]method GetVehicleStatus succ
[2019-11-07 14:34:37]method GetACStatus succ
[2019-11-07 14:34:37]method GetTyreData succ
[2019-11-07 14:34:37]method getChargeStorStatus succ
[2019-11-07 14:34:37]method GetVCUStatus succ
[2019-11-07 14:34:37]method getChgeData succ
[2019-11-07 14:34:37]SEND MSG, MSGID: 13, MSGTYPE: VEHICLE_STATUS,
[2019-11-07 14:34:52]replyPwrMode success:  0 1
[2019-11-07 14:34:55]BROADCAST RECV: POWER STANDBY
[2019-11-07 14:34:55]method GetVehicleStatus succ
[2019-11-07 14:34:55]method GetACStatus succ
[2019-11-07 14:34:55]method GetTyreData succ
[2019-11-07 14:34:55]method getChargeStorStatus succ
[2019-11-07 14:34:55]method GetVCUStatus succ
[2019-11-07 14:34:55]method getChgeData succ
[2019-11-07 14:34:58]SEND MSG, MSGID: 14, MSGTYPE: VEHICLE_STATUS,
[2019-11-07 14:34:58]SEND MSG, MSGID: 15, MSGTYPE: LOGOUT_REQ,
[2019-11-07 14:34:58]disconnect mqtt server, 0
[2019-11-07 14:34:58]sqlite close succ, ret 0
[2019-11-07 14:34:58]ready to sleep...
[2019-11-07 14:34:58]replyPwrMode success:  0 1
[2019-11-07 14:34:59]disconnect mqtt server, -3
[2019-11-07 14:37:11]method GetVehicleStatus succ
[2019-11-07 14:37:11]method GetACStatus succ
[2019-11-07 14:37:11]method GetTyreData succ
[2019-11-07 14:37:11]method getChargeStorStatus succ
[2019-11-07 14:37:11]method GetVCUStatus succ
[2019-11-07 14:37:11]method getChgeData succ
[2019-11-07 14:38:52]BROADCAST RECV: POWER RUNNING
[2019-11-07 14:38:52]sqlite init succ, ret 0, thread safe 1, db path /data/db/tspcomm.db
[2019-11-07 14:38:52]start to running...
[2019-11-07 14:38:52]replyPwrMode success:  0 1
[2019-11-07 14:38:54]connect server, url: ssl://222.178.193.138:9994 
[2019-11-07 14:38:54]connect server: succ, ret 0
[2019-11-07 14:38:54]subscribe topic: gate/per/device/DFSK0001000200261910160001000010/order 
[2019-11-07 14:38:54]subscribe topic: succ, ret 0
[2019-11-07 14:38:54]get vin...
[2019-11-07 14:38:54]use asys conf vin: 12345T0703T000110
[2019-11-07 14:38:54]PDID : DFSK0001000200261910160001000010
[2019-11-07 14:38:54]ICCID: 89860918700009221026
[2019-11-07 14:38:54]VIN  : 12345T0703T000110
[2019-11-07 14:38:54]VERSION: DFSK000100020026000000040000_R
[2019-11-07 14:38:54]SEND MSG, MSGID: 17, MSGTYPE: LOGIN_REQ,
[2019-11-07 14:38:56]RECV MSG: LOGIN_RESP, MSGID: 17
[2019-11-07 14:38:36]setTime success: 0 1
[2019-11-07 14:38:36]LOGIN SUCCESS! GET TOKEN: 8e247884-c59b-41f6-b0e5-9311ab31de50
[2019-11-07 14:38:36]method SetTspLoginSta succ, result true
[2019-11-07 14:38:36]RECV MSG: LOGIN_RESP, MSGID: 17
[2019-11-07 14:38:53]setTime success: 0 1
[2019-11-07 14:38:53]LOGIN SUCCESS! GET TOKEN: 722c76dd-fc26-412e-885e-78e120a3e970
[2019-11-07 14:38:53]method SetTspLoginSta succ, result true
[2019-11-07 14:38:53]BROADCAST RECV: motorfire mode 0
[2019-11-07 14:38:57]CALL METHOD: remoteDiagnosisRequest, callStatus 0, ret 0
[2019-11-07 14:38:57]IGNITION ID: 11
[2019-11-07 14:38:57]method GetVehicleStatus succ
[2019-11-07 14:38:57]method getChgeData succ
[2019-11-07 14:39:07]GPS longitude: 113917167, latitude: 22578009, valid: 1
[2019-11-07 14:39:07]SEND MSG, MSGID: 18, MSGTYPE: MOTOR_FIRE_REPORT,
[2019-11-07 14:39:13]BROADCAST RECV: motorfire mode 1
[2019-11-07 14:39:17]FLAMEOUT ID: 11
[2019-11-07 14:39:17]method GetVehicleStatus succ
[2019-11-07 14:39:17]method getChgeData succ
[2019-11-07 14:39:17]GPS longitude: 113917097, latitude: 22577839
[2019-11-07 14:39:17]SEND MSG, MSGID: 19, MSGTYPE: MOTOR_FIRE_REPORT,
[2019-11-07 14:39:19]BROADCAST RECV: remote diagnosis result, source 0, id: 0 
[2019-11-07 14:39:19]method GetVehicleStatus succ
[2019-11-07 14:39:19]method GetTyreData succ
[2019-11-07 14:39:19]diagnosis result success, buffer len: 216
[2019-11-07 14:39:19]ECUID: 0x702
[2019-11-07 14:39:19]DTCS: c1868708
[2019-11-07 14:39:19]ECUID: 0x702
[2019-11-07 14:39:19]DTCS: c1648708
[2019-11-07 14:39:19]ECUID: 0x702
[2019-11-07 14:39:19]DTCS: c2648709
[2019-11-07 14:39:19]ECUID: 0x701
[2019-11-07 14:39:19]DTCS: c135872f
[2019-11-07 14:39:19]ECUID: 0x701
[2019-11-07 14:39:19]DTCS: 901e962f
[2019-11-07 14:39:19]ECUID: 0x701
[2019-11-07 14:39:19]DTCS: 9310962f
[2019-11-07 14:39:19]ECUID: 0x701
[2019-11-07 14:39:19]DTCS: 9410962f
[2019-11-07 14:39:19]ECUID: 0x701
[2019-11-07 14:39:19]DTCS: 9510962f
[2019-11-07 14:39:19]ECUID: 0x726
[2019-11-07 14:39:19]DTCS: 58501208
[2019-11-07 14:39:19]ECUID: 0x726
[2019-11-07 14:39:19]DTCS: 58511108
[2019-11-07 14:39:19]ECUID: 0x726
[2019-11-07 14:39:19]DTCS: 58721309
[2019-11-07 14:39:19]ECUID: 0x726
[2019-11-07 14:39:19]DTCS: 58731408
[2019-11-07 14:39:19]ECUID: 0x726
[2019-11-07 14:39:19]DTCS: c1228709
[2019-11-07 14:39:19]ECUID: 0x725
[2019-11-07 14:39:19]DTCS: da308709
[2019-11-07 14:39:19]ECUID: 0x725
[2019-11-07 14:39:19]DTCS: c2648709
[2019-11-07 14:39:19]ECUID: 0x725
[2019-11-07 14:39:19]DTCS: d1598709
[2019-11-07 14:39:19]ECUID: 0x725
[2019-11-07 14:39:19]DTCS: c1228708
[2019-11-07 14:39:19]ECUID: 0x725
[2019-11-07 14:39:19]DTCS: c1018708
[2019-11-07 14:39:19]ECUID: 0x725
[2019-11-07 14:39:19]DTCS: c1008708
[2019-11-07 14:39:19]ECUID: 0x725
[2019-11-07 14:39:19]DTCS: c1408708
[2019-11-07 14:39:19]ECUID: 0x725
[2019-11-07 14:39:19]DTCS: c4948709
[2019-11-07 14:39:19]ECUID: 0x725
[2019-11-07 14:39:19]DTCS: c0730008
[2019-11-07 14:39:19]ECUID: 0x728
[2019-11-07 14:39:19]DTCS: c1008709
[2019-11-07 14:39:19]ECUID: 0x728
[2019-11-07 14:39:19]DTCS: c1018709
[2019-11-07 14:39:19]ECUID: 0x728
[2019-11-07 14:39:19]DTCS: c1038709
[2019-11-07 14:39:19]ECUID: 0x728
[2019-11-07 14:39:19]DTCS: d1598709
[2019-11-07 14:39:19]ECUID: 0x728
[2019-11-07 14:39:19]DTCS: c2648709
[2019-11-07 14:39:19]SEND MSG, MSGID: 0, MSGTYPE: DIAGNOSIS_RESPONSE,
[2019-11-07 14:39:25]method GetVehicleStatus succ
[2019-11-07 14:39:25]method GetACStatus succ
[2019-11-07 14:39:25]method GetTyreData succ
[2019-11-07 14:39:25]method getChargeStorStatus succ
[2019-11-07 14:39:25]method GetVCUStatus succ
[2019-11-07 14:39:25]method getChgeData succ
[2019-11-07 14:39:25]SEND MSG, MSGID: 21, MSGTYPE: VEHICLE_STATUS,
[2019-11-07 14:40:26]method GetVehicleStatus succ
[2019-11-07 14:40:26]method GetACStatus succ
[2019-11-07 14:40:26]method GetTyreData succ
[2019-11-07 14:40:26]method getChargeStorStatus succ
[2019-11-07 14:40:26]method GetVCUStatus succ
[2019-11-07 14:40:26]method getChgeData succ
[2019-11-07 14:40:26]SEND MSG, MSGID: 22, MSGTYPE: VEHICLE_STATUS,
[2019-11-07 14:40:31]BROADCAST RECV: 3call report, call type: 3 
[2019-11-07 14:40:31]CALL METHOD: remoteDiagnosisRequest, callStatus 0, ret 0
[2019-11-07 14:40:31]SEND MSG, MSGID: 23, MSGTYPE: IBE_CALL_REPORT,
[2019-11-07 14:40:34]BROADCAST RECV: remote diagnosis result, source 0, id: 0 
[2019-11-07 14:40:34]method GetVehicleStatus succ
[2019-11-07 14:40:34]method GetTyreData succ
[2019-11-07 14:40:34]diagnosis result failed, buffer len: 1
[2019-11-07 14:40:34]diagnosis err code: 3
[2019-11-07 14:40:34]SEND MSG, MSGID: 0, MSGTYPE: DIAGNOSIS_RESPONSE,
[2019-11-07 14:40:56]BROADCAST RECV: 3call report, call type: 3 
[2019-11-07 14:40:56]CALL METHOD: remoteDiagnosisRequest, callStatus 0, ret 0
[2019-11-07 14:40:56]SEND MSG, MSGID: 25, MSGTYPE: IBE_CALL_REPORT,
[2019-11-07 14:41:05]BROADCAST RECV: remote diagnosis result, source 0, id: 0 
[2019-11-07 14:41:05]method GetVehicleStatus succ
[2019-11-07 14:41:05]method GetTyreData succ
[2019-11-07 14:41:05]diagnosis result failed, buffer len: 1
[2019-11-07 14:41:05]diagnosis err code: 3
[2019-11-07 14:41:05]SEND MSG, MSGID: 0, MSGTYPE: DIAGNOSIS_RESPONSE,
[2019-11-07 14:41:19]BROADCAST RECV: 3call report, call type: 3 
[2019-11-07 14:41:19]CALL METHOD: remoteDiagnosisRequest, callStatus 0, ret 0
[2019-11-07 14:41:19]SEND MSG, MSGID: 27, MSGTYPE: IBE_CALL_REPORT,
[2019-11-07 14:41:25]BROADCAST RECV: remote diagnosis result, source 0, id: 0 
[2019-11-07 14:41:25]method GetVehicleStatus succ
[2019-11-07 14:41:25]method GetTyreData succ
[2019-11-07 14:41:25]diagnosis result failed, buffer len: 1
[2019-11-07 14:41:25]diagnosis err code: 3
[2019-11-07 14:41:25]SEND MSG, MSGID: 0, MSGTYPE: DIAGNOSIS_RESPONSE,
[2019-11-07 14:41:26]method GetVehicleStatus succ
[2019-11-07 14:41:26]method GetACStatus succ
[2019-11-07 14:41:26]method GetTyreData succ
[2019-11-07 14:41:26]method getChargeStorStatus succ
[2019-11-07 14:41:26]method GetVCUStatus succ
[2019-11-07 14:41:26]method getChgeData succ
[2019-11-07 14:41:26]SEND MSG, MSGID: 29, MSGTYPE: VEHICLE_STATUS,
[2019-11-07 14:41:42]BROADCAST RECV: 3call report, call type: 3 
[2019-11-07 14:41:42]CALL METHOD: remoteDiagnosisRequest, callStatus 0, ret 0
[2019-11-07 14:41:42]SEND MSG, MSGID: 30, MSGTYPE: IBE_CALL_REPORT,
[2019-11-07 14:41:51]BROADCAST RECV: remote diagnosis result, source 0, id: 0 
[2019-11-07 14:41:51]method GetVehicleStatus succ
[2019-11-07 14:41:51]method GetTyreData succ
[2019-11-07 14:41:51]diagnosis result failed, buffer len: 1
[2019-11-07 14:41:51]diagnosis err code: 3
[2019-11-07 14:41:51]SEND MSG, MSGID: 0, MSGTYPE: DIAGNOSIS_RESPONSE,
[2019-11-07 14:42:06]BROADCAST RECV: 3call report, call type: 3 
[2019-11-07 14:42:06]CALL METHOD: remoteDiagnosisRequest, callStatus 0, ret 0
[2019-11-07 14:42:06]SEND MSG, MSGID: 32, MSGTYPE: IBE_CALL_REPORT,
[2019-11-07 14:42:10]BROADCAST RECV: remote diagnosis result, source 0, id: 0 
[2019-11-07 14:42:10]method GetVehicleStatus succ
[2019-11-07 14:42:10]method GetTyreData succ
[2019-11-07 14:42:10]diagnosis result failed, buffer len: 1
[2019-11-07 14:42:10]diagnosis err code: 3
[2019-11-07 14:42:10]SEND MSG, MSGID: 0, MSGTYPE: DIAGNOSIS_RESPONSE,
[2019-11-07 14:42:14]mqtt recieve failed, rc = -3
[2019-11-07 14:42:14]disconnect mqtt server, -3
[2019-11-07 14:42:16]connect server, url: ssl://222.178.193.138:9994 
[2019-11-07 14:42:16]connect server: succ, ret 0
[2019-11-07 14:42:16]subscribe topic: gate/per/device/DFSK0001000200261910160001000010/order 
[2019-11-07 14:42:16]subscribe topic: succ, ret 0
[2019-11-07 14:42:16]get vin...
[2019-11-07 14:42:16]use asys conf vin: 12345T0703T000110
[2019-11-07 14:42:16]PDID : DFSK0001000200261910160001000010
[2019-11-07 14:42:16]ICCID: 89860918700009221026
[2019-11-07 14:42:16]VIN  : 12345T0703T000110
[2019-11-07 14:42:16]VERSION: DFSK000100020026000000040000_R
[2019-11-07 14:42:16]SEND MSG, MSGID: 34, MSGTYPE: LOGIN_REQ,
[2019-11-07 14:42:18]RECV MSG: LOGIN_RESP, MSGID: 34
[2019-11-07 14:42:02]setTime success: 0 1
[2019-11-07 14:42:02]LOGIN SUCCESS! GET TOKEN: 541d9436-7b67-4194-8a8c-186973f640b5
[2019-11-07 14:42:02]method SetTspLoginSta succ, result true
[2019-11-07 14:42:02]RECV MSG: LOGIN_RESP, MSGID: 34
[2019-11-07 14:42:19]setTime success: 0 1
[2019-11-07 14:42:19]LOGIN SUCCESS! GET TOKEN: 3493dacc-6e60-41e4-9321-be653bc44b3b
[2019-11-07 14:42:19]method SetTspLoginSta succ, result true
[2019-11-07 14:42:27]method GetVehicleStatus succ
[2019-11-07 14:42:27]method GetACStatus succ
[2019-11-07 14:42:27]method GetTyreData succ
[2019-11-07 14:42:27]method getChargeStorStatus succ
[2019-11-07 14:42:27]method GetVCUStatus succ
[2019-11-07 14:42:27]method getChgeData succ
[2019-11-07 14:42:27]SEND MSG, MSGID: 35, MSGTYPE: VEHICLE_STATUS,
[2019-11-07 14:42:32]BROADCAST RECV: 3call report, call type: 3 
[2019-11-07 14:42:32]CALL METHOD: remoteDiagnosisRequest, callStatus 0, ret 0
[2019-11-07 14:42:32]SEND MSG, MSGID: 36, MSGTYPE: IBE_CALL_REPORT,
[2019-11-07 14:42:35]BROADCAST RECV: remote diagnosis result, source 0, id: 0 
[2019-11-07 14:42:35]method GetVehicleStatus succ
[2019-11-07 14:42:35]method GetTyreData succ
[2019-11-07 14:42:35]diagnosis result failed, buffer len: 1
[2019-11-07 14:42:35]diagnosis err code: 3
[2019-11-07 14:42:35]SEND MSG, MSGID: 0, MSGTYPE: DIAGNOSIS_RESPONSE,
[2019-11-07 14:43:27]method GetVehicleStatus succ
[2019-11-07 14:43:27]method GetACStatus succ
[2019-11-07 14:43:27]method GetTyreData succ
[2019-11-07 14:43:27]method getChargeStorStatus succ
[2019-11-07 14:43:27]method GetVCUStatus succ
[2019-11-07 14:43:27]method getChgeData succ
[2019-11-07 14:43:27]SEND MSG, MSGID: 38, MSGTYPE: VEHICLE_STATUS,
[2019-11-07 14:44:27]method GetVehicleStatus succ
[2019-11-07 14:44:27]method GetACStatus succ
[2019-11-07 14:44:27]method GetTyreData succ
[2019-11-07 14:44:27]method getChargeStorStatus succ
[2019-11-07 14:44:27]method GetVCUStatus succ
[2019-11-07 14:44:27]method getChgeData succ
[2019-11-07 14:44:27]SEND MSG, MSGID: 39, MSGTYPE: VEHICLE_STATUS,
[2019-11-07 14:45:27]method GetVehicleStatus succ
[2019-11-07 14:45:27]method GetACStatus succ
[2019-11-07 14:45:27]method GetTyreData succ
[2019-11-07 14:45:27]method getChargeStorStatus succ
[2019-11-07 14:45:27]method GetVCUStatus succ
[2019-11-07 14:45:27]method getChgeData succ
[2019-11-07 14:45:27]SEND MSG, MSGID: 40, MSGTYPE: VEHICLE_STATUS,
[2019-11-07 14:46:27]method GetVehicleStatus succ
[2019-11-07 14:46:27]method GetACStatus succ
[2019-11-07 14:46:27]method GetTyreData succ
[2019-11-07 14:46:27]method getChargeStorStatus succ
[2019-11-07 14:46:27]method GetVCUStatus succ
[2019-11-07 14:46:27]method getChgeData succ
[2019-11-07 14:46:27]SEND MSG, MSGID: 41, MSGTYPE: VEHICLE_STATUS,
[2019-11-07 14:47:27]method GetVehicleStatus succ
[2019-11-07 14:47:27]method GetACStatus succ
[2019-11-07 14:47:27]method GetTyreData succ
[2019-11-07 14:47:27]method getChargeStorStatus succ
[2019-11-07 14:47:27]method GetVCUStatus succ
[2019-11-07 14:47:27]method getChgeData succ
[2019-11-07 14:47:27]SEND MSG, MSGID: 42, MSGTYPE: VEHICLE_STATUS,
[2019-11-07 14:48:05]BROADCAST RECV: alarm signal type 1
[2019-11-07 14:48:05]method GetVehicleStatus succ
[2019-11-07 14:48:05]SEND MSG, MSGID: 43, MSGTYPE: ALARM_REPORT,
[2019-11-07 14:48:05]BROADCAST RECV: 3call report, call type: 1 
[2019-11-07 14:48:05]CALL METHOD: remoteDiagnosisRequest, callStatus 0, ret 0
[2019-11-07 14:48:05]SEND MSG, MSGID: 44, MSGTYPE: IBE_CALL_REPORT,
[2019-11-07 14:48:06]BROADCAST RECV: alarm signal type 1
[2019-11-07 14:48:06]method GetVehicleStatus succ
[2019-11-07 14:48:06]SEND MSG, MSGID: 45, MSGTYPE: ALARM_REPORT,
[2019-11-07 14:48:07]BROADCAST RECV: alarm signal type 1
[2019-11-07 14:48:07]method GetVehicleStatus succ
[2019-11-07 14:48:07]SEND MSG, MSGID: 46, MSGTYPE: ALARM_REPORT,
[2019-11-07 14:48:09]BROADCAST RECV: remote diagnosis result, source 0, id: 0 
[2019-11-07 14:48:09]method GetVehicleStatus succ
[2019-11-07 14:48:09]method GetTyreData succ
[2019-11-07 14:48:09]diagnosis result failed, buffer len: 1
[2019-11-07 14:48:09]diagnosis err code: 3
[2019-11-07 14:48:09]SEND MSG, MSGID: 0, MSGTYPE: DIAGNOSIS_RESPONSE,
[2019-11-07 14:48:13]RECV MSG: ALARM_RESP, MSGID: 43
[2019-11-07 14:48:14]RECV MSG: ALARM_RESP, MSGID: 43
[2019-11-07 14:48:15]RECV MSG: ALARM_RESP, MSGID: 46
[2019-11-07 14:48:15]RECV MSG: ALARM_RESP, MSGID: 46
[2019-11-07 14:48:15]RECV MSG: ALARM_RESP, MSGID: 45
[2019-11-07 14:48:15]RECV MSG: ALARM_RESP, MSGID: 45
[2019-11-07 14:48:27]method GetVehicleStatus succ
[2019-11-07 14:48:27]method GetACStatus succ
[2019-11-07 14:48:27]method GetTyreData succ
[2019-11-07 14:48:27]method getChargeStorStatus succ
[2019-11-07 14:48:27]method GetVCUStatus succ
[2019-11-07 14:48:27]method getChgeData succ
[2019-11-07 14:48:27]SEND MSG, MSGID: 48, MSGTYPE: VEHICLE_STATUS,
