[1980-01-06 08:00:21]
[1980-01-06 08:00:21]*****************************
[1980-01-06 08:00:21]           startup          
[1980-01-06 08:00:21] build: Oct 31 2019 14:33:06 
[1980-01-06 08:00:21]*****************************
[1980-01-06 08:00:21]
[1980-01-06 08:00:21]OPEN CONF FILE: /etc/qbtsp.conf 
[1980-01-06 08:00:21]set file conf gateway server addr!
[1980-01-06 08:00:21]tbox version: DFSK000100020026000000040000 
[1980-01-06 08:00:21]Service has registered!
[1980-01-06 08:00:21]Vin changed, Redo login!
[1980-01-06 08:00:21]Service is available! power-service
[1980-01-06 08:00:21]TSPClient::startup is running...
[1980-01-06 08:00:21]get pdid...
[1980-01-06 08:00:21]use asys conf pdid: DFSK0001000200261910160001000010
[1980-01-06 08:00:21]get iccid...
[1980-01-06 08:00:21]use asys conf iccid: 89860918700009221026
[1980-01-06 08:00:21]subscribePwrService success:  0 1
[1980-01-06 08:00:21]TSPClient::gval_thread is running...
[1980-01-06 08:00:21]TSPClient::waiting is running...
[1980-01-06 08:00:21]TSPClient::data_upload is running...
[1980-01-06 08:00:21][1980-01-06 08:00:21]TSPClient::recieve is running...
SEND MSG, MSGID: 1, MSGTYPE: LOGOUT_REQ,
[1980-01-06 08:00:21]getPwrMode success:  0 1 1
[1980-01-06 08:00:21]BROADCAST RECV: POWER RUNNING
[1980-01-06 08:00:21]sqlite init fail, ret -1, thread safe 1, db path /data/db/tspcomm.db
[1980-01-06 08:00:21]start to running...
[1980-01-06 08:00:21]replyPwrMode success:  0 1
[1980-01-06 08:00:21]Service is available! fota-service
[1980-01-06 08:00:21]processConneted success:  0 0
[1980-01-06 08:00:21]Service is available! rescue-service
[1980-01-06 08:00:21]Service is available! remote-service
[1980-01-06 08:00:21]Service is available! data-service
[1980-01-06 08:00:21]Service is available! alarm-service
[1980-01-06 08:00:21]CREATE MQTT OBJECT SUCC, ret 0
[1980-01-06 08:00:21]SERVER URL: ssl://222.178.193.138:9994 
[1980-01-06 08:00:21]CLIENT ID : DFSK0001000200261910160001000010 
[1980-01-06 08:00:21]Init level 2 addr, level 1 - gateway addr, level 2 - vehicle addr
[1980-01-06 08:00:21]connect server, url: ssl://222.178.193.138:9994 
[1980-01-06 08:00:21]connect server: fail, ret -1
[1980-01-06 08:00:21]disconnect mqtt server, -3
[1980-01-06 08:00:22]connect server, url: ssl://222.178.193.138:9994 
[1980-01-06 08:00:22]connect server: fail, ret -1
[1980-01-06 08:00:22]disconnect mqtt server, -3
[1980-01-06 08:00:24]connect server, url: ssl://222.178.193.138:9994 
[1980-01-06 08:00:24]connect server: fail, ret -1
[1980-01-06 08:00:24]disconnect mqtt server, -3
[1980-01-06 08:00:28]connect server, url: ssl://222.178.193.138:9994 
[1980-01-06 08:00:28]connect server: succ, ret 0
[1980-01-06 08:00:28]subscribe topic: gate/per/device/DFSK0001000200261910160001000010/order 
[1980-01-06 08:00:28]subscribe topic: succ, ret 0
[1980-01-06 08:00:28]get vin...
[1980-01-06 08:00:28]use asys conf vin: 12345T0703T000110
[1980-01-06 08:00:28]PDID : DFSK0001000200261910160001000010
[1980-01-06 08:00:28]ICCID: 89860918700009221026
[1980-01-06 08:00:28]VIN  : 12345T0703T000110
[1980-01-06 08:00:28]VERSION: DFSK000100020026000000040000_R
[1980-01-06 08:00:28]SEND MSG, MSGID: 2, MSGTYPE: LOGIN_REQ,
[1980-01-06 08:00:28]WAITING FOR LOGIN RESPONSE
[1980-01-06 08:00:30]RECV MSG: LOGIN_RESP, MSGID: 2
[1980-01-06 08:00:30]waiting login return timein
[2019-11-07 15:53:54]setTime success: 0 1
[2019-11-07 15:53:54]LOGIN SUCCESS! GET TOKEN: d21fedc2-1606-4bd4-908d-aaf713cb4eb5
[2019-11-07 15:53:54]method SetTspLoginSta succ, result true
[2019-11-07 15:53:54]RECV MSG: LOGIN_RESP, MSGID: 2
[2019-11-07 15:53:37]setTime success: 0 1
[2019-11-07 15:53:37]LOGIN SUCCESS! GET TOKEN: bbd0a836-c206-4d5f-80bf-3d9fec12601c
[2019-11-07 15:53:37]method SetTspLoginSta succ, result true
[2019-11-07 15:54:19]mqtt recieve failed, rc = -3
[2019-11-07 15:54:19]disconnect mqtt server, -3
[2019-11-07 15:54:20]connect server, url: ssl://222.178.193.138:9994 
[2019-11-07 15:54:20]connect server: succ, ret 0
[2019-11-07 15:54:21]subscribe topic: gate/per/device/DFSK0001000200261910160001000010/order 
[2019-11-07 15:54:21]subscribe topic: succ, ret 0
[2019-11-07 15:54:21]get vin...
[2019-11-07 15:54:21]use asys conf vin: 12345T0703T000110
[2019-11-07 15:54:21]PDID : DFSK0001000200261910160001000010
[2019-11-07 15:54:21]ICCID: 89860918700009221026
[2019-11-07 15:54:21]VIN  : 12345T0703T000110
[2019-11-07 15:54:21]VERSION: DFSK000100020026000000040000_R
[2019-11-07 15:54:21]SEND MSG, MSGID: 3, MSGTYPE: LOGIN_REQ,
[2019-11-07 15:54:23]RECV MSG: LOGIN_RESP, MSGID: 3
[2019-11-07 15:54:23]setTime success: 0 1
[2019-11-07 15:54:23]LOGIN SUCCESS! GET TOKEN: cec7b35c-dc5e-4bd6-9050-457a16ae4314
[2019-11-07 15:54:23]method SetTspLoginSta succ, result true
[2019-11-07 15:54:23]RECV MSG: LOGIN_RESP, MSGID: 3
[2019-11-07 15:54:40]setTime success: 0 1
[2019-11-07 15:54:40]LOGIN SUCCESS! GET TOKEN: a4f25f61-5b36-437c-bbdd-6b1e01ddf5d5
[2019-11-07 15:54:40]method SetTspLoginSta succ, result true
[2019-11-07 15:54:44]method GetVehicleStatus succ
[2019-11-07 15:54:44]method GetACStatus succ
[2019-11-07 15:54:45]method GetTyreData succ
[2019-11-07 15:54:45]method getChargeStorStatus succ
[2019-11-07 15:54:45]method GetVCUStatus succ
[2019-11-07 15:54:45]method getChgeData succ
[2019-11-07 15:54:45]SEND MSG, MSGID: 4, MSGTYPE: VEHICLE_STATUS,
[2019-11-07 15:55:45]method GetVehicleStatus succ
[2019-11-07 15:55:45]method GetACStatus succ
[2019-11-07 15:55:45]method GetTyreData succ
[2019-11-07 15:55:45]method getChargeStorStatus succ
[2019-11-07 15:55:45]method GetVCUStatus succ
[2019-11-07 15:55:45]method getChgeData succ
[2019-11-07 15:55:45]SEND MSG, MSGID: 5, MSGTYPE: VEHICLE_STATUS,
[2019-11-07 15:56:45]method GetVehicleStatus succ
[2019-11-07 15:56:45]method GetACStatus succ
[2019-11-07 15:56:45]method GetTyreData succ
[2019-11-07 15:56:45]method getChargeStorStatus succ
[2019-11-07 15:56:45]method GetVCUStatus succ
[2019-11-07 15:56:45]method getChgeData succ
[2019-11-07 15:56:45]SEND MSG, MSGID: 6, MSGTYPE: VEHICLE_STATUS,
[2019-11-07 15:57:45]method GetVehicleStatus succ
[2019-11-07 15:57:45]method GetACStatus succ
[2019-11-07 15:57:45]method GetTyreData succ
[2019-11-07 15:57:45]method getChargeStorStatus succ
[2019-11-07 15:57:45]method GetVCUStatus succ
[2019-11-07 15:57:45]method getChgeData succ
[2019-11-07 15:57:45]SEND MSG, MSGID: 7, MSGTYPE: VEHICLE_STATUS,
[2019-11-07 15:58:45]method GetVehicleStatus succ
[2019-11-07 15:58:45]method GetACStatus succ
[2019-11-07 15:58:45]method GetTyreData succ
[2019-11-07 15:58:45]method getChargeStorStatus succ
[2019-11-07 15:58:45]method GetVCUStatus succ
[2019-11-07 15:58:45]method getChgeData succ
[2019-11-07 15:58:45]SEND MSG, MSGID: 8, MSGTYPE: VEHICLE_STATUS,
[2019-11-07 15:59:45]method GetVehicleStatus succ
[2019-11-07 15:59:45]method GetACStatus succ
[2019-11-07 15:59:45]method GetTyreData succ
[2019-11-07 15:59:45]method getChargeStorStatus succ
[2019-11-07 15:59:45]method GetVCUStatus succ
[2019-11-07 15:59:45]method getChgeData succ
[2019-11-07 15:59:45]SEND MSG, MSGID: 9, MSGTYPE: VEHICLE_STATUS,
[2019-11-07 16:00:45]method GetVehicleStatus succ
[2019-11-07 16:00:45]method GetACStatus succ
[2019-11-07 16:00:45]method GetTyreData succ
[2019-11-07 16:00:45]method getChargeStorStatus succ
[2019-11-07 16:00:45]method GetVCUStatus succ
[2019-11-07 16:00:45]method getChgeData succ
[2019-11-07 16:00:45]SEND MSG, MSGID: 10, MSGTYPE: VEHICLE_STATUS,
[2019-11-07 16:01:45]method GetVehicleStatus succ
[2019-11-07 16:01:45]method GetACStatus succ
[2019-11-07 16:01:45]method GetTyreData succ
[2019-11-07 16:01:45]method getChargeStorStatus succ
[2019-11-07 16:01:45]method GetVCUStatus succ
[2019-11-07 16:01:45]method getChgeData succ
[2019-11-07 16:01:45]SEND MSG, MSGID: 11, MSGTYPE: VEHICLE_STATUS,
[2019-11-07 16:02:45]method GetVehicleStatus succ
[2019-11-07 16:02:45]method GetACStatus succ
[2019-11-07 16:02:45]method GetTyreData succ
[2019-11-07 16:02:45]method getChargeStorStatus succ
[2019-11-07 16:02:45]method GetVCUStatus succ
[2019-11-07 16:02:45]method getChgeData succ
[2019-11-07 16:02:45]SEND MSG, MSGID: 12, MSGTYPE: VEHICLE_STATUS,
[2019-11-07 16:03:46]method GetVehicleStatus succ
[2019-11-07 16:03:46]method GetACStatus succ
[2019-11-07 16:03:46]method GetTyreData succ
[2019-11-07 16:03:46]method getChargeStorStatus succ
[2019-11-07 16:03:46]method GetVCUStatus succ
[2019-11-07 16:03:46]method getChgeData succ
[2019-11-07 16:03:46]SEND MSG, MSGID: 13, MSGTYPE: VEHICLE_STATUS,
[2019-11-07 16:04:46]method GetVehicleStatus succ
[2019-11-07 16:04:46]method GetACStatus succ
[2019-11-07 16:04:46]method GetTyreData succ
[2019-11-07 16:04:46]method getChargeStorStatus succ
[2019-11-07 16:04:46]method GetVCUStatus succ
[2019-11-07 16:04:46]method getChgeData succ
[2019-11-07 16:04:46]SEND MSG, MSGID: 14, MSGTYPE: VEHICLE_STATUS,
[2019-11-07 16:05:46]method GetVehicleStatus succ
[2019-11-07 16:05:46]method GetACStatus succ
[2019-11-07 16:05:46]method GetTyreData succ
[2019-11-07 16:05:46]method getChargeStorStatus succ
[2019-11-07 16:05:46]method GetVCUStatus succ
[2019-11-07 16:05:46]method getChgeData succ
[2019-11-07 16:05:46]SEND MSG, MSGID: 15, MSGTYPE: VEHICLE_STATUS,
[2019-11-07 16:06:46]method GetVehicleStatus succ
[2019-11-07 16:06:46]method GetACStatus succ
[2019-11-07 16:06:46]method GetTyreData succ
[2019-11-07 16:06:46]method getChargeStorStatus succ
[2019-11-07 16:06:46]method GetVCUStatus succ
[2019-11-07 16:06:46]method getChgeData succ
[2019-11-07 16:06:46]SEND MSG, MSGID: 16, MSGTYPE: VEHICLE_STATUS,
[2019-11-07 16:07:46]method GetVehicleStatus succ
[2019-11-07 16:07:46]method GetACStatus succ
[2019-11-07 16:07:46]method GetTyreData succ
[2019-11-07 16:07:46]method getChargeStorStatus succ
[2019-11-07 16:07:46]method GetVCUStatus succ
[2019-11-07 16:07:46]method getChgeData succ
[2019-11-07 16:07:46]SEND MSG, MSGID: 17, MSGTYPE: VEHICLE_STATUS,
[2019-11-07 16:08:46]method GetVehicleStatus succ
[2019-11-07 16:08:46]method GetACStatus succ
[2019-11-07 16:08:46]method GetTyreData succ
[2019-11-07 16:08:46]method getChargeStorStatus succ
[2019-11-07 16:08:46]method GetVCUStatus succ
[2019-11-07 16:08:46]method getChgeData succ
[2019-11-07 16:08:46]SEND MSG, MSGID: 18, MSGTYPE: VEHICLE_STATUS,
[2019-11-07 16:09:46]method GetVehicleStatus succ
[2019-11-07 16:09:46]method GetACStatus succ
[2019-11-07 16:09:46]method GetTyreData succ
[2019-11-07 16:09:46]method getChargeStorStatus succ
[2019-11-07 16:09:46]method GetVCUStatus succ
[2019-11-07 16:09:46]method getChgeData succ
[2019-11-07 16:09:46]SEND MSG, MSGID: 19, MSGTYPE: VEHICLE_STATUS,
[2019-11-07 16:10:46]method GetVehicleStatus succ
[2019-11-07 16:10:46]method GetACStatus succ
[2019-11-07 16:10:46]method GetTyreData succ
[2019-11-07 16:10:46]method getChargeStorStatus succ
[2019-11-07 16:10:46]method GetVCUStatus succ
[2019-11-07 16:10:46]method getChgeData succ
[2019-11-07 16:10:46]SEND MSG, MSGID: 20, MSGTYPE: VEHICLE_STATUS,
[2019-11-07 16:11:46]method GetVehicleStatus succ
[2019-11-07 16:11:46]method GetACStatus succ
[2019-11-07 16:11:46]method GetTyreData succ
[2019-11-07 16:11:46]method getChargeStorStatus succ
[2019-11-07 16:11:46]method GetVCUStatus succ
[2019-11-07 16:11:46]method getChgeData succ
[2019-11-07 16:11:46]SEND MSG, MSGID: 21, MSGTYPE: VEHICLE_STATUS,
[2019-11-07 16:12:47]method GetVehicleStatus succ
[2019-11-07 16:12:47]method GetACStatus succ
[2019-11-07 16:12:47]method GetTyreData succ
[2019-11-07 16:12:47]method getChargeStorStatus succ
[2019-11-07 16:12:47]method GetVCUStatus succ
[2019-11-07 16:12:47]method getChgeData succ
[2019-11-07 16:12:47]SEND MSG, MSGID: 22, MSGTYPE: VEHICLE_STATUS,
[2019-11-07 16:13:47]method GetVehicleStatus succ
[2019-11-07 16:13:47]method GetACStatus succ
[2019-11-07 16:13:47]method GetTyreData succ
[2019-11-07 16:13:47]method getChargeStorStatus succ
[2019-11-07 16:13:47]method GetVCUStatus succ
[2019-11-07 16:13:47]method getChgeData succ
[2019-11-07 16:13:47]SEND MSG, MSGID: 23, MSGTYPE: VEHICLE_STATUS,
[2019-11-07 16:14:47]method GetVehicleStatus succ
[2019-11-07 16:14:47]method GetACStatus succ
[2019-11-07 16:14:47]method GetTyreData succ
[2019-11-07 16:14:47]method getChargeStorStatus succ
[2019-11-07 16:14:47]method GetVCUStatus succ
[2019-11-07 16:14:47]method getChgeData succ
[2019-11-07 16:14:47]SEND MSG, MSGID: 24, MSGTYPE: VEHICLE_STATUS,
[2019-11-07 16:15:47]method GetVehicleStatus succ
[2019-11-07 16:15:47]method GetACStatus succ
[2019-11-07 16:15:47]method GetTyreData succ
[2019-11-07 16:15:47]method getChargeStorStatus succ
[2019-11-07 16:15:47]method GetVCUStatus succ
[2019-11-07 16:15:47]method getChgeData succ
[2019-11-07 16:15:47]SEND MSG, MSGID: 25, MSGTYPE: VEHICLE_STATUS,
[2019-11-07 16:16:47]method GetVehicleStatus succ
[2019-11-07 16:16:47]method GetACStatus succ
[2019-11-07 16:16:47]method GetTyreData succ
[2019-11-07 16:16:47]method getChargeStorStatus succ
[2019-11-07 16:16:47]method GetVCUStatus succ
[2019-11-07 16:16:47]method getChgeData succ
[2019-11-07 16:16:47]SEND MSG, MSGID: 26, MSGTYPE: VEHICLE_STATUS,
[2019-11-07 16:17:47]method GetVehicleStatus succ
[2019-11-07 16:17:47]method GetACStatus succ
[2019-11-07 16:17:47]method GetTyreData succ
[2019-11-07 16:17:47]method getChargeStorStatus succ
[2019-11-07 16:17:47]method GetVCUStatus succ
[2019-11-07 16:17:47]method getChgeData succ
[2019-11-07 16:17:47]SEND MSG, MSGID: 27, MSGTYPE: VEHICLE_STATUS,
[2019-11-07 16:18:47]method GetVehicleStatus succ
[2019-11-07 16:18:47]method GetACStatus succ
[2019-11-07 16:18:47]method GetTyreData succ
[2019-11-07 16:18:47]method getChargeStorStatus succ
[2019-11-07 16:18:47]method GetVCUStatus succ
[2019-11-07 16:18:47]method getChgeData succ
[2019-11-07 16:18:47]SEND MSG, MSGID: 28, MSGTYPE: VEHICLE_STATUS,
[2019-11-07 16:19:47]method GetVehicleStatus succ
[2019-11-07 16:19:47]method GetACStatus succ
[2019-11-07 16:19:47]method GetTyreData succ
[2019-11-07 16:19:47]method getChargeStorStatus succ
[2019-11-07 16:19:47]method GetVCUStatus succ
[2019-11-07 16:19:47]method getChgeData succ
[2019-11-07 16:19:47]SEND MSG, MSGID: 29, MSGTYPE: VEHICLE_STATUS,
[2019-11-07 16:20:47]method GetVehicleStatus succ
[2019-11-07 16:20:47]method GetACStatus succ
[2019-11-07 16:20:47]method GetTyreData succ
[2019-11-07 16:20:47]method getChargeStorStatus succ
[2019-11-07 16:20:48]method GetVCUStatus succ
[2019-11-07 16:20:48]method getChgeData succ
[2019-11-07 16:20:48]SEND MSG, MSGID: 30, MSGTYPE: VEHICLE_STATUS,
[2019-11-07 16:21:48]method GetVehicleStatus succ
[2019-11-07 16:21:48]method GetACStatus succ
[2019-11-07 16:21:48]method GetTyreData succ
[2019-11-07 16:21:48]method getChargeStorStatus succ
[2019-11-07 16:21:48]method GetVCUStatus succ
[2019-11-07 16:21:48]method getChgeData succ
[2019-11-07 16:21:48]SEND MSG, MSGID: 31, MSGTYPE: VEHICLE_STATUS,
