[1980-01-06 08:00:21]
[1980-01-06 08:00:21]*****************************
[1980-01-06 08:00:21]           startup          
[1980-01-06 08:00:21] build: Oct 31 2019 14:33:06 
[1980-01-06 08:00:21]*****************************
[1980-01-06 08:00:21]
[1980-01-06 08:00:21]OPEN CONF FILE: /etc/qbtsp.conf 
[1980-01-06 08:00:21]set file conf gateway server addr!
[1980-01-06 08:00:21]tbox version: DFSK000100020026000000040000 
[1980-01-06 08:00:21]Service has registered!
[1980-01-06 08:00:21]Vin changed, Redo login!
[1980-01-06 08:00:21]Service is available! power-service
[1980-01-06 08:00:21]TSPClient::startup is running...
[1980-01-06 08:00:21]get pdid...
[1980-01-06 08:00:21]use asys conf pdid: DFSK0001000200261910160001000010
[1980-01-06 08:00:21]get iccid...
[1980-01-06 08:00:21]use asys conf iccid: 89860918700009221026
[1980-01-06 08:00:21]TSPClient::gval_thread is running...
[1980-01-06 08:00:21]TSPClient::data_upload is running...
[1980-01-06 08:00:21]TSPClient::waiting is running...
[1980-01-06 08:00:21]TSPClient::recieve is running...
[1980-01-06 08:00:21]SEND MSG, MSGID: 1, MSGTYPE: LOGOUT_REQ,
[1980-01-06 08:00:21]subscribePwrService success:  0 1
[1980-01-06 08:00:21]getPwrMode success:  0 1 1
[1980-01-06 08:00:21]BROADCAST RECV: POWER RUNNING
[1980-01-06 08:00:21]sqlite init fail, ret -1, thread safe 1, db path /data/db/tspcomm.db
[1980-01-06 08:00:21]start to running...
[1980-01-06 08:00:21]replyPwrMode success:  0 1
[1980-01-06 08:00:21]Service is available! fota-service
[1980-01-06 08:00:21]processConneted success:  0 0
[1980-01-06 08:00:21]Service is available! rescue-service
[1980-01-06 08:00:21]Service is available! remote-service
[1980-01-06 08:00:21]Service is available! data-service
[1980-01-06 08:00:21]Service is available! alarm-service
[1980-01-06 08:00:21]CREATE MQTT OBJECT SUCC, ret 0
[1980-01-06 08:00:21]SERVER URL: ssl://222.178.193.138:9994 
[1980-01-06 08:00:21]CLIENT ID : DFSK0001000200261910160001000010 
[1980-01-06 08:00:21]Init level 2 addr, level 1 - gateway addr, level 2 - vehicle addr
[1980-01-06 08:00:21]connect server, url: ssl://222.178.193.138:9994 
[1980-01-06 08:00:21]connect server: fail, ret -1
[1980-01-06 08:00:21]disconnect mqtt server, -3
[1980-01-06 08:00:22]connect server, url: ssl://222.178.193.138:9994 
[1980-01-06 08:00:22]connect server: fail, ret -1
[1980-01-06 08:00:22]disconnect mqtt server, -3
[1980-01-06 08:00:24]connect server, url: ssl://222.178.193.138:9994 
[1980-01-06 08:00:24]connect server: fail, ret -1
[1980-01-06 08:00:24]disconnect mqtt server, -3
[1980-01-06 08:00:28]connect server, url: ssl://222.178.193.138:9994 
[1980-01-06 08:00:28]connect server: succ, ret 0
[1980-01-06 08:00:28]subscribe topic: gate/per/device/DFSK0001000200261910160001000010/order 
[1980-01-06 08:00:28]subscribe topic: succ, ret 0
[1980-01-06 08:00:28]get vin...
[1980-01-06 08:00:28]use asys conf vin: 12345T0703T000110
[1980-01-06 08:00:28]PDID : DFSK0001000200261910160001000010
[1980-01-06 08:00:28]ICCID: 89860918700009221026
[1980-01-06 08:00:28]VIN  : 12345T0703T000110
[1980-01-06 08:00:28]VERSION: DFSK000100020026000000040000_R
[1980-01-06 08:00:28]SEND MSG, MSGID: 2, MSGTYPE: LOGIN_REQ,
[1980-01-06 08:00:28]WAITING FOR LOGIN RESPONSE
[1980-01-06 08:00:30]RECV MSG: LOGIN_RESP, MSGID: 2
[1980-01-06 08:00:30]waiting login return timein
[2019-11-07 16:29:51]setTime success: 0 1
[2019-11-07 16:29:51]LOGIN SUCCESS! GET TOKEN: 29db2844-42b2-43b0-99ee-cb093f6b16b1
[2019-11-07 16:29:51]method SetTspLoginSta succ, result true
[2019-11-07 16:29:51]RECV MSG: LOGIN_RESP, MSGID: 2
[2019-11-07 16:29:34]setTime success: 0 1
[2019-11-07 16:29:34]LOGIN SUCCESS! GET TOKEN: 202e68a3-1a51-477d-b62d-4751305bcec2
[2019-11-07 16:29:34]method SetTspLoginSta succ, result true
[2019-11-07 16:29:34]mqtt recieve failed, rc = -1
[2019-11-07 16:29:34]disconnect mqtt server, -3
[2019-11-07 16:29:35]connect server, url: ssl://222.178.193.138:9994 
[2019-11-07 16:29:35]connect server: succ, ret 0
[2019-11-07 16:29:36]subscribe topic: gate/per/device/DFSK0001000200261910160001000010/order 
[2019-11-07 16:29:36]subscribe topic: succ, ret 0
[2019-11-07 16:29:36]get vin...
[2019-11-07 16:29:36]use asys conf vin: 12345T0703T000110
[2019-11-07 16:29:36]PDID : DFSK0001000200261910160001000010
[2019-11-07 16:29:36]ICCID: 89860918700009221026
[2019-11-07 16:29:36]VIN  : 12345T0703T000110
[2019-11-07 16:29:36]VERSION: DFSK000100020026000000040000_R
[2019-11-07 16:29:36]SEND MSG, MSGID: 3, MSGTYPE: LOGIN_REQ,
[2019-11-07 16:29:38]RECV MSG: LOGIN_RESP, MSGID: 3
[2019-11-07 16:29:38]setTime success: 0 1
[2019-11-07 16:29:38]LOGIN SUCCESS! GET TOKEN: 0aa51574-4c21-4db4-a23a-1ac3f6d83a60
[2019-11-07 16:29:38]method SetTspLoginSta succ, result true
[2019-11-07 16:29:38]RECV MSG: LOGIN_RESP, MSGID: 3
[2019-11-07 16:29:55]setTime success: 0 1
[2019-11-07 16:29:55]LOGIN SUCCESS! GET TOKEN: c06f496f-65d0-41f8-917a-aba95e5e27e1
[2019-11-07 16:29:55]method SetTspLoginSta succ, result true
[2019-11-07 16:30:41]method GetVehicleStatus succ
[2019-11-07 16:30:41]method GetACStatus succ
[2019-11-07 16:30:41]method GetTyreData succ
[2019-11-07 16:30:41]method getChargeStorStatus succ
[2019-11-07 16:30:41]method GetVCUStatus succ
[2019-11-07 16:30:41]method getChgeData succ
[2019-11-07 16:30:41]SEND MSG, MSGID: 4, MSGTYPE: VEHICLE_STATUS,
[2019-11-07 16:31:42]method GetVehicleStatus succ
[2019-11-07 16:31:42]method GetACStatus succ
[2019-11-07 16:31:42]method GetTyreData succ
[2019-11-07 16:31:42]method getChargeStorStatus succ
[2019-11-07 16:31:42]method GetVCUStatus succ
[2019-11-07 16:31:42]method getChgeData succ
[2019-11-07 16:31:42]SEND MSG, MSGID: 5, MSGTYPE: VEHICLE_STATUS,
[2019-11-07 16:32:42]method GetVehicleStatus succ
[2019-11-07 16:32:42]method GetACStatus succ
[2019-11-07 16:32:42]method GetTyreData succ
[2019-11-07 16:32:42]method getChargeStorStatus succ
[2019-11-07 16:32:42]method GetVCUStatus succ
[2019-11-07 16:32:42]method getChgeData succ
[2019-11-07 16:32:42]SEND MSG, MSGID: 6, MSGTYPE: VEHICLE_STATUS,
[2019-11-07 16:33:42]method GetVehicleStatus succ
[2019-11-07 16:33:42]method GetACStatus succ
[2019-11-07 16:33:42]method GetTyreData succ
[2019-11-07 16:33:42]method getChargeStorStatus succ
[2019-11-07 16:33:42]method GetVCUStatus succ
[2019-11-07 16:33:42]method getChgeData succ
[2019-11-07 16:33:42]SEND MSG, MSGID: 7, MSGTYPE: VEHICLE_STATUS,
[2019-11-07 16:34:42]method GetVehicleStatus succ
[2019-11-07 16:34:42]method GetACStatus succ
[2019-11-07 16:34:42]method GetTyreData succ
[2019-11-07 16:34:42]method getChargeStorStatus succ
[2019-11-07 16:34:42]method GetVCUStatus succ
[2019-11-07 16:34:42]method getChgeData succ
[2019-11-07 16:34:42]SEND MSG, MSGID: 8, MSGTYPE: VEHICLE_STATUS,
[2019-11-07 16:35:42]method GetVehicleStatus succ
[2019-11-07 16:35:42]method GetACStatus succ
[2019-11-07 16:35:42]method GetTyreData succ
[2019-11-07 16:35:42]method getChargeStorStatus succ
[2019-11-07 16:35:42]method GetVCUStatus succ
[2019-11-07 16:35:42]method getChgeData succ
[2019-11-07 16:35:42]SEND MSG, MSGID: 9, MSGTYPE: VEHICLE_STATUS,
[2019-11-07 16:35:54]BROADCAST RECV: motorfire mode 1
[2019-11-07 16:35:58]FLAMEOUT ID: 11
[2019-11-07 16:35:58]method GetVehicleStatus succ
[2019-11-07 16:35:58]method getChgeData succ
[2019-11-07 16:35:58]GPS longitude: 113916830, latitude: 22576907
[2019-11-07 16:35:58]SEND MSG, MSGID: 10, MSGTYPE: MOTOR_FIRE_REPORT,
[2019-11-07 16:36:42]method GetVehicleStatus succ
[2019-11-07 16:36:42]method GetACStatus succ
[2019-11-07 16:36:42]method GetTyreData succ
[2019-11-07 16:36:42]method getChargeStorStatus succ
[2019-11-07 16:36:42]method GetVCUStatus succ
[2019-11-07 16:36:42]method getChgeData succ
[2019-11-07 16:36:42]SEND MSG, MSGID: 11, MSGTYPE: VEHICLE_STATUS,
[2019-11-07 16:37:42]method GetVehicleStatus succ
[2019-11-07 16:37:42]method GetACStatus succ
[2019-11-07 16:37:42]method GetTyreData succ
[2019-11-07 16:37:42]method getChargeStorStatus succ
[2019-11-07 16:37:42]method GetVCUStatus succ
[2019-11-07 16:37:42]method getChgeData succ
[2019-11-07 16:37:42]SEND MSG, MSGID: 12, MSGTYPE: VEHICLE_STATUS,
[2019-11-07 16:38:42]method GetVehicleStatus succ
[2019-11-07 16:38:42]method GetACStatus succ
[2019-11-07 16:38:42]method GetTyreData succ
[2019-11-07 16:38:42]method getChargeStorStatus succ
[2019-11-07 16:38:42]method GetVCUStatus succ
[2019-11-07 16:38:42]method getChgeData succ
[2019-11-07 16:38:42]SEND MSG, MSGID: 13, MSGTYPE: VEHICLE_STATUS,
[2019-11-07 16:39:42]method GetVehicleStatus succ
[2019-11-07 16:39:43]method GetACStatus succ
[2019-11-07 16:39:43]method GetTyreData succ
[2019-11-07 16:39:43]method getChargeStorStatus succ
[2019-11-07 16:39:43]method GetVCUStatus succ
[2019-11-07 16:39:43]method getChgeData succ
[2019-11-07 16:39:43]SEND MSG, MSGID: 14, MSGTYPE: VEHICLE_STATUS,
[2019-11-07 16:40:43]method GetVehicleStatus succ
[2019-11-07 16:40:43]method GetACStatus succ
[2019-11-07 16:40:43]method GetTyreData succ
[2019-11-07 16:40:43]method getChargeStorStatus succ
[2019-11-07 16:40:43]method GetVCUStatus succ
[2019-11-07 16:40:43]method getChgeData succ
[2019-11-07 16:40:43]SEND MSG, MSGID: 15, MSGTYPE: VEHICLE_STATUS,
[2019-11-07 16:41:43]method GetVehicleStatus succ
[2019-11-07 16:41:43]method GetACStatus succ
[2019-11-07 16:41:43]method GetTyreData succ
[2019-11-07 16:41:43]method getChargeStorStatus succ
[2019-11-07 16:41:43]method GetVCUStatus succ
[2019-11-07 16:41:43]method getChgeData succ
[2019-11-07 16:41:43]SEND MSG, MSGID: 16, MSGTYPE: VEHICLE_STATUS,
[2019-11-07 16:42:43]method GetVehicleStatus succ
[2019-11-07 16:42:43]method GetACStatus succ
[2019-11-07 16:42:43]method GetTyreData succ
[2019-11-07 16:42:43]method getChargeStorStatus succ
[2019-11-07 16:42:43]method GetVCUStatus succ
[2019-11-07 16:42:43]method getChgeData succ
[2019-11-07 16:42:43]SEND MSG, MSGID: 17, MSGTYPE: VEHICLE_STATUS,
[2019-11-07 16:43:43]method GetVehicleStatus succ
[2019-11-07 16:43:43]method GetACStatus succ
[2019-11-07 16:43:43]method GetTyreData succ
[2019-11-07 16:43:43]method getChargeStorStatus succ
[2019-11-07 16:43:43]method GetVCUStatus succ
[2019-11-07 16:43:43]method getChgeData succ
[2019-11-07 16:43:43]SEND MSG, MSGID: 18, MSGTYPE: VEHICLE_STATUS,
[2019-11-07 16:44:43]method GetVehicleStatus succ
[2019-11-07 16:44:43]method GetACStatus succ
[2019-11-07 16:44:43]method GetTyreData succ
[2019-11-07 16:44:43]method getChargeStorStatus succ
[2019-11-07 16:44:43]method GetVCUStatus succ
[2019-11-07 16:44:43]method getChgeData succ
[2019-11-07 16:44:43]SEND MSG, MSGID: 19, MSGTYPE: VEHICLE_STATUS,
[2019-11-07 16:45:43]method GetVehicleStatus succ
[2019-11-07 16:45:43]method GetACStatus succ
[2019-11-07 16:45:43]method GetTyreData succ
[2019-11-07 16:45:43]method getChargeStorStatus succ
[2019-11-07 16:45:43]method GetVCUStatus succ
[2019-11-07 16:45:43]method getChgeData succ
[2019-11-07 16:45:43]SEND MSG, MSGID: 20, MSGTYPE: VEHICLE_STATUS,
[2019-11-07 16:46:43]method GetVehicleStatus succ
[2019-11-07 16:46:43]method GetACStatus succ
[2019-11-07 16:46:43]method GetTyreData succ
[2019-11-07 16:46:43]method getChargeStorStatus succ
[2019-11-07 16:46:43]method GetVCUStatus succ
[2019-11-07 16:46:43]method getChgeData succ
[2019-11-07 16:46:43]SEND MSG, MSGID: 21, MSGTYPE: VEHICLE_STATUS,
[2019-11-07 16:47:43]method GetVehicleStatus succ
[2019-11-07 16:47:43]method GetACStatus succ
[2019-11-07 16:47:43]method GetTyreData succ
[2019-11-07 16:47:43]method getChargeStorStatus succ
[2019-11-07 16:47:43]method GetVCUStatus succ
[2019-11-07 16:47:43]method getChgeData succ
[2019-11-07 16:47:43]SEND MSG, MSGID: 22, MSGTYPE: VEHICLE_STATUS,
[2019-11-07 16:48:07]RECV MSG: DIAGNOSIS_REQ, MSGID: 104
[2019-11-07 16:48:07]CALL METHOD: remoteDiagnosisRequest, callStatus: 0, ret: 0
[2019-11-07 16:48:07]RECV MSG: DIAGNOSIS_REQ, MSGID: 104
[2019-11-07 16:48:07]BROADCAST RECV: remote diagnosis result, source 0, id: 104 
[2019-11-07 16:48:07]CALL METHOD: remoteDiagnosisRequest, callStatus: 0, ret: 0
[2019-11-07 16:48:07]method GetVehicleStatus succ
[2019-11-07 16:48:07]method GetTyreData succ
[2019-11-07 16:48:07]diagnosis result failed, buffer len: 2
[2019-11-07 16:48:07]diagnosis err code: 53
[2019-11-07 16:48:07]SEND MSG, MSGID: 104, MSGTYPE: DIAGNOSIS_RESPONSE,
[2019-11-07 16:48:33]BROADCAST RECV: remote diagnosis result, source 0, id: 104 
[2019-11-07 16:48:33]method GetVehicleStatus succ
[2019-11-07 16:48:33]method GetTyreData succ
[2019-11-07 16:48:33]diagnosis result success, buffer len: 200
[2019-11-07 16:48:33]ECUID: 0x702
[2019-11-07 16:48:33]DTCS: c1868708
[2019-11-07 16:48:33]ECUID: 0x702
[2019-11-07 16:48:33]DTCS: c1648708
[2019-11-07 16:48:33]ECUID: 0x702
[2019-11-07 16:48:33]DTCS: c2648708
[2019-11-07 16:48:33]ECUID: 0x701
[2019-11-07 16:48:33]DTCS: c135872f
[2019-11-07 16:48:33]ECUID: 0x701
[2019-11-07 16:48:33]DTCS: 901e962f
[2019-11-07 16:48:33]ECUID: 0x701
[2019-11-07 16:48:33]DTCS: 9310962f
[2019-11-07 16:48:33]ECUID: 0x701
[2019-11-07 16:48:33]DTCS: 9410962f
[2019-11-07 16:48:33]ECUID: 0x701
[2019-11-07 16:48:33]DTCS: 9510962f
[2019-11-07 16:48:33]ECUID: 0x726
[2019-11-07 16:48:33]DTCS: 58501208
[2019-11-07 16:48:33]ECUID: 0x726
[2019-11-07 16:48:33]DTCS: 58511109
[2019-11-07 16:48:33]ECUID: 0x726
[2019-11-07 16:48:33]DTCS: 58721308
[2019-11-07 16:48:33]ECUID: 0x726
[2019-11-07 16:48:33]DTCS: 58731408
[2019-11-07 16:48:33]ECUID: 0x726
[2019-11-07 16:48:33]DTCS: c1228708
[2019-11-07 16:48:33]ECUID: 0x725
[2019-11-07 16:48:33]DTCS: da308708
[2019-11-07 16:48:33]ECUID: 0x725
[2019-11-07 16:48:33]DTCS: c2648708
[2019-11-07 16:48:33]ECUID: 0x725
[2019-11-07 16:48:33]DTCS: d1598708
[2019-11-07 16:48:33]ECUID: 0x725
[2019-11-07 16:48:33]DTCS: c1228708
[2019-11-07 16:48:33]ECUID: 0x725
[2019-11-07 16:48:33]DTCS: c1018708
[2019-11-07 16:48:33]ECUID: 0x725
[2019-11-07 16:48:33]DTCS: c1008708
[2019-11-07 16:48:33]ECUID: 0x725
[2019-11-07 16:48:33]DTCS: c1408708
[2019-11-07 16:48:33]ECUID: 0x725
[2019-11-07 16:48:33]DTCS: c4948708
[2019-11-07 16:48:33]ECUID: 0x725
[2019-11-07 16:48:33]DTCS: c0730008
[2019-11-07 16:48:33]ECUID: 0x728
[2019-11-07 16:48:33]DTCS: c1038709
[2019-11-07 16:48:33]ECUID: 0x728
[2019-11-07 16:48:33]DTCS: d1598709
[2019-11-07 16:48:33]ECUID: 0x728
[2019-11-07 16:48:33]DTCS: c2648709
[2019-11-07 16:48:33]SEND MSG, MSGID: 104, MSGTYPE: DIAGNOSIS_RESPONSE,
[2019-11-07 16:48:44]method GetVehicleStatus succ
[2019-11-07 16:48:44]method GetACStatus succ
[2019-11-07 16:48:44]method GetTyreData succ
[2019-11-07 16:48:44]method getChargeStorStatus succ
[2019-11-07 16:48:44]method GetVCUStatus succ
[2019-11-07 16:48:44]method getChgeData succ
[2019-11-07 16:48:44]SEND MSG, MSGID: 23, MSGTYPE: VEHICLE_STATUS,
[2019-11-07 16:49:44]method GetVehicleStatus succ
[2019-11-07 16:49:44]method GetACStatus succ
[2019-11-07 16:49:44]method GetTyreData succ
[2019-11-07 16:49:44]method getChargeStorStatus succ
[2019-11-07 16:49:44]method GetVCUStatus succ
[2019-11-07 16:49:44]method getChgeData succ
[2019-11-07 16:49:44]SEND MSG, MSGID: 24, MSGTYPE: VEHICLE_STATUS,
[2019-11-07 16:50:44]method GetVehicleStatus succ
[2019-11-07 16:50:44]method GetACStatus succ
[2019-11-07 16:50:44]method GetTyreData succ
[2019-11-07 16:50:44]method getChargeStorStatus succ
[2019-11-07 16:50:44]method GetVCUStatus succ
[2019-11-07 16:50:44]method getChgeData succ
[2019-11-07 16:50:44]SEND MSG, MSGID: 25, MSGTYPE: VEHICLE_STATUS,
[2019-11-07 16:51:44]method GetVehicleStatus succ
[2019-11-07 16:51:44]method GetACStatus succ
[2019-11-07 16:51:44]method GetTyreData succ
[2019-11-07 16:51:44]method getChargeStorStatus succ
[2019-11-07 16:51:44]method GetVCUStatus succ
[2019-11-07 16:51:44]method getChgeData succ
[2019-11-07 16:51:44]SEND MSG, MSGID: 26, MSGTYPE: VEHICLE_STATUS,
[2019-11-07 16:52:44]method GetVehicleStatus succ
[2019-11-07 16:52:44]method GetACStatus succ
[2019-11-07 16:52:44]method GetTyreData succ
[2019-11-07 16:52:44]method getChargeStorStatus succ
[2019-11-07 16:52:44]method GetVCUStatus succ
[2019-11-07 16:52:44]method getChgeData succ
[2019-11-07 16:52:44]SEND MSG, MSGID: 27, MSGTYPE: VEHICLE_STATUS,
[2019-11-07 16:53:02]mqtt recieve failed, rc = -1
[2019-11-07 16:53:02]disconnect mqtt server, -3
[2019-11-07 16:53:03]connect server, url: ssl://222.178.193.138:9994 
[2019-11-07 16:53:03]connect server: succ, ret 0
[2019-11-07 16:53:03]subscribe topic: gate/per/device/DFSK0001000200261910160001000010/order 
[2019-11-07 16:53:03]subscribe topic: succ, ret 0
[2019-11-07 16:53:03]get vin...
[2019-11-07 16:53:03]use asys conf vin: 12345T0703T000110
[2019-11-07 16:53:03]PDID : DFSK0001000200261910160001000010
[2019-11-07 16:53:03]ICCID: 89860918700009221026
[2019-11-07 16:53:03]VIN  : 12345T0703T000110
[2019-11-07 16:53:03]VERSION: DFSK000100020026000000040000_R
[2019-11-07 16:53:03]SEND MSG, MSGID: 28, MSGTYPE: LOGIN_REQ,
[2019-11-07 16:53:06]RECV MSG: LOGIN_RESP, MSGID: 28
[2019-11-07 16:52:46]setTime success: 0 1
[2019-11-07 16:52:46]LOGIN SUCCESS! GET TOKEN: ab943d34-7b0d-4b84-80c8-ed646ccdab8b
[2019-11-07 16:52:46]method SetTspLoginSta succ, result true
[2019-11-07 16:52:46]RECV MSG: LOGIN_RESP, MSGID: 28
[2019-11-07 16:53:03]setTime success: 0 1
[2019-11-07 16:53:03]LOGIN SUCCESS! GET TOKEN: ef9f090e-edb7-4653-a4bc-1925400b5ba1
[2019-11-07 16:53:03]method SetTspLoginSta succ, result true
