[1980-01-06 08:00:21]
[1980-01-06 08:00:21]*****************************
[1980-01-06 08:00:21]           startup          
[1980-01-06 08:00:21] build: Oct 31 2019 14:33:06 
[1980-01-06 08:00:21]*****************************
[1980-01-06 08:00:21]
[1980-01-06 08:00:21]OPEN CONF FILE: /etc/qbtsp.conf 
[1980-01-06 08:00:21]set file conf gateway server addr!
[1980-01-06 08:00:21]tbox version: DFSK000100020026000000040000 
[1980-01-06 08:00:21]Service has registered!
[1980-01-06 08:00:21]Vin changed, Redo login!
[1980-01-06 08:00:21]TSPClient::startup is running...
[1980-01-06 08:00:21]Service is available! power-service
[1980-01-06 08:00:21]get pdid...
[1980-01-06 08:00:21]use asys conf pdid: DFSK0001000200261910160001000010
[1980-01-06 08:00:21]get iccid...
[1980-01-06 08:00:21]use asys conf iccid: 89860918700009221026
[1980-01-06 08:00:21]TSPClient::gval_thread is running...
[1980-01-06 08:00:21]TSPClient::data_upload is running...
[1980-01-06 08:00:21]TSPClient::recieve is running...
[1980-01-06 08:00:21]TSPClient::waiting is running...
[1980-01-06 08:00:21]SEND MSG, MSGID: 1, MSGTYPE: LOGOUT_REQ,
[1980-01-06 08:00:21]subscribePwrService success:  0 1
[1980-01-06 08:00:21]getPwrMode success:  0 1 1
[1980-01-06 08:00:21]BROADCAST RECV: POWER RUNNING
[1980-01-06 08:00:21]sqlite init fail, ret -1, thread safe 1, db path /data/db/tspcomm.db
[1980-01-06 08:00:21]start to running...
[1980-01-06 08:00:21]replyPwrMode success:  0 1
[1980-01-06 08:00:21]Service is available! fota-service
[1980-01-06 08:00:21]processConneted success:  0 0
[1980-01-06 08:00:21]Service is available! rescue-service
[1980-01-06 08:00:21]Service is available! remote-service
[1980-01-06 08:00:22]Service is available! data-service
[1980-01-06 08:00:22]Service is available! alarm-service
[1980-01-06 08:00:22]CREATE MQTT OBJECT SUCC, ret 0
[1980-01-06 08:00:22]SERVER URL: ssl://demo-mqtt.fgservice.cn:8888 
[1980-01-06 08:00:22]CLIENT ID : DFSK0001000200261910160001000010 
[1980-01-06 08:00:22]Init level 1 addr, level 1 - gateway addr, level 2 - vehicle addr
[1980-01-06 08:00:22]connect server, url: ssl://demo-mqtt.fgservice.cn:8888 
[1980-01-06 08:00:22]connect server: fail, ret -1
[1980-01-06 08:00:22]disconnect mqtt server, -3
[1980-01-06 08:00:23]connect server, url: ssl://demo-mqtt.fgservice.cn:8888 
[1980-01-06 08:00:23]connect server: fail, ret -1
[1980-01-06 08:00:23]disconnect mqtt server, -3
[1980-01-06 08:00:25]connect server, url: ssl://demo-mqtt.fgservice.cn:8888 
[1980-01-06 08:00:25]connect server: fail, ret -1
[1980-01-06 08:00:25]disconnect mqtt server, -3
[1980-01-06 08:00:28]connect server, url: ssl://demo-mqtt.fgservice.cn:8888 
[1980-01-06 08:00:28]connect server: fail, ret -1
[1980-01-06 08:00:28]disconnect mqtt server, -3
[1980-01-06 08:00:32]connect server, url: ssl://demo-mqtt.fgservice.cn:8888 
[1980-01-06 08:00:32]connect server: fail, ret -1
[1980-01-06 08:00:32]disconnect mqtt server, -3
[1980-01-06 08:00:37]connect server, url: ssl://demo-mqtt.fgservice.cn:8888 
[1980-01-06 08:00:37]connect server: fail, ret -1
[1980-01-06 08:00:37]disconnect mqtt server, -3
[1980-01-06 08:00:43]connect server, url: ssl://demo-mqtt.fgservice.cn:8888 
[1980-01-06 08:00:43]connect server: fail, ret -1
[1980-01-06 08:00:43]disconnect mqtt server, -3
[1980-01-06 08:00:50]connect server, url: ssl://demo-mqtt.fgservice.cn:8888 
[1980-01-06 08:00:50]connect server: fail, ret -1
[1980-01-06 08:00:50]disconnect mqtt server, -3
[1980-01-06 08:00:58]connect server, url: ssl://demo-mqtt.fgservice.cn:8888 
[1980-01-06 08:00:58]connect server: fail, ret -1
[1980-01-06 08:00:58]disconnect mqtt server, -3
