[1980-01-06 08:00:21]
[1980-01-06 08:00:21]*****************************
[1980-01-06 08:00:21]           startup          
[1980-01-06 08:00:21] build: Oct 31 2019 14:33:06 
[1980-01-06 08:00:21]*****************************
[1980-01-06 08:00:21]
[1980-01-06 08:00:21]OPEN CONF FILE: /etc/qbtsp.conf 
[1980-01-06 08:00:21]set file conf gateway server addr!
[1980-01-06 08:00:21]tbox version: DFSK000100020026000000040000 
[1980-01-06 08:00:21]Service has registered!
[1980-01-06 08:00:21]Vin changed, Redo login!
[1980-01-06 08:00:21]TSPClient::startup is running...
[1980-01-06 08:00:21]Service is available! power-service
[1980-01-06 08:00:21]get pdid...
[1980-01-06 08:00:21]use asys conf pdid: DFSK0001000200261910160001000010
[1980-01-06 08:00:21]get iccid...
[1980-01-06 08:00:21]use asys conf iccid: 89860918700009221026
[1980-01-06 08:00:21]TSPClient::recieve is running...
[1980-01-06 08:00:21]TSPClient::gval_thread is running...
[1980-01-06 08:00:21]TSPClient::data_upload is running...
[1980-01-06 08:00:21]TSPClient::waiting is running...
[1980-01-06 08:00:21]SEND MSG, MSGID: 1, MSGTYPE: LOGOUT_REQ,
[1980-01-06 08:00:21]subscribePwrService success:  0 1
[1980-01-06 08:00:21]getPwrMode success:  0 1 1
[1980-01-06 08:00:21]BROADCAST RECV: POWER RUNNING
[1980-01-06 08:00:21]sqlite init fail, ret -1, thread safe 1, db path /data/db/tspcomm.db
[1980-01-06 08:00:21]start to running...
[1980-01-06 08:00:22]replyPwrMode success:  0 1
[1980-01-06 08:00:22]Service is available! fota-service
[1980-01-06 08:00:22]processConneted success:  0 0
[1980-01-06 08:00:22]Service is available! rescue-service
[1980-01-06 08:00:22]Service is available! remote-service
[1980-01-06 08:00:22]Service is available! data-service
[1980-01-06 08:00:22]Service is available! alarm-service
[1980-01-06 08:00:22]CREATE MQTT OBJECT SUCC, ret 0
[1980-01-06 08:00:22]SERVER URL: ssl://demo-mqtt.fgservice.cn:8888 
[1980-01-06 08:00:22]CLIENT ID : DFSK0001000200261910160001000010 
[1980-01-06 08:00:22]Init level 1 addr, level 1 - gateway addr, level 2 - vehicle addr
[1980-01-06 08:00:22]connect server, url: ssl://demo-mqtt.fgservice.cn:8888 
[1980-01-06 08:00:22]connect server: fail, ret -1
[1980-01-06 08:00:22]disconnect mqtt server, -3
[1980-01-06 08:00:23]connect server, url: ssl://demo-mqtt.fgservice.cn:8888 
[1980-01-06 08:00:23]connect server: fail, ret -1
[1980-01-06 08:00:23]disconnect mqtt server, -3
[1980-01-06 08:00:25]connect server, url: ssl://demo-mqtt.fgservice.cn:8888 
[1980-01-06 08:00:25]connect server: fail, ret -1
[1980-01-06 08:00:25]disconnect mqtt server, -3
[1980-01-06 08:00:29]connect server, url: ssl://demo-mqtt.fgservice.cn:8888 
[1980-01-06 08:00:29]connect server: succ, ret 0
[1980-01-06 08:00:29]subscribe topic: gate/per/device/DFSK0001000200261910160001000010/order 
[1980-01-06 08:00:29]subscribe topic: succ, ret 0
[1980-01-06 08:00:29]get vin...
[1980-01-06 08:00:29]use asys conf vin: 12345T0703T000110
[1980-01-06 08:00:29]PDID : DFSK0001000200261910160001000010
[1980-01-06 08:00:29]ICCID: 89860918700009221026
[1980-01-06 08:00:29]VIN  : 12345T0703T000110
[1980-01-06 08:00:29]VERSION: DFSK000100020026000000040000_R
[1980-01-06 08:00:29]SEND MSG, MSGID: 2, MSGTYPE: LOGIN_REQ,
[1980-01-06 08:00:29]WAITING FOR LOGIN RESPONSE
[1980-01-06 08:00:30]RECV MSG: LOGIN_RESP, MSGID: 2
[1980-01-06 08:00:30]waiting login return timein
[2019-11-07 19:49:20]setTime success: 0 1
[2019-11-07 19:49:20]LOGIN SUCCESS! GET TOKEN: 0000
[2019-11-07 19:49:20]method SetTspLoginSta succ, result true
[2019-11-07 19:49:20]RECV MSG: GATEWAY_RESP, MSGID: 2
[2019-11-07 19:49:20]Gateway response, Ack: true, Url: ssl://demo-mqtt.fgservice.cn:9995
[2019-11-07 19:49:20]Gateway set success, Reinit client
[2019-11-07 19:49:20]disconnect mqtt server, 0
[2019-11-07 19:49:20]mqtt recieve failed, rc = -3
[2019-11-07 19:49:20]disconnect mqtt server, -3
[2019-11-07 19:49:22]delete mqtt object, -3, -3, 0
[2019-11-07 19:49:23]CREATE MQTT OBJECT SUCC, ret 0
[2019-11-07 19:49:23]SERVER URL: ssl://demo-mqtt.fgservice.cn:9995 
[2019-11-07 19:49:23]CLIENT ID : DFSK0001000200261910160001000010 
[2019-11-07 19:49:23]Init level 2 addr, level 1 - gateway addr, level 2 - vehicle addr
[2019-11-07 19:49:24]connect server, url: ssl://demo-mqtt.fgservice.cn:9995 
[2019-11-07 19:49:24]connect server: succ, ret 0
[2019-11-07 19:49:24]subscribe topic: gate/per/device/DFSK0001000200261910160001000010/order 
[2019-11-07 19:49:24]subscribe topic: succ, ret 0
[2019-11-07 19:49:24]get vin...
[2019-11-07 19:49:24]use asys conf vin: 12345T0703T000110
[2019-11-07 19:49:24]PDID : DFSK0001000200261910160001000010
[2019-11-07 19:49:24]ICCID: 89860918700009221026
[2019-11-07 19:49:24]VIN  : 12345T0703T000110
[2019-11-07 19:49:24]VERSION: DFSK000100020026000000040000_R
[2019-11-07 19:49:24]SEND MSG, MSGID: 3, MSGTYPE: LOGIN_REQ,
[2019-11-07 19:49:24]WAITING FOR LOGIN RESPONSE
[2019-11-07 19:49:27]RECV MSG: LOGIN_RESP, MSGID: 3
[2019-11-07 19:49:26]waiting login return timein
[2019-11-07 19:49:26]setTime success: 0 1
[2019-11-07 19:49:26]LOGIN SUCCESS! GET TOKEN: bba37d0e-57ed-4e5d-89b4-ff1ee44c582d
[2019-11-07 19:49:26]method SetTspLoginSta succ, result true
[2019-11-07 19:50:08]RECV MSG: DIAGNOSIS_REQ, MSGID: 104
[2019-11-07 19:50:08]CALL METHOD: remoteDiagnosisRequest, callStatus: 0, ret: 0
[2019-11-07 19:50:10]method GetVehicleStatus succ
[2019-11-07 19:50:10]method GetACStatus succ
[2019-11-07 19:50:10]method GetTyreData succ
[2019-11-07 19:50:10]method getChargeStorStatus succ
[2019-11-07 19:50:10]method GetVCUStatus succ
[2019-11-07 19:50:10]method getChgeData succ
[2019-11-07 19:50:10]SEND MSG, MSGID: 4, MSGTYPE: VEHICLE_STATUS,
[2019-11-07 19:50:34]BROADCAST RECV: remote diagnosis result, source 0, id: 104 
[2019-11-07 19:50:34]method GetVehicleStatus succ
[2019-11-07 19:50:34]method GetTyreData succ
[2019-11-07 19:50:34]diagnosis result success, buffer len: 200
[2019-11-07 19:50:34]ECUID: 0x702
[2019-11-07 19:50:34]DTCS: c1868708
[2019-11-07 19:50:34]ECUID: 0x702
[2019-11-07 19:50:34]DTCS: c1648708
[2019-11-07 19:50:34]ECUID: 0x702
[2019-11-07 19:50:34]DTCS: c2648709
[2019-11-07 19:50:34]ECUID: 0x701
[2019-11-07 19:50:34]DTCS: c135872f
[2019-11-07 19:50:34]ECUID: 0x701
[2019-11-07 19:50:34]DTCS: 901e962f
[2019-11-07 19:50:34]ECUID: 0x701
[2019-11-07 19:50:34]DTCS: 9310962f
[2019-11-07 19:50:34]ECUID: 0x701
[2019-11-07 19:50:34]DTCS: 9410962f
[2019-11-07 19:50:34]ECUID: 0x701
[2019-11-07 19:50:34]DTCS: 9510962f
[2019-11-07 19:50:34]ECUID: 0x726
[2019-11-07 19:50:34]DTCS: 58501208
[2019-11-07 19:50:34]ECUID: 0x726
[2019-11-07 19:50:34]DTCS: 58511109
[2019-11-07 19:50:34]ECUID: 0x726
[2019-11-07 19:50:34]DTCS: 58721308
[2019-11-07 19:50:34]ECUID: 0x726
[2019-11-07 19:50:34]DTCS: 58731408
[2019-11-07 19:50:34]ECUID: 0x726
[2019-11-07 19:50:34]DTCS: c1228709
[2019-11-07 19:50:34]ECUID: 0x725
[2019-11-07 19:50:34]DTCS: da308709
[2019-11-07 19:50:34]ECUID: 0x725
[2019-11-07 19:50:34]DTCS: c2648709
[2019-11-07 19:50:34]ECUID: 0x725
[2019-11-07 19:50:34]DTCS: d1598709
[2019-11-07 19:50:34]ECUID: 0x725
[2019-11-07 19:50:34]DTCS: c1228709
[2019-11-07 19:50:34]ECUID: 0x725
[2019-11-07 19:50:34]DTCS: c1018708
[2019-11-07 19:50:34]ECUID: 0x725
[2019-11-07 19:50:34]DTCS: c1008708
[2019-11-07 19:50:34]ECUID: 0x725
[2019-11-07 19:50:34]DTCS: c1408708
[2019-11-07 19:50:34]ECUID: 0x725
[2019-11-07 19:50:34]DTCS: c4948709
[2019-11-07 19:50:34]ECUID: 0x725
[2019-11-07 19:50:34]DTCS: c0730008
[2019-11-07 19:50:34]ECUID: 0x728
[2019-11-07 19:50:34]DTCS: c1038709
[2019-11-07 19:50:34]ECUID: 0x728
[2019-11-07 19:50:34]DTCS: d1598709
[2019-11-07 19:50:34]ECUID: 0x728
[2019-11-07 19:50:34]DTCS: c2648709
[2019-11-07 19:50:34]SEND MSG, MSGID: 104, MSGTYPE: DIAGNOSIS_RESPONSE,
[2019-11-07 19:51:10]method GetVehicleStatus succ
[2019-11-07 19:51:10]method GetACStatus succ
[2019-11-07 19:51:10]method GetTyreData succ
[2019-11-07 19:51:10]method getChargeStorStatus succ
[2019-11-07 19:51:10]method GetVCUStatus succ
[2019-11-07 19:51:10]method getChgeData succ
[2019-11-07 19:51:10]SEND MSG, MSGID: 5, MSGTYPE: VEHICLE_STATUS,
[2019-11-07 19:52:10]method GetVehicleStatus succ
[2019-11-07 19:52:10]method GetACStatus succ
[2019-11-07 19:52:10]method GetTyreData succ
[2019-11-07 19:52:10]method getChargeStorStatus succ
[2019-11-07 19:52:10]method GetVCUStatus succ
[2019-11-07 19:52:10]method getChgeData succ
[2019-11-07 19:52:10]SEND MSG, MSGID: 6, MSGTYPE: VEHICLE_STATUS,
[2019-11-07 19:53:10]method GetVehicleStatus succ
[2019-11-07 19:53:10]method GetACStatus succ
[2019-11-07 19:53:10]method GetTyreData succ
[2019-11-07 19:53:10]method getChargeStorStatus succ
[2019-11-07 19:53:10]method GetVCUStatus succ
[2019-11-07 19:53:10]method getChgeData succ
[2019-11-07 19:53:10]SEND MSG, MSGID: 7, MSGTYPE: VEHICLE_STATUS,
[2019-11-07 19:54:10]method GetVehicleStatus succ
[2019-11-07 19:54:10]method GetACStatus succ
[2019-11-07 19:54:10]method GetTyreData succ
[2019-11-07 19:54:10]method getChargeStorStatus succ
[2019-11-07 19:54:10]method GetVCUStatus succ
[2019-11-07 19:54:10]method getChgeData succ
[2019-11-07 19:54:10]SEND MSG, MSGID: 8, MSGTYPE: VEHICLE_STATUS,
[2019-11-07 19:54:10]mqtt recieve failed, rc = -1
[2019-11-07 19:54:11]disconnect mqtt server, -3
[2019-11-07 19:54:12]connect server, url: ssl://demo-mqtt.fgservice.cn:9995 
[2019-11-07 19:54:12]connect server: succ, ret 0
[2019-11-07 19:54:12]subscribe topic: gate/per/device/DFSK0001000200261910160001000010/order 
[2019-11-07 19:54:12]subscribe topic: succ, ret 0
[2019-11-07 19:54:12]get vin...
[2019-11-07 19:54:12]use asys conf vin: 12345T0703T000110
[2019-11-07 19:54:12]PDID : DFSK0001000200261910160001000010
[2019-11-07 19:54:12]ICCID: 89860918700009221026
[2019-11-07 19:54:12]VIN  : 12345T0703T000110
[2019-11-07 19:54:12]VERSION: DFSK000100020026000000040000_R
[2019-11-07 19:54:12]SEND MSG, MSGID: 9, MSGTYPE: LOGIN_REQ,
[2019-11-07 19:54:12]WAITING FOR LOGIN RESPONSE
[2019-11-07 19:54:14]RECV MSG: LOGIN_RESP, MSGID: 9
[2019-11-07 19:54:15]waiting login return timein
[2019-11-07 19:54:15]setTime success: 0 1
[2019-11-07 19:54:15]LOGIN SUCCESS! GET TOKEN: fc8908ef-d4b8-4fab-b293-209d6f851795
[2019-11-07 19:54:15]method SetTspLoginSta succ, result true
[2019-11-07 19:55:10]method GetVehicleStatus succ
[2019-11-07 19:55:10]method GetACStatus succ
[2019-11-07 19:55:10]method GetTyreData succ
[2019-11-07 19:55:10]method getChargeStorStatus succ
[2019-11-07 19:55:10]method GetVCUStatus succ
[2019-11-07 19:55:10]method getChgeData succ
[2019-11-07 19:55:10]SEND MSG, MSGID: 10, MSGTYPE: VEHICLE_STATUS,
[2019-11-07 19:55:18]mqtt recieve failed, rc = -1
[2019-11-07 19:55:18]disconnect mqtt server, -3
[2019-11-07 19:55:20]connect server, url: ssl://demo-mqtt.fgservice.cn:9995 
[2019-11-07 19:55:20]connect server: succ, ret 0
[2019-11-07 19:55:20]subscribe topic: gate/per/device/DFSK0001000200261910160001000010/order 
[2019-11-07 19:55:20]subscribe topic: succ, ret 0
[2019-11-07 19:55:20]get vin...
[2019-11-07 19:55:20]use asys conf vin: 12345T0703T000110
[2019-11-07 19:55:20]PDID : DFSK0001000200261910160001000010
[2019-11-07 19:55:20]ICCID: 89860918700009221026
[2019-11-07 19:55:20]VIN  : 12345T0703T000110
[2019-11-07 19:55:20]VERSION: DFSK000100020026000000040000_R
[2019-11-07 19:55:20]SEND MSG, MSGID: 11, MSGTYPE: LOGIN_REQ,
[2019-11-07 19:55:20]WAITING FOR LOGIN RESPONSE
[2019-11-07 19:55:22]RECV MSG: LOGIN_RESP, MSGID: 11
[2019-11-07 19:55:22]setTime success: 0 1
[2019-11-07 19:55:22]LOGIN SUCCESS! GET TOKEN: c80ce66d-eb88-4ceb-863c-51d9b4174b91
[2019-11-07 19:55:22]waiting login return timein
[2019-11-07 19:55:22]method SetTspLoginSta succ, result true
