[1980-01-06 08:00:21]
[1980-01-06 08:00:21]*****************************
[1980-01-06 08:00:21]           startup          
[1980-01-06 08:00:21] build: Oct 31 2019 14:33:06 
[1980-01-06 08:00:21]*****************************
[1980-01-06 08:00:21]
[1980-01-06 08:00:21]OPEN CONF FILE: /etc/qbtsp.conf 
[1980-01-06 08:00:21]set file conf gateway server addr!
[1980-01-06 08:00:21]tbox version: DFSK000100020026000000040000 
[1980-01-06 08:00:21]Service has registered!
[1980-01-06 08:00:21]Vin changed, Redo login!
[1980-01-06 08:00:21]TSPClient::startup is running...
[1980-01-06 08:00:21]Service is available! power-service
[1980-01-06 08:00:21]get pdid...
[1980-01-06 08:00:21]use asys conf pdid: DFSK0001000200261910160001000010
[1980-01-06 08:00:21]get iccid...
[1980-01-06 08:00:21]use asys conf iccid: 89860918700009221026
[1980-01-06 08:00:21]TSPClient::gval_thread is running...
[1980-01-06 08:00:21]TSPClient::data_upload is running...
[1980-01-06 08:00:22]TSPClient::waiting is running...
[1980-01-06 08:00:22]subscribePwrService success:  0 1
[1980-01-06 08:00:22]TSPClient::recieve is running...
[1980-01-06 08:00:22]SEND MSG, MSGID: 1, MSGTYPE: LOGOUT_REQ,
[1980-01-06 08:00:22]getPwrMode success:  0 1 1
[1980-01-06 08:00:22]BROADCAST RECV: POWER RUNNING
[1980-01-06 08:00:22]sqlite init fail, ret -1, thread safe 1, db path /data/db/tspcomm.db
[1980-01-06 08:00:22]start to running...
[1980-01-06 08:00:22]replyPwrMode success:  0 1
[1980-01-06 08:00:22]Service is available! fota-service
[1980-01-06 08:00:22]processConneted success:  0 0
[1980-01-06 08:00:22]Service is available! rescue-service
[1980-01-06 08:00:22]Service is available! remote-service
[1980-01-06 08:00:22]Service is available! data-service
[1980-01-06 08:00:22]Service is available! alarm-service
[1980-01-06 08:00:22]CREATE MQTT OBJECT SUCC, ret 0
[1980-01-06 08:00:22]SERVER URL: ssl://222.178.193.138:9994 
[1980-01-06 08:00:22]CLIENT ID : DFSK0001000200261910160001000010 
[1980-01-06 08:00:22]Init level 2 addr, level 1 - gateway addr, level 2 - vehicle addr
[1980-01-06 08:00:22]connect server, url: ssl://222.178.193.138:9994 
[1980-01-06 08:00:22]connect server: fail, ret -1
[1980-01-06 08:00:22]disconnect mqtt server, -3
[1980-01-06 08:00:23]connect server, url: ssl://222.178.193.138:9994 
[1980-01-06 08:00:23]connect server: fail, ret -1
[1980-01-06 08:00:23]disconnect mqtt server, -3
[1980-01-06 08:00:25]connect server, url: ssl://222.178.193.138:9994 
[1980-01-06 08:00:25]connect server: fail, ret -1
[1980-01-06 08:00:25]disconnect mqtt server, -3
[1980-01-06 08:00:28]connect server, url: ssl://222.178.193.138:9994 
[1980-01-06 08:00:28]connect server: succ, ret 0
[1980-01-06 08:00:28]subscribe topic: gate/per/device/DFSK0001000200261910160001000010/order 
[1980-01-06 08:00:28]subscribe topic: succ, ret 0
[1980-01-06 08:00:28]get vin...
[1980-01-06 08:00:28]use asys conf vin: 12345T0703T000110
[1980-01-06 08:00:28]PDID : DFSK0001000200261910160001000010
[1980-01-06 08:00:28]ICCID: 89860918700009221026
[1980-01-06 08:00:28]VIN  : 12345T0703T000110
[1980-01-06 08:00:28]VERSION: DFSK000100020026000000040000_R
[1980-01-06 08:00:28]SEND MSG, MSGID: 2, MSGTYPE: LOGIN_REQ,
[1980-01-06 08:00:28]WAITING FOR LOGIN RESPONSE
[1980-01-06 08:00:31]RECV MSG: LOGIN_RESP, MSGID: 2
[1980-01-06 08:00:31]waiting login return timein
[2019-11-08 07:03:06]setTime success: 0 1
[2019-11-08 07:03:06]LOGIN SUCCESS! GET TOKEN: 9ac54a5f-0b3e-4e57-b093-db700c3ebde3
[2019-11-08 07:03:06]method SetTspLoginSta succ, result true
[2019-11-08 07:03:06]RECV MSG: LOGIN_RESP, MSGID: 2
[2019-11-08 07:03:24]setTime success: 0 1
[2019-11-08 07:03:24]LOGIN SUCCESS! GET TOKEN: 32a40887-a6a4-48f3-9c53-723cc71cb9f2
[2019-11-08 07:03:24]method SetTspLoginSta succ, result true
[2019-11-08 07:03:30]mqtt recieve failed, rc = -3
[2019-11-08 07:03:30]disconnect mqtt server, -3
[2019-11-08 07:03:32]connect server, url: ssl://222.178.193.138:9994 
[2019-11-08 07:03:32]connect server: succ, ret 0
[2019-11-08 07:03:32]subscribe topic: gate/per/device/DFSK0001000200261910160001000010/order 
[2019-11-08 07:03:32]subscribe topic: succ, ret 0
[2019-11-08 07:03:32]get vin...
[2019-11-08 07:03:32]use asys conf vin: 12345T0703T000110
[2019-11-08 07:03:32]PDID : DFSK0001000200261910160001000010
[2019-11-08 07:03:32]ICCID: 89860918700009221026
[2019-11-08 07:03:32]VIN  : 12345T0703T000110
[2019-11-08 07:03:32]VERSION: DFSK000100020026000000040000_R
[2019-11-08 07:03:32]SEND MSG, MSGID: 3, MSGTYPE: LOGIN_REQ,
[2019-11-08 07:03:34]RECV MSG: LOGIN_RESP, MSGID: 3
[2019-11-08 07:03:34]setTime success: 0 1
[2019-11-08 07:03:34]LOGIN SUCCESS! GET TOKEN: db180f96-a562-4ccf-bd7d-de21a8ef7a23
[2019-11-08 07:03:34]method SetTspLoginSta succ, result true
[2019-11-08 07:03:34]RECV MSG: LOGIN_RESP, MSGID: 3
[2019-11-08 07:03:17]setTime success: 0 1
[2019-11-08 07:03:17]LOGIN SUCCESS! GET TOKEN: a72ea7b3-02a8-48a6-a7d2-271ff94f0d80
[2019-11-08 07:03:17]method SetTspLoginSta succ, result true
