[1980-01-06 08:00:21]
[1980-01-06 08:00:21]*****************************
[1980-01-06 08:00:21]           startup          
[1980-01-06 08:00:21] build: Oct 31 2019 14:33:06 
[1980-01-06 08:00:21]*****************************
[1980-01-06 08:00:21]
[1980-01-06 08:00:21]OPEN CONF FILE: /etc/qbtsp.conf 
[1980-01-06 08:00:21]set file conf gateway server addr!
[1980-01-06 08:00:21]tbox version: DFSK000100020026000000040000 
[1980-01-06 08:00:21]Service has registered!
[1980-01-06 08:00:21]Vin changed, Redo login!
[1980-01-06 08:00:21]Service is available! power-service
[1980-01-06 08:00:21]TSPClient::startup is running...
[1980-01-06 08:00:21]get pdid...
[1980-01-06 08:00:21]use asys conf pdid: DFSK0001000200261910160001000010
[1980-01-06 08:00:21]get iccid...
[1980-01-06 08:00:21]use asys conf iccid: 89860918700009221026
[1980-01-06 08:00:21]TSPClient::gval_thread is running...
[1980-01-06 08:00:21]TSPClient::data_upload is running...
[1980-01-06 08:00:21]TSPClient::waiting is running...
[1980-01-06 08:00:21]TSPClient::recieve is running...
[1980-01-06 08:00:21]SEND MSG, MSGID: 1, MSGTYPE: LOGOUT_REQ,
[1980-01-06 08:00:21]subscribePwrService success:  0 1
[1980-01-06 08:00:21]getPwrMode success:  0 1 1
[1980-01-06 08:00:21]BROADCAST RECV: POWER RUNNING
[1980-01-06 08:00:21]sqlite init fail, ret -1, thread safe 1, db path /data/db/tspcomm.db
[1980-01-06 08:00:21]start to running...
[1980-01-06 08:00:21]replyPwrMode success:  0 1
[1980-01-06 08:00:21]Service is available! fota-service
[1980-01-06 08:00:21]processConneted success:  0 0
[1980-01-06 08:00:21]Service is available! rescue-service
[1980-01-06 08:00:21]Service is available! remote-service
[1980-01-06 08:00:21]Service is available! data-service
[1980-01-06 08:00:21]Service is available! alarm-service
[1980-01-06 08:00:21]CREATE MQTT OBJECT SUCC, ret 0
[1980-01-06 08:00:21]SERVER URL: ssl://222.178.193.138:9994 
[1980-01-06 08:00:21]CLIENT ID : DFSK0001000200261910160001000010 
[1980-01-06 08:00:21]Init level 2 addr, level 1 - gateway addr, level 2 - vehicle addr
[1980-01-06 08:00:21]connect server, url: ssl://222.178.193.138:9994 
[1980-01-06 08:00:21]connect server: fail, ret -1
[1980-01-06 08:00:21]disconnect mqtt server, -3
[1980-01-06 08:00:22]connect server, url: ssl://222.178.193.138:9994 
[1980-01-06 08:00:22]connect server: fail, ret -1
[1980-01-06 08:00:22]disconnect mqtt server, -3
[1980-01-06 08:00:24]connect server, url: ssl://222.178.193.138:9994 
[1980-01-06 08:00:24]connect server: fail, ret -1
[1980-01-06 08:00:24]disconnect mqtt server, -3
[1980-01-06 08:00:27]connect server, url: ssl://222.178.193.138:9994 
[1980-01-06 08:00:27]connect server: succ, ret 0
[1980-01-06 08:00:28]subscribe topic: gate/per/device/DFSK0001000200261910160001000010/order 
[1980-01-06 08:00:28]subscribe topic: succ, ret 0
[1980-01-06 08:00:28]get vin...
[1980-01-06 08:00:28]use asys conf vin: 12345T0703T000110
[1980-01-06 08:00:28]PDID : DFSK0001000200261910160001000010
[1980-01-06 08:00:28]ICCID: 89860918700009221026
[1980-01-06 08:00:28]VIN  : 12345T0703T000110
[1980-01-06 08:00:28]VERSION: DFSK000100020026000000040000_R
[1980-01-06 08:00:28]SEND MSG, MSGID: 2, MSGTYPE: LOGIN_REQ,
[1980-01-06 08:00:28]WAITING FOR LOGIN RESPONSE
[1980-01-06 08:00:30]RECV MSG: LOGIN_RESP, MSGID: 2
[2019-11-08 07:38:01]waiting login return timein
[2019-11-08 07:38:01]setTime success: 0 1
[2019-11-08 07:38:01]LOGIN SUCCESS! GET TOKEN: 755c3e8c-ced3-47be-bd7a-fed0bc90db98
[2019-11-08 07:38:01]method SetTspLoginSta succ, result true
[2019-11-08 07:38:01]RECV MSG: LOGIN_RESP, MSGID: 2
[2019-11-08 07:38:18]setTime success: 0 1
[2019-11-08 07:38:18]LOGIN SUCCESS! GET TOKEN: 086c81cf-3d5d-4b43-9194-3f595838e038
[2019-11-08 07:38:18]method SetTspLoginSta succ, result true
[2019-11-08 07:38:24]mqtt recieve failed, rc = -3
[2019-11-08 07:38:24]disconnect mqtt server, -3
[2019-11-08 07:38:25]connect server, url: ssl://222.178.193.138:9994 
[2019-11-08 07:38:25]connect server: succ, ret 0
[2019-11-08 07:38:26]subscribe topic: gate/per/device/DFSK0001000200261910160001000010/order 
[2019-11-08 07:38:26]subscribe topic: succ, ret 0
[2019-11-08 07:38:26]get vin...
[2019-11-08 07:38:26]use asys conf vin: 12345T0703T000110
[2019-11-08 07:38:26]PDID : DFSK0001000200261910160001000010
[2019-11-08 07:38:26]ICCID: 89860918700009221026
[2019-11-08 07:38:26]VIN  : 12345T0703T000110
[2019-11-08 07:38:26]VERSION: DFSK000100020026000000040000_R
[2019-11-08 07:38:26]SEND MSG, MSGID: 3, MSGTYPE: LOGIN_REQ,
[2019-11-08 07:38:28]RECV MSG: LOGIN_RESP, MSGID: 3
[2019-11-08 07:38:11]setTime success: 0 1
[2019-11-08 07:38:11]LOGIN SUCCESS! GET TOKEN: 8e974368-0f4c-4dce-89c9-9593e4ac83f1
[2019-11-08 07:38:11]method SetTspLoginSta succ, result true
[2019-11-08 07:38:11]RECV MSG: LOGIN_RESP, MSGID: 3
[2019-11-08 07:38:28]setTime success: 0 1
[2019-11-08 07:38:28]LOGIN SUCCESS! GET TOKEN: 971bb0c2-54e6-4900-992f-c5d349b140e2
[2019-11-08 07:38:28]method SetTspLoginSta succ, result true
[2019-11-08 07:38:53]replyPwrMode success:  0 1
[2019-11-08 07:38:55]BROADCAST RECV: POWER STANDBY
[2019-11-08 07:38:55]method GetVehicleStatus succ
[2019-11-08 07:38:55]method GetACStatus succ
[2019-11-08 07:38:55]method GetTyreData succ
[2019-11-08 07:38:55]method getChargeStorStatus succ
[2019-11-08 07:38:55]method GetVCUStatus succ
[2019-11-08 07:38:55]method getChgeData succ
[2019-11-08 07:38:58]SEND MSG, MSGID: 4, MSGTYPE: VEHICLE_STATUS,
[2019-11-08 07:38:59]SEND MSG, MSGID: 5, MSGTYPE: LOGOUT_REQ,
[2019-11-08 07:38:59]disconnect mqtt server, 0
[2019-11-08 07:38:59]sqlite close succ, ret 0
[2019-11-08 07:38:59]ready to sleep...
[2019-11-08 07:38:59]replyPwrMode success:  0 1
[2019-11-08 07:39:00]disconnect mqtt server, -3
[2019-11-08 07:39:10]method GetVehicleStatus succ
[2019-11-08 07:39:10]method GetACStatus succ
[2019-11-08 07:39:10]method GetTyreData succ
[2019-11-08 07:39:10]method getChargeStorStatus succ
[2019-11-08 07:39:10]method GetVCUStatus succ
[2019-11-08 07:39:10]method getChgeData succ
[2019-11-08 07:40:04]BROADCAST RECV: POWER RUNNING
[2019-11-08 07:40:04]sqlite init succ, ret 0, thread safe 1, db path /data/db/tspcomm.db
[2019-11-08 07:40:04]start to running...
[2019-11-08 07:40:04]replyPwrMode success:  0 1
[2019-11-08 07:40:05]connect server, url: ssl://222.178.193.138:9994 
[2019-11-08 07:40:05]connect server: succ, ret 0
[2019-11-08 07:40:05]subscribe topic: gate/per/device/DFSK0001000200261910160001000010/order 
[2019-11-08 07:40:05]subscribe topic: succ, ret 0
[2019-11-08 07:40:05]get vin...
[2019-11-08 07:40:05]use asys conf vin: 12345T0703T000110
[2019-11-08 07:40:05]PDID : DFSK0001000200261910160001000010
[2019-11-08 07:40:05]ICCID: 89860918700009221026
[2019-11-08 07:40:05]VIN  : 12345T0703T000110
[2019-11-08 07:40:05]VERSION: DFSK000100020026000000040000_R
[2019-11-08 07:40:05]SEND MSG, MSGID: 7, MSGTYPE: LOGIN_REQ,
[2019-11-08 07:40:06]RECV MSG: LOGIN_RESP, MSGID: 7
[2019-11-08 07:40:07]setTime success: 0 1
[2019-11-08 07:40:07]LOGIN SUCCESS! GET TOKEN: 9ee7d495-45de-43f1-8dfb-0fec2a44593c
[2019-11-08 07:40:07]method SetTspLoginSta succ, result true
[2019-11-08 07:40:07]RECV MSG: LOGIN_RESP, MSGID: 7
[2019-11-08 07:39:50]setTime success: 0 1
[2019-11-08 07:39:50]LOGIN SUCCESS! GET TOKEN: de7d4519-5fda-4672-a970-e9d874e92c90
[2019-11-08 07:39:50]method SetTspLoginSta succ, result true
[2019-11-08 07:39:55]method GetVehicleStatus succ
[2019-11-08 07:39:55]method GetACStatus succ
[2019-11-08 07:39:55]method GetTyreData succ
[2019-11-08 07:39:55]method getChargeStorStatus succ
[2019-11-08 07:39:55]method GetVCUStatus succ
[2019-11-08 07:39:55]method getChgeData succ
[2019-11-08 07:39:55]SEND MSG, MSGID: 8, MSGTYPE: VEHICLE_STATUS,
[2019-11-08 07:40:55]method GetVehicleStatus succ
[2019-11-08 07:40:55]method GetACStatus succ
[2019-11-08 07:40:55]method GetTyreData succ
[2019-11-08 07:40:55]method getChargeStorStatus succ
[2019-11-08 07:40:55]method GetVCUStatus succ
[2019-11-08 07:40:55]method getChgeData succ
[2019-11-08 07:40:55]SEND MSG, MSGID: 9, MSGTYPE: VEHICLE_STATUS,
[2019-11-08 07:41:55]method GetVehicleStatus succ
[2019-11-08 07:41:55]method GetACStatus succ
[2019-11-08 07:41:55]method GetTyreData succ
[2019-11-08 07:41:55]method getChargeStorStatus succ
[2019-11-08 07:41:55]method GetVCUStatus succ
[2019-11-08 07:41:55]method getChgeData succ
[2019-11-08 07:41:55]SEND MSG, MSGID: 10, MSGTYPE: VEHICLE_STATUS,
[2019-11-08 07:42:55]method GetVehicleStatus succ
[2019-11-08 07:42:55]method GetACStatus succ
[2019-11-08 07:42:55]method GetTyreData succ
[2019-11-08 07:42:55]method getChargeStorStatus succ
[2019-11-08 07:42:55]method GetVCUStatus succ
[2019-11-08 07:42:55]method getChgeData succ
[2019-11-08 07:42:55]SEND MSG, MSGID: 11, MSGTYPE: VEHICLE_STATUS,
[2019-11-08 07:43:00]BROADCAST RECV: motorfire mode 1
[2019-11-08 07:43:04]FLAMEOUT ID: 15
[2019-11-08 07:43:04]method GetVehicleStatus succ
[2019-11-08 07:43:04]method getChgeData succ
[2019-11-08 07:43:04]GPS longitude: 113915214, latitude: 22578108
[2019-11-08 07:43:04]SEND MSG, MSGID: 12, MSGTYPE: MOTOR_FIRE_REPORT,
[2019-11-08 07:43:18]RECV MSG: DIAGNOSIS_REQ, MSGID: 104
[2019-11-08 07:43:18]CALL METHOD: remoteDiagnosisRequest, callStatus: 0, ret: 0
[2019-11-08 07:43:18]RECV MSG: DIAGNOSIS_REQ, MSGID: 104
[2019-11-08 07:43:18]BROADCAST RECV: remote diagnosis result, source 0, id: 104 
[2019-11-08 07:43:18]CALL METHOD: remoteDiagnosisRequest, callStatus: 0, ret: 0
[2019-11-08 07:43:18]method GetVehicleStatus succ
[2019-11-08 07:43:18]method GetTyreData succ
[2019-11-08 07:43:18]diagnosis result failed, buffer len: 2
[2019-11-08 07:43:18]diagnosis err code: 53
[2019-11-08 07:43:18]SEND MSG, MSGID: 104, MSGTYPE: DIAGNOSIS_RESPONSE,
[2019-11-08 07:43:44]BROADCAST RECV: remote diagnosis result, source 0, id: 104 
[2019-11-08 07:43:44]method GetVehicleStatus succ
[2019-11-08 07:43:44]method GetTyreData succ
[2019-11-08 07:43:44]diagnosis result success, buffer len: 208
[2019-11-08 07:43:44]ECUID: 0x702
[2019-11-08 07:43:44]DTCS: c1868708
[2019-11-08 07:43:44]ECUID: 0x702
[2019-11-08 07:43:44]DTCS: c1648708
[2019-11-08 07:43:44]ECUID: 0x702
[2019-11-08 07:43:44]DTCS: c2648709
[2019-11-08 07:43:44]ECUID: 0x701
[2019-11-08 07:43:44]DTCS: c135872f
[2019-11-08 07:43:44]ECUID: 0x701
[2019-11-08 07:43:44]DTCS: 901e962f
[2019-11-08 07:43:44]ECUID: 0x701
[2019-11-08 07:43:44]DTCS: 9310962e
[2019-11-08 07:43:44]ECUID: 0x701
[2019-11-08 07:43:44]DTCS: 9410962f
[2019-11-08 07:43:44]ECUID: 0x701
[2019-11-08 07:43:44]DTCS: 9510962f
[2019-11-08 07:43:44]ECUID: 0x726
[2019-11-08 07:43:44]DTCS: 58501208
[2019-11-08 07:43:44]ECUID: 0x726
[2019-11-08 07:43:44]DTCS: 58511108
[2019-11-08 07:43:44]ECUID: 0x726
[2019-11-08 07:43:44]DTCS: 58721308
[2019-11-08 07:43:44]ECUID: 0x726
[2019-11-08 07:43:44]DTCS: 58731408
[2019-11-08 07:43:44]ECUID: 0x726
[2019-11-08 07:43:44]DTCS: c1228708
[2019-11-08 07:43:44]ECUID: 0x725
[2019-11-08 07:43:44]DTCS: da308708
[2019-11-08 07:43:44]ECUID: 0x725
[2019-11-08 07:43:44]DTCS: c2648708
[2019-11-08 07:43:44]ECUID: 0x725
[2019-11-08 07:43:44]DTCS: d1598708
[2019-11-08 07:43:44]ECUID: 0x725
[2019-11-08 07:43:44]DTCS: c1228708
[2019-11-08 07:43:44]ECUID: 0x725
[2019-11-08 07:43:44]DTCS: c1018708
[2019-11-08 07:43:44]ECUID: 0x725
[2019-11-08 07:43:44]DTCS: c1008708
[2019-11-08 07:43:44]ECUID: 0x725
[2019-11-08 07:43:44]DTCS: c1408708
[2019-11-08 07:43:44]ECUID: 0x725
[2019-11-08 07:43:44]DTCS: c4948708
[2019-11-08 07:43:44]ECUID: 0x725
[2019-11-08 07:43:44]DTCS: c0730008
[2019-11-08 07:43:44]ECUID: 0x728
[2019-11-08 07:43:44]DTCS: c1648709
[2019-11-08 07:43:44]ECUID: 0x728
[2019-11-08 07:43:44]DTCS: c1038709
[2019-11-08 07:43:44]ECUID: 0x728
[2019-11-08 07:43:44]DTCS: d1598709
[2019-11-08 07:43:44]ECUID: 0x728
[2019-11-08 07:43:44]DTCS: c2648709
[2019-11-08 07:43:44]SEND MSG, MSGID: 104, MSGTYPE: DIAGNOSIS_RESPONSE,
[2019-11-08 07:43:55]method GetVehicleStatus succ
[2019-11-08 07:43:55]method GetACStatus succ
[2019-11-08 07:43:55]method GetTyreData succ
[2019-11-08 07:43:55]method getChargeStorStatus succ
[2019-11-08 07:43:55]method GetVCUStatus succ
[2019-11-08 07:43:55]method getChgeData succ
[2019-11-08 07:43:55]SEND MSG, MSGID: 13, MSGTYPE: VEHICLE_STATUS,
[2019-11-08 07:44:55]method GetVehicleStatus succ
[2019-11-08 07:44:55]method GetACStatus succ
[2019-11-08 07:44:55]method GetTyreData succ
[2019-11-08 07:44:55]method getChargeStorStatus succ
[2019-11-08 07:44:55]method GetVCUStatus succ
[2019-11-08 07:44:55]method getChgeData succ
[2019-11-08 07:44:55]SEND MSG, MSGID: 14, MSGTYPE: VEHICLE_STATUS,
[2019-11-08 07:45:55]method GetVehicleStatus succ
[2019-11-08 07:45:55]method GetACStatus succ
[2019-11-08 07:45:55]method GetTyreData succ
[2019-11-08 07:45:55]method getChargeStorStatus succ
[2019-11-08 07:45:55]method GetVCUStatus succ
[2019-11-08 07:45:55]method getChgeData succ
[2019-11-08 07:45:55]SEND MSG, MSGID: 15, MSGTYPE: VEHICLE_STATUS,
[2019-11-08 07:46:56]method GetVehicleStatus succ
[2019-11-08 07:46:56]method GetACStatus succ
[2019-11-08 07:46:56]method GetTyreData succ
[2019-11-08 07:46:56]method getChargeStorStatus succ
[2019-11-08 07:46:56]method GetVCUStatus succ
[2019-11-08 07:46:56]method getChgeData succ
[2019-11-08 07:46:56]SEND MSG, MSGID: 16, MSGTYPE: VEHICLE_STATUS,
[2019-11-08 07:47:56]method GetVehicleStatus succ
[2019-11-08 07:47:56]method GetACStatus succ
[2019-11-08 07:47:56]method GetTyreData succ
[2019-11-08 07:47:56]method getChargeStorStatus succ
[2019-11-08 07:47:56]method GetVCUStatus succ
[2019-11-08 07:47:56]method getChgeData succ
[2019-11-08 07:47:56]SEND MSG, MSGID: 17, MSGTYPE: VEHICLE_STATUS,
