[1980-01-06 08:00:22]
[1980-01-06 08:00:22]*****************************
[1980-01-06 08:00:22]           startup          
[1980-01-06 08:00:22] build: Oct 31 2019 14:33:06 
[1980-01-06 08:00:22]*****************************
[1980-01-06 08:00:22]
[1980-01-06 08:00:22]OPEN CONF FILE: /etc/qbtsp.conf 
[1980-01-06 08:00:22]set file conf gateway server addr!
[1980-01-06 08:00:22]tbox version: DFSK000100020026000000040000 
[1980-01-06 08:00:22]Service has registered!
[1980-01-06 08:00:22]Vin changed, Redo login!
[1980-01-06 08:00:22]Service is available! power-service
[1980-01-06 08:00:22]TSPClient::startup is running...
[1980-01-06 08:00:22]get pdid...
[1980-01-06 08:00:22]use asys conf pdid: DFSK0001000200261910160001000010
[1980-01-06 08:00:22]get iccid...
[1980-01-06 08:00:22]use asys conf iccid: 89860918700009221026
[1980-01-06 08:00:22]TSPClient::gval_thread is running...
[1980-01-06 08:00:22]TSPClient::data_upload is running...
[1980-01-06 08:00:22]TSPClient::waiting is running...
[1980-01-06 08:00:22]TSPClient::recieve is running...
[1980-01-06 08:00:22]subscribePwrService success:  0 1
[1980-01-06 08:00:22]SEND MSG, MSGID: 1, MSGTYPE: LOGOUT_REQ,
[1980-01-06 08:00:22]getPwrMode success:  0 1 1
[1980-01-06 08:00:22]BROADCAST RECV: POWER RUNNING
[1980-01-06 08:00:22]sqlite init fail, ret -1, thread safe 1, db path /data/db/tspcomm.db
[1980-01-06 08:00:22]start to running...
[1980-01-06 08:00:22]replyPwrMode success:  0 1
[1980-01-06 08:00:22]Service is available! fota-service
[1980-01-06 08:00:22]processConneted success:  0 0
[1980-01-06 08:00:22]Service is available! rescue-service
[1980-01-06 08:00:22]Service is available! remote-service
[1980-01-06 08:00:22]Service is available! data-service
[1980-01-06 08:00:22]Service is available! alarm-service
[1980-01-06 08:00:22]CREATE MQTT OBJECT SUCC, ret 0
[1980-01-06 08:00:22]SERVER URL: ssl://demo-mqtt.fgservice.cn:8888 
[1980-01-06 08:00:22]CLIENT ID : DFSK0001000200261910160001000010 
[1980-01-06 08:00:22]Init level 1 addr, level 1 - gateway addr, level 2 - vehicle addr
[1980-01-06 08:00:22]connect server, url: ssl://demo-mqtt.fgservice.cn:8888 
[1980-01-06 08:00:22]connect server: fail, ret -1
[1980-01-06 08:00:22]disconnect mqtt server, -3
[1980-01-06 08:00:23]connect server, url: ssl://demo-mqtt.fgservice.cn:8888 
[1980-01-06 08:00:23]connect server: fail, ret -1
[1980-01-06 08:00:23]disconnect mqtt server, -3
[1980-01-06 08:00:25]connect server, url: ssl://demo-mqtt.fgservice.cn:8888 
[1980-01-06 08:00:25]connect server: fail, ret -1
[1980-01-06 08:00:25]disconnect mqtt server, -3
[1980-01-06 08:00:28]connect server, url: ssl://demo-mqtt.fgservice.cn:8888 
[1980-01-06 08:00:28]connect server: succ, ret 0
[1980-01-06 08:00:29]subscribe topic: gate/per/device/DFSK0001000200261910160001000010/order 
[1980-01-06 08:00:29]subscribe topic: fail, ret -1
[1980-01-06 08:00:29]disconnect mqtt server, -3
[1980-01-06 08:00:34]connect server, url: ssl://demo-mqtt.fgservice.cn:8888 
[1980-01-06 08:00:34]connect server: succ, ret 0
[1980-01-06 08:00:34]subscribe topic: gate/per/device/DFSK0001000200261910160001000010/order 
[1980-01-06 08:00:34]subscribe topic: succ, ret 0
[1980-01-06 08:00:34]get vin...
[1980-01-06 08:00:34]use asys conf vin: 12345T0703T000110
[1980-01-06 08:00:34]PDID : DFSK0001000200261910160001000010
[1980-01-06 08:00:34]ICCID: 89860918700009221026
[1980-01-06 08:00:34]VIN  : 12345T0703T000110
[1980-01-06 08:00:34]VERSION: DFSK000100020026000000040000_R
[1980-01-06 08:00:34]SEND MSG, MSGID: 2, MSGTYPE: LOGIN_REQ,
[1980-01-06 08:00:34]WAITING FOR LOGIN RESPONSE
[1980-01-06 08:00:34]RECV MSG: LOGIN_RESP, MSGID: 2
[1980-01-06 08:00:34]waiting login return timein
[2019-11-08 10:47:59]setTime success: 0 1
[2019-11-08 10:47:59]LOGIN SUCCESS! GET TOKEN: 0000
[2019-11-08 10:47:59]method SetTspLoginSta succ, result true
