[1980-01-06 08:00:26]
[1980-01-06 08:00:26]*****************************
[1980-01-06 08:00:26]           startup          
[1980-01-06 08:00:26] build: Oct 31 2019 14:33:06 
[1980-01-06 08:00:26]*****************************
[1980-01-06 08:00:26]
[1980-01-06 08:00:26]OPEN CONF FILE: /etc/qbtsp.conf 
[1980-01-06 08:00:26]set file conf gateway server addr!
[1980-01-06 08:00:26]tbox version: DFSK000100020026000000040000 
[1980-01-06 08:00:26]Service has registered!
[1980-01-06 08:00:26]Vin changed, Redo login!
[1980-01-06 08:00:26]SEND MSG, MSGID: 1, MSGTYPE: LOGOUT_REQ,
[1980-01-06 08:00:26]TSPClient::startup is running...
[1980-01-06 08:00:26]get pdid...
[1980-01-06 08:00:26]use asys conf pdid: DFSK0001000200261910160001000010
[1980-01-06 08:00:26]Service is available! power-service
[1980-01-06 08:00:26]TSPClient::recieve is running...
[1980-01-06 08:00:26]TSPClient::waiting is running...
[1980-01-06 08:00:26]TSPClient::data_upload is running...
[1980-01-06 08:00:26]TSPClient::gval_thread is running...
[1980-01-06 08:00:26]VEHICLE DATA SERVICE IS NOT AVAILABLE!
[1980-01-06 08:00:26]get iccid...
[1980-01-06 08:00:26]use asys conf iccid: 89860918700009221026
[1980-01-06 08:00:26]subscribePwrService success:  0 1
[1980-01-06 08:00:26]getPwrMode success:  0 1 1
[1980-01-06 08:00:26]BROADCAST RECV: POWER RUNNING
[1980-01-06 08:00:26]sqlite init fail, ret -1, thread safe 1, db path /data/db/tspcomm.db
[1980-01-06 08:00:26]start to running...
[1980-01-06 08:00:26]replyPwrMode success:  0 1
[1980-01-06 08:00:26]Service is available! fota-service
[1980-01-06 08:00:26]processConneted success:  0 0
[1980-01-06 08:00:26]Service is available! rescue-service
[1980-01-06 08:00:26]Service is available! remote-service
[1980-01-06 08:00:26]Service is available! data-service
[1980-01-06 08:00:26]CREATE MQTT OBJECT SUCC, ret 0
[1980-01-06 08:00:26]SERVER URL: ssl://demo-mqtt.fgservice.cn:8888 
[1980-01-06 08:00:26]CLIENT ID : DFSK0001000200261910160001000010 
[1980-01-06 08:00:26]Init level 1 addr, level 1 - gateway addr, level 2 - vehicle addr
[1980-01-06 08:00:26]Service is available! alarm-service
[1980-01-06 08:00:26]connect server, url: ssl://demo-mqtt.fgservice.cn:8888 
[1980-01-06 08:00:26]connect server: fail, ret -1
[1980-01-06 08:00:26]disconnect mqtt server, -3
[1980-01-06 08:00:27]connect server, url: ssl://demo-mqtt.fgservice.cn:8888 
[1980-01-06 08:00:27]connect server: succ, ret 0
[1980-01-06 08:00:27]subscribe topic: gate/per/device/DFSK0001000200261910160001000010/order 
[1980-01-06 08:00:27]subscribe topic: succ, ret 0
[1980-01-06 08:00:27]get vin...
[1980-01-06 08:00:27]use asys conf vin: 12345T0703T000110
[1980-01-06 08:00:27]PDID : DFSK0001000200261910160001000010
[1980-01-06 08:00:27]ICCID: 89860918700009221026
[1980-01-06 08:00:27]VIN  : 12345T0703T000110
[1980-01-06 08:00:27]VERSION: DFSK000100020026000000040000_R
[1980-01-06 08:00:27]SEND MSG, MSGID: 2, MSGTYPE: LOGIN_REQ,
[1980-01-06 08:00:27]WAITING FOR LOGIN RESPONSE
[1980-01-06 08:00:29]RECV MSG: LOGIN_RESP, MSGID: 2
[1980-01-06 08:00:29]waiting login return timein
[2019-11-08 10:49:24]setTime success: 0 1
[2019-11-08 10:49:24]LOGIN SUCCESS! GET TOKEN: 0000
[2019-11-08 10:49:24]method SetTspLoginSta succ, result true
[2019-11-08 10:49:24]RECV MSG: GATEWAY_RESP, MSGID: 2
[2019-11-08 10:49:24]Gateway response, Ack: true, Url: ssl://demo-mqtt.fgservice.cn:9995
[2019-11-08 10:49:24]Gateway set success, Reinit client
[2019-11-08 10:49:24]disconnect mqtt server, 0
[2019-11-08 10:49:24]mqtt recieve failed, rc = -3
[2019-11-08 10:49:24]disconnect mqtt server, -3
[2019-11-08 10:49:25]delete mqtt object, -3, -3, 0
[2019-11-08 10:49:26]CREATE MQTT OBJECT SUCC, ret 0
[2019-11-08 10:49:26]SERVER URL: ssl://demo-mqtt.fgservice.cn:9995 
[2019-11-08 10:49:26]CLIENT ID : DFSK0001000200261910160001000010 
[2019-11-08 10:49:26]Init level 2 addr, level 1 - gateway addr, level 2 - vehicle addr
[2019-11-08 10:49:27]connect server, url: ssl://demo-mqtt.fgservice.cn:9995 
[2019-11-08 10:49:27]connect server: succ, ret 0
[2019-11-08 10:49:27]subscribe topic: gate/per/device/DFSK0001000200261910160001000010/order 
[2019-11-08 10:49:27]subscribe topic: succ, ret 0
[2019-11-08 10:49:27]get vin...
[2019-11-08 10:49:27]use asys conf vin: 12345T0703T000110
[2019-11-08 10:49:27]PDID : DFSK0001000200261910160001000010
[2019-11-08 10:49:27]ICCID: 89860918700009221026
[2019-11-08 10:49:27]VIN  : 12345T0703T000110
[2019-11-08 10:49:27]VERSION: DFSK000100020026000000040000_R
[2019-11-08 10:49:27]SEND MSG, MSGID: 3, MSGTYPE: LOGIN_REQ,
[2019-11-08 10:49:27]WAITING FOR LOGIN RESPONSE
[2019-11-08 10:49:28]RECV MSG: LOGIN_RESP, MSGID: 3
[2019-11-08 10:49:28]waiting login return timein
[2019-11-08 10:49:28]setTime success: 0 1
[2019-11-08 10:49:28]LOGIN SUCCESS! GET TOKEN: 0ac4c8f2-ba18-45e0-87d7-af67baa307e5
[2019-11-08 10:49:28]method SetTspLoginSta succ, result true
[2019-11-08 10:50:21]method GetVehicleStatus succ
[2019-11-08 10:50:21]method GetACStatus succ
[2019-11-08 10:50:21]method GetTyreData succ
[2019-11-08 10:50:21]method getChargeStorStatus succ
[2019-11-08 10:50:21]method GetVCUStatus succ
[2019-11-08 10:50:21]method getChgeData succ
[2019-11-08 10:50:21]SEND MSG, MSGID: 4, MSGTYPE: VEHICLE_STATUS,
[2019-11-08 10:51:21]method GetVehicleStatus succ
[2019-11-08 10:51:21]method GetACStatus succ
[2019-11-08 10:51:21]method GetTyreData succ
[2019-11-08 10:51:21]method getChargeStorStatus succ
[2019-11-08 10:51:21]method GetVCUStatus succ
[2019-11-08 10:51:21]method getChgeData succ
[2019-11-08 10:51:21]SEND MSG, MSGID: 5, MSGTYPE: VEHICLE_STATUS,
[2019-11-08 10:52:21]method GetVehicleStatus succ
[2019-11-08 10:52:21]method GetACStatus succ
[2019-11-08 10:52:21]method GetTyreData succ
[2019-11-08 10:52:21]method getChargeStorStatus succ
[2019-11-08 10:52:21]method GetVCUStatus succ
[2019-11-08 10:52:21]method getChgeData succ
[2019-11-08 10:52:21]SEND MSG, MSGID: 6, MSGTYPE: VEHICLE_STATUS,
[2019-11-08 10:52:58]BROADCAST RECV: motorfire mode 1
[2019-11-08 10:53:02]FLAMEOUT ID: 15
[2019-11-08 10:53:02]method GetVehicleStatus succ
[2019-11-08 10:53:02]method getChgeData succ
[2019-11-08 10:53:02]GPS longitude: 0, latitude: 0
[2019-11-08 10:53:02]SEND MSG, MSGID: 7, MSGTYPE: MOTOR_FIRE_REPORT,
[2019-11-08 10:53:21]method GetVehicleStatus succ
[2019-11-08 10:53:21]method GetACStatus succ
[2019-11-08 10:53:21]method GetTyreData succ
[2019-11-08 10:53:21]method getChargeStorStatus succ
[2019-11-08 10:53:21]method GetVCUStatus succ
[2019-11-08 10:53:21]method getChgeData succ
[2019-11-08 10:53:21]SEND MSG, MSGID: 8, MSGTYPE: VEHICLE_STATUS,
[2019-11-08 10:53:26]RECV MSG: DIAGNOSIS_REQ, MSGID: 104
[2019-11-08 10:53:26]CALL METHOD: remoteDiagnosisRequest, callStatus: 0, ret: 0
[2019-11-08 10:54:03]BROADCAST RECV: remote diagnosis result, source 0, id: 104 
[2019-11-08 10:54:03]method GetVehicleStatus succ
[2019-11-08 10:54:04]method GetTyreData succ
[2019-11-08 10:54:04]diagnosis result success, buffer len: 176
[2019-11-08 10:54:04]ECUID: 0x702
[2019-11-08 10:54:04]DTCS: c1868708
[2019-11-08 10:54:04]ECUID: 0x702
[2019-11-08 10:54:04]DTCS: c1648708
[2019-11-08 10:54:04]ECUID: 0x702
[2019-11-08 10:54:04]DTCS: c2648709
[2019-11-08 10:54:04]ECUID: 0x701
[2019-11-08 10:54:04]DTCS: c135872f
[2019-11-08 10:54:04]ECUID: 0x701
[2019-11-08 10:54:04]DTCS: 901e962f
[2019-11-08 10:54:04]ECUID: 0x701
[2019-11-08 10:54:04]DTCS: 9310962e
[2019-11-08 10:54:04]ECUID: 0x701
[2019-11-08 10:54:04]DTCS: 9410962f
[2019-11-08 10:54:04]ECUID: 0x701
[2019-11-08 10:54:04]DTCS: 9510962f
[2019-11-08 10:54:04]ECUID: 0x726
[2019-11-08 10:54:04]DTCS: 58511108
[2019-11-08 10:54:04]ECUID: 0x726
[2019-11-08 10:54:04]DTCS: 58731408
[2019-11-08 10:54:04]ECUID: 0x725
[2019-11-08 10:54:04]DTCS: da308709
[2019-11-08 10:54:04]ECUID: 0x725
[2019-11-08 10:54:04]DTCS: c2648709
[2019-11-08 10:54:04]ECUID: 0x725
[2019-11-08 10:54:04]DTCS: d1598709
[2019-11-08 10:54:04]ECUID: 0x725
[2019-11-08 10:54:04]DTCS: c1228709
[2019-11-08 10:54:04]ECUID: 0x725
[2019-11-08 10:54:04]DTCS: c1018708
[2019-11-08 10:54:04]ECUID: 0x725
[2019-11-08 10:54:04]DTCS: c1008708
[2019-11-08 10:54:04]ECUID: 0x725
[2019-11-08 10:54:04]DTCS: c1408708
[2019-11-08 10:54:04]ECUID: 0x725
[2019-11-08 10:54:04]DTCS: c4948709
[2019-11-08 10:54:04]ECUID: 0x725
[2019-11-08 10:54:04]DTCS: c0730008
[2019-11-08 10:54:04]ECUID: 0x728
[2019-11-08 10:54:04]DTCS: c1038709
[2019-11-08 10:54:04]ECUID: 0x728
[2019-11-08 10:54:04]DTCS: d1598709
[2019-11-08 10:54:04]ECUID: 0x728
[2019-11-08 10:54:04]DTCS: c2648709
[2019-11-08 10:54:04]SEND MSG, MSGID: 104, MSGTYPE: DIAGNOSIS_RESPONSE,
[2019-11-08 10:54:21]method GetVehicleStatus succ
[2019-11-08 10:54:21]method GetACStatus succ
[2019-11-08 10:54:21]method GetTyreData succ
[2019-11-08 10:54:21]method getChargeStorStatus succ
[2019-11-08 10:54:21]method GetVCUStatus succ
[2019-11-08 10:54:21]method getChgeData succ
[2019-11-08 10:54:21]SEND MSG, MSGID: 9, MSGTYPE: VEHICLE_STATUS,
[2019-11-08 10:55:21]method GetVehicleStatus succ
[2019-11-08 10:55:21]method GetACStatus succ
[2019-11-08 10:55:21]method GetTyreData succ
[2019-11-08 10:55:21]method getChargeStorStatus succ
[2019-11-08 10:55:21]method GetVCUStatus succ
[2019-11-08 10:55:21]method getChgeData succ
[2019-11-08 10:55:21]SEND MSG, MSGID: 10, MSGTYPE: VEHICLE_STATUS,
[2019-11-08 10:55:30]RECV MSG: DIAGNOSIS_REQ, MSGID: 104
[2019-11-08 10:55:30]CALL METHOD: remoteDiagnosisRequest, callStatus: 0, ret: 0
[2019-11-08 10:55:55]BROADCAST RECV: remote diagnosis result, source 0, id: 104 
[2019-11-08 10:55:55]method GetVehicleStatus succ
[2019-11-08 10:55:55]method GetTyreData succ
[2019-11-08 10:55:55]diagnosis result success, buffer len: 152
[2019-11-08 10:55:55]ECUID: 0x701
[2019-11-08 10:55:55]DTCS: c135872f
[2019-11-08 10:55:55]ECUID: 0x701
[2019-11-08 10:55:55]DTCS: 901e962f
[2019-11-08 10:55:55]ECUID: 0x701
[2019-11-08 10:55:55]DTCS: 9310962f
[2019-11-08 10:55:55]ECUID: 0x701
[2019-11-08 10:55:55]DTCS: 9410962f
[2019-11-08 10:55:55]ECUID: 0x701
[2019-11-08 10:55:55]DTCS: 9510962f
[2019-11-08 10:55:55]ECUID: 0x726
[2019-11-08 10:55:55]DTCS: 58731408
[2019-11-08 10:55:55]ECUID: 0x726
[2019-11-08 10:55:55]DTCS: c1228709
[2019-11-08 10:55:55]ECUID: 0x725
[2019-11-08 10:55:55]DTCS: da308709
[2019-11-08 10:55:55]ECUID: 0x725
[2019-11-08 10:55:55]DTCS: c2648709
[2019-11-08 10:55:55]ECUID: 0x725
[2019-11-08 10:55:55]DTCS: d1598709
[2019-11-08 10:55:55]ECUID: 0x725
[2019-11-08 10:55:55]DTCS: c1228709
[2019-11-08 10:55:55]ECUID: 0x725
[2019-11-08 10:55:55]DTCS: c1018708
[2019-11-08 10:55:55]ECUID: 0x725
[2019-11-08 10:55:55]DTCS: c1008708
[2019-11-08 10:55:55]ECUID: 0x725
[2019-11-08 10:55:55]DTCS: c1408708
[2019-11-08 10:55:55]ECUID: 0x725
[2019-11-08 10:55:55]DTCS: c4948709
[2019-11-08 10:55:55]ECUID: 0x725
[2019-11-08 10:55:55]DTCS: c0730008
[2019-11-08 10:55:55]ECUID: 0x728
[2019-11-08 10:55:55]DTCS: c1038709
[2019-11-08 10:55:55]ECUID: 0x728
[2019-11-08 10:55:55]DTCS: d1598709
[2019-11-08 10:55:55]ECUID: 0x728
[2019-11-08 10:55:55]DTCS: c2648709
[2019-11-08 10:55:55]SEND MSG, MSGID: 104, MSGTYPE: DIAGNOSIS_RESPONSE,
[2019-11-08 10:56:21]method GetVehicleStatus succ
[2019-11-08 10:56:21]method GetACStatus succ
[2019-11-08 10:56:21]method GetTyreData succ
[2019-11-08 10:56:21]method getChargeStorStatus succ
[2019-11-08 10:56:21]method GetVCUStatus succ
[2019-11-08 10:56:21]method getChgeData succ
[2019-11-08 10:56:21]SEND MSG, MSGID: 11, MSGTYPE: VEHICLE_STATUS,
[2019-11-08 10:57:21]method GetVehicleStatus succ
[2019-11-08 10:57:21]method GetACStatus succ
[2019-11-08 10:57:21]method GetTyreData succ
[2019-11-08 10:57:21]method getChargeStorStatus succ
[2019-11-08 10:57:21]method GetVCUStatus succ
[2019-11-08 10:57:21]method getChgeData succ
[2019-11-08 10:57:21]SEND MSG, MSGID: 12, MSGTYPE: VEHICLE_STATUS,
[2019-11-08 10:57:57]RECV MSG: DIAGNOSIS_REQ, MSGID: 104
[2019-11-08 10:57:57]CALL METHOD: remoteDiagnosisRequest, callStatus: 0, ret: 0
[2019-11-08 10:58:21]BROADCAST RECV: remote diagnosis result, source 0, id: 104 
[2019-11-08 10:58:21]method GetVehicleStatus succ
[2019-11-08 10:58:21]method GetTyreData succ
[2019-11-08 10:58:21]diagnosis result success, buffer len: 176
[2019-11-08 10:58:21]ECUID: 0x702
[2019-11-08 10:58:21]DTCS: c1868708
[2019-11-08 10:58:21]ECUID: 0x702
[2019-11-08 10:58:21]DTCS: c1648708
[2019-11-08 10:58:21]ECUID: 0x702
[2019-11-08 10:58:21]DTCS: c2648709
[2019-11-08 10:58:21]ECUID: 0x701
[2019-11-08 10:58:21]DTCS: c135872f
[2019-11-08 10:58:21]ECUID: 0x701
[2019-11-08 10:58:21]DTCS: 901e962f
[2019-11-08 10:58:21]ECUID: 0x701
[2019-11-08 10:58:21]DTCS: 9310962f
[2019-11-08 10:58:21]ECUID: 0x701
[2019-11-08 10:58:21]DTCS: 9410962f
[2019-11-08 10:58:21]ECUID: 0x701
[2019-11-08 10:58:21]DTCS: 9510962f
[2019-11-08 10:58:21]ECUID: 0x726
[2019-11-08 10:58:21]DTCS: 58731408
[2019-11-08 10:58:21]ECUID: 0x726
[2019-11-08 10:58:21]DTCS: c1228709
[2019-11-08 10:58:21]ECUID: 0x725
[2019-11-08 10:58:21]DTCS: da308709
[2019-11-08 10:58:21]ECUID: 0x725
[2019-11-08 10:58:21]DTCS: c2648709
[2019-11-08 10:58:21]ECUID: 0x725
[2019-11-08 10:58:21]DTCS: d1598709
[2019-11-08 10:58:21]ECUID: 0x725
[2019-11-08 10:58:21]DTCS: c1228709
[2019-11-08 10:58:21]ECUID: 0x725
[2019-11-08 10:58:21]DTCS: c1018708
[2019-11-08 10:58:21]ECUID: 0x725
[2019-11-08 10:58:21]DTCS: c1008708
[2019-11-08 10:58:21]ECUID: 0x725
[2019-11-08 10:58:21]DTCS: c1408708
[2019-11-08 10:58:21]ECUID: 0x725
[2019-11-08 10:58:21]DTCS: c4948709
[2019-11-08 10:58:21]ECUID: 0x725
[2019-11-08 10:58:21]DTCS: c0730008
[2019-11-08 10:58:21]ECUID: 0x728
[2019-11-08 10:58:21]DTCS: c1038709
[2019-11-08 10:58:21]ECUID: 0x728
[2019-11-08 10:58:21]DTCS: d1598709
[2019-11-08 10:58:21]ECUID: 0x728
[2019-11-08 10:58:21]DTCS: c2648709
[2019-11-08 10:58:21]SEND MSG, MSGID: 104, MSGTYPE: DIAGNOSIS_RESPONSE,
[2019-11-08 10:58:21]method GetVehicleStatus succ
[2019-11-08 10:58:21]method GetACStatus succ
[2019-11-08 10:58:21]method GetTyreData succ
[2019-11-08 10:58:21]method getChargeStorStatus succ
[2019-11-08 10:58:21]method GetVCUStatus succ
[2019-11-08 10:58:21]method getChgeData succ
[2019-11-08 10:58:21]SEND MSG, MSGID: 13, MSGTYPE: VEHICLE_STATUS,
[2019-11-08 10:59:22]method GetVehicleStatus succ
[2019-11-08 10:59:22]method GetACStatus succ
[2019-11-08 10:59:22]method GetTyreData succ
[2019-11-08 10:59:22]method getChargeStorStatus succ
[2019-11-08 10:59:22]method GetVCUStatus succ
[2019-11-08 10:59:22]method getChgeData succ
[2019-11-08 10:59:22]SEND MSG, MSGID: 14, MSGTYPE: VEHICLE_STATUS,
[2019-11-08 11:00:22]method GetVehicleStatus succ
[2019-11-08 11:00:22]method GetACStatus succ
[2019-11-08 11:00:22]method GetTyreData succ
[2019-11-08 11:00:22]method getChargeStorStatus succ
[2019-11-08 11:00:22]method GetVCUStatus succ
[2019-11-08 11:00:22]method getChgeData succ
[2019-11-08 11:00:22]SEND MSG, MSGID: 15, MSGTYPE: VEHICLE_STATUS,
[2019-11-08 11:01:22]method GetVehicleStatus succ
[2019-11-08 11:01:22]method GetACStatus succ
[2019-11-08 11:01:22]method GetTyreData succ
[2019-11-08 11:01:22]method getChargeStorStatus succ
[2019-11-08 11:01:22]method GetVCUStatus succ
[2019-11-08 11:01:22]method getChgeData succ
[2019-11-08 11:01:22]SEND MSG, MSGID: 16, MSGTYPE: VEHICLE_STATUS,
[2019-11-08 11:02:22]method GetVehicleStatus succ
[2019-11-08 11:02:22]method GetACStatus succ
[2019-11-08 11:02:22]method GetTyreData succ
[2019-11-08 11:02:22]method getChargeStorStatus succ
[2019-11-08 11:02:22]method GetVCUStatus succ
[2019-11-08 11:02:22]method getChgeData succ
[2019-11-08 11:02:22]SEND MSG, MSGID: 17, MSGTYPE: VEHICLE_STATUS,
[2019-11-08 11:03:22]method GetVehicleStatus succ
[2019-11-08 11:03:22]method GetACStatus succ
[2019-11-08 11:03:22]method GetTyreData succ
[2019-11-08 11:03:22]method getChargeStorStatus succ
[2019-11-08 11:03:22]method GetVCUStatus succ
[2019-11-08 11:03:22]method getChgeData succ
[2019-11-08 11:03:22]SEND MSG, MSGID: 18, MSGTYPE: VEHICLE_STATUS,
[2019-11-08 11:04:19]RECV MSG: DIAGNOSIS_REQ, MSGID: 104
[2019-11-08 11:04:19]CALL METHOD: remoteDiagnosisRequest, callStatus: 0, ret: 0
[2019-11-08 11:04:22]method GetVehicleStatus succ
[2019-11-08 11:04:22]method GetACStatus succ
[2019-11-08 11:04:22]method GetTyreData succ
[2019-11-08 11:04:22]method getChargeStorStatus succ
[2019-11-08 11:04:22]method GetVCUStatus succ
[2019-11-08 11:04:22]method getChgeData succ
[2019-11-08 11:04:22]SEND MSG, MSGID: 19, MSGTYPE: VEHICLE_STATUS,
[2019-11-08 11:05:19]BROADCAST RECV: remote diagnosis result, source 0, id: 104 
[2019-11-08 11:05:19]method GetVehicleStatus succ
[2019-11-08 11:05:19]method GetTyreData succ
[2019-11-08 11:05:19]diagnosis result failed, buffer len: 2
[2019-11-08 11:05:19]diagnosis err code: 51
[2019-11-08 11:05:19]SEND MSG, MSGID: 104, MSGTYPE: DIAGNOSIS_RESPONSE,
[2019-11-08 11:05:22]method GetVehicleStatus succ
[2019-11-08 11:05:22]method GetACStatus succ
[2019-11-08 11:05:22]method GetTyreData succ
[2019-11-08 11:05:22]method getChargeStorStatus succ
[2019-11-08 11:05:22]method GetVCUStatus succ
[2019-11-08 11:05:22]method getChgeData succ
[2019-11-08 11:05:22]SEND MSG, MSGID: 20, MSGTYPE: VEHICLE_STATUS,
[2019-11-08 11:05:28]RECV MSG: DIAGNOSIS_REQ, MSGID: 104
[2019-11-08 11:05:28]CALL METHOD: remoteDiagnosisRequest, callStatus: 0, ret: 0
[2019-11-08 11:06:07]BROADCAST RECV: remote diagnosis result, source 0, id: 104 
[2019-11-08 11:06:07]method GetVehicleStatus succ
[2019-11-08 11:06:07]method GetTyreData succ
[2019-11-08 11:06:07]diagnosis result success, buffer len: 176
[2019-11-08 11:06:07]ECUID: 0x702
[2019-11-08 11:06:07]DTCS: c1868708
[2019-11-08 11:06:07]ECUID: 0x702
[2019-11-08 11:06:07]DTCS: c1648708
[2019-11-08 11:06:07]ECUID: 0x702
[2019-11-08 11:06:07]DTCS: c2648709
[2019-11-08 11:06:07]ECUID: 0x701
[2019-11-08 11:06:07]DTCS: c135872f
[2019-11-08 11:06:07]ECUID: 0x701
[2019-11-08 11:06:07]DTCS: 901e962f
[2019-11-08 11:06:07]ECUID: 0x701
[2019-11-08 11:06:07]DTCS: 9310962f
[2019-11-08 11:06:07]ECUID: 0x701
[2019-11-08 11:06:07]DTCS: 9410962f
[2019-11-08 11:06:07]ECUID: 0x701
[2019-11-08 11:06:07]DTCS: 9510962f
[2019-11-08 11:06:07]ECUID: 0x726
[2019-11-08 11:06:07]DTCS: 58731408
[2019-11-08 11:06:07]ECUID: 0x726
[2019-11-08 11:06:07]DTCS: c1228709
[2019-11-08 11:06:07]ECUID: 0x725
[2019-11-08 11:06:07]DTCS: da308709
[2019-11-08 11:06:07]ECUID: 0x725
[2019-11-08 11:06:07]DTCS: c2648709
[2019-11-08 11:06:07]ECUID: 0x725
[2019-11-08 11:06:07]DTCS: d1598709
[2019-11-08 11:06:07]ECUID: 0x725
[2019-11-08 11:06:07]DTCS: c1228709
[2019-11-08 11:06:07]ECUID: 0x725
[2019-11-08 11:06:07]DTCS: c1018708
[2019-11-08 11:06:07]ECUID: 0x725
[2019-11-08 11:06:07]DTCS: c1008708
[2019-11-08 11:06:07]ECUID: 0x725
[2019-11-08 11:06:07]DTCS: c1408708
[2019-11-08 11:06:07]ECUID: 0x725
[2019-11-08 11:06:07]DTCS: c4948709
[2019-11-08 11:06:07]ECUID: 0x725
[2019-11-08 11:06:07]DTCS: c0730008
[2019-11-08 11:06:07]ECUID: 0x728
[2019-11-08 11:06:07]DTCS: c1038709
[2019-11-08 11:06:07]ECUID: 0x728
[2019-11-08 11:06:07]DTCS: d1598709
[2019-11-08 11:06:07]ECUID: 0x728
[2019-11-08 11:06:07]DTCS: c2648709
[2019-11-08 11:06:07]SEND MSG, MSGID: 104, MSGTYPE: DIAGNOSIS_RESPONSE,
[2019-11-08 11:06:22]method GetVehicleStatus succ
[2019-11-08 11:06:22]method GetACStatus succ
[2019-11-08 11:06:22]method GetTyreData succ
[2019-11-08 11:06:22]method getChargeStorStatus succ
[2019-11-08 11:06:22]method GetVCUStatus succ
[2019-11-08 11:06:22]method getChgeData succ
[2019-11-08 11:06:22]SEND MSG, MSGID: 21, MSGTYPE: VEHICLE_STATUS,
