[1980-01-06 08:00:21]
[1980-01-06 08:00:21]*****************************
[1980-01-06 08:00:21]           startup          
[1980-01-06 08:00:21] build: Oct 31 2019 14:33:06 
[1980-01-06 08:00:21]*****************************
[1980-01-06 08:00:21]
[1980-01-06 08:00:21]OPEN CONF FILE: /etc/qbtsp.conf 
[1980-01-06 08:00:21]set file conf gateway server addr!
[1980-01-06 08:00:21]tbox version: DFSK000100020026000000040000 
[1980-01-06 08:00:21]Service has registered!
[1980-01-06 08:00:22]Vin changed, Redo login!
[1980-01-06 08:00:22]Service is available! power-service
[1980-01-06 08:00:22]TSPClient::startup is running...
[1980-01-06 08:00:22]get pdid...
[1980-01-06 08:00:22]use asys conf pdid: DFSK0001000200261910160001000010
[1980-01-06 08:00:22]get iccid...
[1980-01-06 08:00:22]use asys conf iccid: 89860918700009221026
[1980-01-06 08:00:22]TSPClient::gval_thread is running...
[1980-01-06 08:00:22]TSPClient::data_upload is running...
[1980-01-06 08:00:22]TSPClient::waiting is running...
[1980-01-06 08:00:22]TSPClient::recieve is running...
[1980-01-06 08:00:22]SEND MSG, MSGID: 1, MSGTYPE: LOGOUT_REQ,
[1980-01-06 08:00:22]subscribePwrService success:  0 1
[1980-01-06 08:00:22]getPwrMode success:  0 1 1
[1980-01-06 08:00:22]BROADCAST RECV: POWER RUNNING
[1980-01-06 08:00:22]sqlite init fail, ret -1, thread safe 1, db path /data/db/tspcomm.db
[1980-01-06 08:00:22]start to running...
[1980-01-06 08:00:22]replyPwrMode success:  0 1
[1980-01-06 08:00:22]Service is available! fota-service
[1980-01-06 08:00:22]processConneted success:  0 0
[1980-01-06 08:00:22]Service is available! rescue-service
[1980-01-06 08:00:22]Service is available! remote-service
[1980-01-06 08:00:22]Service is available! data-service
[1980-01-06 08:00:22]Service is available! alarm-service
[1980-01-06 08:00:22]CREATE MQTT OBJECT SUCC, ret 0
[1980-01-06 08:00:22]SERVER URL: ssl://prod.fgservice.cn:8888 
[1980-01-06 08:00:22]CLIENT ID : DFSK0001000200261910160001000010 
[1980-01-06 08:00:22]Init level 1 addr, level 1 - gateway addr, level 2 - vehicle addr
[1980-01-06 08:00:22]connect server, url: ssl://prod.fgservice.cn:8888 
[1980-01-06 08:00:22]connect server: fail, ret -1
[1980-01-06 08:00:22]disconnect mqtt server, -3
[1980-01-06 08:00:23]connect server, url: ssl://prod.fgservice.cn:8888 
[1980-01-06 08:00:23]connect server: fail, ret -1
[1980-01-06 08:00:23]disconnect mqtt server, -3
[1980-01-06 08:00:25]connect server, url: ssl://prod.fgservice.cn:8888 
[1980-01-06 08:00:25]connect server: fail, ret -1
[1980-01-06 08:00:25]disconnect mqtt server, -3
[1980-01-06 08:00:28]connect server, url: ssl://prod.fgservice.cn:8888 
[1980-01-06 08:00:28]connect server: succ, ret 0
[1980-01-06 08:00:28]subscribe topic: gate/per/device/DFSK0001000200261910160001000010/order 
[1980-01-06 08:00:28]subscribe topic: succ, ret 0
[1980-01-06 08:00:28]get vin...
[1980-01-06 08:00:28]use asys conf vin: 12345T0703T000110
[1980-01-06 08:00:28]PDID : DFSK0001000200261910160001000010
[1980-01-06 08:00:28]ICCID: 89860918700009221026
[1980-01-06 08:00:28]VIN  : 12345T0703T000110
[1980-01-06 08:00:28]VERSION: DFSK000100020026000000040000_R
[1980-01-06 08:00:29]SEND MSG, MSGID: 2, MSGTYPE: LOGIN_REQ,
[1980-01-06 08:00:29]WAITING FOR LOGIN RESPONSE
[1980-01-06 08:00:31]RECV MSG: LOGIN_RESP, MSGID: 2
[1980-01-06 08:00:31]waiting login return timein
[2019-11-08 11:08:03]setTime success: 0 1
[2019-11-08 11:08:03]LOGIN SUCCESS! GET TOKEN: 0000
[2019-11-08 11:08:03]method SetTspLoginSta succ, result true
[2019-11-08 11:08:03]RECV MSG: GATEWAY_RESP, MSGID: 2
[2019-11-08 11:08:03]Gateway response, Ack: true, Url: ssl://222.178.193.138:9994
[2019-11-08 11:08:03]Gateway set success, Reinit client
[2019-11-08 11:08:03]disconnect mqtt server, 0
[2019-11-08 11:08:03]mqtt recieve failed, rc = -3
[2019-11-08 11:08:03]disconnect mqtt server, -3
[2019-11-08 11:08:04]delete mqtt object, -3, -3, 0
[2019-11-08 11:08:05]CREATE MQTT OBJECT SUCC, ret 0
[2019-11-08 11:08:05]SERVER URL: ssl://222.178.193.138:9994 
[2019-11-08 11:08:05]CLIENT ID : DFSK0001000200261910160001000010 
[2019-11-08 11:08:05]Init level 2 addr, level 1 - gateway addr, level 2 - vehicle addr
[2019-11-08 11:08:06]connect server, url: ssl://222.178.193.138:9994 
[2019-11-08 11:08:06]connect server: succ, ret 0
[2019-11-08 11:08:06]subscribe topic: gate/per/device/DFSK0001000200261910160001000010/order 
[2019-11-08 11:08:06]subscribe topic: succ, ret 0
[2019-11-08 11:08:06]get vin...
[2019-11-08 11:08:06]use asys conf vin: 12345T0703T000110
[2019-11-08 11:08:06]PDID : DFSK0001000200261910160001000010
[2019-11-08 11:08:06]ICCID: 89860918700009221026
[2019-11-08 11:08:06]VIN  : 12345T0703T000110
[2019-11-08 11:08:06]VERSION: DFSK000100020026000000040000_R
[2019-11-08 11:08:06]SEND MSG, MSGID: 3, MSGTYPE: LOGIN_REQ,
[2019-11-08 11:08:06]WAITING FOR LOGIN RESPONSE
[2019-11-08 11:08:07]RECV MSG: LOGIN_RESP, MSGID: 3
[2019-11-08 08:11:49]waiting login return timein
[2019-11-08 08:11:49]setTime success: 0 1
[2019-11-08 08:11:49]LOGIN SUCCESS! GET TOKEN: 3b2baeb6-dc77-4092-b7a1-35745704cd6f
[2019-11-08 08:11:49]method SetTspLoginSta succ, result true
[2019-11-08 08:11:49]RECV MSG: LOGIN_RESP, MSGID: 3
[2019-11-08 08:11:31]setTime success: 0 1
[2019-11-08 08:11:31]LOGIN SUCCESS! GET TOKEN: a3f7828f-273b-4b23-b089-0c97e979b10b
[2019-11-08 08:11:31]method SetTspLoginSta succ, result true
[2019-11-08 08:12:17]method GetVehicleStatus succ
[2019-11-08 08:12:17]method GetACStatus succ
[2019-11-08 08:12:17]method GetTyreData succ
[2019-11-08 08:12:17]method getChargeStorStatus succ
[2019-11-08 08:12:17]method GetVCUStatus succ
[2019-11-08 08:12:17]method getChgeData succ
[2019-11-08 08:12:18]SEND MSG, MSGID: 4, MSGTYPE: VEHICLE_STATUS,
[2019-11-08 08:12:49]RECV MSG: DIAGNOSIS_REQ, MSGID: 104
[2019-11-08 08:12:49]CALL METHOD: remoteDiagnosisRequest, callStatus: 0, ret: 0
[2019-11-08 08:12:49]RECV MSG: DIAGNOSIS_REQ, MSGID: 104
[2019-11-08 08:12:49]BROADCAST RECV: remote diagnosis result, source 0, id: 104 
[2019-11-08 08:12:49]CALL METHOD: remoteDiagnosisRequest, callStatus: 0, ret: 0
[2019-11-08 08:12:49]method GetVehicleStatus succ
[2019-11-08 08:12:49]method GetTyreData succ
[2019-11-08 08:12:49]diagnosis result failed, buffer len: 2
[2019-11-08 08:12:49]diagnosis err code: 53
[2019-11-08 08:12:49]SEND MSG, MSGID: 104, MSGTYPE: DIAGNOSIS_RESPONSE,
[2019-11-08 08:13:18]method GetVehicleStatus succ
[2019-11-08 08:13:18]method GetACStatus succ
[2019-11-08 08:13:18]method GetTyreData succ
[2019-11-08 08:13:18]method getChargeStorStatus succ
[2019-11-08 08:13:18]method GetVCUStatus succ
[2019-11-08 08:13:18]method getChgeData succ
[2019-11-08 08:13:18]SEND MSG, MSGID: 5, MSGTYPE: VEHICLE_STATUS,
[2019-11-08 08:13:20]BROADCAST RECV: remote diagnosis result, source 0, id: 104 
[2019-11-08 08:13:20]method GetVehicleStatus succ
[2019-11-08 08:13:20]method GetTyreData succ
[2019-11-08 08:13:20]diagnosis result success, buffer len: 176
[2019-11-08 08:13:20]ECUID: 0x702
[2019-11-08 08:13:20]DTCS: c1868708
[2019-11-08 08:13:20]ECUID: 0x702
[2019-11-08 08:13:20]DTCS: c1648708
[2019-11-08 08:13:20]ECUID: 0x702
[2019-11-08 08:13:20]DTCS: c2648709
[2019-11-08 08:13:20]ECUID: 0x701
[2019-11-08 08:13:20]DTCS: c135872f
[2019-11-08 08:13:20]ECUID: 0x701
[2019-11-08 08:13:20]DTCS: 901e962f
[2019-11-08 08:13:20]ECUID: 0x701
[2019-11-08 08:13:20]DTCS: 9310962f
[2019-11-08 08:13:20]ECUID: 0x701
[2019-11-08 08:13:20]DTCS: 9410962f
[2019-11-08 08:13:20]ECUID: 0x701
[2019-11-08 08:13:20]DTCS: 9510962f
[2019-11-08 08:13:20]ECUID: 0x726
[2019-11-08 08:13:20]DTCS: 58731408
[2019-11-08 08:13:20]ECUID: 0x726
[2019-11-08 08:13:20]DTCS: c1228709
[2019-11-08 08:13:20]ECUID: 0x725
[2019-11-08 08:13:20]DTCS: da308709
[2019-11-08 08:13:20]ECUID: 0x725
[2019-11-08 08:13:20]DTCS: c2648709
[2019-11-08 08:13:20]ECUID: 0x725
[2019-11-08 08:13:20]DTCS: d1598709
[2019-11-08 08:13:20]ECUID: 0x725
[2019-11-08 08:13:20]DTCS: c1228709
[2019-11-08 08:13:20]ECUID: 0x725
[2019-11-08 08:13:20]DTCS: c1018708
[2019-11-08 08:13:20]ECUID: 0x725
[2019-11-08 08:13:20]DTCS: c1008708
[2019-11-08 08:13:20]ECUID: 0x725
[2019-11-08 08:13:20]DTCS: c1408708
[2019-11-08 08:13:20]ECUID: 0x725
[2019-11-08 08:13:20]DTCS: c4948709
[2019-11-08 08:13:20]ECUID: 0x725
[2019-11-08 08:13:20]DTCS: c0730008
[2019-11-08 08:13:20]ECUID: 0x728
[2019-11-08 08:13:20]DTCS: c1038709
[2019-11-08 08:13:20]ECUID: 0x728
[2019-11-08 08:13:20]DTCS: d1598709
[2019-11-08 08:13:20]ECUID: 0x728
[2019-11-08 08:13:20]DTCS: c2648709
[2019-11-08 08:13:20]SEND MSG, MSGID: 104, MSGTYPE: DIAGNOSIS_RESPONSE,
[2019-11-08 08:14:18]method GetVehicleStatus succ
[2019-11-08 08:14:18]method GetACStatus succ
[2019-11-08 08:14:18]method GetTyreData succ
[2019-11-08 08:14:18]method getChargeStorStatus succ
[2019-11-08 08:14:18]method GetVCUStatus succ
[2019-11-08 08:14:18]method getChgeData succ
[2019-11-08 08:14:18]SEND MSG, MSGID: 6, MSGTYPE: VEHICLE_STATUS,
[2019-11-08 08:15:15]mqtt recieve failed, rc = -1
[2019-11-08 08:15:15]disconnect mqtt server, -3
[2019-11-08 08:15:16]connect server, url: ssl://222.178.193.138:9994 
[2019-11-08 08:15:16]connect server: succ, ret 0
[2019-11-08 08:15:16]subscribe topic: gate/per/device/DFSK0001000200261910160001000010/order 
[2019-11-08 08:15:16]subscribe topic: succ, ret 0
[2019-11-08 08:15:16]get vin...
[2019-11-08 08:15:16]use asys conf vin: 12345T0703T000110
[2019-11-08 08:15:16]PDID : DFSK0001000200261910160001000010
[2019-11-08 08:15:16]ICCID: 89860918700009221026
[2019-11-08 08:15:16]VIN  : 12345T0703T000110
[2019-11-08 08:15:16]VERSION: DFSK000100020026000000040000_R
[2019-11-08 08:15:16]SEND MSG, MSGID: 7, MSGTYPE: LOGIN_REQ,
[2019-11-08 08:15:18]method GetVehicleStatus succ
[2019-11-08 08:15:18]method GetACStatus succ
[2019-11-08 08:15:18]method GetTyreData succ
[2019-11-08 08:15:18]method getChargeStorStatus succ
[2019-11-08 08:15:18]method GetVCUStatus succ
[2019-11-08 08:15:18]method getChgeData succ
[2019-11-08 08:15:18]record count 0
[2019-11-08 08:15:18]save msg, index 0, level 0, msgid 8, msgtype VEHICLE_STATUS
[2019-11-08 08:15:19]RECV MSG: LOGIN_RESP, MSGID: 7
[2019-11-08 08:15:34]setTime success: 0 1
[2019-11-08 08:15:34]LOGIN SUCCESS! GET TOKEN: a5130574-d59f-4cb2-95b4-9309d7900106
[2019-11-08 08:15:34]method SetTspLoginSta succ, result true
[2019-11-08 08:15:34]RECV MSG: LOGIN_RESP, MSGID: 7
[2019-11-08 08:15:17]setTime success: 0 1
[2019-11-08 08:15:17]LOGIN SUCCESS! GET TOKEN: a69466f8-728a-412c-9957-b178e7119c54
[2019-11-08 08:15:17]method SetTspLoginSta succ, result true
[2019-11-08 08:15:17]read(and delete) from MsgData, MyIndex 0, MyLevel 0, data len: 765
[2019-11-08 08:15:17]SEND MSG, MSGID: 9, MSGTYPE: VEHICLE_STATUS,
[2019-11-08 08:16:16]method GetVehicleStatus succ
[2019-11-08 08:16:16]method GetACStatus succ
[2019-11-08 08:16:16]method GetTyreData succ
[2019-11-08 08:16:16]method getChargeStorStatus succ
[2019-11-08 08:16:16]method GetVCUStatus succ
[2019-11-08 08:16:16]method getChgeData succ
[2019-11-08 08:16:16]SEND MSG, MSGID: 10, MSGTYPE: VEHICLE_STATUS,
[2019-11-08 08:17:16]method GetVehicleStatus succ
[2019-11-08 08:17:16]method GetACStatus succ
[2019-11-08 08:17:16]method GetTyreData succ
[2019-11-08 08:17:16]method getChargeStorStatus succ
[2019-11-08 08:17:16]method GetVCUStatus succ
[2019-11-08 08:17:16]method getChgeData succ
[2019-11-08 08:17:16]SEND MSG, MSGID: 11, MSGTYPE: VEHICLE_STATUS,
