01-06 08:00:21.660 I/hu-service( 2079): =============================================
01-06 08:00:21.740 I/hu-service( 2079): * hu-service V2.0(20191031 14:25:45).
01-06 08:00:21.740 D/hu-service( 2079): * Add call interface(20180307).
01-06 08:00:21.740 D/hu-service( 2079): * Add wifi interface(20180313).
01-06 08:00:21.740 D/hu-service( 2079): * Add upgrade interface(20180331).
01-06 08:00:21.740 I/hu-service( 2079): =============================================
01-06 08:00:21.810 D/hu-service( 2079): build net client ok.
01-06 08:00:21.830 D/hu-service( 2079): build wifi client ok.
01-06 08:00:21.860 D/hu-service( 2079): build rescue client ok.
01-06 08:00:21.860 D/hu-service( 2079): register callStatusEvent ok.
01-06 08:00:21.890 D/hu-service( 2079): build ota client ok.
01-06 08:00:21.890 D/hu-service( 2079): register ota BroEvent ok.
01-06 08:00:21.900 D/hu-service( 2079): msgDispatcher is running.
01-06 08:00:21.900 D/hu-service( 2079): dataHelper is running.
01-06 08:00:21.900 D/hu-service( 2079): create socket service ok, serviceId:10.
01-06 08:00:21.920 D/hu-service( 2079): ota service connect ok.
01-06 08:00:21.409 I/hu-service( 1724): =============================================
01-06 08:00:21.489 I/hu-service( 1724): * hu-service V2.0(20191031 14:25:45).
01-06 08:00:21.489 D/hu-service( 1724): * Add call interface(20180307).
01-06 08:00:21.489 D/hu-service( 1724): * Add wifi interface(20180313).
01-06 08:00:21.489 D/hu-service( 1724): * Add upgrade interface(20180331).
01-06 08:00:21.489 I/hu-service( 1724): =============================================
01-06 08:00:21.559 D/hu-service( 1724): build net client ok.
01-06 08:00:21.579 D/hu-service( 1724): build wifi client ok.
01-06 08:00:21.589 D/hu-service( 1724): build rescue client ok.
01-06 08:00:21.599 D/hu-service( 1724): register callStatusEvent ok.
01-06 08:00:21.619 D/hu-service( 1724): build ota client ok.
01-06 08:00:21.619 D/hu-service( 1724): register ota BroEvent ok.
01-06 08:00:21.629 D/hu-service( 1724): msgDispatcher is running.
01-06 08:00:21.629 D/hu-service( 1724): dataHelper is running.
01-06 08:00:21.639 D/hu-service( 1724): create socket service ok, serviceId:10.
01-06 08:00:21.649 D/hu-service( 1724): ota service connect ok.
01-06 08:00:21.403 I/hu-service( 1727): =============================================
01-06 08:00:21.473 I/hu-service( 1727): * hu-service V2.0(20191031 14:25:45).
01-06 08:00:21.473 D/hu-service( 1727): * Add call interface(20180307).
01-06 08:00:21.473 D/hu-service( 1727): * Add wifi interface(20180313).
01-06 08:00:21.473 D/hu-service( 1727): * Add upgrade interface(20180331).
01-06 08:00:21.473 I/hu-service( 1727): =============================================
01-06 08:00:21.543 D/hu-service( 1727): build net client ok.
01-06 08:00:21.553 D/hu-service( 1727): build wifi client ok.
01-06 08:00:21.573 D/hu-service( 1727): build rescue client ok.
01-06 08:00:21.583 D/hu-service( 1727): register callStatusEvent ok.
01-06 08:00:21.603 D/hu-service( 1727): build ota client ok.
01-06 08:00:21.603 D/hu-service( 1727): register ota BroEvent ok.
01-06 08:00:21.613 D/hu-service( 1727): msgDispatcher is running.
01-06 08:00:21.613 D/hu-service( 1727): dataHelper is running.
01-06 08:00:21.623 D/hu-service( 1727): create socket service ok, serviceId:10.
01-06 08:00:21.633 D/hu-service( 1727): ota service connect ok.
01-06 08:00:21.301 I/hu-service( 1723): =============================================
01-06 08:00:21.391 I/hu-service( 1723): * hu-service V2.0(20191031 14:25:45).
01-06 08:00:21.391 D/hu-service( 1723): * Add call interface(20180307).
01-06 08:00:21.391 D/hu-service( 1723): * Add wifi interface(20180313).
01-06 08:00:21.391 D/hu-service( 1723): * Add upgrade interface(20180331).
01-06 08:00:21.391 I/hu-service( 1723): =============================================
01-06 08:00:21.461 D/hu-service( 1723): build net client ok.
01-06 08:00:21.481 D/hu-service( 1723): build wifi client ok.
01-06 08:00:21.491 D/hu-service( 1723): build rescue client ok.
01-06 08:00:21.501 D/hu-service( 1723): register callStatusEvent ok.
01-06 08:00:21.521 D/hu-service( 1723): build ota client ok.
01-06 08:00:21.521 D/hu-service( 1723): register ota BroEvent ok.
01-06 08:00:21.531 D/hu-service( 1723): msgDispatcher is running.
01-06 08:00:21.531 D/hu-service( 1723): dataHelper is running.
01-06 08:00:21.541 D/hu-service( 1723): create socket service ok, serviceId:10.
01-06 08:00:21.551 D/hu-service( 1723): ota service connect ok.
01-06 08:00:22.519 I/hu-service( 1739): =============================================
01-06 08:00:22.539 I/hu-service( 1739): * hu-service V2.0(20191031 14:25:45).
01-06 08:00:22.539 D/hu-service( 1739): * Add call interface(20180307).
01-06 08:00:22.539 D/hu-service( 1739): * Add wifi interface(20180313).
01-06 08:00:22.539 D/hu-service( 1739): * Add upgrade interface(20180331).
01-06 08:00:22.539 I/hu-service( 1739): =============================================
01-06 08:00:22.629 D/hu-service( 1739): build net client ok.
01-06 08:00:22.659 D/hu-service( 1739): build wifi client ok.
01-06 08:00:22.679 D/hu-service( 1739): build rescue client ok.
01-06 08:00:22.689 D/hu-service( 1739): register callStatusEvent ok.
01-06 08:00:22.719 D/hu-service( 1739): build ota client ok.
01-06 08:00:22.729 D/hu-service( 1739): register ota BroEvent ok.
01-06 08:00:22.739 D/hu-service( 1739): msgDispatcher is running.
01-06 08:00:22.739 D/hu-service( 1739): dataHelper is running.
01-06 08:00:22.749 D/hu-service( 1739): create socket service ok, serviceId:10.
01-06 08:00:22.769 D/hu-service( 1739): ota service connect ok.
01-06 08:00:21.345 I/hu-service( 1724): =============================================
01-06 08:00:21.415 I/hu-service( 1724): * hu-service V2.0(20191031 14:25:45).
01-06 08:00:21.425 D/hu-service( 1724): * Add call interface(20180307).
01-06 08:00:21.425 D/hu-service( 1724): * Add wifi interface(20180313).
01-06 08:00:21.425 D/hu-service( 1724): * Add upgrade interface(20180331).
01-06 08:00:21.425 I/hu-service( 1724): =============================================
01-06 08:00:21.495 D/hu-service( 1724): build net client ok.
01-06 08:00:21.515 D/hu-service( 1724): build wifi client ok.
01-06 08:00:21.525 D/hu-service( 1724): build rescue client ok.
01-06 08:00:21.535 D/hu-service( 1724): register callStatusEvent ok.
01-06 08:00:21.555 D/hu-service( 1724): build ota client ok.
01-06 08:00:21.565 D/hu-service( 1724): register ota BroEvent ok.
01-06 08:00:21.565 D/hu-service( 1724): msgDispatcher is running.
01-06 08:00:21.565 D/hu-service( 1724): dataHelper is running.
01-06 08:00:21.575 D/hu-service( 1724): create socket service ok, serviceId:10.
01-06 08:00:21.595 D/hu-service( 1724): ota service connect ok.
01-06 08:00:20.830 I/hu-service( 1732): =============================================
01-06 08:00:20.920 I/hu-service( 1732): * hu-service V2.0(20191031 14:25:45).
01-06 08:00:20.920 D/hu-service( 1732): * Add call interface(20180307).
01-06 08:00:20.920 D/hu-service( 1732): * Add wifi interface(20180313).
01-06 08:00:20.920 D/hu-service( 1732): * Add upgrade interface(20180331).
01-06 08:00:20.920 I/hu-service( 1732): =============================================
01-06 08:00:20.990 D/hu-service( 1732): build net client ok.
01-06 08:00:21.000 D/hu-service( 1732): build wifi client ok.
01-06 08:00:21.020 D/hu-service( 1732): build rescue client ok.
01-06 08:00:21.020 D/hu-service( 1732): register callStatusEvent ok.
01-06 08:00:21.050 D/hu-service( 1732): build ota client ok.
01-06 08:00:21.050 D/hu-service( 1732): register ota BroEvent ok.
01-06 08:00:21.060 D/hu-service( 1732): msgDispatcher is running.
01-06 08:00:21.060 D/hu-service( 1732): dataHelper is running.
01-06 08:00:21.060 D/hu-service( 1732): create socket service ok, serviceId:10.
01-06 08:00:21.080 D/hu-service( 1732): ota service connect ok.
