01-06 08:00:17.670 I/remote-service( 1777): ====================================================
01-06 08:00:17.830 I/remote-service( 1777): * remote-service v2.0(20191031 14:27:53).
01-06 08:00:17.830 D/remote-service( 1777): * as service for TSP and other modules(20180302).
01-06 08:00:17.830 D/remote-service( 1777): * add ecu id 13(20180906).
01-06 08:00:17.830 D/remote-service( 1777): * for config(20190524).
01-06 08:00:17.830 I/remote-service( 1777): =====================================================
01-06 08:00:17.920 D/remote-service( 1777): remote service start success.
01-06 08:00:18.190 D/remote-service( 1777): mcu client start success.
01-06 08:00:18.190 D/remote-service( 1777): timer task start success.
01-06 08:00:18.230 D/remote-service( 1777): register mcu operate result event ok.
01-06 08:00:18.290 D/remote-service( 1777): get Config success, level:1...
01-06 08:00:18.290 I/remote-service( 1777): init config:engine:yes, airCtrl:yes, lock:yes, findCar:yes, charge:yes, disEngine:yes.
01-06 08:00:18.290 I/remote-service( 1777):             windows:yes, trumpet:yes, flicker:yes, reardoor:yes, seatHot:yes, skyWindow:yes.
11-08 10:53:26.889 I/remote-service( 1777): remoteDiag id[104], taskId:task-157318160740812033 from source0, running........................
11-08 10:53:26.899 D/remote-service( 1777): send mcu cmd success, items:8192...
11-08 10:53:26.899 D/remote-service( 1777): remoteDiag set timeout:60s'.
11-08 10:54:03.969 I/remote-service( 1777): mcu response diag result(127):0 7a 1 1 7a 1 3 c1 86 87 8 c1 64 87 8 c2 64 87 9 2 5 c1 35 87 2f 90 1e 96 2f 93 10 96 2e 94 10 96 2f 95 10 96 2f 3 0 0 4 2 58 51 11 8 58 73 14 8 5 9 da 30 87 9 c2 64 87 9 d1 59 87 9 c1 22 87 9 c1 1 87 8 c1 0 87 8 c1 40 87 8 c4 94 87 9 c0 73 0 8 6 0 0 7 0 0 8 0 0 9 0 0 a 0 0 b 0 0 c 0 0 d 3 c1 3 87 9 d1 59 87 9 c2 64 87 9 .
11-08 10:54:03.969 I/remote-service( 1777): maxLen:122, maxNum:1, curNum:1, curLen:122.
11-08 10:54:03.979 I/remote-service( 1777): convertDtcs(122):1 3 c1 86 87 8 c1 64 87 8 c2 64 87 9 2 5 c1 35 87 2f 90 1e 96 2f 93 10 96 2e 94 10 96 2f 95 10 96 2f 3 0 0 4 2 58 51 11 8 58 73 14 8 5 9 da 30 87 9 c2 64 87 9 d1 59 87 9 c1 22 87 9 c1 1 87 8 c1 0 87 8 c1 40 87 8 c4 94 87 9 c0 73 0 8 6 0 0 7 0 0 8 0 0 9 0 0 a 0 0 b 0 0 c 0 0 d 3 c1 3 87 9 d1 59 87 9 c2 64 87 9 .
11-08 10:54:03.979 I/remote-service( 1777): ecu id:1, dtcNum:3.
11-08 10:54:03.979 I/remote-service( 1777): ecu id:2, dtcNum:5.
11-08 10:54:03.979 I/remote-service( 1777): ecu id:3, dtcNum:0.
11-08 10:54:03.979 I/remote-service( 1777): ecu id:4, dtcNum:2.
11-08 10:54:03.979 I/remote-service( 1777): ecu id:5, dtcNum:9.
11-08 10:54:03.979 I/remote-service( 1777): ecu id:6, dtcNum:0.
11-08 10:54:03.979 I/remote-service( 1777): ecu id:7, dtcNum:0.
11-08 10:54:03.979 I/remote-service( 1777): ecu id:8, dtcNum:0.
11-08 10:54:03.979 I/remote-service( 1777): ecu id:9, dtcNum:0.
11-08 10:54:03.979 I/remote-service( 1777): ecu id:10, dtcNum:0.
11-08 10:54:03.979 I/remote-service( 1777): ecu id:11, dtcNum:0.
11-08 10:54:03.979 I/remote-service( 1777): ecu id:12, dtcNum:0.
11-08 10:54:03.979 I/remote-service( 1777): ecu id:13, dtcNum:3.
11-08 10:54:03.989 I/remote-service( 1777): remoteDiag id[104], taskId:task-157318160740812033 to source0 reponse----result:true
11-08 10:54:03.989 I/remote-service( 1777): diagData(176):0 0 7 2 c1 86 87 8 0 0 7 2 c1 64 87 8 0 0 7 2 c2 64 87 9 0 0 7 1 c1 35 87 2f 0 0 7 1 90 1e 96 2f 0 0 7 1 93 10 96 2e 0 0 7 1 94 10 96 2f 0 0 7 1 95 10 96 2f 0 0 7 26 58 51 11 8 0 0 7 26 58 73 14 8 0 0 7 25 da 30 87 9 0 0 7 25 c2 64 87 9 0 0 7 25 d1 59 87 9 0 0 7 25 c1 22 87 9 0 0 7 25 c1 1 87 8 0 0 7 25 c1 0 87 8 0 0 7 25 c1 40 87 8 0 0 7 25 c4 94 87 9 0 0 7 25 c0 73 0 8 0 0 7 28 c1 3 87 9 0 0 7 28 d1 59 87 9 0 0 7 28 c2 64 87 9 
11-08 10:54:13.339 I/remote-service( 1777): mcu response diag result(2):ff 9 .
11-08 10:55:30.539 I/remote-service( 1777): remoteDiag id[104], taskId:task-157318173089696463 from source0, running........................
11-08 10:55:30.549 D/remote-service( 1777): send mcu cmd success, items:8192...
11-08 10:55:30.549 D/remote-service( 1777): remoteDiag set timeout:60s'.
11-08 10:55:55.449 I/remote-service( 1777): mcu response diag result(107):0 66 1 1 66 1 0 0 2 5 c1 35 87 2f 90 1e 96 2f 93 10 96 2f 94 10 96 2f 95 10 96 2f 3 0 0 4 2 58 73 14 8 c1 22 87 9 5 9 da 30 87 9 c2 64 87 9 d1 59 87 9 c1 22 87 9 c1 1 87 8 c1 0 87 8 c1 40 87 8 c4 94 87 9 c0 73 0 8 9 0 0 a 0 0 b 0 0 c 0 0 d 3 c1 3 87 9 d1 59 87 9 c2 64 87 9 .
11-08 10:55:55.449 I/remote-service( 1777): maxLen:102, maxNum:1, curNum:1, curLen:102.
11-08 10:55:55.449 I/remote-service( 1777): convertDtcs(102):1 0 0 2 5 c1 35 87 2f 90 1e 96 2f 93 10 96 2f 94 10 96 2f 95 10 96 2f 3 0 0 4 2 58 73 14 8 c1 22 87 9 5 9 da 30 87 9 c2 64 87 9 d1 59 87 9 c1 22 87 9 c1 1 87 8 c1 0 87 8 c1 40 87 8 c4 94 87 9 c0 73 0 8 9 0 0 a 0 0 b 0 0 c 0 0 d 3 c1 3 87 9 d1 59 87 9 c2 64 87 9 .
11-08 10:55:55.449 I/remote-service( 1777): ecu id:1, dtcNum:0.
11-08 10:55:55.449 I/remote-service( 1777): ecu id:2, dtcNum:5.
11-08 10:55:55.449 I/remote-service( 1777): ecu id:3, dtcNum:0.
11-08 10:55:55.449 I/remote-service( 1777): ecu id:4, dtcNum:2.
11-08 10:55:55.449 I/remote-service( 1777): ecu id:5, dtcNum:9.
11-08 10:55:55.449 I/remote-service( 1777): ecu id:9, dtcNum:0.
11-08 10:55:55.449 I/remote-service( 1777): ecu id:10, dtcNum:0.
11-08 10:55:55.449 I/remote-service( 1777): ecu id:11, dtcNum:0.
11-08 10:55:55.449 I/remote-service( 1777): ecu id:12, dtcNum:0.
11-08 10:55:55.449 I/remote-service( 1777): ecu id:13, dtcNum:3.
11-08 10:55:55.459 I/remote-service( 1777): remoteDiag id[104], taskId:task-157318173089696463 to source0 reponse----result:true
11-08 10:55:55.459 I/remote-service( 1777): diagData(152):0 0 7 1 c1 35 87 2f 0 0 7 1 90 1e 96 2f 0 0 7 1 93 10 96 2f 0 0 7 1 94 10 96 2f 0 0 7 1 95 10 96 2f 0 0 7 26 58 73 14 8 0 0 7 26 c1 22 87 9 0 0 7 25 da 30 87 9 0 0 7 25 c2 64 87 9 0 0 7 25 d1 59 87 9 0 0 7 25 c1 22 87 9 0 0 7 25 c1 1 87 8 0 0 7 25 c1 0 87 8 0 0 7 25 c1 40 87 8 0 0 7 25 c4 94 87 9 0 0 7 25 c0 73 0 8 0 0 7 28 c1 3 87 9 0 0 7 28 d1 59 87 9 0 0 7 28 c2 64 87 9 
11-08 10:56:02.859 I/remote-service( 1777): mcu response diag result(2):ff 9 .
11-08 10:57:57.749 I/remote-service( 1777): remoteDiag id[104], taskId:task-157318187781325909 from source0, running........................
11-08 10:57:57.749 D/remote-service( 1777): send mcu cmd success, items:8192...
11-08 10:57:57.759 D/remote-service( 1777): remoteDiag set timeout:60s'.
11-08 10:58:21.629 I/remote-service( 1777): mcu response diag result(118):0 71 1 1 71 1 3 c1 86 87 8 c1 64 87 8 c2 64 87 9 2 5 c1 35 87 2f 90 1e 96 2f 93 10 96 2f 94 10 96 2f 95 10 96 2f 3 0 0 4 2 58 73 14 8 c1 22 87 9 5 9 da 30 87 9 c2 64 87 9 d1 59 87 9 c1 22 87 9 c1 1 87 8 c1 0 87 8 c1 40 87 8 c4 94 87 9 c0 73 0 8 9 0 0 a 0 0 b 0 0 c 0 0 d 3 c1 3 87 9 d1 59 87 9 c2 64 87 9 .
11-08 10:58:21.629 I/remote-service( 1777): maxLen:113, maxNum:1, curNum:1, curLen:113.
11-08 10:58:21.639 I/remote-service( 1777): convertDtcs(113):1 3 c1 86 87 8 c1 64 87 8 c2 64 87 9 2 5 c1 35 87 2f 90 1e 96 2f 93 10 96 2f 94 10 96 2f 95 10 96 2f 3 0 0 4 2 58 73 14 8 c1 22 87 9 5 9 da 30 87 9 c2 64 87 9 d1 59 87 9 c1 22 87 9 c1 1 87 8 c1 0 87 8 c1 40 87 8 c4 94 87 9 c0 73 0 8 9 0 0 a 0 0 b 0 0 c 0 0 d 3 c1 3 87 9 d1 59 87 9 c2 64 87 9 .
11-08 10:58:21.639 I/remote-service( 1777): ecu id:1, dtcNum:3.
11-08 10:58:21.639 I/remote-service( 1777): ecu id:2, dtcNum:5.
11-08 10:58:21.639 I/remote-service( 1777): ecu id:3, dtcNum:0.
11-08 10:58:21.639 I/remote-service( 1777): ecu id:4, dtcNum:2.
11-08 10:58:21.639 I/remote-service( 1777): ecu id:5, dtcNum:9.
11-08 10:58:21.639 I/remote-service( 1777): ecu id:9, dtcNum:0.
11-08 10:58:21.639 I/remote-service( 1777): ecu id:10, dtcNum:0.
11-08 10:58:21.639 I/remote-service( 1777): ecu id:11, dtcNum:0.
11-08 10:58:21.639 I/remote-service( 1777): ecu id:12, dtcNum:0.
11-08 10:58:21.639 I/remote-service( 1777): ecu id:13, dtcNum:3.
11-08 10:58:21.649 I/remote-service( 1777): remoteDiag id[104], taskId:task-157318187781325909 to source0 reponse----result:true
11-08 10:58:21.649 I/remote-service( 1777): diagData(176):0 0 7 2 c1 86 87 8 0 0 7 2 c1 64 87 8 0 0 7 2 c2 64 87 9 0 0 7 1 c1 35 87 2f 0 0 7 1 90 1e 96 2f 0 0 7 1 93 10 96 2f 0 0 7 1 94 10 96 2f 0 0 7 1 95 10 96 2f 0 0 7 26 58 73 14 8 0 0 7 26 c1 22 87 9 0 0 7 25 da 30 87 9 0 0 7 25 c2 64 87 9 0 0 7 25 d1 59 87 9 0 0 7 25 c1 22 87 9 0 0 7 25 c1 1 87 8 0 0 7 25 c1 0 87 8 0 0 7 25 c1 40 87 8 0 0 7 25 c4 94 87 9 0 0 7 25 c0 73 0 8 0 0 7 28 c1 3 87 9 0 0 7 28 d1 59 87 9 0 0 7 28 c2 64 87 9 
11-08 10:58:28.109 I/remote-service( 1777): mcu response diag result(2):ff 9 .
11-08 11:04:19.619 I/remote-service( 1777): remoteDiag id[104], taskId:task-157318226076412792 from source0, running........................
11-08 11:04:19.629 D/remote-service( 1777): send mcu cmd success, items:8192...
11-08 11:04:19.629 D/remote-service( 1777): remoteDiag set timeout:60s'.
11-08 11:05:19.649 W/remote-service( 1777): RemoteDiag failed : TimeOut
11-08 11:05:19.649 I/remote-service( 1777): remoteDiag id[104], taskId:task-157318226076412792 to source0 reponse----result:flase, errCode(2):51
11-08 11:05:28.189 I/remote-service( 1777): remoteDiag id[104], taskId:task-157318232921757947 from source0, running........................
11-08 11:05:28.209 D/remote-service( 1777): send mcu cmd success, items:8192...
11-08 11:05:28.209 D/remote-service( 1777): remoteDiag set timeout:60s'.
11-08 11:06:07.619 I/remote-service( 1777): mcu response diag result(127):0 7a 1 1 7a 1 3 c1 86 87 8 c1 64 87 8 c2 64 87 9 2 5 c1 35 87 2f 90 1e 96 2f 93 10 96 2f 94 10 96 2f 95 10 96 2f 3 0 0 4 2 58 73 14 8 c1 22 87 9 5 9 da 30 87 9 c2 64 87 9 d1 59 87 9 c1 22 87 9 c1 1 87 8 c1 0 87 8 c1 40 87 8 c4 94 87 9 c0 73 0 8 6 0 0 7 0 0 8 0 0 9 0 0 a 0 0 b 0 0 c 0 0 d 3 c1 3 87 9 d1 59 87 9 c2 64 87 9 .
11-08 11:06:07.619 I/remote-service( 1777): maxLen:122, maxNum:1, curNum:1, curLen:122.
11-08 11:06:07.619 I/remote-service( 1777): convertDtcs(122):1 3 c1 86 87 8 c1 64 87 8 c2 64 87 9 2 5 c1 35 87 2f 90 1e 96 2f 93 10 96 2f 94 10 96 2f 95 10 96 2f 3 0 0 4 2 58 73 14 8 c1 22 87 9 5 9 da 30 87 9 c2 64 87 9 d1 59 87 9 c1 22 87 9 c1 1 87 8 c1 0 87 8 c1 40 87 8 c4 94 87 9 c0 73 0 8 6 0 0 7 0 0 8 0 0 9 0 0 a 0 0 b 0 0 c 0 0 d 3 c1 3 87 9 d1 59 87 9 c2 64 87 9 .
11-08 11:06:07.619 I/remote-service( 1777): ecu id:1, dtcNum:3.
11-08 11:06:07.619 I/remote-service( 1777): ecu id:2, dtcNum:5.
11-08 11:06:07.619 I/remote-service( 1777): ecu id:3, dtcNum:0.
11-08 11:06:07.619 I/remote-service( 1777): ecu id:4, dtcNum:2.
11-08 11:06:07.619 I/remote-service( 1777): ecu id:5, dtcNum:9.
11-08 11:06:07.619 I/remote-service( 1777): ecu id:6, dtcNum:0.
11-08 11:06:07.619 I/remote-service( 1777): ecu id:7, dtcNum:0.
11-08 11:06:07.619 I/remote-service( 1777): ecu id:8, dtcNum:0.
11-08 11:06:07.619 I/remote-service( 1777): ecu id:9, dtcNum:0.
11-08 11:06:07.619 I/remote-service( 1777): ecu id:10, dtcNum:0.
11-08 11:06:07.619 I/remote-service( 1777): ecu id:11, dtcNum:0.
11-08 11:06:07.619 I/remote-service( 1777): ecu id:12, dtcNum:0.
11-08 11:06:07.619 I/remote-service( 1777): ecu id:13, dtcNum:3.
11-08 11:06:07.639 I/remote-service( 1777): remoteDiag id[104], taskId:task-157318232921757947 to source0 reponse----result:true
11-08 11:06:07.639 I/remote-service( 1777): diagData(176):0 0 7 2 c1 86 87 8 0 0 7 2 c1 64 87 8 0 0 7 2 c2 64 87 9 0 0 7 1 c1 35 87 2f 0 0 7 1 90 1e 96 2f 0 0 7 1 93 10 96 2f 0 0 7 1 94 10 96 2f 0 0 7 1 95 10 96 2f 0 0 7 26 58 73 14 8 0 0 7 26 c1 22 87 9 0 0 7 25 da 30 87 9 0 0 7 25 c2 64 87 9 0 0 7 25 d1 59 87 9 0 0 7 25 c1 22 87 9 0 0 7 25 c1 1 87 8 0 0 7 25 c1 0 87 8 0 0 7 25 c1 40 87 8 0 0 7 25 c4 94 87 9 0 0 7 25 c0 73 0 8 0 0 7 28 c1 3 87 9 0 0 7 28 d1 59 87 9 0 0 7 28 c2 64 87 9 
11-08 11:06:10.809 I/remote-service( 1777): mcu response diag result(2):ff 9 .
01-06 08:00:17.449 I/remote-service( 1604): ====================================================
01-06 08:00:17.639 I/remote-service( 1604): * remote-service v2.0(20191031 14:27:53).
01-06 08:00:17.649 D/remote-service( 1604): * as service for TSP and other modules(20180302).
01-06 08:00:17.649 D/remote-service( 1604): * add ecu id 13(20180906).
01-06 08:00:17.649 D/remote-service( 1604): * for config(20190524).
01-06 08:00:17.649 I/remote-service( 1604): =====================================================
01-06 08:00:17.779 D/remote-service( 1604): remote service start success.
01-06 08:00:17.989 D/remote-service( 1604): mcu client start success.
01-06 08:00:17.989 D/remote-service( 1604): timer task start success.
01-06 08:00:18.009 D/remote-service( 1604): register mcu operate result event ok.
01-06 08:00:18.039 D/remote-service( 1604): get Config success, level:1...
01-06 08:00:18.039 I/remote-service( 1604): init config:engine:yes, airCtrl:yes, lock:yes, findCar:yes, charge:yes, disEngine:yes.
01-06 08:00:18.039 I/remote-service( 1604):             windows:yes, trumpet:yes, flicker:yes, reardoor:yes, seatHot:yes, skyWindow:yes.
11-08 08:12:49.759 I/remote-service( 1604): remoteDiag id[104], taskId:task-157318256852189711 from source0, running........................
11-08 08:12:49.769 D/remote-service( 1604): send mcu cmd success, items:8192...
11-08 08:12:49.769 D/remote-service( 1604): remoteDiag set timeout:60s'.
11-08 08:12:49.779 I/remote-service( 1604): remoteDiag id[104] from source0, busy now!
11-08 08:12:49.789 I/remote-service( 1604): remoteDiag id[104], taskId:task-157318256852189711 to source0 reponse----result:flase, errCode(2):53
11-08 08:13:20.759 I/remote-service( 1604): mcu response diag result(127):0 7a 1 1 7a 1 3 c1 86 87 8 c1 64 87 8 c2 64 87 9 2 5 c1 35 87 2f 90 1e 96 2f 93 10 96 2f 94 10 96 2f 95 10 96 2f 3 0 0 4 2 58 73 14 8 c1 22 87 9 5 9 da 30 87 9 c2 64 87 9 d1 59 87 9 c1 22 87 9 c1 1 87 8 c1 0 87 8 c1 40 87 8 c4 94 87 9 c0 73 0 8 6 0 0 7 0 0 8 0 0 9 0 0 a 0 0 b 0 0 c 0 0 d 3 c1 3 87 9 d1 59 87 9 c2 64 87 9 .
11-08 08:13:20.759 I/remote-service( 1604): maxLen:122, maxNum:1, curNum:1, curLen:122.
11-08 08:13:20.759 I/remote-service( 1604): convertDtcs(122):1 3 c1 86 87 8 c1 64 87 8 c2 64 87 9 2 5 c1 35 87 2f 90 1e 96 2f 93 10 96 2f 94 10 96 2f 95 10 96 2f 3 0 0 4 2 58 73 14 8 c1 22 87 9 5 9 da 30 87 9 c2 64 87 9 d1 59 87 9 c1 22 87 9 c1 1 87 8 c1 0 87 8 c1 40 87 8 c4 94 87 9 c0 73 0 8 6 0 0 7 0 0 8 0 0 9 0 0 a 0 0 b 0 0 c 0 0 d 3 c1 3 87 9 d1 59 87 9 c2 64 87 9 .
11-08 08:13:20.759 I/remote-service( 1604): ecu id:1, dtcNum:3.
11-08 08:13:20.759 I/remote-service( 1604): ecu id:2, dtcNum:5.
11-08 08:13:20.769 I/remote-service( 1604): ecu id:3, dtcNum:0.
11-08 08:13:20.769 I/remote-service( 1604): ecu id:4, dtcNum:2.
11-08 08:13:20.769 I/remote-service( 1604): ecu id:5, dtcNum:9.
11-08 08:13:20.769 I/remote-service( 1604): ecu id:6, dtcNum:0.
11-08 08:13:20.769 I/remote-service( 1604): ecu id:7, dtcNum:0.
11-08 08:13:20.769 I/remote-service( 1604): ecu id:8, dtcNum:0.
11-08 08:13:20.769 I/remote-service( 1604): ecu id:9, dtcNum:0.
11-08 08:13:20.769 I/remote-service( 1604): ecu id:10, dtcNum:0.
11-08 08:13:20.769 I/remote-service( 1604): ecu id:11, dtcNum:0.
11-08 08:13:20.769 I/remote-service( 1604): ecu id:12, dtcNum:0.
11-08 08:13:20.769 I/remote-service( 1604): ecu id:13, dtcNum:3.
11-08 08:13:20.789 I/remote-service( 1604): remoteDiag id[104], taskId:task-157318256852189711 to source0 reponse----result:true
11-08 08:13:20.789 I/remote-service( 1604): diagData(176):0 0 7 2 c1 86 87 8 0 0 7 2 c1 64 87 8 0 0 7 2 c2 64 87 9 0 0 7 1 c1 35 87 2f 0 0 7 1 90 1e 96 2f 0 0 7 1 93 10 96 2f 0 0 7 1 94 10 96 2f 0 0 7 1 95 10 96 2f 0 0 7 26 58 73 14 8 0 0 7 26 c1 22 87 9 0 0 7 25 da 30 87 9 0 0 7 25 c2 64 87 9 0 0 7 25 d1 59 87 9 0 0 7 25 c1 22 87 9 0 0 7 25 c1 1 87 8 0 0 7 25 c1 0 87 8 0 0 7 25 c1 40 87 8 0 0 7 25 c4 94 87 9 0 0 7 25 c0 73 0 8 0 0 7 28 c1 3 87 9 0 0 7 28 d1 59 87 9 0 0 7 28 c2 64 87 9 
11-08 08:13:27.929 I/remote-service( 1604): mcu response diag result(2):ff 9 .
01-06 08:00:17.473 I/remote-service( 1609): ====================================================
01-06 08:00:17.693 I/remote-service( 1609): * remote-service v2.0(20191031 14:27:53).
01-06 08:00:17.693 D/remote-service( 1609): * as service for TSP and other modules(20180302).
01-06 08:00:17.693 D/remote-service( 1609): * add ecu id 13(20180906).
01-06 08:00:17.693 D/remote-service( 1609): * for config(20190524).
01-06 08:00:17.693 I/remote-service( 1609): =====================================================
01-06 08:00:17.813 D/remote-service( 1609): remote service start success.
01-06 08:00:18.003 D/remote-service( 1609): mcu client start success.
01-06 08:00:18.003 D/remote-service( 1609): timer task start success.
01-06 08:00:18.023 D/remote-service( 1609): register mcu operate result event ok.
01-06 08:00:18.033 D/remote-service( 1609): get Config success, level:1...
01-06 08:00:18.043 I/remote-service( 1609): init config:engine:yes, airCtrl:yes, lock:yes, findCar:yes, charge:yes, disEngine:yes.
01-06 08:00:18.043 I/remote-service( 1609):             windows:yes, trumpet:yes, flicker:yes, reardoor:yes, seatHot:yes, skyWindow:yes.
11-08 08:22:22.773 I/remote-service( 1609): init config:engine:yes, airCtrl:yes, lock:yes, findCar:yes, charge:yes, disEngine:yes.
11-08 08:22:22.773 I/remote-service( 1609):             windows:yes, trumpet:yes, flicker:yes, reardoor:yes, seatHot:yes, skyWindow:yes.
11-08 08:22:25.753 I/remote-service( 1609): init config:engine:yes, airCtrl:yes, lock:yes, findCar:yes, charge:yes, disEngine:yes.
11-08 08:22:25.753 I/remote-service( 1609):             windows:yes, trumpet:yes, flicker:yes, reardoor:yes, seatHot:yes, skyWindow:yes.
11-08 08:22:26.523 I/remote-service( 1609): remoteDiag id[0], taskId: from source0, running........................
11-08 08:22:26.543 D/remote-service( 1609): send mcu cmd success, items:8192...
11-08 08:22:26.543 D/remote-service( 1609): remoteDiag set timeout:60s'.
11-08 08:22:44.979 I/remote-service( 1609): mcu response diag result(127):0 7a 1 1 7a 1 3 c1 86 87 8 c1 64 87 8 c2 64 87 9 2 5 c1 35 87 2f 90 1e 96 2f 93 10 96 2c 94 10 96 2f 95 10 96 2f 3 0 0 4 2 58 73 14 8 c1 22 87 8 5 9 da 30 87 9 c2 64 87 9 d1 59 87 9 c1 22 87 8 c1 1 87 8 c1 0 87 8 c1 40 87 8 c4 94 87 9 c0 73 0 8 6 0 0 7 0 0 8 0 0 9 0 0 a 0 0 b 0 0 c 0 0 d 3 c1 3 87 9 d1 59 87 9 c2 64 87 9 .
11-08 08:22:44.979 I/remote-service( 1609): maxLen:122, maxNum:1, curNum:1, curLen:122.
11-08 08:22:44.979 I/remote-service( 1609): convertDtcs(122):1 3 c1 86 87 8 c1 64 87 8 c2 64 87 9 2 5 c1 35 87 2f 90 1e 96 2f 93 10 96 2c 94 10 96 2f 95 10 96 2f 3 0 0 4 2 58 73 14 8 c1 22 87 8 5 9 da 30 87 9 c2 64 87 9 d1 59 87 9 c1 22 87 8 c1 1 87 8 c1 0 87 8 c1 40 87 8 c4 94 87 9 c0 73 0 8 6 0 0 7 0 0 8 0 0 9 0 0 a 0 0 b 0 0 c 0 0 d 3 c1 3 87 9 d1 59 87 9 c2 64 87 9 .
11-08 08:22:44.979 I/remote-service( 1609): ecu id:1, dtcNum:3.
11-08 08:22:44.989 I/remote-service( 1609): ecu id:2, dtcNum:5.
11-08 08:22:44.989 I/remote-service( 1609): ecu id:3, dtcNum:0.
11-08 08:22:44.989 I/remote-service( 1609): ecu id:4, dtcNum:2.
11-08 08:22:44.989 I/remote-service( 1609): ecu id:5, dtcNum:9.
11-08 08:22:44.989 I/remote-service( 1609): ecu id:6, dtcNum:0.
11-08 08:22:44.989 I/remote-service( 1609): ecu id:7, dtcNum:0.
11-08 08:22:44.989 I/remote-service( 1609): ecu id:8, dtcNum:0.
11-08 08:22:44.989 I/remote-service( 1609): ecu id:9, dtcNum:0.
11-08 08:22:44.989 I/remote-service( 1609): ecu id:10, dtcNum:0.
11-08 08:22:44.989 I/remote-service( 1609): ecu id:11, dtcNum:0.
11-08 08:22:44.989 I/remote-service( 1609): ecu id:12, dtcNum:0.
11-08 08:22:44.989 I/remote-service( 1609): ecu id:13, dtcNum:3.
11-08 08:22:45.009 I/remote-service( 1609): remoteDiag id[0], taskId: to source0 reponse----result:true
11-08 08:22:45.009 I/remote-service( 1609): diagData(176):0 0 7 2 c1 86 87 8 0 0 7 2 c1 64 87 8 0 0 7 2 c2 64 87 9 0 0 7 1 c1 35 87 2f 0 0 7 1 90 1e 96 2f 0 0 7 1 93 10 96 2c 0 0 7 1 94 10 96 2f 0 0 7 1 95 10 96 2f 0 0 7 26 58 73 14 8 0 0 7 26 c1 22 87 8 0 0 7 25 da 30 87 9 0 0 7 25 c2 64 87 9 0 0 7 25 d1 59 87 9 0 0 7 25 c1 22 87 8 0 0 7 25 c1 1 87 8 0 0 7 25 c1 0 87 8 0 0 7 25 c1 40 87 8 0 0 7 25 c4 94 87 9 0 0 7 25 c0 73 0 8 0 0 7 28 c1 3 87 9 0 0 7 28 d1 59 87 9 0 0 7 28 c2 64 87 9 
01-06 08:00:17.411 I/remote-service( 1605): ====================================================
01-06 08:00:17.591 I/remote-service( 1605): * remote-service v2.0(20191031 14:27:53).
01-06 08:00:17.601 D/remote-service( 1605): * as service for TSP and other modules(20180302).
01-06 08:00:17.601 D/remote-service( 1605): * add ecu id 13(20180906).
01-06 08:00:17.601 D/remote-service( 1605): * for config(20190524).
01-06 08:00:17.601 I/remote-service( 1605): =====================================================
01-06 08:00:17.731 D/remote-service( 1605): remote service start success.
01-06 08:00:17.921 D/remote-service( 1605): mcu client start success.
01-06 08:00:17.921 D/remote-service( 1605): timer task start success.
01-06 08:00:17.951 D/remote-service( 1605): register mcu operate result event ok.
01-06 08:00:17.961 D/remote-service( 1605): get Config success, level:1...
01-06 08:00:17.961 I/remote-service( 1605): init config:engine:yes, airCtrl:yes, lock:yes, findCar:yes, charge:yes, disEngine:yes.
01-06 08:00:17.961 I/remote-service( 1605):             windows:yes, trumpet:yes, flicker:yes, reardoor:yes, seatHot:yes, skyWindow:yes.
01-06 08:00:18.139 I/remote-service( 1605): ====================================================
01-06 08:00:18.179 I/remote-service( 1605): * remote-service v2.0(20191031 14:27:53).
01-06 08:00:18.179 D/remote-service( 1605): * as service for TSP and other modules(20180302).
01-06 08:00:18.189 D/remote-service( 1605): * add ecu id 13(20180906).
01-06 08:00:18.189 D/remote-service( 1605): * for config(20190524).
01-06 08:00:18.189 I/remote-service( 1605): =====================================================
01-06 08:00:18.349 D/remote-service( 1605): remote service start success.
01-06 08:00:18.669 D/remote-service( 1605): mcu client start success.
01-06 08:00:18.669 D/remote-service( 1605): timer task start success.
01-06 08:00:18.699 D/remote-service( 1605): register mcu operate result event ok.
01-06 08:00:18.729 D/remote-service( 1605): get Config success, level:1...
01-06 08:00:18.729 I/remote-service( 1605): init config:engine:yes, airCtrl:yes, lock:yes, findCar:yes, charge:yes, disEngine:yes.
01-06 08:00:18.739 I/remote-service( 1605):             windows:yes, trumpet:yes, flicker:yes, reardoor:yes, seatHot:yes, skyWindow:yes.
01-06 08:00:17.415 I/remote-service( 1606): ====================================================
01-06 08:00:17.625 I/remote-service( 1606): * remote-service v2.0(20191031 14:27:53).
01-06 08:00:17.625 D/remote-service( 1606): * as service for TSP and other modules(20180302).
01-06 08:00:17.625 D/remote-service( 1606): * add ecu id 13(20180906).
01-06 08:00:17.625 D/remote-service( 1606): * for config(20190524).
01-06 08:00:17.625 I/remote-service( 1606): =====================================================
01-06 08:00:17.775 D/remote-service( 1606): remote service start success.
01-06 08:00:17.985 D/remote-service( 1606): mcu client start success.
01-06 08:00:17.985 D/remote-service( 1606): timer task start success.
01-06 08:00:18.005 D/remote-service( 1606): register mcu operate result event ok.
01-06 08:00:18.025 D/remote-service( 1606): get Config success, level:1...
01-06 08:00:18.025 I/remote-service( 1606): init config:engine:yes, airCtrl:yes, lock:yes, findCar:yes, charge:yes, disEngine:yes.
01-06 08:00:18.025 I/remote-service( 1606):             windows:yes, trumpet:yes, flicker:yes, reardoor:yes, seatHot:yes, skyWindow:yes.
01-06 08:00:16.890 I/remote-service( 1620): ====================================================
01-06 08:00:17.090 I/remote-service( 1620): * remote-service v2.0(20191031 14:27:53).
01-06 08:00:17.090 D/remote-service( 1620): * as service for TSP and other modules(20180302).
01-06 08:00:17.090 D/remote-service( 1620): * add ecu id 13(20180906).
01-06 08:00:17.090 D/remote-service( 1620): * for config(20190524).
01-06 08:00:17.090 I/remote-service( 1620): =====================================================
01-06 08:00:17.210 D/remote-service( 1620): remote service start success.
01-06 08:00:17.410 D/remote-service( 1620): mcu client start success.
01-06 08:00:17.410 D/remote-service( 1620): timer task start success.
01-06 08:00:17.430 D/remote-service( 1620): register mcu operate result event ok.
01-06 08:00:17.450 D/remote-service( 1620): get Config success, level:1...
01-06 08:00:17.460 I/remote-service( 1620): init config:engine:yes, airCtrl:yes, lock:yes, findCar:yes, charge:yes, disEngine:yes.
01-06 08:00:17.460 I/remote-service( 1620):             windows:yes, trumpet:yes, flicker:yes, reardoor:yes, seatHot:yes, skyWindow:yes.
11-08 11:50:46.929 I/remote-service( 1620): remoteDiag id[0], taskId: from source0, running........................
11-08 11:50:46.939 D/remote-service( 1620): send mcu cmd success, items:8192...
11-08 11:50:46.949 D/remote-service( 1620): remoteDiag set timeout:60s'.
11-08 11:51:05.959 I/remote-service( 1620): mcu response diag result(127):0 7a 1 1 7a 1 3 c1 86 87 8 c1 64 87 8 c2 64 87 9 2 5 c1 35 87 2f 90 1e 96 2f 93 10 96 6d 94 10 96 2f 95 10 96 2f 3 0 0 4 2 58 73 14 8 c1 22 87 8 5 9 da 30 87 8 c2 64 87 8 d1 59 87 8 c1 22 87 8 c1 1 87 8 c1 0 87 8 c1 40 87 8 c4 94 87 8 c0 73 0 8 6 0 0 7 0 0 8 0 0 9 0 0 a 0 0 b 0 0 c 0 0 d 3 c1 3 87 9 d1 59 87 9 c2 64 87 9 .
11-08 11:51:05.959 I/remote-service( 1620): maxLen:122, maxNum:1, curNum:1, curLen:122.
11-08 11:51:05.959 I/remote-service( 1620): convertDtcs(122):1 3 c1 86 87 8 c1 64 87 8 c2 64 87 9 2 5 c1 35 87 2f 90 1e 96 2f 93 10 96 6d 94 10 96 2f 95 10 96 2f 3 0 0 4 2 58 73 14 8 c1 22 87 8 5 9 da 30 87 8 c2 64 87 8 d1 59 87 8 c1 22 87 8 c1 1 87 8 c1 0 87 8 c1 40 87 8 c4 94 87 8 c0 73 0 8 6 0 0 7 0 0 8 0 0 9 0 0 a 0 0 b 0 0 c 0 0 d 3 c1 3 87 9 d1 59 87 9 c2 64 87 9 .
11-08 11:51:05.959 I/remote-service( 1620): ecu id:1, dtcNum:3.
11-08 11:51:05.959 I/remote-service( 1620): ecu id:2, dtcNum:5.
11-08 11:51:05.959 I/remote-service( 1620): ecu id:3, dtcNum:0.
11-08 11:51:05.969 I/remote-service( 1620): ecu id:4, dtcNum:2.
11-08 11:51:05.969 I/remote-service( 1620): ecu id:5, dtcNum:9.
11-08 11:51:05.969 I/remote-service( 1620): ecu id:6, dtcNum:0.
11-08 11:51:05.969 I/remote-service( 1620): ecu id:7, dtcNum:0.
11-08 11:51:05.969 I/remote-service( 1620): ecu id:8, dtcNum:0.
11-08 11:51:05.969 I/remote-service( 1620): ecu id:9, dtcNum:0.
11-08 11:51:05.969 I/remote-service( 1620): ecu id:10, dtcNum:0.
11-08 11:51:05.989 I/remote-service( 1620): ecu id:11, dtcNum:0.
11-08 11:51:05.989 I/remote-service( 1620): ecu id:12, dtcNum:0.
11-08 11:51:05.989 I/remote-service( 1620): ecu id:13, dtcNum:3.
11-08 11:51:05.999 I/remote-service( 1620): remoteDiag id[0], taskId: to source0 reponse----result:true
11-08 11:51:05.999 I/remote-service( 1620): diagData(176):0 0 7 2 c1 86 87 8 0 0 7 2 c1 64 87 8 0 0 7 2 c2 64 87 9 0 0 7 1 c1 35 87 2f 0 0 7 1 90 1e 96 2f 0 0 7 1 93 10 96 6d 0 0 7 1 94 10 96 2f 0 0 7 1 95 10 96 2f 0 0 7 26 58 73 14 8 0 0 7 26 c1 22 87 8 0 0 7 25 da 30 87 8 0 0 7 25 c2 64 87 8 0 0 7 25 d1 59 87 8 0 0 7 25 c1 22 87 8 0 0 7 25 c1 1 87 8 0 0 7 25 c1 0 87 8 0 0 7 25 c1 40 87 8 0 0 7 25 c4 94 87 8 0 0 7 25 c0 73 0 8 0 0 7 28 c1 3 87 9 0 0 7 28 d1 59 87 9 0 0 7 28 c2 64 87 9 
11-08 11:58:43.939 I/remote-service( 1620): remoteDiag id[104], taskId:task-157319613707784657 from source0, running........................
11-08 11:58:43.959 D/remote-service( 1620): send mcu cmd success, items:8192...
11-08 11:58:43.959 D/remote-service( 1620): remoteDiag set timeout:60s'.
11-08 11:58:43.979 I/remote-service( 1620): remoteDiag id[104] from source0, busy now!
11-08 11:58:43.989 I/remote-service( 1620): remoteDiag id[104], taskId:task-157319613707784657 to source0 reponse----result:flase, errCode(2):53
11-08 11:58:56.799 I/remote-service( 1620): mcu response diag result(102):0 61 1 1 61 1 3 c1 86 87 8 c1 64 87 8 c2 64 87 9 2 5 c1 35 87 2f 90 1e 96 2f 93 10 96 2c 94 10 96 2f 95 10 96 2f 3 0 0 5 9 da 30 87 8 c2 64 87 8 d1 59 87 8 c1 22 87 8 c1 1 87 8 c1 0 87 8 c1 40 87 8 c4 94 87 8 c0 73 0 8 b 0 0 c 0 0 d 3 c1 3 87 9 d1 59 87 9 c2 64 87 9 .
11-08 11:58:56.799 I/remote-service( 1620): maxLen:97, maxNum:1, curNum:1, curLen:97.
11-08 11:58:56.799 I/remote-service( 1620): convertDtcs(97):1 3 c1 86 87 8 c1 64 87 8 c2 64 87 9 2 5 c1 35 87 2f 90 1e 96 2f 93 10 96 2c 94 10 96 2f 95 10 96 2f 3 0 0 5 9 da 30 87 8 c2 64 87 8 d1 59 87 8 c1 22 87 8 c1 1 87 8 c1 0 87 8 c1 40 87 8 c4 94 87 8 c0 73 0 8 b 0 0 c 0 0 d 3 c1 3 87 9 d1 59 87 9 c2 64 87 9 .
11-08 11:58:56.799 I/remote-service( 1620): ecu id:1, dtcNum:3.
11-08 11:58:56.799 I/remote-service( 1620): ecu id:2, dtcNum:5.
11-08 11:58:56.799 I/remote-service( 1620): ecu id:3, dtcNum:0.
11-08 11:58:56.799 I/remote-service( 1620): ecu id:5, dtcNum:9.
11-08 11:58:56.799 I/remote-service( 1620): ecu id:11, dtcNum:0.
11-08 11:58:56.799 I/remote-service( 1620): ecu id:12, dtcNum:0.
11-08 11:58:56.799 I/remote-service( 1620): ecu id:13, dtcNum:3.
11-08 11:58:56.819 I/remote-service( 1620): remoteDiag id[104], taskId:task-157319613707784657 to source0 reponse----result:true
11-08 11:58:56.819 I/remote-service( 1620): diagData(160):0 0 7 2 c1 86 87 8 0 0 7 2 c1 64 87 8 0 0 7 2 c2 64 87 9 0 0 7 1 c1 35 87 2f 0 0 7 1 90 1e 96 2f 0 0 7 1 93 10 96 2c 0 0 7 1 94 10 96 2f 0 0 7 1 95 10 96 2f 0 0 7 25 da 30 87 8 0 0 7 25 c2 64 87 8 0 0 7 25 d1 59 87 8 0 0 7 25 c1 22 87 8 0 0 7 25 c1 1 87 8 0 0 7 25 c1 0 87 8 0 0 7 25 c1 40 87 8 0 0 7 25 c4 94 87 8 0 0 7 25 c0 73 0 8 0 0 7 28 c1 3 87 9 0 0 7 28 d1 59 87 9 0 0 7 28 c2 64 87 9 
11-08 11:58:57.199 I/remote-service( 1620): mcu response diag result(2):ff 9 .
11-08 12:00:24.299 I/remote-service( 1620): remoteDiag id[104], taskId:task-157319623721899327 from source0, running........................
11-08 12:00:24.319 D/remote-service( 1620): send mcu cmd success, items:8192...
11-08 12:00:24.319 D/remote-service( 1620): remoteDiag set timeout:60s'.
11-08 12:00:24.679 I/remote-service( 1620): remoteDiag id[104] from source0, busy now!
11-08 12:00:24.679 I/remote-service( 1620): remoteDiag id[104], taskId:task-157319623721899327 to source0 reponse----result:flase, errCode(2):53
11-08 12:00:47.369 I/remote-service( 1620): mcu response diag result(113):0 6c 1 1 6c 1 3 c1 86 87 8 c1 64 87 8 c2 64 87 9 2 0 0 3 0 0 4 4 58 51 11 9 58 72 13 9 58 73 14 8 c1 22 87 9 5 9 da 30 87 9 c2 64 87 9 d1 59 87 9 c1 22 87 9 c1 1 87 8 c1 0 87 8 c1 40 87 8 c4 94 87 9 c0 73 0 8 7 0 0 8 0 0 9 0 0 a 0 0 b 0 0 c 0 0 d 3 c1 3 87 9 d1 59 87 9 c2 64 87 9 .
11-08 12:00:47.369 I/remote-service( 1620): maxLen:108, maxNum:1, curNum:1, curLen:108.
11-08 12:00:47.369 I/remote-service( 1620): convertDtcs(108):1 3 c1 86 87 8 c1 64 87 8 c2 64 87 9 2 0 0 3 0 0 4 4 58 51 11 9 58 72 13 9 58 73 14 8 c1 22 87 9 5 9 da 30 87 9 c2 64 87 9 d1 59 87 9 c1 22 87 9 c1 1 87 8 c1 0 87 8 c1 40 87 8 c4 94 87 9 c0 73 0 8 7 0 0 8 0 0 9 0 0 a 0 0 b 0 0 c 0 0 d 3 c1 3 87 9 d1 59 87 9 c2 64 87 9 .
11-08 12:00:47.369 I/remote-service( 1620): ecu id:1, dtcNum:3.
11-08 12:00:47.369 I/remote-service( 1620): ecu id:2, dtcNum:0.
11-08 12:00:47.369 I/remote-service( 1620): ecu id:3, dtcNum:0.
11-08 12:00:47.369 I/remote-service( 1620): ecu id:4, dtcNum:4.
11-08 12:00:47.369 I/remote-service( 1620): ecu id:5, dtcNum:9.
11-08 12:00:47.369 I/remote-service( 1620): ecu id:7, dtcNum:0.
11-08 12:00:47.369 I/remote-service( 1620): ecu id:8, dtcNum:0.
11-08 12:00:47.369 I/remote-service( 1620): ecu id:9, dtcNum:0.
11-08 12:00:47.369 I/remote-service( 1620): ecu id:10, dtcNum:0.
11-08 12:00:47.379 I/remote-service( 1620): ecu id:11, dtcNum:0.
11-08 12:00:47.379 I/remote-service( 1620): ecu id:12, dtcNum:0.
11-08 12:00:47.389 I/remote-service( 1620): ecu id:13, dtcNum:3.
11-08 12:00:47.409 I/remote-service( 1620): remoteDiag id[104], taskId:task-157319623721899327 to source0 reponse----result:true
11-08 12:00:47.409 I/remote-service( 1620): diagData(152):0 0 7 2 c1 86 87 8 0 0 7 2 c1 64 87 8 0 0 7 2 c2 64 87 9 0 0 7 26 58 51 11 9 0 0 7 26 58 72 13 9 0 0 7 26 58 73 14 8 0 0 7 26 c1 22 87 9 0 0 7 25 da 30 87 9 0 0 7 25 c2 64 87 9 0 0 7 25 d1 59 87 9 0 0 7 25 c1 22 87 9 0 0 7 25 c1 1 87 8 0 0 7 25 c1 0 87 8 0 0 7 25 c1 40 87 8 0 0 7 25 c4 94 87 9 0 0 7 25 c0 73 0 8 0 0 7 28 c1 3 87 9 0 0 7 28 d1 59 87 9 0 0 7 28 c2 64 87 9 
11-08 12:00:47.819 I/remote-service( 1620): mcu response diag result(2):ff 9 .
11-08 12:02:36.429 I/remote-service( 1620): remoteDiag id[104], taskId:task-157319637047213933 from source0, running........................
11-08 12:02:36.439 D/remote-service( 1620): send mcu cmd success, items:8192...
11-08 12:02:36.439 D/remote-service( 1620): remoteDiag set timeout:60s'.
11-08 12:02:36.469 I/remote-service( 1620): remoteDiag id[104] from source0, busy now!
11-08 12:02:36.469 I/remote-service( 1620): remoteDiag id[104], taskId:task-157319637047213933 to source0 reponse----result:flase, errCode(2):53
11-08 12:02:59.969 I/remote-service( 1620): mcu response diag result(124):0 77 1 1 77 1 0 0 2 5 c1 35 87 2f 90 1e 96 2f 93 10 96 2e 94 10 96 2f 95 10 96 2f 3 0 0 4 4 58 51 11 9 58 72 13 9 58 73 14 8 c1 22 87 9 5 9 da 30 87 9 c2 64 87 9 d1 59 87 9 c1 22 87 9 c1 1 87 8 c1 0 87 8 c1 40 87 8 c4 94 87 9 c0 73 0 8 6 0 0 7 0 0 8 0 0 9 0 0 a 0 0 b 0 0 c 0 0 d 3 c1 3 87 9 d1 59 87 9 c2 64 87 9 .
11-08 12:02:59.969 I/remote-service( 1620): maxLen:119, maxNum:1, curNum:1, curLen:119.
11-08 12:02:59.969 I/remote-service( 1620): convertDtcs(119):1 0 0 2 5 c1 35 87 2f 90 1e 96 2f 93 10 96 2e 94 10 96 2f 95 10 96 2f 3 0 0 4 4 58 51 11 9 58 72 13 9 58 73 14 8 c1 22 87 9 5 9 da 30 87 9 c2 64 87 9 d1 59 87 9 c1 22 87 9 c1 1 87 8 c1 0 87 8 c1 40 87 8 c4 94 87 9 c0 73 0 8 6 0 0 7 0 0 8 0 0 9 0 0 a 0 0 b 0 0 c 0 0 d 3 c1 3 87 9 d1 59 87 9 c2 64 87 9 .
11-08 12:02:59.969 I/remote-service( 1620): ecu id:1, dtcNum:0.
11-08 12:02:59.969 I/remote-service( 1620): ecu id:2, dtcNum:5.
11-08 12:02:59.969 I/remote-service( 1620): ecu id:3, dtcNum:0.
11-08 12:02:59.969 I/remote-service( 1620): ecu id:4, dtcNum:4.
11-08 12:02:59.969 I/remote-service( 1620): ecu id:5, dtcNum:9.
11-08 12:02:59.969 I/remote-service( 1620): ecu id:6, dtcNum:0.
11-08 12:02:59.969 I/remote-service( 1620): ecu id:7, dtcNum:0.
11-08 12:02:59.969 I/remote-service( 1620): ecu id:8, dtcNum:0.
11-08 12:02:59.969 I/remote-service( 1620): ecu id:9, dtcNum:0.
11-08 12:02:59.969 I/remote-service( 1620): ecu id:10, dtcNum:0.
11-08 12:02:59.969 I/remote-service( 1620): ecu id:11, dtcNum:0.
11-08 12:02:59.969 I/remote-service( 1620): ecu id:12, dtcNum:0.
11-08 12:02:59.969 I/remote-service( 1620): ecu id:13, dtcNum:3.
11-08 12:02:59.989 I/remote-service( 1620): remoteDiag id[104], taskId:task-157319637047213933 to source0 reponse----result:true
11-08 12:02:59.989 I/remote-service( 1620): diagData(168):0 0 7 1 c1 35 87 2f 0 0 7 1 90 1e 96 2f 0 0 7 1 93 10 96 2e 0 0 7 1 94 10 96 2f 0 0 7 1 95 10 96 2f 0 0 7 26 58 51 11 9 0 0 7 26 58 72 13 9 0 0 7 26 58 73 14 8 0 0 7 26 c1 22 87 9 0 0 7 25 da 30 87 9 0 0 7 25 c2 64 87 9 0 0 7 25 d1 59 87 9 0 0 7 25 c1 22 87 9 0 0 7 25 c1 1 87 8 0 0 7 25 c1 0 87 8 0 0 7 25 c1 40 87 8 0 0 7 25 c4 94 87 9 0 0 7 25 c0 73 0 8 0 0 7 28 c1 3 87 9 0 0 7 28 d1 59 87 9 0 0 7 28 c2 64 87 9 
11-08 12:03:00.789 I/remote-service( 1620): mcu response diag result(2):ff 9 .
11-08 12:05:03.259 I/remote-service( 1620): remoteDiag id[104], taskId:task-157319651726943673 from source0, running........................
11-08 12:05:03.269 D/remote-service( 1620): send mcu cmd success, items:8192...
11-08 12:05:03.269 D/remote-service( 1620): remoteDiag set timeout:60s'.
11-08 12:05:03.349 I/remote-service( 1620): remoteDiag id[104] from source0, busy now!
11-08 12:05:03.349 I/remote-service( 1620): remoteDiag id[104], taskId:task-157319651726943673 to source0 reponse----result:flase, errCode(2):53
11-08 12:05:22.999 I/remote-service( 1620): mcu response diag result(132):0 7f 1 1 7f 1 3 c1 86 87 8 c1 64 87 8 c2 64 87 9 2 5 c1 35 87 2f 90 1e 96 2f 93 10 96 2f 94 10 96 2f 95 10 96 2f 3 0 0 4 4 58 51 11 9 58 72 13 9 58 73 14 8 c1 22 87 9 5 9 da 30 87 9 c2 64 87 9 d1 59 87 9 c1 22 87 9 c1 1 87 8 c1 0 87 8 c1 40 87 8 c4 94 87 9 c0 73 0 8 7 0 0 8 0 0 9 0 0 a 0 0 b 0 0 c 0 0 d 3 c1 3 87 9 d1 59 87 9 c2 64 87 9 .
11-08 12:05:22.999 I/remote-service( 1620): maxLen:127, maxNum:1, curNum:1, curLen:127.
11-08 12:05:22.999 I/remote-service( 1620): convertDtcs(127):1 3 c1 86 87 8 c1 64 87 8 c2 64 87 9 2 5 c1 35 87 2f 90 1e 96 2f 93 10 96 2f 94 10 96 2f 95 10 96 2f 3 0 0 4 4 58 51 11 9 58 72 13 9 58 73 14 8 c1 22 87 9 5 9 da 30 87 9 c2 64 87 9 d1 59 87 9 c1 22 87 9 c1 1 87 8 c1 0 87 8 c1 40 87 8 c4 94 87 9 c0 73 0 8 7 0 0 8 0 0 9 0 0 a 0 0 b 0 0 c 0 0 d 3 c1 3 87 9 d1 59 87 9 c2 64 87 9 .
11-08 12:05:22.999 I/remote-service( 1620): ecu id:1, dtcNum:3.
11-08 12:05:22.999 I/remote-service( 1620): ecu id:2, dtcNum:5.
11-08 12:05:22.999 I/remote-service( 1620): ecu id:3, dtcNum:0.
11-08 12:05:22.999 I/remote-service( 1620): ecu id:4, dtcNum:4.
11-08 12:05:22.999 I/remote-service( 1620): ecu id:5, dtcNum:9.
11-08 12:05:22.999 I/remote-service( 1620): ecu id:7, dtcNum:0.
11-08 12:05:22.999 I/remote-service( 1620): ecu id:8, dtcNum:0.
11-08 12:05:22.999 I/remote-service( 1620): ecu id:9, dtcNum:0.
11-08 12:05:22.999 I/remote-service( 1620): ecu id:10, dtcNum:0.
11-08 12:05:22.999 I/remote-service( 1620): ecu id:11, dtcNum:0.
11-08 12:05:22.999 I/remote-service( 1620): ecu id:12, dtcNum:0.
11-08 12:05:22.999 I/remote-service( 1620): ecu id:13, dtcNum:3.
11-08 12:05:23.019 I/remote-service( 1620): remoteDiag id[104], taskId:task-157319651726943673 to source0 reponse----result:true
11-08 12:05:23.019 I/remote-service( 1620): diagData(192):0 0 7 2 c1 86 87 8 0 0 7 2 c1 64 87 8 0 0 7 2 c2 64 87 9 0 0 7 1 c1 35 87 2f 0 0 7 1 90 1e 96 2f 0 0 7 1 93 10 96 2f 0 0 7 1 94 10 96 2f 0 0 7 1 95 10 96 2f 0 0 7 26 58 51 11 9 0 0 7 26 58 72 13 9 0 0 7 26 58 73 14 8 0 0 7 26 c1 22 87 9 0 0 7 25 da 30 87 9 0 0 7 25 c2 64 87 9 0 0 7 25 d1 59 87 9 0 0 7 25 c1 22 87 9 0 0 7 25 c1 1 87 8 0 0 7 25 c1 0 87 8 0 0 7 25 c1 40 87 8 0 0 7 25 c4 94 87 9 0 0 7 25 c0 73 0 8 0 0 7 28 c1 3 87 9 0 0 7 28 d1 59 87 9 0 0 7 28 c2 64 87 9 
11-08 12:05:23.569 I/remote-service( 1620): mcu response diag result(2):ff 9 .
11-08 12:06:10.179 I/remote-service( 1620): remoteDiag id[104], taskId:task-157319658372489246 from source0, running........................
11-08 12:06:10.189 D/remote-service( 1620): send mcu cmd success, items:8192...
11-08 12:06:10.189 D/remote-service( 1620): remoteDiag set timeout:60s'.
11-08 12:06:10.209 I/remote-service( 1620): remoteDiag id[104] from source0, busy now!
11-08 12:06:10.209 I/remote-service( 1620): remoteDiag id[104], taskId:task-157319658372489246 to source0 reponse----result:flase, errCode(2):53
11-08 12:06:20.689 I/remote-service( 1620): mcu response diag result(117):0 70 1 1 70 1 3 c1 86 87 8 c1 64 87 8 c2 64 87 9 2 5 c1 35 87 2f 90 1e 96 2f 93 10 96 2e 94 10 96 2f 95 10 96 2f 3 0 0 4 4 58 51 11 9 58 72 13 9 58 73 14 8 c1 22 87 9 5 9 da 30 87 8 c2 64 87 8 d1 59 87 8 c1 22 87 8 c1 1 87 8 c1 0 87 8 c1 40 87 8 c4 94 87 8 c0 73 0 8 c 0 0 d 3 c1 3 87 9 d1 59 87 9 c2 64 87 9 .
11-08 12:06:20.689 I/remote-service( 1620): maxLen:112, maxNum:1, curNum:1, curLen:112.
11-08 12:06:20.689 I/remote-service( 1620): convertDtcs(112):1 3 c1 86 87 8 c1 64 87 8 c2 64 87 9 2 5 c1 35 87 2f 90 1e 96 2f 93 10 96 2e 94 10 96 2f 95 10 96 2f 3 0 0 4 4 58 51 11 9 58 72 13 9 58 73 14 8 c1 22 87 9 5 9 da 30 87 8 c2 64 87 8 d1 59 87 8 c1 22 87 8 c1 1 87 8 c1 0 87 8 c1 40 87 8 c4 94 87 8 c0 73 0 8 c 0 0 d 3 c1 3 87 9 d1 59 87 9 c2 64 87 9 .
11-08 12:06:20.689 I/remote-service( 1620): ecu id:1, dtcNum:3.
11-08 12:06:20.699 I/remote-service( 1620): ecu id:2, dtcNum:5.
11-08 12:06:20.699 I/remote-service( 1620): ecu id:3, dtcNum:0.
11-08 12:06:20.699 I/remote-service( 1620): ecu id:4, dtcNum:4.
11-08 12:06:20.699 I/remote-service( 1620): ecu id:5, dtcNum:9.
11-08 12:06:20.699 I/remote-service( 1620): ecu id:12, dtcNum:0.
11-08 12:06:20.699 I/remote-service( 1620): ecu id:13, dtcNum:3.
11-08 12:06:20.719 I/remote-service( 1620): remoteDiag id[104], taskId:task-157319658372489246 to source0 reponse----result:true
11-08 12:06:20.719 I/remote-service( 1620): diagData(192):0 0 7 2 c1 86 87 8 0 0 7 2 c1 64 87 8 0 0 7 2 c2 64 87 9 0 0 7 1 c1 35 87 2f 0 0 7 1 90 1e 96 2f 0 0 7 1 93 10 96 2e 0 0 7 1 94 10 96 2f 0 0 7 1 95 10 96 2f 0 0 7 26 58 51 11 9 0 0 7 26 58 72 13 9 0 0 7 26 58 73 14 8 0 0 7 26 c1 22 87 9 0 0 7 25 da 30 87 8 0 0 7 25 c2 64 87 8 0 0 7 25 d1 59 87 8 0 0 7 25 c1 22 87 8 0 0 7 25 c1 1 87 8 0 0 7 25 c1 0 87 8 0 0 7 25 c1 40 87 8 0 0 7 25 c4 94 87 8 0 0 7 25 c0 73 0 8 0 0 7 28 c1 3 87 9 0 0 7 28 d1 59 87 9 0 0 7 28 c2 64 87 9 
11-08 12:06:21.089 I/remote-service( 1620): mcu response diag result(2):ff 9 .
11-08 12:06:42.079 I/remote-service( 1620): remoteDiag id[104], taskId:task-157319661600468528 from source0, running........................
11-08 12:06:42.089 D/remote-service( 1620): send mcu cmd success, items:8192...
11-08 12:06:42.099 D/remote-service( 1620): remoteDiag set timeout:60s'.
11-08 12:06:42.129 I/remote-service( 1620): remoteDiag id[104] from source0, busy now!
11-08 12:06:42.129 I/remote-service( 1620): remoteDiag id[104], taskId:task-157319661600468528 to source0 reponse----result:flase, errCode(2):53
11-08 12:06:45.259 I/remote-service( 1620): mcu response diag result(2):ff 3 .
11-08 12:06:45.259 I/remote-service( 1620): remoteDiag id[104], taskId:task-157319661600468528 to source0 reponse----result:flase, errCode(1):3
11-08 12:07:13.319 I/remote-service( 1620): remoteDiag id[104], taskId:task-157319664713553936 from source0, running........................
11-08 12:07:13.339 D/remote-service( 1620): send mcu cmd success, items:8192...
11-08 12:07:13.339 D/remote-service( 1620): remoteDiag set timeout:60s'.
11-08 12:07:13.369 I/remote-service( 1620): remoteDiag id[104] from source0, busy now!
11-08 12:07:13.369 I/remote-service( 1620): remoteDiag id[104], taskId:task-157319664713553936 to source0 reponse----result:flase, errCode(2):53
11-08 12:07:27.629 I/remote-service( 1620): mcu response diag result(123):0 76 1 1 76 1 3 c1 86 87 8 c1 64 87 8 c2 64 87 9 2 5 c1 35 87 2f 90 1e 96 2f 93 10 96 2e 94 10 96 2f 95 10 96 2f 3 0 0 4 4 58 51 11 9 58 72 13 9 58 73 14 8 c1 22 87 9 5 9 da 30 87 9 c2 64 87 9 d1 59 87 9 c1 22 87 9 c1 1 87 8 c1 0 87 8 c1 40 87 8 c4 94 87 9 c0 73 0 8 a 0 0 b 0 0 c 0 0 d 3 c1 3 87 9 d1 59 87 9 c2 64 87 9 .
11-08 12:07:27.629 I/remote-service( 1620): maxLen:118, maxNum:1, curNum:1, curLen:118.
11-08 12:07:27.629 I/remote-service( 1620): convertDtcs(118):1 3 c1 86 87 8 c1 64 87 8 c2 64 87 9 2 5 c1 35 87 2f 90 1e 96 2f 93 10 96 2e 94 10 96 2f 95 10 96 2f 3 0 0 4 4 58 51 11 9 58 72 13 9 58 73 14 8 c1 22 87 9 5 9 da 30 87 9 c2 64 87 9 d1 59 87 9 c1 22 87 9 c1 1 87 8 c1 0 87 8 c1 40 87 8 c4 94 87 9 c0 73 0 8 a 0 0 b 0 0 c 0 0 d 3 c1 3 87 9 d1 59 87 9 c2 64 87 9 .
11-08 12:07:27.629 I/remote-service( 1620): ecu id:1, dtcNum:3.
11-08 12:07:27.629 I/remote-service( 1620): ecu id:2, dtcNum:5.
11-08 12:07:27.629 I/remote-service( 1620): ecu id:3, dtcNum:0.
11-08 12:07:27.629 I/remote-service( 1620): ecu id:4, dtcNum:4.
11-08 12:07:27.629 I/remote-service( 1620): ecu id:5, dtcNum:9.
11-08 12:07:27.629 I/remote-service( 1620): ecu id:10, dtcNum:0.
11-08 12:07:27.629 I/remote-service( 1620): ecu id:11, dtcNum:0.
11-08 12:07:27.629 I/remote-service( 1620): ecu id:12, dtcNum:0.
11-08 12:07:27.629 I/remote-service( 1620): ecu id:13, dtcNum:3.
11-08 12:07:27.649 I/remote-service( 1620): remoteDiag id[104], taskId:task-157319664713553936 to source0 reponse----result:true
11-08 12:07:27.649 I/remote-service( 1620): diagData(192):0 0 7 2 c1 86 87 8 0 0 7 2 c1 64 87 8 0 0 7 2 c2 64 87 9 0 0 7 1 c1 35 87 2f 0 0 7 1 90 1e 96 2f 0 0 7 1 93 10 96 2e 0 0 7 1 94 10 96 2f 0 0 7 1 95 10 96 2f 0 0 7 26 58 51 11 9 0 0 7 26 58 72 13 9 0 0 7 26 58 73 14 8 0 0 7 26 c1 22 87 9 0 0 7 25 da 30 87 9 0 0 7 25 c2 64 87 9 0 0 7 25 d1 59 87 9 0 0 7 25 c1 22 87 9 0 0 7 25 c1 1 87 8 0 0 7 25 c1 0 87 8 0 0 7 25 c1 40 87 8 0 0 7 25 c4 94 87 9 0 0 7 25 c0 73 0 8 0 0 7 28 c1 3 87 9 0 0 7 28 d1 59 87 9 0 0 7 28 c2 64 87 9 
11-08 12:07:27.939 I/remote-service( 1620): mcu response diag result(2):ff 9 .
