01-06 08:00:54.977 I/tspcomm-gw( 1673): 
01-06 08:00:54.981 I/tspcomm-gw( 1673): *****************************
01-06 08:00:54.983 I/tspcomm-gw( 1673):            startup          
01-06 08:00:54.984 I/tspcomm-gw( 1673):  build: Sep 18 2019 10:01:45 
01-06 08:00:54.985 I/tspcomm-gw( 1673): *****************************
01-06 08:00:54.987 I/tspcomm-gw( 1673): 
01-06 08:00:54.992 D/tspcomm-gw( 1673): open conf file /etc/gwm-tsp.conf success
01-06 08:00:55.002 I/tspcomm-gw( 1673): -[main]- main thread. tid: 1673
01-06 08:00:55.028 D/tspcomm-gw( 1673): tspcomm service is registered!
01-06 08:00:55.057 I/tspcomm-gw( 1673): -[TimerImpl]- start tid: 1731
01-06 08:00:55.062 I/tspcomm-gw( 1673): -[PoolImpl]- start tid: 1730
01-06 08:00:55.063 I/tspcomm-gw( 1673): -[PoolImpl]- start tid: 1729
01-06 08:00:55.065 I/tspcomm-gw( 1673): -[PoolImpl]- start tid: 1728
01-06 08:00:55.067 I/tspcomm-gw( 1673): -[PoolImpl]- start tid: 1727
01-06 08:00:55.082 I/tspcomm-gw( 1673): -[RecvThreadImpl]- create the recv thread. tid: 1733
01-06 08:00:55.085 I/tspcomm-gw( 1673): -[SendThreadImpl]- create the send thread. tid: 1734
01-06 08:00:55.087 I/tspcomm-gw( 1673): -[WorkThreadImpl]- udp client thread. tid: 1732
01-06 08:00:55.307 I/tspcomm-gw( 1673): -[BuildProxy]- subscriber start. buildProxy success.
10-30 09:10:35.942 E/tspcomm-gw( 1673): -[StartSubscribe]- !ota_ ->isAvailable() is true.
10-30 09:11:35.982 E/tspcomm-gw( 1673): -[StartSubscribe]- !ota_ ->isAvailable() is true.
