[1980-01-06 08:00:16]sleep:5
[1980-01-06 08:00:16]change:1
[1980-01-06 08:00:16]address:
[1980-01-06 08:00:16]time:0
[1980-01-06 08:00:16]size:5
[1980-01-06 08:00:16]Oct 31 2019 14:30:13
[1980-01-06 08:00:21]TIMES:0 ZONE0 TEMP:39
[1980-01-06 08:00:21]TIMES:0 ZONE1 TEMP:36
[1980-01-06 08:00:21]TIMES:0 ZONE2 TEMP:39
[1980-01-06 08:00:21]TIMES:0 ZONE3 TEMP:38
[1980-01-06 08:00:21]TIMES:0 ZONE4 TEMP:37
[1980-01-06 08:00:21]TIMES:0 ZONE5 TEMP:39
[1980-01-06 08:00:21]TIMES:0 ZONE6 TEMP:32
[1980-01-06 08:00:21]TIMES:0 MEM FREE:94 35
[1980-01-06 08:00:21]TIMES:0 CPU0 FREQ:806400
[1980-01-06 08:00:21]TIMES:0 SERIAL0:153 691 183
[1980-01-06 08:00:21]TIMES:0 SERIAL1:151 0 0
[1980-01-06 08:00:21]TIMES:0 bridge0:0 0 0 0 0 0 0 0 660 7 0 0 0 0 0 0
[1980-01-06 08:00:21]TIMES:0 NET DELAY:-500
[1980-01-06 08:00:26]TIMES:5 ZONE0 TEMP:41
[1980-01-06 08:00:26]TIMES:5 ZONE1 TEMP:40
[1980-01-06 08:00:26]TIMES:5 ZONE2 TEMP:43
[1980-01-06 08:00:26]TIMES:5 ZONE3 TEMP:41
[1980-01-06 08:00:26]TIMES:5 ZONE4 TEMP:39
[1980-01-06 08:00:26]TIMES:5 ZONE6 TEMP:33
[1980-01-06 08:00:26]TIMES:5 MEM FREE:93 31
[1980-01-06 08:00:26]TIMES:5 CPU USE:55 12 43 0
[1980-01-06 08:00:26]TIMES:5 CPU0 USE:55 12 43 0
[1980-01-06 08:00:26]TIMES:5 SERIAL0:153 903 366
[1980-01-06 08:00:26]TIMES:5 rmnet0:0 0 0 0 0 0 0 0 616 8 0 0 0 0 0 0
[1980-01-06 08:00:26]TIMES:5 rmnet_data1:0 0 0 0 0 0 0 0 308 4 0 0 0 0 0 0
[1980-01-06 08:00:26]TIMES:5 rmnet_data0:0 0 0 0 0 0 0 0 308 4 0 0 0 0 0 0
[2019-11-08 10:46:19]TIMES:10 ZONE0 TEMP:42
[2019-11-08 10:46:19]TIMES:10 ZONE1 TEMP:41
[2019-11-08 10:46:19]TIMES:10 ZONE2 TEMP:44
[2019-11-08 10:46:19]TIMES:10 ZONE4 TEMP:40
[2019-11-08 10:46:19]TIMES:10 ZONE5 TEMP:40
[2019-11-08 10:46:19]TIMES:10 MEM FREE:93 30
[2019-11-08 10:46:19][H[JMem: 125356K used, 31636K free, 48K shrd, 0K buff, 62876K cached
STAT     %CPU     COMMAND[0m
S     13.3     process-service
3080     top     -n1
S     6.6     modem-service
S     6.6     power-service
SW     6.6     [kworker/0:2]
S     0.0     /usr/bin/thermal-engine

[2019-11-08 10:46:19]TIMES:10 CPU USE:96 21 75 0
[2019-11-08 10:46:20][H[JMem: 125516K used, 31476K free, 52K shrd, 0K buff, 62888K cached
STAT     %CPU     COMMAND[0m
S     6.6     modem-service
S     6.6     power-service
S     6.6     system-service
3080     top     -n1
S     0.0     /usr/bin/thermal-engine
root     0.0     /usr/bin/netmgrd

[2019-11-08 10:46:20]TIMES:10 CPU0 USE:96 21 75 0
[2019-11-08 10:46:20]TIMES:10 SERIAL0:153 953 376
[2019-11-08 10:46:20]TIMES:10 rmnet0:3192 17 0 0 0 0 0 0 3476 35 0 0 0 0 0 0
[2019-11-08 10:46:20]TIMES:10 rmnet_data1:0 0 0 0 0 0 0 0 888 9 0 0 0 0 0 0
[2019-11-08 10:46:20]TIMES:10 rmnet_data0:3035 17 0 0 0 0 0 0 2588 26 0 0 0 0 0 0
[2019-11-08 10:46:20]TIMES:10 NET MODE:5 -74 -107
[2019-11-08 07:49:51]TIMES:15 ZONE0 TEMP:41
[2019-11-08 07:49:51]TIMES:15 ZONE1 TEMP:40
[2019-11-08 07:49:51]TIMES:15 ZONE2 TEMP:43
[2019-11-08 07:49:51]TIMES:15 ZONE4 TEMP:39
[2019-11-08 07:49:51]TIMES:15 MEM FREE:93 31
[2019-11-08 07:49:51]TIMES:15 CPU USE:22 5 17 0
[2019-11-08 07:49:51]TIMES:15 CPU0 USE:22 5 17 0
[2019-11-08 07:49:51]TIMES:15 SERIAL0:153 1017 385
[2019-11-08 07:49:51]TIMES:15 bridge0:0 0 0 0 0 0 0 0 732 8 0 0 0 0 0 0
[2019-11-08 07:49:51]TIMES:15 rmnet0:5504 27 0 0 0 0 0 0 5560 49 0 0 0 0 0 0
[2019-11-08 07:49:51]TIMES:15 rmnet_data1:2216 10 0 0 0 0 0 0 2972 23 0 0 0 0 0 0
[2019-11-08 07:49:56]TIMES:20 CPU USE:17 3 14 0
[2019-11-08 07:49:56]TIMES:20 CPU0 USE:17 3 14 0
[2019-11-08 07:49:56]TIMES:20 SERIAL0:153 1041 393
[2019-11-08 07:49:56]TIMES:20 bridge0:0 0 0 0 0 0 0 0 804 9 0 0 0 0 0 0
[2019-11-08 07:49:56]TIMES:20 rmnet0:5504 27 0 0 0 0 0 0 5732 50 0 0 0 0 0 0
[2019-11-08 07:49:56]TIMES:20 rmnet_data1:2216 10 0 0 0 0 0 0 3144 24 0 0 0 0 0 0
[2019-11-08 07:50:01]TIMES:25 CPU USE:14 2 12 0
[2019-11-08 07:50:01]TIMES:25 CPU0 USE:14 2 12 0
[2019-11-08 07:50:01]TIMES:25 SERIAL0:153 1055 393
[2019-11-08 07:50:01]TIMES:25 bridge0:0 0 0 0 0 0 0 0 948 11 0 0 0 0 0 0
[2019-11-08 07:50:06]TIMES:30 CPU USE:18 5 13 0
[2019-11-08 07:50:06]TIMES:30 CPU0 USE:18 5 13 0
[2019-11-08 07:50:06]TIMES:30 SERIAL0:153 1107 412
[2019-11-08 07:50:06]TIMES:30 rmnet0:6936 33 0 0 0 0 0 0 5904 51 0 0 0 0 0 0
[2019-11-08 07:50:06]TIMES:30 rmnet_data1:2216 10 0 0 0 0 0 0 3316 25 0 0 0 0 0 0
[2019-11-08 07:50:07]TIMES:30 rmnet_data0:4413 23 0 0 0 0 0 0 2588 26 0 0 0 0 0 0
[2019-11-08 07:50:12]TIMES:35 ZONE0 TEMP:42
[2019-11-08 07:50:12]TIMES:35 ZONE1 TEMP:41
[2019-11-08 07:50:12]TIMES:35 CPU USE:20 3 17 0
[2019-11-08 07:50:12]TIMES:35 CPU0 USE:20 3 17 0
[2019-11-08 07:50:12]TIMES:35 SERIAL0:153 1121 417
[2019-11-08 07:50:12]TIMES:35 rmnet0:7260 35 0 0 0 0 0 0 6020 53 0 0 0 0 0 0
[2019-11-08 07:50:12]TIMES:35 rmnet_data0:4720 25 0 0 0 0 0 0 2704 28 0 0 0 0 0 0
[2019-11-08 07:50:17]TIMES:40 ZONE1 TEMP:40
[2019-11-08 07:50:17]TIMES:40 MEM FREE:93 30
[2019-11-08 07:50:17]TIMES:40 CPU USE:16 3 13 0
[2019-11-08 07:50:17]TIMES:40 CPU0 USE:16 3 13 0
[2019-11-08 07:50:17]TIMES:40 SERIAL0:153 1159 430
[2019-11-08 07:50:22]TIMES:45 ZONE1 TEMP:41
[2019-11-08 07:50:22]TIMES:45 MEM FREE:93 31
[2019-11-08 07:50:22]TIMES:45 CPU USE:26 5 21 0
[2019-11-08 07:50:22]TIMES:45 CPU0 USE:26 5 21 0
[2019-11-08 07:50:22]TIMES:45 SERIAL0:153 1173 435
[2019-11-08 07:50:22]TIMES:45 rmnet0:7524 37 0 0 0 0 0 0 6156 55 0 0 0 0 0 0
[2019-11-08 07:50:22]TIMES:45 rmnet_data0:4968 27 0 0 0 0 0 0 2840 30 0 0 0 0 0 0
[2019-11-08 07:50:27]TIMES:50 ZONE1 TEMP:40
[2019-11-08 07:50:27]TIMES:50 ZONE2 TEMP:44
[2019-11-08 07:50:27]TIMES:50 CPU USE:18 4 14 0
[2019-11-08 07:50:27]TIMES:50 CPU0 USE:18 4 14 0
[2019-11-08 07:50:27]TIMES:50 SERIAL0:153 1211 438
[2019-11-08 07:50:32]TIMES:55 CPU USE:16 4 12 0
[2019-11-08 07:50:32]TIMES:55 CPU0 USE:16 4 12 0
[2019-11-08 07:50:32]TIMES:55 SERIAL0:153 1225 448
