[1980-01-06 08:00:16]sleep:5
[1980-01-06 08:00:16]change:1
[1980-01-06 08:00:16]address:
[1980-01-06 08:00:16]time:0
[1980-01-06 08:00:16]size:5
[1980-01-06 08:00:16]Oct 31 2019 14:30:13
[1980-01-06 08:00:21]TIMES:0 ZONE0 TEMP:39
[1980-01-06 08:00:21]TIMES:0 ZONE1 TEMP:36
[1980-01-06 08:00:21]TIMES:0 ZONE2 TEMP:39
[1980-01-06 08:00:21]TIMES:0 ZONE3 TEMP:38
[1980-01-06 08:00:21]TIMES:0 ZONE4 TEMP:37
[1980-01-06 08:00:21]TIMES:0 ZONE5 TEMP:39
[1980-01-06 08:00:21]TIMES:0 ZONE6 TEMP:33
[1980-01-06 08:00:21]TIMES:0 MEM FREE:95 35
[1980-01-06 08:00:21]TIMES:0 CPU0 FREQ:806400
[1980-01-06 08:00:21]TIMES:0 SERIAL0:153 152 190
[1980-01-06 08:00:21]TIMES:0 SERIAL1:151 0 0
[1980-01-06 08:00:21]TIMES:0 bridge0:0 0 0 0 0 0 0 0 672 8 0 0 0 0 0 0
[1980-01-06 08:00:21]TIMES:0 NET DELAY:-500
[1980-01-06 08:00:26]TIMES:5 ZONE0 TEMP:42
[1980-01-06 08:00:26]TIMES:5 ZONE1 TEMP:40
[1980-01-06 08:00:26]TIMES:5 ZONE2 TEMP:43
[1980-01-06 08:00:26]TIMES:5 ZONE3 TEMP:41
[1980-01-06 08:00:26]TIMES:5 ZONE4 TEMP:39
[1980-01-06 08:00:26]TIMES:5 MEM FREE:93 31
[1980-01-06 08:00:26]TIMES:5 CPU USE:51 11 40 0
[1980-01-06 08:00:26]TIMES:5 CPU0 USE:51 11 40 0
[1980-01-06 08:00:26]TIMES:5 SERIAL0:153 190 197
[1980-01-06 08:00:26]TIMES:5 rmnet0:0 0 0 0 0 0 0 0 776 10 0 0 0 0 0 0
[1980-01-06 08:00:26]TIMES:5 rmnet_data1:0 0 0 0 0 0 0 0 388 5 0 0 0 0 0 0
[1980-01-06 08:00:26]TIMES:5 rmnet_data0:0 0 0 0 0 0 0 0 388 5 0 0 0 0 0 0
[1980-01-06 08:00:31]TIMES:10 ZONE1 TEMP:41
[1980-01-06 08:00:31]TIMES:10 ZONE2 TEMP:44
[1980-01-06 08:00:31]TIMES:10 ZONE4 TEMP:40
[1980-01-06 08:00:31]TIMES:10 ZONE5 TEMP:40
[1980-01-06 08:00:32][H[JMem: 125468K used, 31524K free, 48K shrd, 0K buff, 62832K cached
STAT     %CPU     COMMAND[0m
R     29.4     process-service
S     5.8     modem-service
S     5.8     power-service
3080     top     -n1
SW     5.8     [kworker/u2:1]
root     0.0     /usr/bin/netmgrd

[1980-01-06 08:00:32]TIMES:10 CPU USE:95 20 75 0
[1980-01-06 08:00:32][H[JMem: 125292K used, 31700K free, 48K shrd, 0K buff, 62832K cached
STAT     %CPU     COMMAND[0m
3080     top     -n1
S     3.6     power-service
S     3.6     process-service
SW     3.6     [ksoftirqd/0]
root     0.0     /usr/bin/netmgrd
S     0.0     /usr/bin/thermal-engine

[1980-01-06 08:00:32]TIMES:10 CPU0 USE:95 20 75 0
[1980-01-06 08:00:32]TIMES:10 SERIAL0:153 214 205
[1980-01-06 08:00:32]TIMES:10 rmnet0:3036 20 0 0 0 0 0 0 2736 29 0 0 0 0 0 0
[1980-01-06 08:00:32]TIMES:10 rmnet_data1:40 1 0 0 0 0 0 0 524 6 0 0 0 0 0 0
[1980-01-06 08:00:32]TIMES:10 rmnet_data0:2810 19 0 0 0 0 0 0 2212 23 0 0 0 0 0 0
[1980-01-06 08:00:32]TIMES:10 NET MODE:5 -77 -107
[2019-11-08 10:48:02]TIMES:15 ZONE1 TEMP:40
[2019-11-08 10:48:02]TIMES:15 ZONE2 TEMP:43
[2019-11-08 10:48:02]TIMES:15 ZONE4 TEMP:39
[2019-11-08 10:48:02]TIMES:15 MEM FREE:93 30
[2019-11-08 10:48:02]TIMES:15 CPU USE:21 5 16 0
[2019-11-08 10:48:02]TIMES:15 CPU0 USE:21 5 16 0
[2019-11-08 10:48:02]TIMES:15 SERIAL0:153 254 212
[2019-11-08 10:48:02]TIMES:15 rmnet0:5400 32 0 0 0 0 0 0 4412 41 0 0 0 0 0 0
[2019-11-08 10:48:02]TIMES:15 rmnet_data1:1932 9 0 0 0 0 0 0 2056 16 0 0 0 0 0 0
[2019-11-08 10:48:02]TIMES:15 rmnet_data0:3171 23 0 0 0 0 0 0 2356 25 0 0 0 0 0 0
[2019-11-08 10:48:07]TIMES:20 ZONE0 TEMP:41
[2019-11-08 10:48:07]TIMES:20 MEM FREE:93 31
[2019-11-08 10:48:07]TIMES:20 CPU USE:15 2 13 0
[2019-11-08 10:48:07]TIMES:20 CPU0 USE:15 2 13 0
[2019-11-08 10:48:07]TIMES:20 SERIAL0:153 292 220
[2019-11-08 10:48:07]TIMES:20 bridge0:0 0 0 0 0 0 0 0 816 10 0 0 0 0 0 0
[2019-11-08 10:48:07]TIMES:20 rmnet0:5400 32 0 0 0 0 0 0 4456 42 0 0 0 0 0 0
[2019-11-08 10:48:07]TIMES:20 rmnet_data1:1932 9 0 0 0 0 0 0 2100 17 0 0 0 0 0 0
[2019-11-08 10:48:07]TIMES:20 NET MODE:5 -73 -107
[2019-11-08 10:48:12]TIMES:25 ZONE0 TEMP:42
[2019-11-08 10:48:12]TIMES:25 ZONE1 TEMP:41
[2019-11-08 10:48:12]TIMES:25 ZONE5 TEMP:39
[2019-11-08 10:48:12]TIMES:25 CPU USE:14 2 12 0
[2019-11-08 10:48:12]TIMES:25 CPU0 USE:14 2 12 0
[2019-11-08 10:48:12]TIMES:25 SERIAL0:153 306 220
[2019-11-08 10:48:12]TIMES:25 bridge0:0 0 0 0 0 0 0 0 960 12 0 0 0 0 0 0
[2019-11-08 10:48:12]TIMES:25 rmnet0:5484 33 0 0 0 0 0 0 4456 42 0 0 0 0 0 0
[2019-11-08 10:48:12]TIMES:25 rmnet_data0:3245 24 0 0 0 0 0 0 2356 25 0 0 0 0 0 0
[2019-11-08 10:48:12]TIMES:25 NET MODE:5 -78 -107
[2019-11-08 10:48:17]TIMES:30 ZONE1 TEMP:40
[2019-11-08 10:48:17]TIMES:30 ZONE5 TEMP:40
[2019-11-08 10:48:17]TIMES:30 CPU USE:18 5 13 0
[2019-11-08 10:48:17]TIMES:30 CPU0 USE:18 5 13 0
[2019-11-08 10:48:17]TIMES:30 SERIAL0:153 358 228
[2019-11-08 10:48:22]TIMES:35 ZONE0 TEMP:40
[2019-11-08 10:48:22]TIMES:35 ZONE1 TEMP:38
[2019-11-08 10:48:22]TIMES:35 ZONE2 TEMP:41
[2019-11-08 10:48:22]TIMES:35 ZONE3 TEMP:39
[2019-11-08 10:48:22]TIMES:35 ZONE4 TEMP:38
[2019-11-08 10:48:22]TIMES:35 CPU USE:17 2 15 0
[2019-11-08 10:48:22]TIMES:35 CPU0 USE:17 2 15 0
[2019-11-08 10:48:22]TIMES:35 SERIAL0:153 372 233
[2019-11-08 10:48:27]TIMES:40 ZONE0 TEMP:42
[2019-11-08 10:48:27]TIMES:40 ZONE1 TEMP:41
[2019-11-08 10:48:27]TIMES:40 ZONE2 TEMP:43
[2019-11-08 10:48:27]TIMES:40 ZONE3 TEMP:41
[2019-11-08 10:48:27]TIMES:40 ZONE4 TEMP:39
[2019-11-08 10:48:27]TIMES:40 CPU USE:17 3 14 0
[2019-11-08 10:48:27]TIMES:40 CPU0 USE:17 3 14 0
[2019-11-08 10:48:27]TIMES:40 SERIAL0:153 410 241
[2019-11-08 10:48:27]TIMES:40 rmnet0:5648 35 0 0 0 0 0 0 4576 44 0 0 0 0 0 0
[2019-11-08 10:48:27]TIMES:40 rmnet_data1:2003 10 0 0 0 0 0 0 2220 19 0 0 0 0 0 0
[2019-11-08 10:48:27]TIMES:40 rmnet_data0:3319 25 0 0 0 0 0 0 2356 25 0 0 0 0 0 0
[2019-11-08 10:48:32]TIMES:45 ZONE2 TEMP:44
[2019-11-08 10:48:32]TIMES:45 CPU USE:27 6 21 0
[2019-11-08 10:48:32]TIMES:45 CPU0 USE:27 6 21 0
[2019-11-08 10:48:32]TIMES:45 SERIAL0:153 424 246
[2019-11-08 10:48:32]TIMES:45 rmnet0:5912 37 0 0 0 0 0 0 4712 46 0 0 0 0 0 0
[2019-11-08 10:48:32]TIMES:45 rmnet_data0:3567 27 0 0 0 0 0 0 2492 27 0 0 0 0 0 0
[2019-11-08 10:48:37]TIMES:50 ZONE6 TEMP:34
[2019-11-08 10:48:37]TIMES:50 CPU USE:18 4 14 0
[2019-11-08 10:48:37]TIMES:50 CPU0 USE:18 4 14 0
[2019-11-08 10:48:37]TIMES:50 SERIAL0:153 462 254
[2019-11-08 10:48:37]TIMES:50 rmnet0:5996 38 0 0 0 0 0 0 4712 46 0 0 0 0 0 0
[2019-11-08 10:48:37]TIMES:50 rmnet_data0:3641 28 0 0 0 0 0 0 2492 27 0 0 0 0 0 0
