[1980-01-06 08:00:16]sleep:5
[1980-01-06 08:00:16]change:1
[1980-01-06 08:00:16]address:
[1980-01-06 08:00:16]time:0
[1980-01-06 08:00:16]size:5
[1980-01-06 08:00:16]Oct 31 2019 14:30:13
[1980-01-06 08:00:21]TIMES:0 ZONE0 TEMP:42
[1980-01-06 08:00:21]TIMES:0 ZONE1 TEMP:39
[1980-01-06 08:00:21]TIMES:0 ZONE2 TEMP:42
[1980-01-06 08:00:21]TIMES:0 ZONE3 TEMP:41
[1980-01-06 08:00:21]TIMES:0 ZONE4 TEMP:40
[1980-01-06 08:00:21]TIMES:0 ZONE5 TEMP:41
[1980-01-06 08:00:21]TIMES:0 ZONE6 TEMP:35
[1980-01-06 08:00:21]TIMES:0 MEM FREE:92 32
[1980-01-06 08:00:21]TIMES:0 CPU0 FREQ:806400
[1980-01-06 08:00:21]TIMES:0 SERIAL0:153 152 200
[1980-01-06 08:00:21]TIMES:0 SERIAL1:151 0 0
[1980-01-06 08:00:21]TIMES:0 bridge0:0 0 0 0 0 0 0 0 596 6 0 0 0 0 0 0
[1980-01-06 08:00:21]TIMES:0 NET DELAY:-500
[1980-01-06 08:00:26]TIMES:5 ZONE0 TEMP:44
[1980-01-06 08:00:26]TIMES:5 ZONE1 TEMP:43
[1980-01-06 08:00:26]TIMES:5 ZONE2 TEMP:45
[1980-01-06 08:00:26]TIMES:5 ZONE3 TEMP:43
[1980-01-06 08:00:26]TIMES:5 ZONE4 TEMP:42
[1980-01-06 08:00:26]TIMES:5 ZONE5 TEMP:42
[1980-01-06 08:00:26]TIMES:5 MEM FREE:90 28
[1980-01-06 08:00:26]TIMES:5 CPU USE:53 12 41 0
[1980-01-06 08:00:26]TIMES:5 CPU0 USE:53 12 41 0
[1980-01-06 08:00:26]TIMES:5 SERIAL0:153 190 212
[1980-01-06 08:00:26]TIMES:5 rmnet0:0 0 0 0 0 0 0 0 776 10 0 0 0 0 0 0
[1980-01-06 08:00:26]TIMES:5 rmnet_data1:0 0 0 0 0 0 0 0 388 5 0 0 0 0 0 0
[1980-01-06 08:00:26]TIMES:5 rmnet_data0:0 0 0 0 0 0 0 0 388 5 0 0 0 0 0 0
[2019-11-08 11:08:03]TIMES:10 ZONE2 TEMP:46
[2019-11-08 11:08:03]TIMES:10 ZONE3 TEMP:44
[2019-11-08 11:08:03]TIMES:10 MEM FREE:90 27
[2019-11-08 11:08:03][H[JMem: 128612K used, 28380K free, 52K shrd, 0K buff, 63264K cached
STAT     %CPU     COMMAND[0m
S     7.1     process-service
-b     -f     /
3080     top     -n1
SW     7.1     [kworker/0:0]
S     0.0     /usr/bin/thermal-engine
root     0.0     /usr/bin/netmgrd

[2019-11-08 11:08:03]TIMES:10 CPU USE:96 19 77 0
[2019-11-08 11:08:04][H[JMem: 128584K used, 28408K free, 52K shrd, 0K buff, 63264K cached
STAT     %CPU     COMMAND[0m
S     7.6     modem-service
3080     top     -n1
S     0.0     /usr/bin/thermal-engine
root     0.0     /usr/bin/netmgrd
root     0.0     mcm_ril_service
S     0.0     mcm_data_srv

[2019-11-08 11:08:04]TIMES:10 CPU0 USE:96 19 77 0
[2019-11-08 11:08:04]TIMES:10 SERIAL0:153 240 237
[2019-11-08 11:08:04]TIMES:10 rmnet0:3100 15 0 0 0 0 0 0 3576 34 0 0 0 0 0 0
[2019-11-08 11:08:04]TIMES:10 rmnet_data1:0 0 0 0 0 0 0 0 936 9 0 0 0 0 0 0
[2019-11-08 11:08:04]TIMES:10 rmnet_data0:2962 15 0 0 0 0 0 0 2640 25 0 0 0 0 0 0
[2019-11-08 11:08:04]TIMES:10 NET MODE:5 -58 -90
[2019-11-08 08:11:32]TIMES:15 ZONE3 TEMP:43
[2019-11-08 08:11:32]TIMES:15 ZONE4 TEMP:41
[2019-11-08 08:11:32]TIMES:15 MEM FREE:90 28
[2019-11-08 08:11:32]TIMES:15 CPU USE:34 7 27 0
[2019-11-08 08:11:32]TIMES:15 CPU0 USE:34 7 27 0
[2019-11-08 08:11:32]TIMES:15 SERIAL0:153 290 241
[2019-11-08 08:11:32]TIMES:15 rmnet0:5792 28 0 0 0 0 0 0 6196 50 0 0 0 0 0 0
[2019-11-08 08:11:32]TIMES:15 rmnet_data1:2384 11 0 0 0 0 0 0 3488 24 0 0 0 0 0 0
[2019-11-08 08:11:32]TIMES:15 rmnet_data0:3148 17 0 0 0 0 0 0 2708 26 0 0 0 0 0 0
[2019-11-08 08:11:37]TIMES:20 ZONE6 TEMP:36
[2019-11-08 08:11:37]TIMES:20 CPU USE:19 2 17 0
[2019-11-08 08:11:37]TIMES:20 CPU0 USE:19 2 17 0
[2019-11-08 08:11:37]TIMES:20 SERIAL0:153 328 259
[2019-11-08 08:11:37]TIMES:20 bridge0:0 0 0 0 0 0 0 0 812 9 0 0 0 0 0 0
[2019-11-08 08:11:37]TIMES:20 rmnet0:5884 29 0 0 0 0 0 0 6380 51 0 0 0 0 0 0
[2019-11-08 08:11:37]TIMES:20 rmnet_data1:2384 11 0 0 0 0 0 0 3672 25 0 0 0 0 0 0
[2019-11-08 08:11:37]TIMES:20 rmnet_data0:3231 18 0 0 0 0 0 0 2708 26 0 0 0 0 0 0
[2019-11-08 08:11:37]TIMES:20 NET MODE:5 -54 -89
[2019-11-08 08:11:42]TIMES:25 CPU USE:15 3 12 0
[2019-11-08 08:11:42]TIMES:25 CPU0 USE:15 3 12 0
[2019-11-08 08:11:42]TIMES:25 SERIAL0:153 342 264
[2019-11-08 08:11:42]TIMES:25 bridge0:0 0 0 0 0 0 0 0 884 10 0 0 0 0 0 0
[2019-11-08 08:11:47]TIMES:30 CPU USE:17 3 14 0
[2019-11-08 08:11:47]TIMES:30 CPU0 USE:17 3 14 0
[2019-11-08 08:11:47]TIMES:30 SERIAL0:153 394 277
[2019-11-08 08:11:47]TIMES:30 rmnet0:7388 35 0 0 0 0 0 0 6564 52 0 0 0 0 0 0
[2019-11-08 08:11:47]TIMES:30 rmnet_data1:2384 11 0 0 0 0 0 0 3856 26 0 0 0 0 0 0
[2019-11-08 08:11:47]TIMES:30 rmnet_data0:4681 24 0 0 0 0 0 0 2708 26 0 0 0 0 0 0
[2019-11-08 08:11:53]TIMES:35 CPU USE:16 4 12 0
[2019-11-08 08:11:53]TIMES:35 CPU0 USE:16 4 12 0
[2019-11-08 08:11:53]TIMES:35 SERIAL0:153 408 292
[2019-11-08 08:11:53]TIMES:35 rmnet0:7632 36 0 0 0 0 0 0 6564 52 0 0 0 0 0 0
[2019-11-08 08:11:53]TIMES:35 rmnet_data0:4916 25 0 0 0 0 0 0 2708 26 0 0 0 0 0 0
[2019-11-08 08:11:58]TIMES:40 ZONE0 TEMP:45
[2019-11-08 08:11:58]TIMES:40 ZONE1 TEMP:44
[2019-11-08 08:11:58]TIMES:40 ZONE3 TEMP:44
[2019-11-08 08:11:58]TIMES:40 ZONE4 TEMP:43
[2019-11-08 08:11:58]TIMES:40 CPU USE:33 9 24 0
[2019-11-08 08:11:58]TIMES:40 CPU0 USE:33 9 24 0
[2019-11-08 08:11:58]TIMES:40 SERIAL0:153 446 300
[2019-11-08 08:11:58]TIMES:40 rmnet0:7876 37 0 0 0 0 0 0 6564 52 0 0 0 0 0 0
[2019-11-08 08:11:58]TIMES:40 rmnet_data0:5151 26 0 0 0 0 0 0 2708 26 0 0 0 0 0 0
[2019-11-08 08:12:03]TIMES:45 ZONE0 TEMP:44
[2019-11-08 08:12:03]TIMES:45 ZONE1 TEMP:43
[2019-11-08 08:12:03]TIMES:45 ZONE4 TEMP:42
[2019-11-08 08:12:03]TIMES:45 MEM FREE:91 28
[2019-11-08 08:12:03]TIMES:45 CPU USE:38 8 30 0
[2019-11-08 08:12:03]TIMES:45 CPU0 USE:38 8 30 0
[2019-11-08 08:12:03]TIMES:45 SERIAL0:153 460 310
[2019-11-08 08:12:03]TIMES:45 rmnet0:8140 39 0 0 0 0 0 0 6700 54 0 0 0 0 0 0
[2019-11-08 08:12:03]TIMES:45 rmnet_data0:5399 28 0 0 0 0 0 0 2844 28 0 0 0 0 0 0
[2019-11-08 08:12:03]TIMES:45 rndis0:1031 6 0 0 0 0 0 0 134 1 0 0 0 0 0 0
[2019-11-08 08:12:03]TIMES:45 NET MODE:5 -59 -90
[2019-11-08 08:12:08]TIMES:50 ZONE5 TEMP:43
[2019-11-08 08:12:08]TIMES:50 MEM FREE:90 27
[2019-11-08 08:12:08]TIMES:50 CPU USE:38 5 33 0
[2019-11-08 08:12:08]TIMES:50 CPU0 USE:38 5 33 0
[2019-11-08 08:12:08]TIMES:50 SERIAL0:153 484 323
[2019-11-08 08:12:08]TIMES:50 bridge0:1749 26 0 0 0 0 0 0 2172 19 0 0 0 0 0 0
[2019-11-08 08:12:08]TIMES:50 rmnet0:11300 56 0 0 0 0 0 0 9372 77 0 0 0 0 0 0
[2019-11-08 08:12:08]TIMES:50 rmnet_data0:8411 45 0 0 0 0 0 0 5516 51 0 0 0 0 0 0
[2019-11-08 08:12:08]TIMES:50 rndis0:4909 60 0 0 0 0 0 0 2766 17 0 0 0 0 0 0
[2019-11-08 08:12:13]TIMES:55 ZONE4 TEMP:41
[2019-11-08 08:12:13]TIMES:55 CPU USE:16 4 12 0
[2019-11-08 08:12:13]TIMES:55 CPU0 USE:16 4 12 0
[2019-11-08 08:12:13]TIMES:55 SERIAL0:153 512 333
[2019-11-08 08:12:13]TIMES:55 bridge0:4138 72 0 0 0 0 0 0 3787 47 0 0 0 0 0 0
[2019-11-08 08:12:13]TIMES:55 rmnet0:46516 147 0 0 0 0 0 0 27020 174 0 0 0 0 0 0
[2019-11-08 08:12:13]TIMES:55 rmnet_data0:42863 136 0 0 0 0 0 0 23164 148 0 0 0 0 0 0
[2019-11-08 08:12:13]TIMES:55 rndis0:22918 167 0 0 0 0 0 0 42724 110 0 0 0 0 0 0
[2019-11-08 08:12:18]TIMES:60 ZONE4 TEMP:42
[2019-11-08 08:12:18]TIMES:60 SERIAL0:153 536 362
[2019-11-08 08:12:18]TIMES:60 bridge0:5333 95 0 0 0 0 0 0 5448 63 0 0 0 0 0 0
[2019-11-08 08:12:18]TIMES:60 rmnet0:83604 232 0 0 0 0 0 0 53288 282 0 0 0 0 0 0
[2019-11-08 08:12:18]TIMES:60 rmnet_data1:2384 11 0 0 0 0 0 0 4692 27 0 0 0 0 0 0
[2019-11-08 08:12:18]TIMES:60 rmnet_data0:79222 221 0 0 0 0 0 0 48596 255 0 0 0 0 0 0
[2019-11-08 08:12:18]TIMES:60 rndis0:45616 259 0 0 0 0 0 0 81632 186 0 0 0 0 0 0
[2019-11-08 08:12:23]TIMES:65 ZONE3 TEMP:43
[2019-11-08 08:12:23]TIMES:65 ZONE4 TEMP:41
[2019-11-08 08:12:23]TIMES:65 CPU USE:15 2 13 0
[2019-11-08 08:12:23]TIMES:65 CPU0 USE:15 2 13 0
[2019-11-08 08:12:23]TIMES:65 SERIAL0:153 564 367
[2019-11-08 08:12:23]TIMES:65 bridge0:5750 103 0 0 0 0 0 0 5941 68 0 0 0 0 0 0
[2019-11-08 08:12:23]TIMES:65 rmnet0:97984 257 0 0 0 0 0 0 58912 313 0 0 0 0 0 0
[2019-11-08 08:12:23]TIMES:65 rmnet_data1:2436 12 0 0 0 0 0 0 4692 27 0 0 0 0 0 0
[2019-11-08 08:12:23]TIMES:65 rmnet_data0:93330 245 0 0 0 0 0 0 54220 286 0 0 0 0 0 0
[2019-11-08 08:12:23]TIMES:65 rndis0:51099 290 0 0 0 0 0 0 97132 210 0 0 0 0 0 0
[2019-11-08 08:12:28]TIMES:70 ZONE4 TEMP:42
[2019-11-08 08:12:28]TIMES:70 CPU USE:19 3 16 0
[2019-11-08 08:12:28]TIMES:70 CPU0 USE:19 3 16 0
[2019-11-08 08:12:28]TIMES:70 SERIAL0:153 588 380
[2019-11-08 08:12:28]TIMES:70 rmnet0:99324 262 0 0 0 0 0 0 58912 313 0 0 0 0 0 0
[2019-11-08 08:12:28]TIMES:70 rmnet_data0:94625 250 0 0 0 0 0 0 54220 286 0 0 0 0 0 0
[2019-11-08 08:12:33]TIMES:75 ZONE3 TEMP:44
[2019-11-08 08:12:33]TIMES:75 CPU USE:27 6 21 0
[2019-11-08 08:12:33]TIMES:75 CPU0 USE:27 6 21 0
[2019-11-08 08:12:33]TIMES:75 SERIAL0:153 616 395
[2019-11-08 08:12:33]TIMES:75 bridge0:5818 104 0 0 0 0 0 0 5941 68 0 0 0 0 0 0
[2019-11-08 08:12:33]TIMES:75 rmnet0:99964 268 0 0 0 0 0 0 59556 318 0 0 0 0 0 0
[2019-11-08 08:12:33]TIMES:75 rmnet_data0:95217 256 0 0 0 0 0 0 54864 291 0 0 0 0 0 0
[2019-11-08 08:12:33]TIMES:75 rndis0:51663 294 0 0 0 0 0 0 97708 214 0 0 0 0 0 0
[2019-11-08 08:12:38]TIMES:80 CPU USE:18 5 13 0
[2019-11-08 08:12:38]TIMES:80 CPU0 USE:18 5 13 0
[2019-11-08 08:12:38]TIMES:80 SERIAL0:153 640 403
[2019-11-08 08:12:38]TIMES:80 bridge0:6162 110 0 0 0 0 0 0 6393 71 0 0 0 0 0 0
[2019-11-08 08:12:38]TIMES:80 rmnet0:107596 287 0 0 0 0 0 0 66724 351 0 0 0 0 0 0
[2019-11-08 08:12:38]TIMES:80 rmnet_data0:102681 275 0 0 0 0 0 0 62032 324 0 0 0 0 0 0
[2019-11-08 08:12:38]TIMES:80 rndis0:56310 314 0 0 0 0 0 0 103921 226 0 0 0 0 0 0
[2019-11-08 08:12:43]TIMES:85 ZONE5 TEMP:42
[2019-11-08 08:12:43]TIMES:85 CPU USE:14 3 11 0
[2019-11-08 08:12:43]TIMES:85 CPU0 USE:14 3 11 0
[2019-11-08 08:12:43]TIMES:85 SERIAL0:153 654 413
[2019-11-08 08:12:43]TIMES:85 bridge0:6356 114 0 0 0 0 0 0 6653 74 0 0 0 0 0 0
[2019-11-08 08:12:43]TIMES:85 rmnet0:149860 343 0 0 0 0 0 0 73652 394 0 0 0 0 0 0
[2019-11-08 08:12:43]TIMES:85 rmnet_data0:144467 331 0 0 0 0 0 0 68960 367 0 0 0 0 0 0
[2019-11-08 08:12:43]TIMES:85 rndis0:63350 363 0 0 0 0 0 0 147088 275 0 0 0 0 0 0
[2019-11-08 08:12:48]TIMES:90 ZONE5 TEMP:43
[2019-11-08 08:12:48]TIMES:90 CPU USE:15 3 12 0
[2019-11-08 08:12:48]TIMES:90 CPU0 USE:15 3 12 0
[2019-11-08 08:12:48]TIMES:90 SERIAL0:153 692 436
[2019-11-08 08:12:48]TIMES:90 rmnet0:150956 348 0 0 0 0 0 0 79712 403 0 0 0 0 0 0
[2019-11-08 08:12:48]TIMES:90 rmnet_data0:145521 336 0 0 0 0 0 0 75020 376 0 0 0 0 0 0
[2019-11-08 08:12:48]TIMES:90 rndis0:69364 372 0 0 0 0 0 0 148432 280 0 0 0 0 0 0
[2019-11-08 08:12:53]TIMES:95 CPU USE:18 2 16 0
[2019-11-08 08:12:53]TIMES:95 CPU0 USE:18 2 16 0
[2019-11-08 08:12:53]TIMES:95 SERIAL0:153 716 500
[2019-11-08 08:12:53]TIMES:95 bridge0:6488 117 0 0 0 0 0 0 6681 75 0 0 0 0 0 0
[2019-11-08 08:12:53]TIMES:95 rmnet0:151800 353 0 0 0 0 0 0 80328 409 0 0 0 0 0 0
[2019-11-08 08:12:53]TIMES:95 rmnet_data1:3000 16 0 0 0 0 0 0 5196 31 0 0 0 0 0 0
[2019-11-08 08:12:53]TIMES:95 rmnet_data0:145756 337 0 0 0 0 0 0 75132 378 0 0 0 0 0 0
[2019-11-08 08:12:53]TIMES:95 rndis0:69496 375 0 0 0 0 0 0 148518 281 0 0 0 0 0 0
[2019-11-08 08:12:58]TIMES:100 CPU USE:17 4 13 0
[2019-11-08 08:12:58]TIMES:100 CPU0 USE:17 4 13 0
[2019-11-08 08:12:58]TIMES:100 SERIAL0:153 754 512
[2019-11-08 08:12:58]TIMES:100 bridge0:6755 122 0 0 0 0 0 0 6832 77 0 0 0 0 0 0
[2019-11-08 08:12:58]TIMES:100 rmnet0:156380 366 0 0 0 0 0 0 82824 433 0 0 0 0 0 0
[2019-11-08 08:12:58]TIMES:100 rmnet_data0:150222 350 0 0 0 0 0 0 77628 402 0 0 0 0 0 0
[2019-11-08 08:12:58]TIMES:100 rndis0:70196 383 0 0 0 0 0 0 152482 286 0 0 0 0 0 0
[2019-11-08 08:13:03]TIMES:105 CPU USE:13 3 10 0
[2019-11-08 08:13:03]TIMES:105 CPU0 USE:13 3 10 0
[2019-11-08 08:13:03]TIMES:105 SERIAL0:153 768 517
[2019-11-08 08:13:03]TIMES:105 rmnet0:157592 373 0 0 0 0 0 0 84228 440 0 0 0 0 0 0
[2019-11-08 08:13:03]TIMES:105 rmnet_data0:151366 357 0 0 0 0 0 0 79032 409 0 0 0 0 0 0
[2019-11-08 08:13:03]TIMES:105 rndis0:71566 390 0 0 0 0 0 0 153739 292 0 0 0 0 0 0
[2019-11-08 08:13:08]TIMES:110 CPU USE:31 8 23 0
[2019-11-08 08:13:08]TIMES:110 CPU0 USE:31 8 23 0
[2019-11-08 08:13:08]TIMES:110 SERIAL0:153 806 520
[2019-11-08 08:13:08]TIMES:110 rmnet0:157856 375 0 0 0 0 0 0 84364 442 0 0 0 0 0 0
[2019-11-08 08:13:08]TIMES:110 rmnet_data0:151614 359 0 0 0 0 0 0 79168 411 0 0 0 0 0 0
[2019-11-08 08:13:08]TIMES:110 rndis0:71709 391 0 0 0 0 0 0 153739 292 0 0 0 0 0 0
[2019-11-08 08:13:13]TIMES:115 CPU USE:17 3 14 0
[2019-11-08 08:13:13]TIMES:115 CPU0 USE:17 3 14 0
[2019-11-08 08:13:13]TIMES:115 SERIAL0:153 820 520
[2019-11-08 08:13:13]TIMES:115 bridge0:6823 123 0 0 0 0 0 0 6832 77 0 0 0 0 0 0
[2019-11-08 08:13:13]TIMES:115 rmnet0:158608 381 0 0 0 0 0 0 84932 446 0 0 0 0 0 0
[2019-11-08 08:13:13]TIMES:115 rmnet_data0:152317 365 0 0 0 0 0 0 79736 415 0 0 0 0 0 0
[2019-11-08 08:13:13]TIMES:115 rndis0:72273 395 0 0 0 0 0 0 154411 296 0 0 0 0 0 0
[2019-11-08 08:13:18]TIMES:120 SERIAL0:153 844 533
[2019-11-08 08:13:18]TIMES:120 bridge0:7225 131 0 0 0 0 0 0 7285 82 0 0 0 0 0 0
[2019-11-08 08:13:18]TIMES:120 rmnet0:166776 400 0 0 0 0 0 0 87428 462 0 0 0 0 0 0
[2019-11-08 08:13:18]TIMES:120 rmnet_data1:3000 16 0 0 0 0 0 0 6072 32 0 0 0 0 0 0
[2019-11-08 08:13:18]TIMES:120 rmnet_data0:160323 384 0 0 0 0 0 0 81356 430 0 0 0 0 0 0
[2019-11-08 08:13:18]TIMES:120 rndis0:73895 411 0 0 0 0 0 0 163421 314 0 0 0 0 0 0
[2019-11-08 08:13:23]TIMES:125 CPU USE:15 3 12 0
[2019-11-08 08:13:23]TIMES:125 CPU0 USE:15 3 12 0
[2019-11-08 08:13:23]TIMES:125 SERIAL0:153 872 567
[2019-11-08 08:13:23]TIMES:125 bridge0:7505 138 0 0 0 0 0 0 7325 83 0 0 0 0 0 0
[2019-11-08 08:13:23]TIMES:125 rmnet0:167788 411 0 0 0 0 0 0 88868 476 0 0 0 0 0 0
[2019-11-08 08:13:23]TIMES:125 rmnet_data1:3524 23 0 0 0 0 0 0 7116 38 0 0 0 0 0 0
[2019-11-08 08:13:23]TIMES:125 rmnet_data0:160722 388 0 0 0 0 0 0 81752 438 0 0 0 0 0 0
[2019-11-08 08:13:23]TIMES:125 rndis0:74175 418 0 0 0 0 0 0 163519 315 0 0 0 0 0 0
[2019-11-08 08:13:28]TIMES:130 CPU USE:19 3 16 0
[2019-11-08 08:13:28]TIMES:130 CPU0 USE:19 3 16 0
[2019-11-08 08:13:28]TIMES:130 SERIAL0:153 896 594
[2019-11-08 08:13:28]TIMES:130 rmnet0:168296 417 0 0 0 0 0 0 89308 481 0 0 0 0 0 0
[2019-11-08 08:13:28]TIMES:130 rmnet_data1:3944 28 0 0 0 0 0 0 7556 43 0 0 0 0 0 0
[2019-11-08 08:13:28]TIMES:130 rmnet_data0:160762 389 0 0 0 0 0 0 81752 438 0 0 0 0 0 0
[2019-11-08 08:13:33]TIMES:135 ZONE0 TEMP:45
[2019-11-08 08:13:33]TIMES:135 CPU USE:16 3 13 0
[2019-11-08 08:13:33]TIMES:135 CPU0 USE:16 3 13 0
[2019-11-08 08:13:33]TIMES:135 SERIAL0:153 924 594
[2019-11-08 08:13:33]TIMES:135 bridge0:7689 142 0 0 0 0 0 0 7473 87 0 0 0 0 0 0
[2019-11-08 08:13:33]TIMES:135 rmnet0:169192 427 0 0 0 0 0 0 89916 489 0 0 0 0 0 0
[2019-11-08 08:13:33]TIMES:135 rmnet_data1:4364 33 0 0 0 0 0 0 7996 48 0 0 0 0 0 0
[2019-11-08 08:13:33]TIMES:135 rmnet_data0:161157 394 0 0 0 0 0 0 81920 441 0 0 0 0 0 0
[2019-11-08 08:13:33]TIMES:135 rndis0:74359 422 0 0 0 0 0 0 163899 319 0 0 0 0 0 0
[2019-11-08 08:13:38]TIMES:140 ZONE0 TEMP:44
[2019-11-08 08:13:38]TIMES:140 CPU USE:29 7 22 0
[2019-11-08 08:13:38]TIMES:140 CPU0 USE:29 7 22 0
[2019-11-08 08:13:38]TIMES:140 SERIAL0:153 948 607
[2019-11-08 08:13:38]TIMES:140 bridge0:7717 143 0 0 0 0 0 0 7573 89 0 0 0 0 0 0
[2019-11-08 08:13:38]TIMES:140 rmnet0:169964 435 0 0 0 0 0 0 90492 496 0 0 0 0 0 0
[2019-11-08 08:13:38]TIMES:140 rmnet_data1:4784 38 0 0 0 0 0 0 8436 53 0 0 0 0 0 0
[2019-11-08 08:13:38]TIMES:140 rmnet_data0:161445 397 0 0 0 0 0 0 82056 443 0 0 0 0 0 0
[2019-11-08 08:13:38]TIMES:140 rndis0:74387 423 0 0 0 0 0 0 163985 320 0 0 0 0 0 0
[2019-11-08 08:13:43]TIMES:145 ZONE0 TEMP:45
[2019-11-08 08:13:43]TIMES:145 CPU USE:16 4 12 0
[2019-11-08 08:13:43]TIMES:145 CPU0 USE:16 4 12 0
[2019-11-08 08:13:43]TIMES:145 SERIAL0:153 976 617
[2019-11-08 08:13:43]TIMES:145 bridge0:7717 143 0 0 0 0 0 0 7717 91 0 0 0 0 0 0
[2019-11-08 08:13:43]TIMES:145 rmnet0:170716 442 0 0 0 0 0 0 90932 501 0 0 0 0 0 0
[2019-11-08 08:13:43]TIMES:145 rmnet_data1:5204 43 0 0 0 0 0 0 8876 58 0 0 0 0 0 0
[2019-11-08 08:13:43]TIMES:145 rmnet_data0:161720 399 0 0 0 0 0 0 82056 443 0 0 0 0 0 0
[2019-11-08 08:13:48]TIMES:150 ZONE0 TEMP:44
[2019-11-08 08:13:48]TIMES:150 CPU USE:18 4 14 0
[2019-11-08 08:13:48]TIMES:150 CPU0 USE:18 4 14 0
[2019-11-08 08:13:48]TIMES:150 SERIAL0:153 1000 630
[2019-11-08 08:13:48]TIMES:150 bridge0:7717 143 0 0 0 0 0 0 7789 92 0 0 0 0 0 0
[2019-11-08 08:13:48]TIMES:150 rmnet0:171176 447 0 0 0 0 0 0 91372 506 0 0 0 0 0 0
[2019-11-08 08:13:48]TIMES:150 rmnet_data1:5624 48 0 0 0 0 0 0 9316 63 0 0 0 0 0 0
[2019-11-08 08:13:53]TIMES:155 CPU USE:14 3 11 0
[2019-11-08 08:13:53]TIMES:155 CPU0 USE:14 3 11 0
[2019-11-08 08:13:53]TIMES:155 SERIAL0:153 1028 630
[2019-11-08 08:13:53]TIMES:155 bridge0:7847 145 0 0 0 0 0 0 7867 93 0 0 0 0 0 0
[2019-11-08 08:13:53]TIMES:155 rmnet0:172672 462 0 0 0 0 0 0 93320 528 0 0 0 0 0 0
[2019-11-08 08:13:53]TIMES:155 rmnet_data1:6044 53 0 0 0 0 0 0 9756 68 0 0 0 0 0 0
[2019-11-08 08:13:53]TIMES:155 rmnet_data0:162657 409 0 0 0 0 0 0 83564 460 0 0 0 0 0 0
[2019-11-08 08:13:53]TIMES:155 rndis0:74517 425 0 0 0 0 0 0 164121 321 0 0 0 0 0 0
[2019-11-08 08:13:58]TIMES:160 ZONE0 TEMP:45
[2019-11-08 08:13:58]TIMES:160 CPU USE:17 3 14 0
[2019-11-08 08:13:58]TIMES:160 CPU0 USE:17 3 14 0
[2019-11-08 08:13:58]TIMES:160 SERIAL0:153 1052 643
[2019-11-08 08:13:58]TIMES:160 bridge0:10372 161 0 0 0 0 0 0 8872 102 0 0 0 0 0 0
[2019-11-08 08:13:58]TIMES:160 rmnet0:187084 506 0 0 0 0 0 0 99240 574 0 0 0 0 0 0
[2019-11-08 08:13:58]TIMES:160 rmnet_data1:6464 58 0 0 0 0 0 0 10196 73 0 0 0 0 0 0
[2019-11-08 08:13:58]TIMES:160 rmnet_data0:176262 448 0 0 0 0 0 0 89044 501 0 0 0 0 0 0
[2019-11-08 08:13:58]TIMES:160 rndis0:81667 468 0 0 0 0 0 0 179870 359 0 0 0 0 0 0
[2019-11-08 08:14:03]TIMES:165 CPU USE:14 2 12 0
[2019-11-08 08:14:03]TIMES:165 CPU0 USE:14 2 12 0
[2019-11-08 08:14:03]TIMES:165 SERIAL0:153 1066 653
[2019-11-08 08:14:03]TIMES:165 rmnet0:187592 512 0 0 0 0 0 0 99680 579 0 0 0 0 0 0
[2019-11-08 08:14:03]TIMES:165 rmnet_data1:6884 63 0 0 0 0 0 0 10636 78 0 0 0 0 0 0
[2019-11-08 08:14:03]TIMES:165 rmnet_data0:176302 449 0 0 0 0 0 0 89044 501 0 0 0 0 0 0
[2019-11-08 08:14:08]TIMES:170 ZONE1 TEMP:44
[2019-11-08 08:14:08]TIMES:170 ZONE4 TEMP:43
[2019-11-08 08:14:08]TIMES:170 ZONE5 TEMP:42
[2019-11-08 08:14:08]TIMES:170 MEM FREE:89 26
[2019-11-08 08:14:08]TIMES:170 CPU USE:25 4 21 0
[2019-11-08 08:14:08]TIMES:170 CPU0 USE:25 4 21 0
[2019-11-08 08:14:08]TIMES:170 SERIAL0:153 1104 656
[2019-11-08 08:14:08]TIMES:170 rmnet0:188404 520 0 0 0 0 0 0 100392 588 0 0 0 0 0 0
[2019-11-08 08:14:08]TIMES:170 rmnet_data1:7304 68 0 0 0 0 0 0 11076 83 0 0 0 0 0 0
[2019-11-08 08:14:08]TIMES:170 rmnet_data0:176628 452 0 0 0 0 0 0 89316 505 0 0 0 0 0 0
[2019-11-08 08:14:13]TIMES:175 ZONE1 TEMP:43
[2019-11-08 08:14:13]TIMES:175 ZONE4 TEMP:42
[2019-11-08 08:14:13]TIMES:175 ZONE5 TEMP:43
[2019-11-08 08:14:13]TIMES:175 MEM FREE:90 27
[2019-11-08 08:14:13]TIMES:175 CPU USE:29 7 22 0
[2019-11-08 08:14:13]TIMES:175 CPU0 USE:29 7 22 0
[2019-11-08 08:14:13]TIMES:175 SERIAL0:153 1118 666
[2019-11-08 08:14:13]TIMES:175 bridge0:10688 167 0 0 0 0 0 0 9214 107 0 0 0 0 0 0
[2019-11-08 08:14:13]TIMES:175 rmnet0:195092 550 0 0 0 0 0 0 104232 617 0 0 0 0 0 0
[2019-11-08 08:14:13]TIMES:175 rmnet_data1:7724 73 0 0 0 0 0 0 11516 88 0 0 0 0 0 0
[2019-11-08 08:14:13]TIMES:175 rmnet_data0:182638 477 0 0 0 0 0 0 92716 529 0 0 0 0 0 0
[2019-11-08 08:14:13]TIMES:175 rndis0:84700 488 0 0 0 0 0 0 186682 379 0 0 0 0 0 0
[2019-11-08 08:14:18]TIMES:180 ZONE0 TEMP:44
[2019-11-08 08:14:18]TIMES:180 CPU USE:19 4 15 0
[2019-11-08 08:14:18]TIMES:180 CPU0 USE:19 4 15 0
[2019-11-08 08:14:18]TIMES:180 SERIAL0:153 1156 669
[2019-11-08 08:14:18]TIMES:180 bridge0:10824 171 0 0 0 0 0 0 9310 110 0 0 0 0 0 0
[2019-11-08 08:14:18]TIMES:180 rmnet0:195776 559 0 0 0 0 0 0 105744 627 0 0 0 0 0 0
[2019-11-08 08:14:18]TIMES:180 rmnet_data1:8196 79 0 0 0 0 0 0 12832 94 0 0 0 0 0 0
[2019-11-08 08:14:18]TIMES:180 rmnet_data0:182778 480 0 0 0 0 0 0 92912 533 0 0 0 0 0 0
[2019-11-08 08:14:18]TIMES:180 rndis0:84936 494 0 0 0 0 0 0 187168 384 0 0 0 0 0 0
[2019-11-08 08:14:23]TIMES:185 ZONE0 TEMP:45
[2019-11-08 08:14:23]TIMES:185 CPU USE:15 3 12 0
[2019-11-08 08:14:23]TIMES:185 CPU0 USE:15 3 12 0
[2019-11-08 08:14:23]TIMES:185 SERIAL0:153 1170 679
[2019-11-08 08:14:23]TIMES:185 rmnet0:196236 564 0 0 0 0 0 0 106184 632 0 0 0 0 0 0
[2019-11-08 08:14:23]TIMES:185 rmnet_data1:8616 84 0 0 0 0 0 0 13272 99 0 0 0 0 0 0
[2019-11-08 08:14:28]TIMES:190 ZONE0 TEMP:44
[2019-11-08 08:14:28]TIMES:190 ZONE1 TEMP:44
[2019-11-08 08:14:28]TIMES:190 ZONE2 TEMP:47
[2019-11-08 08:14:28]TIMES:190 CPU USE:17 3 14 0
[2019-11-08 08:14:28]TIMES:190 CPU0 USE:17 3 14 0
[2019-11-08 08:14:28]TIMES:190 SERIAL0:153 1208 692
[2019-11-08 08:14:28]TIMES:190 bridge0:11024 176 0 0 0 0 0 0 9461 113 0 0 0 0 0 0
[2019-11-08 08:14:28]TIMES:190 rmnet0:197052 574 0 0 0 0 0 0 106972 643 0 0 0 0 0 0
[2019-11-08 08:14:28]TIMES:190 rmnet_data1:9036 89 0 0 0 0 0 0 13712 104 0 0 0 0 0 0
[2019-11-08 08:14:28]TIMES:190 rmnet_data0:183090 485 0 0 0 0 0 0 93260 539 0 0 0 0 0 0
[2019-11-08 08:14:28]TIMES:190 rndis0:85257 500 0 0 0 0 0 0 187770 389 0 0 0 0 0 0
[2019-11-08 08:14:33]TIMES:195 ZONE0 TEMP:45
[2019-11-08 08:14:33]TIMES:195 ZONE1 TEMP:43
[2019-11-08 08:14:33]TIMES:195 ZONE2 TEMP:46
[2019-11-08 08:14:33]TIMES:195 ZONE6 TEMP:37
[2019-11-08 08:14:33]TIMES:195 CPU USE:15 3 12 0
[2019-11-08 08:14:33]TIMES:195 CPU0 USE:15 3 12 0
[2019-11-08 08:14:33]TIMES:195 SERIAL0:153 1222 697
[2019-11-08 08:14:33]TIMES:195 bridge0:11200 179 0 0 0 0 0 0 9461 113 0 0 0 0 0 0
[2019-11-08 08:14:33]TIMES:195 rmnet0:197512 579 0 0 0 0 0 0 107456 649 0 0 0 0 0 0
[2019-11-08 08:14:33]TIMES:195 rmnet_data1:9456 94 0 0 0 0 0 0 14152 109 0 0 0 0 0 0
[2019-11-08 08:14:33]TIMES:195 rmnet_data0:183090 485 0 0 0 0 0 0 93304 540 0 0 0 0 0 0
[2019-11-08 08:14:33]TIMES:195 rndis0:85433 503 0 0 0 0 0 0 187770 389 0 0 0 0 0 0
[2019-11-08 08:14:38]TIMES:200 ZONE1 TEMP:44
[2019-11-08 08:14:38]TIMES:200 CPU USE:22 6 16 0
[2019-11-08 08:14:38]TIMES:200 CPU0 USE:22 6 16 0
[2019-11-08 08:14:38]TIMES:200 SERIAL0:153 1246 715
[2019-11-08 08:14:38]TIMES:200 bridge0:11471 185 0 0 0 0 0 0 9684 117 0 0 0 0 0 0
[2019-11-08 08:14:38]TIMES:200 rmnet0:200784 608 0 0 0 0 0 0 113944 688 0 0 0 0 0 0
[2019-11-08 08:14:38]TIMES:200 rmnet_data1:9876 99 0 0 0 0 0 0 14592 114 0 0 0 0 0 0
[2019-11-08 08:14:38]TIMES:200 rmnet_data0:185693 509 0 0 0 0 0 0 99352 574 0 0 0 0 0 0
[2019-11-08 08:14:38]TIMES:200 rndis0:89830 520 0 0 0 0 0 0 190403 404 0 0 0 0 0 0
[2019-11-08 08:14:43]TIMES:205 CPU USE:30 5 25 0
[2019-11-08 08:14:43]TIMES:205 CPU0 USE:30 5 25 0
[2019-11-08 08:14:43]TIMES:205 SERIAL0:153 1274 725
[2019-11-08 08:14:43]TIMES:205 rmnet0:201508 615 0 0 0 0 0 0 114520 695 0 0 0 0 0 0
[2019-11-08 08:14:43]TIMES:205 rmnet_data1:10296 104 0 0 0 0 0 0 15032 119 0 0 0 0 0 0
[2019-11-08 08:14:43]TIMES:205 rmnet_data0:185941 511 0 0 0 0 0 0 99488 576 0 0 0 0 0 0
[2019-11-08 08:14:43]TIMES:205 rndis0:89862 521 0 0 0 0 0 0 190623 406 0 0 0 0 0 0
[2019-11-08 08:14:48]TIMES:210 CPU USE:18 3 15 0
[2019-11-08 08:14:48]TIMES:210 CPU0 USE:18 3 15 0
[2019-11-08 08:14:48]TIMES:210 SERIAL0:153 1298 751
[2019-11-08 08:14:48]TIMES:210 rmnet0:201968 620 0 0 0 0 0 0 114960 700 0 0 0 0 0 0
[2019-11-08 08:14:48]TIMES:210 rmnet_data1:10716 109 0 0 0 0 0 0 15472 124 0 0 0 0 0 0
[2019-11-08 08:14:48]TIMES:210 rndis0:90142 526 0 0 0 0 0 0 190623 406 0 0 0 0 0 0
[2019-11-08 08:14:53]TIMES:215 ZONE0 TEMP:44
[2019-11-08 08:14:53]TIMES:215 ZONE1 TEMP:43
[2019-11-08 08:14:53]TIMES:215 ZONE6 TEMP:36
[2019-11-08 08:14:53]TIMES:215 CPU USE:15 3 12 0
[2019-11-08 08:14:53]TIMES:215 CPU0 USE:15 3 12 0
[2019-11-08 08:14:53]TIMES:215 SERIAL0:153 1326 766
[2019-11-08 08:14:53]TIMES:215 bridge0:11627 188 0 0 0 0 0 0 9804 120 0 0 0 0 0 0
[2019-11-08 08:14:53]TIMES:215 rmnet0:202112 623 0 0 0 0 0 0 115128 703 0 0 0 0 0 0
[2019-11-08 08:14:53]TIMES:215 rmnet_data0:186061 514 0 0 0 0 0 0 99656 579 0 0 0 0 0 0
[2019-11-08 08:14:53]TIMES:215 rndis0:90370 530 0 0 0 0 0 0 190917 409 0 0 0 0 0 0
[2019-11-08 08:14:53]TIMES:215 NET MODE:5 -55 -89
[2019-11-08 08:14:58]TIMES:220 ZONE0 TEMP:45
[2019-11-08 08:14:58]TIMES:220 ZONE1 TEMP:44
[2019-11-08 08:14:58]TIMES:220 ZONE2 TEMP:47
[2019-11-08 08:14:58]TIMES:220 ZONE3 TEMP:45
[2019-11-08 08:14:58]TIMES:220 ZONE4 TEMP:43
[2019-11-08 08:14:58]TIMES:220 ZONE6 TEMP:37
[2019-11-08 08:14:58]TIMES:220 CPU USE:19 4 15 0
[2019-11-08 08:14:58]TIMES:220 CPU0 USE:19 4 15 0
[2019-11-08 08:14:58]TIMES:220 SERIAL0:153 1350 779
[2019-11-08 08:14:58]TIMES:220 bridge0:11683 190 0 0 0 0 0 0 9860 122 0 0 0 0 0 0
[2019-11-08 08:14:58]TIMES:220 rmnet0:202292 625 0 0 0 0 0 0 115256 704 0 0 0 0 0 0
[2019-11-08 08:14:58]TIMES:220 rmnet_data0:186222 516 0 0 0 0 0 0 99784 580 0 0 0 0 0 0
[2019-11-08 08:14:58]TIMES:220 rndis0:90547 533 0 0 0 0 0 0 191366 413 0 0 0 0 0 0
[2019-11-08 08:15:03]TIMES:225 ZONE3 TEMP:44
[2019-11-08 08:15:03]TIMES:225 ZONE4 TEMP:42
[2019-11-08 08:15:03]TIMES:225 CPU USE:16 3 13 0
[2019-11-08 08:15:03]TIMES:225 CPU0 USE:16 3 13 0
[2019-11-08 08:15:03]TIMES:225 SERIAL0:153 1378 789
[2019-11-08 08:15:03]TIMES:225 NET MODE:5 -60 -91
[2019-11-08 08:15:08]TIMES:230 ZONE6 TEMP:36
[2019-11-08 08:15:08]TIMES:230 CPU USE:15 3 12 0
[2019-11-08 08:15:08]TIMES:230 CPU0 USE:15 3 12 0
[2019-11-08 08:15:08]TIMES:230 SERIAL0:153 1402 802
[2019-11-08 08:15:13]TIMES:235 ZONE2 TEMP:46
[2019-11-08 08:15:13]TIMES:235 ZONE4 TEMP:43
[2019-11-08 08:15:13]TIMES:235 CPU USE:24 5 19 0
[2019-11-08 08:15:13]TIMES:235 CPU0 USE:24 5 19 0
[2019-11-08 08:15:13]TIMES:235 SERIAL0:153 1416 817
[2019-11-08 08:15:13]TIMES:235 bridge0:11819 192 0 0 0 0 0 0 9860 122 0 0 0 0 0 0
[2019-11-08 08:15:13]TIMES:235 rmnet0:202980 630 0 0 0 0 0 0 115900 709 0 0 0 0 0 0
[2019-11-08 08:15:13]TIMES:235 rmnet_data0:186870 521 0 0 0 0 0 0 100428 585 0 0 0 0 0 0
[2019-11-08 08:15:13]TIMES:235 rndis0:91179 538 0 0 0 0 0 0 191940 416 0 0 0 0 0 0
[2019-11-08 08:15:18]TIMES:240 ZONE2 TEMP:47
[2019-11-08 08:15:18]TIMES:240 CPU USE:20 7 13 0
[2019-11-08 08:15:18]TIMES:240 CPU0 USE:20 7 13 0
[2019-11-08 08:15:18]TIMES:240 SERIAL0:153 1454 825
[2019-11-08 08:15:18]TIMES:240 rmnet0:205516 642 0 0 0 0 0 0 117736 724 0 0 0 0 0 0
[2019-11-08 08:15:18]TIMES:240 rmnet_data1:13039 119 0 0 0 0 0 0 17200 137 0 0 0 0 0 0
[2019-11-08 08:15:18]TIMES:240 rmnet_data0:186970 523 0 0 0 0 0 0 100536 587 0 0 0 0 0 0
[2019-11-08 08:15:18]TIMES:240 rndis0:91279 540 0 0 0 0 0 0 192156 418 0 0 0 0 0 0
[2019-11-08 08:15:21]TIMES:245 ZONE0 TEMP:44
[2019-11-08 08:15:21]TIMES:245 ZONE2 TEMP:46
[2019-11-08 08:15:21]TIMES:245 ZONE4 TEMP:42
[2019-11-08 08:15:21]TIMES:245 ZONE6 TEMP:37
[2019-11-08 08:15:21]TIMES:245 CPU USE:16 4 12 0
[2019-11-08 08:15:21]TIMES:245 CPU0 USE:16 4 12 0
[2019-11-08 08:15:21]TIMES:245 SERIAL0:153 1504 839
[2019-11-08 08:15:21]TIMES:245 rmnet0:206120 650 0 0 0 0 0 0 119200 732 0 0 0 0 0 0
[2019-11-08 08:15:21]TIMES:245 rmnet_data1:13579 127 0 0 0 0 0 0 18664 145 0 0 0 0 0 0
[2019-11-08 08:15:26]TIMES:250 ZONE0 TEMP:45
[2019-11-08 08:15:26]TIMES:250 ZONE1 TEMP:43
[2019-11-08 08:15:26]TIMES:250 CPU USE:17 4 13 0
[2019-11-08 08:15:26]TIMES:250 CPU0 USE:17 4 13 0
[2019-11-08 08:15:26]TIMES:250 SERIAL0:153 1542 847
[2019-11-08 08:15:26]TIMES:250 rmnet0:206712 656 0 0 0 0 0 0 119684 738 0 0 0 0 0 0
[2019-11-08 08:15:26]TIMES:250 rmnet_data1:13999 132 0 0 0 0 0 0 19104 150 0 0 0 0 0 0
[2019-11-08 08:15:26]TIMES:250 rmnet_data0:187091 524 0 0 0 0 0 0 100580 588 0 0 0 0 0 0
[2019-11-08 08:15:26]TIMES:250 rndis0:91319 541 0 0 0 0 0 0 192335 419 0 0 0 0 0 0
[2019-11-08 08:15:31]TIMES:255 ZONE1 TEMP:44
[2019-11-08 08:15:31]TIMES:255 ZONE2 TEMP:47
[2019-11-08 08:15:31]TIMES:255 CPU USE:18 5 13 0
[2019-11-08 08:15:31]TIMES:255 CPU0 USE:18 5 13 0
[2019-11-08 08:15:31]TIMES:255 SERIAL0:153 1556 862
[2019-11-08 08:15:31]TIMES:255 bridge0:11923 194 0 0 0 0 0 0 9860 122 0 0 0 0 0 0
[2019-11-08 08:15:31]TIMES:255 rmnet0:207172 661 0 0 0 0 0 0 120236 745 0 0 0 0 0 0
[2019-11-08 08:15:31]TIMES:255 rmnet_data1:14419 137 0 0 0 0 0 0 19544 155 0 0 0 0 0 0
[2019-11-08 08:15:31]TIMES:255 rmnet_data0:187091 524 0 0 0 0 0 0 100692 590 0 0 0 0 0 0
[2019-11-08 08:15:31]TIMES:255 rndis0:91423 543 0 0 0 0 0 0 192335 419 0 0 0 0 0 0
[2019-11-08 08:15:36]TIMES:260 ZONE2 TEMP:46
[2019-11-08 08:15:36]TIMES:260 CPU USE:18 4 14 0
[2019-11-08 08:15:36]TIMES:260 CPU0 USE:18 4 14 0
[2019-11-08 08:15:36]TIMES:260 SERIAL0:153 1594 875
[2019-11-08 08:15:36]TIMES:260 rmnet0:207632 666 0 0 0 0 0 0 120676 750 0 0 0 0 0 0
[2019-11-08 08:15:36]TIMES:260 rmnet_data1:14839 142 0 0 0 0 0 0 19984 160 0 0 0 0 0 0
[2019-11-08 08:15:41]TIMES:265 ZONE2 TEMP:47
[2019-11-08 08:15:41]TIMES:265 CPU USE:19 4 15 0
[2019-11-08 08:15:41]TIMES:265 CPU0 USE:19 4 15 0
[2019-11-08 08:15:41]TIMES:265 SERIAL0:153 1608 880
[2019-11-08 08:15:41]TIMES:265 bridge0:12031 197 0 0 0 0 0 0 9988 125 0 0 0 0 0 0
[2019-11-08 08:15:41]TIMES:265 rmnet0:208092 671 0 0 0 0 0 0 121172 756 0 0 0 0 0 0
[2019-11-08 08:15:41]TIMES:265 rmnet_data1:15259 147 0 0 0 0 0 0 20424 165 0 0 0 0 0 0
[2019-11-08 08:15:41]TIMES:265 rmnet_data0:187091 524 0 0 0 0 0 0 100748 591 0 0 0 0 0 0
[2019-11-08 08:15:41]TIMES:265 rndis0:91531 546 0 0 0 0 0 0 192507 421 0 0 0 0 0 0
[2019-11-08 08:15:41]TIMES:265 NET MODE:5 -56 -91
[2019-11-08 08:15:41]TIMES:265 GNSS:22578565 113919724 3994967296 28000000 0 0 1 0
[2019-11-08 08:15:46]TIMES:270 ZONE5 TEMP:44
[2019-11-08 08:15:46]TIMES:270 CPU USE:31 7 24 0
[2019-11-08 08:15:46]TIMES:270 CPU0 USE:31 7 24 0
[2019-11-08 08:15:46]TIMES:270 SERIAL0:153 1646 898
[2019-11-08 08:15:46]TIMES:270 bridge0:12111 199 0 0 0 0 0 0 10172 128 0 0 0 0 0 0
[2019-11-08 08:15:46]TIMES:270 rmnet0:208864 679 0 0 0 0 0 0 121836 765 0 0 0 0 0 0
[2019-11-08 08:15:46]TIMES:270 rmnet_data1:15679 152 0 0 0 0 0 0 20864 170 0 0 0 0 0 0
[2019-11-08 08:15:46]TIMES:270 rmnet_data0:187379 527 0 0 0 0 0 0 100972 595 0 0 0 0 0 0
[2019-11-08 08:15:46]TIMES:270 rndis0:91611 548 0 0 0 0 0 0 192605 422 0 0 0 0 0 0
[2019-11-08 08:15:46]TIMES:270 GNSS:22578277 113919585 4110967296 29000000 0 0 1 0
[2019-11-08 08:15:51]TIMES:275 ZONE5 TEMP:43
[2019-11-08 08:15:51]TIMES:275 CPU USE:16 3 13 0
[2019-11-08 08:15:51]TIMES:275 CPU0 USE:16 3 13 0
[2019-11-08 08:15:51]TIMES:275 SERIAL0:153 1660 898
[2019-11-08 08:15:51]TIMES:275 bridge0:12247 201 0 0 0 0 0 0 10244 129 0 0 0 0 0 0
[2019-11-08 08:15:51]TIMES:275 rmnet0:209324 684 0 0 0 0 0 0 122276 770 0 0 0 0 0 0
[2019-11-08 08:15:51]TIMES:275 rmnet_data1:16099 157 0 0 0 0 0 0 21304 175 0 0 0 0 0 0
[2019-11-08 08:15:51]TIMES:275 rndis0:91747 550 0 0 0 0 0 0 192605 422 0 0 0 0 0 0
[2019-11-08 08:15:51]TIMES:275 GNSS:22578239 113919554 4145967296 29000000 0 0 1 0
[2019-11-08 08:15:56]TIMES:280 CPU USE:18 4 14 0
[2019-11-08 08:15:56]TIMES:280 CPU0 USE:18 4 14 0
[2019-11-08 08:15:56]TIMES:280 SERIAL0:153 1684 916
[2019-11-08 08:15:56]TIMES:280 bridge0:12563 207 0 0 0 0 0 0 11520 133 0 0 0 0 0 0
[2019-11-08 08:15:56]TIMES:280 rmnet0:220332 718 0 0 0 0 0 0 130760 824 0 0 0 0 0 0
[2019-11-08 08:15:56]TIMES:280 rmnet_data1:16519 162 0 0 0 0 0 0 21744 180 0 0 0 0 0 0
[2019-11-08 08:15:56]TIMES:280 rmnet_data0:197648 556 0 0 0 0 0 0 109016 644 0 0 0 0 0 0
[2019-11-08 08:15:56]TIMES:280 rndis0:94570 566 0 0 0 0 0 0 200219 434 0 0 0 0 0 0
[2019-11-08 08:15:56]TIMES:280 NET MODE:5 -60 -91
[2019-11-08 08:15:56]TIMES:280 GNSS:22578199 113919518 4152967296 29000000 0 10000 1 0
[2019-11-08 08:16:01]TIMES:285 CPU USE:15 3 12 0
[2019-11-08 08:16:01]TIMES:285 CPU0 USE:15 3 12 0
[2019-11-08 08:16:01]TIMES:285 SERIAL0:153 1712 921
[2019-11-08 08:16:01]TIMES:285 rmnet0:220792 723 0 0 0 0 0 0 131200 829 0 0 0 0 0 0
[2019-11-08 08:16:01]TIMES:285 rmnet_data1:16939 167 0 0 0 0 0 0 22184 185 0 0 0 0 0 0
[2019-11-08 08:16:01]TIMES:285 GNSS:22578177 113919426 4138967296 35000000 0 0 1 0
[2019-11-08 08:16:06]TIMES:290 ZONE3 TEMP:45
[2019-11-08 08:16:06]TIMES:290 ZONE4 TEMP:43
[2019-11-08 08:16:06]TIMES:290 CPU USE:17 3 14 0
[2019-11-08 08:16:06]TIMES:290 CPU0 USE:17 3 14 0
[2019-11-08 08:16:06]TIMES:290 SERIAL0:153 1736 934
[2019-11-08 08:16:06]TIMES:290 rmnet0:221252 728 0 0 0 0 0 0 131640 834 0 0 0 0 0 0
[2019-11-08 08:16:06]TIMES:290 rmnet_data1:17359 172 0 0 0 0 0 0 22624 190 0 0 0 0 0 0
[2019-11-08 08:16:06]TIMES:290 GNSS:22578189 113919385 4125967296 39000000 0 0 1 0
[2019-11-08 08:16:11]TIMES:295 ZONE3 TEMP:44
[2019-11-08 08:16:11]TIMES:295 ZONE4 TEMP:42
[2019-11-08 08:16:11]TIMES:295 CPU USE:17 3 14 0
[2019-11-08 08:16:11]TIMES:295 CPU0 USE:17 3 14 0
[2019-11-08 08:16:11]TIMES:295 SERIAL0:153 1764 954
[2019-11-08 08:16:11]TIMES:295 bridge0:12719 210 0 0 0 0 0 0 11640 136 0 0 0 0 0 0
[2019-11-08 08:16:11]TIMES:295 rmnet0:222280 739 0 0 0 0 0 0 132756 845 0 0 0 0 0 0
[2019-11-08 08:16:11]TIMES:295 rmnet_data1:17779 177 0 0 0 0 0 0 23064 195 0 0 0 0 0 0
[2019-11-08 08:16:11]TIMES:295 rmnet_data0:198168 562 0 0 0 0 0 0 109692 650 0 0 0 0 0 0
[2019-11-08 08:16:11]TIMES:295 rndis0:95222 572 0 0 0 0 0 0 201087 440 0 0 0 0 0 0
[2019-11-08 08:16:11]TIMES:295 GNSS:22578172 113919355 4126967296 44000000 0 0 1 0
[2019-11-08 08:16:16]TIMES:300 ZONE3 TEMP:45
[2019-11-08 08:16:16]TIMES:300 ZONE4 TEMP:43
[2019-11-08 08:16:16]TIMES:300 CPU USE:35 8 27 0
[2019-11-08 08:16:16]TIMES:300 CPU0 USE:35 8 27 0
[2019-11-08 08:16:16]TIMES:300 SERIAL0:153 1788 1015
[2019-11-08 08:16:16]TIMES:300 bridge0:12747 211 0 0 0 0 0 0 11668 137 0 0 0 0 0 0
[2019-11-08 08:16:16]TIMES:300 rmnet0:223168 749 0 0 0 0 0 0 134660 855 0 0 0 0 0 0
[2019-11-08 08:16:16]TIMES:300 rmnet_data1:18239 183 0 0 0 0 0 0 24724 201 0 0 0 0 0 0
[2019-11-08 08:16:16]TIMES:300 rmnet_data0:198516 566 0 0 0 0 0 0 109936 654 0 0 0 0 0 0
[2019-11-08 08:16:16]TIMES:300 rndis0:95350 575 0 0 0 0 0 0 201389 443 0 0 0 0 0 0
[2019-11-08 08:16:16]TIMES:300 GNSS:22578116 113919313 4134967296 47000000 0 0 1 0
[2019-11-08 08:16:21]TIMES:305 ZONE5 TEMP:44
[2019-11-08 08:16:21]TIMES:305 CPU USE:14 2 12 0
[2019-11-08 08:16:21]TIMES:305 CPU0 USE:14 2 12 0
[2019-11-08 08:16:21]TIMES:305 SERIAL0:153 1816 1030
[2019-11-08 08:16:21]TIMES:305 rmnet0:223628 754 0 0 0 0 0 0 135188 861 0 0 0 0 0 0
[2019-11-08 08:16:21]TIMES:305 rmnet_data1:18659 188 0 0 0 0 0 0 25252 207 0 0 0 0 0 0
[2019-11-08 08:16:21]TIMES:305 GNSS:22578101 113919292 4140967296 44000000 0 0 1 0
[2019-11-08 08:16:26]TIMES:310 ZONE5 TEMP:43
[2019-11-08 08:16:26]TIMES:310 CPU USE:20 4 16 0
[2019-11-08 08:16:26]TIMES:310 CPU0 USE:20 4 16 0
[2019-11-08 08:16:26]TIMES:310 SERIAL0:153 1840 1043
[2019-11-08 08:16:26]TIMES:310 bridge0:12843 213 0 0 0 0 0 0 11696 138 0 0 0 0 0 0
[2019-11-08 08:16:26]TIMES:310 rmnet0:224328 762 0 0 0 0 0 0 135668 866 0 0 0 0 0 0
[2019-11-08 08:16:26]TIMES:310 rmnet_data1:19131 194 0 0 0 0 0 0 25604 211 0 0 0 0 0 0
[2019-11-08 08:16:26]TIMES:310 rmnet_data0:198677 568 0 0 0 0 0 0 110064 655 0 0 0 0 0 0
[2019-11-08 08:16:26]TIMES:310 rndis0:95567 578 0 0 0 0 0 0 201752 446 0 0 0 0 0 0
[2019-11-08 08:16:26]TIMES:310 GNSS:22578066 113919271 4143967296 44000000 0 0 1 0
[2019-11-08 08:16:31]TIMES:315 ZONE5 TEMP:44
[2019-11-08 08:16:31]TIMES:315 CPU USE:17 2 15 0
[2019-11-08 08:16:31]TIMES:315 CPU0 USE:17 2 15 0
[2019-11-08 08:16:31]TIMES:315 SERIAL0:153 1854 1043
[2019-11-08 08:16:31]TIMES:315 bridge0:13123 218 0 0 0 0 0 0 11943 140 0 0 0 0 0 0
[2019-11-08 08:16:31]TIMES:315 rmnet0:252232 813 0 0 0 0 0 0 150112 932 0 0 0 0 0 0
[2019-11-08 08:16:31]TIMES:315 rmnet_data1:19551 199 0 0 0 0 0 0 26132 217 0 0 0 0 0 0
[2019-11-08 08:16:31]TIMES:315 rmnet_data0:225730 614 0 0 0 0 0 0 123980 715 0 0 0 0 0 0
[2019-11-08 08:16:31]TIMES:315 rndis0:104564 606 0 0 0 0 0 0 227196 475 0 0 0 0 0 0
[2019-11-08 08:16:31]TIMES:315 GNSS:22578048 113919266 4144967296 44000000 0 0 1 0
[2019-11-08 08:16:36]TIMES:320 MEM FREE:90 26
[2019-11-08 08:16:36]TIMES:320 CPU USE:17 3 14 0
[2019-11-08 08:16:36]TIMES:320 CPU0 USE:17 3 14 0
[2019-11-08 08:16:36]TIMES:320 SERIAL0:153 1892 1046
[2019-11-08 08:16:36]TIMES:320 rmnet0:252692 818 0 0 0 0 0 0 150464 936 0 0 0 0 0 0
[2019-11-08 08:16:36]TIMES:320 rmnet_data1:19971 204 0 0 0 0 0 0 26484 221 0 0 0 0 0 0
[2019-11-08 08:16:36]TIMES:320 GNSS:22578023 113919257 4146967296 45000000 0 0 1 0
[2019-11-08 08:16:41]TIMES:325 ZONE5 TEMP:43
[2019-11-08 08:16:41]TIMES:325 MEM FREE:90 27
[2019-11-08 08:16:41]TIMES:325 CPU USE:15 2 13 0
[2019-11-08 08:16:41]TIMES:325 CPU0 USE:15 2 13 0
[2019-11-08 08:16:41]TIMES:325 SERIAL0:153 1906 1046
[2019-11-08 08:16:41]TIMES:325 rmnet0:253152 823 0 0 0 0 0 0 150904 941 0 0 0 0 0 0
[2019-11-08 08:16:41]TIMES:325 rmnet_data1:20391 209 0 0 0 0 0 0 26924 226 0 0 0 0 0 0
[2019-11-08 08:16:41]TIMES:325 GNSS:22577956 113919220 4148967296 43000000 0 0 1 0
[2019-11-08 08:16:46]TIMES:330 ZONE5 TEMP:44
[2019-11-08 08:16:46]TIMES:330 CPU USE:17 3 14 0
[2019-11-08 08:16:46]TIMES:330 CPU0 USE:17 3 14 0
[2019-11-08 08:16:46]TIMES:330 SERIAL0:153 1944 1049
[2019-11-08 08:16:46]TIMES:330 rmnet0:253612 828 0 0 0 0 0 0 151344 946 0 0 0 0 0 0
[2019-11-08 08:16:46]TIMES:330 rmnet_data1:20811 214 0 0 0 0 0 0 27364 231 0 0 0 0 0 0
[2019-11-08 08:16:46]TIMES:330 rndis0:104668 608 0 0 0 0 0 0 227416 477 0 0 0 0 0 0
[2019-11-08 08:16:46]TIMES:330 GNSS:22577977 113919183 4137967296 37000000 0 0 1 0
[2019-11-08 08:16:51]TIMES:335 CPU USE:26 6 20 0
[2019-11-08 08:16:51]TIMES:335 CPU0 USE:26 6 20 0
[2019-11-08 08:16:51]TIMES:335 SERIAL0:153 1958 1049
[2019-11-08 08:16:51]TIMES:335 bridge0:13279 221 0 0 0 0 0 0 12063 143 0 0 0 0 0 0
[2019-11-08 08:16:51]TIMES:335 rmnet0:254020 833 0 0 0 0 0 0 151648 951 0 0 0 0 0 0
[2019-11-08 08:16:51]TIMES:335 rmnet_data0:226098 619 0 0 0 0 0 0 124284 720 0 0 0 0 0 0
[2019-11-08 08:16:51]TIMES:335 rndis0:105032 615 0 0 0 0 0 0 227710 480 0 0 0 0 0 0
[2019-11-08 08:16:51]TIMES:335 GNSS:22578001 113919178 4135967296 32000000 0 0 1 0
[2019-11-08 08:16:56]TIMES:340 ZONE3 TEMP:44
[2019-11-08 08:16:56]TIMES:340 ZONE4 TEMP:42
[2019-11-08 08:16:56]TIMES:340 CPU USE:19 3 16 0
[2019-11-08 08:16:56]TIMES:340 CPU0 USE:19 3 16 0
[2019-11-08 08:16:56]TIMES:340 SERIAL0:153 1996 1052
[2019-11-08 08:16:56]TIMES:340 bridge0:13307 222 0 0 0 0 0 0 12091 144 0 0 0 0 0 0
[2019-11-08 08:16:56]TIMES:340 rmnet0:254200 835 0 0 0 0 0 0 151776 952 0 0 0 0 0 0
[2019-11-08 08:16:56]TIMES:340 rmnet_data0:226259 621 0 0 0 0 0 0 124412 721 0 0 0 0 0 0
[2019-11-08 08:16:56]TIMES:340 rndis0:105253 618 0 0 0 0 0 0 228073 483 0 0 0 0 0 0
[2019-11-08 08:16:56]TIMES:340 GNSS:22578011 113919177 4135967296 32000000 0 0 1 0
[2019-11-08 08:17:01]TIMES:345 ZONE0 TEMP:46
[2019-11-08 08:17:01]TIMES:345 ZONE1 TEMP:45
[2019-11-08 08:17:01]TIMES:345 ZONE2 TEMP:48
[2019-11-08 08:17:01]TIMES:345 ZONE3 TEMP:45
[2019-11-08 08:17:01]TIMES:345 ZONE4 TEMP:43
[2019-11-08 08:17:01]TIMES:345 MEM FREE:90 25
[2019-11-08 08:17:01]TIMES:345 CPU USE:26 5 21 0
[2019-11-08 08:17:01]TIMES:345 CPU0 USE:26 5 21 0
[2019-11-08 08:17:01]TIMES:345 SERIAL0:153 2010 1052
[2019-11-08 08:17:01]TIMES:345 GNSS:22578024 113919176 4134967296 41000000 0 0 1 0
[2019-11-08 08:17:07]TIMES:350 ZONE3 TEMP:46
[2019-11-08 08:17:07]TIMES:350 ZONE4 TEMP:44
[2019-11-08 08:17:07]TIMES:350 MEM FREE:90 20
[2019-11-08 08:17:07]TIMES:350 CPU USE:35 5 30 0
[2019-11-08 08:17:07]TIMES:350 CPU0 USE:35 5 30 0
[2019-11-08 08:17:07]TIMES:350 SERIAL0:153 2034 1055
[2019-11-08 08:17:07]TIMES:350 bridge0:13403 224 0 0 0 0 0 0 12119 145 0 0 0 0 0 0
[2019-11-08 08:17:07]TIMES:350 rndis0:105349 620 0 0 0 0 0 0 228159 484 0 0 0 0 0 0
[2019-11-08 08:17:07]TIMES:350 GNSS:22578029 113919170 4133967296 54000000 0 0 1 0
[2019-11-08 08:17:12]TIMES:355 MEM FREE:90 18
[2019-11-08 08:17:12]TIMES:355 CPU USE:26 5 21 0
[2019-11-08 08:17:12]TIMES:355 CPU0 USE:26 5 21 0
[2019-11-08 08:17:12]TIMES:355 SERIAL0:153 2062 1065
[2019-11-08 08:17:12]TIMES:355 bridge0:13471 225 0 0 0 0 0 0 12119 145 0 0 0 0 0 0
[2019-11-08 08:17:12]TIMES:355 rmnet0:254624 838 0 0 0 0 0 0 152284 955 0 0 0 0 0 0
[2019-11-08 08:17:12]TIMES:355 rmnet_data0:226659 624 0 0 0 0 0 0 124920 724 0 0 0 0 0 0
[2019-11-08 08:17:12]TIMES:355 rndis0:105913 624 0 0 0 0 0 0 228733 487 0 0 0 0 0 0
[2019-11-08 08:17:12]TIMES:355 GNSS:22578043 113919166 4134967296 70000000 0 0 1 0
[2019-11-08 08:17:17]TIMES:360 MEM FREE:90 13
[2019-11-08 08:17:17]TIMES:360 CPU USE:29 6 23 0
[2019-11-08 08:17:17]TIMES:360 CPU0 USE:29 6 23 0
[2019-11-08 08:17:17]TIMES:360 SERIAL0:153 2086 1065
[2019-11-08 08:17:17]TIMES:360 rmnet0:254880 842 0 0 0 0 0 0 153868 959 0 0 0 0 0 0
[2019-11-08 08:17:17]TIMES:360 rmnet_data1:20935 216 0 0 0 0 0 0 28840 233 0 0 0 0 0 0
[2019-11-08 08:17:17]TIMES:360 rmnet_data0:226759 626 0 0 0 0 0 0 125028 726 0 0 0 0 0 0
[2019-11-08 08:17:17]TIMES:360 rndis0:106013 626 0 0 0 0 0 0 228949 489 0 0 0 0 0 0
[2019-11-08 08:17:17]TIMES:360 GNSS:22578058 113919159 4133967296 100000000 0 0 1 0
[2019-11-08 08:17:22]TIMES:365 ZONE2 TEMP:47
[2019-11-08 08:17:22]TIMES:365 ZONE3 TEMP:45
[2019-11-08 08:17:22]TIMES:365 ZONE4 TEMP:43
[2019-11-08 08:17:22]TIMES:365 MEM FREE:90 12
[2019-11-08 08:17:22]TIMES:365 CPU USE:49 10 39 0
[2019-11-08 08:17:22]TIMES:365 CPU0 USE:49 10 39 0
[2019-11-08 08:17:22]TIMES:365 SERIAL0:153 2114 1065
[2019-11-08 08:17:22]TIMES:365 rmnet0:256060 854 0 0 0 0 0 0 154800 971 0 0 0 0 0 0
[2019-11-08 08:17:22]TIMES:365 rmnet_data1:21355 221 0 0 0 0 0 0 29280 238 0 0 0 0 0 0
[2019-11-08 08:17:22]TIMES:365 rmnet_data0:227415 633 0 0 0 0 0 0 125520 733 0 0 0 0 0 0
[2019-11-08 08:17:22]TIMES:365 GNSS:22578077 113919153 4132967296 97000000 0 0 1 0
[2019-11-08 08:17:27]TIMES:370 ZONE0 TEMP:45
[2019-11-08 08:17:27]TIMES:370 ZONE1 TEMP:44
[2019-11-08 08:17:27]TIMES:370 CPU USE:18 4 14 0
[2019-11-08 08:17:27]TIMES:370 CPU0 USE:18 4 14 0
[2019-11-08 08:17:27]TIMES:370 SERIAL0:153 2138 1065
[2019-11-08 08:17:27]TIMES:370 rmnet0:256700 861 0 0 0 0 0 0 155368 977 0 0 0 0 0 0
[2019-11-08 08:17:27]TIMES:370 rmnet_data1:21775 226 0 0 0 0 0 0 29720 243 0 0 0 0 0 0
[2019-11-08 08:17:27]TIMES:370 rmnet_data0:227576 635 0 0 0 0 0 0 125648 734 0 0 0 0 0 0
[2019-11-08 08:17:27]TIMES:370 rndis0:106134 627 0 0 0 0 0 0 229226 491 0 0 0 0 0 0
[2019-11-08 08:17:27]TIMES:370 GNSS:22578540 113919383 4121967296 103000000 0 0 1 0
[2019-11-08 08:17:32]TIMES:375 CPU USE:15 2 13 0
[2019-11-08 08:17:32]TIMES:375 CPU0 USE:15 2 13 0
[2019-11-08 08:17:32]TIMES:375 SERIAL0:153 2166 1065
[2019-11-08 08:17:32]TIMES:375 bridge0:13627 228 0 0 0 0 0 0 12239 148 0 0 0 0 0 0
[2019-11-08 08:17:32]TIMES:375 rmnet0:257304 869 0 0 0 0 0 0 155976 985 0 0 0 0 0 0
[2019-11-08 08:17:32]TIMES:375 rmnet_data1:22195 231 0 0 0 0 0 0 30160 248 0 0 0 0 0 0
[2019-11-08 08:17:32]TIMES:375 rmnet_data0:227696 638 0 0 0 0 0 0 125816 737 0 0 0 0 0 0
[2019-11-08 08:17:32]TIMES:375 rndis0:106290 630 0 0 0 0 0 0 229520 494 0 0 0 0 0 0
[2019-11-08 08:17:32]TIMES:375 GNSS:22578927 113919535 4105967296 76000000 0 0 1 0
[2019-11-08 08:17:37]TIMES:380 CPU USE:15 3 12 0
[2019-11-08 08:17:37]TIMES:380 CPU0 USE:15 3 12 0
[2019-11-08 08:17:37]TIMES:380 SERIAL0:153 2190 1065
[2019-11-08 08:17:37]TIMES:380 bridge0:13655 229 0 0 0 0 0 0 12267 149 0 0 0 0 0 0
[2019-11-08 08:17:37]TIMES:380 rmnet0:257764 874 0 0 0 0 0 0 156416 990 0 0 0 0 0 0
[2019-11-08 08:17:37]TIMES:380 rmnet_data1:22615 236 0 0 0 0 0 0 30600 253 0 0 0 0 0 0
[2019-11-08 08:17:37]TIMES:380 rndis0:106318 631 0 0 0 0 0 0 229606 495 0 0 0 0 0 0
[2019-11-08 08:17:37]TIMES:380 GNSS:22579179 113919159 4086967296 53000000 0 0 1 0
[2019-11-08 08:17:42]TIMES:385 CPU USE:16 3 13 0
[2019-11-08 08:17:42]TIMES:385 CPU0 USE:16 3 13 0
[2019-11-08 08:17:42]TIMES:385 SERIAL0:153 2204 1065
[2019-11-08 08:17:42]TIMES:385 rmnet0:258224 879 0 0 0 0 0 0 156856 995 0 0 0 0 0 0
[2019-11-08 08:17:42]TIMES:385 rmnet_data1:23035 241 0 0 0 0 0 0 31040 258 0 0 0 0 0 0
[2019-11-08 08:17:42]TIMES:385 GNSS:22579333 113919029 4080967296 42000000 0 0 1 0
[2019-11-08 08:17:47]TIMES:390 MEM FREE:89 12
[2019-11-08 08:17:47]TIMES:390 CPU USE:17 3 14 0
[2019-11-08 08:17:47]TIMES:390 CPU0 USE:17 3 14 0
[2019-11-08 08:17:47]TIMES:390 SERIAL0:153 2242 1075
[2019-11-08 08:17:47]TIMES:390 bridge0:13723 230 0 0 0 0 0 0 12267 149 0 0 0 0 0 0
[2019-11-08 08:17:47]TIMES:390 rmnet0:258804 885 0 0 0 0 0 0 157364 1001 0 0 0 0 0 0
[2019-11-08 08:17:47]TIMES:390 rmnet_data1:23455 246 0 0 0 0 0 0 31480 263 0 0 0 0 0 0
[2019-11-08 08:17:47]TIMES:390 rmnet_data0:227808 639 0 0 0 0 0 0 125884 738 0 0 0 0 0 0
[2019-11-08 08:17:47]TIMES:390 rndis0:106386 632 0 0 0 0 0 0 229606 495 0 0 0 0 0 0
[2019-11-08 08:17:47]TIMES:390 NET MODE:5 -56 -92
[2019-11-08 08:17:47]TIMES:390 GNSS:22579364 113919013 4078967296 42000000 0 0 1 0
[2019-11-08 08:17:52]TIMES:395 MEM FREE:90 12
[2019-11-08 08:17:52]TIMES:395 CPU USE:22 4 18 0
[2019-11-08 08:17:52]TIMES:395 CPU0 USE:22 4 18 0
[2019-11-08 08:17:52]TIMES:395 SERIAL0:153 2256 1075
[2019-11-08 08:17:52]TIMES:395 bridge0:13819 232 0 0 0 0 0 0 12511 153 0 0 0 0 0 0
[2019-11-08 08:17:52]TIMES:395 rmnet0:259264 890 0 0 0 0 0 0 157804 1006 0 0 0 0 0 0
[2019-11-08 08:17:52]TIMES:395 rmnet_data1:23875 251 0 0 0 0 0 0 31920 268 0 0 0 0 0 0
[2019-11-08 08:17:52]TIMES:395 rndis0:106482 634 0 0 0 0 0 0 229692 496 0 0 0 0 0 0
[2019-11-08 08:17:52]TIMES:395 GNSS:22579576 113919082 4072967296 45000000 0 0 1 0
[2019-11-08 08:17:57]TIMES:400 CPU USE:30 7 23 0
[2019-11-08 08:17:57]TIMES:400 CPU0 USE:30 7 23 0
[2019-11-08 08:17:57]TIMES:400 SERIAL0:153 2294 1075
[2019-11-08 08:17:57]TIMES:400 bridge0:13819 232 0 0 0 0 0 0 12583 154 0 0 0 0 0 0
[2019-11-08 08:17:57]TIMES:400 rmnet0:260120 898 0 0 0 0 0 0 158424 1014 0 0 0 0 0 0
[2019-11-08 08:17:57]TIMES:400 rmnet_data1:24295 256 0 0 0 0 0 0 32360 273 0 0 0 0 0 0
[2019-11-08 08:17:57]TIMES:400 rmnet_data0:228177 642 0 0 0 0 0 0 126064 741 0 0 0 0 0 0
[2019-11-08 08:17:57]TIMES:400 rndis0:106522 635 0 0 0 0 0 0 229871 497 0 0 0 0 0 0
[2019-11-08 08:17:57]TIMES:400 GNSS:22579757 113919117 4054967296 39000000 0 0 1 0
