[1980-01-06 08:00:16]sleep:5
[1980-01-06 08:00:16]change:1
[1980-01-06 08:00:16]address:
[1980-01-06 08:00:16]time:0
[1980-01-06 08:00:16]size:5
[1980-01-06 08:00:16]Oct 31 2019 14:30:13
[1980-01-06 08:00:21]TIMES:0 ZONE0 TEMP:42
[1980-01-06 08:00:21]TIMES:0 ZONE1 TEMP:39
[1980-01-06 08:00:21]TIMES:0 ZONE2 TEMP:42
[1980-01-06 08:00:21]TIMES:0 ZONE3 TEMP:41
[1980-01-06 08:00:21]TIMES:0 ZONE4 TEMP:40
[1980-01-06 08:00:21]TIMES:0 ZONE5 TEMP:42
[1980-01-06 08:00:21]TIMES:0 ZONE6 TEMP:36
[1980-01-06 08:00:21]TIMES:0 MEM FREE:92 32
[1980-01-06 08:00:21]TIMES:0 CPU0 FREQ:806400
[1980-01-06 08:00:21]TIMES:0 SERIAL0:153 152 190
[1980-01-06 08:00:21]TIMES:0 SERIAL1:151 0 0
[1980-01-06 08:00:21]TIMES:0 bridge0:9282 136 0 0 0 0 0 0 2150 27 0 0 0 0 0 0
[1980-01-06 08:00:21]TIMES:0 rndis0:10014 142 0 0 0 0 0 0 4852 37 0 0 0 0 0 0
[1980-01-06 08:00:21]TIMES:0 NET DELAY:-500
[1980-01-06 08:00:26]TIMES:5 ZONE0 TEMP:44
[1980-01-06 08:00:26]TIMES:5 ZONE1 TEMP:42
[1980-01-06 08:00:26]TIMES:5 ZONE2 TEMP:45
[1980-01-06 08:00:26]TIMES:5 ZONE3 TEMP:43
[1980-01-06 08:00:26]TIMES:5 ZONE4 TEMP:42
[1980-01-06 08:00:26]TIMES:5 MEM FREE:90 26
[1980-01-06 08:00:26]TIMES:5 CPU USE:57 12 45 0
[1980-01-06 08:00:26]TIMES:5 CPU0 USE:57 12 45 0
[1980-01-06 08:00:26]TIMES:5 SERIAL0:153 190 192
[1980-01-06 08:00:26]TIMES:5 bridge0:10170 151 0 0 0 0 0 0 2946 37 0 0 0 0 0 0
[1980-01-06 08:00:26]TIMES:5 rmnet0:2176 12 0 0 0 0 0 0 3688 30 0 0 0 0 0 0
[1980-01-06 08:00:26]TIMES:5 rmnet_data1:0 0 0 0 0 0 0 0 308 4 0 0 0 0 0 0
[1980-01-06 08:00:26]TIMES:5 rmnet_data0:2071 12 0 0 0 0 0 0 3380 26 0 0 0 0 0 0
[1980-01-06 08:00:26]TIMES:5 rndis0:11848 159 0 0 0 0 0 0 7184 49 0 0 0 0 0 0
[2019-11-08 08:19:02]TIMES:10 ZONE0 TEMP:45
[2019-11-08 08:19:02]TIMES:10 ZONE1 TEMP:44
[2019-11-08 08:19:02]TIMES:10 ZONE2 TEMP:47
[2019-11-08 08:19:02]TIMES:10 ZONE3 TEMP:45
[2019-11-08 08:19:02]TIMES:10 ZONE4 TEMP:43
[2019-11-08 08:19:02]TIMES:10 ZONE5 TEMP:43
[2019-11-08 08:19:02]TIMES:10 MEM FREE:90 21
[2019-11-08 08:19:02][H[JMem: 135472K used, 21520K free, 56K shrd, 0K buff, 70056K cached
STAT     %CPU     COMMAND[0m
S     22.2     /sbin/adbd
R     11.1     process-service
3080     top     -n1
S     5.5     modem-service
S     5.5     /usr/bin/mcmlocserver
S     5.5     power-service

[2019-11-08 08:19:02]TIMES:10 CPU USE:99 21 78 0
[2019-11-08 08:19:03][H[JMem: 135668K used, 21324K free, 56K shrd, 0K buff, 70216K cached
STAT     %CPU     COMMAND[0m
S     12.5     /sbin/adbd
3080     top     -n1
S     6.2     modem-service
logcat     modem-service     -f
root     0.0     /usr/bin/netmgrd
S     0.0     /usr/bin/thermal-engine

[2019-11-08 08:19:03]TIMES:10 CPU0 USE:99 21 78 0
[2019-11-08 08:19:03]TIMES:10 SERIAL0:153 250 199
[2019-11-08 08:19:03]TIMES:10 bridge0:11123 169 0 0 0 0 0 0 3871 47 0 0 0 0 0 0
[2019-11-08 08:19:03]TIMES:10 rmnet0:26832 81 0 0 0 0 0 0 19784 136 0 0 0 0 0 0
[2019-11-08 08:19:03]TIMES:10 rmnet_data1:0 0 0 0 0 0 0 0 388 5 0 0 0 0 0 0
[2019-11-08 08:19:03]TIMES:10 rmnet_data0:26088 81 0 0 0 0 0 0 19396 131 0 0 0 0 0 0
[2019-11-08 08:19:03]TIMES:10 rndis0:18206 201 0 0 0 0 0 0 25902 83 0 0 0 0 0 0
[2019-11-08 08:19:03]TIMES:10 NET MODE:5 -62 -92
[2019-11-08 08:19:08]TIMES:15 ZONE0 TEMP:46
[2019-11-08 08:19:08]TIMES:15 ZONE1 TEMP:45
[2019-11-08 08:19:08]TIMES:15 MEM FREE:90 17
[2019-11-08 08:19:08]TIMES:15 CPU USE:74 12 62 0
[2019-11-08 08:19:08]TIMES:15 CPU0 USE:74 12 62 0
[2019-11-08 08:19:08]TIMES:15 SERIAL0:153 264 199
[2019-11-08 08:19:08]TIMES:15 bridge0:13391 214 0 0 0 0 0 0 6239 76 0 0 0 0 0 0
[2019-11-08 08:19:08]TIMES:15 rmnet0:87824 255 0 0 0 0 0 0 67828 374 0 0 0 0 0 0
[2019-11-08 08:19:08]TIMES:15 rmnet_data0:85539 255 0 0 0 0 0 0 67440 369 0 0 0 0 0 0
[2019-11-08 08:19:08]TIMES:15 rndis0:52139 350 0 0 0 0 0 0 83053 206 0 0 0 0 0 0
[2019-11-08 08:19:13]TIMES:20 ZONE0 TEMP:45
[2019-11-08 08:19:13]TIMES:20 ZONE1 TEMP:44
[2019-11-08 08:19:13]TIMES:20 ZONE6 TEMP:37
[2019-11-08 08:19:13]TIMES:20 MEM FREE:90 13
[2019-11-08 08:19:13]TIMES:20 CPU USE:34 8 26 0
[2019-11-08 08:19:13]TIMES:20 CPU0 USE:34 8 26 0
[2019-11-08 08:19:13]TIMES:20 SERIAL0:153 302 202
[2019-11-08 08:19:13]TIMES:20 bridge0:13659 218 0 0 0 0 0 0 6741 82 0 0 0 0 0 0
[2019-11-08 08:19:13]TIMES:20 rmnet0:97032 280 0 0 0 0 0 0 73236 410 0 0 0 0 0 0
[2019-11-08 08:19:13]TIMES:20 rmnet_data0:94517 280 0 0 0 0 0 0 72848 405 0 0 0 0 0 0
[2019-11-08 08:19:13]TIMES:20 rndis0:54927 371 0 0 0 0 0 0 91321 222 0 0 0 0 0 0
[2019-11-08 08:19:13]TIMES:20 NET MODE:5 -58 -90
[2019-11-08 08:19:18]TIMES:25 ZONE3 TEMP:44
[2019-11-08 08:19:18]TIMES:25 ZONE4 TEMP:42
[2019-11-08 08:19:18]TIMES:25 CPU USE:24 6 18 0
[2019-11-08 08:19:18]TIMES:25 CPU0 USE:24 6 18 0
[2019-11-08 08:19:18]TIMES:25 SERIAL0:153 316 212
[2019-11-08 08:19:18]TIMES:25 bridge0:13687 219 0 0 0 0 0 0 6841 84 0 0 0 0 0 0
[2019-11-08 08:19:18]TIMES:25 rndis0:55027 373 0 0 0 0 0 0 91407 223 0 0 0 0 0 0
[2019-11-08 08:19:23]TIMES:30 ZONE0 TEMP:43
[2019-11-08 08:19:23]TIMES:30 ZONE1 TEMP:40
[2019-11-08 08:19:23]TIMES:30 ZONE2 TEMP:43
[2019-11-08 08:19:23]TIMES:30 ZONE3 TEMP:41
[2019-11-08 08:19:23]TIMES:30 ZONE4 TEMP:40
[2019-11-08 08:19:23]TIMES:30 ZONE6 TEMP:36
[2019-11-08 08:19:23]TIMES:30 MEM FREE:90 12
[2019-11-08 08:19:23]TIMES:30 CPU USE:16 5 11 0
[2019-11-08 08:19:23]TIMES:30 CPU0 USE:16 5 11 0
[2019-11-08 08:19:23]TIMES:30 SERIAL0:153 368 212
[2019-11-08 08:19:28]TIMES:35 ZONE0 TEMP:45
[2019-11-08 08:19:28]TIMES:35 ZONE1 TEMP:44
[2019-11-08 08:19:28]TIMES:35 ZONE2 TEMP:46
[2019-11-08 08:19:28]TIMES:35 ZONE3 TEMP:44
[2019-11-08 08:19:28]TIMES:35 ZONE4 TEMP:42
[2019-11-08 08:19:28]TIMES:35 MEM FREE:90 13
[2019-11-08 08:19:28]TIMES:35 CPU USE:15 3 12 0
[2019-11-08 08:19:28]TIMES:35 CPU0 USE:15 3 12 0
[2019-11-08 08:19:28]TIMES:35 SERIAL0:153 382 212
[2019-11-08 08:19:28]TIMES:35 rmnet0:97360 283 0 0 0 0 0 0 73744 413 0 0 0 0 0 0
[2019-11-08 08:19:28]TIMES:35 rmnet_data0:94821 283 0 0 0 0 0 0 73356 408 0 0 0 0 0 0
[2019-11-08 08:19:28]TIMES:35 rndis0:55523 376 0 0 0 0 0 0 91885 226 0 0 0 0 0 0
[2019-11-08 08:19:33]TIMES:40 ZONE2 TEMP:47
[2019-11-08 08:19:33]TIMES:40 ZONE6 TEMP:37
[2019-11-08 08:19:33]TIMES:40 CPU USE:20 3 17 0
[2019-11-08 08:19:33]TIMES:40 CPU0 USE:20 3 17 0
[2019-11-08 08:19:33]TIMES:40 SERIAL0:153 406 212
[2019-11-08 08:19:33]TIMES:40 bridge0:13843 222 0 0 0 0 0 0 6961 87 0 0 0 0 0 0
[2019-11-08 08:19:33]TIMES:40 rmnet0:97504 286 0 0 0 0 0 0 73912 416 0 0 0 0 0 0
[2019-11-08 08:19:33]TIMES:40 rmnet_data0:94941 286 0 0 0 0 0 0 73524 411 0 0 0 0 0 0
[2019-11-08 08:19:33]TIMES:40 rndis0:55679 379 0 0 0 0 0 0 92179 229 0 0 0 0 0 0
[2019-11-08 08:19:38]TIMES:45 ZONE4 TEMP:43
[2019-11-08 08:19:38]TIMES:45 MEM FREE:90 12
[2019-11-08 08:19:38]TIMES:45 CPU USE:24 7 17 0
[2019-11-08 08:19:38]TIMES:45 CPU0 USE:24 7 17 0
[2019-11-08 08:19:38]TIMES:45 SERIAL0:153 434 212
[2019-11-08 08:19:38]TIMES:45 bridge0:13871 223 0 0 0 0 0 0 6989 88 0 0 0 0 0 0
[2019-11-08 08:19:38]TIMES:45 rmnet0:97768 288 0 0 0 0 0 0 74048 418 0 0 0 0 0 0
[2019-11-08 08:19:38]TIMES:45 rmnet_data0:95189 288 0 0 0 0 0 0 73660 413 0 0 0 0 0 0
[2019-11-08 08:19:38]TIMES:45 rndis0:55850 381 0 0 0 0 0 0 92265 230 0 0 0 0 0 0
[2019-11-08 08:19:43]TIMES:50 ZONE2 TEMP:46
[2019-11-08 08:19:43]TIMES:50 ZONE4 TEMP:42
[2019-11-08 08:19:43]TIMES:50 MEM FREE:90 13
[2019-11-08 08:19:43]TIMES:50 CPU USE:16 3 13 0
[2019-11-08 08:19:43]TIMES:50 CPU0 USE:16 3 13 0
[2019-11-08 08:19:43]TIMES:50 SERIAL0:153 458 212
[2019-11-08 08:19:43]TIMES:50 rmnet0:97768 288 0 0 0 0 0 0 74312 421 0 0 0 0 0 0
[2019-11-08 08:19:43]TIMES:50 rmnet_data1:0 0 0 0 0 0 0 0 652 8 0 0 0 0 0 0
[2019-11-08 08:19:49]TIMES:55 ZONE2 TEMP:47
[2019-11-08 08:19:49]TIMES:55 MEM FREE:90 12
[2019-11-08 08:19:49]TIMES:55 CPU USE:17 6 11 0
[2019-11-08 08:19:49]TIMES:55 CPU0 USE:17 6 11 0
[2019-11-08 08:19:49]TIMES:55 SERIAL0:153 506 212
[2019-11-08 08:19:49]TIMES:55 bridge0:13939 224 0 0 0 0 0 0 6989 88 0 0 0 0 0 0
[2019-11-08 08:19:49]TIMES:55 rmnet0:100416 300 0 0 0 0 0 0 76184 434 0 0 0 0 0 0
[2019-11-08 08:19:49]TIMES:55 rmnet_data1:2200 8 0 0 0 0 0 0 2524 21 0 0 0 0 0 0
[2019-11-08 08:19:49]TIMES:55 rmnet_data0:95521 292 0 0 0 0 0 0 73660 413 0 0 0 0 0 0
[2019-11-08 08:19:49]TIMES:55 rndis0:55918 382 0 0 0 0 0 0 92265 230 0 0 0 0 0 0
[2019-11-08 08:19:49]TIMES:55 NET MODE:5 -54 -88
[2019-11-08 08:19:54]TIMES:60 ZONE4 TEMP:43
[2019-11-08 08:19:54]TIMES:60 CPU USE:21 4 17 0
[2019-11-08 08:19:54]TIMES:60 CPU0 USE:21 4 17 0
[2019-11-08 08:19:54]TIMES:60 SERIAL0:153 596 216
[2019-11-08 08:19:54]TIMES:60 bridge0:13967 225 0 0 0 0 0 0 7017 89 0 0 0 0 0 0
[2019-11-08 08:19:54]TIMES:60 rmnet0:100696 304 0 0 0 0 0 0 77176 436 0 0 0 0 0 0
[2019-11-08 08:19:54]TIMES:60 rmnet_data1:2280 10 0 0 0 0 0 0 3516 23 0 0 0 0 0 0
[2019-11-08 08:19:54]TIMES:60 rmnet_data0:95687 294 0 0 0 0 0 0 73660 413 0 0 0 0 0 0
[2019-11-08 08:19:54]TIMES:60 rndis0:55946 383 0 0 0 0 0 0 92351 231 0 0 0 0 0 0
[2019-11-08 08:19:59]TIMES:65 ZONE4 TEMP:42
[2019-11-08 08:19:59]TIMES:65 CPU USE:15 2 13 0
[2019-11-08 08:19:59]TIMES:65 CPU0 USE:15 2 13 0
[2019-11-08 08:19:59]TIMES:65 SERIAL0:153 674 216
[2019-11-08 08:19:59]TIMES:65 bridge0:14047 227 0 0 0 0 0 0 7097 91 0 0 0 0 0 0
[2019-11-08 08:19:59]TIMES:65 rmnet0:101040 310 0 0 0 0 0 0 77548 442 0 0 0 0 0 0
[2019-11-08 08:19:59]TIMES:65 rmnet_data1:2280 10 0 0 0 0 0 0 3668 24 0 0 0 0 0 0
[2019-11-08 08:19:59]TIMES:65 rmnet_data0:95976 300 0 0 0 0 0 0 73880 418 0 0 0 0 0 0
[2019-11-08 08:19:59]TIMES:65 rndis0:56026 385 0 0 0 0 0 0 92547 233 0 0 0 0 0 0
[2019-11-08 08:19:59]TIMES:65 NET MODE:5 -59 -89
[2019-11-08 08:20:04]TIMES:70 CPU USE:19 4 15 0
[2019-11-08 08:20:04]TIMES:70 CPU0 USE:19 4 15 0
[2019-11-08 08:20:04]TIMES:70 SERIAL0:153 738 216
[2019-11-08 08:20:04]TIMES:70 bridge0:14564 230 0 0 0 0 0 0 7420 93 0 0 0 0 0 0
[2019-11-08 08:20:04]TIMES:70 rmnet0:105100 334 0 0 0 0 0 0 83452 482 0 0 0 0 0 0
[2019-11-08 08:20:04]TIMES:70 rmnet_data0:99841 324 0 0 0 0 0 0 79784 458 0 0 0 0 0 0
[2019-11-08 08:20:04]TIMES:70 rndis0:57039 391 0 0 0 0 0 0 93560 238 0 0 0 0 0 0
[2019-11-08 08:20:09]TIMES:75 CPU USE:16 3 13 0
[2019-11-08 08:20:09]TIMES:75 CPU0 USE:16 3 13 0
[2019-11-08 08:20:09]TIMES:75 SERIAL0:153 816 216
[2019-11-08 08:20:09]TIMES:75 bridge0:14592 231 0 0 0 0 0 0 7448 94 0 0 0 0 0 0
[2019-11-08 08:20:09]TIMES:75 rmnet0:105268 337 0 0 0 0 0 0 83604 485 0 0 0 0 0 0
[2019-11-08 08:20:09]TIMES:75 rmnet_data0:99983 327 0 0 0 0 0 0 79936 461 0 0 0 0 0 0
[2019-11-08 08:20:09]TIMES:75 rndis0:57167 394 0 0 0 0 0 0 93960 242 0 0 0 0 0 0
[2019-11-08 08:20:14]TIMES:80 CPU USE:30 7 23 0
[2019-11-08 08:20:14]TIMES:80 CPU0 USE:30 7 23 0
[2019-11-08 08:20:14]TIMES:80 SERIAL0:153 890 216
[2019-11-08 08:20:14]TIMES:80 bridge0:17697 260 0 0 0 0 0 0 8911 110 0 0 0 0 0 0
[2019-11-08 08:20:14]TIMES:80 rmnet0:120204 387 0 0 0 0 0 0 90348 545 0 0 0 0 0 0
[2019-11-08 08:20:14]TIMES:80 rmnet_data1:2351 11 0 0 0 0 0 0 3788 26 0 0 0 0 0 0
[2019-11-08 08:20:14]TIMES:80 rmnet_data0:114418 376 0 0 0 0 0 0 86560 519 0 0 0 0 0 0
[2019-11-08 08:20:14]TIMES:80 rndis0:65302 453 0 0 0 0 0 0 110914 289 0 0 0 0 0 0
[2019-11-08 08:20:19]TIMES:85 CPU USE:16 3 13 0
[2019-11-08 08:20:19]TIMES:85 CPU0 USE:16 3 13 0
[2019-11-08 08:20:19]TIMES:85 SERIAL0:153 954 216
[2019-11-08 08:20:24]TIMES:90 ZONE4 TEMP:43
[2019-11-08 08:20:24]TIMES:90 CPU USE:19 3 16 0
[2019-11-08 08:20:24]TIMES:90 CPU0 USE:19 3 16 0
[2019-11-08 08:20:24]TIMES:90 SERIAL0:153 1042 216
[2019-11-08 08:20:24]TIMES:90 bridge0:17725 261 0 0 0 0 0 0 8939 111 0 0 0 0 0 0
[2019-11-08 08:20:24]TIMES:90 rmnet0:120296 388 0 0 0 0 0 0 90348 545 0 0 0 0 0 0
[2019-11-08 08:20:24]TIMES:90 rmnet_data0:114501 377 0 0 0 0 0 0 86560 519 0 0 0 0 0 0
[2019-11-08 08:20:24]TIMES:90 rndis0:65330 454 0 0 0 0 0 0 111000 290 0 0 0 0 0 0
[2019-11-08 08:20:29]TIMES:95 ZONE4 TEMP:42
[2019-11-08 08:20:29]TIMES:95 CPU USE:14 3 11 0
[2019-11-08 08:20:29]TIMES:95 CPU0 USE:14 3 11 0
[2019-11-08 08:20:29]TIMES:95 SERIAL0:153 1106 216
[2019-11-08 08:20:29]TIMES:95 bridge0:17793 262 0 0 0 0 0 0 8939 111 0 0 0 0 0 0
[2019-11-08 08:20:29]TIMES:95 rndis0:65398 455 0 0 0 0 0 0 111000 290 0 0 0 0 0 0
[2019-11-08 08:20:34]TIMES:100 ZONE5 TEMP:44
[2019-11-08 08:20:34]TIMES:100 CPU USE:18 4 14 0
[2019-11-08 08:20:34]TIMES:100 CPU0 USE:18 4 14 0
[2019-11-08 08:20:34]TIMES:100 SERIAL0:153 1194 216
[2019-11-08 08:20:34]TIMES:100 rmnet0:120588 392 0 0 0 0 0 0 90468 547 0 0 0 0 0 0
[2019-11-08 08:20:34]TIMES:100 rmnet_data1:2526 14 0 0 0 0 0 0 3908 28 0 0 0 0 0 0
[2019-11-08 08:20:34]TIMES:100 rmnet_data0:114584 378 0 0 0 0 0 0 86560 519 0 0 0 0 0 0
[2019-11-08 08:20:39]TIMES:105 ZONE4 TEMP:43
[2019-11-08 08:20:39]TIMES:105 ZONE5 TEMP:43
[2019-11-08 08:20:39]TIMES:105 CPU USE:15 3 12 0
[2019-11-08 08:20:39]TIMES:105 CPU0 USE:15 3 12 0
[2019-11-08 08:20:39]TIMES:105 SERIAL0:153 1258 216
[2019-11-08 08:20:39]TIMES:105 bridge0:18017 266 0 0 0 0 0 0 9191 113 0 0 0 0 0 0
[2019-11-08 08:20:39]TIMES:105 rmnet0:130624 428 0 0 0 0 0 0 98508 602 0 0 0 0 0 0
[2019-11-08 08:20:39]TIMES:105 rmnet_data0:124316 414 0 0 0 0 0 0 94600 574 0 0 0 0 0 0
[2019-11-08 08:20:39]TIMES:105 rndis0:68238 477 0 0 0 0 0 0 118336 308 0 0 0 0 0 0
[2019-11-08 08:20:44]TIMES:110 ZONE3 TEMP:45
[2019-11-08 08:20:44]TIMES:110 ZONE5 TEMP:44
[2019-11-08 08:20:44]TIMES:110 CPU USE:29 7 22 0
[2019-11-08 08:20:44]TIMES:110 CPU0 USE:29 7 22 0
[2019-11-08 08:20:44]TIMES:110 SERIAL0:153 1346 216
[2019-11-08 08:20:44]TIMES:110 bridge0:18261 270 0 0 0 0 0 0 9470 115 0 0 0 0 0 0
[2019-11-08 08:20:44]TIMES:110 rmnet0:142412 466 0 0 0 0 0 0 110668 657 0 0 0 0 0 0
[2019-11-08 08:20:44]TIMES:110 rmnet_data0:135765 452 0 0 0 0 0 0 106760 629 0 0 0 0 0 0
[2019-11-08 08:20:44]TIMES:110 rndis0:77122 513 0 0 0 0 0 0 129158 336 0 0 0 0 0 0
[2019-11-08 08:20:49]TIMES:115 ZONE3 TEMP:44
[2019-11-08 08:20:49]TIMES:115 CPU USE:42 9 33 0
[2019-11-08 08:20:49]TIMES:115 CPU0 USE:42 9 33 0
[2019-11-08 08:20:49]TIMES:115 SERIAL0:153 1400 216
[2019-11-08 08:20:49]TIMES:115 bridge0:18421 273 0 0 0 0 0 0 9692 117 0 0 0 0 0 0
[2019-11-08 08:20:49]TIMES:115 rmnet0:148920 485 0 0 0 0 0 0 113120 670 0 0 0 0 0 0
[2019-11-08 08:20:49]TIMES:115 rmnet_data0:142100 471 0 0 0 0 0 0 109212 642 0 0 0 0 0 0
[2019-11-08 08:20:49]TIMES:115 rndis0:0 0 0 0 0 0 0 0 0 0 0 0 0 0 0 0
[2019-11-08 08:22:28]TIMES:120 ZONE0 TEMP:44
[2019-11-08 08:22:28]TIMES:120 ZONE1 TEMP:43
[2019-11-08 08:22:28]TIMES:120 ZONE2 TEMP:46
[2019-11-08 08:22:28]TIMES:120 ZONE3 TEMP:43
[2019-11-08 08:22:28]TIMES:120 ZONE4 TEMP:42
[2019-11-08 08:22:28]TIMES:120 ZONE5 TEMP:99
[2019-11-08 08:22:28]TIMES:120 ZONE6 TEMP:36
[2019-11-08 08:22:28]TIMES:120 MEM FREE:90 11
[2019-11-08 08:22:28]TIMES:120 CPU USE:18 5 13 0
[2019-11-08 08:22:28]TIMES:120 CPU0 USE:18 5 13 0
[2019-11-08 08:22:28]TIMES:120 SERIAL0:153 2448 848
[2019-11-08 08:22:28]TIMES:120 rmnet0:152888 519 0 0 0 0 0 0 116844 703 0 0 0 0 0 0
[2019-11-08 08:22:28]TIMES:120 rmnet_data1:5181 30 0 0 0 0 0 0 7104 49 0 0 0 0 0 0
[2019-11-08 08:22:28]TIMES:120 rmnet_data0:143116 489 0 0 0 0 0 0 109740 654 0 0 0 0 0 0
[2019-11-08 08:22:33]TIMES:125 ZONE4 TEMP:41
[2019-11-08 08:22:33]TIMES:125 ZONE5 TEMP:42
[2019-11-08 08:22:33]TIMES:125 MEM FREE:90 12
[2019-11-08 08:22:33]TIMES:125 CPU USE:23 4 19 0
[2019-11-08 08:22:33]TIMES:125 CPU0 USE:23 4 19 0
[2019-11-08 08:22:33]TIMES:125 SERIAL0:153 2472 860
[2019-11-08 08:22:33]TIMES:125 rmnet0:153152 521 0 0 0 0 0 0 116980 705 0 0 0 0 0 0
[2019-11-08 08:22:33]TIMES:125 rmnet_data0:143364 491 0 0 0 0 0 0 109876 656 0 0 0 0 0 0
[2019-11-08 08:22:38]TIMES:130 ZONE5 TEMP:43
[2019-11-08 08:22:38]TIMES:130 CPU USE:18 4 14 0
[2019-11-08 08:22:38]TIMES:130 CPU0 USE:18 4 14 0
[2019-11-08 08:22:38]TIMES:130 SERIAL0:153 2486 867
[2019-11-08 08:22:43]TIMES:135 ZONE4 TEMP:42
[2019-11-08 08:22:43]TIMES:135 CPU USE:17 4 13 0
[2019-11-08 08:22:43]TIMES:135 CPU0 USE:17 4 13 0
[2019-11-08 08:22:43]TIMES:135 SERIAL0:153 2524 903
[2019-11-08 08:22:43]TIMES:135 rmnet0:153212 522 0 0 0 0 0 0 117236 706 0 0 0 0 0 0
[2019-11-08 08:22:43]TIMES:135 rmnet_data1:5233 31 0 0 0 0 0 0 7360 50 0 0 0 0 0 0
[2019-11-08 08:22:48]TIMES:140 ZONE4 TEMP:41
[2019-11-08 08:22:48]TIMES:140 CPU USE:25 7 18 0
[2019-11-08 08:22:48]TIMES:140 CPU0 USE:25 7 18 0
[2019-11-08 08:22:48]TIMES:140 SERIAL0:153 2538 1367
[2019-11-08 08:22:48]TIMES:140 rmnet0:153320 524 0 0 0 0 0 0 117812 707 0 0 0 0 0 0
[2019-11-08 08:22:48]TIMES:140 rmnet_data1:5285 32 0 0 0 0 0 0 7936 51 0 0 0 0 0 0
[2019-11-08 08:22:48]TIMES:140 rmnet_data0:143404 492 0 0 0 0 0 0 109876 656 0 0 0 0 0 0
[2019-11-08 08:22:53]TIMES:145 ZONE3 TEMP:44
[2019-11-08 08:22:53]TIMES:145 ZONE4 TEMP:42
[2019-11-08 08:22:53]TIMES:145 CPU USE:20 5 15 0
[2019-11-08 08:22:53]TIMES:145 CPU0 USE:20 5 15 0
[2019-11-08 08:22:53]TIMES:145 SERIAL0:153 2576 1496
[2019-11-08 08:22:53]TIMES:145 rmnet0:153368 525 0 0 0 0 0 0 117812 707 0 0 0 0 0 0
[2019-11-08 08:22:53]TIMES:145 rmnet_data0:143444 493 0 0 0 0 0 0 109876 656 0 0 0 0 0 0
[2019-11-08 08:22:53]TIMES:145 NET MODE:5 -55 -89
[2019-11-08 08:22:58]TIMES:150 ZONE0 TEMP:43
[2019-11-08 08:22:58]TIMES:150 ZONE1 TEMP:40
[2019-11-08 08:22:58]TIMES:150 ZONE2 TEMP:43
[2019-11-08 08:22:58]TIMES:150 ZONE3 TEMP:42
[2019-11-08 08:22:58]TIMES:150 ZONE4 TEMP:40
[2019-11-08 08:22:58]TIMES:150 CPU USE:20 3 17 0
[2019-11-08 08:22:58]TIMES:150 CPU0 USE:20 3 17 0
[2019-11-08 08:22:58]TIMES:150 SERIAL0:153 2590 1560
[2019-11-08 08:23:03]TIMES:155 ZONE0 TEMP:44
[2019-11-08 08:23:03]TIMES:155 ZONE1 TEMP:43
[2019-11-08 08:23:03]TIMES:155 ZONE2 TEMP:46
[2019-11-08 08:23:03]TIMES:155 ZONE3 TEMP:43
[2019-11-08 08:23:03]TIMES:155 ZONE4 TEMP:41
[2019-11-08 08:23:03]TIMES:155 MEM FREE:90 11
[2019-11-08 08:23:03]TIMES:155 CPU USE:46 10 36 0
[2019-11-08 08:23:03]TIMES:155 CPU0 USE:46 10 36 0
[2019-11-08 08:23:03]TIMES:155 SERIAL0:153 2628 1691
[2019-11-08 08:23:03]TIMES:155 rmnet0:154088 532 0 0 0 0 0 0 118304 714 0 0 0 0 0 0
[2019-11-08 08:23:03]TIMES:155 rmnet_data0:144100 500 0 0 0 0 0 0 110368 663 0 0 0 0 0 0
[2019-11-08 08:23:08]TIMES:160 ZONE3 TEMP:44
[2019-11-08 08:23:08]TIMES:160 ZONE4 TEMP:42
[2019-11-08 08:23:08]TIMES:160 MEM FREE:90 12
[2019-11-08 08:23:08]TIMES:160 CPU USE:28 6 22 0
[2019-11-08 08:23:08]TIMES:160 CPU0 USE:28 6 22 0
[2019-11-08 08:23:08]TIMES:160 SERIAL0:153 2642 2174
[2019-11-08 08:23:08]TIMES:160 rmnet0:154180 533 0 0 0 0 0 0 118448 716 0 0 0 0 0 0
[2019-11-08 08:23:08]TIMES:160 rmnet_data1:5368 33 0 0 0 0 0 0 8080 53 0 0 0 0 0 0
[2019-11-08 08:23:13]TIMES:165 MEM FREE:90 11
[2019-11-08 08:23:13]TIMES:165 CPU USE:21 5 16 0
[2019-11-08 08:23:13]TIMES:165 CPU0 USE:21 5 16 0
[2019-11-08 08:23:13]TIMES:165 SERIAL0:153 2666 2344
[2019-11-08 08:23:13]TIMES:165 rmnet0:154180 533 0 0 0 0 0 0 119392 717 0 0 0 0 0 0
[2019-11-08 08:23:13]TIMES:165 rmnet_data1:5368 33 0 0 0 0 0 0 9024 54 0 0 0 0 0 0
[2019-11-08 08:23:13]TIMES:165 NET MODE:5 -50 -84
[2019-11-08 08:23:18]TIMES:170 CPU USE:22 6 16 0
[2019-11-08 08:23:18]TIMES:170 CPU0 USE:22 6 16 0
[2019-11-08 08:23:18]TIMES:170 SERIAL0:153 2694 2564
[2019-11-08 08:23:18]TIMES:170 rmnet0:154240 534 0 0 0 0 0 0 119392 717 0 0 0 0 0 0
[2019-11-08 08:23:18]TIMES:170 rmnet_data1:5420 34 0 0 0 0 0 0 9024 54 0 0 0 0 0 0
[2019-11-08 08:23:23]TIMES:175 CPU USE:17 4 13 0
[2019-11-08 08:23:23]TIMES:175 CPU0 USE:17 4 13 0
[2019-11-08 08:23:23]TIMES:175 SERIAL0:153 2718 2616
[2019-11-08 08:23:23]TIMES:175 NET MODE:5 -47 -80
[2019-11-08 08:23:28]TIMES:180 CPU USE:24 6 18 0
[2019-11-08 08:23:28]TIMES:180 CPU0 USE:24 6 18 0
[2019-11-08 08:23:28]TIMES:180 SERIAL0:153 2746 2908
[2019-11-08 08:23:28]TIMES:180 rmnet0:154332 535 0 0 0 0 0 0 119536 719 0 0 0 0 0 0
[2019-11-08 08:23:28]TIMES:180 rmnet_data1:5503 35 0 0 0 0 0 0 9168 56 0 0 0 0 0 0
[2019-11-08 08:23:33]TIMES:185 CPU USE:16 3 13 0
[2019-11-08 08:23:33]TIMES:185 CPU0 USE:16 3 13 0
[2019-11-08 08:23:33]TIMES:185 SERIAL0:153 2770 3019
[2019-11-08 08:23:38]TIMES:190 CPU USE:28 7 21 0
[2019-11-08 08:23:38]TIMES:190 CPU0 USE:28 7 21 0
[2019-11-08 08:23:38]TIMES:190 SERIAL0:153 2784 3039
[2019-11-08 08:23:38]TIMES:190 rmnet0:154596 537 0 0 0 0 0 0 119672 721 0 0 0 0 0 0
[2019-11-08 08:23:38]TIMES:190 rmnet_data0:144348 502 0 0 0 0 0 0 110504 665 0 0 0 0 0 0
[2019-11-08 08:23:38]TIMES:190 NET MODE:5 -49 -84
[2019-11-08 08:23:43]TIMES:195 CPU USE:20 6 14 0
[2019-11-08 08:23:43]TIMES:195 CPU0 USE:20 6 14 0
[2019-11-08 08:23:43]TIMES:195 SERIAL0:153 2822 3226
[2019-11-08 08:23:43]TIMES:195 NET MODE:5 -54 -86
[2019-11-08 08:23:48]TIMES:200 CPU USE:26 9 17 0
[2019-11-08 08:23:48]TIMES:200 CPU0 USE:26 9 17 0
[2019-11-08 08:23:48]TIMES:200 SERIAL0:153 2836 3784
[2019-11-08 08:23:48]TIMES:200 rmnet0:154688 538 0 0 0 0 0 0 119816 723 0 0 0 0 0 0
[2019-11-08 08:23:48]TIMES:200 rmnet_data1:5586 36 0 0 0 0 0 0 9312 58 0 0 0 0 0 0
[2019-11-08 08:23:53]TIMES:205 CPU USE:23 5 18 0
[2019-11-08 08:23:53]TIMES:205 CPU0 USE:23 5 18 0
[2019-11-08 08:23:53]TIMES:205 SERIAL0:153 2874 3796
[2019-11-08 08:23:53]TIMES:205 rmnet0:154808 539 0 0 0 0 0 0 119884 724 0 0 0 0 0 0
[2019-11-08 08:23:53]TIMES:205 rmnet_data0:144460 503 0 0 0 0 0 0 110572 666 0 0 0 0 0 0
[2019-11-08 08:23:53]TIMES:205 GNSS:22576515 113916925 7000000 18000000 92300000 1250040 1 0
[2019-11-08 08:23:58]TIMES:210 ZONE0 TEMP:45
[2019-11-08 08:23:58]TIMES:210 CPU USE:21 6 15 0
[2019-11-08 08:23:58]TIMES:210 CPU0 USE:21 6 15 0
[2019-11-08 08:23:58]TIMES:210 SERIAL0:153 2888 4101
[2019-11-08 08:23:58]TIMES:210 NET MODE:5 -48 -78
[2019-11-08 08:23:58]TIMES:210 GNSS:22576590 113916956 22000000 13000000 46800000 970206 1 0
[2019-11-08 08:24:03]TIMES:215 ZONE0 TEMP:42
[2019-11-08 08:24:03]TIMES:215 ZONE1 TEMP:39
[2019-11-08 08:24:03]TIMES:215 ZONE2 TEMP:42
[2019-11-08 08:24:03]TIMES:215 ZONE3 TEMP:40
[2019-11-08 08:24:03]TIMES:215 ZONE4 TEMP:39
[2019-11-08 08:24:03]TIMES:215 CPU USE:16 4 12 0
[2019-11-08 08:24:03]TIMES:215 CPU0 USE:16 4 12 0
[2019-11-08 08:24:03]TIMES:215 SERIAL0:153 2926 4201
[2019-11-08 08:24:03]TIMES:215 NET MODE:5 -51 -85
[2019-11-08 08:24:03]TIMES:215 GNSS:22576639 113916979 26000000 13000000 67900000 305941 1 0
[2019-11-08 08:24:08]TIMES:220 ZONE0 TEMP:44
[2019-11-08 08:24:08]TIMES:220 ZONE1 TEMP:43
[2019-11-08 08:24:08]TIMES:220 ZONE2 TEMP:46
[2019-11-08 08:24:08]TIMES:220 ZONE3 TEMP:43
[2019-11-08 08:24:08]TIMES:220 ZONE4 TEMP:41
[2019-11-08 08:24:08]TIMES:220 CPU USE:36 7 29 0
[2019-11-08 08:24:08]TIMES:220 CPU0 USE:36 7 29 0
[2019-11-08 08:24:08]TIMES:220 SERIAL0:153 2940 4358
[2019-11-08 08:24:08]TIMES:220 rmnet0:155072 541 0 0 0 0 0 0 120020 726 0 0 0 0 0 0
[2019-11-08 08:24:08]TIMES:220 rmnet_data0:144708 505 0 0 0 0 0 0 110708 668 0 0 0 0 0 0
[2019-11-08 08:24:08]TIMES:220 NET MODE:5 -72 -101
[2019-11-08 08:24:08]TIMES:220 GNSS:22576679 113916996 32000000 13000000 345800000 755049 1 0
[2019-11-08 08:24:13]TIMES:225 ZONE0 TEMP:45
[2019-11-08 08:24:13]TIMES:225 ZONE1 TEMP:44
[2019-11-08 08:24:13]TIMES:225 ZONE2 TEMP:47
[2019-11-08 08:24:13]TIMES:225 ZONE3 TEMP:44
[2019-11-08 08:24:14]TIMES:225 ZONE4 TEMP:42
[2019-11-08 08:24:14]TIMES:225 CPU USE:18 3 15 0
[2019-11-08 08:24:14]TIMES:225 CPU0 USE:18 3 15 0
[2019-11-08 08:24:14]TIMES:225 SERIAL0:153 2964 4370
[2019-11-08 08:24:14]TIMES:225 rmnet0:155348 544 0 0 0 0 0 0 121620 731 0 0 0 0 0 0
[2019-11-08 08:24:14]TIMES:225 rmnet_data1:5753 38 0 0 0 0 0 0 10824 62 0 0 0 0 0 0
[2019-11-08 08:24:14]TIMES:225 rmnet_data0:144792 506 0 0 0 0 0 0 110796 669 0 0 0 0 0 0
[2019-11-08 08:24:14]TIMES:225 GNSS:22576738 113916983 30000000 9000000 321200000 370135 1 0
[2019-11-08 08:24:19]TIMES:230 ZONE0 TEMP:44
[2019-11-08 08:24:19]TIMES:230 ZONE1 TEMP:43
[2019-11-08 08:24:19]TIMES:230 ZONE2 TEMP:46
[2019-11-08 08:24:19]TIMES:230 SERIAL0:153 2992 4517
[2019-11-08 08:24:19]TIMES:230 rmnet0:155868 550 0 0 0 0 0 0 122060 736 0 0 0 0 0 0
[2019-11-08 08:24:19]TIMES:230 rmnet_data1:6225 44 0 0 0 0 0 0 11264 67 0 0 0 0 0 0
[2019-11-08 08:24:19]TIMES:230 GNSS:22576765 113916942 26000000 8000000 249400000 510881 1 0
[2019-11-08 08:24:24]TIMES:235 CPU USE:17 3 14 0
[2019-11-08 08:24:24]TIMES:235 CPU0 USE:17 3 14 0
[2019-11-08 08:24:24]TIMES:235 SERIAL0:153 3016 4585
[2019-11-08 08:24:24]TIMES:235 rmnet0:156328 555 0 0 0 0 0 0 122500 741 0 0 0 0 0 0
[2019-11-08 08:24:24]TIMES:235 rmnet_data1:6645 49 0 0 0 0 0 0 11704 72 0 0 0 0 0 0
[2019-11-08 08:24:24]TIMES:235 GNSS:22576796 113916908 27000000 7000000 0 0 1 0
[2019-11-08 08:24:29]TIMES:240 ZONE0 TEMP:45
[2019-11-08 08:24:29]TIMES:240 CPU USE:21 3 18 0
[2019-11-08 08:24:29]TIMES:240 CPU0 USE:21 3 18 0
[2019-11-08 08:24:29]TIMES:240 SERIAL0:153 3044 4702
[2019-11-08 08:24:29]TIMES:240 rmnet0:156788 560 0 0 0 0 0 0 122940 746 0 0 0 0 0 0
[2019-11-08 08:24:29]TIMES:240 rmnet_data1:7065 54 0 0 0 0 0 0 12144 77 0 0 0 0 0 0
[2019-11-08 08:24:29]TIMES:240 GNSS:22576809 113916898 29000000 6000000 0 0 1 0
[2019-11-08 08:24:34]TIMES:245 ZONE0 TEMP:44
[2019-11-08 08:24:34]TIMES:245 CPU USE:18 6 12 0
[2019-11-08 08:24:34]TIMES:245 CPU0 USE:18 6 12 0
[2019-11-08 08:24:34]TIMES:245 SERIAL0:153 3068 4926
[2019-11-08 08:24:34]TIMES:245 rmnet0:157340 566 0 0 0 0 0 0 123524 753 0 0 0 0 0 0
[2019-11-08 08:24:34]TIMES:245 rmnet_data1:7568 60 0 0 0 0 0 0 12728 84 0 0 0 0 0 0
[2019-11-08 08:24:34]TIMES:245 GNSS:22576815 113916901 29000000 6000000 0 0 1 0
[2019-11-08 08:24:39]TIMES:250 ZONE0 TEMP:45
[2019-11-08 08:24:39]TIMES:250 ZONE1 TEMP:44
[2019-11-08 08:24:39]TIMES:250 ZONE4 TEMP:43
[2019-11-08 08:24:39]TIMES:250 CPU USE:28 7 21 0
[2019-11-08 08:24:39]TIMES:250 CPU0 USE:28 7 21 0
[2019-11-08 08:24:39]TIMES:250 SERIAL0:153 3082 5016
[2019-11-08 08:24:39]TIMES:250 rmnet0:158064 573 0 0 0 0 0 0 124100 760 0 0 0 0 0 0
[2019-11-08 08:24:39]TIMES:250 rmnet_data1:7988 65 0 0 0 0 0 0 13168 89 0 0 0 0 0 0
[2019-11-08 08:24:39]TIMES:250 rmnet_data0:145040 508 0 0 0 0 0 0 110932 671 0 0 0 0 0 0
[2019-11-08 08:24:39]TIMES:250 GNSS:22576815 113916902 30000000 8000000 0 0 1 0
[2019-11-08 08:24:44]TIMES:255 ZONE4 TEMP:42
[2019-11-08 08:24:44]TIMES:255 CPU USE:20 5 15 0
[2019-11-08 08:24:44]TIMES:255 CPU0 USE:20 5 15 0
[2019-11-08 08:24:44]TIMES:255 SERIAL0:153 3120 5268
[2019-11-08 08:24:44]TIMES:255 rmnet0:158524 578 0 0 0 0 0 0 124540 765 0 0 0 0 0 0
[2019-11-08 08:24:44]TIMES:255 rmnet_data1:8408 70 0 0 0 0 0 0 13608 94 0 0 0 0 0 0
[2019-11-08 08:24:44]TIMES:255 GNSS:22576815 113916902 29000000 10000000 0 0 1 0
[2019-11-08 08:24:49]TIMES:260 ZONE1 TEMP:43
[2019-11-08 08:24:49]TIMES:260 MEM FREE:89 10
[2019-11-08 08:24:49]TIMES:260 CPU USE:17 4 13 0
[2019-11-08 08:24:49]TIMES:260 CPU0 USE:17 4 13 0
[2019-11-08 08:24:49]TIMES:260 SERIAL0:153 3134 5413
[2019-11-08 08:24:49]TIMES:260 rmnet0:158984 583 0 0 0 0 0 0 124980 770 0 0 0 0 0 0
[2019-11-08 08:24:49]TIMES:260 rmnet_data1:8828 75 0 0 0 0 0 0 14048 99 0 0 0 0 0 0
[2019-11-08 08:24:49]TIMES:260 NET MODE:5 -67 -94
[2019-11-08 08:24:49]TIMES:260 GNSS:22576668 113916748 18000000 10000000 240200000 3292294 1 0
[2019-11-08 08:24:54]TIMES:265 ZONE0 TEMP:44
[2019-11-08 08:24:54]TIMES:265 MEM FREE:90 11
[2019-11-08 08:24:54]TIMES:265 CPU USE:23 5 18 0
[2019-11-08 08:24:54]TIMES:265 CPU0 USE:23 5 18 0
[2019-11-08 08:24:54]TIMES:265 SERIAL0:153 3172 5766
[2019-11-08 08:24:54]TIMES:265 rmnet0:159536 589 0 0 0 0 0 0 125564 777 0 0 0 0 0 0
[2019-11-08 08:24:54]TIMES:265 rmnet_data1:9331 81 0 0 0 0 0 0 14632 106 0 0 0 0 0 0
[2019-11-08 08:24:54]TIMES:265 NET MODE:5 -58 -84
[2019-11-08 08:24:54]TIMES:265 GNSS:22576775 113916582 11000000 10000000 321600000 4738649 1 0
[2019-11-08 08:24:59]TIMES:270 CPU USE:16 3 13 0
[2019-11-08 08:24:59]TIMES:270 CPU0 USE:16 3 13 0
[2019-11-08 08:24:59]TIMES:270 SERIAL0:153 3186 5827
[2019-11-08 08:24:59]TIMES:270 rmnet0:159996 594 0 0 0 0 0 0 126004 782 0 0 0 0 0 0
[2019-11-08 08:24:59]TIMES:270 rmnet_data1:9751 86 0 0 0 0 0 0 15072 111 0 0 0 0 0 0
[2019-11-08 08:24:59]TIMES:270 NET MODE:5 -53 -80
[2019-11-08 08:24:59]TIMES:270 GNSS:22576975 113916327 10000000 10000000 319700000 6890261 1 0
[2019-11-08 08:25:04]TIMES:275 CPU USE:21 6 15 0
[2019-11-08 08:25:04]TIMES:275 CPU0 USE:21 6 15 0
[2019-11-08 08:25:04]TIMES:275 SERIAL0:153 3210 6094
[2019-11-08 08:25:04]TIMES:275 rmnet0:160456 599 0 0 0 0 0 0 126444 787 0 0 0 0 0 0
[2019-11-08 08:25:04]TIMES:275 rmnet_data1:10171 91 0 0 0 0 0 0 15512 116 0 0 0 0 0 0
[2019-11-08 08:25:04]TIMES:275 GNSS:22577117 113916141 10000000 10000000 320400000 3792585 1 0
[2019-11-08 08:25:09]TIMES:280 CPU USE:22 6 16 0
[2019-11-08 08:25:09]TIMES:280 CPU0 USE:22 6 16 0
[2019-11-08 08:25:09]TIMES:280 SERIAL0:153 3238 6396
[2019-11-08 08:25:09]TIMES:280 rmnet0:160916 604 0 0 0 0 0 0 126884 792 0 0 0 0 0 0
[2019-11-08 08:25:09]TIMES:280 rmnet_data1:10591 96 0 0 0 0 0 0 15952 121 0 0 0 0 0 0
[2019-11-08 08:25:09]TIMES:280 GNSS:22577272 113915936 9000000 10000000 316300000 6060297 1 0
[2019-11-08 08:25:14]TIMES:285 ZONE0 TEMP:45
[2019-11-08 08:25:14]TIMES:285 ZONE1 TEMP:44
[2019-11-08 08:25:14]TIMES:285 ZONE2 TEMP:47
[2019-11-08 08:25:14]TIMES:285 CPU USE:38 9 29 0
[2019-11-08 08:25:14]TIMES:285 CPU0 USE:38 9 29 0
[2019-11-08 08:25:14]TIMES:285 SERIAL0:153 3262 6676
[2019-11-08 08:25:14]TIMES:285 rmnet0:161840 614 0 0 0 0 0 0 129196 804 0 0 0 0 0 0
[2019-11-08 08:25:14]TIMES:285 rmnet_data1:11146 103 0 0 0 0 0 0 18084 130 0 0 0 0 0 0
[2019-11-08 08:25:14]TIMES:285 rmnet_data0:145328 511 0 0 0 0 0 0 111112 674 0 0 0 0 0 0
[2019-11-08 08:25:14]TIMES:285 NET MODE:5 -61 -91
[2019-11-08 08:25:14]TIMES:285 GNSS:22577460 113915737 10000000 10000000 315100000 5231873 1 0
[2019-11-08 08:25:19]TIMES:290 ZONE6 TEMP:37
[2019-11-08 08:25:19]TIMES:290 CPU USE:26 9 17 0
[2019-11-08 08:25:19]TIMES:290 CPU0 USE:26 9 17 0
[2019-11-08 08:25:19]TIMES:290 SERIAL0:153 3290 7284
[2019-11-08 08:25:19]TIMES:290 rmnet0:162300 619 0 0 0 0 0 0 129636 809 0 0 0 0 0 0
[2019-11-08 08:25:19]TIMES:290 rmnet_data1:11566 108 0 0 0 0 0 0 18524 135 0 0 0 0 0 0
[2019-11-08 08:25:19]TIMES:290 NET MODE:5 -47 -82
[2019-11-08 08:25:19]TIMES:290 GNSS:22577649 113915533 14000000 10000000 318300000 5922735 1 0
[2019-11-08 08:25:24]TIMES:295 ZONE2 TEMP:46
[2019-11-08 08:25:24]TIMES:295 CPU USE:23 5 18 0
[2019-11-08 08:25:24]TIMES:295 CPU0 USE:23 5 18 0
[2019-11-08 08:25:24]TIMES:295 SERIAL0:153 3314 7554
[2019-11-08 08:25:24]TIMES:295 rmnet0:162760 624 0 0 0 0 0 0 130076 814 0 0 0 0 0 0
[2019-11-08 08:25:24]TIMES:295 rmnet_data1:11986 113 0 0 0 0 0 0 18964 140 0 0 0 0 0 0
[2019-11-08 08:25:24]TIMES:295 NET MODE:5 -52 -83
[2019-11-08 08:25:24]TIMES:295 GNSS:22577808 113915375 13000000 10000000 334600000 3576772 1 0
[2019-11-08 08:25:29]TIMES:300 ZONE2 TEMP:47
[2019-11-08 08:25:29]TIMES:300 CPU USE:19 4 15 0
[2019-11-08 08:25:29]TIMES:300 CPU0 USE:19 4 15 0
[2019-11-08 08:25:29]TIMES:300 SERIAL0:153 3328 7875
[2019-11-08 08:25:29]TIMES:300 rmnet0:163220 629 0 0 0 0 0 0 130516 819 0 0 0 0 0 0
[2019-11-08 08:25:29]TIMES:300 rmnet_data1:12406 118 0 0 0 0 0 0 19404 145 0 0 0 0 0 0
[2019-11-08 08:25:29]TIMES:300 NET MODE:5 -62 -90
[2019-11-08 08:25:29]TIMES:300 GNSS:22577907 113915394 14000000 9000000 51300000 2180573 1 0
[2019-11-08 08:25:34]TIMES:305 CPU USE:18 3 15 0
[2019-11-08 08:25:34]TIMES:305 CPU0 USE:18 3 15 0
[2019-11-08 08:25:34]TIMES:305 SERIAL0:153 3366 7972
[2019-11-08 08:25:34]TIMES:305 rmnet0:163772 635 0 0 0 0 0 0 131100 826 0 0 0 0 0 0
[2019-11-08 08:25:34]TIMES:305 rmnet_data1:12909 124 0 0 0 0 0 0 19988 152 0 0 0 0 0 0
[2019-11-08 08:25:34]TIMES:305 NET MODE:5 -67 -100
[2019-11-08 08:25:34]TIMES:305 GNSS:22577975 113915473 13000000 9000000 49000000 1710029 1 0
[2019-11-08 08:25:39]TIMES:310 MEM FREE:90 10
[2019-11-08 08:25:39]TIMES:310 CPU USE:19 5 14 0
[2019-11-08 08:25:39]TIMES:310 CPU0 USE:19 5 14 0
[2019-11-08 08:25:39]TIMES:310 SERIAL0:153 3380 8130
[2019-11-08 08:25:39]TIMES:310 rmnet0:164232 640 0 0 0 0 0 0 131540 831 0 0 0 0 0 0
[2019-11-08 08:25:39]TIMES:310 rmnet_data1:13329 129 0 0 0 0 0 0 20428 157 0 0 0 0 0 0
[2019-11-08 08:25:39]TIMES:310 GNSS:22578032 113915540 14000000 9000000 52900000 2200204 1 0
[2019-11-08 08:25:44]TIMES:315 MEM FREE:90 11
[2019-11-08 08:25:44]TIMES:315 CPU USE:32 6 26 0
[2019-11-08 08:25:44]TIMES:315 CPU0 USE:32 6 26 0
[2019-11-08 08:25:44]TIMES:315 SERIAL0:153 3418 8234
[2019-11-08 08:25:44]TIMES:315 rmnet0:164864 646 0 0 0 0 0 0 132028 837 0 0 0 0 0 0
[2019-11-08 08:25:44]TIMES:315 rmnet_data1:13665 133 0 0 0 0 0 0 20780 161 0 0 0 0 0 0
[2019-11-08 08:25:44]TIMES:315 rmnet_data0:145576 513 0 0 0 0 0 0 111248 676 0 0 0 0 0 0
[2019-11-08 08:25:44]TIMES:315 GNSS:22578107 113915629 14000000 9000000 55100000 2550078 1 0
[2019-11-08 08:25:49]TIMES:320 CPU USE:15 3 12 0
[2019-11-08 08:25:49]TIMES:320 CPU0 USE:15 3 12 0
[2019-11-08 08:25:49]TIMES:320 SERIAL0:153 3432 8271
[2019-11-08 08:25:49]TIMES:320 NET MODE:5 -65 -96
[2019-11-08 08:25:49]TIMES:320 GNSS:22578222 113915726 13000000 9000000 42300000 3822839 1 0
[2019-11-08 08:25:54]TIMES:325 ZONE2 TEMP:46
[2019-11-08 08:25:54]TIMES:325 CPU USE:22 7 15 0
[2019-11-08 08:25:54]TIMES:325 CPU0 USE:22 7 15 0
[2019-11-08 08:25:54]TIMES:325 SERIAL0:153 3470 8525
[2019-11-08 08:25:54]TIMES:325 rmnet0:164956 647 0 0 0 0 0 0 132172 839 0 0 0 0 0 0
[2019-11-08 08:25:54]TIMES:325 rmnet_data1:13748 134 0 0 0 0 0 0 20924 163 0 0 0 0 0 0
[2019-11-08 08:25:54]TIMES:325 NET MODE:5 -70 -102
[2019-11-08 08:25:54]TIMES:325 GNSS:22578337 113915824 15000000 9000000 43100000 2839331 1 0
[2019-11-08 08:25:59]TIMES:330 ZONE2 TEMP:47
[2019-11-08 08:25:59]TIMES:330 ZONE4 TEMP:43
[2019-11-08 08:25:59]TIMES:330 MEM FREE:90 10
[2019-11-08 08:25:59]TIMES:330 CPU USE:22 6 16 0
[2019-11-08 08:25:59]TIMES:330 CPU0 USE:22 6 16 0
[2019-11-08 08:25:59]TIMES:330 SERIAL0:153 3484 8906
[2019-11-08 08:25:59]TIMES:330 NET MODE:5 -67 -97
[2019-11-08 08:25:59]TIMES:330 GNSS:22578406 113915908 16000000 9000000 48900000 1823951 1 0
[2019-11-08 08:26:04]TIMES:335 ZONE4 TEMP:42
[2019-11-08 08:26:04]TIMES:335 MEM FREE:90 11
[2019-11-08 08:26:04]TIMES:335 CPU USE:16 4 12 0
[2019-11-08 08:26:04]TIMES:335 CPU0 USE:16 4 12 0
[2019-11-08 08:26:04]TIMES:335 SERIAL0:153 3508 9110
[2019-11-08 08:26:04]TIMES:335 GNSS:22578446 113915962 16000000 9000000 73400000 983514 1 0
[2019-11-08 08:26:09]TIMES:340 ZONE0 TEMP:42
[2019-11-08 08:26:09]TIMES:340 ZONE1 TEMP:39
[2019-11-08 08:26:09]TIMES:340 ZONE2 TEMP:42
[2019-11-08 08:26:09]TIMES:340 ZONE3 TEMP:41
[2019-11-08 08:26:09]TIMES:340 ZONE4 TEMP:39
[2019-11-08 08:26:09]TIMES:340 ZONE6 TEMP:36
[2019-11-08 08:26:09]TIMES:340 CPU USE:18 4 14 0
[2019-11-08 08:26:09]TIMES:340 CPU0 USE:18 4 14 0
[2019-11-08 08:26:09]TIMES:340 SERIAL0:153 3536 9263
[2019-11-08 08:26:09]TIMES:340 GNSS:22578409 113916012 16000000 9000000 126100000 1270983 1 0
[2019-11-08 08:26:14]TIMES:345 ZONE0 TEMP:43
[2019-11-08 08:26:14]TIMES:345 ZONE1 TEMP:42
[2019-11-08 08:26:14]TIMES:345 ZONE2 TEMP:44
[2019-11-08 08:26:14]TIMES:345 ZONE3 TEMP:42
[2019-11-08 08:26:14]TIMES:345 ZONE4 TEMP:40
[2019-11-08 08:26:14]TIMES:345 MEM FREE:90 10
[2019-11-08 08:26:14]TIMES:345 CPU USE:24 6 18 0
[2019-11-08 08:26:14]TIMES:345 CPU0 USE:24 6 18 0
[2019-11-08 08:26:14]TIMES:345 SERIAL0:153 3560 9585
[2019-11-08 08:26:14]TIMES:345 rmnet0:165108 649 0 0 0 0 0 0 134288 843 0 0 0 0 0 0
[2019-11-08 08:26:14]TIMES:345 rmnet_data1:13884 136 0 0 0 0 0 0 23040 167 0 0 0 0 0 0
[2019-11-08 08:26:14]TIMES:345 NET MODE:5 -62 -95
[2019-11-08 08:26:14]TIMES:345 GNSS:22578348 113916066 16000000 9000000 136900000 1990628 1 0
[2019-11-08 08:26:19]TIMES:350 ZONE0 TEMP:44
[2019-11-08 08:26:19]TIMES:350 ZONE1 TEMP:43
[2019-11-08 08:26:19]TIMES:350 ZONE2 TEMP:46
[2019-11-08 08:26:19]TIMES:350 ZONE3 TEMP:44
[2019-11-08 08:26:19]TIMES:350 ZONE4 TEMP:42
[2019-11-08 08:26:19]TIMES:350 CPU USE:47 11 36 0
[2019-11-08 08:26:19]TIMES:350 CPU0 USE:47 11 36 0
[2019-11-08 08:26:19]TIMES:350 SERIAL0:153 3588 9744
[2019-11-08 08:26:19]TIMES:350 rmnet0:166380 662 0 0 0 0 0 0 135364 857 0 0 0 0 0 0
[2019-11-08 08:26:19]TIMES:350 rmnet_data1:14387 142 0 0 0 0 0 0 23624 174 0 0 0 0 0 0
[2019-11-08 08:26:19]TIMES:350 rmnet_data0:146232 520 0 0 0 0 0 0 111740 683 0 0 0 0 0 0
[2019-11-08 08:26:19]TIMES:350 GNSS:22578233 113916187 16000000 10000000 135300000 3670054 1 0
[2019-11-08 08:26:24]TIMES:355 ZONE5 TEMP:42
[2019-11-08 08:26:24]TIMES:355 CPU USE:19 2 17 0
[2019-11-08 08:26:24]TIMES:355 CPU0 USE:19 2 17 0
[2019-11-08 08:26:24]TIMES:355 SERIAL0:153 3612 9832
[2019-11-08 08:26:24]TIMES:355 rmnet0:166840 667 0 0 0 0 0 0 135804 862 0 0 0 0 0 0
[2019-11-08 08:26:24]TIMES:355 rmnet_data1:14807 147 0 0 0 0 0 0 24064 179 0 0 0 0 0 0
[2019-11-08 08:26:24]TIMES:355 NET MODE:5 -58 -90
[2019-11-08 08:26:24]TIMES:355 GNSS:22578129 113916320 16000000 10000000 133300000 2620076 1 0
[2019-11-08 08:26:29]TIMES:360 ZONE0 TEMP:45
[2019-11-08 08:26:29]TIMES:360 ZONE5 TEMP:43
[2019-11-08 08:26:29]TIMES:360 CPU USE:21 6 15 0
[2019-11-08 08:26:29]TIMES:360 CPU0 USE:21 6 15 0
[2019-11-08 08:26:29]TIMES:360 SERIAL0:153 3626 10001
[2019-11-08 08:26:29]TIMES:360 rmnet0:167368 673 0 0 0 0 0 0 136288 868 0 0 0 0 0 0
[2019-11-08 08:26:29]TIMES:360 rmnet_data1:15227 152 0 0 0 0 0 0 24504 184 0 0 0 0 0 0
[2019-11-08 08:26:29]TIMES:360 rmnet_data0:146292 521 0 0 0 0 0 0 111784 684 0 0 0 0 0 0
[2019-11-08 08:26:29]TIMES:360 NET MODE:5 -55 -83
[2019-11-08 08:26:29]TIMES:360 GNSS:22578062 113916415 19000000 10000000 128500000 1970406 1 0
[2019-11-08 08:26:34]TIMES:365 ZONE0 TEMP:44
[2019-11-08 08:26:34]TIMES:365 ZONE1 TEMP:44
[2019-11-08 08:26:34]TIMES:365 CPU USE:21 5 16 0
[2019-11-08 08:26:34]TIMES:365 CPU0 USE:21 5 16 0
[2019-11-08 08:26:34]TIMES:365 SERIAL0:153 3664 10123
[2019-11-08 08:26:34]TIMES:365 rmnet0:167828 678 0 0 0 0 0 0 136728 873 0 0 0 0 0 0
[2019-11-08 08:26:34]TIMES:365 rmnet_data1:15647 157 0 0 0 0 0 0 24944 189 0 0 0 0 0 0
[2019-11-08 08:26:34]TIMES:365 GNSS:22577952 113916505 21000000 10000000 141300000 3680000 1 0
[2019-11-08 08:26:39]TIMES:370 ZONE0 TEMP:45
[2019-11-08 08:26:39]TIMES:370 CPU USE:20 6 14 0
[2019-11-08 08:26:39]TIMES:370 CPU0 USE:20 6 14 0
[2019-11-08 08:26:39]TIMES:370 SERIAL0:153 3678 10393
[2019-11-08 08:26:39]TIMES:370 rmnet0:168380 684 0 0 0 0 0 0 137312 880 0 0 0 0 0 0
[2019-11-08 08:26:39]TIMES:370 rmnet_data1:16150 163 0 0 0 0 0 0 25528 196 0 0 0 0 0 0
[2019-11-08 08:26:39]TIMES:370 NET MODE:5 -48 -77
[2019-11-08 08:26:39]TIMES:370 GNSS:22577813 113916605 19000000 9000000 134100008 3400529 1 0
[2019-11-08 08:26:44]TIMES:375 ZONE2 TEMP:47
[2019-11-08 08:26:44]TIMES:375 CPU USE:24 7 17 0
[2019-11-08 08:26:44]TIMES:375 CPU0 USE:24 7 17 0
[2019-11-08 08:26:44]TIMES:375 SERIAL0:153 3716 10674
[2019-11-08 08:26:44]TIMES:375 rmnet0:168840 689 0 0 0 0 0 0 137752 885 0 0 0 0 0 0
[2019-11-08 08:26:44]TIMES:375 rmnet_data1:16570 168 0 0 0 0 0 0 25968 201 0 0 0 0 0 0
[2019-11-08 08:26:44]TIMES:375 GNSS:22577695 113916721 17000000 9000000 136100000 3920625 1 0
[2019-11-08 08:26:49]TIMES:380 ZONE4 TEMP:43
[2019-11-08 08:26:49]TIMES:380 CPU USE:36 10 26 0
[2019-11-08 08:26:49]TIMES:380 CPU0 USE:36 10 26 0
[2019-11-08 08:26:49]TIMES:380 SERIAL0:153 3730 10959
[2019-11-08 08:26:49]TIMES:380 rmnet0:169564 696 0 0 0 0 0 0 138328 892 0 0 0 0 0 0
[2019-11-08 08:26:49]TIMES:380 rmnet_data1:16990 173 0 0 0 0 0 0 26408 206 0 0 0 0 0 0
[2019-11-08 08:26:49]TIMES:380 rmnet_data0:146540 523 0 0 0 0 0 0 111920 686 0 0 0 0 0 0
[2019-11-08 08:26:49]TIMES:380 NET MODE:5 -44 -73
[2019-11-08 08:26:49]TIMES:380 GNSS:22577559 113916839 15000000 9000000 138500000 3920816 1 0
[2019-11-08 08:26:54]TIMES:385 ZONE2 TEMP:46
[2019-11-08 08:26:54]TIMES:385 ZONE4 TEMP:42
[2019-11-08 08:26:54]TIMES:385 CPU USE:28 9 19 0
[2019-11-08 08:26:54]TIMES:385 CPU0 USE:28 9 19 0
[2019-11-08 08:26:54]TIMES:385 SERIAL0:153 3754 11380
[2019-11-08 08:26:54]TIMES:385 rmnet0:170024 701 0 0 0 0 0 0 138768 897 0 0 0 0 0 0
[2019-11-08 08:26:54]TIMES:385 rmnet_data1:17410 178 0 0 0 0 0 0 26848 211 0 0 0 0 0 0
[2019-11-08 08:26:54]TIMES:385 NET MODE:5 -48 -77
[2019-11-08 08:26:54]TIMES:385 GNSS:22577412 113916982 14000000 9000000 138600000 4420916 1 0
[2019-11-08 08:26:59]TIMES:390 ZONE2 TEMP:47
[2019-11-08 08:26:59]TIMES:390 CPU USE:24 8 16 0
[2019-11-08 08:26:59]TIMES:390 CPU0 USE:24 8 16 0
[2019-11-08 08:26:59]TIMES:390 SERIAL0:153 3782 11719
[2019-11-08 08:26:59]TIMES:390 rmnet0:170576 707 0 0 0 0 0 0 139352 904 0 0 0 0 0 0
[2019-11-08 08:26:59]TIMES:390 rmnet_data1:17913 184 0 0 0 0 0 0 27432 218 0 0 0 0 0 0
[2019-11-08 08:26:59]TIMES:390 NET MODE:5 -63 -92
[2019-11-08 08:26:59]TIMES:390 GNSS:22577274 113917127 14000000 10000000 136000000 2540708 1 0
[2019-11-08 08:27:04]TIMES:395 ZONE4 TEMP:43
[2019-11-08 08:27:04]TIMES:395 CPU USE:21 3 18 0
[2019-11-08 08:27:04]TIMES:395 CPU0 USE:21 3 18 0
[2019-11-08 08:27:04]TIMES:395 SERIAL0:153 3806 11797
[2019-11-08 08:27:04]TIMES:395 rmnet0:171156 713 0 0 0 0 0 0 139860 910 0 0 0 0 0 0
[2019-11-08 08:27:04]TIMES:395 rmnet_data1:18333 189 0 0 0 0 0 0 27872 223 0 0 0 0 0 0
[2019-11-08 08:27:04]TIMES:395 rmnet_data0:146652 524 0 0 0 0 0 0 111988 687 0 0 0 0 0 0
[2019-11-08 08:27:04]TIMES:395 GNSS:22577230 113917208 17000000 9000000 132000000 2538700 1 0
[2019-11-08 08:27:09]TIMES:400 ZONE4 TEMP:42
[2019-11-08 08:27:09]TIMES:400 ZONE6 TEMP:37
[2019-11-08 08:27:09]TIMES:400 CPU USE:20 6 14 0
[2019-11-08 08:27:09]TIMES:400 CPU0 USE:20 6 14 0
[2019-11-08 08:27:09]TIMES:400 SERIAL0:153 3834 11898
[2019-11-08 08:27:09]TIMES:400 rmnet0:171616 718 0 0 0 0 0 0 140300 915 0 0 0 0 0 0
[2019-11-08 08:27:09]TIMES:400 rmnet_data1:18753 194 0 0 0 0 0 0 28312 228 0 0 0 0 0 0
[2019-11-08 08:27:09]TIMES:400 GNSS:22577165 113917296 18000000 9000000 135200000 2410020 1 0
[2019-11-08 08:27:14]TIMES:405 CPU USE:25 6 19 0
[2019-11-08 08:27:14]TIMES:405 CPU0 USE:25 6 19 0
[2019-11-08 08:27:14]TIMES:405 SERIAL0:153 3858 12074
[2019-11-08 08:27:14]TIMES:405 rmnet0:172196 725 0 0 0 0 0 0 142752 923 0 0 0 0 0 0
[2019-11-08 08:27:14]TIMES:405 rmnet_data1:19277 201 0 0 0 0 0 0 30764 236 0 0 0 0 0 0
[2019-11-08 08:27:14]TIMES:405 NET MODE:5 -66 -98
[2019-11-08 08:27:14]TIMES:405 GNSS:22577097 113917356 20000000 9000000 161600000 1800999 1 0
[2019-11-08 08:27:19]TIMES:410 CPU USE:22 5 17 0
[2019-11-08 08:27:19]TIMES:410 CPU0 USE:22 5 17 0
[2019-11-08 08:27:19]TIMES:410 SERIAL0:153 3872 12280
[2019-11-08 08:27:19]TIMES:410 rmnet0:172748 731 0 0 0 0 0 0 143336 930 0 0 0 0 0 0
[2019-11-08 08:27:19]TIMES:410 rmnet_data1:19780 207 0 0 0 0 0 0 31348 243 0 0 0 0 0 0
[2019-11-08 08:27:19]TIMES:410 GNSS:22577013 113917323 24000000 10000000 215600000 2866809 1 0
[2019-11-08 08:27:24]TIMES:415 ZONE2 TEMP:46
[2019-11-08 08:27:24]TIMES:415 CPU USE:36 9 27 0
[2019-11-08 08:27:24]TIMES:415 CPU0 USE:36 9 27 0
[2019-11-08 08:27:24]TIMES:415 SERIAL0:153 3910 12475
[2019-11-08 08:27:24]TIMES:415 rmnet0:173472 738 0 0 0 0 0 0 143912 937 0 0 0 0 0 0
[2019-11-08 08:27:24]TIMES:415 rmnet_data1:20200 212 0 0 0 0 0 0 31788 248 0 0 0 0 0 0
[2019-11-08 08:27:24]TIMES:415 rmnet_data0:146900 526 0 0 0 0 0 0 112124 689 0 0 0 0 0 0
[2019-11-08 08:27:24]TIMES:415 NET MODE:5 -70 -103
[2019-11-08 08:27:24]TIMES:415 GNSS:22576915 113917152 22000000 11000000 234300000 4480179 1 0
[2019-11-08 08:27:29]TIMES:420 ZONE2 TEMP:47
[2019-11-08 08:27:29]TIMES:420 CPU USE:18 4 14 0
[2019-11-08 08:27:29]TIMES:420 CPU0 USE:18 4 14 0
[2019-11-08 08:27:29]TIMES:420 SERIAL0:153 3924 12528
[2019-11-08 08:27:29]TIMES:420 rmnet0:173932 743 0 0 0 0 0 0 144352 942 0 0 0 0 0 0
[2019-11-08 08:27:29]TIMES:420 rmnet_data1:20620 217 0 0 0 0 0 0 32228 253 0 0 0 0 0 0
[2019-11-08 08:27:29]TIMES:420 GNSS:22576881 113916951 25000000 11000000 276500000 2402020 1 0
[2019-11-08 08:27:34]TIMES:425 ZONE2 TEMP:46
[2019-11-08 08:27:34]TIMES:425 CPU USE:29 11 18 0
[2019-11-08 08:27:34]TIMES:425 CPU0 USE:29 11 18 0
[2019-11-08 08:27:34]TIMES:425 SERIAL0:153 3962 12995
[2019-11-08 08:27:34]TIMES:425 rmnet0:174392 748 0 0 0 0 0 0 144792 947 0 0 0 0 0 0
[2019-11-08 08:27:34]TIMES:425 rmnet_data1:21040 222 0 0 0 0 0 0 32668 258 0 0 0 0 0 0
[2019-11-08 08:27:34]TIMES:425 GNSS:22576961 113916894 27000000 16000000 0 0 1 0
[2019-11-08 08:27:39]TIMES:430 ZONE2 TEMP:47
[2019-11-08 08:27:39]TIMES:430 CPU USE:21 5 16 0
[2019-11-08 08:27:39]TIMES:430 CPU0 USE:21 5 16 0
[2019-11-08 08:27:39]TIMES:430 SERIAL0:153 3976 13235
[2019-11-08 08:27:39]TIMES:430 rmnet0:174944 754 0 0 0 0 0 0 145376 954 0 0 0 0 0 0
[2019-11-08 08:27:39]TIMES:430 rmnet_data1:21543 228 0 0 0 0 0 0 33252 265 0 0 0 0 0 0
[2019-11-08 08:27:39]TIMES:430 GNSS:22577004 113916849 28000000 25000000 296300000 1852188 1 0
[2019-11-08 08:27:44]TIMES:435 CPU USE:23 6 17 0
[2019-11-08 08:27:44]TIMES:435 CPU0 USE:23 6 17 0
[2019-11-08 08:27:44]TIMES:435 SERIAL0:153 4000 13403
[2019-11-08 08:27:44]TIMES:435 rmnet0:175312 758 0 0 0 0 0 0 145728 958 0 0 0 0 0 0
[2019-11-08 08:27:44]TIMES:435 rmnet_data1:21879 232 0 0 0 0 0 0 33604 269 0 0 0 0 0 0
[2019-11-08 08:27:44]TIMES:435 NET MODE:5 -75 -105
[2019-11-08 08:27:44]TIMES:435 GNSS:22577042 113916759 31000000 29000000 270100000 861452 1 0
[2019-11-08 08:27:49]TIMES:440 CPU USE:26 7 19 0
[2019-11-08 08:27:49]TIMES:440 CPU0 USE:26 7 19 0
[2019-11-08 08:27:49]TIMES:440 SERIAL0:153 4028 13813
[2019-11-08 08:27:49]TIMES:440 GNSS:22577039 113916716 30000000 21000000 238600000 434165 1 0
