[1980-01-06 08:00:16]sleep:5
[1980-01-06 08:00:16]change:1
[1980-01-06 08:00:16]address:
[1980-01-06 08:00:16]time:0
[1980-01-06 08:00:16]size:5
[1980-01-06 08:00:16]Oct 31 2019 14:30:13
[1980-01-06 08:00:21]TIMES:0 ZONE0 TEMP:35
[1980-01-06 08:00:21]TIMES:0 ZONE1 TEMP:32
[1980-01-06 08:00:21]TIMES:0 ZONE2 TEMP:35
[1980-01-06 08:00:21]TIMES:0 ZONE3 TEMP:34
[1980-01-06 08:00:21]TIMES:0 ZONE4 TEMP:33
[1980-01-06 08:00:21]TIMES:0 ZONE5 TEMP:35
[1980-01-06 08:00:21]TIMES:0 ZONE6 TEMP:28
[1980-01-06 08:00:21]TIMES:0 MEM FREE:92 32
[1980-01-06 08:00:21]TIMES:0 CPU0 FREQ:806400
[1980-01-06 08:00:21]TIMES:0 SERIAL0:153 150 196
[1980-01-06 08:00:21]TIMES:0 SERIAL1:151 0 0
[1980-01-06 08:00:21]TIMES:0 bridge0:0 0 0 0 0 0 0 0 660 7 0 0 0 0 0 0
[1980-01-06 08:00:21]TIMES:0 NET DELAY:-500
[1980-01-06 08:00:26]TIMES:5 ZONE0 TEMP:38
[1980-01-06 08:00:26]TIMES:5 ZONE1 TEMP:36
[1980-01-06 08:00:26]TIMES:5 ZONE2 TEMP:39
[1980-01-06 08:00:26]TIMES:5 ZONE3 TEMP:37
[1980-01-06 08:00:26]TIMES:5 ZONE4 TEMP:35
[1980-01-06 08:00:26]TIMES:5 MEM FREE:91 28
[1980-01-06 08:00:26]TIMES:5 CPU USE:52 13 39 0
[1980-01-06 08:00:26]TIMES:5 CPU0 USE:52 13 39 0
[1980-01-06 08:00:26]TIMES:5 SERIAL0:153 188 208
[1980-01-06 08:00:26]TIMES:5 rmnet0:0 0 0 0 0 0 0 0 696 9 0 0 0 0 0 0
[1980-01-06 08:00:26]TIMES:5 rmnet_data1:0 0 0 0 0 0 0 0 388 5 0 0 0 0 0 0
[1980-01-06 08:00:26]TIMES:5 rmnet_data0:0 0 0 0 0 0 0 0 308 4 0 0 0 0 0 0
[2019-11-08 08:54:39]TIMES:10 ZONE1 TEMP:37
[2019-11-08 08:54:39]TIMES:10 ZONE2 TEMP:40
[2019-11-08 08:54:39]TIMES:10 ZONE3 TEMP:38
[2019-11-08 08:54:39]TIMES:10 ZONE4 TEMP:36
[2019-11-08 08:54:39]TIMES:10 ZONE5 TEMP:36
[2019-11-08 08:54:39]TIMES:10 ZONE6 TEMP:29
[2019-11-08 08:54:39][H[JMem: 127992K used, 29000K free, 52K shrd, 0K buff, 63196K cached
STAT     %CPU     COMMAND[0m
3080     top     -n1
S     7.6     modem-service
S     7.6     process-service
S     0.0     /usr/bin/thermal-engine
root     0.0     /usr/bin/netmgrd
root     0.0     mcm_ril_service

[2019-11-08 08:54:39]TIMES:10 CPU USE:89 18 71 0
[2019-11-08 08:54:39][H[JMem: 127820K used, 29172K free, 52K shrd, 0K buff, 63196K cached
STAT     %CPU     COMMAND[0m
3080     top     -n1
S     0.0     /usr/bin/thermal-engine
root     0.0     /usr/bin/netmgrd
root     0.0     mcm_ril_service
S     0.0     modem-service
S     0.0     mcm_data_srv

[2019-11-08 08:54:39]TIMES:10 CPU0 USE:89 18 71 0
[2019-11-08 08:54:39]TIMES:10 SERIAL0:153 248 225
[2019-11-08 08:54:39]TIMES:10 rmnet0:2528 10 0 0 0 0 0 0 2884 28 0 0 0 0 0 0
[2019-11-08 08:54:39]TIMES:10 rmnet_data1:0 0 0 0 0 0 0 0 724 8 0 0 0 0 0 0
[2019-11-08 08:54:39]TIMES:10 rmnet_data0:2430 10 0 0 0 0 0 0 2160 20 0 0 0 0 0 0
[2019-11-08 08:54:39]TIMES:10 NET MODE:5 -66 -100
[2019-11-08 08:54:44]TIMES:15 ZONE2 TEMP:39
[2019-11-08 08:54:44]TIMES:15 ZONE3 TEMP:37
[2019-11-08 08:54:44]TIMES:15 ZONE4 TEMP:35
[2019-11-08 08:54:44]TIMES:15 CPU USE:36 9 27 0
[2019-11-08 08:54:44]TIMES:15 CPU0 USE:36 9 27 0
[2019-11-08 08:54:44]TIMES:15 SERIAL0:153 262 235
[2019-11-08 08:54:44]TIMES:15 rmnet0:3016 15 0 0 0 0 0 0 3508 35 0 0 0 0 0 0
[2019-11-08 08:54:44]TIMES:15 rmnet_data1:0 0 0 0 0 0 0 0 1060 11 0 0 0 0 0 0
[2019-11-08 08:54:44]TIMES:15 rmnet_data0:2872 15 0 0 0 0 0 0 2448 24 0 0 0 0 0 0
[2019-11-08 08:54:49]TIMES:20 ZONE2 TEMP:40
[2019-11-08 08:54:49]TIMES:20 CPU USE:18 2 16 0
[2019-11-08 08:54:49]TIMES:20 CPU0 USE:18 2 16 0
[2019-11-08 08:54:49]TIMES:20 SERIAL0:153 300 248
[2019-11-08 08:54:49]TIMES:20 bridge0:0 0 0 0 0 0 0 0 804 9 0 0 0 0 0 0
[2019-11-08 08:54:49]TIMES:20 rmnet0:3016 15 0 0 0 0 0 0 3620 36 0 0 0 0 0 0
[2019-11-08 08:54:49]TIMES:20 rmnet_data1:0 0 0 0 0 0 0 0 1172 12 0 0 0 0 0 0
[2019-11-08 08:54:54]TIMES:25 CPU USE:16 3 13 0
[2019-11-08 08:54:54]TIMES:25 CPU0 USE:16 3 13 0
[2019-11-08 08:54:54]TIMES:25 SERIAL0:153 314 258
[2019-11-08 08:54:54]TIMES:25 bridge0:0 0 0 0 0 0 0 0 948 11 0 0 0 0 0 0
[2019-11-08 08:54:59]TIMES:30 ZONE6 TEMP:30
[2019-11-08 08:54:59]TIMES:30 CPU USE:15 3 12 0
[2019-11-08 08:54:59]TIMES:30 CPU0 USE:15 3 12 0
[2019-11-08 08:54:59]TIMES:30 SERIAL0:153 366 271
[2019-11-08 08:54:59]TIMES:30 rmnet0:4476 20 0 0 0 0 0 0 3732 37 0 0 0 0 0 0
[2019-11-08 08:54:59]TIMES:30 rmnet_data1:0 0 0 0 0 0 0 0 1284 13 0 0 0 0 0 0
[2019-11-08 08:54:59]TIMES:30 rmnet_data0:4277 20 0 0 0 0 0 0 2448 24 0 0 0 0 0 0
[2019-11-08 08:55:04]TIMES:35 ZONE3 TEMP:38
[2019-11-08 08:55:04]TIMES:35 ZONE4 TEMP:36
[2019-11-08 08:55:04]TIMES:35 ZONE5 TEMP:37
[2019-11-08 08:55:04]TIMES:35 CPU USE:14 3 11 0
[2019-11-08 08:55:04]TIMES:35 CPU0 USE:14 3 11 0
[2019-11-08 08:55:04]TIMES:35 SERIAL0:153 380 281
[2019-11-08 08:55:04]TIMES:35 rmnet0:5060 22 0 0 0 0 0 0 3732 37 0 0 0 0 0 0
[2019-11-08 08:55:04]TIMES:35 rmnet_data0:4839 22 0 0 0 0 0 0 2448 24 0 0 0 0 0 0
[2019-11-08 08:55:09]TIMES:40 MEM FREE:90 28
[2019-11-08 08:55:09]TIMES:40 CPU USE:15 3 12 0
[2019-11-08 08:55:09]TIMES:40 CPU0 USE:15 3 12 0
[2019-11-08 08:55:09]TIMES:40 SERIAL0:153 418 294
[2019-11-08 08:55:09]TIMES:40 rmnet0:5352 23 0 0 0 0 0 0 3732 37 0 0 0 0 0 0
[2019-11-08 08:55:09]TIMES:40 rmnet_data0:5120 23 0 0 0 0 0 0 2448 24 0 0 0 0 0 0
[2019-11-08 08:55:14]TIMES:45 MEM FREE:91 28
[2019-11-08 08:55:14]TIMES:45 CPU USE:22 3 19 0
[2019-11-08 08:55:14]TIMES:45 CPU0 USE:22 3 19 0
[2019-11-08 08:55:14]TIMES:45 SERIAL0:153 432 304
[2019-11-08 08:55:14]TIMES:45 rmnet0:5352 23 0 0 0 0 0 0 3912 39 0 0 0 0 0 0
[2019-11-08 08:55:14]TIMES:45 rmnet_data1:0 0 0 0 0 0 0 0 1396 14 0 0 0 0 0 0
[2019-11-08 08:55:14]TIMES:45 rmnet_data0:5120 23 0 0 0 0 0 0 2516 25 0 0 0 0 0 0
[2019-11-08 08:55:19]TIMES:50 ZONE1 TEMP:38
[2019-11-08 08:55:19]TIMES:50 ZONE2 TEMP:41
[2019-11-08 08:55:19]TIMES:50 MEM FREE:90 28
[2019-11-08 08:55:19]TIMES:50 CPU USE:21 4 17 0
[2019-11-08 08:55:19]TIMES:50 CPU0 USE:21 4 17 0
[2019-11-08 08:55:19]TIMES:50 SERIAL0:153 456 317
[2019-11-08 08:55:19]TIMES:50 rmnet0:6492 28 0 0 0 0 0 0 4048 41 0 0 0 0 0 0
[2019-11-08 08:55:19]TIMES:50 rmnet_data0:6211 28 0 0 0 0 0 0 2652 27 0 0 0 0 0 0
[2019-11-08 08:55:24]TIMES:55 ZONE0 TEMP:39
[2019-11-08 08:55:24]TIMES:55 MEM FREE:91 28
[2019-11-08 08:55:24]TIMES:55 CPU USE:16 3 13 0
[2019-11-08 08:55:24]TIMES:55 CPU0 USE:16 3 13 0
[2019-11-08 08:55:24]TIMES:55 SERIAL0:153 484 327
[2019-11-08 08:55:24]TIMES:55 rmnet0:8804 36 0 0 0 0 0 0 5672 52 0 0 0 0 0 0
[2019-11-08 08:55:24]TIMES:55 rmnet_data1:2160 7 0 0 0 0 0 0 3020 25 0 0 0 0 0 0
[2019-11-08 08:55:24]TIMES:55 rmnet_data0:6282 29 0 0 0 0 0 0 2652 27 0 0 0 0 0 0
[2019-11-08 08:55:29]TIMES:60 CPU USE:18 4 14 0
[2019-11-08 08:55:29]TIMES:60 CPU0 USE:18 4 14 0
[2019-11-08 08:55:29]TIMES:60 SERIAL0:153 544 344
[2019-11-08 08:55:29]TIMES:60 rmnet0:8900 38 0 0 0 0 0 0 5832 54 0 0 0 0 0 0
[2019-11-08 08:55:29]TIMES:60 rmnet_data1:2240 9 0 0 0 0 0 0 3180 27 0 0 0 0 0 0
[2019-11-08 08:55:34]TIMES:65 MEM FREE:90 28
[2019-11-08 08:55:34]TIMES:65 CPU USE:16 2 14 0
[2019-11-08 08:55:34]TIMES:65 CPU0 USE:16 2 14 0
[2019-11-08 08:55:34]TIMES:65 SERIAL0:153 572 354
[2019-11-08 08:55:34]TIMES:65 rmnet0:8948 39 0 0 0 0 0 0 6712 55 0 0 0 0 0 0
[2019-11-08 08:55:34]TIMES:65 rmnet_data1:2280 10 0 0 0 0 0 0 4060 28 0 0 0 0 0 0
[2019-11-08 08:55:39]TIMES:70 MEM FREE:91 28
[2019-11-08 08:55:39]TIMES:70 CPU USE:17 4 13 0
[2019-11-08 08:55:39]TIMES:70 CPU0 USE:17 4 13 0
[2019-11-08 08:55:39]TIMES:70 SERIAL0:153 596 367
[2019-11-08 08:55:39]TIMES:70 rmnet0:9240 40 0 0 0 0 0 0 6712 55 0 0 0 0 0 0
[2019-11-08 08:55:39]TIMES:70 rmnet_data0:6563 30 0 0 0 0 0 0 2652 27 0 0 0 0 0 0
[2019-11-08 08:55:44]TIMES:75 ZONE6 TEMP:31
[2019-11-08 08:55:44]TIMES:75 CPU USE:13 2 11 0
[2019-11-08 08:55:44]TIMES:75 CPU0 USE:13 2 11 0
[2019-11-08 08:55:44]TIMES:75 SERIAL0:153 624 377
[2019-11-08 08:55:49]TIMES:80 ZONE5 TEMP:38
[2019-11-08 08:55:49]TIMES:80 CPU USE:17 2 15 0
[2019-11-08 08:55:49]TIMES:80 CPU0 USE:17 2 15 0
[2019-11-08 08:55:50]TIMES:80 SERIAL0:153 648 390
[2019-11-08 08:55:50]TIMES:80 rmnet0:9532 41 0 0 0 0 0 0 6712 55 0 0 0 0 0 0
[2019-11-08 08:55:50]TIMES:80 rmnet_data0:6844 31 0 0 0 0 0 0 2652 27 0 0 0 0 0 0
[2019-11-08 08:55:55]TIMES:85 ZONE5 TEMP:37
[2019-11-08 08:55:55]TIMES:85 CPU USE:30 5 25 0
[2019-11-08 08:55:55]TIMES:85 CPU0 USE:30 5 25 0
[2019-11-08 08:55:55]TIMES:85 SERIAL0:153 676 400
[2019-11-08 08:55:55]TIMES:85 rmnet0:9876 44 0 0 0 0 0 0 6968 59 0 0 0 0 0 0
[2019-11-08 08:55:55]TIMES:85 rmnet_data1:2351 11 0 0 0 0 0 0 4180 30 0 0 0 0 0 0
[2019-11-08 08:55:55]TIMES:85 rmnet_data0:7092 33 0 0 0 0 0 0 2788 29 0 0 0 0 0 0
[2019-11-08 08:56:00]TIMES:90 ZONE5 TEMP:38
[2019-11-08 08:56:00]TIMES:90 CPU USE:18 3 15 0
[2019-11-08 08:56:00]TIMES:90 CPU0 USE:18 3 15 0
[2019-11-08 08:56:00]TIMES:90 SERIAL0:153 700 413
[2019-11-08 08:56:00]TIMES:90 rmnet0:10168 45 0 0 0 0 0 0 6968 59 0 0 0 0 0 0
[2019-11-08 08:56:00]TIMES:90 rmnet_data0:7373 34 0 0 0 0 0 0 2788 29 0 0 0 0 0 0
[2019-11-08 08:56:05]TIMES:95 CPU USE:15 2 13 0
[2019-11-08 08:56:05]TIMES:95 CPU0 USE:15 2 13 0
[2019-11-08 08:56:05]TIMES:95 SERIAL0:153 714 423
[2019-11-08 08:56:10]TIMES:100 ZONE3 TEMP:39
[2019-11-08 08:56:10]TIMES:100 ZONE4 TEMP:37
[2019-11-08 08:56:10]TIMES:100 CPU USE:15 2 13 0
[2019-11-08 08:56:10]TIMES:100 CPU0 USE:15 2 13 0
[2019-11-08 08:56:10]TIMES:100 SERIAL0:153 752 436
[2019-11-08 08:56:15]TIMES:105 CPU USE:14 2 12 0
[2019-11-08 08:56:15]TIMES:105 CPU0 USE:14 2 12 0
[2019-11-08 08:56:15]TIMES:105 SERIAL0:153 766 446
[2019-11-08 08:56:15]TIMES:105 rmnet0:10540 47 0 0 0 0 0 0 7088 61 0 0 0 0 0 0
[2019-11-08 08:56:15]TIMES:105 rmnet_data1:2422 12 0 0 0 0 0 0 4300 32 0 0 0 0 0 0
[2019-11-08 08:56:15]TIMES:105 rmnet_data0:7654 35 0 0 0 0 0 0 2788 29 0 0 0 0 0 0
[2019-11-08 08:56:20]TIMES:110 CPU USE:15 3 12 0
[2019-11-08 08:56:20]TIMES:110 CPU0 USE:15 3 12 0
[2019-11-08 08:56:20]TIMES:110 SERIAL0:153 804 459
[2019-11-08 08:56:25]TIMES:115 ZONE2 TEMP:42
[2019-11-08 08:56:25]TIMES:115 MEM FREE:90 28
[2019-11-08 08:56:25]TIMES:115 CPU USE:22 3 19 0
[2019-11-08 08:56:25]TIMES:115 CPU0 USE:22 3 19 0
[2019-11-08 08:56:25]TIMES:115 SERIAL0:153 818 469
[2019-11-08 08:56:25]TIMES:115 rmnet0:10832 48 0 0 0 0 0 0 7156 62 0 0 0 0 0 0
[2019-11-08 08:56:25]TIMES:115 rmnet_data0:7935 36 0 0 0 0 0 0 2856 30 0 0 0 0 0 0
[2019-11-08 08:56:30]TIMES:120 ZONE1 TEMP:39
[2019-11-08 08:56:30]TIMES:120 CPU USE:17 3 14 0
[2019-11-08 08:56:30]TIMES:120 CPU0 USE:17 3 14 0
[2019-11-08 08:56:30]TIMES:120 SERIAL0:153 856 482
[2019-11-08 08:56:30]TIMES:120 rmnet0:11096 50 0 0 0 0 0 0 7292 64 0 0 0 0 0 0
[2019-11-08 08:56:30]TIMES:120 rmnet_data0:8183 38 0 0 0 0 0 0 2992 32 0 0 0 0 0 0
[2019-11-08 08:56:35]TIMES:125 MEM FREE:90 27
[2019-11-08 08:56:35]TIMES:125 CPU USE:16 4 12 0
[2019-11-08 08:56:35]TIMES:125 CPU0 USE:16 4 12 0
[2019-11-08 08:56:35]TIMES:125 SERIAL0:153 870 492
[2019-11-08 08:56:35]TIMES:125 rmnet0:11776 58 0 0 0 0 0 0 8848 73 0 0 0 0 0 0
[2019-11-08 08:56:35]TIMES:125 rmnet_data1:2953 19 0 0 0 0 0 0 5768 40 0 0 0 0 0 0
[2019-11-08 08:56:35]TIMES:125 rmnet_data0:8267 39 0 0 0 0 0 0 3080 33 0 0 0 0 0 0
[2019-11-08 08:56:40]TIMES:130 ZONE0 TEMP:40
[2019-11-08 08:56:40]TIMES:130 MEM FREE:90 28
[2019-11-08 08:56:40]TIMES:130 CPU USE:17 3 14 0
[2019-11-08 08:56:40]TIMES:130 CPU0 USE:17 3 14 0
[2019-11-08 08:56:40]TIMES:130 SERIAL0:153 908 505
[2019-11-08 08:56:40]TIMES:130 rmnet0:12528 64 0 0 0 0 0 0 9288 78 0 0 0 0 0 0
[2019-11-08 08:56:40]TIMES:130 rmnet_data1:3373 24 0 0 0 0 0 0 6208 45 0 0 0 0 0 0
[2019-11-08 08:56:40]TIMES:130 rmnet_data0:8548 40 0 0 0 0 0 0 3080 33 0 0 0 0 0 0
