[1980-01-06 08:00:16]sleep:5
[1980-01-06 08:00:16]change:1
[1980-01-06 08:00:16]address:
[1980-01-06 08:00:16]time:0
[1980-01-06 08:00:16]size:5
[1980-01-06 08:00:16]Oct 31 2019 14:30:13
[1980-01-06 08:00:21]TIMES:0 ZONE0 TEMP:40
[1980-01-06 08:00:21]TIMES:0 ZONE1 TEMP:37
[1980-01-06 08:00:21]TIMES:0 ZONE2 TEMP:40
[1980-01-06 08:00:21]TIMES:0 ZONE3 TEMP:39
[1980-01-06 08:00:21]TIMES:0 ZONE4 TEMP:38
[1980-01-06 08:00:21]TIMES:0 ZONE5 TEMP:39
[1980-01-06 08:00:21]TIMES:0 ZONE6 TEMP:33
[1980-01-06 08:00:21]TIMES:0 MEM FREE:91 31
[1980-01-06 08:00:21]TIMES:0 CPU0 FREQ:806400
[1980-01-06 08:00:21]TIMES:0 SERIAL0:153 152 186
[1980-01-06 08:00:21]TIMES:0 SERIAL1:151 0 0
[1980-01-06 08:00:21]TIMES:0 bridge0:0 0 0 0 0 0 0 0 596 7 0 0 0 0 0 0
[1980-01-06 08:00:21]TIMES:0 NET DELAY:-500
[1980-01-06 08:00:26]TIMES:5 ZONE0 TEMP:42
[1980-01-06 08:00:26]TIMES:5 ZONE1 TEMP:41
[1980-01-06 08:00:26]TIMES:5 ZONE2 TEMP:44
[1980-01-06 08:00:26]TIMES:5 ZONE3 TEMP:42
[1980-01-06 08:00:26]TIMES:5 ZONE4 TEMP:40
[1980-01-06 08:00:26]TIMES:5 ZONE5 TEMP:40
[1980-01-06 08:00:26]TIMES:5 MEM FREE:90 28
[1980-01-06 08:00:26]TIMES:5 CPU USE:54 13 41 0
[1980-01-06 08:00:26]TIMES:5 CPU0 USE:54 13 41 0
[1980-01-06 08:00:26]TIMES:5 SERIAL0:153 190 198
[1980-01-06 08:00:26]TIMES:5 rmnet0:0 0 0 0 0 0 0 0 776 10 0 0 0 0 0 0
[1980-01-06 08:00:26]TIMES:5 rmnet_data1:0 0 0 0 0 0 0 0 388 5 0 0 0 0 0 0
[1980-01-06 08:00:26]TIMES:5 rmnet_data0:0 0 0 0 0 0 0 0 388 5 0 0 0 0 0 0
[2019-11-08 11:45:50]TIMES:10 ZONE0 TEMP:43
[2019-11-08 11:45:50]TIMES:10 ZONE1 TEMP:42
[2019-11-08 11:45:50]TIMES:10 ZONE4 TEMP:41
[2019-11-08 11:45:50]TIMES:10 ZONE6 TEMP:34
[2019-11-08 11:45:50]TIMES:10 MEM FREE:89 26
[2019-11-08 11:45:50][H[JMem: 129388K used, 27604K free, 52K shrd, 0K buff, 63228K cached
STAT     %CPU     COMMAND[0m
S     6.6     modem-service
S     6.6     tspcomm-service
S     6.6     power-service
S     6.6     process-service
logcat     modem-service     -f
-b     -f     /data/

[2019-11-08 11:45:50]TIMES:10 CPU USE:96 19 77 0
[2019-11-08 11:45:51][H[JMem: 129304K used, 27688K free, 52K shrd, 0K buff, 63236K cached
STAT     %CPU     COMMAND[0m
S     14.2     modem-service
3080     top     -n1
SW     7.1     [ksoftirqd/0]
root     0.0     /usr/bin/netmgrd
S     0.0     /usr/bin/thermal-engine
root     0.0     mcm_ril_service

[2019-11-08 11:45:51]TIMES:10 CPU0 USE:96 19 77 0
[2019-11-08 11:45:51]TIMES:10 SERIAL0:153 250 225
[2019-11-08 11:45:51]TIMES:10 rmnet0:2896 14 0 0 0 0 0 0 3060 30 0 0 0 0 0 0
[2019-11-08 11:45:51]TIMES:10 rmnet_data1:0 0 0 0 0 0 0 0 724 8 0 0 0 0 0 0
[2019-11-08 11:45:51]TIMES:10 rmnet_data0:2760 14 0 0 0 0 0 0 2336 22 0 0 0 0 0 0
[2019-11-08 11:45:51]TIMES:10 NET MODE:5 -68 -102
[2019-11-08 11:45:56]TIMES:15 ZONE0 TEMP:42
[2019-11-08 11:45:56]TIMES:15 ZONE1 TEMP:41
[2019-11-08 11:45:56]TIMES:15 ZONE4 TEMP:39
[2019-11-08 11:45:56]TIMES:15 MEM FREE:90 27
[2019-11-08 11:45:56]TIMES:15 CPU USE:32 7 25 0
[2019-11-08 11:45:56]TIMES:15 CPU0 USE:32 7 25 0
[2019-11-08 11:45:56]TIMES:15 SERIAL0:153 264 235
[2019-11-08 11:45:56]TIMES:15 bridge0:0 0 0 0 0 0 0 0 668 8 0 0 0 0 0 0
[2019-11-08 11:45:56]TIMES:15 rmnet0:3016 15 0 0 0 0 0 0 3604 35 0 0 0 0 0 0
[2019-11-08 11:45:56]TIMES:15 rmnet_data1:0 0 0 0 0 0 0 0 1200 12 0 0 0 0 0 0
[2019-11-08 11:45:56]TIMES:15 rmnet_data0:2872 15 0 0 0 0 0 0 2404 23 0 0 0 0 0 0
[2019-11-08 11:46:01]TIMES:20 ZONE3 TEMP:41
[2019-11-08 11:46:01]TIMES:20 ZONE4 TEMP:40
[2019-11-08 11:46:01]TIMES:20 ZONE5 TEMP:41
[2019-11-08 11:46:01]TIMES:20 CPU USE:19 3 16 0
[2019-11-08 11:46:01]TIMES:20 CPU0 USE:19 3 16 0
[2019-11-08 11:46:01]TIMES:20 SERIAL0:153 338 252
[2019-11-08 11:46:01]TIMES:20 bridge0:0 0 0 0 0 0 0 0 740 9 0 0 0 0 0 0
[2019-11-08 11:46:01]TIMES:20 rmnet0:5792 30 0 0 0 0 0 0 5408 47 0 0 0 0 0 0
[2019-11-08 11:46:01]TIMES:20 rmnet_data1:2280 10 0 0 0 0 0 0 3004 24 0 0 0 0 0 0
[2019-11-08 11:46:01]TIMES:20 rmnet_data0:3227 20 0 0 0 0 0 0 2404 23 0 0 0 0 0 0
[2019-11-08 11:46:06]TIMES:25 ZONE3 TEMP:42
[2019-11-08 11:46:06]TIMES:25 CPU USE:16 4 12 0
[2019-11-08 11:46:06]TIMES:25 CPU0 USE:16 4 12 0
[2019-11-08 11:46:06]TIMES:25 SERIAL0:153 352 262
[2019-11-08 11:46:06]TIMES:25 bridge0:0 0 0 0 0 0 0 0 884 11 0 0 0 0 0 0
[2019-11-08 11:46:06]TIMES:25 rmnet0:5952 32 0 0 0 0 0 0 5528 49 0 0 0 0 0 0
[2019-11-08 11:46:06]TIMES:25 rmnet_data1:2351 11 0 0 0 0 0 0 3124 26 0 0 0 0 0 0
[2019-11-08 11:46:06]TIMES:25 rmnet_data0:3298 21 0 0 0 0 0 0 2404 23 0 0 0 0 0 0
[2019-11-08 11:46:11]TIMES:30 CPU USE:15 3 12 0
[2019-11-08 11:46:11]TIMES:30 CPU0 USE:15 3 12 0
[2019-11-08 11:46:11]TIMES:30 SERIAL0:153 390 275
[2019-11-08 11:46:11]TIMES:30 rmnet0:6032 33 0 0 0 0 0 0 5732 50 0 0 0 0 0 0
[2019-11-08 11:46:11]TIMES:30 rmnet_data1:2351 11 0 0 0 0 0 0 3328 27 0 0 0 0 0 0
[2019-11-08 11:46:11]TIMES:30 rmnet_data0:3369 22 0 0 0 0 0 0 2404 23 0 0 0 0 0 0
[2019-11-08 11:46:16]TIMES:35 CPU USE:17 2 15 0
[2019-11-08 11:46:16]TIMES:35 CPU0 USE:17 2 15 0
[2019-11-08 11:46:16]TIMES:35 SERIAL0:153 404 285
[2019-11-08 11:46:21]TIMES:40 ZONE0 TEMP:43
[2019-11-08 11:46:21]TIMES:40 CPU USE:35 7 28 0
[2019-11-08 11:46:21]TIMES:40 CPU0 USE:35 7 28 0
[2019-11-08 11:46:21]TIMES:40 SERIAL0:153 442 298
[2019-11-08 11:46:26]TIMES:45 ZONE0 TEMP:42
[2019-11-08 11:46:26]TIMES:45 MEM FREE:89 27
[2019-11-08 11:46:26]TIMES:45 CPU USE:32 7 25 0
[2019-11-08 11:46:26]TIMES:45 CPU0 USE:32 7 25 0
[2019-11-08 11:46:26]TIMES:45 SERIAL0:153 470 308
[2019-11-08 11:46:26]TIMES:45 rmnet0:6456 37 0 0 0 0 0 0 5988 54 0 0 0 0 0 0
[2019-11-08 11:46:26]TIMES:45 rmnet_data1:2422 12 0 0 0 0 0 0 3448 29 0 0 0 0 0 0
[2019-11-08 11:46:26]TIMES:45 rmnet_data0:3688 25 0 0 0 0 0 0 2540 25 0 0 0 0 0 0
[2019-11-08 11:46:31]TIMES:50 ZONE0 TEMP:43
[2019-11-08 11:46:31]TIMES:50 ZONE1 TEMP:42
[2019-11-08 11:46:31]TIMES:50 ZONE2 TEMP:45
[2019-11-08 11:46:31]TIMES:50 MEM FREE:90 27
[2019-11-08 11:46:31]TIMES:50 CPU USE:36 7 29 0
[2019-11-08 11:46:31]TIMES:50 CPU0 USE:36 7 29 0
[2019-11-08 11:46:31]TIMES:50 SERIAL0:153 494 321
[2019-11-08 11:46:36]TIMES:55 ZONE2 TEMP:44
[2019-11-08 11:46:36]TIMES:55 CPU USE:19 4 15 0
[2019-11-08 11:46:36]TIMES:55 CPU0 USE:19 4 15 0
[2019-11-08 11:46:36]TIMES:55 SERIAL0:153 522 331
[2019-11-08 11:46:36]TIMES:55 bridge0:784 4 0 0 0 0 0 0 968 14 0 0 0 0 0 0
[2019-11-08 11:46:36]TIMES:55 rmnet0:6536 38 0 0 0 0 0 0 5988 54 0 0 0 0 0 0
[2019-11-08 11:46:36]TIMES:55 rmnet_data0:3759 26 0 0 0 0 0 0 2540 25 0 0 0 0 0 0
[2019-11-08 11:46:36]TIMES:55 rndis0:1557 14 0 0 0 0 0 0 372 4 0 0 0 0 0 0
[2019-11-08 11:46:41]TIMES:60 ZONE2 TEMP:45
[2019-11-08 11:46:41]TIMES:60 ZONE3 TEMP:43
[2019-11-08 11:46:41]TIMES:60 ZONE4 TEMP:41
[2019-11-08 11:46:41]TIMES:60 MEM FREE:89 26
[2019-11-08 11:46:41]TIMES:60 CPU USE:26 6 20 0
[2019-11-08 11:46:41]TIMES:60 CPU0 USE:26 6 20 0
[2019-11-08 11:46:41]TIMES:60 SERIAL0:153 546 344
[2019-11-08 11:46:41]TIMES:60 bridge0:4254 48 0 0 0 0 0 0 2911 33 0 0 0 0 0 0
[2019-11-08 11:46:41]TIMES:60 rmnet0:7804 48 0 0 0 0 0 0 8868 73 0 0 0 0 0 0
[2019-11-08 11:46:41]TIMES:60 rmnet_data1:2422 12 0 0 0 0 0 0 4328 30 0 0 0 0 0 0
[2019-11-08 11:46:41]TIMES:60 rmnet_data0:4926 36 0 0 0 0 0 0 4540 43 0 0 0 0 0 0
[2019-11-08 11:46:41]TIMES:60 rndis0:5942 70 0 0 0 0 0 0 3531 24 0 0 0 0 0 0
[2019-11-08 11:46:46]TIMES:65 ZONE3 TEMP:42
[2019-11-08 11:46:46]TIMES:65 ZONE4 TEMP:40
[2019-11-08 11:46:46]TIMES:65 ZONE6 TEMP:35
[2019-11-08 11:46:46]TIMES:65 CPU USE:16 4 12 0
[2019-11-08 11:46:46]TIMES:65 CPU0 USE:16 4 12 0
[2019-11-08 11:46:46]TIMES:65 SERIAL0:153 560 354
[2019-11-08 11:46:46]TIMES:65 bridge0:6091 75 0 0 0 0 0 0 3866 42 0 0 0 0 0 0
[2019-11-08 11:46:46]TIMES:65 rmnet0:8444 56 0 0 0 0 0 0 9364 81 0 0 0 0 0 0
[2019-11-08 11:46:46]TIMES:65 rmnet_data1:2533 14 0 0 0 0 0 0 4448 32 0 0 0 0 0 0
[2019-11-08 11:46:46]TIMES:65 rmnet_data0:5388 42 0 0 0 0 0 0 4916 49 0 0 0 0 0 0
[2019-11-08 11:46:46]TIMES:65 rndis0:8584 106 0 0 0 0 0 0 5106 34 0 0 0 0 0 0
[2019-11-08 11:46:51]TIMES:70 ZONE3 TEMP:43
[2019-11-08 11:46:51]TIMES:70 CPU USE:19 2 17 0
[2019-11-08 11:46:51]TIMES:70 CPU0 USE:19 2 17 0
[2019-11-08 11:46:51]TIMES:70 SERIAL0:153 598 367
[2019-11-08 11:46:51]TIMES:70 bridge0:6729 85 0 0 0 0 0 0 3906 43 0 0 0 0 0 0
[2019-11-08 11:46:51]TIMES:70 rndis0:9796 122 0 0 0 0 0 0 5204 35 0 0 0 0 0 0
[2019-11-08 11:46:56]TIMES:75 ZONE3 TEMP:42
[2019-11-08 11:46:56]TIMES:75 CPU USE:24 6 18 0
[2019-11-08 11:46:56]TIMES:75 CPU0 USE:24 6 18 0
[2019-11-08 11:46:56]TIMES:75 SERIAL0:153 612 377
[2019-11-08 11:46:56]TIMES:75 bridge0:7858 103 0 0 0 0 0 0 5584 51 0 0 0 0 0 0
[2019-11-08 11:46:56]TIMES:75 rmnet0:8444 56 0 0 0 0 0 0 9540 83 0 0 0 0 0 0
[2019-11-08 11:46:56]TIMES:75 rmnet_data0:5388 42 0 0 0 0 0 0 5092 51 0 0 0 0 0 0
[2019-11-08 11:46:56]TIMES:75 rndis0:11356 145 0 0 0 0 0 0 7346 43 0 0 0 0 0 0
[2019-11-08 11:47:01]TIMES:80 CPU USE:20 3 17 0
[2019-11-08 11:47:01]TIMES:80 CPU0 USE:20 3 17 0
[2019-11-08 11:47:01]TIMES:80 SERIAL0:153 650 390
[2019-11-08 11:47:01]TIMES:80 bridge0:8605 114 0 0 0 0 0 0 5655 52 0 0 0 0 0 0
[2019-11-08 11:47:01]TIMES:80 rmnet0:8788 59 0 0 0 0 0 0 9676 85 0 0 0 0 0 0
[2019-11-08 11:47:01]TIMES:80 rmnet_data0:5707 45 0 0 0 0 0 0 5228 53 0 0 0 0 0 0
[2019-11-08 11:47:01]TIMES:80 rndis0:12606 162 0 0 0 0 0 0 7695 46 0 0 0 0 0 0
[2019-11-08 11:47:06]TIMES:85 CPU USE:17 3 14 0
[2019-11-08 11:47:06]TIMES:85 CPU0 USE:17 3 14 0
[2019-11-08 11:47:06]TIMES:85 SERIAL0:153 664 400
[2019-11-08 11:47:06]TIMES:85 bridge0:9203 123 0 0 0 0 0 0 5655 52 0 0 0 0 0 0
[2019-11-08 11:47:06]TIMES:85 rmnet0:8868 60 0 0 0 0 0 0 9796 87 0 0 0 0 0 0
[2019-11-08 11:47:06]TIMES:85 rmnet_data1:2604 15 0 0 0 0 0 0 4568 34 0 0 0 0 0 0
[2019-11-08 11:47:06]TIMES:85 rndis0:13596 177 0 0 0 0 0 0 7695 46 0 0 0 0 0 0
