[1980-01-06 08:00:48]sleep:5
[1980-01-06 08:00:48]change:1
[1980-01-06 08:00:48]address:
[1980-01-06 08:00:48]time:0
[1980-01-06 08:00:48]size:5
[1980-01-06 08:00:48]Sep 18 2019 09:56:19
[1980-01-06 08:00:53]TIMES:0 ZONE0 TEMP:41
[1980-01-06 08:00:53]TIMES:0 ZONE1 TEMP:40
[1980-01-06 08:00:53]TIMES:0 ZONE2 TEMP:39
[1980-01-06 08:00:53]TIMES:0 ZONE3 TEMP:40
[1980-01-06 08:00:53]TIMES:0 ZONE4 TEMP:39
[1980-01-06 08:00:53]TIMES:0 ZONE5 TEMP:36
[1980-01-06 08:00:53]TIMES:0 ZONE6 TEMP:29
[1980-01-06 08:00:53]TIMES:0 MEM FREE:83 17
[1980-01-06 08:00:53]TIMES:0 CPU0 FREQ:1305600
[1980-01-06 08:00:53]TIMES:0 SERIAL0:24 2919 0
[1980-01-06 08:00:53]TIMES:0 SERIAL1:25 12 0
[1980-01-06 08:00:53]TIMES:0 bridge0:0 0 0 0 0 0 0 0 76 1 0 0 0 0 0 0
[1980-01-06 08:00:53]TIMES:0 NET DELAY:-500
[1980-01-06 08:00:58]TIMES:5 ZONE2 TEMP:40
[1980-01-06 08:00:58]TIMES:5 ZONE3 TEMP:41
[1980-01-06 08:00:58]TIMES:5 MEM FREE:82 14
[1980-01-06 08:00:58]TIMES:5 CPU USE:63 12 51 0
[1980-01-06 08:00:58]TIMES:5 CPU0 USE:63 12 51 0
[1980-01-06 08:00:58]TIMES:5 rmnet0:0 0 0 0 0 0 0 0 807 11 0 0 0 0 0 0
[1980-01-06 08:00:58]TIMES:5 rmnet_data1:0 0 0 0 0 0 0 0 372 5 0 0 0 0 0 0
[1980-01-06 08:00:58]TIMES:5 rmnet_data0:0 0 0 0 0 0 0 0 435 6 0 0 0 0 0 0
[1980-01-06 08:01:03]TIMES:10 ZONE3 TEMP:40
[1980-01-06 08:01:03]TIMES:10 ZONE4 TEMP:38
[1980-01-06 08:01:03]TIMES:10 ZONE5 TEMP:37
[1980-01-06 08:01:03]TIMES:10 ZONE6 TEMP:30
[1980-01-06 08:01:03]TIMES:10 CPU0 FREQ:998400
[1980-01-06 08:01:03]TIMES:10 CPU USE:28 6 22 0
[1980-01-06 08:01:03]TIMES:10 CPU0 USE:28 6 22 0
[1980-01-06 08:01:03]TIMES:10 rmnet0:84 1 0 0 0 0 0 0 911 13 0 0 0 0 0 0
[1980-01-06 08:01:03]TIMES:10 rmnet_data1:0 0 0 0 0 0 0 0 424 6 0 0 0 0 0 0
[1980-01-06 08:01:03]TIMES:10 rmnet_data0:75 1 0 0 0 0 0 0 487 7 0 0 0 0 0 0
[1980-01-06 08:01:08]TIMES:15 ZONE2 TEMP:39
[1980-01-06 08:01:08]TIMES:15 CPU USE:12 2 10 0
[1980-01-06 08:01:08]TIMES:15 CPU0 USE:12 2 10 0
[1980-01-06 08:01:08]TIMES:15 rmnet0:84 1 0 0 0 0 0 0 1015 15 0 0 0 0 0 0
[1980-01-06 08:01:08]TIMES:15 rmnet_data1:0 0 0 0 0 0 0 0 476 7 0 0 0 0 0 0
[1980-01-06 08:01:08]TIMES:15 rmnet_data0:75 1 0 0 0 0 0 0 539 8 0 0 0 0 0 0
[2019-10-30 09:09:54]TIMES:20 ZONE2 TEMP:40
[2019-10-30 09:09:54]TIMES:20 CPU USE:17 3 14 0
[2019-10-30 09:09:54]TIMES:20 CPU0 USE:17 3 14 0
[2019-10-30 09:09:54]TIMES:20 SERIAL0:24 3422 0
[2019-10-30 09:09:54]TIMES:20 rmnet0:168 2 0 0 0 0 0 0 1095 16 0 0 0 0 0 0
[2019-10-30 09:09:54]TIMES:20 rmnet_data0:151 2 0 0 0 0 0 0 619 9 0 0 0 0 0 0
[2019-10-30 09:09:59]TIMES:25 CPU USE:12 3 9 0
[2019-10-30 09:09:59]TIMES:25 CPU0 USE:12 3 9 0
[2019-10-30 09:10:04]TIMES:30 ZONE3 TEMP:41
[2019-10-30 09:10:04]TIMES:30 ZONE4 TEMP:39
[2019-10-30 09:10:04]TIMES:30 ZONE5 TEMP:38
[2019-10-30 09:10:04]TIMES:30 ZONE6 TEMP:31
[2019-10-30 09:10:04]TIMES:30 CPU USE:14 3 11 0
[2019-10-30 09:10:04]TIMES:30 CPU0 USE:14 3 11 0
[2019-10-30 09:10:09]TIMES:35 ZONE0 TEMP:42
[2019-10-30 09:10:09]TIMES:35 ZONE1 TEMP:41
[2019-10-30 09:10:09]TIMES:35 ZONE2 TEMP:41
[2019-10-30 09:10:09]TIMES:35 CPU USE:18 4 14 0
[2019-10-30 09:10:09]TIMES:35 CPU0 USE:18 4 14 0
[2019-10-30 09:10:09]TIMES:35 rmnet0:252 3 0 0 0 0 0 0 1158 17 0 0 0 0 0 0
[2019-10-30 09:10:09]TIMES:35 rmnet_data1:75 1 0 0 0 0 0 0 539 8 0 0 0 0 0 0
[2019-10-30 09:10:14]TIMES:40 ZONE3 TEMP:42
[2019-10-30 09:10:14]TIMES:40 CPU USE:23 6 17 0
[2019-10-30 09:10:14]TIMES:40 CPU0 USE:23 6 17 0
[2019-10-30 09:10:19]TIMES:45 ZONE0 TEMP:40
[2019-10-30 09:10:19]TIMES:45 ZONE1 TEMP:37
[2019-10-30 09:10:19]TIMES:45 ZONE2 TEMP:37
[2019-10-30 09:10:19]TIMES:45 ZONE3 TEMP:38
[2019-10-30 09:10:19]TIMES:45 ZONE4 TEMP:37
[2019-10-30 09:10:19]TIMES:45 CPU USE:10 1 9 0
[2019-10-30 09:10:19]TIMES:45 CPU0 USE:10 1 9 0
[2019-10-30 09:10:24]TIMES:50 ZONE0 TEMP:39
[2019-10-30 09:10:24]TIMES:50 ZONE1 TEMP:36
[2019-10-30 09:10:24]TIMES:50 ZONE2 TEMP:36
[2019-10-30 09:10:24]TIMES:50 ZONE3 TEMP:37
[2019-10-30 09:10:24]TIMES:50 ZONE4 TEMP:36
[2019-10-30 09:10:24]TIMES:50 CPU USE:16 4 12 0
[2019-10-30 09:10:24]TIMES:50 CPU0 USE:16 4 12 0
[2019-10-30 09:10:29]TIMES:55 ZONE2 TEMP:35
[2019-10-30 09:10:29]TIMES:55 ZONE6 TEMP:30
[2019-10-30 09:10:29]TIMES:55 CPU USE:12 2 10 0
[2019-10-30 09:10:29]TIMES:55 CPU0 USE:12 2 10 0
[2019-10-30 09:10:34]TIMES:60 ZONE5 TEMP:37
[2019-10-30 09:10:34]TIMES:60 CPU USE:13 2 11 0
[2019-10-30 09:10:34]TIMES:60 CPU0 USE:13 2 11 0
[2019-10-30 09:10:39]TIMES:65 ZONE0 TEMP:41
[2019-10-30 09:10:39]TIMES:65 ZONE1 TEMP:40
[2019-10-30 09:10:39]TIMES:65 ZONE2 TEMP:40
[2019-10-30 09:10:39]TIMES:65 ZONE3 TEMP:41
[2019-10-30 09:10:39]TIMES:65 ZONE4 TEMP:39
[2019-10-30 09:10:39]TIMES:65 ZONE5 TEMP:38
[2019-10-30 09:10:39]TIMES:65 ZONE6 TEMP:31
[2019-10-30 09:10:39]TIMES:65 CPU USE:17 3 14 0
[2019-10-30 09:10:39]TIMES:65 CPU0 USE:17 3 14 0
[2019-10-30 09:10:39]TIMES:65 rmnet0:336 4 0 0 0 0 0 0 1221 18 0 0 0 0 0 0
[2019-10-30 09:10:39]TIMES:65 rmnet_data1:150 2 0 0 0 0 0 0 602 9 0 0 0 0 0 0
[2019-10-30 09:10:44]TIMES:70 ZONE0 TEMP:43
[2019-10-30 09:10:44]TIMES:70 ZONE1 TEMP:41
[2019-10-30 09:10:44]TIMES:70 ZONE2 TEMP:41
[2019-10-30 09:10:44]TIMES:70 ZONE3 TEMP:42
[2019-10-30 09:10:44]TIMES:70 ZONE4 TEMP:40
[2019-10-30 09:10:44]TIMES:70 MEM FREE:82 13
[2019-10-30 09:10:44]TIMES:70 CPU0 FREQ:1248000
[2019-10-30 09:10:44]TIMES:70 CPU USE:24 4 20 0
[2019-10-30 09:10:44]TIMES:70 CPU0 USE:24 4 20 0
[2019-10-30 09:10:49]TIMES:75 ZONE6 TEMP:32
[2019-10-30 09:10:49]TIMES:75 CPU0 FREQ:998400
[2019-10-30 09:10:49]TIMES:75 CPU USE:11 3 8 0
[2019-10-30 09:10:49]TIMES:75 CPU0 USE:11 3 8 0
[2019-10-30 09:10:54]TIMES:80 ZONE0 TEMP:40
[2019-10-30 09:10:54]TIMES:80 ZONE1 TEMP:37
[2019-10-30 09:10:54]TIMES:80 ZONE2 TEMP:36
[2019-10-30 09:10:54]TIMES:80 ZONE3 TEMP:38
[2019-10-30 09:10:54]TIMES:80 ZONE4 TEMP:37
[2019-10-30 09:10:54]TIMES:80 ZONE6 TEMP:31
[2019-10-30 09:10:54]TIMES:80 CPU USE:16 3 13 0
[2019-10-30 09:10:54]TIMES:80 CPU0 USE:16 3 13 0
[2019-10-30 09:10:59]TIMES:85 ZONE0 TEMP:39
[2019-10-30 09:10:59]TIMES:85 ZONE1 TEMP:36
[2019-10-30 09:10:59]TIMES:85 ZONE3 TEMP:37
[2019-10-30 09:10:59]TIMES:85 ZONE4 TEMP:36
[2019-10-30 09:10:59]TIMES:85 CPU USE:13 1 12 0
[2019-10-30 09:10:59]TIMES:85 CPU0 USE:13 1 12 0
[2019-10-30 09:11:04]TIMES:90 CPU USE:14 2 12 0
[2019-10-30 09:11:04]TIMES:90 CPU0 USE:14 2 12 0
[2019-10-30 09:11:09]TIMES:95 ZONE0 TEMP:41
[2019-10-30 09:11:09]TIMES:95 ZONE1 TEMP:40
[2019-10-30 09:11:09]TIMES:95 ZONE2 TEMP:40
[2019-10-30 09:11:09]TIMES:95 ZONE3 TEMP:40
[2019-10-30 09:11:09]TIMES:95 ZONE4 TEMP:38
[2019-10-30 09:11:09]TIMES:95 CPU USE:16 2 14 0
[2019-10-30 09:11:09]TIMES:95 CPU0 USE:16 2 14 0
[2019-10-30 09:11:09]TIMES:95 rmnet0:420 5 0 0 0 0 0 0 1284 19 0 0 0 0 0 0
[2019-10-30 09:11:09]TIMES:95 rmnet_data1:225 3 0 0 0 0 0 0 665 10 0 0 0 0 0 0
[2019-10-30 09:11:14]TIMES:100 ZONE0 TEMP:43
[2019-10-30 09:11:14]TIMES:100 ZONE1 TEMP:42
[2019-10-30 09:11:14]TIMES:100 ZONE2 TEMP:42
[2019-10-30 09:11:14]TIMES:100 ZONE3 TEMP:43
[2019-10-30 09:11:14]TIMES:100 ZONE4 TEMP:40
[2019-10-30 09:11:14]TIMES:100 ZONE6 TEMP:32
[2019-10-30 09:11:14]TIMES:100 CPU USE:23 5 18 0
[2019-10-30 09:11:14]TIMES:100 CPU0 USE:23 5 18 0
[2019-10-30 09:11:19]TIMES:105 ZONE3 TEMP:42
[2019-10-30 09:11:19]TIMES:105 ZONE5 TEMP:39
[2019-10-30 09:11:19]TIMES:105 CPU USE:11 2 9 0
[2019-10-30 09:11:19]TIMES:105 CPU0 USE:11 2 9 0
[2019-10-30 09:11:24]TIMES:110 ZONE0 TEMP:40
[2019-10-30 09:11:24]TIMES:110 ZONE1 TEMP:38
[2019-10-30 09:11:24]TIMES:110 ZONE2 TEMP:37
[2019-10-30 09:11:24]TIMES:110 ZONE3 TEMP:39
[2019-10-30 09:11:24]TIMES:110 ZONE4 TEMP:38
[2019-10-30 09:11:24]TIMES:110 CPU USE:16 4 12 0
[2019-10-30 09:11:24]TIMES:110 CPU0 USE:16 4 12 0
[2019-10-30 09:11:29]TIMES:115 ZONE1 TEMP:37
[2019-10-30 09:11:29]TIMES:115 ZONE2 TEMP:36
[2019-10-30 09:11:29]TIMES:115 ZONE3 TEMP:38
[2019-10-30 09:11:29]TIMES:115 ZONE4 TEMP:37
[2019-10-30 09:11:29]TIMES:115 ZONE6 TEMP:31
[2019-10-30 09:11:29]TIMES:115 CPU0 FREQ:1248000
[2019-10-30 09:11:29]TIMES:115 CPU USE:12 3 9 0
[2019-10-30 09:11:29]TIMES:115 CPU0 USE:12 3 9 0
[2019-10-30 09:11:34]TIMES:120 ZONE0 TEMP:39
[2019-10-30 09:11:34]TIMES:120 ZONE5 TEMP:38
[2019-10-30 09:11:34]TIMES:120 CPU0 FREQ:998400
[2019-10-30 09:11:34]TIMES:120 CPU USE:11 2 9 0
[2019-10-30 09:11:34]TIMES:120 CPU0 USE:11 2 9 0
[2019-10-30 09:11:39]TIMES:125 ZONE0 TEMP:42
[2019-10-30 09:11:39]TIMES:125 ZONE1 TEMP:41
[2019-10-30 09:11:39]TIMES:125 ZONE2 TEMP:41
[2019-10-30 09:11:39]TIMES:125 ZONE3 TEMP:42
[2019-10-30 09:11:39]TIMES:125 ZONE4 TEMP:40
[2019-10-30 09:11:39]TIMES:125 ZONE5 TEMP:39
[2019-10-30 09:11:39]TIMES:125 ZONE6 TEMP:32
[2019-10-30 09:11:39]TIMES:125 CPU USE:15 2 13 0
[2019-10-30 09:11:39]TIMES:125 CPU0 USE:15 2 13 0
[2019-10-30 09:11:39]TIMES:125 rmnet0:420 5 0 0 0 0 0 0 1636 23 0 0 0 0 0 0
[2019-10-30 09:11:39]TIMES:125 rmnet_data0:151 2 0 0 0 0 0 0 971 13 0 0 0 0 0 0
[2019-10-30 09:11:44]TIMES:130 ZONE0 TEMP:43
[2019-10-30 09:11:44]TIMES:130 ZONE1 TEMP:42
[2019-10-30 09:11:44]TIMES:130 ZONE2 TEMP:42
[2019-10-30 09:11:44]TIMES:130 ZONE3 TEMP:43
[2019-10-30 09:11:44]TIMES:130 CPU USE:20 4 16 0
[2019-10-30 09:11:44]TIMES:130 CPU0 USE:20 4 16 0
[2019-10-30 09:11:44]TIMES:130 rmnet0:504 6 0 0 0 0 0 0 2139 29 0 0 0 0 0 0
[2019-10-30 09:11:44]TIMES:130 rmnet_data1:300 4 0 0 0 0 0 0 728 11 0 0 0 0 0 0
[2019-10-30 09:11:44]TIMES:130 rmnet_data0:151 2 0 0 0 0 0 0 1411 18 0 0 0 0 0 0
[2019-10-30 09:11:49]TIMES:135 CPU USE:19 4 15 0
[2019-10-30 09:11:49]TIMES:135 CPU0 USE:19 4 15 0
[2019-10-30 09:11:49]TIMES:135 rmnet0:504 6 0 0 0 0 0 0 2579 34 0 0 0 0 0 0
[2019-10-30 09:11:49]TIMES:135     lo:168 2 0 0 0 0 0 0 168 2 0 0 0 0 0 0
[2019-10-30 09:11:49]TIMES:135 rmnet_data0:151 2 0 0 0 0 0 0 1851 23 0 0 0 0 0 0
