[1980-01-06 08:00:15]sleep:5
[1980-01-06 08:00:15]change:1
[1980-01-06 08:00:15]address:
[1980-01-06 08:00:15]time:0
[1980-01-06 08:00:15]size:5
[1980-01-06 08:00:15]Oct 31 2019 14:30:13
[1980-01-06 08:00:20]TIMES:0 ZONE0 TEMP:38
[1980-01-06 08:00:20]TIMES:0 ZONE1 TEMP:35
[1980-01-06 08:00:20]TIMES:0 ZONE2 TEMP:38
[1980-01-06 08:00:20]TIMES:0 ZONE3 TEMP:37
[1980-01-06 08:00:20]TIMES:0 ZONE4 TEMP:36
[1980-01-06 08:00:20]TIMES:0 ZONE5 TEMP:37
[1980-01-06 08:00:20]TIMES:0 ZONE6 TEMP:31
[1980-01-06 08:00:20]TIMES:0 MEM FREE:95 36
[1980-01-06 08:00:20]TIMES:0 CPU0 FREQ:806400
[1980-01-06 08:00:20]TIMES:0 SERIAL0:153 152 186
[1980-01-06 08:00:20]TIMES:0 SERIAL1:151 0 0
[1980-01-06 08:00:20]TIMES:0 bridge0:0 0 0 0 0 0 0 0 76 1 0 0 0 0 0 0
[1980-01-06 08:00:20]TIMES:0 NET DELAY:-500
[1980-01-06 08:00:25]TIMES:5 ZONE0 TEMP:39
[1980-01-06 08:00:25]TIMES:5 ZONE1 TEMP:37
[1980-01-06 08:00:25]TIMES:5 ZONE2 TEMP:40
[1980-01-06 08:00:25]TIMES:5 ZONE3 TEMP:38
[1980-01-06 08:00:25]TIMES:5 ZONE4 TEMP:37
[1980-01-06 08:00:25]TIMES:5 ZONE5 TEMP:38
[1980-01-06 08:00:25]TIMES:5 MEM FREE:94 32
[1980-01-06 08:00:25]TIMES:5 CPU USE:51 10 41 0
[1980-01-06 08:00:25]TIMES:5 CPU0 USE:51 10 41 0
[1980-01-06 08:00:25]TIMES:5 SERIAL0:153 190 198
[1980-01-06 08:00:25]TIMES:5 rmnet0:0 0 0 0 0 0 0 0 776 10 0 0 0 0 0 0
[1980-01-06 08:00:25]TIMES:5 rmnet_data1:0 0 0 0 0 0 0 0 388 5 0 0 0 0 0 0
[1980-01-06 08:00:25]TIMES:5 rmnet_data0:0 0 0 0 0 0 0 0 388 5 0 0 0 0 0 0
[1980-01-06 08:00:30]TIMES:10 ZONE4 TEMP:36
[1980-01-06 08:00:30]TIMES:10 MEM FREE:93 31
[1980-01-06 08:00:30][H[JMem: 124384K used, 32608K free, 48K shrd, 0K buff, 62596K cached
STAT     %CPU     COMMAND[0m
R     12.5     process-service
3080     top     -n1
S     6.2     modem-service
S     6.2     gnss-service
root     0.0     /usr/bin/netmgrd
S     0.0     /usr/bin/thermal-engine

[1980-01-06 08:00:30]TIMES:10 CPU USE:88 21 67 0
[1980-01-06 08:00:31][H[JMem: 124360K used, 32632K free, 48K shrd, 0K buff, 62600K cached
STAT     %CPU     COMMAND[0m
S     14.2     modem-service
3080     top     -n1
S     7.1     power-service
S     7.1     process-service
root     0.0     /usr/bin/netmgrd
S     0.0     /usr/bin/thermal-engine

[1980-01-06 08:00:31]TIMES:10 CPU0 USE:88 21 67 0
[1980-01-06 08:00:31]TIMES:10 SERIAL0:153 214 211
[1980-01-06 08:00:31]TIMES:10 rmnet0:2428 12 0 0 0 0 0 0 2908 27 0 0 0 0 0 0
[1980-01-06 08:00:31]TIMES:10 rmnet_data1:0 0 0 0 0 0 0 0 1348 9 0 0 0 0 0 0
[1980-01-06 08:00:31]TIMES:10 rmnet_data0:2321 12 0 0 0 0 0 0 1560 18 0 0 0 0 0 0
[1980-01-06 08:00:31]TIMES:10 NET MODE:5 -71 -106
[1980-01-06 08:00:36]TIMES:15 ZONE0 TEMP:38
[1980-01-06 08:00:36]TIMES:15 ZONE3 TEMP:37
[1980-01-06 08:00:36]TIMES:15 MEM FREE:94 32
[1980-01-06 08:00:36]TIMES:15 CPU USE:28 8 20 0
[1980-01-06 08:00:36]TIMES:15 CPU0 USE:28 8 20 0
[1980-01-06 08:00:36]TIMES:15 SERIAL0:153 242 221
[1980-01-06 08:00:36]TIMES:15 rmnet0:2612 14 0 0 0 0 0 0 3292 30 0 0 0 0 0 0
[1980-01-06 08:00:36]TIMES:15 rmnet_data1:0 0 0 0 0 0 0 0 1588 10 0 0 0 0 0 0
[1980-01-06 08:00:36]TIMES:15 rmnet_data0:2489 14 0 0 0 0 0 0 1704 20 0 0 0 0 0 0
[1980-01-06 08:00:36]TIMES:15 NET MODE:5 -71 -100
[1980-01-06 08:00:41]TIMES:20 ZONE3 TEMP:38
[1980-01-06 08:00:41]TIMES:20 ZONE6 TEMP:32
[1980-01-06 08:00:41]TIMES:20 CPU USE:16 2 14 0
[1980-01-06 08:00:41]TIMES:20 CPU0 USE:16 2 14 0
[1980-01-06 08:00:41]TIMES:20 SERIAL0:153 266 234
[1980-01-06 08:00:41]TIMES:20 rmnet0:4428 21 0 0 0 0 0 0 4344 40 0 0 0 0 0 0
[1980-01-06 08:00:41]TIMES:20 rmnet_data1:1541 5 0 0 0 0 0 0 2496 18 0 0 0 0 0 0
[1980-01-06 08:00:41]TIMES:20 rmnet_data0:2705 16 0 0 0 0 0 0 1848 22 0 0 0 0 0 0
[1980-01-06 08:00:41]TIMES:20 NET MODE:5 -66 -101
[2019-11-05 17:55:57]TIMES:25 ZONE0 TEMP:39
[2019-11-05 17:55:57]TIMES:25 CPU USE:17 6 11 0
[2019-11-05 17:55:57]TIMES:25 CPU0 USE:17 6 11 0
[2019-11-05 17:55:57]TIMES:25 SERIAL0:153 306 246
[2019-11-05 17:55:57]TIMES:25 rmnet0:6984 36 0 0 0 0 0 0 6276 54 0 0 0 0 0 0
[2019-11-05 17:55:57]TIMES:25 rmnet_data1:3549 13 0 0 0 0 0 0 4284 30 0 0 0 0 0 0
[2019-11-05 17:55:57]TIMES:25 rmnet_data0:3121 23 0 0 0 0 0 0 1992 24 0 0 0 0 0 0
[2019-11-05 17:55:57]TIMES:25 NET MODE:5 -72 -105
[2019-11-05 17:56:02]TIMES:30 CPU USE:14 1 13 0
[2019-11-05 17:56:02]TIMES:30 CPU0 USE:14 1 13 0
[2019-11-05 17:56:02]TIMES:30 SERIAL0:153 358 259
[2019-11-05 17:56:02]TIMES:30 rmnet0:7160 39 0 0 0 0 0 0 6396 56 0 0 0 0 0 0
[2019-11-05 17:56:02]TIMES:30 rmnet_data1:3660 15 0 0 0 0 0 0 4404 32 0 0 0 0 0 0
[2019-11-05 17:56:02]TIMES:30 rmnet_data0:3161 24 0 0 0 0 0 0 1992 24 0 0 0 0 0 0
[2019-11-05 17:56:07]TIMES:35 CPU USE:14 2 12 0
[2019-11-05 17:56:07]TIMES:35 CPU0 USE:14 2 12 0
[2019-11-05 17:56:07]TIMES:35 SERIAL0:153 372 269
[2019-11-05 17:56:07]TIMES:35 rmnet0:7208 40 0 0 0 0 0 0 6396 56 0 0 0 0 0 0
[2019-11-05 17:56:07]TIMES:35 rmnet_data0:3201 25 0 0 0 0 0 0 1992 24 0 0 0 0 0 0
[2019-11-05 17:56:07]TIMES:35 NET MODE:5 -67 -103
[2019-11-05 17:56:12]TIMES:40 CPU USE:15 3 12 0
[2019-11-05 17:56:12]TIMES:40 CPU0 USE:15 3 12 0
[2019-11-05 17:56:12]TIMES:40 SERIAL0:153 410 282
[2019-11-05 17:56:12]TIMES:40 NET MODE:5 -73 -106
[2019-11-05 17:56:17]TIMES:45 CPU USE:25 4 21 0
[2019-11-05 17:56:17]TIMES:45 CPU0 USE:25 4 21 0
[2019-11-05 17:56:17]TIMES:45 SERIAL0:153 424 292
[2019-11-05 17:56:17]TIMES:45 rmnet0:7472 42 0 0 0 0 0 0 6532 58 0 0 0 0 0 0
[2019-11-05 17:56:17]TIMES:45 rmnet_data0:3449 27 0 0 0 0 0 0 2128 26 0 0 0 0 0 0
[2019-11-05 17:56:22]TIMES:50 CPU USE:15 3 12 0
[2019-11-05 17:56:22]TIMES:50 CPU0 USE:15 3 12 0
[2019-11-05 17:56:22]TIMES:50 SERIAL0:153 462 305
[2019-11-05 17:56:22]TIMES:50 rmnet0:7552 43 0 0 0 0 0 0 6652 60 0 0 0 0 0 0
[2019-11-05 17:56:22]TIMES:50 rmnet_data1:3731 16 0 0 0 0 0 0 4524 34 0 0 0 0 0 0
[2019-11-05 17:56:27]TIMES:55 ZONE5 TEMP:39
[2019-11-05 17:56:27]TIMES:55 CPU USE:14 3 11 0
[2019-11-05 17:56:27]TIMES:55 CPU0 USE:14 3 11 0
[2019-11-05 17:56:27]TIMES:55 SERIAL0:153 476 315
[2019-11-05 17:56:32]TIMES:60 CPU USE:15 3 12 0
[2019-11-05 17:56:32]TIMES:60 CPU0 USE:15 3 12 0
[2019-11-05 17:56:32]TIMES:60 SERIAL0:153 514 328
[2019-11-05 17:56:32]TIMES:60 rmnet0:7552 43 0 0 0 0 0 0 7532 61 0 0 0 0 0 0
[2019-11-05 17:56:32]TIMES:60 rmnet_data1:3731 16 0 0 0 0 0 0 5404 35 0 0 0 0 0 0
[2019-11-05 17:56:37]TIMES:65 CPU USE:13 2 11 0
[2019-11-05 17:56:37]TIMES:65 CPU0 USE:13 2 11 0
[2019-11-05 17:56:37]TIMES:65 SERIAL0:153 528 338
[2019-11-05 17:56:37]TIMES:65 rmnet0:7600 44 0 0 0 0 0 0 7532 61 0 0 0 0 0 0
[2019-11-05 17:56:37]TIMES:65 rmnet_data1:3771 17 0 0 0 0 0 0 5404 35 0 0 0 0 0 0
[2019-11-05 17:56:37]TIMES:65 NET MODE:5 -68 -104
[2019-11-05 17:56:42]TIMES:70 CPU USE:15 2 13 0
[2019-11-05 17:56:42]TIMES:70 CPU0 USE:15 2 13 0
[2019-11-05 17:56:42]TIMES:70 SERIAL0:153 552 351
[2019-11-05 17:56:42]TIMES:70 rmnet0:7728 46 0 0 0 0 0 0 7652 63 0 0 0 0 0 0
[2019-11-05 17:56:42]TIMES:70 rmnet_data1:3882 19 0 0 0 0 0 0 5524 37 0 0 0 0 0 0
[2019-11-05 17:56:42]TIMES:70 NET MODE:5 -72 -103
[2019-11-05 17:56:47]TIMES:75 CPU USE:21 4 17 0
[2019-11-05 17:56:47]TIMES:75 CPU0 USE:21 4 17 0
[2019-11-05 17:56:47]TIMES:75 SERIAL0:153 580 361
[2019-11-05 17:56:47]TIMES:75 rmnet0:7860 47 0 0 0 0 0 0 7788 65 0 0 0 0 0 0
[2019-11-05 17:56:47]TIMES:75 rmnet_data0:3573 28 0 0 0 0 0 0 2264 28 0 0 0 0 0 0
[2019-11-05 17:56:52]TIMES:80 ZONE1 TEMP:38
[2019-11-05 17:56:52]TIMES:80 CPU USE:19 5 14 0
[2019-11-05 17:56:52]TIMES:80 CPU0 USE:19 5 14 0
[2019-11-05 17:56:52]TIMES:80 SERIAL0:153 604 374
[2019-11-05 17:56:52]TIMES:80 rmnet0:7992 48 0 0 0 0 0 0 7856 66 0 0 0 0 0 0
[2019-11-05 17:56:52]TIMES:80 rmnet_data0:3697 29 0 0 0 0 0 0 2332 29 0 0 0 0 0 0
[2019-11-05 17:56:57]TIMES:85 CPU USE:16 3 13 0
[2019-11-05 17:56:57]TIMES:85 CPU0 USE:16 3 13 0
[2019-11-05 17:56:57]TIMES:85 SERIAL0:153 632 384
[2019-11-05 17:57:02]TIMES:90 ZONE4 TEMP:37
[2019-11-05 17:57:02]TIMES:90 CPU USE:15 3 12 0
[2019-11-05 17:57:02]TIMES:90 CPU0 USE:15 3 12 0
[2019-11-05 17:57:02]TIMES:90 SERIAL0:153 656 397
[2019-11-05 17:57:02]TIMES:90 rmnet0:8072 49 0 0 0 0 0 0 7976 68 0 0 0 0 0 0
[2019-11-05 17:57:02]TIMES:90 rmnet_data1:3953 20 0 0 0 0 0 0 5644 39 0 0 0 0 0 0
[2019-11-05 17:57:07]TIMES:95 CPU USE:14 2 12 0
[2019-11-05 17:57:07]TIMES:95 CPU0 USE:14 2 12 0
[2019-11-05 17:57:07]TIMES:95 SERIAL0:153 684 407
[2019-11-05 17:57:12]TIMES:100 MEM FREE:93 31
[2019-11-05 17:57:12]TIMES:100 CPU USE:13 2 11 0
[2019-11-05 17:57:12]TIMES:100 CPU0 USE:13 2 11 0
[2019-11-05 17:57:12]TIMES:100 SERIAL0:153 708 420
[2019-11-05 17:57:17]TIMES:105 ZONE0 TEMP:38
[2019-11-05 17:57:17]TIMES:105 ZONE1 TEMP:35
[2019-11-05 17:57:17]TIMES:105 ZONE2 TEMP:38
[2019-11-05 17:57:17]TIMES:105 ZONE3 TEMP:36
[2019-11-05 17:57:17]TIMES:105 ZONE4 TEMP:35
[2019-11-05 17:57:17]TIMES:105 MEM FREE:94 32
[2019-11-05 17:57:17]TIMES:105 CPU USE:14 2 12 0
[2019-11-05 17:57:17]TIMES:105 CPU0 USE:14 2 12 0
[2019-11-05 17:57:17]TIMES:105 SERIAL0:153 736 430
[2019-11-05 17:57:17]TIMES:105 NET MODE:5 -68 -103
[2019-11-05 17:57:22]TIMES:110 CPU USE:16 3 13 0
[2019-11-05 17:57:22]TIMES:110 CPU0 USE:16 3 13 0
[2019-11-05 17:57:22]TIMES:110 SERIAL0:153 760 443
[2019-11-05 17:57:27]TIMES:115 ZONE0 TEMP:39
[2019-11-05 17:57:27]TIMES:115 ZONE1 TEMP:37
[2019-11-05 17:57:27]TIMES:115 ZONE2 TEMP:40
[2019-11-05 17:57:27]TIMES:115 ZONE3 TEMP:38
[2019-11-05 17:57:27]TIMES:115 ZONE4 TEMP:36
[2019-11-05 17:57:27]TIMES:115 CPU USE:23 4 19 0
[2019-11-05 17:57:27]TIMES:115 CPU0 USE:23 4 19 0
[2019-11-05 17:57:27]TIMES:115 SERIAL0:153 774 453
[2019-11-05 17:57:27]TIMES:115 rmnet0:8152 50 0 0 0 0 0 0 8164 71 0 0 0 0 0 0
[2019-11-05 17:57:27]TIMES:115 rmnet_data1:4024 21 0 0 0 0 0 0 5764 41 0 0 0 0 0 0
[2019-11-05 17:57:27]TIMES:115 rmnet_data0:3697 29 0 0 0 0 0 0 2400 30 0 0 0 0 0 0
[2019-11-05 17:57:32]TIMES:120 CPU USE:17 3 14 0
[2019-11-05 17:57:32]TIMES:120 CPU0 USE:17 3 14 0
[2019-11-05 17:57:32]TIMES:120 SERIAL0:153 812 466
[2019-11-05 17:57:32]TIMES:120 rmnet0:8416 52 0 0 0 0 0 0 9208 74 0 0 0 0 0 0
[2019-11-05 17:57:32]TIMES:120 rmnet_data1:4024 21 0 0 0 0 0 0 6672 42 0 0 0 0 0 0
[2019-11-05 17:57:32]TIMES:120 rmnet_data0:3945 31 0 0 0 0 0 0 2536 32 0 0 0 0 0 0
[2019-11-05 17:57:32]TIMES:120 NET MODE:5 -72 -101
[2019-11-05 17:57:37]TIMES:125 ZONE1 TEMP:38
[2019-11-05 17:57:37]TIMES:125 MEM FREE:93 31
[2019-11-05 17:57:37]TIMES:125 CPU USE:15 2 13 0
[2019-11-05 17:57:37]TIMES:125 CPU0 USE:15 2 13 0
[2019-11-05 17:57:37]TIMES:125 SERIAL0:153 826 476
[2019-11-05 17:57:37]TIMES:125 rmnet0:9016 59 0 0 0 0 0 0 9736 80 0 0 0 0 0 0
[2019-11-05 17:57:37]TIMES:125 rmnet_data1:4484 27 0 0 0 0 0 0 7112 47 0 0 0 0 0 0
[2019-11-05 17:57:37]TIMES:125 rmnet_data0:4029 32 0 0 0 0 0 0 2624 33 0 0 0 0 0 0
[2019-11-05 17:57:37]TIMES:125 NET MODE:5 -66 -106
[2019-11-05 17:57:42]TIMES:130 ZONE2 TEMP:41
[2019-11-05 17:57:42]TIMES:130 ZONE4 TEMP:37
[2019-11-05 17:57:42]TIMES:130 CPU USE:18 4 14 0
[2019-11-05 17:57:42]TIMES:130 CPU0 USE:18 4 14 0
[2019-11-05 17:57:42]TIMES:130 SERIAL0:153 864 489
[2019-11-05 17:57:42]TIMES:130 rmnet0:9476 64 0 0 0 0 0 0 10176 85 0 0 0 0 0 0
[2019-11-05 17:57:42]TIMES:130 rmnet_data1:4904 32 0 0 0 0 0 0 7552 52 0 0 0 0 0 0
[2019-11-05 17:57:42]TIMES:130 NET MODE:5 -73 -105
[2019-11-05 17:57:47]TIMES:135 ZONE2 TEMP:40
[2019-11-05 17:57:47]TIMES:135 CPU USE:12 2 10 0
[2019-11-05 17:57:47]TIMES:135 CPU0 USE:12 2 10 0
[2019-11-05 17:57:47]TIMES:135 SERIAL0:153 878 499
[2019-11-05 17:57:47]TIMES:135 rmnet0:10064 71 0 0 0 0 0 0 10736 92 0 0 0 0 0 0
[2019-11-05 17:57:47]TIMES:135 rmnet_data1:5435 39 0 0 0 0 0 0 8112 59 0 0 0 0 0 0
[2019-11-05 17:57:47]TIMES:135 NET MODE:5 -66 -106
[2019-11-05 17:57:52]TIMES:140 CPU USE:16 3 13 0
[2019-11-05 17:57:52]TIMES:140 CPU0 USE:16 3 13 0
[2019-11-05 17:57:52]TIMES:140 SERIAL0:153 916 512
[2019-11-05 17:57:52]TIMES:140 rmnet0:10524 76 0 0 0 0 0 0 11176 97 0 0 0 0 0 0
[2019-11-05 17:57:52]TIMES:140 rmnet_data1:5855 44 0 0 0 0 0 0 8552 64 0 0 0 0 0 0
[2019-11-05 17:57:57]TIMES:145 CPU USE:16 2 14 0
[2019-11-05 17:57:57]TIMES:145 CPU0 USE:16 2 14 0
[2019-11-05 17:57:57]TIMES:145 SERIAL0:153 930 522
[2019-11-05 17:57:57]TIMES:145 rmnet0:10984 81 0 0 0 0 0 0 11616 102 0 0 0 0 0 0
[2019-11-05 17:57:57]TIMES:145 rmnet_data1:6275 49 0 0 0 0 0 0 8992 69 0 0 0 0 0 0
[2019-11-05 17:58:02]TIMES:150 ZONE2 TEMP:41
[2019-11-05 17:58:02]TIMES:150 CPU USE:27 5 22 0
[2019-11-05 17:58:02]TIMES:150 CPU0 USE:27 5 22 0
[2019-11-05 17:58:02]TIMES:150 SERIAL0:153 968 535
[2019-11-05 17:58:02]TIMES:150 rmnet0:11708 88 0 0 0 0 0 0 12192 109 0 0 0 0 0 0
[2019-11-05 17:58:02]TIMES:150 rmnet_data1:6695 54 0 0 0 0 0 0 9432 74 0 0 0 0 0 0
[2019-11-05 17:58:02]TIMES:150 rmnet_data0:4277 34 0 0 0 0 0 0 2760 35 0 0 0 0 0 0
[2019-11-05 17:58:07]TIMES:155 ZONE3 TEMP:39
[2019-11-05 17:58:07]TIMES:155 CPU USE:15 2 13 0
[2019-11-05 17:58:07]TIMES:155 CPU0 USE:15 2 13 0
[2019-11-05 17:58:07]TIMES:155 SERIAL0:153 982 545
[2019-11-05 17:58:07]TIMES:155 rmnet0:12248 94 0 0 0 0 0 0 12752 116 0 0 0 0 0 0
[2019-11-05 17:58:07]TIMES:155 rmnet_data1:7186 60 0 0 0 0 0 0 9992 81 0 0 0 0 0 0
[2019-11-05 17:58:07]TIMES:155 NET MODE:5 -64 -102
[2019-11-05 17:58:12]TIMES:160 CPU USE:17 3 14 0
[2019-11-05 17:58:12]TIMES:160 CPU0 USE:17 3 14 0
[2019-11-05 17:58:12]TIMES:160 SERIAL0:153 1020 558
[2019-11-05 17:58:12]TIMES:160 rmnet0:12708 99 0 0 0 0 0 0 13192 121 0 0 0 0 0 0
[2019-11-05 17:58:12]TIMES:160 rmnet_data1:7606 65 0 0 0 0 0 0 10432 86 0 0 0 0 0 0
[2019-11-05 17:58:17]TIMES:165 ZONE6 TEMP:33
[2019-11-05 17:58:17]TIMES:165 CPU USE:15 3 12 0
[2019-11-05 17:58:17]TIMES:165 CPU0 USE:15 3 12 0
[2019-11-05 17:58:17]TIMES:165 SERIAL0:153 1034 568
[2019-11-05 17:58:17]TIMES:165 rmnet0:13168 104 0 0 0 0 0 0 13632 126 0 0 0 0 0 0
[2019-11-05 17:58:17]TIMES:165 rmnet_data1:8026 70 0 0 0 0 0 0 10872 91 0 0 0 0 0 0
[2019-11-05 17:58:22]TIMES:170 CPU USE:16 2 14 0
[2019-11-05 17:58:22]TIMES:170 CPU0 USE:16 2 14 0
[2019-11-05 17:58:22]TIMES:170 SERIAL0:153 1058 581
[2019-11-05 17:58:22]TIMES:170 rmnet0:13628 109 0 0 0 0 0 0 14072 131 0 0 0 0 0 0
[2019-11-05 17:58:22]TIMES:170 rmnet_data1:8446 75 0 0 0 0 0 0 11312 96 0 0 0 0 0 0
[2019-11-05 17:58:22]TIMES:170 NET MODE:5 -74 -104
[2019-11-05 17:58:27]TIMES:175 ZONE0 TEMP:41
[2019-11-05 17:58:27]TIMES:175 ZONE1 TEMP:40
[2019-11-05 17:58:27]TIMES:175 ZONE2 TEMP:43
[2019-11-05 17:58:27]TIMES:175 ZONE3 TEMP:40
[2019-11-05 17:58:27]TIMES:175 ZONE4 TEMP:38
[2019-11-05 17:58:27]TIMES:175 CPU USE:14 2 12 0
[2019-11-05 17:58:27]TIMES:175 CPU0 USE:14 2 12 0
[2019-11-05 17:58:27]TIMES:175 SERIAL0:153 1086 591
[2019-11-05 17:58:27]TIMES:175 rmnet0:14168 115 0 0 0 0 0 0 14632 138 0 0 0 0 0 0
[2019-11-05 17:58:27]TIMES:175 rmnet_data1:8937 81 0 0 0 0 0 0 11872 103 0 0 0 0 0 0
[2019-11-05 17:58:27]TIMES:175 NET MODE:5 -66 -103
[2019-11-05 17:58:32]TIMES:180 ZONE0 TEMP:40
[2019-11-05 17:58:32]TIMES:180 ZONE1 TEMP:38
[2019-11-05 17:58:32]TIMES:180 ZONE2 TEMP:41
[2019-11-05 17:58:32]TIMES:180 ZONE3 TEMP:39
[2019-11-05 17:58:32]TIMES:180 CPU USE:21 3 18 0
[2019-11-05 17:58:32]TIMES:180 CPU0 USE:21 3 18 0
[2019-11-05 17:58:32]TIMES:180 SERIAL0:153 1110 604
[2019-11-05 17:58:32]TIMES:180 rmnet0:14628 120 0 0 0 0 0 0 15980 144 0 0 0 0 0 0
[2019-11-05 17:58:32]TIMES:180 rmnet_data1:9357 86 0 0 0 0 0 0 13220 109 0 0 0 0 0 0
[2019-11-05 17:58:32]TIMES:180 NET MODE:5 -70 -108
[2019-11-05 17:58:37]TIMES:185 ZONE4 TEMP:37
[2019-11-05 17:58:37]TIMES:185 CPU USE:18 5 13 0
[2019-11-05 17:58:37]TIMES:185 CPU0 USE:18 5 13 0
[2019-11-05 17:58:37]TIMES:185 SERIAL0:153 1138 614
[2019-11-05 17:58:37]TIMES:185 rmnet0:15356 128 0 0 0 0 0 0 16624 152 0 0 0 0 0 0
[2019-11-05 17:58:37]TIMES:185 rmnet_data1:9817 92 0 0 0 0 0 0 13660 114 0 0 0 0 0 0
[2019-11-05 17:58:37]TIMES:185 rmnet_data0:4479 36 0 0 0 0 0 0 2964 38 0 0 0 0 0 0
[2019-11-05 17:58:37]TIMES:185 NET MODE:5 -73 -97
[2019-11-05 17:58:42]TIMES:190 ZONE0 TEMP:39
[2019-11-05 17:58:42]TIMES:190 CPU USE:30 6 24 0
[2019-11-05 17:58:42]TIMES:190 CPU0 USE:30 6 24 0
[2019-11-05 17:58:42]TIMES:190 SERIAL0:153 1162 627
[2019-11-05 17:58:42]TIMES:190 rmnet0:16316 138 0 0 0 0 0 0 17420 162 0 0 0 0 0 0
[2019-11-05 17:58:42]TIMES:190 rmnet_data1:10237 97 0 0 0 0 0 0 14100 119 0 0 0 0 0 0
[2019-11-05 17:58:42]TIMES:190 rmnet_data0:4933 41 0 0 0 0 0 0 3320 43 0 0 0 0 0 0
[2019-11-05 17:58:42]TIMES:190 NET MODE:5 -76 -101
[2019-11-05 17:58:47]TIMES:195 ZONE0 TEMP:40
[2019-11-05 17:58:47]TIMES:195 CPU USE:14 2 12 0
[2019-11-05 17:58:47]TIMES:195 CPU0 USE:14 2 12 0
[2019-11-05 17:58:47]TIMES:195 SERIAL0:153 1190 637
[2019-11-05 17:58:47]TIMES:195 rmnet0:16904 145 0 0 0 0 0 0 17980 169 0 0 0 0 0 0
[2019-11-05 17:58:47]TIMES:195 rmnet_data1:10768 104 0 0 0 0 0 0 14660 126 0 0 0 0 0 0
[2019-11-05 17:58:47]TIMES:195 NET MODE:5 -78 -97
[2019-11-05 17:58:52]TIMES:200 ZONE0 TEMP:39
[2019-11-05 17:58:52]TIMES:200 CPU USE:17 4 13 0
[2019-11-05 17:58:52]TIMES:200 CPU0 USE:17 4 13 0
[2019-11-05 17:58:52]TIMES:200 SERIAL0:153 1214 650
[2019-11-05 17:58:52]TIMES:200 rmnet0:17364 150 0 0 0 0 0 0 18420 174 0 0 0 0 0 0
[2019-11-05 17:58:52]TIMES:200 rmnet_data1:11188 109 0 0 0 0 0 0 15100 131 0 0 0 0 0 0
[2019-11-05 17:58:52]TIMES:200 NET MODE:5 -72 -100
[2019-11-05 17:58:57]TIMES:205 ZONE0 TEMP:40
[2019-11-05 17:58:57]TIMES:205 CPU USE:15 3 12 0
[2019-11-05 17:58:57]TIMES:205 CPU0 USE:15 3 12 0
[2019-11-05 17:58:57]TIMES:205 SERIAL0:153 1242 660
[2019-11-05 17:58:57]TIMES:205 rmnet0:17824 155 0 0 0 0 0 0 18860 179 0 0 0 0 0 0
[2019-11-05 17:58:57]TIMES:205 rmnet_data1:11608 114 0 0 0 0 0 0 15540 136 0 0 0 0 0 0
[2019-11-05 17:59:02]TIMES:210 CPU USE:17 3 14 0
[2019-11-05 17:59:02]TIMES:210 CPU0 USE:17 3 14 0
[2019-11-05 17:59:02]TIMES:210 SERIAL0:153 1266 673
[2019-11-05 17:59:02]TIMES:210 rmnet0:18284 160 0 0 0 0 0 0 19300 184 0 0 0 0 0 0
[2019-11-05 17:59:02]TIMES:210 rmnet_data1:12028 119 0 0 0 0 0 0 15980 141 0 0 0 0 0 0
[2019-11-05 17:59:07]TIMES:215 MEM FREE:94 31
[2019-11-05 17:59:07]TIMES:215 CPU USE:20 4 16 0
[2019-11-05 17:59:07]TIMES:215 CPU0 USE:20 4 16 0
[2019-11-05 17:59:07]TIMES:215 SERIAL0:153 1280 683
[2019-11-05 17:59:07]TIMES:215 rmnet0:18468 162 0 0 0 0 0 0 19444 186 0 0 0 0 0 0
[2019-11-05 17:59:07]TIMES:215 rmnet_data0:5101 43 0 0 0 0 0 0 3464 45 0 0 0 0 0 0
[2019-11-05 17:59:12]TIMES:220 ZONE4 TEMP:38
[2019-11-05 17:59:12]TIMES:220 MEM FREE:93 31
[2019-11-05 17:59:12]TIMES:220 CPU USE:25 5 20 0
[2019-11-05 17:59:12]TIMES:220 CPU0 USE:25 5 20 0
[2019-11-05 17:59:12]TIMES:220 SERIAL0:153 1318 696
[2019-11-05 17:59:12]TIMES:220 rmnet0:18872 166 0 0 0 0 0 0 19776 191 0 0 0 0 0 0
[2019-11-05 17:59:12]TIMES:220 rmnet_data1:12151 121 0 0 0 0 0 0 16176 144 0 0 0 0 0 0
[2019-11-05 17:59:12]TIMES:220 rmnet_data0:5349 45 0 0 0 0 0 0 3600 47 0 0 0 0 0 0
[2019-11-05 17:59:17]TIMES:225 ZONE4 TEMP:37
[2019-11-05 17:59:17]TIMES:225 MEM FREE:94 31
[2019-11-05 17:59:17]TIMES:225 CPU USE:15 3 12 0
[2019-11-05 17:59:17]TIMES:225 CPU0 USE:15 3 12 0
[2019-11-05 17:59:17]TIMES:225 SERIAL0:153 1332 706
[2019-11-05 17:59:22]TIMES:230 ZONE0 TEMP:39
[2019-11-05 17:59:22]TIMES:230 MEM FREE:94 32
[2019-11-05 17:59:22]TIMES:230 CPU USE:16 4 12 0
[2019-11-05 17:59:22]TIMES:230 CPU0 USE:16 4 12 0
[2019-11-05 17:59:22]TIMES:230 SERIAL0:153 1370 719
[2019-11-05 17:59:27]TIMES:235 ZONE1 TEMP:36
[2019-11-05 17:59:27]TIMES:235 ZONE2 TEMP:39
[2019-11-05 17:59:27]TIMES:235 ZONE3 TEMP:37
[2019-11-05 17:59:27]TIMES:235 ZONE4 TEMP:36
[2019-11-05 17:59:27]TIMES:235 CPU USE:14 2 12 0
[2019-11-05 17:59:27]TIMES:235 CPU0 USE:14 2 12 0
[2019-11-05 17:59:27]TIMES:235 SERIAL0:153 1384 729
[2019-11-05 17:59:32]TIMES:240 ZONE0 TEMP:41
[2019-11-05 17:59:32]TIMES:240 ZONE1 TEMP:40
[2019-11-05 17:59:32]TIMES:240 ZONE2 TEMP:43
[2019-11-05 17:59:32]TIMES:240 ZONE3 TEMP:40
[2019-11-05 17:59:32]TIMES:240 ZONE4 TEMP:38
[2019-11-05 17:59:32]TIMES:240 MEM FREE:94 31
[2019-11-05 17:59:32]TIMES:240 CPU USE:17 5 12 0
[2019-11-05 17:59:32]TIMES:240 CPU0 USE:17 5 12 0
[2019-11-05 17:59:32]TIMES:240 SERIAL0:153 1422 742
[2019-11-05 17:59:32]TIMES:240 rmnet0:19048 169 0 0 0 0 0 0 20804 194 0 0 0 0 0 0
[2019-11-05 17:59:32]TIMES:240 rmnet_data1:12302 124 0 0 0 0 0 0 17204 147 0 0 0 0 0 0
[2019-11-05 17:59:32]TIMES:240 NET MODE:5 -81 -105
[2019-11-05 17:59:37]TIMES:245 ZONE5 TEMP:40
[2019-11-05 17:59:37]TIMES:245 MEM FREE:93 31
[2019-11-05 17:59:37]TIMES:245 CPU USE:14 3 11 0
[2019-11-05 17:59:37]TIMES:245 CPU0 USE:14 3 11 0
[2019-11-05 17:59:37]TIMES:245 SERIAL0:153 1436 752
[2019-11-05 17:59:37]TIMES:245 rmnet0:19508 174 0 0 0 0 0 0 21244 199 0 0 0 0 0 0
[2019-11-05 17:59:37]TIMES:245 rmnet_data1:12722 129 0 0 0 0 0 0 17644 152 0 0 0 0 0 0
[2019-11-05 17:59:37]TIMES:245 NET MODE:5 -71 -107
[2019-11-05 17:59:42]TIMES:250 ZONE3 TEMP:41
[2019-11-05 17:59:42]TIMES:250 ZONE4 TEMP:39
[2019-11-05 17:59:42]TIMES:250 CPU USE:16 2 14 0
[2019-11-05 17:59:42]TIMES:250 CPU0 USE:16 2 14 0
[2019-11-05 17:59:42]TIMES:250 SERIAL0:153 1474 765
[2019-11-05 17:59:42]TIMES:250 rmnet0:19968 179 0 0 0 0 0 0 21684 204 0 0 0 0 0 0
[2019-11-05 17:59:42]TIMES:250 rmnet_data1:13142 134 0 0 0 0 0 0 18084 157 0 0 0 0 0 0
[2019-11-05 17:59:47]TIMES:255 CPU USE:28 5 23 0
[2019-11-05 17:59:47]TIMES:255 CPU0 USE:28 5 23 0
[2019-11-05 17:59:47]TIMES:255 SERIAL0:153 1488 775
[2019-11-05 17:59:47]TIMES:255 rmnet0:20692 186 0 0 0 0 0 0 22348 212 0 0 0 0 0 0
[2019-11-05 17:59:47]TIMES:255 rmnet_data1:13562 139 0 0 0 0 0 0 18612 163 0 0 0 0 0 0
[2019-11-05 17:59:47]TIMES:255 rmnet_data0:5597 47 0 0 0 0 0 0 3736 49 0 0 0 0 0 0
[2019-11-05 17:59:52]TIMES:260 CPU USE:14 3 11 0
[2019-11-05 17:59:52]TIMES:260 CPU0 USE:14 3 11 0
[2019-11-05 17:59:52]TIMES:260 SERIAL0:153 1512 788
[2019-11-05 17:59:52]TIMES:260 rmnet0:21280 193 0 0 0 0 0 0 22908 219 0 0 0 0 0 0
[2019-11-05 17:59:52]TIMES:260 rmnet_data1:14093 146 0 0 0 0 0 0 19172 170 0 0 0 0 0 0
[2019-11-05 17:59:57]TIMES:265 CPU USE:17 3 14 0
[2019-11-05 17:59:57]TIMES:265 CPU0 USE:17 3 14 0
[2019-11-05 17:59:57]TIMES:265 SERIAL0:153 1540 798
[2019-11-05 17:59:57]TIMES:265 rmnet0:21740 198 0 0 0 0 0 0 23348 224 0 0 0 0 0 0
[2019-11-05 17:59:57]TIMES:265 rmnet_data1:14513 151 0 0 0 0 0 0 19612 175 0 0 0 0 0 0
[2019-11-05 18:00:02]TIMES:270 CPU USE:17 4 13 0
[2019-11-05 18:00:02]TIMES:270 CPU0 USE:17 4 13 0
[2019-11-05 18:00:02]TIMES:270 SERIAL0:153 1564 811
[2019-11-05 18:00:02]TIMES:270 rmnet0:22108 202 0 0 0 0 0 0 23788 229 0 0 0 0 0 0
[2019-11-05 18:00:02]TIMES:270 rmnet_data1:14849 155 0 0 0 0 0 0 20052 180 0 0 0 0 0 0
[2019-11-05 18:00:07]TIMES:275 CPU USE:13 1 12 0
[2019-11-05 18:00:07]TIMES:275 CPU0 USE:13 1 12 0
[2019-11-05 18:00:07]TIMES:275 SERIAL0:153 1592 821
[2019-11-05 18:00:07]TIMES:275 rmnet0:22568 207 0 0 0 0 0 0 24228 234 0 0 0 0 0 0
[2019-11-05 18:00:07]TIMES:275 rmnet_data1:15269 160 0 0 0 0 0 0 20492 185 0 0 0 0 0 0
[2019-11-05 18:00:12]TIMES:280 CPU USE:16 3 13 0
[2019-11-05 18:00:12]TIMES:280 CPU0 USE:16 3 13 0
[2019-11-05 18:00:12]TIMES:280 SERIAL0:153 1616 834
[2019-11-05 18:00:12]TIMES:280 rmnet0:23108 213 0 0 0 0 0 0 24788 241 0 0 0 0 0 0
[2019-11-05 18:00:12]TIMES:280 rmnet_data1:15760 166 0 0 0 0 0 0 21052 192 0 0 0 0 0 0
[2019-11-05 18:00:17]TIMES:285 CPU USE:27 6 21 0
[2019-11-05 18:00:17]TIMES:285 CPU0 USE:27 6 21 0
[2019-11-05 18:00:17]TIMES:285 SERIAL0:153 1644 854
[2019-11-05 18:00:17]TIMES:285 rmnet0:23832 220 0 0 0 0 0 0 25364 248 0 0 0 0 0 0
[2019-11-05 18:00:17]TIMES:285 rmnet_data1:16180 171 0 0 0 0 0 0 21492 197 0 0 0 0 0 0
[2019-11-05 18:00:17]TIMES:285 rmnet_data0:5845 49 0 0 0 0 0 0 3872 51 0 0 0 0 0 0
[2019-11-05 18:00:22]TIMES:290 CPU USE:15 4 11 0
[2019-11-05 18:00:22]TIMES:290 CPU0 USE:15 4 11 0
[2019-11-05 18:00:22]TIMES:290 SERIAL0:153 1668 867
[2019-11-05 18:00:22]TIMES:290 rmnet0:24292 225 0 0 0 0 0 0 25804 253 0 0 0 0 0 0
[2019-11-05 18:00:22]TIMES:290 rmnet_data1:16600 176 0 0 0 0 0 0 21932 202 0 0 0 0 0 0
[2019-11-05 18:00:27]TIMES:295 CPU USE:15 3 12 0
[2019-11-05 18:00:27]TIMES:295 CPU0 USE:15 3 12 0
[2019-11-05 18:00:27]TIMES:295 SERIAL0:153 1696 877
[2019-11-05 18:00:27]TIMES:295 rmnet0:24752 230 0 0 0 0 0 0 26244 258 0 0 0 0 0 0
[2019-11-05 18:00:27]TIMES:295 rmnet_data1:17020 181 0 0 0 0 0 0 22372 207 0 0 0 0 0 0
[2019-11-05 18:00:32]TIMES:300 ZONE0 TEMP:42
[2019-11-05 18:00:32]TIMES:300 ZONE1 TEMP:41
[2019-11-05 18:00:32]TIMES:300 CPU USE:17 4 13 0
[2019-11-05 18:00:32]TIMES:300 CPU0 USE:17 4 13 0
[2019-11-05 18:00:32]TIMES:300 SERIAL0:153 1720 890
[2019-11-05 18:00:32]TIMES:300 rmnet0:25340 237 0 0 0 0 0 0 27712 266 0 0 0 0 0 0
[2019-11-05 18:00:32]TIMES:300 rmnet_data1:17551 188 0 0 0 0 0 0 23840 215 0 0 0 0 0 0
[2019-11-05 18:00:37]TIMES:305 ZONE0 TEMP:41
[2019-11-05 18:00:37]TIMES:305 ZONE1 TEMP:40
[2019-11-05 18:00:37]TIMES:305 CPU USE:14 4 10 0
[2019-11-05 18:00:37]TIMES:305 CPU0 USE:14 4 10 0
[2019-11-05 18:00:37]TIMES:305 SERIAL0:153 1748 900
[2019-11-05 18:00:37]TIMES:305 rmnet0:25800 242 0 0 0 0 0 0 28152 271 0 0 0 0 0 0
[2019-11-05 18:00:37]TIMES:305 rmnet_data1:17971 193 0 0 0 0 0 0 24280 220 0 0 0 0 0 0
[2019-11-05 18:00:43]TIMES:310 CPU USE:15 2 13 0
[2019-11-05 18:00:43]TIMES:310 CPU0 USE:15 2 13 0
[2019-11-05 18:00:43]TIMES:310 SERIAL0:153 1772 913
[2019-11-05 18:00:43]TIMES:310 rmnet0:26260 247 0 0 0 0 0 0 28592 276 0 0 0 0 0 0
[2019-11-05 18:00:43]TIMES:310 rmnet_data1:18391 198 0 0 0 0 0 0 24720 225 0 0 0 0 0 0
[2019-11-05 18:00:48]TIMES:315 CPU USE:15 2 13 0
[2019-11-05 18:00:48]TIMES:315 CPU0 USE:15 2 13 0
[2019-11-05 18:00:48]TIMES:315 SERIAL0:153 1786 923
[2019-11-05 18:00:48]TIMES:315 rmnet0:26720 252 0 0 0 0 0 0 29032 281 0 0 0 0 0 0
[2019-11-05 18:00:48]TIMES:315 rmnet_data1:18811 203 0 0 0 0 0 0 25160 230 0 0 0 0 0 0
[2019-11-05 18:00:53]TIMES:320 ZONE0 TEMP:40
[2019-11-05 18:00:53]TIMES:320 ZONE1 TEMP:38
[2019-11-05 18:00:53]TIMES:320 ZONE2 TEMP:42
[2019-11-05 18:00:53]TIMES:320 ZONE3 TEMP:39
[2019-11-05 18:00:53]TIMES:320 ZONE4 TEMP:38
[2019-11-05 18:00:53]TIMES:320 ZONE5 TEMP:39
[2019-11-05 18:00:53]TIMES:320 CPU USE:28 7 21 0
[2019-11-05 18:00:53]TIMES:320 CPU0 USE:28 7 21 0
[2019-11-05 18:00:53]TIMES:320 SERIAL0:153 1824 936
[2019-11-05 18:00:53]TIMES:320 rmnet0:27444 259 0 0 0 0 0 0 29608 288 0 0 0 0 0 0
[2019-11-05 18:00:53]TIMES:320 rmnet_data1:19231 208 0 0 0 0 0 0 25600 235 0 0 0 0 0 0
[2019-11-05 18:00:53]TIMES:320 rmnet_data0:6093 51 0 0 0 0 0 0 4008 53 0 0 0 0 0 0
[2019-11-05 18:00:53]TIMES:320 NET MODE:5 -72 -103
[2019-11-05 18:00:58]TIMES:325 ZONE5 TEMP:40
[2019-11-05 18:00:58]TIMES:325 CPU USE:14 3 11 0
[2019-11-05 18:00:58]TIMES:325 CPU0 USE:14 3 11 0
[2019-11-05 18:00:58]TIMES:325 SERIAL0:153 1838 946
[2019-11-05 18:00:58]TIMES:325 rmnet0:28032 266 0 0 0 0 0 0 30168 295 0 0 0 0 0 0
[2019-11-05 18:00:58]TIMES:325 rmnet_data1:19762 215 0 0 0 0 0 0 26160 242 0 0 0 0 0 0
[2019-11-05 18:01:03]TIMES:330 MEM FREE:94 31
[2019-11-05 18:01:03]TIMES:330 CPU USE:16 3 13 0
[2019-11-05 18:01:03]TIMES:330 CPU0 USE:16 3 13 0
[2019-11-05 18:01:03]TIMES:330 SERIAL0:153 1876 959
[2019-11-05 18:01:03]TIMES:330 rmnet0:28492 271 0 0 0 0 0 0 30520 299 0 0 0 0 0 0
[2019-11-05 18:01:03]TIMES:330 rmnet_data1:20182 220 0 0 0 0 0 0 26512 246 0 0 0 0 0 0
[2019-11-05 18:01:08]TIMES:335 ZONE2 TEMP:41
[2019-11-05 18:01:08]TIMES:335 MEM FREE:94 32
[2019-11-05 18:01:08]TIMES:335 CPU USE:13 2 11 0
[2019-11-05 18:01:08]TIMES:335 CPU0 USE:13 2 11 0
[2019-11-05 18:01:08]TIMES:335 SERIAL0:153 1890 969
[2019-11-05 18:01:13]TIMES:340 CPU USE:17 5 12 0
[2019-11-05 18:01:13]TIMES:340 CPU0 USE:17 5 12 0
[2019-11-05 18:01:13]TIMES:340 SERIAL0:153 1928 982
[2019-11-05 18:01:18]TIMES:345 CPU USE:14 3 11 0
[2019-11-05 18:01:18]TIMES:345 CPU0 USE:14 3 11 0
[2019-11-05 18:01:18]TIMES:345 SERIAL0:153 1942 992
[2019-11-05 18:01:18]TIMES:345 rmnet0:28572 272 0 0 0 0 0 0 30640 301 0 0 0 0 0 0
[2019-11-05 18:01:18]TIMES:345 rmnet_data1:20253 221 0 0 0 0 0 0 26632 248 0 0 0 0 0 0
[2019-11-05 18:01:23]TIMES:350 CPU USE:27 6 21 0
[2019-11-05 18:01:23]TIMES:350 CPU0 USE:27 6 21 0
[2019-11-05 18:01:23]TIMES:350 SERIAL0:153 1980 1005
[2019-11-05 18:01:23]TIMES:350 rmnet0:28836 274 0 0 0 0 0 0 30776 303 0 0 0 0 0 0
[2019-11-05 18:01:23]TIMES:350 rmnet_data0:6341 53 0 0 0 0 0 0 4144 55 0 0 0 0 0 0
[2019-11-05 18:01:28]TIMES:355 CPU USE:16 3 13 0
[2019-11-05 18:01:28]TIMES:355 CPU0 USE:16 3 13 0
[2019-11-05 18:01:28]TIMES:355 SERIAL0:153 1994 1015
[2019-11-05 18:01:33]TIMES:360 MEM FREE:93 31
[2019-11-05 18:01:33]TIMES:360 CPU USE:18 3 15 0
[2019-11-05 18:01:33]TIMES:360 CPU0 USE:18 3 15 0
[2019-11-05 18:01:33]TIMES:360 SERIAL0:153 2018 1028
[2019-11-05 18:01:33]TIMES:360 rmnet0:28976 276 0 0 0 0 0 0 31772 305 0 0 0 0 0 0
[2019-11-05 18:01:33]TIMES:360 rmnet_data1:20377 223 0 0 0 0 0 0 27628 250 0 0 0 0 0 0
[2019-11-05 18:01:38]TIMES:365 CPU USE:13 2 11 0
[2019-11-05 18:01:38]TIMES:365 CPU0 USE:13 2 11 0
[2019-11-05 18:01:38]TIMES:365 SERIAL0:153 2046 1038
[2019-11-05 18:01:38]TIMES:365 rmnet0:29564 283 0 0 0 0 0 0 32332 312 0 0 0 0 0 0
[2019-11-05 18:01:38]TIMES:365 rmnet_data1:20908 230 0 0 0 0 0 0 28188 257 0 0 0 0 0 0
[2019-11-05 18:01:43]TIMES:370 ZONE4 TEMP:37
[2019-11-05 18:01:43]TIMES:370 CPU USE:16 3 13 0
[2019-11-05 18:01:43]TIMES:370 CPU0 USE:16 3 13 0
[2019-11-05 18:01:43]TIMES:370 SERIAL0:153 2070 1051
[2019-11-05 18:01:43]TIMES:370 rmnet0:30024 288 0 0 0 0 0 0 32772 317 0 0 0 0 0 0
[2019-11-05 18:01:43]TIMES:370 rmnet_data1:21328 235 0 0 0 0 0 0 28628 262 0 0 0 0 0 0
[2019-11-05 18:01:48]TIMES:375 ZONE4 TEMP:38
[2019-11-05 18:01:48]TIMES:375 CPU USE:16 3 13 0
[2019-11-05 18:01:48]TIMES:375 CPU0 USE:16 3 13 0
[2019-11-05 18:01:48]TIMES:375 SERIAL0:153 2098 1061
[2019-11-05 18:01:48]TIMES:375 rmnet0:30484 293 0 0 0 0 0 0 33212 322 0 0 0 0 0 0
[2019-11-05 18:01:48]TIMES:375 rmnet_data1:21748 240 0 0 0 0 0 0 29068 267 0 0 0 0 0 0
[2019-11-05 18:01:53]TIMES:380 ZONE1 TEMP:39
[2019-11-05 18:01:53]TIMES:380 ZONE2 TEMP:42
[2019-11-05 18:01:53]TIMES:380 CPU USE:23 6 17 0
[2019-11-05 18:01:53]TIMES:380 CPU0 USE:23 6 17 0
[2019-11-05 18:01:53]TIMES:380 SERIAL0:153 2122 1074
[2019-11-05 18:01:53]TIMES:380 rmnet0:31032 299 0 0 0 0 0 0 33720 328 0 0 0 0 0 0
[2019-11-05 18:01:53]TIMES:380 rmnet_data1:22168 245 0 0 0 0 0 0 29508 272 0 0 0 0 0 0
[2019-11-05 18:01:53]TIMES:380 rmnet_data0:6419 54 0 0 0 0 0 0 4212 56 0 0 0 0 0 0
[2019-11-05 18:01:58]TIMES:385 ZONE1 TEMP:38
[2019-11-05 18:01:58]TIMES:385 ZONE2 TEMP:41
[2019-11-05 18:01:58]TIMES:385 CPU USE:30 6 24 0
[2019-11-05 18:01:58]TIMES:385 CPU0 USE:30 6 24 0
[2019-11-05 18:01:58]TIMES:385 SERIAL0:153 2150 1084
[2019-11-05 18:01:58]TIMES:385 rmnet0:32204 311 0 0 0 0 0 0 34704 341 0 0 0 0 0 0
[2019-11-05 18:01:58]TIMES:385 rmnet_data1:22659 251 0 0 0 0 0 0 30068 279 0 0 0 0 0 0
[2019-11-05 18:01:58]TIMES:385 rmnet_data0:6997 60 0 0 0 0 0 0 4636 62 0 0 0 0 0 0
[2019-11-05 18:02:03]TIMES:390 CPU USE:16 3 13 0
[2019-11-05 18:02:03]TIMES:390 CPU0 USE:16 3 13 0
[2019-11-05 18:02:03]TIMES:390 SERIAL0:153 2174 1097
[2019-11-05 18:02:03]TIMES:390 rmnet0:32572 315 0 0 0 0 0 0 35144 346 0 0 0 0 0 0
[2019-11-05 18:02:03]TIMES:390 rmnet_data1:22995 255 0 0 0 0 0 0 30508 284 0 0 0 0 0 0
[2019-11-05 18:02:08]TIMES:395 CPU USE:13 2 11 0
[2019-11-05 18:02:08]TIMES:395 CPU0 USE:13 2 11 0
[2019-11-05 18:02:08]TIMES:395 SERIAL0:153 2202 1107
[2019-11-05 18:02:08]TIMES:395 rmnet0:33124 321 0 0 0 0 0 0 35584 351 0 0 0 0 0 0
[2019-11-05 18:02:08]TIMES:395 rmnet_data1:23499 261 0 0 0 0 0 0 30948 289 0 0 0 0 0 0
[2019-11-05 18:02:13]TIMES:400 CPU USE:17 3 14 0
[2019-11-05 18:02:13]TIMES:400 CPU0 USE:17 3 14 0
[2019-11-05 18:02:13]TIMES:400 SERIAL0:153 2226 1120
[2019-11-05 18:02:13]TIMES:400 rmnet0:33492 325 0 0 0 0 0 0 36024 356 0 0 0 0 0 0
[2019-11-05 18:02:13]TIMES:400 rmnet_data1:23835 265 0 0 0 0 0 0 31388 294 0 0 0 0 0 0
[2019-11-05 18:02:18]TIMES:405 CPU USE:14 2 12 0
[2019-11-05 18:02:18]TIMES:405 CPU0 USE:14 2 12 0
[2019-11-05 18:02:18]TIMES:405 SERIAL0:153 2240 1130
[2019-11-05 18:02:18]TIMES:405 rmnet0:34124 332 0 0 0 0 0 0 36584 363 0 0 0 0 0 0
[2019-11-05 18:02:18]TIMES:405 rmnet_data1:24410 272 0 0 0 0 0 0 31948 301 0 0 0 0 0 0
[2019-11-05 18:02:23]TIMES:410 CPU USE:21 4 17 0
[2019-11-05 18:02:23]TIMES:410 CPU0 USE:21 4 17 0
[2019-11-05 18:02:23]TIMES:410 SERIAL0:153 2278 1143
[2019-11-05 18:02:23]TIMES:410 rmnet0:34768 339 0 0 0 0 0 0 37168 370 0 0 0 0 0 0
[2019-11-05 18:02:23]TIMES:410 rmnet_data1:24830 277 0 0 0 0 0 0 32388 306 0 0 0 0 0 0
[2019-11-05 18:02:23]TIMES:410 rmnet_data0:7165 62 0 0 0 0 0 0 4780 64 0 0 0 0 0 0
[2019-11-05 18:02:28]TIMES:415 CPU USE:22 3 19 0
[2019-11-05 18:02:28]TIMES:415 CPU0 USE:22 3 19 0
[2019-11-05 18:02:28]TIMES:415 SERIAL0:153 2292 1153
[2019-11-05 18:02:28]TIMES:415 rmnet0:35228 344 0 0 0 0 0 0 37676 376 0 0 0 0 0 0
[2019-11-05 18:02:28]TIMES:415 rmnet_data1:25250 282 0 0 0 0 0 0 32828 311 0 0 0 0 0 0
[2019-11-05 18:02:28]TIMES:415 rmnet_data0:7165 62 0 0 0 0 0 0 4848 65 0 0 0 0 0 0
[2019-11-05 18:02:33]TIMES:420 CPU USE:19 2 17 0
[2019-11-05 18:02:33]TIMES:420 CPU0 USE:19 2 17 0
[2019-11-05 18:02:33]TIMES:420 SERIAL0:153 2330 1166
[2019-11-05 18:02:33]TIMES:420 rmnet0:36000 352 0 0 0 0 0 0 39132 384 0 0 0 0 0 0
[2019-11-05 18:02:33]TIMES:420 rmnet_data1:25710 288 0 0 0 0 0 0 34148 317 0 0 0 0 0 0
[2019-11-05 18:02:33]TIMES:420 rmnet_data0:7413 64 0 0 0 0 0 0 4984 67 0 0 0 0 0 0
[2019-11-05 18:02:38]TIMES:425 ZONE4 TEMP:37
[2019-11-05 18:02:38]TIMES:425 CPU USE:13 3 10 0
[2019-11-05 18:02:38]TIMES:425 CPU0 USE:13 3 10 0
[2019-11-05 18:02:38]TIMES:425 SERIAL0:153 2344 1176
[2019-11-05 18:02:38]TIMES:425 rmnet0:36368 356 0 0 0 0 0 0 39648 390 0 0 0 0 0 0
[2019-11-05 18:02:38]TIMES:425 rmnet_data1:26046 292 0 0 0 0 0 0 34664 323 0 0 0 0 0 0
[2019-11-05 18:02:43]TIMES:430 ZONE4 TEMP:38
[2019-11-05 18:02:43]TIMES:430 CPU USE:17 3 14 0
[2019-11-05 18:02:43]TIMES:430 CPU0 USE:17 3 14 0
[2019-11-05 18:02:43]TIMES:430 SERIAL0:153 2382 1189
[2019-11-05 18:02:43]TIMES:430 rmnet0:37048 364 0 0 0 0 0 0 40132 396 0 0 0 0 0 0
[2019-11-05 18:02:43]TIMES:430 rmnet_data1:26661 300 0 0 0 0 0 0 35148 329 0 0 0 0 0 0
[2019-11-05 18:02:48]TIMES:435 CPU USE:14 2 12 0
[2019-11-05 18:02:48]TIMES:435 CPU0 USE:14 2 12 0
[2019-11-05 18:02:48]TIMES:435 SERIAL0:153 2396 1199
[2019-11-05 18:02:48]TIMES:435 rmnet0:37508 369 0 0 0 0 0 0 40572 401 0 0 0 0 0 0
[2019-11-05 18:02:48]TIMES:435 rmnet_data1:27081 305 0 0 0 0 0 0 35588 334 0 0 0 0 0 0
[2019-11-05 18:02:53]TIMES:440 CPU USE:14 5 9 0
[2019-11-05 18:02:53]TIMES:440 CPU0 USE:14 5 9 0
[2019-11-05 18:02:53]TIMES:440 SERIAL0:153 2434 1212
[2019-11-05 18:02:53]TIMES:440 rmnet0:37968 374 0 0 0 0 0 0 41012 406 0 0 0 0 0 0
[2019-11-05 18:02:53]TIMES:440 rmnet_data1:27501 310 0 0 0 0 0 0 36028 339 0 0 0 0 0 0
[2019-11-05 18:02:58]TIMES:445 ZONE2 TEMP:42
[2019-11-05 18:02:58]TIMES:445 CPU USE:16 4 12 0
[2019-11-05 18:02:58]TIMES:445 CPU0 USE:16 4 12 0
[2019-11-05 18:02:58]TIMES:445 SERIAL0:153 2448 1222
[2019-11-05 18:02:58]TIMES:445 rmnet0:38428 379 0 0 0 0 0 0 41452 411 0 0 0 0 0 0
[2019-11-05 18:02:58]TIMES:445 rmnet_data1:27921 315 0 0 0 0 0 0 36468 344 0 0 0 0 0 0
[2019-11-05 18:03:03]TIMES:450 ZONE2 TEMP:41
[2019-11-05 18:03:03]TIMES:450 CPU USE:17 3 14 0
[2019-11-05 18:03:03]TIMES:450 CPU0 USE:17 3 14 0
[2019-11-05 18:03:03]TIMES:450 SERIAL0:153 2486 1235
[2019-11-05 18:03:03]TIMES:450 rmnet0:38876 384 0 0 0 0 0 0 41924 417 0 0 0 0 0 0
[2019-11-05 18:03:03]TIMES:450 rmnet_data1:28328 320 0 0 0 0 0 0 36940 350 0 0 0 0 0 0
[2019-11-05 18:03:08]TIMES:455 ZONE4 TEMP:37
[2019-11-05 18:03:08]TIMES:455 MEM FREE:94 32
[2019-11-05 18:03:08]TIMES:455 CPU USE:20 4 16 0
[2019-11-05 18:03:08]TIMES:455 CPU0 USE:20 4 16 0
[2019-11-05 18:03:08]TIMES:455 SERIAL0:153 2500 1245
[2019-11-05 18:03:08]TIMES:455 rmnet0:39140 386 0 0 0 0 0 0 42060 419 0 0 0 0 0 0
[2019-11-05 18:03:08]TIMES:455 rmnet_data0:7661 66 0 0 0 0 0 0 5120 69 0 0 0 0 0 0
[2019-11-05 18:03:13]TIMES:460 MEM FREE:94 31
[2019-11-05 18:03:13]TIMES:460 CPU USE:16 3 13 0
[2019-11-05 18:03:13]TIMES:460 CPU0 USE:16 3 13 0
[2019-11-05 18:03:13]TIMES:460 SERIAL0:153 2524 1258
[2019-11-05 18:03:18]TIMES:465 ZONE0 TEMP:39
[2019-11-05 18:03:18]TIMES:465 ZONE1 TEMP:36
[2019-11-05 18:03:18]TIMES:465 ZONE2 TEMP:39
[2019-11-05 18:03:18]TIMES:465 ZONE3 TEMP:37
[2019-11-05 18:03:18]TIMES:465 ZONE4 TEMP:36
[2019-11-05 18:03:18]TIMES:465 ZONE5 TEMP:39
[2019-11-05 18:03:18]TIMES:465 CPU USE:15 2 13 0
[2019-11-05 18:03:18]TIMES:465 CPU0 USE:15 2 13 0
[2019-11-05 18:03:18]TIMES:465 SERIAL0:153 2552 1268
[2019-11-05 18:03:23]TIMES:470 ZONE0 TEMP:40
[2019-11-05 18:03:23]TIMES:470 ZONE1 TEMP:38
[2019-11-05 18:03:23]TIMES:470 ZONE2 TEMP:41
[2019-11-05 18:03:23]TIMES:470 ZONE3 TEMP:39
[2019-11-05 18:03:23]TIMES:470 ZONE4 TEMP:38
[2019-11-05 18:03:23]TIMES:470 ZONE5 TEMP:40
[2019-11-05 18:03:23]TIMES:470 CPU USE:13 2 11 0
[2019-11-05 18:03:23]TIMES:470 CPU0 USE:13 2 11 0
[2019-11-05 18:03:23]TIMES:470 SERIAL0:153 2576 1281
[2019-11-05 18:03:23]TIMES:470 rmnet0:39220 387 0 0 0 0 0 0 42180 421 0 0 0 0 0 0
[2019-11-05 18:03:23]TIMES:470 rmnet_data1:28399 321 0 0 0 0 0 0 37060 352 0 0 0 0 0 0
[2019-11-05 18:03:28]TIMES:475 ZONE4 TEMP:37
[2019-11-05 18:03:28]TIMES:475 CPU USE:16 3 13 0
[2019-11-05 18:03:28]TIMES:475 CPU0 USE:16 3 13 0
[2019-11-05 18:03:28]TIMES:475 SERIAL0:153 2604 1291
[2019-11-05 18:03:33]TIMES:480 ZONE4 TEMP:38
[2019-11-05 18:03:33]TIMES:480 MEM FREE:93 31
[2019-11-05 18:03:33]TIMES:480 CPU USE:17 3 14 0
[2019-11-05 18:03:33]TIMES:480 CPU0 USE:17 3 14 0
[2019-11-05 18:03:33]TIMES:480 SERIAL0:153 2628 1304
[2019-11-05 18:03:33]TIMES:480 rmnet0:39360 389 0 0 0 0 0 0 43176 423 0 0 0 0 0 0
[2019-11-05 18:03:33]TIMES:480 rmnet_data1:28523 323 0 0 0 0 0 0 38056 354 0 0 0 0 0 0
