[1980-01-06 08:00:15]sleep:5
[1980-01-06 08:00:15]change:1
[1980-01-06 08:00:15]address:
[1980-01-06 08:00:15]time:0
[1980-01-06 08:00:15]size:5
[1980-01-06 08:00:15]Oct 31 2019 14:30:13
[1980-01-06 08:00:20]TIMES:0 ZONE0 TEMP:41
[1980-01-06 08:00:20]TIMES:0 ZONE1 TEMP:38
[1980-01-06 08:00:20]TIMES:0 ZONE2 TEMP:41
[1980-01-06 08:00:20]TIMES:0 ZONE3 TEMP:39
[1980-01-06 08:00:20]TIMES:0 ZONE4 TEMP:39
[1980-01-06 08:00:20]TIMES:0 ZONE5 TEMP:41
[1980-01-06 08:00:20]TIMES:0 ZONE6 TEMP:34
[1980-01-06 08:00:20]TIMES:0 MEM FREE:95 35
[1980-01-06 08:00:20]TIMES:0 CPU0 FREQ:806400
[1980-01-06 08:00:20]TIMES:0 SERIAL0:153 152 196
[1980-01-06 08:00:20]TIMES:0 SERIAL1:151 0 0
[1980-01-06 08:00:20]TIMES:0 bridge0:0 0 0 0 0 0 0 0 76 1 0 0 0 0 0 0
[1980-01-06 08:00:20]TIMES:0 NET DELAY:-500
[1980-01-06 08:00:25]TIMES:5 ZONE0 TEMP:43
[1980-01-06 08:00:25]TIMES:5 ZONE1 TEMP:42
[1980-01-06 08:00:25]TIMES:5 ZONE2 TEMP:45
[1980-01-06 08:00:25]TIMES:5 ZONE3 TEMP:43
[1980-01-06 08:00:25]TIMES:5 ZONE4 TEMP:41
[1980-01-06 08:00:25]TIMES:5 ZONE6 TEMP:35
[1980-01-06 08:00:25]TIMES:5 MEM FREE:93 32
[1980-01-06 08:00:25]TIMES:5 CPU USE:50 10 40 0
[1980-01-06 08:00:25]TIMES:5 CPU0 USE:50 10 40 0
[1980-01-06 08:00:25]TIMES:5 SERIAL0:153 190 208
[1980-01-06 08:00:25]TIMES:5 rmnet0:0 0 0 0 0 0 0 0 696 9 0 0 0 0 0 0
[1980-01-06 08:00:25]TIMES:5 rmnet_data1:0 0 0 0 0 0 0 0 308 4 0 0 0 0 0 0
[1980-01-06 08:00:25]TIMES:5 rmnet_data0:0 0 0 0 0 0 0 0 388 5 0 0 0 0 0 0
[1980-01-06 08:00:30]TIMES:10 ZONE0 TEMP:44
[1980-01-06 08:00:30]TIMES:10 ZONE1 TEMP:43
[1980-01-06 08:00:30]TIMES:10 ZONE5 TEMP:42
[1980-01-06 08:00:30]TIMES:10 MEM FREE:93 31
[1980-01-06 08:00:30][H[JMem: 124772K used, 32220K free, 48K shrd, 0K buff, 62592K cached
STAT     %CPU     COMMAND[0m
S     26.6     process-service
3080     top     -n1
S     6.6     modem-service
S     6.6     power-service
RW     6.6     [kworker/u2:2]
S     0.0     /usr/bin/thermal-engine

[1980-01-06 08:00:30]TIMES:10 CPU USE:95 22 73 0
[1980-01-06 08:00:31][H[JMem: 124884K used, 32108K free, 48K shrd, 0K buff, 62592K cached
STAT     %CPU     COMMAND[0m
S     7.6     modem-service
3080     top     -n1
S     0.0     /usr/bin/thermal-engine
root     0.0     /usr/bin/netmgrd
root     0.0     mcm_ril_service
S     0.0     mcm_data_srv

[1980-01-06 08:00:31]TIMES:10 CPU0 USE:95 22 73 0
[1980-01-06 08:00:31]TIMES:10 SERIAL0:153 214 221
[1980-01-06 08:00:31]TIMES:10 rmnet0:3112 19 0 0 0 0 0 0 3052 29 0 0 0 0 0 0
[1980-01-06 08:00:31]TIMES:10 rmnet_data1:0 0 0 0 0 0 0 0 1108 8 0 0 0 0 0 0
[1980-01-06 08:00:31]TIMES:10 rmnet_data0:2944 19 0 0 0 0 0 0 1944 21 0 0 0 0 0 0
[1980-01-06 08:00:31]TIMES:10 NET MODE:5 -66 -105
[1980-01-06 08:00:36]TIMES:15 ZONE0 TEMP:43
[1980-01-06 08:00:36]TIMES:15 ZONE1 TEMP:42
[1980-01-06 08:00:36]TIMES:15 MEM FREE:93 32
[1980-01-06 08:00:36]TIMES:15 CPU USE:21 5 16 0
[1980-01-06 08:00:36]TIMES:15 CPU0 USE:21 5 16 0
[1980-01-06 08:00:36]TIMES:15 SERIAL0:153 242 231
[1980-01-06 08:00:36]TIMES:15 rmnet0:3212 20 0 0 0 0 0 0 3292 30 0 0 0 0 0 0
[1980-01-06 08:00:36]TIMES:15 rmnet_data1:0 0 0 0 0 0 0 0 1348 9 0 0 0 0 0 0
[1980-01-06 08:00:36]TIMES:15 rmnet_data0:3035 20 0 0 0 0 0 0 1944 21 0 0 0 0 0 0
[1980-01-06 08:00:36]TIMES:15 NET MODE:5 -70 -103
[1980-01-06 08:00:41]TIMES:20 CPU USE:19 5 14 0
[1980-01-06 08:00:41]TIMES:20 CPU0 USE:19 5 14 0
[1980-01-06 08:00:41]TIMES:20 SERIAL0:153 266 244
[1980-01-06 08:00:41]TIMES:20 rmnet0:5276 30 0 0 0 0 0 0 4628 42 0 0 0 0 0 0
[1980-01-06 08:00:41]TIMES:20 rmnet_data1:1672 7 0 0 0 0 0 0 2540 19 0 0 0 0 0 0
[1980-01-06 08:00:41]TIMES:20 rmnet_data0:3342 23 0 0 0 0 0 0 2088 23 0 0 0 0 0 0
[2019-11-06 15:51:13]TIMES:25 ZONE1 TEMP:43
[2019-11-06 15:51:13]TIMES:25 MEM FREE:93 31
[2019-11-06 15:51:13]TIMES:25 CPU USE:17 5 12 0
[2019-11-06 15:51:13]TIMES:25 CPU0 USE:17 5 12 0
[2019-11-06 15:51:13]TIMES:25 SERIAL0:153 306 256
[2019-11-06 15:51:13]TIMES:25 rmnet0:7740 42 0 0 0 0 0 0 6560 56 0 0 0 0 0 0
[2019-11-06 15:51:13]TIMES:25 rmnet_data1:3720 16 0 0 0 0 0 0 4328 31 0 0 0 0 0 0
[2019-11-06 15:51:13]TIMES:25 rmnet_data0:3649 26 0 0 0 0 0 0 2232 25 0 0 0 0 0 0
[2019-11-06 15:51:18]TIMES:30 ZONE1 TEMP:42
[2019-11-06 15:51:18]TIMES:30 CPU USE:15 3 12 0
[2019-11-06 15:51:18]TIMES:30 CPU0 USE:15 3 12 0
[2019-11-06 15:51:18]TIMES:30 SERIAL0:153 358 269
[2019-11-06 15:51:18]TIMES:30 rmnet0:7868 44 0 0 0 0 0 0 6680 58 0 0 0 0 0 0
[2019-11-06 15:51:18]TIMES:30 rmnet_data1:3831 18 0 0 0 0 0 0 4448 33 0 0 0 0 0 0
[2019-11-06 15:51:23]TIMES:35 CPU USE:14 3 11 0
[2019-11-06 15:51:23]TIMES:35 CPU0 USE:14 3 11 0
[2019-11-06 15:51:23]TIMES:35 SERIAL0:153 372 279
[2019-11-06 15:51:28]TIMES:40 CPU USE:16 4 12 0
[2019-11-06 15:51:28]TIMES:40 CPU0 USE:16 4 12 0
[2019-11-06 15:51:28]TIMES:40 SERIAL0:153 410 292
[2019-11-06 15:51:28]TIMES:40 rmnet0:7948 45 0 0 0 0 0 0 6680 58 0 0 0 0 0 0
[2019-11-06 15:51:28]TIMES:40 rmnet_data0:3720 27 0 0 0 0 0 0 2232 25 0 0 0 0 0 0
[2019-11-06 15:51:33]TIMES:45 CPU USE:26 6 20 0
[2019-11-06 15:51:33]TIMES:45 CPU0 USE:26 6 20 0
[2019-11-06 15:51:33]TIMES:45 SERIAL0:153 424 302
[2019-11-06 15:51:33]TIMES:45 rmnet0:8312 48 0 0 0 0 0 0 6816 60 0 0 0 0 0 0
[2019-11-06 15:51:33]TIMES:45 rmnet_data0:4059 30 0 0 0 0 0 0 2368 27 0 0 0 0 0 0
[2019-11-06 15:51:38]TIMES:50 CPU USE:16 2 14 0
[2019-11-06 15:51:38]TIMES:50 CPU0 USE:16 2 14 0
[2019-11-06 15:51:38]TIMES:50 SERIAL0:153 462 315
[2019-11-06 15:51:38]TIMES:50 rmnet0:8392 49 0 0 0 0 0 0 6936 62 0 0 0 0 0 0
[2019-11-06 15:51:38]TIMES:50 rmnet_data1:3902 19 0 0 0 0 0 0 4568 35 0 0 0 0 0 0
[2019-11-06 15:51:43]TIMES:55 CPU USE:15 2 13 0
[2019-11-06 15:51:43]TIMES:55 CPU0 USE:15 2 13 0
[2019-11-06 15:51:43]TIMES:55 SERIAL0:153 476 325
[2019-11-06 15:51:48]TIMES:60 ZONE1 TEMP:43
[2019-11-06 15:51:48]TIMES:60 ZONE2 TEMP:46
[2019-11-06 15:51:48]TIMES:60 CPU USE:16 3 13 0
[2019-11-06 15:51:48]TIMES:60 CPU0 USE:16 3 13 0
[2019-11-06 15:51:48]TIMES:60 SERIAL0:153 514 338
[2019-11-06 15:51:48]TIMES:60 rmnet0:8440 50 0 0 0 0 0 0 7816 63 0 0 0 0 0 0
[2019-11-06 15:51:48]TIMES:60 rmnet_data1:3942 20 0 0 0 0 0 0 5448 36 0 0 0 0 0 0
[2019-11-06 15:51:53]TIMES:65 ZONE2 TEMP:45
[2019-11-06 15:51:53]TIMES:65 CPU USE:15 2 13 0
[2019-11-06 15:51:53]TIMES:65 CPU0 USE:15 2 13 0
[2019-11-06 15:51:53]TIMES:65 SERIAL0:153 528 348
[2019-11-06 15:51:58]TIMES:70 CPU USE:16 2 14 0
[2019-11-06 15:51:58]TIMES:70 CPU0 USE:16 2 14 0
[2019-11-06 15:51:58]TIMES:70 SERIAL0:153 552 361
[2019-11-06 15:51:58]TIMES:70 rmnet0:8568 52 0 0 0 0 0 0 7936 65 0 0 0 0 0 0
[2019-11-06 15:51:58]TIMES:70 rmnet_data1:4053 22 0 0 0 0 0 0 5568 38 0 0 0 0 0 0
[2019-11-06 15:52:03]TIMES:75 CPU USE:26 6 20 0
[2019-11-06 15:52:03]TIMES:75 CPU0 USE:26 6 20 0
[2019-11-06 15:52:03]TIMES:75 SERIAL0:153 580 371
[2019-11-06 15:52:03]TIMES:75 rmnet0:8832 54 0 0 0 0 0 0 8072 67 0 0 0 0 0 0
[2019-11-06 15:52:03]TIMES:75 rmnet_data0:4307 32 0 0 0 0 0 0 2504 29 0 0 0 0 0 0
[2019-11-06 15:52:08]TIMES:80 CPU USE:19 3 16 0
[2019-11-06 15:52:08]TIMES:80 CPU0 USE:19 3 16 0
[2019-11-06 15:52:08]TIMES:80 SERIAL0:153 604 384
[2019-11-06 15:52:13]TIMES:85 CPU USE:15 3 12 0
[2019-11-06 15:52:13]TIMES:85 CPU0 USE:15 3 12 0
[2019-11-06 15:52:13]TIMES:85 SERIAL0:153 632 394
[2019-11-06 15:52:18]TIMES:90 ZONE0 TEMP:42
[2019-11-06 15:52:18]TIMES:90 ZONE1 TEMP:41
[2019-11-06 15:52:18]TIMES:90 ZONE2 TEMP:43
[2019-11-06 15:52:18]TIMES:90 ZONE3 TEMP:41
[2019-11-06 15:52:18]TIMES:90 ZONE4 TEMP:39
[2019-11-06 15:52:18]TIMES:90 SERIAL0:153 656 407
[2019-11-06 15:52:18]TIMES:90 rmnet0:8912 55 0 0 0 0 0 0 8192 69 0 0 0 0 0 0
[2019-11-06 15:52:18]TIMES:90 rmnet_data1:4124 23 0 0 0 0 0 0 5688 40 0 0 0 0 0 0
[2019-11-06 15:52:23]TIMES:95 ZONE0 TEMP:43
[2019-11-06 15:52:23]TIMES:95 ZONE1 TEMP:42
[2019-11-06 15:52:23]TIMES:95 ZONE2 TEMP:45
[2019-11-06 15:52:23]TIMES:95 ZONE3 TEMP:43
[2019-11-06 15:52:23]TIMES:95 ZONE4 TEMP:41
[2019-11-06 15:52:23]TIMES:95 CPU USE:15 2 13 0
[2019-11-06 15:52:23]TIMES:95 CPU0 USE:15 2 13 0
[2019-11-06 15:52:23]TIMES:95 SERIAL0:153 684 417
[2019-11-06 15:52:28]TIMES:100 ZONE1 TEMP:43
[2019-11-06 15:52:28]TIMES:100 CPU USE:15 3 12 0
[2019-11-06 15:52:28]TIMES:100 CPU0 USE:15 3 12 0
[2019-11-06 15:52:28]TIMES:100 SERIAL0:153 708 430
[2019-11-06 15:52:28]TIMES:100 NET MODE:5 -74 -106
[2019-11-06 15:52:33]TIMES:105 ZONE0 TEMP:41
[2019-11-06 15:52:33]TIMES:105 ZONE1 TEMP:38
[2019-11-06 15:52:33]TIMES:105 ZONE2 TEMP:41
[2019-11-06 15:52:33]TIMES:105 ZONE3 TEMP:40
[2019-11-06 15:52:33]TIMES:105 ZONE4 TEMP:39
[2019-11-06 15:52:33]TIMES:105 ZONE5 TEMP:104
[2019-11-06 15:52:33]TIMES:105 CPU USE:20 4 16 0
[2019-11-06 15:52:33]TIMES:105 CPU0 USE:20 4 16 0
[2019-11-06 15:52:33]TIMES:105 SERIAL0:153 736 440
[2019-11-06 15:52:33]TIMES:105 rmnet0:8912 55 0 0 0 0 0 0 8260 70 0 0 0 0 0 0
[2019-11-06 15:52:33]TIMES:105 rmnet_data0:4307 32 0 0 0 0 0 0 2572 30 0 0 0 0 0 0
[2019-11-06 15:52:33]TIMES:105 NET MODE:5 -69 -105
[2019-11-06 15:52:38]TIMES:110 ZONE0 TEMP:43
[2019-11-06 15:52:38]TIMES:110 ZONE1 TEMP:42
[2019-11-06 15:52:38]TIMES:110 ZONE2 TEMP:45
[2019-11-06 15:52:38]TIMES:110 ZONE3 TEMP:43
[2019-11-06 15:52:38]TIMES:110 ZONE4 TEMP:41
[2019-11-06 15:52:38]TIMES:110 ZONE5 TEMP:42
[2019-11-06 15:52:38]TIMES:110 CPU USE:19 3 16 0
[2019-11-06 15:52:38]TIMES:110 CPU0 USE:19 3 16 0
[2019-11-06 15:52:38]TIMES:110 SERIAL0:153 760 453
[2019-11-06 15:52:38]TIMES:110 rmnet0:9176 57 0 0 0 0 0 0 8328 71 0 0 0 0 0 0
[2019-11-06 15:52:38]TIMES:110 rmnet_data0:4555 34 0 0 0 0 0 0 2640 31 0 0 0 0 0 0
[2019-11-06 15:52:38]TIMES:110 NET MODE:5 -73 -105
[2019-11-06 15:52:43]TIMES:115 ZONE1 TEMP:43
[2019-11-06 15:52:43]TIMES:115 CPU USE:14 4 10 0
[2019-11-06 15:52:43]TIMES:115 CPU0 USE:14 4 10 0
[2019-11-06 15:52:43]TIMES:115 SERIAL0:153 788 463
[2019-11-06 15:52:43]TIMES:115 rmnet0:9256 58 0 0 0 0 0 0 8448 73 0 0 0 0 0 0
[2019-11-06 15:52:43]TIMES:115 rmnet_data1:4195 24 0 0 0 0 0 0 5808 42 0 0 0 0 0 0
[2019-11-06 15:52:43]TIMES:115 NET MODE:5 -68 -106
[2019-11-06 15:52:48]TIMES:120 ZONE1 TEMP:42
[2019-11-06 15:52:48]TIMES:120 CPU USE:16 4 12 0
[2019-11-06 15:52:48]TIMES:120 CPU0 USE:16 4 12 0
[2019-11-06 15:52:48]TIMES:120 SERIAL0:153 812 476
[2019-11-06 15:52:48]TIMES:120 rmnet0:9304 59 0 0 0 0 0 0 9356 74 0 0 0 0 0 0
[2019-11-06 15:52:48]TIMES:120 rmnet_data1:4235 25 0 0 0 0 0 0 6716 43 0 0 0 0 0 0
[2019-11-06 15:52:53]TIMES:125 ZONE1 TEMP:43
[2019-11-06 15:52:53]TIMES:125 CPU USE:15 2 13 0
[2019-11-06 15:52:53]TIMES:125 CPU0 USE:15 2 13 0
[2019-11-06 15:52:53]TIMES:125 SERIAL0:153 826 486
[2019-11-06 15:52:53]TIMES:125 rmnet0:9856 65 0 0 0 0 0 0 9884 80 0 0 0 0 0 0
[2019-11-06 15:52:53]TIMES:125 rmnet_data1:4655 30 0 0 0 0 0 0 7156 48 0 0 0 0 0 0
[2019-11-06 15:52:53]TIMES:125 rmnet_data0:4639 35 0 0 0 0 0 0 2728 32 0 0 0 0 0 0
[2019-11-06 15:52:58]TIMES:130 CPU USE:17 4 13 0
[2019-11-06 15:52:58]TIMES:130 CPU0 USE:17 4 13 0
[2019-11-06 15:52:58]TIMES:130 SERIAL0:153 864 499
[2019-11-06 15:52:58]TIMES:130 rmnet0:10316 70 0 0 0 0 0 0 10324 85 0 0 0 0 0 0
[2019-11-06 15:52:58]TIMES:130 rmnet_data1:5075 35 0 0 0 0 0 0 7596 53 0 0 0 0 0 0
[2019-11-06 15:53:03]TIMES:135 ZONE2 TEMP:46
[2019-11-06 15:53:03]TIMES:135 ZONE6 TEMP:36
[2019-11-06 15:53:03]TIMES:135 CPU USE:13 2 11 0
[2019-11-06 15:53:03]TIMES:135 CPU0 USE:13 2 11 0
[2019-11-06 15:53:03]TIMES:135 SERIAL0:153 878 509
[2019-11-06 15:53:03]TIMES:135 rmnet0:10904 77 0 0 0 0 0 0 10884 92 0 0 0 0 0 0
[2019-11-06 15:53:03]TIMES:135 rmnet_data1:5606 42 0 0 0 0 0 0 8156 60 0 0 0 0 0 0
[2019-11-06 15:53:08]TIMES:140 ZONE2 TEMP:45
[2019-11-06 15:53:08]TIMES:140 CPU USE:30 5 25 0
[2019-11-06 15:53:08]TIMES:140 CPU0 USE:30 5 25 0
[2019-11-06 15:53:08]TIMES:140 SERIAL0:153 916 522
[2019-11-06 15:53:08]TIMES:140 rmnet0:11628 84 0 0 0 0 0 0 11460 99 0 0 0 0 0 0
[2019-11-06 15:53:08]TIMES:140 rmnet_data1:6026 47 0 0 0 0 0 0 8596 65 0 0 0 0 0 0
[2019-11-06 15:53:08]TIMES:140 rmnet_data0:4887 37 0 0 0 0 0 0 2864 34 0 0 0 0 0 0
[2019-11-06 15:53:13]TIMES:145 ZONE0 TEMP:44
[2019-11-06 15:53:13]TIMES:145 CPU USE:16 3 13 0
[2019-11-06 15:53:13]TIMES:145 CPU0 USE:16 3 13 0
[2019-11-06 15:53:13]TIMES:145 SERIAL0:153 930 532
[2019-11-06 15:53:13]TIMES:145 rmnet0:12088 89 0 0 0 0 0 0 11900 104 0 0 0 0 0 0
[2019-11-06 15:53:13]TIMES:145 rmnet_data1:6446 52 0 0 0 0 0 0 9036 70 0 0 0 0 0 0
[2019-11-06 15:53:18]TIMES:150 ZONE0 TEMP:43
[2019-11-06 15:53:18]TIMES:150 CPU USE:16 3 13 0
[2019-11-06 15:53:18]TIMES:150 CPU0 USE:16 3 13 0
[2019-11-06 15:53:18]TIMES:150 SERIAL0:153 968 545
[2019-11-06 15:53:18]TIMES:150 rmnet0:12548 94 0 0 0 0 0 0 12340 109 0 0 0 0 0 0
[2019-11-06 15:53:18]TIMES:150 rmnet_data1:6866 57 0 0 0 0 0 0 9476 75 0 0 0 0 0 0
[2019-11-06 15:53:23]TIMES:155 CPU USE:16 3 13 0
[2019-11-06 15:53:23]TIMES:155 CPU0 USE:16 3 13 0
[2019-11-06 15:53:23]TIMES:155 SERIAL0:153 982 555
[2019-11-06 15:53:23]TIMES:155 rmnet0:13088 100 0 0 0 0 0 0 12900 116 0 0 0 0 0 0
[2019-11-06 15:53:23]TIMES:155 rmnet_data1:7357 63 0 0 0 0 0 0 10036 82 0 0 0 0 0 0
[2019-11-06 15:53:28]TIMES:160 ZONE0 TEMP:44
[2019-11-06 15:53:28]TIMES:160 CPU USE:17 2 15 0
[2019-11-06 15:53:28]TIMES:160 CPU0 USE:17 2 15 0
[2019-11-06 15:53:28]TIMES:160 SERIAL0:153 1020 568
[2019-11-06 15:53:28]TIMES:160 rmnet0:13548 105 0 0 0 0 0 0 13340 121 0 0 0 0 0 0
[2019-11-06 15:53:28]TIMES:160 rmnet_data1:7777 68 0 0 0 0 0 0 10476 87 0 0 0 0 0 0
[2019-11-06 15:53:33]TIMES:165 CPU USE:13 2 11 0
[2019-11-06 15:53:33]TIMES:165 CPU0 USE:13 2 11 0
[2019-11-06 15:53:33]TIMES:165 SERIAL0:153 1034 578
[2019-11-06 15:53:33]TIMES:165 rmnet0:14008 110 0 0 0 0 0 0 13780 126 0 0 0 0 0 0
[2019-11-06 15:53:33]TIMES:165 rmnet_data1:8197 73 0 0 0 0 0 0 10916 92 0 0 0 0 0 0
[2019-11-06 15:53:38]TIMES:170 ZONE2 TEMP:46
[2019-11-06 15:53:38]TIMES:170 ZONE3 TEMP:44
[2019-11-06 15:53:38]TIMES:170 ZONE4 TEMP:42
[2019-11-06 15:53:38]TIMES:170 CPU USE:38 7 31 0
[2019-11-06 15:53:38]TIMES:170 CPU0 USE:38 7 31 0
[2019-11-06 15:53:38]TIMES:170 SERIAL0:153 1058 591
[2019-11-06 15:53:38]TIMES:170 rmnet0:15188 122 0 0 0 0 0 0 14712 138 0 0 0 0 0 0
[2019-11-06 15:53:38]TIMES:170 rmnet_data1:8617 78 0 0 0 0 0 0 11356 97 0 0 0 0 0 0
[2019-11-06 15:53:38]TIMES:170 rmnet_data0:5543 44 0 0 0 0 0 0 3356 41 0 0 0 0 0 0
[2019-11-06 15:53:43]TIMES:175 ZONE3 TEMP:43
[2019-11-06 15:53:43]TIMES:175 ZONE4 TEMP:41
[2019-11-06 15:53:43]TIMES:175 CPU USE:16 4 12 0
[2019-11-06 15:53:43]TIMES:175 CPU0 USE:16 4 12 0
[2019-11-06 15:53:43]TIMES:175 SERIAL0:153 1086 601
[2019-11-06 15:53:43]TIMES:175 rmnet0:15728 128 0 0 0 0 0 0 15272 145 0 0 0 0 0 0
[2019-11-06 15:53:43]TIMES:175 rmnet_data1:9108 84 0 0 0 0 0 0 11916 104 0 0 0 0 0 0
[2019-11-06 15:53:43]TIMES:175 NET MODE:5 -72 -106
[2019-11-06 15:53:48]TIMES:180 CPU USE:16 3 13 0
[2019-11-06 15:53:48]TIMES:180 CPU0 USE:16 3 13 0
[2019-11-06 15:53:48]TIMES:180 SERIAL0:153 1110 614
[2019-11-06 15:53:48]TIMES:180 rmnet0:16236 134 0 0 0 0 0 0 16620 151 0 0 0 0 0 0
[2019-11-06 15:53:48]TIMES:180 rmnet_data1:9568 90 0 0 0 0 0 0 13264 110 0 0 0 0 0 0
[2019-11-06 15:53:53]TIMES:185 ZONE0 TEMP:43
[2019-11-06 15:53:53]TIMES:185 ZONE2 TEMP:45
[2019-11-06 15:53:53]TIMES:185 CPU USE:13 3 10 0
[2019-11-06 15:53:53]TIMES:185 CPU0 USE:13 3 10 0
[2019-11-06 15:53:53]TIMES:185 SERIAL0:153 1138 624
[2019-11-06 15:53:53]TIMES:185 rmnet0:16696 139 0 0 0 0 0 0 17060 156 0 0 0 0 0 0
[2019-11-06 15:53:53]TIMES:185 rmnet_data1:9988 95 0 0 0 0 0 0 13704 115 0 0 0 0 0 0
[2019-11-06 15:53:53]TIMES:185 NET MODE:5 -68 -106
[2019-11-06 15:53:58]TIMES:190 ZONE0 TEMP:44
[2019-11-06 15:53:58]TIMES:190 CPU USE:17 4 13 0
[2019-11-06 15:53:58]TIMES:190 CPU0 USE:17 4 13 0
[2019-11-06 15:53:58]TIMES:190 SERIAL0:153 1162 637
[2019-11-06 15:53:58]TIMES:190 rmnet0:17156 144 0 0 0 0 0 0 17500 161 0 0 0 0 0 0
[2019-11-06 15:53:58]TIMES:190 rmnet_data1:10408 100 0 0 0 0 0 0 14144 120 0 0 0 0 0 0
[2019-11-06 15:54:03]TIMES:195 CPU USE:17 3 14 0
[2019-11-06 15:54:03]TIMES:195 CPU0 USE:17 3 14 0
[2019-11-06 15:54:03]TIMES:195 SERIAL0:153 1190 657
[2019-11-06 15:54:03]TIMES:195 rmnet0:17744 151 0 0 0 0 0 0 18060 168 0 0 0 0 0 0
[2019-11-06 15:54:03]TIMES:195 rmnet_data1:10939 107 0 0 0 0 0 0 14704 127 0 0 0 0 0 0
[2019-11-06 15:54:08]TIMES:200 CPU USE:20 3 17 0
[2019-11-06 15:54:08]TIMES:200 CPU0 USE:20 3 17 0
[2019-11-06 15:54:08]TIMES:200 SERIAL0:153 1214 670
[2019-11-06 15:54:08]TIMES:200 rmnet0:18388 158 0 0 0 0 0 0 18644 175 0 0 0 0 0 0
[2019-11-06 15:54:08]TIMES:200 rmnet_data1:11359 112 0 0 0 0 0 0 15144 132 0 0 0 0 0 0
[2019-11-06 15:54:08]TIMES:200 rmnet_data0:5711 46 0 0 0 0 0 0 3500 43 0 0 0 0 0 0
[2019-11-06 15:54:13]TIMES:205 ZONE2 TEMP:46
[2019-11-06 15:54:13]TIMES:205 CPU USE:29 6 23 0
[2019-11-06 15:54:13]TIMES:205 CPU0 USE:29 6 23 0
[2019-11-06 15:54:13]TIMES:205 SERIAL0:153 1242 680
[2019-11-06 15:54:13]TIMES:205 rmnet0:19112 165 0 0 0 0 0 0 19220 182 0 0 0 0 0 0
[2019-11-06 15:54:13]TIMES:205 rmnet_data1:11779 117 0 0 0 0 0 0 15584 137 0 0 0 0 0 0
[2019-11-06 15:54:13]TIMES:205 rmnet_data0:5959 48 0 0 0 0 0 0 3636 45 0 0 0 0 0 0
[2019-11-06 15:54:18]TIMES:210 CPU USE:16 3 13 0
[2019-11-06 15:54:18]TIMES:210 CPU0 USE:16 3 13 0
[2019-11-06 15:54:18]TIMES:210 SERIAL0:153 1266 693
[2019-11-06 15:54:18]TIMES:210 rmnet0:19572 170 0 0 0 0 0 0 19660 187 0 0 0 0 0 0
[2019-11-06 15:54:18]TIMES:210 rmnet_data1:12199 122 0 0 0 0 0 0 16024 142 0 0 0 0 0 0
[2019-11-06 15:54:23]TIMES:215 CPU USE:14 3 11 0
[2019-11-06 15:54:23]TIMES:215 CPU0 USE:14 3 11 0
[2019-11-06 15:54:23]TIMES:215 SERIAL0:153 1294 703
[2019-11-06 15:54:28]TIMES:220 CPU USE:17 5 12 0
[2019-11-06 15:54:28]TIMES:220 CPU0 USE:17 5 12 0
[2019-11-06 15:54:28]TIMES:220 SERIAL0:153 1318 716
[2019-11-06 15:54:28]TIMES:220 rmnet0:19652 171 0 0 0 0 0 0 19780 189 0 0 0 0 0 0
[2019-11-06 15:54:28]TIMES:220 rmnet_data1:12270 123 0 0 0 0 0 0 16144 144 0 0 0 0 0 0
[2019-11-06 15:54:33]TIMES:225 CPU USE:14 2 12 0
[2019-11-06 15:54:33]TIMES:225 CPU0 USE:14 2 12 0
[2019-11-06 15:54:33]TIMES:225 SERIAL0:153 1332 726
[2019-11-06 15:54:38]TIMES:230 ZONE0 TEMP:41
[2019-11-06 15:54:38]TIMES:230 ZONE1 TEMP:39
[2019-11-06 15:54:38]TIMES:230 ZONE2 TEMP:41
[2019-11-06 15:54:38]TIMES:230 ZONE3 TEMP:40
[2019-11-06 15:54:38]TIMES:230 ZONE4 TEMP:38
[2019-11-06 15:54:38]TIMES:230 ZONE6 TEMP:35
[2019-11-06 15:54:38]TIMES:230 CPU USE:17 2 15 0
[2019-11-06 15:54:38]TIMES:230 CPU0 USE:17 2 15 0
[2019-11-06 15:54:38]TIMES:230 SERIAL0:153 1370 739
[2019-11-06 15:54:43]TIMES:235 ZONE0 TEMP:43
[2019-11-06 15:54:43]TIMES:235 ZONE1 TEMP:42
[2019-11-06 15:54:43]TIMES:235 ZONE2 TEMP:45
[2019-11-06 15:54:43]TIMES:235 ZONE3 TEMP:42
[2019-11-06 15:54:43]TIMES:235 ZONE4 TEMP:40
[2019-11-06 15:54:43]TIMES:235 CPU USE:28 5 23 0
[2019-11-06 15:54:43]TIMES:235 CPU0 USE:28 5 23 0
[2019-11-06 15:54:43]TIMES:235 SERIAL0:153 1384 749
[2019-11-06 15:54:43]TIMES:235 rmnet0:19916 173 0 0 0 0 0 0 19916 191 0 0 0 0 0 0
[2019-11-06 15:54:43]TIMES:235 rmnet_data0:6207 50 0 0 0 0 0 0 3772 47 0 0 0 0 0 0
[2019-11-06 15:54:48]TIMES:240 ZONE0 TEMP:44
[2019-11-06 15:54:48]TIMES:240 ZONE1 TEMP:43
[2019-11-06 15:54:48]TIMES:240 ZONE3 TEMP:43
[2019-11-06 15:54:48]TIMES:240 ZONE4 TEMP:41
[2019-11-06 15:54:48]TIMES:240 CPU USE:18 3 15 0
[2019-11-06 15:54:48]TIMES:240 CPU0 USE:18 3 15 0
[2019-11-06 15:54:48]TIMES:240 SERIAL0:153 1422 762
[2019-11-06 15:54:48]TIMES:240 rmnet0:20044 175 0 0 0 0 0 0 21032 195 0 0 0 0 0 0
[2019-11-06 15:54:48]TIMES:240 rmnet_data1:12381 125 0 0 0 0 0 0 17260 148 0 0 0 0 0 0
[2019-11-06 15:54:53]TIMES:245 ZONE2 TEMP:46
[2019-11-06 15:54:53]TIMES:245 ZONE6 TEMP:36
[2019-11-06 15:54:53]TIMES:245 CPU USE:13 3 10 0
[2019-11-06 15:54:53]TIMES:245 CPU0 USE:13 3 10 0
[2019-11-06 15:54:53]TIMES:245 SERIAL0:153 1436 772
[2019-11-06 15:54:53]TIMES:245 rmnet0:20596 181 0 0 0 0 0 0 21472 200 0 0 0 0 0 0
[2019-11-06 15:54:53]TIMES:245 rmnet_data1:12885 131 0 0 0 0 0 0 17700 153 0 0 0 0 0 0
[2019-11-06 15:54:58]TIMES:250 ZONE4 TEMP:42
[2019-11-06 15:54:58]TIMES:250 CPU USE:17 4 13 0
[2019-11-06 15:54:58]TIMES:250 CPU0 USE:17 4 13 0
[2019-11-06 15:54:58]TIMES:250 SERIAL0:153 1474 785
[2019-11-06 15:54:58]TIMES:250 rmnet0:21056 186 0 0 0 0 0 0 21912 205 0 0 0 0 0 0
[2019-11-06 15:54:58]TIMES:250 rmnet_data1:13305 136 0 0 0 0 0 0 18140 158 0 0 0 0 0 0
[2019-11-06 15:55:03]TIMES:255 ZONE4 TEMP:41
[2019-11-06 15:55:03]TIMES:255 CPU USE:12 2 10 0
[2019-11-06 15:55:03]TIMES:255 CPU0 USE:12 2 10 0
[2019-11-06 15:55:03]TIMES:255 SERIAL0:153 1488 795
[2019-11-06 15:55:03]TIMES:255 rmnet0:21516 191 0 0 0 0 0 0 22352 210 0 0 0 0 0 0
[2019-11-06 15:55:03]TIMES:255 rmnet_data1:13725 141 0 0 0 0 0 0 18580 163 0 0 0 0 0 0
[2019-11-06 15:55:03]TIMES:255 NET MODE:5 -72 -106
[2019-11-06 15:55:08]TIMES:260 CPU USE:15 2 13 0
[2019-11-06 15:55:08]TIMES:260 CPU0 USE:15 2 13 0
[2019-11-06 15:55:08]TIMES:260 SERIAL0:153 1526 808
[2019-11-06 15:55:08]TIMES:260 rmnet0:22104 198 0 0 0 0 0 0 22912 217 0 0 0 0 0 0
[2019-11-06 15:55:08]TIMES:260 rmnet_data1:14256 148 0 0 0 0 0 0 19140 170 0 0 0 0 0 0
[2019-11-06 15:55:13]TIMES:265 CPU USE:14 2 12 0
[2019-11-06 15:55:13]TIMES:265 CPU0 USE:14 2 12 0
[2019-11-06 15:55:13]TIMES:265 SERIAL0:153 1540 818
[2019-11-06 15:55:13]TIMES:265 rmnet0:22564 203 0 0 0 0 0 0 23352 222 0 0 0 0 0 0
[2019-11-06 15:55:13]TIMES:265 rmnet_data1:14676 153 0 0 0 0 0 0 19580 175 0 0 0 0 0 0
[2019-11-06 15:55:18]TIMES:270 CPU USE:30 5 25 0
[2019-11-06 15:55:18]TIMES:270 CPU0 USE:30 5 25 0
[2019-11-06 15:55:18]TIMES:270 SERIAL0:153 1564 831
[2019-11-06 15:55:18]TIMES:270 rmnet0:23196 209 0 0 0 0 0 0 23928 229 0 0 0 0 0 0
[2019-11-06 15:55:18]TIMES:270 rmnet_data1:15012 157 0 0 0 0 0 0 20020 180 0 0 0 0 0 0
[2019-11-06 15:55:18]TIMES:270 rmnet_data0:6455 52 0 0 0 0 0 0 3908 49 0 0 0 0 0 0
[2019-11-06 15:55:23]TIMES:275 CPU USE:14 3 11 0
[2019-11-06 15:55:23]TIMES:275 CPU0 USE:14 3 11 0
[2019-11-06 15:55:23]TIMES:275 SERIAL0:153 1592 841
[2019-11-06 15:55:23]TIMES:275 rmnet0:23656 214 0 0 0 0 0 0 24368 234 0 0 0 0 0 0
[2019-11-06 15:55:23]TIMES:275 rmnet_data1:15432 162 0 0 0 0 0 0 20460 185 0 0 0 0 0 0
[2019-11-06 15:55:28]TIMES:280 ZONE5 TEMP:43
[2019-11-06 15:55:28]TIMES:280 CPU USE:16 3 13 0
[2019-11-06 15:55:28]TIMES:280 CPU0 USE:16 3 13 0
[2019-11-06 15:55:28]TIMES:280 SERIAL0:153 1616 854
[2019-11-06 15:55:28]TIMES:280 rmnet0:24288 221 0 0 0 0 0 0 24928 241 0 0 0 0 0 0
[2019-11-06 15:55:28]TIMES:280 rmnet_data1:16007 169 0 0 0 0 0 0 21020 192 0 0 0 0 0 0
[2019-11-06 15:55:33]TIMES:285 CPU USE:14 3 11 0
[2019-11-06 15:55:33]TIMES:285 CPU0 USE:14 3 11 0
[2019-11-06 15:55:33]TIMES:285 SERIAL0:153 1644 864
[2019-11-06 15:55:33]TIMES:285 rmnet0:24748 226 0 0 0 0 0 0 25368 246 0 0 0 0 0 0
[2019-11-06 15:55:33]TIMES:285 rmnet_data1:16427 174 0 0 0 0 0 0 21460 197 0 0 0 0 0 0
[2019-11-06 15:55:33]TIMES:285 NET MODE:5 -71 -102
[2019-11-06 15:55:39]TIMES:290 CPU USE:17 4 13 0
[2019-11-06 15:55:39]TIMES:290 CPU0 USE:17 4 13 0
[2019-11-06 15:55:39]TIMES:290 SERIAL0:153 1668 877
[2019-11-06 15:55:39]TIMES:290 rmnet0:25208 231 0 0 0 0 0 0 25808 251 0 0 0 0 0 0
[2019-11-06 15:55:39]TIMES:290 rmnet_data1:16847 179 0 0 0 0 0 0 21900 202 0 0 0 0 0 0
[2019-11-06 15:55:44]TIMES:295 CPU USE:14 1 13 0
[2019-11-06 15:55:44]TIMES:295 CPU0 USE:14 1 13 0
[2019-11-06 15:55:44]TIMES:295 SERIAL0:153 1696 887
[2019-11-06 15:55:44]TIMES:295 rmnet0:25668 236 0 0 0 0 0 0 26248 256 0 0 0 0 0 0
[2019-11-06 15:55:44]TIMES:295 rmnet_data1:17267 184 0 0 0 0 0 0 22340 207 0 0 0 0 0 0
[2019-11-06 15:55:49]TIMES:300 ZONE5 TEMP:42
[2019-11-06 15:55:49]TIMES:300 CPU USE:29 6 23 0
[2019-11-06 15:55:49]TIMES:300 CPU0 USE:29 6 23 0
[2019-11-06 15:55:49]TIMES:300 SERIAL0:153 1720 900
[2019-11-06 15:55:49]TIMES:300 rmnet0:26520 245 0 0 0 0 0 0 27852 266 0 0 0 0 0 0
[2019-11-06 15:55:49]TIMES:300 rmnet_data1:17798 191 0 0 0 0 0 0 23808 215 0 0 0 0 0 0
[2019-11-06 15:55:49]TIMES:300 rmnet_data0:6703 54 0 0 0 0 0 0 4044 51 0 0 0 0 0 0
[2019-11-06 15:55:54]TIMES:305 CPU USE:13 1 12 0
[2019-11-06 15:55:54]TIMES:305 CPU0 USE:13 1 12 0
[2019-11-06 15:55:54]TIMES:305 SERIAL0:153 1748 910
[2019-11-06 15:55:54]TIMES:305 rmnet0:26980 250 0 0 0 0 0 0 28292 271 0 0 0 0 0 0
[2019-11-06 15:55:54]TIMES:305 rmnet_data1:18218 196 0 0 0 0 0 0 24248 220 0 0 0 0 0 0
[2019-11-06 15:55:59]TIMES:310 CPU USE:16 2 14 0
[2019-11-06 15:55:59]TIMES:310 CPU0 USE:16 2 14 0
[2019-11-06 15:55:59]TIMES:310 SERIAL0:153 1772 923
[2019-11-06 15:55:59]TIMES:310 rmnet0:27440 255 0 0 0 0 0 0 28732 276 0 0 0 0 0 0
[2019-11-06 15:55:59]TIMES:310 rmnet_data1:18638 201 0 0 0 0 0 0 24688 225 0 0 0 0 0 0
[2019-11-06 15:56:04]TIMES:315 ZONE5 TEMP:43
[2019-11-06 15:56:04]TIMES:315 SERIAL0:153 1786 933
[2019-11-06 15:56:04]TIMES:315 rmnet0:27900 260 0 0 0 0 0 0 29172 281 0 0 0 0 0 0
[2019-11-06 15:56:04]TIMES:315 rmnet_data1:19058 206 0 0 0 0 0 0 25128 230 0 0 0 0 0 0
[2019-11-06 15:56:09]TIMES:320 ZONE5 TEMP:42
[2019-11-06 15:56:09]TIMES:320 CPU USE:14 3 11 0
[2019-11-06 15:56:09]TIMES:320 CPU0 USE:14 3 11 0
[2019-11-06 15:56:09]TIMES:320 SERIAL0:153 1824 946
[2019-11-06 15:56:09]TIMES:320 rmnet0:28268 264 0 0 0 0 0 0 29612 286 0 0 0 0 0 0
[2019-11-06 15:56:09]TIMES:320 rmnet_data1:19394 210 0 0 0 0 0 0 25568 235 0 0 0 0 0 0
[2019-11-06 15:56:14]TIMES:325 ZONE5 TEMP:43
[2019-11-06 15:56:14]TIMES:325 CPU USE:15 2 13 0
[2019-11-06 15:56:14]TIMES:325 CPU0 USE:15 2 13 0
[2019-11-06 15:56:14]TIMES:325 SERIAL0:153 1838 956
[2019-11-06 15:56:14]TIMES:325 rmnet0:28856 271 0 0 0 0 0 0 30172 293 0 0 0 0 0 0
[2019-11-06 15:56:14]TIMES:325 rmnet_data1:19925 217 0 0 0 0 0 0 26128 242 0 0 0 0 0 0
[2019-11-06 15:56:19]TIMES:330 ZONE3 TEMP:44
[2019-11-06 15:56:19]TIMES:330 ZONE4 TEMP:42
[2019-11-06 15:56:19]TIMES:330 ZONE5 TEMP:42
[2019-11-06 15:56:19]TIMES:330 CPU USE:26 6 20 0
[2019-11-06 15:56:19]TIMES:330 CPU0 USE:26 6 20 0
[2019-11-06 15:56:19]TIMES:330 SERIAL0:153 1876 969
[2019-11-06 15:56:19]TIMES:330 rmnet0:29580 278 0 0 0 0 0 0 30660 299 0 0 0 0 0 0
[2019-11-06 15:56:19]TIMES:330 rmnet_data1:20345 222 0 0 0 0 0 0 26480 246 0 0 0 0 0 0
[2019-11-06 15:56:19]TIMES:330 rmnet_data0:6951 56 0 0 0 0 0 0 4180 53 0 0 0 0 0 0
[2019-11-06 15:56:19]TIMES:330 NET MODE:5 -69 -106
[2019-11-06 15:56:24]TIMES:335 ZONE3 TEMP:43
[2019-11-06 15:56:24]TIMES:335 ZONE4 TEMP:41
[2019-11-06 15:56:24]TIMES:335 ZONE5 TEMP:43
[2019-11-06 15:56:24]TIMES:335 CPU USE:15 4 11 0
[2019-11-06 15:56:24]TIMES:335 CPU0 USE:15 4 11 0
[2019-11-06 15:56:24]TIMES:335 SERIAL0:153 1890 979
[2019-11-06 15:56:29]TIMES:340 CPU USE:15 2 13 0
[2019-11-06 15:56:29]TIMES:340 CPU0 USE:15 2 13 0
[2019-11-06 15:56:29]TIMES:340 SERIAL0:153 1928 992
[2019-11-06 15:56:34]TIMES:345 CPU USE:15 3 12 0
[2019-11-06 15:56:34]TIMES:345 CPU0 USE:15 3 12 0
[2019-11-06 15:56:34]TIMES:345 SERIAL0:153 1942 1002
[2019-11-06 15:56:34]TIMES:345 rmnet0:29660 279 0 0 0 0 0 0 30780 301 0 0 0 0 0 0
[2019-11-06 15:56:34]TIMES:345 rmnet_data1:20416 223 0 0 0 0 0 0 26600 248 0 0 0 0 0 0
[2019-11-06 15:56:39]TIMES:350 CPU USE:14 2 12 0
[2019-11-06 15:56:39]TIMES:350 CPU0 USE:14 2 12 0
[2019-11-06 15:56:39]TIMES:350 SERIAL0:153 1980 1015
[2019-11-06 15:56:44]TIMES:355 ZONE0 TEMP:42
[2019-11-06 15:56:44]TIMES:355 ZONE1 TEMP:39
[2019-11-06 15:56:44]TIMES:355 ZONE2 TEMP:42
[2019-11-06 15:56:44]TIMES:355 ZONE3 TEMP:40
[2019-11-06 15:56:44]TIMES:355 ZONE4 TEMP:39
[2019-11-06 15:56:44]TIMES:355 ZONE5 TEMP:42
[2019-11-06 15:56:44]TIMES:355 CPU USE:16 3 13 0
[2019-11-06 15:56:44]TIMES:355 CPU0 USE:16 3 13 0
[2019-11-06 15:56:44]TIMES:355 SERIAL0:153 1994 1025
[2019-11-06 15:56:49]TIMES:360 ZONE1 TEMP:41
[2019-11-06 15:56:49]TIMES:360 ZONE2 TEMP:44
[2019-11-06 15:56:49]TIMES:360 ZONE3 TEMP:42
[2019-11-06 15:56:49]TIMES:360 ZONE4 TEMP:40
[2019-11-06 15:56:49]TIMES:360 ZONE6 TEMP:35
[2019-11-06 15:56:49]TIMES:360 CPU USE:18 4 14 0
[2019-11-06 15:56:49]TIMES:360 CPU0 USE:18 4 14 0
[2019-11-06 15:56:49]TIMES:360 SERIAL0:153 2032 1038
[2019-11-06 15:56:49]TIMES:360 rmnet0:29800 281 0 0 0 0 0 0 31776 303 0 0 0 0 0 0
[2019-11-06 15:56:49]TIMES:360 rmnet_data1:20540 225 0 0 0 0 0 0 27596 250 0 0 0 0 0 0
[2019-11-06 15:56:54]TIMES:365 ZONE0 TEMP:43
[2019-11-06 15:56:54]TIMES:365 ZONE1 TEMP:43
[2019-11-06 15:56:54]TIMES:365 ZONE2 TEMP:45
[2019-11-06 15:56:54]TIMES:365 ZONE3 TEMP:43
[2019-11-06 15:56:54]TIMES:365 ZONE4 TEMP:41
[2019-11-06 15:56:54]TIMES:365 ZONE6 TEMP:36
[2019-11-06 15:56:54]TIMES:365 CPU USE:41 8 33 0
[2019-11-06 15:56:54]TIMES:365 CPU0 USE:41 8 33 0
[2019-11-06 15:56:54]TIMES:365 SERIAL0:153 2046 1048
[2019-11-06 15:56:54]TIMES:365 rmnet0:31108 295 0 0 0 0 0 0 32828 317 0 0 0 0 0 0
[2019-11-06 15:56:54]TIMES:365 rmnet_data1:21071 232 0 0 0 0 0 0 28156 257 0 0 0 0 0 0
[2019-11-06 15:56:54]TIMES:365 rmnet_data0:7607 63 0 0 0 0 0 0 4672 60 0 0 0 0 0 0
[2019-11-06 15:56:59]TIMES:370 ZONE0 TEMP:44
[2019-11-06 15:56:59]TIMES:370 ZONE2 TEMP:46
[2019-11-06 15:56:59]TIMES:370 CPU USE:17 3 14 0
[2019-11-06 15:56:59]TIMES:370 CPU0 USE:17 3 14 0
[2019-11-06 15:56:59]TIMES:370 SERIAL0:153 2070 1061
[2019-11-06 15:56:59]TIMES:370 rmnet0:31568 300 0 0 0 0 0 0 33268 322 0 0 0 0 0 0
[2019-11-06 15:56:59]TIMES:370 rmnet_data1:21491 237 0 0 0 0 0 0 28596 262 0 0 0 0 0 0
[2019-11-06 15:57:04]TIMES:375 CPU USE:14 2 12 0
[2019-11-06 15:57:04]TIMES:375 CPU0 USE:14 2 12 0
[2019-11-06 15:57:04]TIMES:375 SERIAL0:153 2098 1071
[2019-11-06 15:57:04]TIMES:375 rmnet0:32028 305 0 0 0 0 0 0 33708 327 0 0 0 0 0 0
[2019-11-06 15:57:04]TIMES:375 rmnet_data1:21911 242 0 0 0 0 0 0 29036 267 0 0 0 0 0 0
[2019-11-06 15:57:09]TIMES:380 CPU USE:14 3 11 0
[2019-11-06 15:57:09]TIMES:380 CPU0 USE:14 3 11 0
[2019-11-06 15:57:09]TIMES:380 SERIAL0:153 2122 1084
[2019-11-06 15:57:09]TIMES:380 rmnet0:32488 310 0 0 0 0 0 0 34148 332 0 0 0 0 0 0
[2019-11-06 15:57:09]TIMES:380 rmnet_data1:22331 247 0 0 0 0 0 0 29476 272 0 0 0 0 0 0
[2019-11-06 15:57:14]TIMES:385 CPU USE:16 2 14 0
[2019-11-06 15:57:14]TIMES:385 CPU0 USE:16 2 14 0
[2019-11-06 15:57:14]TIMES:385 SERIAL0:153 2150 1094
[2019-11-06 15:57:14]TIMES:385 rmnet0:33028 316 0 0 0 0 0 0 34708 339 0 0 0 0 0 0
[2019-11-06 15:57:14]TIMES:385 rmnet_data1:22822 253 0 0 0 0 0 0 30036 279 0 0 0 0 0 0
[2019-11-06 15:57:19]TIMES:390 ZONE4 TEMP:42
[2019-11-06 15:57:19]TIMES:390 CPU USE:22 4 18 0
[2019-11-06 15:57:19]TIMES:390 CPU0 USE:22 4 18 0
[2019-11-06 15:57:19]TIMES:390 SERIAL0:153 2174 1107
[2019-11-06 15:57:19]TIMES:390 rmnet0:33672 323 0 0 0 0 0 0 35292 346 0 0 0 0 0 0
[2019-11-06 15:57:19]TIMES:390 rmnet_data1:23242 258 0 0 0 0 0 0 30476 284 0 0 0 0 0 0
[2019-11-06 15:57:19]TIMES:390 rmnet_data0:7775 65 0 0 0 0 0 0 4816 62 0 0 0 0 0 0
[2019-11-06 15:57:24]TIMES:395 ZONE3 TEMP:44
[2019-11-06 15:57:24]TIMES:395 CPU USE:23 4 19 0
[2019-11-06 15:57:24]TIMES:395 CPU0 USE:23 4 19 0
[2019-11-06 15:57:24]TIMES:395 SERIAL0:153 2202 1117
[2019-11-06 15:57:24]TIMES:395 rmnet0:34396 330 0 0 0 0 0 0 35868 353 0 0 0 0 0 0
[2019-11-06 15:57:24]TIMES:395 rmnet_data1:23662 263 0 0 0 0 0 0 30916 289 0 0 0 0 0 0
[2019-11-06 15:57:24]TIMES:395 rmnet_data0:8023 67 0 0 0 0 0 0 4952 64 0 0 0 0 0 0
[2019-11-06 15:57:29]TIMES:400 ZONE3 TEMP:43
[2019-11-06 15:57:29]TIMES:400 ZONE4 TEMP:41
[2019-11-06 15:57:29]TIMES:400 CPU USE:15 2 13 0
[2019-11-06 15:57:29]TIMES:400 CPU0 USE:15 2 13 0
[2019-11-06 15:57:29]TIMES:400 SERIAL0:153 2226 1130
[2019-11-06 15:57:29]TIMES:400 rmnet0:34856 335 0 0 0 0 0 0 36308 358 0 0 0 0 0 0
[2019-11-06 15:57:29]TIMES:400 rmnet_data1:24082 268 0 0 0 0 0 0 31356 294 0 0 0 0 0 0
[2019-11-06 15:57:34]TIMES:405 SERIAL0:153 2254 1140
[2019-11-06 15:57:34]TIMES:405 rmnet0:35396 341 0 0 0 0 0 0 36868 365 0 0 0 0 0 0
[2019-11-06 15:57:34]TIMES:405 rmnet_data1:24573 274 0 0 0 0 0 0 31916 301 0 0 0 0 0 0
[2019-11-06 15:57:39]TIMES:410 ZONE5 TEMP:43
[2019-11-06 15:57:39]TIMES:410 CPU USE:15 3 12 0
[2019-11-06 15:57:39]TIMES:410 CPU0 USE:15 3 12 0
[2019-11-06 15:57:39]TIMES:410 SERIAL0:153 2278 1153
[2019-11-06 15:57:39]TIMES:410 rmnet0:35856 346 0 0 0 0 0 0 37308 370 0 0 0 0 0 0
[2019-11-06 15:57:39]TIMES:410 rmnet_data1:24993 279 0 0 0 0 0 0 32356 306 0 0 0 0 0 0
[2019-11-06 15:57:44]TIMES:415 CPU USE:14 2 12 0
[2019-11-06 15:57:44]TIMES:415 CPU0 USE:14 2 12 0
[2019-11-06 15:57:44]TIMES:415 SERIAL0:153 2292 1163
[2019-11-06 15:57:44]TIMES:415 rmnet0:36316 351 0 0 0 0 0 0 37748 375 0 0 0 0 0 0
[2019-11-06 15:57:44]TIMES:415 rmnet_data1:25413 284 0 0 0 0 0 0 32796 311 0 0 0 0 0 0
[2019-11-06 15:57:49]TIMES:420 CPU USE:17 5 12 0
[2019-11-06 15:57:49]TIMES:420 CPU0 USE:17 5 12 0
[2019-11-06 15:57:49]TIMES:420 SERIAL0:153 2330 1176
[2019-11-06 15:57:49]TIMES:420 rmnet0:36824 357 0 0 0 0 0 0 39068 381 0 0 0 0 0 0
[2019-11-06 15:57:49]TIMES:420 rmnet_data1:25873 290 0 0 0 0 0 0 34116 317 0 0 0 0 0 0
[2019-11-06 15:57:49]TIMES:420 NET MODE:5 -73 -107
[2019-11-06 15:57:54]TIMES:425 CPU USE:13 3 10 0
[2019-11-06 15:57:54]TIMES:425 CPU0 USE:13 3 10 0
[2019-11-06 15:57:54]TIMES:425 SERIAL0:153 2344 1186
[2019-11-06 15:57:54]TIMES:425 rmnet0:37412 364 0 0 0 0 0 0 39628 388 0 0 0 0 0 0
[2019-11-06 15:57:54]TIMES:425 rmnet_data1:26404 297 0 0 0 0 0 0 34676 324 0 0 0 0 0 0
[2019-11-06 15:57:59]TIMES:430 CPU USE:29 6 23 0
[2019-11-06 15:57:59]TIMES:430 CPU0 USE:29 6 23 0
[2019-11-06 15:57:59]TIMES:430 SERIAL0:153 2382 1199
[2019-11-06 15:57:59]TIMES:430 rmnet0:38136 371 0 0 0 0 0 0 40204 395 0 0 0 0 0 0
[2019-11-06 15:57:59]TIMES:430 rmnet_data1:26824 302 0 0 0 0 0 0 35116 329 0 0 0 0 0 0
[2019-11-06 15:57:59]TIMES:430 rmnet_data0:8271 69 0 0 0 0 0 0 5088 66 0 0 0 0 0 0
[2019-11-06 15:58:04]TIMES:435 CPU USE:16 2 14 0
[2019-11-06 15:58:04]TIMES:435 CPU0 USE:16 2 14 0
[2019-11-06 15:58:04]TIMES:435 SERIAL0:153 2396 1209
[2019-11-06 15:58:04]TIMES:435 rmnet0:38596 376 0 0 0 0 0 0 40644 400 0 0 0 0 0 0
[2019-11-06 15:58:04]TIMES:435 rmnet_data1:27244 307 0 0 0 0 0 0 35556 334 0 0 0 0 0 0
[2019-11-06 15:58:09]TIMES:440 ZONE4 TEMP:42
[2019-11-06 15:58:09]TIMES:440 CPU USE:14 3 11 0
[2019-11-06 15:58:09]TIMES:440 CPU0 USE:14 3 11 0
[2019-11-06 15:58:09]TIMES:440 SERIAL0:153 2434 1222
[2019-11-06 15:58:09]TIMES:440 rmnet0:39056 381 0 0 0 0 0 0 41084 405 0 0 0 0 0 0
[2019-11-06 15:58:09]TIMES:440 rmnet_data1:27664 312 0 0 0 0 0 0 35996 339 0 0 0 0 0 0
[2019-11-06 15:58:14]TIMES:445 ZONE4 TEMP:41
[2019-11-06 15:58:14]TIMES:445 CPU USE:13 3 10 0
[2019-11-06 15:58:14]TIMES:445 CPU0 USE:13 3 10 0
[2019-11-06 15:58:14]TIMES:445 SERIAL0:153 2448 1232
[2019-11-06 15:58:14]TIMES:445 rmnet0:39516 386 0 0 0 0 0 0 41524 410 0 0 0 0 0 0
[2019-11-06 15:58:14]TIMES:445 rmnet_data1:28084 317 0 0 0 0 0 0 36436 344 0 0 0 0 0 0
[2019-11-06 15:58:19]TIMES:450 ZONE5 TEMP:42
[2019-11-06 15:58:19]TIMES:450 CPU USE:16 3 13 0
[2019-11-06 15:58:19]TIMES:450 CPU0 USE:16 3 13 0
[2019-11-06 15:58:19]TIMES:450 SERIAL0:153 2486 1245
[2019-11-06 15:58:19]TIMES:450 rmnet0:39964 391 0 0 0 0 0 0 41996 416 0 0 0 0 0 0
[2019-11-06 15:58:19]TIMES:450 rmnet_data1:28491 322 0 0 0 0 0 0 36908 350 0 0 0 0 0 0
[2019-11-06 15:58:24]TIMES:455 ZONE4 TEMP:42
[2019-11-06 15:58:24]TIMES:455 ZONE5 TEMP:43
[2019-11-06 15:58:24]TIMES:455 CPU USE:13 2 11 0
[2019-11-06 15:58:24]TIMES:455 CPU0 USE:13 2 11 0
[2019-11-06 15:58:24]TIMES:455 SERIAL0:153 2500 1255
[2019-11-06 15:58:29]TIMES:460 ZONE4 TEMP:41
[2019-11-06 15:58:29]TIMES:460 CPU USE:28 5 23 0
[2019-11-06 15:58:29]TIMES:460 CPU0 USE:28 5 23 0
[2019-11-06 15:58:29]TIMES:460 SERIAL0:153 2524 1268
[2019-11-06 15:58:29]TIMES:460 rmnet0:40228 393 0 0 0 0 0 0 42132 418 0 0 0 0 0 0
[2019-11-06 15:58:29]TIMES:460 rmnet_data0:8519 71 0 0 0 0 0 0 5224 68 0 0 0 0 0 0
[2019-11-06 15:58:34]TIMES:465 CPU USE:16 2 14 0
[2019-11-06 15:58:34]TIMES:465 CPU0 USE:16 2 14 0
[2019-11-06 15:58:34]TIMES:465 SERIAL0:153 2552 1278
[2019-11-06 15:58:39]TIMES:470 ZONE4 TEMP:42
[2019-11-06 15:58:39]TIMES:470 CPU USE:14 3 11 0
[2019-11-06 15:58:39]TIMES:470 CPU0 USE:14 3 11 0
[2019-11-06 15:58:39]TIMES:470 SERIAL0:153 2576 1291
[2019-11-06 15:58:39]TIMES:470 rmnet0:40308 394 0 0 0 0 0 0 42252 420 0 0 0 0 0 0
[2019-11-06 15:58:39]TIMES:470 rmnet_data1:28562 323 0 0 0 0 0 0 37028 352 0 0 0 0 0 0
[2019-11-06 15:58:44]TIMES:475 ZONE4 TEMP:41
[2019-11-06 15:58:44]TIMES:475 CPU USE:14 2 12 0
[2019-11-06 15:58:44]TIMES:475 CPU0 USE:14 2 12 0
[2019-11-06 15:58:44]TIMES:475 SERIAL0:153 2604 1301
[2019-11-06 15:58:49]TIMES:480 CPU USE:18 4 14 0
[2019-11-06 15:58:49]TIMES:480 CPU0 USE:18 4 14 0
[2019-11-06 15:58:49]TIMES:480 SERIAL0:153 2628 1314
[2019-11-06 15:58:49]TIMES:480 rmnet0:40448 396 0 0 0 0 0 0 44156 423 0 0 0 0 0 0
[2019-11-06 15:58:49]TIMES:480 rmnet_data1:28686 325 0 0 0 0 0 0 38932 355 0 0 0 0 0 0
[2019-11-06 15:58:54]TIMES:485 ZONE3 TEMP:44
[2019-11-06 15:58:54]TIMES:485 ZONE4 TEMP:42
[2019-11-06 15:58:54]TIMES:485 CPU USE:14 2 12 0
[2019-11-06 15:58:54]TIMES:485 CPU0 USE:14 2 12 0
[2019-11-06 15:58:54]TIMES:485 SERIAL0:153 2656 1324
[2019-11-06 15:58:54]TIMES:485 rmnet0:40908 401 0 0 0 0 0 0 44596 428 0 0 0 0 0 0
[2019-11-06 15:58:54]TIMES:485 rmnet_data1:29106 330 0 0 0 0 0 0 39372 360 0 0 0 0 0 0
[2019-11-06 15:58:59]TIMES:490 CPU USE:16 2 14 0
[2019-11-06 15:58:59]TIMES:490 CPU0 USE:16 2 14 0
[2019-11-06 15:58:59]TIMES:490 SERIAL0:153 2680 1337
[2019-11-06 15:58:59]TIMES:490 rmnet0:41496 408 0 0 0 0 0 0 45156 435 0 0 0 0 0 0
[2019-11-06 15:58:59]TIMES:490 rmnet_data1:29637 337 0 0 0 0 0 0 39932 367 0 0 0 0 0 0
[2019-11-06 15:59:04]TIMES:495 ZONE3 TEMP:43
[2019-11-06 15:59:04]TIMES:495 ZONE4 TEMP:41
[2019-11-06 15:59:04]TIMES:495 CPU USE:24 4 20 0
[2019-11-06 15:59:04]TIMES:495 CPU0 USE:24 4 20 0
[2019-11-06 15:59:04]TIMES:495 SERIAL0:153 2708 1347
[2019-11-06 15:59:04]TIMES:495 rmnet0:42220 415 0 0 0 0 0 0 45732 442 0 0 0 0 0 0
[2019-11-06 15:59:04]TIMES:495 rmnet_data1:30057 342 0 0 0 0 0 0 40372 372 0 0 0 0 0 0
[2019-11-06 15:59:04]TIMES:495 rmnet_data0:8767 73 0 0 0 0 0 0 5360 70 0 0 0 0 0 0
[2019-11-06 15:59:09]TIMES:500 ZONE3 TEMP:44
[2019-11-06 15:59:09]TIMES:500 ZONE4 TEMP:42
[2019-11-06 15:59:09]TIMES:500 CPU USE:16 3 13 0
[2019-11-06 15:59:09]TIMES:500 CPU0 USE:16 3 13 0
[2019-11-06 15:59:09]TIMES:500 SERIAL0:153 2732 1360
[2019-11-06 15:59:09]TIMES:500 rmnet0:42680 420 0 0 0 0 0 0 46172 447 0 0 0 0 0 0
[2019-11-06 15:59:09]TIMES:500 rmnet_data1:30477 347 0 0 0 0 0 0 40812 377 0 0 0 0 0 0
[2019-11-06 15:59:14]TIMES:505 ZONE3 TEMP:43
[2019-11-06 15:59:14]TIMES:505 ZONE4 TEMP:41
[2019-11-06 15:59:14]TIMES:505 CPU USE:14 3 11 0
[2019-11-06 15:59:14]TIMES:505 CPU0 USE:14 3 11 0
[2019-11-06 15:59:14]TIMES:505 SERIAL0:153 2760 1370
[2019-11-06 15:59:14]TIMES:505 rmnet0:43140 425 0 0 0 0 0 0 46612 452 0 0 0 0 0 0
[2019-11-06 15:59:14]TIMES:505 rmnet_data1:30897 352 0 0 0 0 0 0 41252 382 0 0 0 0 0 0
[2019-11-06 15:59:19]TIMES:510 CPU USE:18 2 16 0
[2019-11-06 15:59:19]TIMES:510 CPU0 USE:18 2 16 0
[2019-11-06 15:59:19]TIMES:510 SERIAL0:153 2784 1383
[2019-11-06 15:59:19]TIMES:510 rmnet0:43680 431 0 0 0 0 0 0 47172 459 0 0 0 0 0 0
[2019-11-06 15:59:19]TIMES:510 rmnet_data1:31388 358 0 0 0 0 0 0 41812 389 0 0 0 0 0 0
[2019-11-06 15:59:24]TIMES:515 CPU USE:15 3 12 0
[2019-11-06 15:59:24]TIMES:515 CPU0 USE:15 3 12 0
[2019-11-06 15:59:24]TIMES:515 SERIAL0:153 2798 1393
[2019-11-06 15:59:24]TIMES:515 rmnet0:44140 436 0 0 0 0 0 0 47612 464 0 0 0 0 0 0
[2019-11-06 15:59:24]TIMES:515 rmnet_data1:31808 363 0 0 0 0 0 0 42252 394 0 0 0 0 0 0
[2019-11-06 15:59:29]TIMES:520 ZONE4 TEMP:42
[2019-11-06 15:59:29]TIMES:520 CPU USE:17 4 13 0
[2019-11-06 15:59:29]TIMES:520 CPU0 USE:17 4 13 0
[2019-11-06 15:59:29]TIMES:520 SERIAL0:153 2836 1406
[2019-11-06 15:59:29]TIMES:520 rmnet0:44600 441 0 0 0 0 0 0 48052 469 0 0 0 0 0 0
[2019-11-06 15:59:29]TIMES:520 rmnet_data1:32228 368 0 0 0 0 0 0 42692 399 0 0 0 0 0 0
[2019-11-06 15:59:34]TIMES:525 ZONE4 TEMP:41
[2019-11-06 15:59:34]TIMES:525 CPU USE:27 6 21 0
[2019-11-06 15:59:34]TIMES:525 CPU0 USE:27 6 21 0
[2019-11-06 15:59:34]TIMES:525 SERIAL0:153 2850 1416
[2019-11-06 15:59:34]TIMES:525 rmnet0:45324 448 0 0 0 0 0 0 48628 476 0 0 0 0 0 0
[2019-11-06 15:59:34]TIMES:525 rmnet_data1:32648 373 0 0 0 0 0 0 43132 404 0 0 0 0 0 0
[2019-11-06 15:59:34]TIMES:525 rmnet_data0:9015 75 0 0 0 0 0 0 5496 72 0 0 0 0 0 0
[2019-11-06 15:59:34]TIMES:525 NET MODE:5 -69 -106
[2019-11-06 15:59:39]TIMES:530 CPU USE:16 3 13 0
[2019-11-06 15:59:39]TIMES:530 CPU0 USE:16 3 13 0
[2019-11-06 15:59:39]TIMES:530 SERIAL0:153 2888 1429
[2019-11-06 15:59:39]TIMES:530 rmnet0:45864 454 0 0 0 0 0 0 49188 483 0 0 0 0 0 0
[2019-11-06 15:59:39]TIMES:530 rmnet_data1:33139 379 0 0 0 0 0 0 43692 411 0 0 0 0 0 0
[2019-11-06 15:59:39]TIMES:530 NET MODE:5 -76 -106
[2019-11-06 15:59:44]TIMES:535 CPU USE:13 2 11 0
[2019-11-06 15:59:44]TIMES:535 CPU0 USE:13 2 11 0
[2019-11-06 15:59:44]TIMES:535 SERIAL0:153 2902 1439
[2019-11-06 15:59:44]TIMES:535 rmnet0:46324 459 0 0 0 0 0 0 49628 488 0 0 0 0 0 0
[2019-11-06 15:59:44]TIMES:535 rmnet_data1:33559 384 0 0 0 0 0 0 44132 416 0 0 0 0 0 0
[2019-11-06 15:59:44]TIMES:535 NET MODE:5 -72 -104
[2019-11-06 15:59:49]TIMES:540 ZONE5 TEMP:42
[2019-11-06 15:59:49]TIMES:540 CPU USE:17 3 14 0
[2019-11-06 15:59:49]TIMES:540 CPU0 USE:17 3 14 0
[2019-11-06 15:59:49]TIMES:540 SERIAL0:153 2940 1452
[2019-11-06 15:59:49]TIMES:540 rmnet0:46832 465 0 0 0 0 0 0 50976 494 0 0 0 0 0 0
[2019-11-06 15:59:49]TIMES:540 rmnet_data1:34019 390 0 0 0 0 0 0 45480 422 0 0 0 0 0 0
[2019-11-06 15:59:54]TIMES:545 ZONE4 TEMP:42
[2019-11-06 15:59:54]TIMES:545 ZONE5 TEMP:43
[2019-11-06 15:59:54]TIMES:545 CPU USE:14 3 11 0
[2019-11-06 15:59:54]TIMES:545 CPU0 USE:14 3 11 0
[2019-11-06 15:59:54]TIMES:545 SERIAL0:153 2954 1462
[2019-11-06 15:59:54]TIMES:545 rmnet0:47292 470 0 0 0 0 0 0 51416 499 0 0 0 0 0 0
[2019-11-06 15:59:54]TIMES:545 rmnet_data1:34439 395 0 0 0 0 0 0 45920 427 0 0 0 0 0 0
[2019-11-06 15:59:59]TIMES:550 ZONE4 TEMP:41
[2019-11-06 15:59:59]TIMES:550 CPU USE:15 3 12 0
[2019-11-06 15:59:59]TIMES:550 CPU0 USE:15 3 12 0
[2019-11-06 15:59:59]TIMES:550 SERIAL0:153 2992 1475
[2019-11-06 15:59:59]TIMES:550 rmnet0:47752 475 0 0 0 0 0 0 51856 504 0 0 0 0 0 0
[2019-11-06 15:59:59]TIMES:550 rmnet_data1:34859 400 0 0 0 0 0 0 46360 432 0 0 0 0 0 0
[2019-11-06 16:00:04]TIMES:555 ZONE3 TEMP:44
[2019-11-06 16:00:04]TIMES:555 ZONE4 TEMP:42
[2019-11-06 16:00:04]TIMES:555 MEM FREE:93 30
[2019-11-06 16:00:04]TIMES:555 CPU USE:33 7 26 0
[2019-11-06 16:00:04]TIMES:555 CPU0 USE:33 7 26 0
[2019-11-06 16:00:04]TIMES:555 SERIAL0:153 3006 1485
[2019-11-06 16:00:04]TIMES:555 rmnet0:48976 488 0 0 0 0 0 0 52844 517 0 0 0 0 0 0
[2019-11-06 16:00:04]TIMES:555 rmnet_data1:35390 407 0 0 0 0 0 0 46920 439 0 0 0 0 0 0
[2019-11-06 16:00:04]TIMES:555 rmnet_data0:9597 81 0 0 0 0 0 0 5924 78 0 0 0 0 0 0
[2019-11-06 16:00:04]TIMES:555 NET MODE:5 -68 -105
[2019-11-06 16:00:09]TIMES:560 MEM FREE:93 31
[2019-11-06 16:00:09]TIMES:560 CPU USE:20 4 16 0
[2019-11-06 16:00:09]TIMES:560 CPU0 USE:20 4 16 0
[2019-11-06 16:00:09]TIMES:560 SERIAL0:153 3030 1498
[2019-11-06 16:00:09]TIMES:560 rmnet0:49520 494 0 0 0 0 0 0 53348 523 0 0 0 0 0 0
[2019-11-06 16:00:09]TIMES:560 rmnet_data1:35810 412 0 0 0 0 0 0 47360 444 0 0 0 0 0 0
[2019-11-06 16:00:09]TIMES:560 rmnet_data0:9671 82 0 0 0 0 0 0 5988 79 0 0 0 0 0 0
[2019-11-06 16:00:09]TIMES:560 NET MODE:5 -73 -103
[2019-11-06 16:00:14]TIMES:565 ZONE3 TEMP:43
[2019-11-06 16:00:14]TIMES:565 CPU USE:15 1 14 0
[2019-11-06 16:00:14]TIMES:565 CPU0 USE:15 1 14 0
[2019-11-06 16:00:14]TIMES:565 SERIAL0:153 3058 1508
[2019-11-06 16:00:14]TIMES:565 rmnet0:49888 498 0 0 0 0 0 0 53788 528 0 0 0 0 0 0
[2019-11-06 16:00:14]TIMES:565 rmnet_data1:36146 416 0 0 0 0 0 0 47800 449 0 0 0 0 0 0
[2019-11-06 16:00:19]TIMES:570 CPU USE:16 3 13 0
[2019-11-06 16:00:19]TIMES:570 CPU0 USE:16 3 13 0
[2019-11-06 16:00:19]TIMES:570 SERIAL0:153 3082 1521
[2019-11-06 16:00:19]TIMES:570 rmnet0:50164 501 0 0 0 0 0 0 54140 532 0 0 0 0 0 0
[2019-11-06 16:00:19]TIMES:570 rmnet_data1:36398 419 0 0 0 0 0 0 48152 453 0 0 0 0 0 0
[2019-11-06 16:00:24]TIMES:575 CPU USE:14 2 12 0
[2019-11-06 16:00:24]TIMES:575 CPU0 USE:14 2 12 0
[2019-11-06 16:00:24]TIMES:575 SERIAL0:153 3110 1531
[2019-11-06 16:00:24]TIMES:575 rmnet0:50244 502 0 0 0 0 0 0 54260 534 0 0 0 0 0 0
[2019-11-06 16:00:24]TIMES:575 rmnet_data1:36469 420 0 0 0 0 0 0 48272 455 0 0 0 0 0 0
[2019-11-06 16:00:29]TIMES:580 ZONE4 TEMP:41
[2019-11-06 16:00:29]TIMES:580 CPU USE:15 2 13 0
[2019-11-06 16:00:29]TIMES:580 CPU0 USE:15 2 13 0
[2019-11-06 16:00:29]TIMES:580 SERIAL0:153 3134 1544
[2019-11-06 16:00:34]TIMES:585 ZONE5 TEMP:100
[2019-11-06 16:00:34]TIMES:585 CPU USE:20 4 16 0
[2019-11-06 16:00:34]TIMES:585 CPU0 USE:20 4 16 0
[2019-11-06 16:00:34]TIMES:585 SERIAL0:153 3162 1554
[2019-11-06 16:00:34]TIMES:585 rmnet0:50428 504 0 0 0 0 0 0 54404 536 0 0 0 0 0 0
[2019-11-06 16:00:34]TIMES:585 rmnet_data0:9839 84 0 0 0 0 0 0 6132 81 0 0 0 0 0 0
[2019-11-06 16:00:40]TIMES:590 ZONE3 TEMP:44
[2019-11-06 16:00:40]TIMES:590 ZONE4 TEMP:42
[2019-11-06 16:00:40]TIMES:590 ZONE5 TEMP:43
[2019-11-06 16:00:40]TIMES:590 CPU USE:28 5 23 0
[2019-11-06 16:00:40]TIMES:590 CPU0 USE:28 5 23 0
[2019-11-06 16:00:40]TIMES:590 SERIAL0:153 3186 1567
[2019-11-06 16:00:40]TIMES:590 rmnet0:50692 506 0 0 0 0 0 0 54540 538 0 0 0 0 0 0
[2019-11-06 16:00:40]TIMES:590 rmnet_data0:10087 86 0 0 0 0 0 0 6268 83 0 0 0 0 0 0
[2019-11-06 16:00:45]TIMES:595 ZONE3 TEMP:43
[2019-11-06 16:00:45]TIMES:595 ZONE4 TEMP:41
[2019-11-06 16:00:45]TIMES:595 CPU USE:15 3 12 0
[2019-11-06 16:00:45]TIMES:595 CPU0 USE:15 3 12 0
[2019-11-06 16:00:45]TIMES:595 SERIAL0:153 3214 1577
[2019-11-06 16:00:45]TIMES:595 rmnet0:50772 507 0 0 0 0 0 0 54660 540 0 0 0 0 0 0
[2019-11-06 16:00:45]TIMES:595 rmnet_data1:36540 421 0 0 0 0 0 0 48392 457 0 0 0 0 0 0
[2019-11-06 16:00:50]TIMES:600 ZONE3 TEMP:44
[2019-11-06 16:00:50]TIMES:600 ZONE4 TEMP:42
[2019-11-06 16:00:50]TIMES:600 CPU USE:18 3 15 0
[2019-11-06 16:00:50]TIMES:600 CPU0 USE:18 3 15 0
[2019-11-06 16:00:50]TIMES:600 SERIAL0:153 3254 1590
[2019-11-06 16:00:50]TIMES:600 rmnet0:51004 510 0 0 0 0 0 0 55744 543 0 0 0 0 0 0
[2019-11-06 16:00:50]TIMES:600 rmnet_data1:36664 423 0 0 0 0 0 0 49388 459 0 0 0 0 0 0
[2019-11-06 16:00:50]TIMES:600 rmnet_data0:10171 87 0 0 0 0 0 0 6356 84 0 0 0 0 0 0
[2019-11-06 16:00:55]TIMES:605 ZONE3 TEMP:43
[2019-11-06 16:00:55]TIMES:605 ZONE4 TEMP:41
[2019-11-06 16:00:55]TIMES:605 CPU USE:14 2 12 0
[2019-11-06 16:00:55]TIMES:605 CPU0 USE:14 2 12 0
[2019-11-06 16:00:55]TIMES:605 SERIAL0:153 3282 1600
[2019-11-06 16:00:55]TIMES:605 rmnet0:51464 515 0 0 0 0 0 0 56184 548 0 0 0 0 0 0
[2019-11-06 16:00:55]TIMES:605 rmnet_data1:37084 428 0 0 0 0 0 0 49828 464 0 0 0 0 0 0
[2019-11-06 16:00:55]TIMES:605 NET MODE:5 -73 -108
[2019-11-06 16:01:00]TIMES:610 ZONE4 TEMP:42
[2019-11-06 16:01:00]TIMES:610 MEM FREE:93 30
[2019-11-06 16:01:00]TIMES:610 CPU USE:16 3 13 0
[2019-11-06 16:01:00]TIMES:610 CPU0 USE:16 3 13 0
[2019-11-06 16:01:00]TIMES:610 SERIAL0:153 3306 1613
[2019-11-06 16:01:00]TIMES:610 rmnet0:51924 520 0 0 0 0 0 0 56624 553 0 0 0 0 0 0
[2019-11-06 16:01:00]TIMES:610 rmnet_data1:37504 433 0 0 0 0 0 0 50268 469 0 0 0 0 0 0
[2019-11-06 16:01:05]TIMES:615 ZONE4 TEMP:41
[2019-11-06 16:01:05]TIMES:615 MEM FREE:93 31
[2019-11-06 16:01:05]TIMES:615 CPU USE:15 2 13 0
[2019-11-06 16:01:05]TIMES:615 CPU0 USE:15 2 13 0
[2019-11-06 16:01:05]TIMES:615 SERIAL0:153 3320 1623
[2019-11-06 16:01:05]TIMES:615 rmnet0:52512 527 0 0 0 0 0 0 57184 560 0 0 0 0 0 0
[2019-11-06 16:01:05]TIMES:615 rmnet_data1:38035 440 0 0 0 0 0 0 50828 476 0 0 0 0 0 0
[2019-11-06 16:01:05]TIMES:615 NET MODE:5 -68 -105
[2019-11-06 16:01:10]TIMES:620 ZONE3 TEMP:44
[2019-11-06 16:01:10]TIMES:620 ZONE4 TEMP:42
[2019-11-06 16:01:10]TIMES:620 CPU USE:29 6 23 0
[2019-11-06 16:01:10]TIMES:620 CPU0 USE:29 6 23 0
[2019-11-06 16:01:10]TIMES:620 SERIAL0:153 3358 1636
[2019-11-06 16:01:10]TIMES:620 rmnet0:53236 534 0 0 0 0 0 0 57760 567 0 0 0 0 0 0
[2019-11-06 16:01:10]TIMES:620 rmnet_data1:38455 445 0 0 0 0 0 0 51268 481 0 0 0 0 0 0
[2019-11-06 16:01:10]TIMES:620 rmnet_data0:10419 89 0 0 0 0 0 0 6492 86 0 0 0 0 0 0
[2019-11-06 16:01:15]TIMES:625 CPU USE:16 4 12 0
[2019-11-06 16:01:15]TIMES:625 CPU0 USE:16 4 12 0
[2019-11-06 16:01:15]TIMES:625 SERIAL0:153 3372 1646
[2019-11-06 16:01:15]TIMES:625 rmnet0:53696 539 0 0 0 0 0 0 58200 572 0 0 0 0 0 0
[2019-11-06 16:01:15]TIMES:625 rmnet_data1:38875 450 0 0 0 0 0 0 51708 486 0 0 0 0 0 0
[2019-11-06 16:01:15]TIMES:625 NET MODE:5 -73 -105
[2019-11-06 16:01:20]TIMES:630 ZONE3 TEMP:43
[2019-11-06 16:01:20]TIMES:630 CPU USE:13 2 11 0
[2019-11-06 16:01:20]TIMES:630 CPU0 USE:13 2 11 0
[2019-11-06 16:01:20]TIMES:630 SERIAL0:153 3410 1659
[2019-11-06 16:01:20]TIMES:630 rmnet0:54156 544 0 0 0 0 0 0 58640 577 0 0 0 0 0 0
[2019-11-06 16:01:20]TIMES:630 rmnet_data1:39295 455 0 0 0 0 0 0 52148 491 0 0 0 0 0 0
[2019-11-06 16:01:25]TIMES:635 ZONE4 TEMP:41
[2019-11-06 16:01:25]TIMES:635 CPU USE:16 2 14 0
[2019-11-06 16:01:25]TIMES:635 CPU0 USE:16 2 14 0
[2019-11-06 16:01:25]TIMES:635 SERIAL0:153 3424 1669
[2019-11-06 16:01:25]TIMES:635 rmnet0:54696 550 0 0 0 0 0 0 59200 584 0 0 0 0 0 0
[2019-11-06 16:01:25]TIMES:635 rmnet_data1:39786 461 0 0 0 0 0 0 52708 498 0 0 0 0 0 0
[2019-11-06 16:01:30]TIMES:640 CPU USE:13 1 12 0
[2019-11-06 16:01:30]TIMES:640 CPU0 USE:13 1 12 0
[2019-11-06 16:01:30]TIMES:640 SERIAL0:153 3462 1682
[2019-11-06 16:01:30]TIMES:640 rmnet0:55156 555 0 0 0 0 0 0 59640 589 0 0 0 0 0 0
[2019-11-06 16:01:30]TIMES:640 rmnet_data1:40206 466 0 0 0 0 0 0 53148 503 0 0 0 0 0 0
[2019-11-06 16:01:35]TIMES:645 ZONE3 TEMP:44
[2019-11-06 16:01:35]TIMES:645 ZONE4 TEMP:42
[2019-11-06 16:01:35]TIMES:645 CPU USE:15 4 11 0
[2019-11-06 16:01:35]TIMES:645 CPU0 USE:15 4 11 0
[2019-11-06 16:01:35]TIMES:645 SERIAL0:153 3476 1692
[2019-11-06 16:01:35]TIMES:645 rmnet0:55616 560 0 0 0 0 0 0 60080 594 0 0 0 0 0 0
[2019-11-06 16:01:35]TIMES:645 rmnet_data1:40626 471 0 0 0 0 0 0 53588 508 0 0 0 0 0 0
[2019-11-06 16:01:40]TIMES:650 ZONE3 TEMP:43
[2019-11-06 16:01:40]TIMES:650 ZONE4 TEMP:41
[2019-11-06 16:01:40]TIMES:650 CPU USE:14 2 12 0
[2019-11-06 16:01:40]TIMES:650 CPU0 USE:14 2 12 0
[2019-11-06 16:01:40]TIMES:650 SERIAL0:153 3514 1705
[2019-11-06 16:01:40]TIMES:650 rmnet0:56076 565 0 0 0 0 0 0 60520 599 0 0 0 0 0 0
[2019-11-06 16:01:40]TIMES:650 rmnet_data1:41046 476 0 0 0 0 0 0 54028 513 0 0 0 0 0 0
[2019-11-06 16:01:45]TIMES:655 CPU USE:27 6 21 0
[2019-11-06 16:01:45]TIMES:655 CPU0 USE:27 6 21 0
[2019-11-06 16:01:45]TIMES:655 SERIAL0:153 3528 1715
[2019-11-06 16:01:45]TIMES:655 rmnet0:56800 572 0 0 0 0 0 0 61096 606 0 0 0 0 0 0
[2019-11-06 16:01:45]TIMES:655 rmnet_data1:41466 481 0 0 0 0 0 0 54468 518 0 0 0 0 0 0
[2019-11-06 16:01:45]TIMES:655 rmnet_data0:10667 91 0 0 0 0 0 0 6628 88 0 0 0 0 0 0
[2019-11-06 16:01:50]TIMES:660 ZONE3 TEMP:44
[2019-11-06 16:01:50]TIMES:660 ZONE4 TEMP:42
[2019-11-06 16:01:50]TIMES:660 CPU USE:16 2 14 0
[2019-11-06 16:01:50]TIMES:660 CPU0 USE:16 2 14 0
[2019-11-06 16:01:50]TIMES:660 SERIAL0:153 3552 1728
[2019-11-06 16:01:50]TIMES:660 rmnet0:57388 579 0 0 0 0 0 0 62564 614 0 0 0 0 0 0
[2019-11-06 16:01:50]TIMES:660 rmnet_data1:41997 488 0 0 0 0 0 0 55936 526 0 0 0 0 0 0
[2019-11-06 16:01:55]TIMES:665 ZONE3 TEMP:43
[2019-11-06 16:01:55]TIMES:665 ZONE4 TEMP:41
[2019-11-06 16:01:55]TIMES:665 CPU USE:16 3 13 0
[2019-11-06 16:01:55]TIMES:665 CPU0 USE:16 3 13 0
[2019-11-06 16:01:55]TIMES:665 SERIAL0:153 3580 1738
[2019-11-06 16:01:55]TIMES:665 rmnet0:57848 584 0 0 0 0 0 0 63004 619 0 0 0 0 0 0
[2019-11-06 16:01:55]TIMES:665 rmnet_data1:42417 493 0 0 0 0 0 0 56376 531 0 0 0 0 0 0
[2019-11-06 16:01:55]TIMES:665 NET MODE:5 -69 -109
[2019-11-06 16:02:00]TIMES:670 CPU USE:14 3 11 0
[2019-11-06 16:02:00]TIMES:670 CPU0 USE:14 3 11 0
[2019-11-06 16:02:00]TIMES:670 SERIAL0:153 3604 1751
[2019-11-06 16:02:00]TIMES:670 rmnet0:58308 589 0 0 0 0 0 0 63444 624 0 0 0 0 0 0
[2019-11-06 16:02:00]TIMES:670 rmnet_data1:42837 498 0 0 0 0 0 0 56816 536 0 0 0 0 0 0
[2019-11-06 16:02:05]TIMES:675 CPU USE:18 2 16 0
[2019-11-06 16:02:05]TIMES:675 CPU0 USE:18 2 16 0
[2019-11-06 16:02:05]TIMES:675 SERIAL0:153 3632 1761
[2019-11-06 16:02:05]TIMES:675 rmnet0:58768 594 0 0 0 0 0 0 63884 629 0 0 0 0 0 0
[2019-11-06 16:02:05]TIMES:675 rmnet_data1:43257 503 0 0 0 0 0 0 57256 541 0 0 0 0 0 0
[2019-11-06 16:02:05]TIMES:675 NET MODE:5 -71 -104
[2019-11-06 16:02:10]TIMES:680 ZONE3 TEMP:44
[2019-11-06 16:02:10]TIMES:680 ZONE4 TEMP:42
[2019-11-06 16:02:10]TIMES:680 CPU USE:15 2 13 0
[2019-11-06 16:02:10]TIMES:680 CPU0 USE:15 2 13 0
[2019-11-06 16:02:10]TIMES:680 SERIAL0:153 3656 1774
[2019-11-06 16:02:10]TIMES:680 rmnet0:59356 601 0 0 0 0 0 0 64444 636 0 0 0 0 0 0
[2019-11-06 16:02:10]TIMES:680 rmnet_data1:43788 510 0 0 0 0 0 0 57816 548 0 0 0 0 0 0
[2019-11-06 16:02:15]TIMES:685 CPU USE:29 6 23 0
[2019-11-06 16:02:15]TIMES:685 CPU0 USE:29 6 23 0
[2019-11-06 16:02:15]TIMES:685 SERIAL0:153 3684 1784
[2019-11-06 16:02:15]TIMES:685 rmnet0:60080 608 0 0 0 0 0 0 65020 643 0 0 0 0 0 0
[2019-11-06 16:02:15]TIMES:685 rmnet_data1:44208 515 0 0 0 0 0 0 58256 553 0 0 0 0 0 0
[2019-11-06 16:02:15]TIMES:685 rmnet_data0:10915 93 0 0 0 0 0 0 6764 90 0 0 0 0 0 0
[2019-11-06 16:02:20]TIMES:690 CPU USE:16 3 13 0
[2019-11-06 16:02:20]TIMES:690 CPU0 USE:16 3 13 0
[2019-11-06 16:02:20]TIMES:690 SERIAL0:153 3708 1797
[2019-11-06 16:02:20]TIMES:690 rmnet0:60448 612 0 0 0 0 0 0 65372 647 0 0 0 0 0 0
[2019-11-06 16:02:20]TIMES:690 rmnet_data1:44544 519 0 0 0 0 0 0 58608 557 0 0 0 0 0 0
[2019-11-06 16:02:25]TIMES:695 CPU USE:18 4 14 0
[2019-11-06 16:02:25]TIMES:695 CPU0 USE:18 4 14 0
[2019-11-06 16:02:25]TIMES:695 SERIAL0:153 3736 1807
[2019-11-06 16:02:30]TIMES:700 ZONE3 TEMP:43
[2019-11-06 16:02:30]TIMES:700 CPU USE:13 2 11 0
[2019-11-06 16:02:30]TIMES:700 CPU0 USE:13 2 11 0
[2019-11-06 16:02:30]TIMES:700 SERIAL0:153 3760 1820
[2019-11-06 16:02:30]TIMES:700 rmnet0:60528 613 0 0 0 0 0 0 65492 649 0 0 0 0 0 0
[2019-11-06 16:02:30]TIMES:700 rmnet_data1:44615 520 0 0 0 0 0 0 58728 559 0 0 0 0 0 0
[2019-11-06 16:02:35]TIMES:705 ZONE4 TEMP:41
[2019-11-06 16:02:35]TIMES:705 CPU USE:18 3 15 0
[2019-11-06 16:02:35]TIMES:705 CPU0 USE:18 3 15 0
[2019-11-06 16:02:35]TIMES:705 SERIAL0:153 3774 1830
[2019-11-06 16:02:40]TIMES:710 ZONE3 TEMP:44
[2019-11-06 16:02:40]TIMES:710 ZONE4 TEMP:42
[2019-11-06 16:02:40]TIMES:710 CPU USE:16 4 12 0
[2019-11-06 16:02:40]TIMES:710 CPU0 USE:16 4 12 0
[2019-11-06 16:02:40]TIMES:710 SERIAL0:153 3812 1843
[2019-11-06 16:02:45]TIMES:715 ZONE0 TEMP:42
[2019-11-06 16:02:45]TIMES:715 ZONE1 TEMP:40
[2019-11-06 16:02:45]TIMES:715 ZONE2 TEMP:42
[2019-11-06 16:02:45]TIMES:715 ZONE3 TEMP:41
[2019-11-06 16:02:45]TIMES:715 ZONE4 TEMP:39
[2019-11-06 16:02:45]TIMES:715 ZONE5 TEMP:42
[2019-11-06 16:02:45]TIMES:715 CPU USE:23 5 18 0
[2019-11-06 16:02:45]TIMES:715 CPU0 USE:23 5 18 0
[2019-11-06 16:02:45]TIMES:715 SERIAL0:153 3836 1856
[2019-11-06 16:02:45]TIMES:715 rmnet0:60528 613 0 0 0 0 0 0 65560 650 0 0 0 0 0 0
[2019-11-06 16:02:45]TIMES:715 rmnet_data0:10915 93 0 0 0 0 0 0 6832 91 0 0 0 0 0 0
[2019-11-06 16:02:50]TIMES:720 ZONE0 TEMP:44
[2019-11-06 16:02:50]TIMES:720 ZONE1 TEMP:43
[2019-11-06 16:02:50]TIMES:720 ZONE2 TEMP:46
[2019-11-06 16:02:50]TIMES:720 ZONE3 TEMP:43
[2019-11-06 16:02:50]TIMES:720 ZONE4 TEMP:41
[2019-11-06 16:02:50]TIMES:720 CPU USE:19 4 15 0
[2019-11-06 16:02:50]TIMES:720 CPU0 USE:19 4 15 0
[2019-11-06 16:02:50]TIMES:720 SERIAL0:153 3864 1866
[2019-11-06 16:02:50]TIMES:720 rmnet0:61012 618 0 0 0 0 0 0 66744 655 0 0 0 0 0 0
[2019-11-06 16:02:50]TIMES:720 rmnet_data1:44810 523 0 0 0 0 0 0 59844 563 0 0 0 0 0 0
[2019-11-06 16:02:50]TIMES:720 rmnet_data0:11163 95 0 0 0 0 0 0 6900 92 0 0 0 0 0 0
[2019-11-06 16:02:55]TIMES:725 ZONE3 TEMP:44
[2019-11-06 16:02:55]TIMES:725 ZONE4 TEMP:42
[2019-11-06 16:02:55]TIMES:725 ZONE5 TEMP:43
[2019-11-06 16:02:55]TIMES:725 CPU USE:16 4 12 0
[2019-11-06 16:02:55]TIMES:725 CPU0 USE:16 4 12 0
[2019-11-06 16:02:55]TIMES:725 SERIAL0:153 3888 1879
[2019-11-06 16:02:55]TIMES:725 rmnet0:61472 623 0 0 0 0 0 0 67184 660 0 0 0 0 0 0
[2019-11-06 16:02:55]TIMES:725 rmnet_data1:45230 528 0 0 0 0 0 0 60284 568 0 0 0 0 0 0
[2019-11-06 16:03:00]TIMES:730 ZONE3 TEMP:43
[2019-11-06 16:03:00]TIMES:730 ZONE4 TEMP:41
[2019-11-06 16:03:00]TIMES:730 CPU USE:12 3 9 0
[2019-11-06 16:03:00]TIMES:730 CPU0 USE:12 3 9 0
[2019-11-06 16:03:00]TIMES:730 SERIAL0:153 3916 1889
[2019-11-06 16:03:00]TIMES:730 rmnet0:61932 628 0 0 0 0 0 0 67624 665 0 0 0 0 0 0
[2019-11-06 16:03:00]TIMES:730 rmnet_data1:45650 533 0 0 0 0 0 0 60724 573 0 0 0 0 0 0
[2019-11-06 16:03:05]TIMES:735 CPU USE:16 2 14 0
[2019-11-06 16:03:05]TIMES:735 CPU0 USE:16 2 14 0
[2019-11-06 16:03:05]TIMES:735 SERIAL0:153 3940 1902
[2019-11-06 16:03:05]TIMES:735 rmnet0:62392 633 0 0 0 0 0 0 68064 670 0 0 0 0 0 0
[2019-11-06 16:03:05]TIMES:735 rmnet_data1:46070 538 0 0 0 0 0 0 61164 578 0 0 0 0 0 0
[2019-11-06 16:03:10]TIMES:740 CPU USE:14 2 12 0
[2019-11-06 16:03:10]TIMES:740 CPU0 USE:14 2 12 0
[2019-11-06 16:03:10]TIMES:740 SERIAL0:153 3968 1912
[2019-11-06 16:03:10]TIMES:740 rmnet0:62980 640 0 0 0 0 0 0 68624 677 0 0 0 0 0 0
[2019-11-06 16:03:10]TIMES:740 rmnet_data1:46601 545 0 0 0 0 0 0 61724 585 0 0 0 0 0 0
[2019-11-06 16:03:15]TIMES:745 CPU USE:13 4 9 0
[2019-11-06 16:03:15]TIMES:745 CPU0 USE:13 4 9 0
[2019-11-06 16:03:15]TIMES:745 SERIAL0:153 3992 1925
[2019-11-06 16:03:15]TIMES:745 rmnet0:63440 645 0 0 0 0 0 0 69064 682 0 0 0 0 0 0
[2019-11-06 16:03:15]TIMES:745 rmnet_data1:47021 550 0 0 0 0 0 0 62164 590 0 0 0 0 0 0
[2019-11-06 16:03:20]TIMES:750 ZONE4 TEMP:42
[2019-11-06 16:03:20]TIMES:750 CPU USE:42 10 32 0
[2019-11-06 16:03:20]TIMES:750 CPU0 USE:42 10 32 0
[2019-11-06 16:03:20]TIMES:750 SERIAL0:153 4006 1935
[2019-11-06 16:03:20]TIMES:750 rmnet0:64620 657 0 0 0 0 0 0 69996 694 0 0 0 0 0 0
[2019-11-06 16:03:20]TIMES:750 rmnet_data1:47441 555 0 0 0 0 0 0 62604 595 0 0 0 0 0 0
[2019-11-06 16:03:20]TIMES:750 rmnet_data0:11819 102 0 0 0 0 0 0 7392 99 0 0 0 0 0 0
[2019-11-06 16:03:25]TIMES:755 ZONE4 TEMP:41
[2019-11-06 16:03:25]TIMES:755 CPU USE:16 4 12 0
[2019-11-06 16:03:25]TIMES:755 CPU0 USE:16 4 12 0
[2019-11-06 16:03:25]TIMES:755 SERIAL0:153 4044 1948
[2019-11-06 16:03:25]TIMES:755 rmnet0:65080 662 0 0 0 0 0 0 70436 699 0 0 0 0 0 0
[2019-11-06 16:03:25]TIMES:755 rmnet_data1:47861 560 0 0 0 0 0 0 63044 600 0 0 0 0 0 0
[2019-11-06 16:03:30]TIMES:760 CPU USE:14 3 11 0
[2019-11-06 16:03:30]TIMES:760 CPU0 USE:14 3 11 0
[2019-11-06 16:03:30]TIMES:760 SERIAL0:153 4058 1958
[2019-11-06 16:03:30]TIMES:760 rmnet0:65620 668 0 0 0 0 0 0 70996 706 0 0 0 0 0 0
[2019-11-06 16:03:30]TIMES:760 rmnet_data1:48352 566 0 0 0 0 0 0 63604 607 0 0 0 0 0 0
[2019-11-06 16:03:35]TIMES:765 CPU USE:16 3 13 0
[2019-11-06 16:03:35]TIMES:765 CPU0 USE:16 3 13 0
[2019-11-06 16:03:35]TIMES:765 SERIAL0:153 4096 1971
[2019-11-06 16:03:35]TIMES:765 rmnet0:66080 673 0 0 0 0 0 0 71436 711 0 0 0 0 0 0
[2019-11-06 16:03:35]TIMES:765 rmnet_data1:48772 571 0 0 0 0 0 0 64044 612 0 0 0 0 0 0
[2019-11-06 16:03:35]TIMES:765 NET MODE:5 -66 -103
[2019-11-06 16:03:40]TIMES:770 ZONE3 TEMP:44
[2019-11-06 16:03:40]TIMES:770 ZONE4 TEMP:42
[2019-11-06 16:03:40]TIMES:770 CPU USE:16 2 14 0
[2019-11-06 16:03:40]TIMES:770 CPU0 USE:16 2 14 0
[2019-11-06 16:03:40]TIMES:770 SERIAL0:153 4110 1981
[2019-11-06 16:03:40]TIMES:770 rmnet0:66540 678 0 0 0 0 0 0 71876 716 0 0 0 0 0 0
[2019-11-06 16:03:40]TIMES:770 rmnet_data1:49192 576 0 0 0 0 0 0 64484 617 0 0 0 0 0 0
[2019-11-06 16:03:45]TIMES:775 CPU USE:21 5 16 0
[2019-11-06 16:03:45]TIMES:775 CPU0 USE:21 5 16 0
[2019-11-06 16:03:45]TIMES:775 SERIAL0:153 4148 1994
[2019-11-06 16:03:45]TIMES:775 rmnet0:67184 685 0 0 0 0 0 0 72460 723 0 0 0 0 0 0
[2019-11-06 16:03:45]TIMES:775 rmnet_data1:49612 581 0 0 0 0 0 0 64924 622 0 0 0 0 0 0
[2019-11-06 16:03:45]TIMES:775 rmnet_data0:11987 104 0 0 0 0 0 0 7536 101 0 0 0 0 0 0
[2019-11-06 16:03:50]TIMES:780 ZONE5 TEMP:42
[2019-11-06 16:03:50]TIMES:780 MEM FREE:93 30
[2019-11-06 16:03:50]TIMES:780 CPU USE:18 5 13 0
[2019-11-06 16:03:50]TIMES:780 CPU0 USE:18 5 13 0
[2019-11-06 16:03:50]TIMES:780 SERIAL0:153 4162 2004
[2019-11-06 16:03:50]TIMES:780 rmnet0:67692 691 0 0 0 0 0 0 73780 729 0 0 0 0 0 0
[2019-11-06 16:03:50]TIMES:780 rmnet_data1:50072 587 0 0 0 0 0 0 66244 628 0 0 0 0 0 0
[2019-11-06 16:03:55]TIMES:785 ZONE3 TEMP:43
[2019-11-06 16:03:55]TIMES:785 ZONE5 TEMP:43
[2019-11-06 16:03:55]TIMES:785 MEM FREE:93 31
[2019-11-06 16:03:55]TIMES:785 CPU USE:22 4 18 0
[2019-11-06 16:03:55]TIMES:785 CPU0 USE:22 4 18 0
[2019-11-06 16:03:55]TIMES:785 SERIAL0:153 4200 2017
[2019-11-06 16:03:55]TIMES:785 rmnet0:68544 700 0 0 0 0 0 0 74476 738 0 0 0 0 0 0
[2019-11-06 16:03:55]TIMES:785 rmnet_data1:50603 594 0 0 0 0 0 0 66804 635 0 0 0 0 0 0
[2019-11-06 16:03:55]TIMES:785 rmnet_data0:12235 106 0 0 0 0 0 0 7672 103 0 0 0 0 0 0
[2019-11-06 16:04:00]TIMES:790 CPU USE:12 2 10 0
[2019-11-06 16:04:00]TIMES:790 CPU0 USE:12 2 10 0
[2019-11-06 16:04:00]TIMES:790 SERIAL0:153 4214 2027
[2019-11-06 16:04:00]TIMES:790 rmnet0:69004 705 0 0 0 0 0 0 74916 743 0 0 0 0 0 0
[2019-11-06 16:04:00]TIMES:790 rmnet_data1:51023 599 0 0 0 0 0 0 67244 640 0 0 0 0 0 0
[2019-11-06 16:04:05]TIMES:795 ZONE4 TEMP:41
[2019-11-06 16:04:05]TIMES:795 CPU USE:19 4 15 0
[2019-11-06 16:04:05]TIMES:795 CPU0 USE:19 4 15 0
[2019-11-06 16:04:05]TIMES:795 SERIAL0:153 4252 2040
[2019-11-06 16:04:05]TIMES:795 rmnet0:69464 710 0 0 0 0 0 0 75356 748 0 0 0 0 0 0
[2019-11-06 16:04:05]TIMES:795 rmnet_data1:51443 604 0 0 0 0 0 0 67684 645 0 0 0 0 0 0
[2019-11-06 16:04:10]TIMES:800 ZONE4 TEMP:42
[2019-11-06 16:04:10]TIMES:800 CPU USE:15 1 14 0
[2019-11-06 16:04:10]TIMES:800 CPU0 USE:15 1 14 0
[2019-11-06 16:04:10]TIMES:800 SERIAL0:153 4266 2050
[2019-11-06 16:04:10]TIMES:800 rmnet0:69924 715 0 0 0 0 0 0 75796 753 0 0 0 0 0 0
[2019-11-06 16:04:10]TIMES:800 rmnet_data1:51863 609 0 0 0 0 0 0 68124 650 0 0 0 0 0 0
[2019-11-06 16:04:10]TIMES:800 NET MODE:5 -71 -105
[2019-11-06 16:04:15]TIMES:805 CPU USE:14 2 12 0
[2019-11-06 16:04:15]TIMES:805 CPU0 USE:14 2 12 0
[2019-11-06 16:04:15]TIMES:805 SERIAL0:153 4290 2063
[2019-11-06 16:04:15]TIMES:805 rmnet0:70464 721 0 0 0 0 0 0 76356 760 0 0 0 0 0 0
[2019-11-06 16:04:15]TIMES:805 rmnet_data1:52354 615 0 0 0 0 0 0 68684 657 0 0 0 0 0 0
[2019-11-06 16:04:20]TIMES:810 ZONE4 TEMP:41
[2019-11-06 16:04:20]TIMES:810 SERIAL0:153 4318 2073
[2019-11-06 16:04:20]TIMES:810 rmnet0:70832 725 0 0 0 0 0 0 76708 764 0 0 0 0 0 0
[2019-11-06 16:04:20]TIMES:810 rmnet_data1:52690 619 0 0 0 0 0 0 69036 661 0 0 0 0 0 0
[2019-11-06 16:04:25]TIMES:815 CPU USE:30 7 23 0
[2019-11-06 16:04:25]TIMES:815 CPU0 USE:30 7 23 0
[2019-11-06 16:04:25]TIMES:815 SERIAL0:153 4342 2086
[2019-11-06 16:04:25]TIMES:815 rmnet0:71096 727 0 0 0 0 0 0 76844 766 0 0 0 0 0 0
[2019-11-06 16:04:25]TIMES:815 rmnet_data0:12483 108 0 0 0 0 0 0 7808 105 0 0 0 0 0 0
[2019-11-06 16:04:30]TIMES:820 ZONE1 TEMP:42
[2019-11-06 16:04:30]TIMES:820 ZONE2 TEMP:45
[2019-11-06 16:04:30]TIMES:820 ZONE4 TEMP:42
[2019-11-06 16:04:30]TIMES:820 CPU USE:16 3 13 0
[2019-11-06 16:04:30]TIMES:820 CPU0 USE:16 3 13 0
[2019-11-06 16:04:30]TIMES:820 SERIAL0:153 4370 2096
[2019-11-06 16:04:30]TIMES:820 NET MODE:5 -67 -101
[2019-11-06 16:04:35]TIMES:825 ZONE0 TEMP:43
[2019-11-06 16:04:35]TIMES:825 ZONE1 TEMP:43
[2019-11-06 16:04:35]TIMES:825 ZONE4 TEMP:41
[2019-11-06 16:04:35]TIMES:825 ZONE5 TEMP:42
[2019-11-06 16:04:35]TIMES:825 CPU USE:17 3 14 0
[2019-11-06 16:04:35]TIMES:825 CPU0 USE:17 3 14 0
[2019-11-06 16:04:35]TIMES:825 SERIAL0:153 4394 2109
[2019-11-06 16:04:35]TIMES:825 rmnet0:71176 728 0 0 0 0 0 0 76964 768 0 0 0 0 0 0
[2019-11-06 16:04:35]TIMES:825 rmnet_data1:52761 620 0 0 0 0 0 0 69156 663 0 0 0 0 0 0
[2019-11-06 16:04:35]TIMES:825 NET MODE:5 -71 -105
[2019-11-06 16:04:40]TIMES:830 ZONE0 TEMP:44
[2019-11-06 16:04:40]TIMES:830 ZONE2 TEMP:46
[2019-11-06 16:04:40]TIMES:830 ZONE5 TEMP:43
[2019-11-06 16:04:40]TIMES:830 CPU USE:15 2 13 0
[2019-11-06 16:04:40]TIMES:830 CPU0 USE:15 2 13 0
[2019-11-06 16:04:40]TIMES:830 SERIAL0:153 4422 2119
[2019-11-06 16:04:45]TIMES:835 ZONE4 TEMP:42
[2019-11-06 16:04:45]TIMES:835 CPU USE:16 3 13 0
[2019-11-06 16:04:45]TIMES:835 CPU0 USE:16 3 13 0
[2019-11-06 16:04:45]TIMES:835 SERIAL0:153 4446 2132
[2019-11-06 16:04:50]TIMES:840 ZONE0 TEMP:43
[2019-11-06 16:04:50]TIMES:840 ZONE1 TEMP:42
[2019-11-06 16:04:50]TIMES:840 ZONE2 TEMP:45
[2019-11-06 16:04:50]TIMES:840 ZONE4 TEMP:41
[2019-11-06 16:04:50]TIMES:840 ZONE5 TEMP:42
[2019-11-06 16:04:50]TIMES:840 CPU USE:14 3 11 0
[2019-11-06 16:04:50]TIMES:840 CPU0 USE:14 3 11 0
[2019-11-06 16:04:50]TIMES:840 SERIAL0:153 4474 2142
[2019-11-06 16:04:50]TIMES:840 rmnet0:71316 730 0 0 0 0 0 0 77960 770 0 0 0 0 0 0
[2019-11-06 16:04:50]TIMES:840 rmnet_data1:52885 622 0 0 0 0 0 0 70152 665 0 0 0 0 0 0
[2019-11-06 16:04:55]TIMES:845 ZONE0 TEMP:44
[2019-11-06 16:04:55]TIMES:845 ZONE1 TEMP:43
[2019-11-06 16:04:55]TIMES:845 ZONE2 TEMP:46
[2019-11-06 16:04:55]TIMES:845 ZONE3 TEMP:44
[2019-11-06 16:04:55]TIMES:845 ZONE4 TEMP:42
[2019-11-06 16:04:55]TIMES:845 ZONE5 TEMP:43
[2019-11-06 16:04:55]TIMES:845 CPU USE:30 6 24 0
[2019-11-06 16:04:55]TIMES:845 CPU0 USE:30 6 24 0
[2019-11-06 16:04:55]TIMES:845 SERIAL0:153 4498 2155
[2019-11-06 16:04:55]TIMES:845 rmnet0:72300 740 0 0 0 0 0 0 78812 780 0 0 0 0 0 0
[2019-11-06 16:04:55]TIMES:845 rmnet_data1:53416 629 0 0 0 0 0 0 70712 672 0 0 0 0 0 0
[2019-11-06 16:04:55]TIMES:845 rmnet_data0:12855 111 0 0 0 0 0 0 8100 108 0 0 0 0 0 0
[2019-11-06 16:04:55]TIMES:845 NET MODE:5 -67 -105
[2019-11-06 16:05:00]TIMES:850 CPU USE:15 3 12 0
[2019-11-06 16:05:00]TIMES:850 CPU0 USE:15 3 12 0
[2019-11-06 16:05:00]TIMES:850 SERIAL0:153 4512 2165
[2019-11-06 16:05:00]TIMES:850 rmnet0:72760 745 0 0 0 0 0 0 79252 785 0 0 0 0 0 0
[2019-11-06 16:05:00]TIMES:850 rmnet_data1:53836 634 0 0 0 0 0 0 71152 677 0 0 0 0 0 0
[2019-11-06 16:05:05]TIMES:855 ZONE3 TEMP:43
[2019-11-06 16:05:05]TIMES:855 ZONE4 TEMP:41
[2019-11-06 16:05:05]TIMES:855 SERIAL0:153 4550 2178
[2019-11-06 16:05:05]TIMES:855 rmnet0:73220 750 0 0 0 0 0 0 79692 790 0 0 0 0 0 0
[2019-11-06 16:05:05]TIMES:855 rmnet_data1:54256 639 0 0 0 0 0 0 71592 682 0 0 0 0 0 0
[2019-11-06 16:05:10]TIMES:860 ZONE3 TEMP:44
[2019-11-06 16:05:10]TIMES:860 ZONE4 TEMP:42
[2019-11-06 16:05:10]TIMES:860 MEM FREE:93 30
[2019-11-06 16:05:10]TIMES:860 CPU USE:16 2 14 0
[2019-11-06 16:05:10]TIMES:860 CPU0 USE:16 2 14 0
[2019-11-06 16:05:10]TIMES:860 SERIAL0:153 4564 2188
[2019-11-06 16:05:10]TIMES:860 rmnet0:73680 755 0 0 0 0 0 0 80132 795 0 0 0 0 0 0
[2019-11-06 16:05:10]TIMES:860 rmnet_data1:54676 644 0 0 0 0 0 0 72032 687 0 0 0 0 0 0
[2019-11-06 16:05:15]TIMES:865 ZONE3 TEMP:43
[2019-11-06 16:05:15]TIMES:865 CPU USE:13 2 11 0
[2019-11-06 16:05:15]TIMES:865 CPU0 USE:13 2 11 0
[2019-11-06 16:05:15]TIMES:865 SERIAL0:153 4602 2201
[2019-11-06 16:05:15]TIMES:865 rmnet0:74220 761 0 0 0 0 0 0 80692 802 0 0 0 0 0 0
[2019-11-06 16:05:15]TIMES:865 rmnet_data1:55167 650 0 0 0 0 0 0 72592 694 0 0 0 0 0 0
[2019-11-06 16:05:20]TIMES:870 ZONE4 TEMP:41
[2019-11-06 16:05:20]TIMES:870 MEM FREE:93 31
[2019-11-06 16:05:20]TIMES:870 CPU USE:15 4 11 0
[2019-11-06 16:05:20]TIMES:870 CPU0 USE:15 4 11 0
[2019-11-06 16:05:20]TIMES:870 SERIAL0:153 4616 2211
[2019-11-06 16:05:20]TIMES:870 rmnet0:74680 766 0 0 0 0 0 0 81132 807 0 0 0 0 0 0
[2019-11-06 16:05:20]TIMES:870 rmnet_data1:55587 655 0 0 0 0 0 0 73032 699 0 0 0 0 0 0
[2019-11-06 16:05:25]TIMES:875 CPU USE:16 3 13 0
[2019-11-06 16:05:25]TIMES:875 CPU0 USE:16 3 13 0
[2019-11-06 16:05:25]TIMES:875 SERIAL0:153 4654 2224
[2019-11-06 16:05:25]TIMES:875 rmnet0:75140 771 0 0 0 0 0 0 81572 812 0 0 0 0 0 0
[2019-11-06 16:05:25]TIMES:875 rmnet_data1:56007 660 0 0 0 0 0 0 73472 704 0 0 0 0 0 0
[2019-11-06 16:05:25]TIMES:875 NET MODE:5 -72 -104
[2019-11-06 16:05:30]TIMES:880 ZONE3 TEMP:44
[2019-11-06 16:05:30]TIMES:880 CPU USE:29 6 23 0
[2019-11-06 16:05:30]TIMES:880 CPU0 USE:29 6 23 0
[2019-11-06 16:05:30]TIMES:880 SERIAL0:153 4668 2234
[2019-11-06 16:05:30]TIMES:880 rmnet0:75864 778 0 0 0 0 0 0 82148 819 0 0 0 0 0 0
[2019-11-06 16:05:30]TIMES:880 rmnet_data1:56427 665 0 0 0 0 0 0 73912 709 0 0 0 0 0 0
[2019-11-06 16:05:30]TIMES:880 rmnet_data0:13103 113 0 0 0 0 0 0 8236 110 0 0 0 0 0 0
[2019-11-06 16:05:35]TIMES:885 ZONE3 TEMP:43
[2019-11-06 16:05:35]TIMES:885 CPU USE:16 3 13 0
[2019-11-06 16:05:35]TIMES:885 CPU0 USE:16 3 13 0
[2019-11-06 16:05:35]TIMES:885 SERIAL0:153 4706 2247
[2019-11-06 16:05:35]TIMES:885 rmnet0:76324 783 0 0 0 0 0 0 82588 824 0 0 0 0 0 0
[2019-11-06 16:05:35]TIMES:885 rmnet_data1:56847 670 0 0 0 0 0 0 74352 714 0 0 0 0 0 0
[2019-11-06 16:05:40]TIMES:890 CPU USE:15 2 13 0
[2019-11-06 16:05:40]TIMES:890 CPU0 USE:15 2 13 0
[2019-11-06 16:05:40]TIMES:890 SERIAL0:153 4720 2257
[2019-11-06 16:05:40]TIMES:890 rmnet0:76864 789 0 0 0 0 0 0 83148 831 0 0 0 0 0 0
[2019-11-06 16:05:40]TIMES:890 rmnet_data1:57338 676 0 0 0 0 0 0 74912 721 0 0 0 0 0 0
[2019-11-06 16:05:45]TIMES:895 CPU USE:17 3 14 0
[2019-11-06 16:05:45]TIMES:895 CPU0 USE:17 3 14 0
[2019-11-06 16:05:46]TIMES:895 SERIAL0:153 4744 2270
[2019-11-06 16:05:46]TIMES:895 rmnet0:77324 794 0 0 0 0 0 0 83588 836 0 0 0 0 0 0
[2019-11-06 16:05:46]TIMES:895 rmnet_data1:57758 681 0 0 0 0 0 0 75352 726 0 0 0 0 0 0
[2019-11-06 16:05:46]TIMES:895 NET MODE:5 -66 -103
[2019-11-06 16:05:51]TIMES:900 CPU USE:13 2 11 0
[2019-11-06 16:05:51]TIMES:900 CPU0 USE:13 2 11 0
[2019-11-06 16:05:51]TIMES:900 SERIAL0:153 4772 2280
[2019-11-06 16:05:51]TIMES:900 rmnet0:77832 800 0 0 0 0 0 0 84936 842 0 0 0 0 0 0
[2019-11-06 16:05:51]TIMES:900 rmnet_data1:58218 687 0 0 0 0 0 0 76700 732 0 0 0 0 0 0
[2019-11-06 16:05:51]TIMES:900 NET MODE:5 -71 -103
[2019-11-06 16:05:56]TIMES:905 CPU USE:16 4 12 0
[2019-11-06 16:05:56]TIMES:905 CPU0 USE:16 4 12 0
[2019-11-06 16:05:56]TIMES:905 SERIAL0:153 4796 2293
[2019-11-06 16:05:56]TIMES:905 rmnet0:78292 805 0 0 0 0 0 0 85376 847 0 0 0 0 0 0
[2019-11-06 16:05:56]TIMES:905 rmnet_data1:58638 692 0 0 0 0 0 0 77140 737 0 0 0 0 0 0
[2019-11-06 16:06:01]TIMES:910 ZONE3 TEMP:44
[2019-11-06 16:06:01]TIMES:910 ZONE4 TEMP:42
[2019-11-06 16:06:01]TIMES:910 CPU USE:28 5 23 0
[2019-11-06 16:06:01]TIMES:910 CPU0 USE:28 5 23 0
[2019-11-06 16:06:01]TIMES:910 SERIAL0:153 4824 2303
[2019-11-06 16:06:01]TIMES:910 rmnet0:79144 814 0 0 0 0 0 0 86072 856 0 0 0 0 0 0
[2019-11-06 16:06:01]TIMES:910 rmnet_data1:59169 699 0 0 0 0 0 0 77700 744 0 0 0 0 0 0
[2019-11-06 16:06:01]TIMES:910 rmnet_data0:13351 115 0 0 0 0 0 0 8372 112 0 0 0 0 0 0
[2019-11-06 16:06:06]TIMES:915 ZONE3 TEMP:43
[2019-11-06 16:06:06]TIMES:915 CPU USE:15 3 12 0
[2019-11-06 16:06:06]TIMES:915 CPU0 USE:15 3 12 0
[2019-11-06 16:06:06]TIMES:915 SERIAL0:153 4848 2316
[2019-11-06 16:06:06]TIMES:915 rmnet0:79604 819 0 0 0 0 0 0 86512 861 0 0 0 0 0 0
[2019-11-06 16:06:06]TIMES:915 rmnet_data1:59589 704 0 0 0 0 0 0 78140 749 0 0 0 0 0 0
[2019-11-06 16:06:11]TIMES:920 CPU USE:14 3 11 0
[2019-11-06 16:06:11]TIMES:920 CPU0 USE:14 3 11 0
[2019-11-06 16:06:11]TIMES:920 SERIAL0:153 4876 2326
[2019-11-06 16:06:11]TIMES:920 rmnet0:80064 824 0 0 0 0 0 0 86952 866 0 0 0 0 0 0
[2019-11-06 16:06:11]TIMES:920 rmnet_data1:60009 709 0 0 0 0 0 0 78580 754 0 0 0 0 0 0
[2019-11-06 16:06:16]TIMES:925 ZONE4 TEMP:41
[2019-11-06 16:06:16]TIMES:925 CPU USE:17 2 15 0
[2019-11-06 16:06:16]TIMES:925 CPU0 USE:17 2 15 0
[2019-11-06 16:06:16]TIMES:925 SERIAL0:153 4900 2339
[2019-11-06 16:06:16]TIMES:925 rmnet0:80524 829 0 0 0 0 0 0 87480 872 0 0 0 0 0 0
[2019-11-06 16:06:16]TIMES:925 rmnet_data1:60429 714 0 0 0 0 0 0 79108 760 0 0 0 0 0 0
[2019-11-06 16:06:21]TIMES:930 CPU USE:13 3 10 0
[2019-11-06 16:06:21]TIMES:930 CPU0 USE:13 3 10 0
[2019-11-06 16:06:21]TIMES:930 SERIAL0:153 4928 2349
[2019-11-06 16:06:21]TIMES:930 rmnet0:80972 834 0 0 0 0 0 0 87864 877 0 0 0 0 0 0
[2019-11-06 16:06:21]TIMES:930 rmnet_data1:60836 719 0 0 0 0 0 0 79492 765 0 0 0 0 0 0
[2019-11-06 16:06:26]TIMES:935 ZONE4 TEMP:42
[2019-11-06 16:06:26]TIMES:935 CPU USE:17 3 14 0
[2019-11-06 16:06:26]TIMES:935 CPU0 USE:17 3 14 0
[2019-11-06 16:06:26]TIMES:935 SERIAL0:153 4952 2362
[2019-11-06 16:06:26]TIMES:935 NET MODE:5 -66 -104
[2019-11-06 16:06:31]TIMES:940 ZONE0 TEMP:45
[2019-11-06 16:06:31]TIMES:940 ZONE3 TEMP:44
[2019-11-06 16:06:31]TIMES:940 CPU USE:25 5 20 0
[2019-11-06 16:06:31]TIMES:940 CPU0 USE:25 5 20 0
[2019-11-06 16:06:31]TIMES:940 SERIAL0:153 4980 2372
[2019-11-06 16:06:31]TIMES:940 rmnet0:81060 835 0 0 0 0 0 0 88000 879 0 0 0 0 0 0
[2019-11-06 16:06:31]TIMES:940 rmnet_data0:13429 116 0 0 0 0 0 0 8508 114 0 0 0 0 0 0
[2019-11-06 16:06:36]TIMES:945 ZONE0 TEMP:44
[2019-11-06 16:06:36]TIMES:945 ZONE3 TEMP:43
[2019-11-06 16:06:36]TIMES:945 ZONE4 TEMP:41
[2019-11-06 16:06:36]TIMES:945 CPU USE:29 5 24 0
[2019-11-06 16:06:36]TIMES:945 CPU0 USE:29 5 24 0
[2019-11-06 16:06:36]TIMES:945 SERIAL0:153 5004 2385
[2019-11-06 16:06:36]TIMES:945 rmnet0:81692 841 0 0 0 0 0 0 88356 884 0 0 0 0 0 0
[2019-11-06 16:06:36]TIMES:945 rmnet_data0:14007 122 0 0 0 0 0 0 8864 119 0 0 0 0 0 0
[2019-11-06 16:06:36]TIMES:945 NET MODE:5 -73 -104
[2019-11-06 16:06:41]TIMES:950 CPU USE:14 3 11 0
[2019-11-06 16:06:41]TIMES:950 CPU0 USE:14 3 11 0
[2019-11-06 16:06:41]TIMES:950 SERIAL0:153 5018 2395
[2019-11-06 16:06:41]TIMES:950 rmnet0:81772 842 0 0 0 0 0 0 88476 886 0 0 0 0 0 0
[2019-11-06 16:06:41]TIMES:950 rmnet_data1:60907 720 0 0 0 0 0 0 79612 767 0 0 0 0 0 0
[2019-11-06 16:06:41]TIMES:950 NET MODE:5 -69 -104
[2019-11-06 16:06:46]TIMES:955 ZONE3 TEMP:44
[2019-11-06 16:06:46]TIMES:955 CPU USE:19 2 17 0
[2019-11-06 16:06:46]TIMES:955 CPU0 USE:19 2 17 0
[2019-11-06 16:06:46]TIMES:955 SERIAL0:153 5056 2408
[2019-11-06 16:06:51]TIMES:960 ZONE3 TEMP:43
[2019-11-06 16:06:51]TIMES:960 CPU USE:14 3 11 0
[2019-11-06 16:06:51]TIMES:960 CPU0 USE:14 3 11 0
[2019-11-06 16:06:51]TIMES:960 SERIAL0:153 5070 2418
[2019-11-06 16:06:51]TIMES:960 rmnet0:82004 845 0 0 0 0 0 0 89560 889 0 0 0 0 0 0
[2019-11-06 16:06:51]TIMES:960 rmnet_data1:61115 723 0 0 0 0 0 0 80696 770 0 0 0 0 0 0
[2019-11-06 16:06:56]TIMES:965 ZONE5 TEMP:42
[2019-11-06 16:06:56]TIMES:965 CPU USE:17 2 15 0
[2019-11-06 16:06:56]TIMES:965 CPU0 USE:17 2 15 0
[2019-11-06 16:06:56]TIMES:965 SERIAL0:153 5108 2431
[2019-11-06 16:06:56]TIMES:965 rmnet0:82464 850 0 0 0 0 0 0 90000 894 0 0 0 0 0 0
[2019-11-06 16:06:56]TIMES:965 rmnet_data1:61535 728 0 0 0 0 0 0 81136 775 0 0 0 0 0 0
[2019-11-06 16:07:01]TIMES:970 ZONE3 TEMP:44
[2019-11-06 16:07:01]TIMES:970 ZONE4 TEMP:42
[2019-11-06 16:07:01]TIMES:970 ZONE5 TEMP:43
[2019-11-06 16:07:01]TIMES:970 CPU USE:21 5 16 0
[2019-11-06 16:07:01]TIMES:970 CPU0 USE:21 5 16 0
[2019-11-06 16:07:01]TIMES:970 SERIAL0:153 5122 2441
[2019-11-06 16:07:01]TIMES:970 rmnet0:83236 859 0 0 0 0 0 0 90704 903 0 0 0 0 0 0
[2019-11-06 16:07:01]TIMES:970 rmnet_data1:62066 735 0 0 0 0 0 0 81696 782 0 0 0 0 0 0
[2019-11-06 16:07:01]TIMES:970 rmnet_data0:14175 124 0 0 0 0 0 0 9008 121 0 0 0 0 0 0
[2019-11-06 16:07:01]TIMES:970 NET MODE:5 -73 -104
[2019-11-06 16:07:06]TIMES:975 ZONE4 TEMP:41
[2019-11-06 16:07:06]TIMES:975 CPU USE:29 7 22 0
[2019-11-06 16:07:06]TIMES:975 CPU0 USE:29 7 22 0
[2019-11-06 16:07:06]TIMES:975 SERIAL0:153 5160 2454
[2019-11-06 16:07:06]TIMES:975 rmnet0:83960 866 0 0 0 0 0 0 91280 910 0 0 0 0 0 0
[2019-11-06 16:07:06]TIMES:975 rmnet_data1:62486 740 0 0 0 0 0 0 82136 787 0 0 0 0 0 0
[2019-11-06 16:07:06]TIMES:975 rmnet_data0:14423 126 0 0 0 0 0 0 9144 123 0 0 0 0 0 0
[2019-11-06 16:07:06]TIMES:975 NET MODE:5 -69 -104
[2019-11-06 16:07:11]TIMES:980 CPU USE:16 2 14 0
[2019-11-06 16:07:11]TIMES:980 CPU0 USE:16 2 14 0
[2019-11-06 16:07:11]TIMES:980 SERIAL0:153 5174 2464
[2019-11-06 16:07:11]TIMES:980 rmnet0:84420 871 0 0 0 0 0 0 91720 915 0 0 0 0 0 0
[2019-11-06 16:07:11]TIMES:980 rmnet_data1:62906 745 0 0 0 0 0 0 82576 792 0 0 0 0 0 0
[2019-11-06 16:07:16]TIMES:985 ZONE4 TEMP:42
[2019-11-06 16:07:16]TIMES:985 CPU USE:15 3 12 0
[2019-11-06 16:07:16]TIMES:985 CPU0 USE:15 3 12 0
[2019-11-06 16:07:16]TIMES:985 SERIAL0:153 5212 2477
[2019-11-06 16:07:16]TIMES:985 rmnet0:84880 876 0 0 0 0 0 0 92160 920 0 0 0 0 0 0
[2019-11-06 16:07:16]TIMES:985 rmnet_data1:63326 750 0 0 0 0 0 0 83016 797 0 0 0 0 0 0
[2019-11-06 16:07:21]TIMES:990 ZONE4 TEMP:41
[2019-11-06 16:07:21]TIMES:990 CPU USE:14 2 12 0
[2019-11-06 16:07:21]TIMES:990 CPU0 USE:14 2 12 0
[2019-11-06 16:07:21]TIMES:990 SERIAL0:153 5226 2487
[2019-11-06 16:07:21]TIMES:990 rmnet0:85248 880 0 0 0 0 0 0 92600 925 0 0 0 0 0 0
[2019-11-06 16:07:21]TIMES:990 rmnet_data1:63662 754 0 0 0 0 0 0 83456 802 0 0 0 0 0 0
[2019-11-06 16:07:26]TIMES:995 ZONE4 TEMP:42
[2019-11-06 16:07:26]TIMES:995 CPU USE:16 2 14 0
[2019-11-06 16:07:26]TIMES:995 CPU0 USE:16 2 14 0
[2019-11-06 16:07:26]TIMES:995 SERIAL0:153 5250 2500
[2019-11-06 16:07:26]TIMES:995 rmnet0:85880 887 0 0 0 0 0 0 93160 932 0 0 0 0 0 0
[2019-11-06 16:07:26]TIMES:995 rmnet_data1:64237 761 0 0 0 0 0 0 84016 809 0 0 0 0 0 0
[2019-11-06 16:07:31]TIMES:1000 CPU USE:15 2 13 0
[2019-11-06 16:07:31]TIMES:1000 CPU0 USE:15 2 13 0
[2019-11-06 16:07:31]TIMES:1000 SERIAL0:153 5278 2510
[2019-11-06 16:07:31]TIMES:1000 rmnet0:86340 892 0 0 0 0 0 0 93600 937 0 0 0 0 0 0
[2019-11-06 16:07:31]TIMES:1000 rmnet_data1:64657 766 0 0 0 0 0 0 84456 814 0 0 0 0 0 0
[2019-11-06 16:07:36]TIMES:1005 MEM FREE:93 30
[2019-11-06 16:07:36]TIMES:1005 CPU USE:21 6 15 0
[2019-11-06 16:07:36]TIMES:1005 CPU0 USE:21 6 15 0
[2019-11-06 16:07:36]TIMES:1005 SERIAL0:153 5302 2523
[2019-11-06 16:07:36]TIMES:1005 rmnet0:86800 897 0 0 0 0 0 0 94040 942 0 0 0 0 0 0
[2019-11-06 16:07:36]TIMES:1005 rmnet_data1:65077 771 0 0 0 0 0 0 84896 819 0 0 0 0 0 0
[2019-11-06 16:07:41]TIMES:1010 ZONE4 TEMP:41
[2019-11-06 16:07:41]TIMES:1010 MEM FREE:93 31
[2019-11-06 16:07:41]TIMES:1010 CPU USE:21 4 17 0
[2019-11-06 16:07:41]TIMES:1010 CPU0 USE:21 4 17 0
[2019-11-06 16:07:41]TIMES:1010 SERIAL0:153 5330 2533
[2019-11-06 16:07:41]TIMES:1010 rmnet0:87524 904 0 0 0 0 0 0 94616 949 0 0 0 0 0 0
[2019-11-06 16:07:41]TIMES:1010 rmnet_data1:65497 776 0 0 0 0 0 0 85336 824 0 0 0 0 0 0
[2019-11-06 16:07:41]TIMES:1010 rmnet_data0:14671 128 0 0 0 0 0 0 9280 125 0 0 0 0 0 0
[2019-11-06 16:07:46]TIMES:1015 ZONE4 TEMP:42
[2019-11-06 16:07:46]TIMES:1015 CPU USE:17 4 13 0
[2019-11-06 16:07:46]TIMES:1015 CPU0 USE:17 4 13 0
[2019-11-06 16:07:46]TIMES:1015 SERIAL0:153 5354 2546
[2019-11-06 16:07:46]TIMES:1015 rmnet0:88064 910 0 0 0 0 0 0 95176 956 0 0 0 0 0 0
[2019-11-06 16:07:46]TIMES:1015 rmnet_data1:65988 782 0 0 0 0 0 0 85896 831 0 0 0 0 0 0
[2019-11-06 16:07:51]TIMES:1020 ZONE3 TEMP:43
[2019-11-06 16:07:51]TIMES:1020 CPU USE:14 3 11 0
[2019-11-06 16:07:51]TIMES:1020 CPU0 USE:14 3 11 0
[2019-11-06 16:07:51]TIMES:1020 SERIAL0:153 5382 2556
[2019-11-06 16:07:51]TIMES:1020 rmnet0:88572 916 0 0 0 0 0 0 96524 962 0 0 0 0 0 0
[2019-11-06 16:07:51]TIMES:1020 rmnet_data1:66448 788 0 0 0 0 0 0 87244 837 0 0 0 0 0 0
[2019-11-06 16:07:56]TIMES:1025 ZONE3 TEMP:44
[2019-11-06 16:07:56]TIMES:1025 CPU USE:14 2 12 0
[2019-11-06 16:07:56]TIMES:1025 CPU0 USE:14 2 12 0
[2019-11-06 16:07:56]TIMES:1025 SERIAL0:153 5406 2569
[2019-11-06 16:07:56]TIMES:1025 rmnet0:89032 921 0 0 0 0 0 0 96964 967 0 0 0 0 0 0
[2019-11-06 16:07:56]TIMES:1025 rmnet_data1:66868 793 0 0 0 0 0 0 87684 842 0 0 0 0 0 0
[2019-11-06 16:08:01]TIMES:1030 CPU USE:15 2 13 0
[2019-11-06 16:08:01]TIMES:1030 CPU0 USE:15 2 13 0
[2019-11-06 16:08:01]TIMES:1030 SERIAL0:153 5434 2579
[2019-11-06 16:08:01]TIMES:1030 rmnet0:89492 926 0 0 0 0 0 0 97404 972 0 0 0 0 0 0
[2019-11-06 16:08:01]TIMES:1030 rmnet_data1:67288 798 0 0 0 0 0 0 88124 847 0 0 0 0 0 0
[2019-11-06 16:08:01]TIMES:1030 NET MODE:5 -73 -104
[2019-11-06 16:08:06]TIMES:1035 ZONE4 TEMP:41
[2019-11-06 16:08:06]TIMES:1035 CPU USE:17 3 14 0
[2019-11-06 16:08:06]TIMES:1035 CPU0 USE:17 3 14 0
[2019-11-06 16:08:06]TIMES:1035 SERIAL0:153 5458 2592
[2019-11-06 16:08:06]TIMES:1035 rmnet0:90080 933 0 0 0 0 0 0 97964 979 0 0 0 0 0 0
[2019-11-06 16:08:06]TIMES:1035 rmnet_data1:67819 805 0 0 0 0 0 0 88684 854 0 0 0 0 0 0
[2019-11-06 16:08:06]TIMES:1035 NET MODE:5 -68 -103
[2019-11-06 16:08:11]TIMES:1040 ZONE4 TEMP:42
[2019-11-06 16:08:11]TIMES:1040 CPU USE:29 5 24 0
[2019-11-06 16:08:11]TIMES:1040 CPU0 USE:29 5 24 0
[2019-11-06 16:08:11]TIMES:1040 SERIAL0:153 5472 2602
[2019-11-06 16:08:11]TIMES:1040 rmnet0:90804 940 0 0 0 0 0 0 98540 986 0 0 0 0 0 0
[2019-11-06 16:08:11]TIMES:1040 rmnet_data1:68239 810 0 0 0 0 0 0 89124 859 0 0 0 0 0 0
[2019-11-06 16:08:11]TIMES:1040 rmnet_data0:14919 130 0 0 0 0 0 0 9416 127 0 0 0 0 0 0
[2019-11-06 16:08:11]TIMES:1040 NET MODE:5 -72 -104
[2019-11-06 16:08:16]TIMES:1045 CPU USE:17 3 14 0
[2019-11-06 16:08:16]TIMES:1045 CPU0 USE:17 3 14 0
[2019-11-06 16:08:16]TIMES:1045 SERIAL0:153 5510 2615
[2019-11-06 16:08:16]TIMES:1045 rmnet0:91264 945 0 0 0 0 0 0 98980 991 0 0 0 0 0 0
[2019-11-06 16:08:16]TIMES:1045 rmnet_data1:68659 815 0 0 0 0 0 0 89564 864 0 0 0 0 0 0
[2019-11-06 16:08:21]TIMES:1050 CPU USE:14 3 11 0
[2019-11-06 16:08:21]TIMES:1050 CPU0 USE:14 3 11 0
[2019-11-06 16:08:21]TIMES:1050 SERIAL0:153 5524 2625
[2019-11-06 16:08:21]TIMES:1050 rmnet0:91540 948 0 0 0 0 0 0 99244 994 0 0 0 0 0 0
[2019-11-06 16:08:21]TIMES:1050 rmnet_data1:68911 818 0 0 0 0 0 0 89828 867 0 0 0 0 0 0
[2019-11-06 16:08:26]TIMES:1055 CPU USE:16 3 13 0
[2019-11-06 16:08:26]TIMES:1055 CPU0 USE:16 3 13 0
[2019-11-06 16:08:26]TIMES:1055 SERIAL0:153 5562 2638
[2019-11-06 16:08:26]TIMES:1055 rmnet0:91620 949 0 0 0 0 0 0 99364 996 0 0 0 0 0 0
[2019-11-06 16:08:26]TIMES:1055 rmnet_data1:68982 819 0 0 0 0 0 0 89948 869 0 0 0 0 0 0
[2019-11-06 16:08:31]TIMES:1060 CPU USE:14 2 12 0
[2019-11-06 16:08:31]TIMES:1060 CPU0 USE:14 2 12 0
[2019-11-06 16:08:31]TIMES:1060 SERIAL0:153 5576 2648
[2019-11-06 16:08:36]TIMES:1065 CPU USE:14 2 12 0
[2019-11-06 16:08:36]TIMES:1065 CPU0 USE:14 2 12 0
[2019-11-06 16:08:36]TIMES:1065 SERIAL0:153 5614 2661
[2019-11-06 16:08:41]TIMES:1070 ZONE2 TEMP:45
[2019-11-06 16:08:41]TIMES:1070 ZONE3 TEMP:43
[2019-11-06 16:08:41]TIMES:1070 ZONE4 TEMP:41
[2019-11-06 16:08:41]TIMES:1070 CPU USE:27 7 20 0
[2019-11-06 16:08:41]TIMES:1070 CPU0 USE:27 7 20 0
[2019-11-06 16:08:41]TIMES:1070 SERIAL0:153 5628 2671
[2019-11-06 16:08:41]TIMES:1070 rmnet0:91884 951 0 0 0 0 0 0 99500 998 0 0 0 0 0 0
[2019-11-06 16:08:41]TIMES:1070 rmnet_data0:15167 132 0 0 0 0 0 0 9552 129 0 0 0 0 0 0
[2019-11-06 16:08:41]TIMES:1070 NET MODE:5 -67 -102
[2019-11-06 16:08:46]TIMES:1075 ZONE2 TEMP:46
[2019-11-06 16:08:46]TIMES:1075 CPU USE:16 4 12 0
[2019-11-06 16:08:46]TIMES:1075 CPU0 USE:16 4 12 0
[2019-11-06 16:08:46]TIMES:1075 SERIAL0:153 5666 2684
[2019-11-06 16:08:46]TIMES:1075 rmnet0:91964 952 0 0 0 0 0 0 99620 1000 0 0 0 0 0 0
[2019-11-06 16:08:46]TIMES:1075 rmnet_data1:69053 820 0 0 0 0 0 0 90068 871 0 0 0 0 0 0
[2019-11-06 16:08:51]TIMES:1080 ZONE3 TEMP:44
[2019-11-06 16:08:51]TIMES:1080 ZONE4 TEMP:42
[2019-11-06 16:08:51]TIMES:1080 CPU USE:13 4 9 0
[2019-11-06 16:08:51]TIMES:1080 CPU0 USE:13 4 9 0
[2019-11-06 16:08:51]TIMES:1080 SERIAL0:153 5680 2694
[2019-11-06 16:08:51]TIMES:1080 rmnet0:92288 956 0 0 0 0 0 0 100764 1004 0 0 0 0 0 0
[2019-11-06 16:08:51]TIMES:1080 rmnet_data1:69261 823 0 0 0 0 0 0 91124 874 0 0 0 0 0 0
[2019-11-06 16:08:51]TIMES:1080 rmnet_data0:15251 133 0 0 0 0 0 0 9640 130 0 0 0 0 0 0
[2019-11-06 16:08:51]TIMES:1080 NET MODE:5 -71 -105
[2019-11-06 16:08:56]TIMES:1085 CPU USE:16 4 12 0
[2019-11-06 16:08:56]TIMES:1085 CPU0 USE:16 4 12 0
[2019-11-06 16:08:56]TIMES:1085 SERIAL0:153 5718 2707
[2019-11-06 16:08:56]TIMES:1085 rmnet0:92748 961 0 0 0 0 0 0 101204 1009 0 0 0 0 0 0
[2019-11-06 16:08:56]TIMES:1085 rmnet_data1:69681 828 0 0 0 0 0 0 91564 879 0 0 0 0 0 0
[2019-11-06 16:08:56]TIMES:1085 NET MODE:5 -67 -104
[2019-11-06 16:09:01]TIMES:1090 ZONE0 TEMP:45
[2019-11-06 16:09:01]TIMES:1090 MEM FREE:92 30
[2019-11-06 16:09:01]TIMES:1090 CPU USE:16 3 13 0
[2019-11-06 16:09:01]TIMES:1090 CPU0 USE:16 3 13 0
[2019-11-06 16:09:01]TIMES:1090 SERIAL0:153 5732 2717
[2019-11-06 16:09:01]TIMES:1090 rmnet0:93208 966 0 0 0 0 0 0 101644 1014 0 0 0 0 0 0
[2019-11-06 16:09:01]TIMES:1090 rmnet_data1:70101 833 0 0 0 0 0 0 92004 884 0 0 0 0 0 0
[2019-11-06 16:09:06]TIMES:1095 ZONE0 TEMP:44
[2019-11-06 16:09:06]TIMES:1095 MEM FREE:93 30
[2019-11-06 16:09:06]TIMES:1095 CPU USE:13 2 11 0
[2019-11-06 16:09:06]TIMES:1095 CPU0 USE:13 2 11 0
[2019-11-06 16:09:06]TIMES:1095 SERIAL0:153 5756 2730
[2019-11-06 16:09:06]TIMES:1095 rmnet0:93796 973 0 0 0 0 0 0 102204 1021 0 0 0 0 0 0
[2019-11-06 16:09:06]TIMES:1095 rmnet_data1:70632 840 0 0 0 0 0 0 92564 891 0 0 0 0 0 0
[2019-11-06 16:09:11]TIMES:1100 MEM FREE:93 31
[2019-11-06 16:09:11]TIMES:1100 CPU USE:17 2 15 0
[2019-11-06 16:09:11]TIMES:1100 CPU0 USE:17 2 15 0
[2019-11-06 16:09:11]TIMES:1100 SERIAL0:153 5784 2740
[2019-11-06 16:09:11]TIMES:1100 rmnet0:94256 978 0 0 0 0 0 0 102644 1026 0 0 0 0 0 0
[2019-11-06 16:09:11]TIMES:1100 rmnet_data1:71052 845 0 0 0 0 0 0 93004 896 0 0 0 0 0 0
[2019-11-06 16:09:11]TIMES:1100 NET MODE:5 -73 -104
[2019-11-06 16:09:16]TIMES:1105 CPU USE:29 6 23 0
[2019-11-06 16:09:16]TIMES:1105 CPU0 USE:29 6 23 0
[2019-11-06 16:09:16]TIMES:1105 SERIAL0:153 5808 2753
[2019-11-06 16:09:16]TIMES:1105 rmnet0:94980 985 0 0 0 0 0 0 103220 1033 0 0 0 0 0 0
[2019-11-06 16:09:16]TIMES:1105 rmnet_data1:71472 850 0 0 0 0 0 0 93444 901 0 0 0 0 0 0
[2019-11-06 16:09:16]TIMES:1105 rmnet_data0:15499 135 0 0 0 0 0 0 9776 132 0 0 0 0 0 0
[2019-11-06 16:09:21]TIMES:1110 CPU USE:15 2 13 0
[2019-11-06 16:09:21]TIMES:1110 CPU0 USE:15 2 13 0
[2019-11-06 16:09:21]TIMES:1110 SERIAL0:153 5836 2763
[2019-11-06 16:09:21]TIMES:1110 rmnet0:95440 990 0 0 0 0 0 0 103660 1038 0 0 0 0 0 0
[2019-11-06 16:09:21]TIMES:1110 rmnet_data1:71892 855 0 0 0 0 0 0 93884 906 0 0 0 0 0 0
[2019-11-06 16:09:21]TIMES:1110 NET MODE:5 -68 -104
[2019-11-06 16:09:26]TIMES:1115 CPU USE:17 3 14 0
[2019-11-06 16:09:26]TIMES:1115 CPU0 USE:17 3 14 0
[2019-11-06 16:09:26]TIMES:1115 SERIAL0:153 5860 2776
[2019-11-06 16:09:26]TIMES:1115 rmnet0:95900 995 0 0 0 0 0 0 104100 1043 0 0 0 0 0 0
[2019-11-06 16:09:26]TIMES:1115 rmnet_data1:72312 860 0 0 0 0 0 0 94324 911 0 0 0 0 0 0
[2019-11-06 16:09:31]TIMES:1120 ZONE6 TEMP:37
[2019-11-06 16:09:31]TIMES:1120 CPU USE:14 2 12 0
[2019-11-06 16:09:31]TIMES:1120 CPU0 USE:14 2 12 0
[2019-11-06 16:09:31]TIMES:1120 SERIAL0:153 5888 2786
[2019-11-06 16:09:31]TIMES:1120 rmnet0:96440 1001 0 0 0 0 0 0 104660 1050 0 0 0 0 0 0
[2019-11-06 16:09:31]TIMES:1120 rmnet_data1:72803 866 0 0 0 0 0 0 94884 918 0 0 0 0 0 0
[2019-11-06 16:09:36]TIMES:1125 ZONE6 TEMP:36
[2019-11-06 16:09:36]TIMES:1125 CPU USE:16 2 14 0
[2019-11-06 16:09:36]TIMES:1125 CPU0 USE:16 2 14 0
[2019-11-06 16:09:36]TIMES:1125 SERIAL0:153 5912 2799
[2019-11-06 16:09:36]TIMES:1125 rmnet0:96900 1006 0 0 0 0 0 0 105100 1055 0 0 0 0 0 0
[2019-11-06 16:09:36]TIMES:1125 rmnet_data1:73223 871 0 0 0 0 0 0 95324 923 0 0 0 0 0 0
[2019-11-06 16:09:41]TIMES:1130 ZONE6 TEMP:37
[2019-11-06 16:09:41]TIMES:1130 CPU USE:15 2 13 0
[2019-11-06 16:09:41]TIMES:1130 CPU0 USE:15 2 13 0
[2019-11-06 16:09:41]TIMES:1130 SERIAL0:153 5940 2809
[2019-11-06 16:09:41]TIMES:1130 rmnet0:97360 1011 0 0 0 0 0 0 105540 1060 0 0 0 0 0 0
[2019-11-06 16:09:41]TIMES:1130 rmnet_data1:73643 876 0 0 0 0 0 0 95764 928 0 0 0 0 0 0
[2019-11-06 16:09:46]TIMES:1135 ZONE0 TEMP:45
[2019-11-06 16:09:46]TIMES:1135 ZONE1 TEMP:44
[2019-11-06 16:09:46]TIMES:1135 ZONE2 TEMP:47
[2019-11-06 16:09:46]TIMES:1135 CPU USE:44 8 36 0
[2019-11-06 16:09:46]TIMES:1135 CPU0 USE:44 8 36 0
[2019-11-06 16:09:46]TIMES:1135 SERIAL0:153 5964 2822
[2019-11-06 16:09:46]TIMES:1135 rmnet0:98540 1023 0 0 0 0 0 0 106472 1072 0 0 0 0 0 0
[2019-11-06 16:09:46]TIMES:1135 rmnet_data1:74063 881 0 0 0 0 0 0 96204 933 0 0 0 0 0 0
[2019-11-06 16:09:46]TIMES:1135 rmnet_data0:16155 142 0 0 0 0 0 0 10268 139 0 0 0 0 0 0
[2019-11-06 16:09:51]TIMES:1140 ZONE1 TEMP:43
[2019-11-06 16:09:51]TIMES:1140 ZONE2 TEMP:46
[2019-11-06 16:09:51]TIMES:1140 CPU USE:14 2 12 0
[2019-11-06 16:09:51]TIMES:1140 CPU0 USE:14 2 12 0
[2019-11-06 16:09:51]TIMES:1140 SERIAL0:153 5978 2832
[2019-11-06 16:09:51]TIMES:1140 rmnet0:99128 1030 0 0 0 0 0 0 107940 1080 0 0 0 0 0 0
[2019-11-06 16:09:51]TIMES:1140 rmnet_data1:74594 888 0 0 0 0 0 0 97672 941 0 0 0 0 0 0
[2019-11-06 16:09:56]TIMES:1145 ZONE0 TEMP:44
[2019-11-06 16:09:56]TIMES:1145 ZONE1 TEMP:44
[2019-11-06 16:09:56]TIMES:1145 CPU USE:16 3 13 0
[2019-11-06 16:09:56]TIMES:1145 CPU0 USE:16 3 13 0
[2019-11-06 16:09:56]TIMES:1145 SERIAL0:153 6016 2845
[2019-11-06 16:09:56]TIMES:1145 rmnet0:99588 1035 0 0 0 0 0 0 108380 1085 0 0 0 0 0 0
[2019-11-06 16:09:56]TIMES:1145 rmnet_data1:75014 893 0 0 0 0 0 0 98112 946 0 0 0 0 0 0
[2019-11-06 16:10:01]TIMES:1150 CPU USE:15 3 12 0
[2019-11-06 16:10:01]TIMES:1150 CPU0 USE:15 3 12 0
[2019-11-06 16:10:01]TIMES:1150 SERIAL0:153 6030 2855
[2019-11-06 16:10:01]TIMES:1150 rmnet0:100048 1040 0 0 0 0 0 0 108820 1090 0 0 0 0 0 0
[2019-11-06 16:10:01]TIMES:1150 rmnet_data1:75434 898 0 0 0 0 0 0 98552 951 0 0 0 0 0 0
[2019-11-06 16:10:06]TIMES:1155 ZONE0 TEMP:45
[2019-11-06 16:10:06]TIMES:1155 ZONE2 TEMP:47
[2019-11-06 16:10:06]TIMES:1155 CPU USE:17 3 14 0
[2019-11-06 16:10:06]TIMES:1155 CPU0 USE:17 3 14 0
[2019-11-06 16:10:06]TIMES:1155 SERIAL0:153 6068 2868
[2019-11-06 16:10:06]TIMES:1155 rmnet0:100508 1045 0 0 0 0 0 0 109260 1095 0 0 0 0 0 0
[2019-11-06 16:10:06]TIMES:1155 rmnet_data1:75854 903 0 0 0 0 0 0 98992 956 0 0 0 0 0 0
[2019-11-06 16:10:11]TIMES:1160 ZONE4 TEMP:43
[2019-11-06 16:10:11]TIMES:1160 MEM FREE:93 30
[2019-11-06 16:10:11]TIMES:1160 CPU USE:16 2 14 0
[2019-11-06 16:10:11]TIMES:1160 CPU0 USE:16 2 14 0
[2019-11-06 16:10:11]TIMES:1160 SERIAL0:153 6082 2878
[2019-11-06 16:10:11]TIMES:1160 rmnet0:101280 1054 0 0 0 0 0 0 109964 1104 0 0 0 0 0 0
[2019-11-06 16:10:11]TIMES:1160 rmnet_data1:76385 910 0 0 0 0 0 0 99552 963 0 0 0 0 0 0
[2019-11-06 16:10:11]TIMES:1160 rmnet_data0:16323 144 0 0 0 0 0 0 10412 141 0 0 0 0 0 0
[2019-11-06 16:10:16]TIMES:1165 ZONE0 TEMP:44
[2019-11-06 16:10:16]TIMES:1165 ZONE1 TEMP:43
[2019-11-06 16:10:16]TIMES:1165 ZONE2 TEMP:46
[2019-11-06 16:10:16]TIMES:1165 ZONE4 TEMP:42
[2019-11-06 16:10:16]TIMES:1165 ZONE6 TEMP:36
[2019-11-06 16:10:16]TIMES:1165 MEM FREE:93 31
[2019-11-06 16:10:16]TIMES:1165 CPU USE:20 3 17 0
[2019-11-06 16:10:16]TIMES:1165 CPU0 USE:20 3 17 0
[2019-11-06 16:10:16]TIMES:1165 SERIAL0:153 6120 2891
[2019-11-06 16:10:16]TIMES:1165 rmnet0:101740 1059 0 0 0 0 0 0 110404 1109 0 0 0 0 0 0
[2019-11-06 16:10:16]TIMES:1165 rmnet_data1:76805 915 0 0 0 0 0 0 99992 968 0 0 0 0 0 0
[2019-11-06 16:10:21]TIMES:1170 CPU USE:27 5 22 0
[2019-11-06 16:10:21]TIMES:1170 CPU0 USE:27 5 22 0
[2019-11-06 16:10:21]TIMES:1170 SERIAL0:153 6134 2901
[2019-11-06 16:10:21]TIMES:1170 rmnet0:102280 1064 0 0 0 0 0 0 110804 1114 0 0 0 0 0 0
[2019-11-06 16:10:21]TIMES:1170 rmnet_data1:77057 918 0 0 0 0 0 0 100256 971 0 0 0 0 0 0
[2019-11-06 16:10:21]TIMES:1170 rmnet_data0:16571 146 0 0 0 0 0 0 10548 143 0 0 0 0 0 0
[2019-11-06 16:10:26]TIMES:1175 ZONE2 TEMP:47
[2019-11-06 16:10:26]TIMES:1175 CPU USE:15 3 12 0
[2019-11-06 16:10:26]TIMES:1175 CPU0 USE:15 3 12 0
[2019-11-06 16:10:26]TIMES:1175 SERIAL0:153 6172 2914
[2019-11-06 16:10:31]TIMES:1180 CPU USE:15 2 13 0
[2019-11-06 16:10:31]TIMES:1180 CPU0 USE:15 2 13 0
[2019-11-06 16:10:31]TIMES:1180 SERIAL0:153 6186 2924
[2019-11-06 16:10:31]TIMES:1180 rmnet0:102360 1065 0 0 0 0 0 0 110924 1116 0 0 0 0 0 0
[2019-11-06 16:10:31]TIMES:1180 rmnet_data1:77128 919 0 0 0 0 0 0 100376 973 0 0 0 0 0 0
[2019-11-06 16:10:31]TIMES:1180 NET MODE:5 -67 -100
[2019-11-06 16:10:36]TIMES:1185 ZONE0 TEMP:45
[2019-11-06 16:10:36]TIMES:1185 ZONE2 TEMP:46
[2019-11-06 16:10:36]TIMES:1185 CPU USE:18 3 15 0
[2019-11-06 16:10:36]TIMES:1185 CPU0 USE:18 3 15 0
[2019-11-06 16:10:36]TIMES:1185 SERIAL0:153 6224 2937
[2019-11-06 16:10:41]TIMES:1190 ZONE0 TEMP:44
[2019-11-06 16:10:41]TIMES:1190 CPU USE:15 2 13 0
[2019-11-06 16:10:41]TIMES:1190 CPU0 USE:15 2 13 0
[2019-11-06 16:10:41]TIMES:1190 SERIAL0:153 6238 2947
[2019-11-06 16:10:46]TIMES:1195 ZONE0 TEMP:41
[2019-11-06 16:10:46]TIMES:1195 ZONE1 TEMP:39
[2019-11-06 16:10:46]TIMES:1195 ZONE2 TEMP:42
[2019-11-06 16:10:46]TIMES:1195 ZONE3 TEMP:40
[2019-11-06 16:10:46]TIMES:1195 ZONE4 TEMP:39
[2019-11-06 16:10:46]TIMES:1195 CPU USE:16 2 14 0
[2019-11-06 16:10:46]TIMES:1195 CPU0 USE:16 2 14 0
[2019-11-06 16:10:46]TIMES:1195 SERIAL0:153 6262 2960
[2019-11-06 16:10:51]TIMES:1200 ZONE0 TEMP:44
[2019-11-06 16:10:51]TIMES:1200 ZONE1 TEMP:43
[2019-11-06 16:10:51]TIMES:1200 ZONE2 TEMP:46
[2019-11-06 16:10:51]TIMES:1200 ZONE3 TEMP:44
[2019-11-06 16:10:51]TIMES:1200 ZONE4 TEMP:42
[2019-11-06 16:10:51]TIMES:1200 MEM FREE:93 30
[2019-11-06 16:10:51]TIMES:1200 CPU USE:27 6 21 0
[2019-11-06 16:10:51]TIMES:1200 CPU0 USE:27 6 21 0
[2019-11-06 16:10:51]TIMES:1200 SERIAL0:153 6290 2970
[2019-11-06 16:10:51]TIMES:1200 rmnet0:102984 1072 0 0 0 0 0 0 112264 1123 0 0 0 0 0 0
[2019-11-06 16:10:51]TIMES:1200 rmnet_data1:77447 924 0 0 0 0 0 0 101580 978 0 0 0 0 0 0
[2019-11-06 16:10:51]TIMES:1200 rmnet_data0:16819 148 0 0 0 0 0 0 10684 145 0 0 0 0 0 0
[2019-11-06 16:10:51]TIMES:1200 NET MODE:5 -72 -103
[2019-11-06 16:10:57]TIMES:1205 ZONE3 TEMP:43
[2019-11-06 16:10:57]TIMES:1205 ZONE4 TEMP:41
[2019-11-06 16:10:57]TIMES:1205 MEM FREE:93 31
[2019-11-06 16:10:57]TIMES:1205 CPU USE:14 3 11 0
[2019-11-06 16:10:57]TIMES:1205 CPU0 USE:14 3 11 0
[2019-11-06 16:10:57]TIMES:1205 SERIAL0:153 6330 2983
[2019-11-06 16:10:57]TIMES:1205 rmnet0:103444 1077 0 0 0 0 0 0 112704 1128 0 0 0 0 0 0
[2019-11-06 16:10:57]TIMES:1205 rmnet_data1:77867 929 0 0 0 0 0 0 102020 983 0 0 0 0 0 0
[2019-11-06 16:11:02]TIMES:1210 ZONE3 TEMP:44
[2019-11-06 16:11:02]TIMES:1210 ZONE4 TEMP:42
[2019-11-06 16:11:02]TIMES:1210 CPU USE:14 2 12 0
[2019-11-06 16:11:02]TIMES:1210 CPU0 USE:14 2 12 0
[2019-11-06 16:11:02]TIMES:1210 SERIAL0:153 6358 2993
[2019-11-06 16:11:02]TIMES:1210 rmnet0:103904 1082 0 0 0 0 0 0 113144 1133 0 0 0 0 0 0
[2019-11-06 16:11:02]TIMES:1210 rmnet_data1:78287 934 0 0 0 0 0 0 102460 988 0 0 0 0 0 0
[2019-11-06 16:11:02]TIMES:1210 NET MODE:5 -66 -105
[2019-11-06 16:11:07]TIMES:1215 ZONE5 TEMP:69
[2019-11-06 16:11:07]TIMES:1215 CPU USE:15 3 12 0
[2019-11-06 16:11:07]TIMES:1215 CPU0 USE:15 3 12 0
[2019-11-06 16:11:07]TIMES:1215 SERIAL0:153 6382 3006
[2019-11-06 16:11:07]TIMES:1215 rmnet0:104364 1087 0 0 0 0 0 0 113584 1138 0 0 0 0 0 0
[2019-11-06 16:11:07]TIMES:1215 rmnet_data1:78707 939 0 0 0 0 0 0 102900 993 0 0 0 0 0 0
[2019-11-06 16:11:07]TIMES:1215 NET MODE:5 -68 -101
[2019-11-06 16:11:12]TIMES:1220 ZONE5 TEMP:43
[2019-11-06 16:11:12]TIMES:1220 CPU USE:15 2 13 0
[2019-11-06 16:11:12]TIMES:1220 CPU0 USE:15 2 13 0
[2019-11-06 16:11:12]TIMES:1220 SERIAL0:153 6410 3016
[2019-11-06 16:11:12]TIMES:1220 rmnet0:104824 1092 0 0 0 0 0 0 114024 1143 0 0 0 0 0 0
[2019-11-06 16:11:12]TIMES:1220 rmnet_data1:79127 944 0 0 0 0 0 0 103340 998 0 0 0 0 0 0
[2019-11-06 16:11:17]TIMES:1225 ZONE5 TEMP:74
[2019-11-06 16:11:17]TIMES:1225 CPU USE:18 3 15 0
[2019-11-06 16:11:17]TIMES:1225 CPU0 USE:18 3 15 0
[2019-11-06 16:11:17]TIMES:1225 SERIAL0:153 6434 3029
[2019-11-06 16:11:17]TIMES:1225 rmnet0:105364 1098 0 0 0 0 0 0 114584 1150 0 0 0 0 0 0
[2019-11-06 16:11:17]TIMES:1225 rmnet_data1:79618 950 0 0 0 0 0 0 103900 1005 0 0 0 0 0 0
[2019-11-06 16:11:22]TIMES:1230 ZONE0 TEMP:45
[2019-11-06 16:11:22]TIMES:1230 ZONE5 TEMP:43
[2019-11-06 16:11:22]TIMES:1230 MEM FREE:92 30
[2019-11-06 16:11:22]TIMES:1230 CPU USE:27 6 21 0
[2019-11-06 16:11:22]TIMES:1230 CPU0 USE:27 6 21 0
[2019-11-06 16:11:22]TIMES:1230 SERIAL0:153 6462 3039
[2019-11-06 16:11:22]TIMES:1230 rmnet0:106088 1105 0 0 0 0 0 0 115160 1157 0 0 0 0 0 0
[2019-11-06 16:11:22]TIMES:1230 rmnet_data1:80038 955 0 0 0 0 0 0 104340 1010 0 0 0 0 0 0
[2019-11-06 16:11:22]TIMES:1230 rmnet_data0:17067 150 0 0 0 0 0 0 10820 147 0 0 0 0 0 0
[2019-11-06 16:11:27]TIMES:1235 ZONE0 TEMP:44
[2019-11-06 16:11:27]TIMES:1235 MEM FREE:93 31
[2019-11-06 16:11:27]TIMES:1235 CPU USE:14 2 12 0
[2019-11-06 16:11:27]TIMES:1235 CPU0 USE:14 2 12 0
[2019-11-06 16:11:27]TIMES:1235 SERIAL0:153 6486 3052
[2019-11-06 16:11:27]TIMES:1235 rmnet0:106548 1110 0 0 0 0 0 0 115600 1162 0 0 0 0 0 0
[2019-11-06 16:11:27]TIMES:1235 rmnet_data1:80458 960 0 0 0 0 0 0 104780 1015 0 0 0 0 0 0
[2019-11-06 16:11:32]TIMES:1240 CPU USE:15 3 12 0
[2019-11-06 16:11:32]TIMES:1240 CPU0 USE:15 3 12 0
[2019-11-06 16:11:32]TIMES:1240 SERIAL0:153 6500 3062
[2019-11-06 16:11:32]TIMES:1240 rmnet0:107008 1115 0 0 0 0 0 0 116040 1167 0 0 0 0 0 0
[2019-11-06 16:11:32]TIMES:1240 rmnet_data1:80878 965 0 0 0 0 0 0 105220 1020 0 0 0 0 0 0
[2019-11-06 16:11:37]TIMES:1245 MEM FREE:93 30
[2019-11-06 16:11:37]TIMES:1245 CPU USE:18 3 15 0
[2019-11-06 16:11:37]TIMES:1245 CPU0 USE:18 3 15 0
[2019-11-06 16:11:37]TIMES:1245 SERIAL0:153 6538 3075
[2019-11-06 16:11:37]TIMES:1245 rmnet0:107548 1121 0 0 0 0 0 0 116600 1174 0 0 0 0 0 0
[2019-11-06 16:11:37]TIMES:1245 rmnet_data1:81369 971 0 0 0 0 0 0 105780 1027 0 0 0 0 0 0
[2019-11-06 16:11:42]TIMES:1250 MEM FREE:93 31
[2019-11-06 16:11:42]TIMES:1250 CPU USE:13 3 10 0
[2019-11-06 16:11:42]TIMES:1250 CPU0 USE:13 3 10 0
[2019-11-06 16:11:42]TIMES:1250 SERIAL0:153 6552 3085
[2019-11-06 16:11:42]TIMES:1250 rmnet0:108008 1126 0 0 0 0 0 0 117040 1179 0 0 0 0 0 0
[2019-11-06 16:11:42]TIMES:1250 rmnet_data1:81789 976 0 0 0 0 0 0 106220 1032 0 0 0 0 0 0
[2019-11-06 16:11:47]TIMES:1255 CPU USE:16 2 14 0
[2019-11-06 16:11:47]TIMES:1255 CPU0 USE:16 2 14 0
[2019-11-06 16:11:47]TIMES:1255 SERIAL0:153 6590 3098
[2019-11-06 16:11:47]TIMES:1255 rmnet0:108468 1131 0 0 0 0 0 0 117480 1184 0 0 0 0 0 0
[2019-11-06 16:11:47]TIMES:1255 rmnet_data1:82209 981 0 0 0 0 0 0 106660 1037 0 0 0 0 0 0
[2019-11-06 16:11:52]TIMES:1260 MEM FREE:93 30
[2019-11-06 16:11:52]TIMES:1260 CPU USE:15 3 12 0
[2019-11-06 16:11:52]TIMES:1260 CPU0 USE:15 3 12 0
[2019-11-06 16:11:52]TIMES:1260 SERIAL0:153 6604 3108
[2019-11-06 16:11:52]TIMES:1260 rmnet0:108976 1137 0 0 0 0 0 0 118828 1190 0 0 0 0 0 0
[2019-11-06 16:11:52]TIMES:1260 rmnet_data1:82669 987 0 0 0 0 0 0 108008 1043 0 0 0 0 0 0
[2019-11-06 16:11:57]TIMES:1265 MEM FREE:93 31
[2019-11-06 16:11:57]TIMES:1265 CPU USE:27 5 22 0
[2019-11-06 16:11:57]TIMES:1265 CPU0 USE:27 5 22 0
[2019-11-06 16:11:57]TIMES:1265 SERIAL0:153 6642 3121
[2019-11-06 16:11:57]TIMES:1265 rmnet0:109828 1146 0 0 0 0 0 0 119524 1199 0 0 0 0 0 0
[2019-11-06 16:11:57]TIMES:1265 rmnet_data1:83200 994 0 0 0 0 0 0 108568 1050 0 0 0 0 0 0
[2019-11-06 16:11:57]TIMES:1265 rmnet_data0:17315 152 0 0 0 0 0 0 10956 149 0 0 0 0 0 0
[2019-11-06 16:12:02]TIMES:1270 MEM FREE:93 30
[2019-11-06 16:12:02]TIMES:1270 CPU USE:16 3 13 0
[2019-11-06 16:12:02]TIMES:1270 CPU0 USE:16 3 13 0
[2019-11-06 16:12:02]TIMES:1270 SERIAL0:153 6656 3131
[2019-11-06 16:12:02]TIMES:1270 rmnet0:110288 1151 0 0 0 0 0 0 119964 1204 0 0 0 0 0 0
[2019-11-06 16:12:02]TIMES:1270 rmnet_data1:83620 999 0 0 0 0 0 0 109008 1055 0 0 0 0 0 0
[2019-11-06 16:12:07]TIMES:1275 CPU USE:19 3 16 0
[2019-11-06 16:12:07]TIMES:1275 CPU0 USE:19 3 16 0
[2019-11-06 16:12:07]TIMES:1275 SERIAL0:153 6694 3144
[2019-11-06 16:12:07]TIMES:1275 rmnet0:110748 1156 0 0 0 0 0 0 120404 1209 0 0 0 0 0 0
[2019-11-06 16:12:07]TIMES:1275 rmnet_data1:84040 1004 0 0 0 0 0 0 109448 1060 0 0 0 0 0 0
[2019-11-06 16:12:12]TIMES:1280 MEM FREE:93 31
[2019-11-06 16