[1980-01-06 08:00:16]sleep:5
[1980-01-06 08:00:16]change:1
[1980-01-06 08:00:16]address:
[1980-01-06 08:00:16]time:0
[1980-01-06 08:00:16]size:5
[1980-01-06 08:00:16]Oct 31 2019 14:30:13
[1980-01-06 08:00:21]TIMES:0 ZONE0 TEMP:34
[1980-01-06 08:00:21]TIMES:0 ZONE1 TEMP:31
[1980-01-06 08:00:21]TIMES:0 ZONE2 TEMP:34
[1980-01-06 08:00:21]TIMES:0 ZONE3 TEMP:33
[1980-01-06 08:00:21]TIMES:0 ZONE4 TEMP:31
[1980-01-06 08:00:21]TIMES:0 ZONE5 TEMP:35
[1980-01-06 08:00:21]TIMES:0 ZONE6 TEMP:28
[1980-01-06 08:00:21]TIMES:0 MEM FREE:96 40
[1980-01-06 08:00:21]TIMES:0 CPU0 FREQ:806400
[1980-01-06 08:00:21]TIMES:0 SERIAL0:153 141 176
[1980-01-06 08:00:21]TIMES:0 SERIAL1:151 0 0
[1980-01-06 08:00:21]TIMES:0 bridge0:13064 144 0 0 0 0 0 0 6734 50 0 0 0 0 0 0
[1980-01-06 08:00:21]TIMES:0     lo:76 1 0 0 0 0 0 0 76 1 0 0 0 0 0 0
[1980-01-06 08:00:21]TIMES:0 rndis0:4722 38 0 0 0 0 0 0 4614 15 0 0 0 0 0 0
[1980-01-06 08:00:21]TIMES:0 NET DELAY:-500
[1980-01-06 08:00:26]TIMES:5 ZONE0 TEMP:37
[1980-01-06 08:00:26]TIMES:5 ZONE1 TEMP:36
[1980-01-06 08:00:26]TIMES:5 ZONE2 TEMP:39
[1980-01-06 08:00:26]TIMES:5 ZONE3 TEMP:36
[1980-01-06 08:00:26]TIMES:5 ZONE4 TEMP:35
[1980-01-06 08:00:26]TIMES:5 MEM FREE:95 38
[1980-01-06 08:00:26]TIMES:5 CPU USE:35 7 28 0
[1980-01-06 08:00:26]TIMES:5 CPU0 USE:35 7 28 0
[1980-01-06 08:00:26]TIMES:5 SERIAL0:153 155 176
[1980-01-06 08:00:26]TIMES:5 bridge0:17093 198 0 0 0 0 0 0 14002 76 0 0 0 0 0 0
[1980-01-06 08:00:26]TIMES:5 rmnet0:2336 16 0 0 0 0 0 0 3876 42 0 0 0 0 0 0
[1980-01-06 08:00:26]TIMES:5 rmnet_data1:0 0 0 0 0 0 0 0 388 5 0 0 0 0 0 0
[1980-01-06 08:00:26]TIMES:5 rmnet_data0:2204 16 0 0 0 0 0 0 3488 37 0 0 0 0 0 0
[1980-01-06 08:00:26]TIMES:5 rndis0:11063 122 0 0 0 0 0 0 14269 47 0 0 0 0 0 0
[1980-01-06 08:00:31]TIMES:10 ZONE0 TEMP:38
[1980-01-06 08:00:31]TIMES:10 ZONE3 TEMP:37
[1980-01-06 08:00:31]TIMES:10 ZONE6 TEMP:29
[1980-01-06 08:00:31][H[JMem: 117352K used, 39640K free, 52K shrd, 0K buff, 57324K cached
STAT     %CPU     COMMAND[0m
S     33.3     process-service
3080     top     -n1
S     8.3     modem-service
S     8.3     power-service
root     0.0     /usr/bin/netmgrd
S     0.0     /usr/bin/thermal-engine

[1980-01-06 08:00:31]TIMES:10 CPU USE:95 20 75 0
[1980-01-06 08:00:32][H[JMem: 117360K used, 39632K free, 52K shrd, 0K buff, 57324K cached
STAT     %CPU     COMMAND[0m
3080     top     -n1
SW     8.3     [kworker/u2:5]
SW     8.3     [kworker/0:1]
root     0.0     /usr/bin/netmgrd
S     0.0     /usr/bin/thermal-engine
root     0.0     mcm_ril_service

[1980-01-06 08:00:32]TIMES:10 CPU0 USE:95 20 75 0
[1980-01-06 08:00:32]TIMES:10 SERIAL0:153 193 179
[1980-01-06 08:00:32]TIMES:10 bridge0:20689 218 0 0 0 0 0 0 15356 78 0 0 0 0 0 0
[1980-01-06 08:00:32]TIMES:10 rmnet0:3240 25 0 0 0 0 0 0 4512 51 0 0 0 0 0 0
[1980-01-06 08:00:32]TIMES:10 rmnet_data0:3028 25 0 0 0 0 0 0 4124 46 0 0 0 0 0 0
[1980-01-06 08:00:32]TIMES:10 rndis0:15501 152 0 0 0 0 0 0 15983 51 0 0 0 0 0 0
[1980-01-06 08:00:32]TIMES:10 NET MODE:5 -63 -94
[1980-01-06 08:00:37]TIMES:15 ZONE0 TEMP:37
[1980-01-06 08:00:37]TIMES:15 ZONE5 TEMP:36
[1980-01-06 08:00:37]TIMES:15 MEM FREE:95 39
[1980-01-06 08:00:37]TIMES:15 CPU USE:26 4 22 0
[1980-01-06 08:00:37]TIMES:15 CPU0 USE:26 4 22 0
[1980-01-06 08:00:37]TIMES:15 SERIAL0:153 207 179
[1980-01-06 08:00:37]TIMES:15 bridge0:22008 231 0 0 0 0 0 0 16750 81 0 0 0 0 0 0
[1980-01-06 08:00:37]TIMES:15 rndis0:17313 171 0 0 0 0 0 0 17551 54 0 0 0 0 0 0
[1980-01-06 08:00:42]TIMES:20 ZONE0 TEMP:38
[1980-01-06 08:00:42]TIMES:20 CPU USE:16 3 13 0
[1980-01-06 08:00:42]TIMES:20 CPU0 USE:16 3 13 0
[1980-01-06 08:00:42]TIMES:20 SERIAL0:153 245 182
[1980-01-06 08:00:42]TIMES:20 bridge0:22894 242 0 0 0 0 0 0 16822 82 0 0 0 0 0 0
[1980-01-06 08:00:42]TIMES:20 rndis0:18620 187 0 0 0 0 0 0 17551 54 0 0 0 0 0 0
[1980-01-06 08:00:47]TIMES:25 ZONE1 TEMP:37
[1980-01-06 08:00:47]TIMES:25 ZONE2 TEMP:40
[1980-01-06 08:00:47]TIMES:25 CPU USE:14 1 13 0
[1980-01-06 08:00:47]TIMES:25 CPU0 USE:14 1 13 0
[1980-01-06 08:00:47]TIMES:25 SERIAL0:153 331 200
[1980-01-06 08:00:47]TIMES:25 bridge0:24194 255 0 0 0 0 0 0 18546 89 0 0 0 0 0 0
[1980-01-06 08:00:47]TIMES:25 rmnet0:3376 26 0 0 0 0 0 0 4588 52 0 0 0 0 0 0
[1980-01-06 08:00:47]TIMES:25 rmnet_data0:3154 26 0 0 0 0 0 0 4200 47 0 0 0 0 0 0
[1980-01-06 08:00:47]TIMES:25 rndis0:20341 205 0 0 0 0 0 0 19291 58 0 0 0 0 0 0
[1980-01-06 08:00:52]TIMES:30 CPU USE:18 3 15 0
[1980-01-06 08:00:52]TIMES:30 CPU0 USE:18 3 15 0
[1980-01-06 08:00:52]TIMES:30 SERIAL0:153 511 239
[1980-01-06 08:00:52]TIMES:30 bridge0:24898 266 0 0 0 0 0 0 18574 90 0 0 0 0 0 0
[1980-01-06 08:00:52]TIMES:30 rndis0:21333 220 0 0 0 0 0 0 19467 60 0 0 0 0 0 0
[1980-01-06 08:00:57]TIMES:35 CPU USE:15 2 13 0
[1980-01-06 08:00:57]TIMES:35 CPU0 USE:15 2 13 0
[1980-01-06 08:00:57]TIMES:35 SERIAL0:153 643 263
[1980-01-06 08:00:57]TIMES:35 bridge0:25574 276 0 0 0 0 0 0 18574 90 0 0 0 0 0 0
[1980-01-06 08:00:57]TIMES:35 rndis0:22361 236 0 0 0 0 0 0 19467 60 0 0 0 0 0 0
[1980-01-06 08:00:57]TIMES:35 GNSS:22577055 113916752 42000000 3000000 0 0 1 0
[1980-01-06 08:01:02]TIMES:40 ZONE0 TEMP:36
[1980-01-06 08:01:02]TIMES:40 ZONE1 TEMP:32
[1980-01-06 08:01:02]TIMES:40 ZONE2 TEMP:35
[1980-01-06 08:01:02]TIMES:40 ZONE3 TEMP:34
[1980-01-06 08:01:02]TIMES:40 ZONE4 TEMP:32
[1980-01-06 08:01:02]TIMES:40 CPU USE:17 3 14 0
[1980-01-06 08:01:02]TIMES:40 CPU0 USE:17 3 14 0
[1980-01-06 08:01:02]TIMES:40 SERIAL0:153 823 302
[1980-01-06 08:01:02]TIMES:40 bridge0:26825 287 0 0 0 0 0 0 19900 91 0 0 0 0 0 0
[1980-01-06 08:01:02]TIMES:40 rndis0:24065 253 0 0 0 0 0 0 20851 61 0 0 0 0 0 0
[1980-01-06 08:01:02]TIMES:40 GNSS:22577054 113916753 41000000 3000000 0 0 1 0
[2019-11-06 17:30:12]TIMES:45 ZONE0 TEMP:38
[2019-11-06 17:30:12]TIMES:45 ZONE1 TEMP:37
[2019-11-06 17:30:12]TIMES:45 ZONE2 TEMP:40
[2019-11-06 17:30:12]TIMES:45 ZONE3 TEMP:37
[2019-11-06 17:30:12]TIMES:45 ZONE4 TEMP:35
[2019-11-06 17:30:12]TIMES:45 CPU USE:27 4 23 0
[2019-11-06 17:30:12]TIMES:45 CPU0 USE:27 4 23 0
[2019-11-06 17:30:12]TIMES:45 SERIAL0:153 972 320
[2019-11-06 17:30:12]TIMES:45 bridge0:27765 299 0 0 0 0 0 0 20042 93 0 0 0 0 0 0
[2019-11-06 17:30:12]TIMES:45 rmnet0:4648 37 0 0 0 0 0 0 6352 71 0 0 0 0 0 0
[2019-11-06 17:30:12]TIMES:45 rmnet_data0:4320 37 0 0 0 0 0 0 5964 66 0 0 0 0 0 0
[2019-11-06 17:30:12]TIMES:45 rndis0:25293 269 0 0 0 0 0 0 21109 63 0 0 0 0 0 0
[2019-11-06 17:30:12]TIMES:45 GNSS:22577056 113916755 41000000 3000000 0 0 1 0
[2019-11-06 17:30:17]TIMES:50 ZONE3 TEMP:38
[2019-11-06 17:30:17]TIMES:50 ZONE6 TEMP:30
[2019-11-06 17:30:17]TIMES:50 CPU USE:17 3 14 0
[2019-11-06 17:30:17]TIMES:50 CPU0 USE:17 3 14 0
[2019-11-06 17:30:17]TIMES:50 SERIAL0:153 1020 326
[2019-11-06 17:30:17]TIMES:50 bridge0:28509 311 0 0 0 0 0 0 21616 97 0 0 0 0 0 0
[2019-11-06 17:30:17]TIMES:50 rndis0:26325 285 0 0 0 0 0 0 22915 67 0 0 0 0 0 0
[2019-11-06 17:30:17]TIMES:50 GNSS:22577056 113916756 41000000 3000000 0 0 1 0
[2019-11-06 17:30:22]TIMES:55 ZONE0 TEMP:39
[2019-11-06 17:30:22]TIMES:55 ZONE1 TEMP:38
[2019-11-06 17:30:22]TIMES:55 ZONE2 TEMP:41
[2019-11-06 17:30:22]TIMES:55 ZONE4 TEMP:36
[2019-11-06 17:30:22]TIMES:55 ZONE5 TEMP:37
[2019-11-06 17:30:22]TIMES:55 MEM FREE:95 36
[2019-11-06 17:30:22]TIMES:55 CPU USE:21 2 19 0
[2019-11-06 17:30:22]TIMES:55 CPU0 USE:21 2 19 0
[2019-11-06 17:30:22]TIMES:55 SERIAL0:153 1048 332
[2019-11-06 17:30:22]TIMES:55 bridge0:29213 322 0 0 0 0 0 0 21644 98 0 0 0 0 0 0
[2019-11-06 17:30:22]TIMES:55 rndis0:27317 300 0 0 0 0 0 0 23001 68 0 0 0 0 0 0
[2019-11-06 17:30:22]TIMES:55 GNSS:22577058 113916758 41000000 3000000 0 0 1 0
[2019-11-06 17:30:27]TIMES:60 ZONE0 TEMP:38
[2019-11-06 17:30:27]TIMES:60 ZONE2 TEMP:40
[2019-11-06 17:30:27]TIMES:60 MEM FREE:94 36
[2019-11-06 17:30:27]TIMES:60 CPU USE:18 2 16 0
[2019-11-06 17:30:27]TIMES:60 CPU0 USE:18 2 16 0
[2019-11-06 17:30:27]TIMES:60 SERIAL0:153 1072 356
[2019-11-06 17:30:27]TIMES:60 bridge0:29889 332 0 0 0 0 0 0 21644 98 0 0 0 0 0 0
[2019-11-06 17:30:27]TIMES:60 rmnet0:6604 45 0 0 0 0 0 0 7916 81 0 0 0 0 0 0
[2019-11-06 17:30:27]TIMES:60 rmnet_data1:1666 6 0 0 0 0 0 0 1808 13 0 0 0 0 0 0
[2019-11-06 17:30:27]TIMES:60 rmnet_data0:4536 39 0 0 0 0 0 0 6108 68 0 0 0 0 0 0
[2019-11-06 17:30:27]TIMES:60 rndis0:28281 314 0 0 0 0 0 0 23001 68 0 0 0 0 0 0
[2019-11-06 17:30:27]TIMES:60 GNSS:22577059 113916760 41000000 3000000 0 0 1 0
[2019-11-06 17:30:32]TIMES:65 CPU USE:14 1 13 0
[2019-11-06 17:30:32]TIMES:65 CPU0 USE:14 1 13 0
[2019-11-06 17:30:32]TIMES:65 SERIAL0:153 1100 374
[2019-11-06 17:30:32]TIMES:65 bridge0:30565 342 0 0 0 0 0 0 21644 98 0 0 0 0 0 0
[2019-11-06 17:30:32]TIMES:65 rndis0:29245 328 0 0 0 0 0 0 23001 68 0 0 0 0 0 0
[2019-11-06 17:30:32]TIMES:65 GNSS:22577061 113916762 42000000 3000000 0 0 1 0
[2019-11-06 17:30:37]TIMES:70 ZONE2 TEMP:41
[2019-11-06 17:30:37]TIMES:70 CPU USE:21 4 17 0
[2019-11-06 17:30:37]TIMES:70 CPU0 USE:21 4 17 0
[2019-11-06 17:30:37]TIMES:70 SERIAL0:153 1134 395
[2019-11-06 17:30:37]TIMES:70 bridge0:31737 353 0 0 0 0 0 0 21672 99 0 0 0 0 0 0
[2019-11-06 17:30:37]TIMES:70 rmnet0:8784 54 0 0 0 0 0 0 9696 95 0 0 0 0 0 0
[2019-11-06 17:30:37]TIMES:70 rmnet_data1:3544 13 0 0 0 0 0 0 3444 25 0 0 0 0 0 0
[2019-11-06 17:30:37]TIMES:70 rmnet_data0:4752 41 0 0 0 0 0 0 6252 70 0 0 0 0 0 0
[2019-11-06 17:30:37]TIMES:70 rndis0:30705 343 0 0 0 0 0 0 23087 69 0 0 0 0 0 0
[2019-11-06 17:30:37]TIMES:70 GNSS:22577061 113916763 42000000 3000000 0 0 1 0
[2019-11-06 17:30:42]TIMES:75 ZONE0 TEMP:39
[2019-11-06 17:30:42]TIMES:75 ZONE3 TEMP:39
[2019-11-06 17:30:42]TIMES:75 MEM FREE:95 36
[2019-11-06 17:30:42]TIMES:75 CPU USE:34 9 25 0
[2019-11-06 17:30:42]TIMES:75 CPU0 USE:34 9 25 0
[2019-11-06 17:30:42]TIMES:75 SERIAL0:153 1250 407
[2019-11-06 17:30:42]TIMES:75 bridge0:32413 363 0 0 0 0 0 0 21672 99 0 0 0 0 0 0
[2019-11-06 17:30:42]TIMES:75 rmnet0:14040 80 0 0 0 0 0 0 13976 131 0 0 0 0 0 0
[2019-11-06 17:30:42]TIMES:75 rmnet_data1:7658 31 0 0 0 0 0 0 7156 53 0 0 0 0 0 0
[2019-11-06 17:30:42]TIMES:75 rmnet_data0:5648 49 0 0 0 0 0 0 6820 78 0 0 0 0 0 0
[2019-11-06 17:30:42]TIMES:75 rndis0:31802 358 0 0 0 0 0 0 23087 69 0 0 0 0 0 0
[2019-11-06 17:30:47]TIMES:80 ZONE3 TEMP:38
[2019-11-06 17:30:47]TIMES:80 CPU USE:24 7 17 0
[2019-11-06 17:30:47]TIMES:80 CPU0 USE:24 7 17 0
[2019-11-06 17:30:47]TIMES:80 SERIAL0:153 1318 410
[2019-11-06 17:30:47]TIMES:80 bridge0:33089 373 0 0 0 0 0 0 21672 99 0 0 0 0 0 0
[2019-11-06 17:30:47]TIMES:80 rmnet0:20748 108 0 0 0 0 0 0 19384 170 0 0 0 0 0 0
[2019-11-06 17:30:47]TIMES:80 rmnet_data1:13659 55 0 0 0 0 0 0 12276 88 0 0 0 0 0 0
[2019-11-06 17:30:47]TIMES:80 rmnet_data0:6080 53 0 0 0 0 0 0 7108 82 0 0 0 0 0 0
[2019-11-06 17:30:47]TIMES:80 rndis0:32766 372 0 0 0 0 0 0 23087 69 0 0 0 0 0 0
[2019-11-06 17:30:47]TIMES:80 GNSS:22577062 113916764 42000000 3000000 0 0 1 0
