[1980-01-06 08:00:16]sleep:5
[1980-01-06 08:00:16]change:1
[1980-01-06 08:00:16]address:
[1980-01-06 08:00:16]time:0
[1980-01-06 08:00:16]size:5
[1980-01-06 08:00:16]Oct 31 2019 14:30:13
[1980-01-06 08:00:21]TIMES:0 ZONE0 TEMP:36
[1980-01-06 08:00:21]TIMES:0 ZONE1 TEMP:33
[1980-01-06 08:00:21]TIMES:0 ZONE2 TEMP:36
[1980-01-06 08:00:21]TIMES:0 ZONE3 TEMP:34
[1980-01-06 08:00:21]TIMES:0 ZONE4 TEMP:33
[1980-01-06 08:00:21]TIMES:0 ZONE5 TEMP:37
[1980-01-06 08:00:21]TIMES:0 ZONE6 TEMP:30
[1980-01-06 08:00:21]TIMES:0 MEM FREE:97 42
[1980-01-06 08:00:21]TIMES:0 CPU0 FREQ:806400
[1980-01-06 08:00:21]TIMES:0 SERIAL0:153 141 176
[1980-01-06 08:00:21]TIMES:0 SERIAL1:151 0 0
[1980-01-06 08:00:21]TIMES:0 bridge0:14122 154 0 0 0 0 0 0 4721 43 0 0 0 0 0 0
[1980-01-06 08:00:21]TIMES:0 rndis0:15137 162 0 0 0 0 0 0 8167 51 0 0 0 0 0 0
[1980-01-06 08:00:21]TIMES:0 NET DELAY:-500
[1980-01-06 08:00:26]TIMES:5 ZONE0 TEMP:39
[1980-01-06 08:00:26]TIMES:5 ZONE1 TEMP:38
[1980-01-06 08:00:26]TIMES:5 ZONE2 TEMP:41
[1980-01-06 08:00:26]TIMES:5 ZONE3 TEMP:38
[1980-01-06 08:00:26]TIMES:5 ZONE4 TEMP:37
[1980-01-06 08:00:26]TIMES:5 MEM FREE:96 40
[1980-01-06 08:00:26]TIMES:5 CPU USE:38 7 31 0
[1980-01-06 08:00:26]TIMES:5 CPU0 USE:38 7 31 0
[1980-01-06 08:00:26]TIMES:5 SERIAL0:153 155 176
[1980-01-06 08:00:26]TIMES:5 bridge0:15583 166 0 0 0 0 0 0 4721 43 0 0 0 0 0 0
[1980-01-06 08:00:26]TIMES:5 rmnet0:0 0 0 0 0 0 0 0 776 10 0 0 0 0 0 0
[1980-01-06 08:00:26]TIMES:5 rmnet_data1:0 0 0 0 0 0 0 0 388 5 0 0 0 0 0 0
[1980-01-06 08:00:26]TIMES:5 rmnet_data0:0 0 0 0 0 0 0 0 388 5 0 0 0 0 0 0
[1980-01-06 08:00:26]TIMES:5 rndis0:17019 179 0 0 0 0 0 0 8167 51 0 0 0 0 0 0
[1980-01-06 08:00:26]TIMES:5 GNSS:22577107 113916777 45000000 3000000 0 0 1 0
[2019-11-06 17:32:24]TIMES:10 ZONE3 TEMP:39
[2019-11-06 17:32:24][H[JMem: 115800K used, 41192K free, 52K shrd, 0K buff, 56756K cached
STAT     %CPU     COMMAND[0m
R     28.5     process-service
3080     top     -n1
S     7.1     modem-service
S     7.1     power-service
SW     7.1     [ksoftirqd/0]
root     0.0     /usr/bin/netmgrd

[2019-11-06 17:32:24]TIMES:10 CPU USE:95 18 77 0
[2019-11-06 17:32:24][H[JMem: 115624K used, 41368K free, 56K shrd, 0K buff, 56772K cached
STAT     %CPU     COMMAND[0m
3080     top     -n1
S     7.6     modem-service
S     7.6     power-service
S     7.6     process-service
root     0.0     /usr/bin/netmgrd
S     0.0     /usr/bin/thermal-engine

[2019-11-06 17:32:24]TIMES:10 CPU0 USE:95 18 77 0
[2019-11-06 17:32:24]TIMES:10 SERIAL0:153 209 179
[2019-11-06 17:32:24]TIMES:10 bridge0:16434 179 0 0 0 0 0 0 4847 44 0 0 0 0 0 0
[2019-11-06 17:32:24]TIMES:10 rmnet0:2128 18 0 0 0 0 0 0 3376 36 0 0 0 0 0 0
[2019-11-06 17:32:24]TIMES:10 rmnet_data0:1958 18 0 0 0 0 0 0 2988 31 0 0 0 0 0 0
[2019-11-06 17:32:24]TIMES:10 rndis0:18435 199 0 0 0 0 0 0 8351 52 0 0 0 0 0 0
[2019-11-06 17:32:24]TIMES:10 NET MODE:5 -65 -95
[2019-11-06 17:32:24]TIMES:10 GNSS:22577109 113916773 44000000 3000000 0 0 1 0
[2019-11-06 17:32:29]TIMES:15 ZONE3 TEMP:38
[2019-11-06 17:32:29]TIMES:15 ZONE6 TEMP:31
[2019-11-06 17:32:29]TIMES:15 CPU USE:17 2 15 0
[2019-11-06 17:32:29]TIMES:15 CPU0 USE:17 2 15 0
[2019-11-06 17:32:29]TIMES:15 SERIAL0:153 223 179
[2019-11-06 17:32:29]TIMES:15 bridge0:17110 189 0 0 0 0 0 0 4847 44 0 0 0 0 0 0
[2019-11-06 17:32:29]TIMES:15 rndis0:19399 213 0 0 0 0 0 0 8571 54 0 0 0 0 0 0
[2019-11-06 17:32:29]TIMES:15 GNSS:22577109 113916771 43000000 3000000 0 0 1 0
[2019-11-06 17:32:34]TIMES:20 ZONE3 TEMP:39
[2019-11-06 17:32:34]TIMES:20 ZONE4 TEMP:36
[2019-11-06 17:32:34]TIMES:20 ZONE5 TEMP:38
[2019-11-06 17:32:34]TIMES:20 CPU USE:16 2 14 0
[2019-11-06 17:32:34]TIMES:20 CPU0 USE:16 2 14 0
[2019-11-06 17:32:34]TIMES:20 SERIAL0:153 261 182
[2019-11-06 17:32:34]TIMES:20 bridge0:17790 200 0 0 0 0 0 0 5119 49 0 0 0 0 0 0
[2019-11-06 17:32:34]TIMES:20 rndis0:20535 232 0 0 0 0 0 0 8743 56 0 0 0 0 0 0
[2019-11-06 17:32:34]TIMES:20 GNSS:22577108 113916771 43000000 3000000 0 0 1 0
[2019-11-06 17:32:39]TIMES:25 ZONE0 TEMP:37
[2019-11-06 17:32:39]TIMES:25 ZONE1 TEMP:34
[2019-11-06 17:32:39]TIMES:25 ZONE2 TEMP:36
[2019-11-06 17:32:39]TIMES:25 ZONE3 TEMP:35
[2019-11-06 17:32:39]TIMES:25 ZONE4 TEMP:34
[2019-11-06 17:32:39]TIMES:25 ZONE5 TEMP:37
[2019-11-06 17:32:39]TIMES:25 CPU USE:15 2 13 0
[2019-11-06 17:32:39]TIMES:25 CPU0 USE:15 2 13 0
[2019-11-06 17:32:39]TIMES:25 SERIAL0:153 275 182
[2019-11-06 17:32:39]TIMES:25 bridge0:18989 210 0 0 0 0 0 0 5191 50 0 0 0 0 0 0
[2019-11-06 17:32:39]TIMES:25 rndis0:22022 246 0 0 0 0 0 0 8743 56 0 0 0 0 0 0
[2019-11-06 17:32:44]TIMES:30 ZONE0 TEMP:36
[2019-11-06 17:32:44]TIMES:30 ZONE1 TEMP:33
[2019-11-06 17:32:44]TIMES:30 ZONE4 TEMP:33
[2019-11-06 17:32:44]TIMES:30 ZONE6 TEMP:30
[2019-11-06 17:32:44]TIMES:30 CPU USE:17 3 14 0
[2019-11-06 17:32:44]TIMES:30 CPU0 USE:17 3 14 0
[2019-11-06 17:32:44]TIMES:30 SERIAL0:153 313 185
[2019-11-06 17:32:44]TIMES:30 bridge0:19903 222 0 0 0 0 0 0 5219 51 0 0 0 0 0 0
[2019-11-06 17:32:44]TIMES:30 rndis0:23357 263 0 0 0 0 0 0 8829 57 0 0 0 0 0 0
[2019-11-06 17:32:49]TIMES:35 ZONE3 TEMP:34
[2019-11-06 17:32:49]TIMES:35 CPU USE:14 2 12 0
[2019-11-06 17:32:49]TIMES:35 CPU0 USE:14 2 12 0
[2019-11-06 17:32:49]TIMES:35 SERIAL0:153 327 185
[2019-11-06 17:32:49]TIMES:35 bridge0:20579 232 0 0 0 0 0 0 5219 51 0 0 0 0 0 0
[2019-11-06 17:32:49]TIMES:35 rndis0:24321 277 0 0 0 0 0 0 8829 57 0 0 0 0 0 0
[2019-11-06 17:32:54]TIMES:40 CPU USE:15 3 12 0
[2019-11-06 17:32:54]TIMES:40 CPU0 USE:15 3 12 0
[2019-11-06 17:32:54]TIMES:40 SERIAL0:153 351 188
[2019-11-06 17:32:54]TIMES:40 bridge0:21255 242 0 0 0 0 0 0 5219 51 0 0 0 0 0 0
[2019-11-06 17:32:54]TIMES:40 rndis0:25285 291 0 0 0 0 0 0 8829 57 0 0 0 0 0 0
[2019-11-06 17:32:59]TIMES:45 ZONE0 TEMP:38
[2019-11-06 17:32:59]TIMES:45 ZONE1 TEMP:38
[2019-11-06 17:32:59]TIMES:45 ZONE2 TEMP:40
[2019-11-06 17:32:59]TIMES:45 ZONE3 TEMP:38
[2019-11-06 17:32:59]TIMES:45 ZONE4 TEMP:36
[2019-11-06 17:32:59]TIMES:45 CPU USE:25 5 20 0
[2019-11-06 17:32:59]TIMES:45 CPU0 USE:25 5 20 0
[2019-11-06 17:32:59]TIMES:45 SERIAL0:153 379 188
[2019-11-06 17:32:59]TIMES:45 bridge0:21931 252 0 0 0 0 0 0 5219 51 0 0 0 0 0 0
[2019-11-06 17:32:59]TIMES:45 rmnet0:2392 20 0 0 0 0 0 0 3512 38 0 0 0 0 0 0
[2019-11-06 17:32:59]TIMES:45 rmnet_data0:2206 20 0 0 0 0 0 0 3124 33 0 0 0 0 0 0
[2019-11-06 17:32:59]TIMES:45 rndis0:26249 305 0 0 0 0 0 0 8829 57 0 0 0 0 0 0
[2019-11-06 17:33:04]TIMES:50 ZONE0 TEMP:39
[2019-11-06 17:33:04]TIMES:50 ZONE2 TEMP:41
[2019-11-06 17:33:04]TIMES:50 ZONE6 TEMP:31
[2019-11-06 17:33:04]TIMES:50 CPU USE:17 2 15 0
[2019-11-06 17:33:04]TIMES:50 CPU0 USE:17 2 15 0
[2019-11-06 17:33:04]TIMES:50 SERIAL0:153 403 191
[2019-11-06 17:33:04]TIMES:50 bridge0:22607 262 0 0 0 0 0 0 5219 51 0 0 0 0 0 0
[2019-11-06 17:33:04]TIMES:50 rndis0:27213 319 0 0 0 0 0 0 8829 57 0 0 0 0 0 0
[2019-11-06 17:33:04]TIMES:50 GNSS:22577107 113916771 43000000 3000000 0 0 1 0
[2019-11-06 17:33:09]TIMES:55 ZONE3 TEMP:39
[2019-11-06 17:33:09]TIMES:55 ZONE5 TEMP:38
[2019-11-06 17:33:09]TIMES:55 CPU USE:16 2 14 0
[2019-11-06 17:33:09]TIMES:55 CPU0 USE:16 2 14 0
[2019-11-06 17:33:09]TIMES:55 SERIAL0:153 431 191
[2019-11-06 17:33:09]TIMES:55 bridge0:23829 273 0 0 0 0 0 0 5219 51 0 0 0 0 0 0
[2019-11-06 17:33:09]TIMES:55 rmnet0:2452 21 0 0 0 0 0 0 3556 39 0 0 0 0 0 0
[2019-11-06 17:33:09]TIMES:55 rmnet_data0:2258 21 0 0 0 0 0 0 3168 34 0 0 0 0 0 0
[2019-11-06 17:33:09]TIMES:55 rndis0:28723 334 0 0 0 0 0 0 8829 57 0 0 0 0 0 0
[2019-11-06 17:33:09]TIMES:55 NET MODE:5 -61 -94
[2019-11-06 17:33:09]TIMES:55 GNSS:22577099 113916768 43000000 3000000 0 0 1 0
[2019-11-06 17:33:14]TIMES:60 ZONE4 TEMP:37
[2019-11-06 17:33:14]TIMES:60 CPU USE:14 2 12 0
[2019-11-06 17:33:14]TIMES:60 CPU0 USE:14 2 12 0
[2019-11-06 17:33:14]TIMES:60 SERIAL0:153 455 194
[2019-11-06 17:33:14]TIMES:60 bridge0:24505 283 0 0 0 0 0 0 5219 51 0 0 0 0 0 0
[2019-11-06 17:33:14]TIMES:60 rndis0:29820 349 0 0 0 0 0 0 8829 57 0 0 0 0 0 0
[2019-11-06 17:33:14]TIMES:60 GNSS:22577097 113916770 42000000 3000000 0 0 1 0
[2019-11-06 17:33:19]TIMES:65 ZONE0 TEMP:38
[2019-11-06 17:33:19]TIMES:65 ZONE1 TEMP:35
[2019-11-06 17:33:19]TIMES:65 ZONE2 TEMP:38
[2019-11-06 17:33:19]TIMES:65 ZONE3 TEMP:37
[2019-11-06 17:33:19]TIMES:65 ZONE4 TEMP:36
[2019-11-06 17:33:19]TIMES:65 CPU USE:18 2 16 0
[2019-11-06 17:33:19]TIMES:65 CPU0 USE:18 2 16 0
[2019-11-06 17:33:19]TIMES:65 SERIAL0:153 483 194
[2019-11-06 17:33:19]TIMES:65 bridge0:25209 294 0 0 0 0 0 0 5247 52 0 0 0 0 0 0
[2019-11-06 17:33:19]TIMES:65 rndis0:30812 364 0 0 0 0 0 0 8915 58 0 0 0 0 0 0
[2019-11-06 17:33:19]TIMES:65 GNSS:22577097 113916771 42000000 3000000 0 0 1 0
[2019-11-06 17:33:24]TIMES:70 ZONE0 TEMP:37
[2019-11-06 17:33:24]TIMES:70 ZONE1 TEMP:34
[2019-11-06 17:33:24]TIMES:70 ZONE2 TEMP:36
[2019-11-06 17:33:24]TIMES:70 ZONE3 TEMP:35
[2019-11-06 17:33:24]TIMES:70 ZONE4 TEMP:34
[2019-11-06 17:33:24]TIMES:70 ZONE5 TEMP:37
[2019-11-06 17:33:24]TIMES:70 CPU USE:16 3 13 0
[2019-11-06 17:33:24]TIMES:70 CPU0 USE:16 3 13 0
[2019-11-06 17:33:24]TIMES:70 SERIAL0:153 507 197
[2019-11-06 17:33:24]TIMES:70 bridge0:25807 303 0 0 0 0 0 0 5247 52 0 0 0 0 0 0
[2019-11-06 17:33:24]TIMES:70 rndis0:31698 377 0 0 0 0 0 0 8915 58 0 0 0 0 0 0
[2019-11-06 17:33:24]TIMES:70 NET MODE:5 -68 -95
[2019-11-06 17:33:24]TIMES:70 GNSS:22577095 113916770 42000000 3000000 0 0 1 0
[2019-11-06 17:33:29]TIMES:75 ZONE0 TEMP:39
[2019-11-06 17:33:29]TIMES:75 ZONE1 TEMP:38
[2019-11-06 17:33:29]TIMES:75 ZONE2 TEMP:41
[2019-11-06 17:33:29]TIMES:75 ZONE3 TEMP:39
[2019-11-06 17:33:29]TIMES:75 ZONE4 TEMP:37
[2019-11-06 17:33:29]TIMES:75 CPU USE:26 4 22 0
[2019-11-06 17:33:29]TIMES:75 CPU0 USE:26 4 22 0
[2019-11-06 17:33:29]TIMES:75 SERIAL0:153 535 197
[2019-11-06 17:33:29]TIMES:75 bridge0:26483 313 0 0 0 0 0 0 5247 52 0 0 0 0 0 0
[2019-11-06 17:33:29]TIMES:75 rmnet0:2716 23 0 0 0 0 0 0 3692 41 0 0 0 0 0 0
[2019-11-06 17:33:29]TIMES:75 rmnet_data0:2506 23 0 0 0 0 0 0 3304 36 0 0 0 0 0 0
[2019-11-06 17:33:29]TIMES:75 rndis0:32662 391 0 0 0 0 0 0 8915 58 0 0 0 0 0 0
[2019-11-06 17:33:29]TIMES:75 NET MODE:5 -63 -95
[2019-11-06 17:33:29]TIMES:75 GNSS:22577095 113916769 42000000 3000000 0 0 1 0
[2019-11-06 17:33:34]TIMES:80 ZONE2 TEMP:42
[2019-11-06 17:33:35]TIMES:80 ZONE5 TEMP:38
[2019-11-06 17:33:35]TIMES:80 CPU USE:16 2 14 0
[2019-11-06 17:33:35]TIMES:80 CPU0 USE:16 2 14 0
[2019-11-06 17:33:35]TIMES:80 SERIAL0:153 559 200
[2019-11-06 17:33:35]TIMES:80 bridge0:27159 323 0 0 0 0 0 0 5247 52 0 0 0 0 0 0
[2019-11-06 17:33:35]TIMES:80 rndis0:33626 405 0 0 0 0 0 0 8915 58 0 0 0 0 0 0
[2019-11-06 17:33:35]TIMES:80 NET MODE:5 -67 -95
[2019-11-06 17:33:40]TIMES:85 ZONE2 TEMP:41
[2019-11-06 17:33:40]TIMES:85 CPU USE:15 2 13 0
[2019-11-06 17:33:40]TIMES:85 CPU0 USE:15 2 13 0
[2019-11-06 17:33:40]TIMES:85 SERIAL0:153 587 200
[2019-11-06 17:33:40]TIMES:85 bridge0:27835 333 0 0 0 0 0 0 5247 52 0 0 0 0 0 0
[2019-11-06 17:33:40]TIMES:85 rndis0:34590 419 0 0 0 0 0 0 8915 58 0 0 0 0 0 0
[2019-11-06 17:33:40]TIMES:85 NET MODE:5 -63 -95
[2019-11-06 17:33:40]TIMES:85 GNSS:22577095 113916770 42000000 3000000 0 0 1 0
[2019-11-06 17:33:45]TIMES:90 ZONE0 TEMP:37
[2019-11-06 17:33:45]TIMES:90 ZONE1 TEMP:34
[2019-11-06 17:33:45]TIMES:90 ZONE2 TEMP:37
[2019-11-06 17:33:45]TIMES:90 ZONE3 TEMP:35
[2019-11-06 17:33:45]TIMES:90 ZONE4 TEMP:34
[2019-11-06 17:33:45]TIMES:90 ZONE5 TEMP:37
[2019-11-06 17:33:45]TIMES:90 CPU USE:18 3 15 0
[2019-11-06 17:33:45]TIMES:90 CPU0 USE:18 3 15 0
[2019-11-06 17:33:45]TIMES:90 SERIAL0:153 611 203
[2019-11-06 17:33:45]TIMES:90 bridge0:27913 334 0 0 0 0 0 0 5247 52 0 0 0 0 0 0
[2019-11-06 17:33:45]TIMES:90 rndis0:34668 420 0 0 0 0 0 0 8915 58 0 0 0 0 0 0
[2019-11-06 17:33:45]TIMES:90 NET MODE:5 -68 -95
[2019-11-06 17:33:50]TIMES:95 ZONE2 TEMP:36
[2019-11-06 17:33:50]TIMES:95 CPU USE:16 2 14 0
[2019-11-06 17:33:50]TIMES:95 CPU0 USE:16 2 14 0
[2019-11-06 17:33:50]TIMES:95 SERIAL0:153 639 203
[2019-11-06 17:33:50]TIMES:95 NET MODE:5 -62 -95
[2019-11-06 17:33:55]TIMES:100 ZONE0 TEMP:39
[2019-11-06 17:33:55]TIMES:100 ZONE1 TEMP:38
[2019-11-06 17:33:55]TIMES:100 ZONE2 TEMP:41
[2019-11-06 17:33:55]TIMES:100 ZONE3 TEMP:39
[2019-11-06 17:33:55]TIMES:100 ZONE4 TEMP:36
[2019-11-06 17:33:55]TIMES:100 ZONE5 TEMP:38
[2019-11-06 17:33:55]TIMES:100 CPU USE:15 2 13 0
[2019-11-06 17:33:55]TIMES:100 CPU0 USE:15 2 13 0
[2019-11-06 17:33:55]TIMES:100 SERIAL0:153 663 206
[2019-11-06 17:33:55]TIMES:100 bridge0:28012 336 0 0 0 0 0 0 5401 54 0 0 0 0 0 0
[2019-11-06 17:33:55]TIMES:100 rmnet0:3940 32 0 0 0 0 0 0 5336 56 0 0 0 0 0 0
[2019-11-06 17:33:55]TIMES:100 rmnet_data0:3640 32 0 0 0 0 0 0 4948 51 0 0 0 0 0 0
[2019-11-06 17:33:55]TIMES:100 rndis0:34767 422 0 0 0 0 0 0 9185 60 0 0 0 0 0 0
[2019-11-06 17:34:00]TIMES:105 ZONE0 TEMP:40
[2019-11-06 17:34:00]TIMES:105 ZONE1 TEMP:39
[2019-11-06 17:34:00]TIMES:105 ZONE2 TEMP:42
[2019-11-06 17:34:00]TIMES:105 ZONE4 TEMP:37
[2019-11-06 17:34:00]TIMES:105 CPU USE:21 3 18 0
[2019-11-06 17:34:00]TIMES:105 CPU0 USE:21 3 18 0
[2019-11-06 17:34:00]TIMES:105 SERIAL0:153 677 206
[2019-11-06 17:34:00]TIMES:105 bridge0:28040 337 0 0 0 0 0 0 5429 55 0 0 0 0 0 0
[2019-11-06 17:34:00]TIMES:105 rmnet0:4072 33 0 0 0 0 0 0 5472 58 0 0 0 0 0 0
[2019-11-06 17:34:00]TIMES:105 rmnet_data0:3764 33 0 0 0 0 0 0 5084 53 0 0 0 0 0 0
[2019-11-06 17:34:00]TIMES:105 rndis0:34795 423 0 0 0 0 0 0 9271 61 0 0 0 0 0 0
