[1980-01-06 08:00:16]sleep:5
[1980-01-06 08:00:16]change:1
[1980-01-06 08:00:16]address:
[1980-01-06 08:00:16]time:0
[1980-01-06 08:00:16]size:5
[1980-01-06 08:00:16]Oct 31 2019 14:30:13
[1980-01-06 08:00:21]TIMES:0 ZONE0 TEMP:36
[1980-01-06 08:00:21]TIMES:0 ZONE1 TEMP:33
[1980-01-06 08:00:21]TIMES:0 ZONE2 TEMP:35
[1980-01-06 08:00:21]TIMES:0 ZONE3 TEMP:34
[1980-01-06 08:00:21]TIMES:0 ZONE4 TEMP:33
[1980-01-06 08:00:21]TIMES:0 ZONE5 TEMP:114
[1980-01-06 08:00:21]TIMES:0 ZONE6 TEMP:29
[1980-01-06 08:00:21]TIMES:0 MEM FREE:94 35
[1980-01-06 08:00:21]TIMES:0 CPU0 FREQ:806400
[1980-01-06 08:00:21]TIMES:0 SERIAL0:153 152 176
[1980-01-06 08:00:21]TIMES:0 SERIAL1:151 0 0
[1980-01-06 08:00:21]TIMES:0 bridge0:0 0 0 0 0 0 0 0 660 7 0 0 0 0 0 0
[1980-01-06 08:00:21]TIMES:0 NET DELAY:-500
[1980-01-06 08:00:26]TIMES:5 ZONE0 TEMP:38
[1980-01-06 08:00:26]TIMES:5 ZONE1 TEMP:37
[1980-01-06 08:00:26]TIMES:5 ZONE2 TEMP:40
[1980-01-06 08:00:26]TIMES:5 ZONE3 TEMP:37
[1980-01-06 08:00:26]TIMES:5 ZONE4 TEMP:36
[1980-01-06 08:00:26]TIMES:5 ZONE5 TEMP:36
[1980-01-06 08:00:26]TIMES:5 MEM FREE:93 31
[1980-01-06 08:00:26]TIMES:5 CPU USE:44 10 34 0
[1980-01-06 08:00:26]TIMES:5 CPU0 USE:44 10 34 0
[1980-01-06 08:00:26]TIMES:5 SERIAL0:153 190 178
[1980-01-06 08:00:26]TIMES:5 rmnet0:0 0 0 0 0 0 0 0 696 9 0 0 0 0 0 0
[1980-01-06 08:00:26]TIMES:5 rmnet_data1:0 0 0 0 0 0 0 0 308 4 0 0 0 0 0 0
[1980-01-06 08:00:26]TIMES:5 rmnet_data0:0 0 0 0 0 0 0 0 388 5 0 0 0 0 0 0
[1980-01-06 08:00:31]TIMES:10 ZONE3 TEMP:38
[1980-01-06 08:00:31][H[JMem: 124956K used, 32036K free, 48K shrd, 0K buff, 62652K cached
STAT     %CPU     COMMAND[0m
S     28.5     process-service
3080     top     -n1
R     7.1     power-service
S     0.0     /usr/bin/thermal-engine
root     0.0     /usr/bin/netmgrd
root     0.0     mcm_ril_service

[1980-01-06 08:00:31]TIMES:10 CPU USE:85 18 67 0
[1980-01-06 08:00:31][H[JMem: 124876K used, 32116K free, 48K shrd, 0K buff, 62652K cached
STAT     %CPU     COMMAND[0m
3080     top     -n1
S     10.0     process-service
S     0.0     /usr/bin/thermal-engine
root     0.0     /usr/bin/netmgrd
root     0.0     mcm_ril_service
S     0.0     modem-service

[1980-01-06 08:00:31]TIMES:10 CPU0 USE:85 18 67 0
[1980-01-06 08:00:31]TIMES:10 SERIAL0:153 214 181
[1980-01-06 08:00:31]TIMES:10 rmnet0:3116 6 0 0 0 0 0 0 1932 18 0 0 0 0 0 0
[1980-01-06 08:00:31]TIMES:10 rmnet_data1:0 0 0 0 0 0 0 0 772 6 0 0 0 0 0 0
[1980-01-06 08:00:31]TIMES:10 rmnet_data0:3060 6 0 0 0 0 0 0 1160 12 0 0 0 0 0 0
[1980-01-06 08:00:31]TIMES:10 NET MODE:5 -65 -99
[1980-01-06 08:00:36]TIMES:15 ZONE1 TEMP:38
[1980-01-06 08:00:36]TIMES:15 ZONE5 TEMP:37
[1980-01-06 08:00:36]TIMES:15 ZONE6 TEMP:30
[1980-01-06 08:00:36]TIMES:15 CPU USE:22 5 17 0
[1980-01-06 08:00:36]TIMES:15 CPU0 USE:22 5 17 0
[1980-01-06 08:00:36]TIMES:15 SERIAL0:153 242 181
[1980-01-06 08:00:36]TIMES:15 rmnet0:4940 11 0 0 0 0 0 0 3060 25 0 0 0 0 0 0
[1980-01-06 08:00:36]TIMES:15 rmnet_data1:0 0 0 0 0 0 0 0 1540 8 0 0 0 0 0 0
[1980-01-06 08:00:36]TIMES:15 rmnet_data0:4838 11 0 0 0 0 0 0 1520 17 0 0 0 0 0 0
[1980-01-06 08:00:41]TIMES:20 ZONE1 TEMP:37
[1980-01-06 08:00:41]TIMES:20 CPU USE:30 7 23 0
[1980-01-06 08:00:41]TIMES:20 CPU0 USE:30 7 23 0
[1980-01-06 08:00:41]TIMES:20 SERIAL0:153 266 194
[1980-01-06 08:00:41]TIMES:20 bridge0:0 0 0 0 0 0 0 0 804 9 0 0 0 0 0 0
[1980-01-06 08:00:41]TIMES:20 rmnet0:6960 19 0 0 0 0 0 0 3564 33 0 0 0 0 0 0
[1980-01-06 08:00:41]TIMES:20 rmnet_data1:52 1 0 0 0 0 0 0 1692 11 0 0 0 0 0 0
[1980-01-06 08:00:41]TIMES:20 rmnet_data0:6736 18 0 0 0 0 0 0 1872 22 0 0 0 0 0 0
[2019-11-06 18:27:25]TIMES:25 ZONE0 TEMP:39
[2019-11-06 18:27:25]TIMES:25 ZONE1 TEMP:38
[2019-11-06 18:27:25]TIMES:25 ZONE2 TEMP:41
[2019-11-06 18:27:25]TIMES:25 CPU USE:19 6 13 0
[2019-11-06 18:27:25]TIMES:25 CPU0 USE:19 6 13 0
[2019-11-06 18:27:25]TIMES:25 SERIAL0:153 306 196
[2019-11-06 18:27:25]TIMES:25 bridge0:0 0 0 0 0 0 0 0 948 11 0 0 0 0 0 0
[2019-11-06 18:27:25]TIMES:25 rmnet0:9480 33 0 0 0 0 0 0 5880 48 0 0 0 0 0 0
[2019-11-06 18:27:25]TIMES:25 rmnet_data1:2192 12 0 0 0 0 0 0 3864 24 0 0 0 0 0 0
[2019-11-06 18:27:25]TIMES:25 rmnet_data0:6992 21 0 0 0 0 0 0 2016 24 0 0 0 0 0 0
[2019-11-06 18:27:30]TIMES:30 ZONE0 TEMP:38
[2019-11-06 18:27:30]TIMES:30 CPU USE:16 3 13 0
[2019-11-06 18:27:30]TIMES:30 CPU0 USE:16 3 13 0
[2019-11-06 18:27:30]TIMES:30 SERIAL0:153 358 196
[2019-11-06 18:27:30]TIMES:30 rmnet0:10976 36 0 0 0 0 0 0 6000 50 0 0 0 0 0 0
[2019-11-06 18:27:30]TIMES:30 rmnet_data1:2303 14 0 0 0 0 0 0 3984 26 0 0 0 0 0 0
[2019-11-06 18:27:30]TIMES:30 rmnet_data0:8349 22 0 0 0 0 0 0 2016 24 0 0 0 0 0 0
