[1980-01-06 08:00:16]sleep:5
[1980-01-06 08:00:16]change:1
[1980-01-06 08:00:16]address:
[1980-01-06 08:00:16]time:0
[1980-01-06 08:00:16]size:5
[1980-01-06 08:00:16]Oct 31 2019 14:30:13
[1980-01-06 08:00:21]TIMES:0 ZONE0 TEMP:39
[1980-01-06 08:00:21]TIMES:0 ZONE1 TEMP:39
[1980-01-06 08:00:21]TIMES:0 ZONE2 TEMP:42
[1980-01-06 08:00:21]TIMES:0 ZONE3 TEMP:39
[1980-01-06 08:00:21]TIMES:0 ZONE4 TEMP:38
[1980-01-06 08:00:21]TIMES:0 ZONE5 TEMP:37
[1980-01-06 08:00:21]TIMES:0 ZONE6 TEMP:31
[1980-01-06 08:00:21]TIMES:0 MEM FREE:94 35
[1980-01-06 08:00:21]TIMES:0 CPU0 FREQ:806400
[1980-01-06 08:00:21]TIMES:0 SERIAL0:153 152 190
[1980-01-06 08:00:21]TIMES:0 SERIAL1:151 0 0
[1980-01-06 08:00:21]TIMES:0 bridge0:503 2 0 0 0 0 0 0 688 8 0 0 0 0 0 0
[1980-01-06 08:00:21]TIMES:0 rndis0:2670 17 0 0 0 0 0 0 2022 15 0 0 0 0 0 0
[1980-01-06 08:00:21]TIMES:0 NET DELAY:-500
[1980-01-06 08:00:26]TIMES:5 ZONE0 TEMP:40
[1980-01-06 08:00:26]TIMES:5 ZONE5 TEMP:38
[1980-01-06 08:00:26]TIMES:5 MEM FREE:93 31
[1980-01-06 08:00:26]TIMES:5 CPU USE:49 13 36 0
[1980-01-06 08:00:26]TIMES:5 CPU0 USE:49 13 36 0
[1980-01-06 08:00:26]TIMES:5 SERIAL0:153 190 206
[1980-01-06 08:00:26]TIMES:5 bridge0:2312 16 0 0 0 0 0 0 2427 19 0 0 0 0 0 0
[1980-01-06 08:00:26]TIMES:5 rmnet0:0 0 0 0 0 0 0 0 840 11 0 0 0 0 0 0
[1980-01-06 08:00:26]TIMES:5     lo:76 1 0 0 0 0 0 0 76 1 0 0 0 0 0 0
[1980-01-06 08:00:26]TIMES:5 rmnet_data1:0 0 0 0 0 0 0 0 388 5 0 0 0 0 0 0
[1980-01-06 08:00:26]TIMES:5 rmnet_data0:0 0 0 0 0 0 0 0 452 6 0 0 0 0 0 0
[1980-01-06 08:00:26]TIMES:5 rndis0:5419 37 0 0 0 0 0 0 4485 27 0 0 0 0 0 0
[1980-01-06 08:00:31]TIMES:10 ZONE6 TEMP:32
[1980-01-06 08:00:31][H[JMem: 125040K used, 31952K free, 52K shrd, 0K buff, 62740K cached
STAT     %CPU     COMMAND[0m
S     35.6     process-service
S     7.1     modem-service
S     7.1     tspcomm-service
S     7.1     mcu-service
S     7.1     data-service
S     7.1     power-service

[1980-01-06 08:00:31]TIMES:10 CPU USE:88 22 66 0
[1980-01-06 08:00:32][H[JMem: 125600K used, 31392K free, 52K shrd, 0K buff, 62860K cached
STAT     %CPU     COMMAND[0m
S     10.5     power-service
3080     top     -n1
root     5.2     mcm_ril_service
S     5.2     modem-service
S     5.2     hu-service
S     5.2     rescue-service

[1980-01-06 08:00:32]TIMES:10 CPU0 USE:88 22 66 0
[1980-01-06 08:00:32]TIMES:10 SERIAL0:153 224 450
[1980-01-06 08:00:32]TIMES:10 bridge0:3344 26 0 0 0 0 0 0 2784 24 0 0 0 0 0 0
[1980-01-06 08:00:32]TIMES:10 rmnet0:6356 13 0 0 0 0 0 0 2664 24 0 0 0 0 0 0
[1980-01-06 08:00:32]TIMES:10 rmnet_data1:0 0 0 0 0 0 0 0 1156 7 0 0 0 0 0 0
[1980-01-06 08:00:32]TIMES:10 rmnet_data0:6235 13 0 0 0 0 0 0 1508 17 0 0 0 0 0 0
[1980-01-06 08:00:32]TIMES:10 rndis0:7075 50 0 0 0 0 0 0 5132 32 0 0 0 0 0 0
[1980-01-06 08:00:32]TIMES:10 NET MODE:5 -35 -70
[1980-01-06 08:00:37]TIMES:15 ZONE0 TEMP:38
[1980-01-06 08:00:37]TIMES:15 ZONE1 TEMP:37
[1980-01-06 08:00:37]TIMES:15 ZONE2 TEMP:40
[1980-01-06 08:00:37]TIMES:15 ZONE3 TEMP:38
[1980-01-06 08:00:37]TIMES:15 ZONE4 TEMP:36
[1980-01-06 08:00:37]TIMES:15 MEM FREE:92 30
[1980-01-06 08:00:37]TIMES:15 CPU USE:29 7 22 0
[1980-01-06 08:00:37]TIMES:15 CPU0 USE:29 7 22 0
[1980-01-06 08:00:37]TIMES:15 SERIAL0:153 280 474
[1980-01-06 08:00:37]TIMES:15 bridge0:3854 31 0 0 0 0 0 0 2987 27 0 0 0 0 0 0
[1980-01-06 08:00:37]TIMES:15 rmnet0:6356 13 0 0 0 0 0 0 3184 27 0 0 0 0 0 0
[1980-01-06 08:00:37]TIMES:15 rmnet_data1:0 0 0 0 0 0 0 0 1540 8 0 0 0 0 0 0
[1980-01-06 08:00:37]TIMES:15 rmnet_data0:6235 13 0 0 0 0 0 0 1644 19 0 0 0 0 0 0
[1980-01-06 08:00:37]TIMES:15 rndis0:7985 58 0 0 0 0 0 0 5729 37 0 0 0 0 0 0
[1980-01-06 08:00:42]TIMES:20 ZONE0 TEMP:39
[1980-01-06 08:00:42]TIMES:20 ZONE2 TEMP:41
[1980-01-06 08:00:42]TIMES:20 CPU USE:17 4 13 0
[1980-01-06 08:00:42]TIMES:20 CPU0 USE:17 4 13 0
[1980-01-06 08:00:42]TIMES:20 SERIAL0:153 318 483
[1980-01-06 08:00:42]TIMES:20 bridge0:4426 37 0 0 0 0 0 0 3215 30 0 0 0 0 0 0
[1980-01-06 08:00:42]TIMES:20 rmnet0:8140 18 0 0 0 0 0 0 4028 35 0 0 0 0 0 0
[1980-01-06 08:00:42]TIMES:20 rmnet_data1:0 0 0 0 0 0 0 0 2032 11 0 0 0 0 0 0
[1980-01-06 08:00:42]TIMES:20 rmnet_data0:7974 18 0 0 0 0 0 0 1996 24 0 0 0 0 0 0
[1980-01-06 08:00:42]TIMES:20 rndis0:8925 66 0 0 0 0 0 0 6131 40 0 0 0 0 0 0
[1980-01-06 08:00:42]TIMES:20 NET MODE:2 -66 0
[1980-01-06 08:00:47]TIMES:25 ZONE0 TEMP:40
[1980-01-06 08:00:47]TIMES:25 ZONE1 TEMP:38
[1980-01-06 08:00:47]TIMES:25 ZONE2 TEMP:42
[1980-01-06 08:00:47]TIMES:25 ZONE3 TEMP:39
[1980-01-06 08:00:47]TIMES:25 ZONE4 TEMP:38
[1980-01-06 08:00:47]TIMES:25 ZONE5 TEMP:39
[1980-01-06 08:00:47]TIMES:25 ZONE6 TEMP:33
[1980-01-06 08:00:47]TIMES:25 CPU USE:27 7 20 0
[1980-01-06 08:00:47]TIMES:25 CPU0 USE:27 7 20 0
[1980-01-06 08:00:47]TIMES:25 SERIAL0:153 346 487
[1980-01-06 08:00:47]TIMES:25 bridge0:4730 42 0 0 0 0 0 0 3657 36 0 0 0 0 0 0
[1980-01-06 08:00:47]TIMES:25 rmnet0:12256 35 0 0 0 0 0 0 6140 53 0 0 0 0 0 0
[1980-01-06 08:00:47]TIMES:25 rmnet_data1:1729 6 0 0 0 0 0 0 3280 20 0 0 0 0 0 0
[1980-01-06 08:00:47]TIMES:25 rmnet_data0:10211 29 0 0 0 0 0 0 2860 33 0 0 0 0 0 0
[1980-01-06 08:00:47]TIMES:25 rndis0:9261 72 0 0 0 0 0 0 6401 42 0 0 0 0 0 0
[2019-11-06 19:00:48]TIMES:30 ZONE4 TEMP:37
[2019-11-06 19:00:48]TIMES:30 CPU USE:17 5 12 0
[2019-11-06 19:00:48]TIMES:30 CPU0 USE:17 5 12 0
[2019-11-06 19:00:48]TIMES:30 SERIAL0:153 410 534
[2019-11-06 19:00:48]TIMES:30 bridge0:4852 44 0 0 0 0 0 0 3734 37 0 0 0 0 0 0
[2019-11-06 19:00:48]TIMES:30 rmnet0:13060 43 0 0 0 0 0 0 8236 61 0 0 0 0 0 0
[2019-11-06 19:00:48]TIMES:30 rmnet_data1:2463 14 0 0 0 0 0 0 5376 28 0 0 0 0 0 0
[2019-11-06 19:00:48]TIMES:30 rndis0:9383 74 0 0 0 0 0 0 6536 43 0 0 0 0 0 0
[2019-11-06 19:00:48]TIMES:30 NET MODE:2 -59 0
[2019-11-06 19:00:48]TIMES:30 GNSS:22577461 113916062 0 18000000 0 450000 1 0
[2019-11-06 19:00:53]TIMES:35 CPU USE:15 2 13 0
[2019-11-06 19:00:53]TIMES:35 CPU0 USE:15 2 13 0
[2019-11-06 19:00:53]TIMES:35 SERIAL0:153 424 538
[2019-11-06 19:00:53]TIMES:35 bridge0:5372 49 0 0 0 0 0 0 3888 39 0 0 0 0 0 0
[2019-11-06 19:00:53]TIMES:35 rmnet0:14428 44 0 0 0 0 0 0 8236 61 0 0 0 0 0 0
[2019-11-06 19:00:53]TIMES:35 rmnet_data0:11568 30 0 0 0 0 0 0 2860 33 0 0 0 0 0 0
[2019-11-06 19:00:53]TIMES:35 rndis0:10199 80 0 0 0 0 0 0 6806 45 0 0 0 0 0 0
[2019-11-06 19:00:53]TIMES:35 GNSS:22577667 113916489 4289967296 32000000 0 0 1 0
[2019-11-06 19:00:58]TIMES:40 ZONE0 TEMP:41
[2019-11-06 19:00:58]TIMES:40 ZONE1 TEMP:39
[2019-11-06 19:00:58]TIMES:40 ZONE2 TEMP:43
[2019-11-06 19:00:58]TIMES:40 ZONE3 TEMP:40
[2019-11-06 19:00:58]TIMES:40 ZONE4 TEMP:39
[2019-11-06 19:00:58]TIMES:40 MEM FREE:93 30
[2019-11-06 19:00:58]TIMES:40 CPU USE:25 4 21 0
[2019-11-06 19:00:58]TIMES:40 CPU0 USE:25 4 21 0
[2019-11-06 19:00:58]TIMES:40 SERIAL0:153 476 547
[2019-11-06 19:00:58]TIMES:40 bridge0:5906 58 0 0 0 0 0 0 4307 45 0 0 0 0 0 0
[2019-11-06 19:00:58]TIMES:40 rmnet0:15052 50 0 0 0 0 0 0 13304 71 0 0 0 0 0 0
[2019-11-06 19:00:58]TIMES:40 rmnet_data0:12142 36 0 0 0 0 0 0 7928 43 0 0 0 0 0 0
[2019-11-06 19:00:58]TIMES:40 rndis0:15640 97 0 0 0 0 0 0 8377 56 0 0 0 0 0 0
[2019-11-06 19:00:58]TIMES:40 GNSS:22577699 113916503 4273967296 24000000 0 0 1 0
[2019-11-06 19:01:03]TIMES:45 ZONE0 TEMP:40
[2019-11-06 19:01:03]TIMES:45 ZONE1 TEMP:38
[2019-11-06 19:01:03]TIMES:45 ZONE2 TEMP:41
[2019-11-06 19:01:03]TIMES:45 ZONE3 TEMP:39
[2019-11-06 19:01:03]TIMES:45 ZONE4 TEMP:38
[2019-11-06 19:01:03]TIMES:45 CPU USE:16 3 13 0
[2019-11-06 19:01:03]TIMES:45 CPU0 USE:16 3 13 0
[2019-11-06 19:01:03]TIMES:45 SERIAL0:153 490 551
[2019-11-06 19:01:03]TIMES:45 bridge0:6028 60 0 0 0 0 0 0 4436 47 0 0 0 0 0 0
[2019-11-06 19:01:03]TIMES:45 rmnet0:15052 50 0 0 0 0 0 0 14708 72 0 0 0 0 0 0
[2019-11-06 19:01:03]TIMES:45 rmnet_data0:12142 36 0 0 0 0 0 0 9332 44 0 0 0 0 0 0
[2019-11-06 19:01:03]TIMES:45 rndis0:17162 100 0 0 0 0 0 0 8622 58 0 0 0 0 0 0
[2019-11-06 19:01:03]TIMES:45 GNSS:22577714 113916486 4275967296 19000000 0 0 1 0
[2019-11-06 19:01:08]TIMES:50 ZONE4 TEMP:37
[2019-11-06 19:01:08]TIMES:50 ZONE5 TEMP:40
[2019-11-06 19:01:08]TIMES:50 MEM FREE:93 31
[2019-11-06 19:01:08]TIMES:50 CPU USE:18 3 15 0
[2019-11-06 19:01:08]TIMES:50 CPU0 USE:18 3 15 0
[2019-11-06 19:01:08]TIMES:50 SERIAL0:153 528 563
[2019-11-06 19:01:08]TIMES:50 bridge0:6573 67 0 0 0 0 0 0 4638 50 0 0 0 0 0 0
[2019-11-06 19:01:08]TIMES:50 rmnet0:15780 57 0 0 0 0 0 0 19920 84 0 0 0 0 0 0
[2019-11-06 19:01:08]TIMES:50 rmnet_data0:12811 43 0 0 0 0 0 0 14544 56 0 0 0 0 0 0
[2019-11-06 19:01:08]TIMES:50 rndis0:22558 116 0 0 0 0 0 0 9967 67 0 0 0 0 0 0
[2019-11-06 19:01:08]TIMES:50 NET MODE:5 -38 -72
[2019-11-06 19:01:08]TIMES:50 GNSS:22577714 113916473 4280967296 13000000 0 0 1 0
[2019-11-06 19:01:13]TIMES:55 ZONE4 TEMP:38
[2019-11-06 19:01:13]TIMES:55 CPU USE:29 7 22 0
[2019-11-06 19:01:13]TIMES:55 CPU0 USE:29 7 22 0
[2019-11-06 19:01:13]TIMES:55 SERIAL0:153 542 567
[2019-11-06 19:01:13]TIMES:55 bridge0:9978 78 0 0 0 0 0 0 5462 60 0 0 0 0 0 0
[2019-11-06 19:01:13]TIMES:55 rmnet0:17096 70 0 0 0 0 0 0 25024 98 0 0 0 0 0 0
[2019-11-06 19:01:13]TIMES:55 rmnet_data1:2546 15 0 0 0 0 0 0 5520 30 0 0 0 0 0 0
[2019-11-06 19:01:13]TIMES:55 rmnet_data0:13936 55 0 0 0 0 0 0 19504 68 0 0 0 0 0 0
[2019-11-06 19:01:13]TIMES:55 rndis0:27580 130 0 0 0 0 0 0 11694 79 0 0 0 0 0 0
[2019-11-06 19:01:13]TIMES:55 GNSS:22577719 113916476 4283967296 15000000 0 0 1 0
[2019-11-06 19:01:18]TIMES:60 CPU USE:15 5 10 0
[2019-11-06 19:01:18]TIMES:60 CPU0 USE:15 5 10 0
[2019-11-06 19:01:18]TIMES:60 SERIAL0:153 566 574
[2019-11-06 19:01:18]TIMES:60 bridge0:10280 84 0 0 0 0 0 0 5627 63 0 0 0 0 0 0
[2019-11-06 19:01:18]TIMES:60 rmnet0:17872 78 0 0 0 0 0 0 30116 111 0 0 0 0 0 0
[2019-11-06 19:01:18]TIMES:60 rmnet_data0:14645 63 0 0 0 0 0 0 24596 81 0 0 0 0 0 0
[2019-11-06 19:01:18]TIMES:60 rndis0:32733 145 0 0 0 0 0 0 13002 88 0 0 0 0 0 0
[2019-11-06 19:01:18]TIMES:60 GNSS:22577727 113916483 4285967296 18000000 0 0 1 0
[2019-11-06 19:01:23]TIMES:65 MEM FREE:93 30
[2019-11-06 19:01:23]TIMES:65 CPU USE:17 2 15 0
[2019-11-06 19:01:23]TIMES:65 CPU0 USE:17 2 15 0
[2019-11-06 19:01:23]TIMES:65 SERIAL0:153 594 578
[2019-11-06 19:01:23]TIMES:65 bridge0:10704 92 0 0 0 0 0 0 5869 67 0 0 0 0 0 0
[2019-11-06 19:01:23]TIMES:65 rmnet0:18756 88 0 0 0 0 0 0 36448 125 0 0 0 0 0 0
[2019-11-06 19:01:23]TIMES:65 rmnet_data1:2598 16 0 0 0 0 0 0 6760 31 0 0 0 0 0 0
[2019-11-06 19:01:23]TIMES:65 rmnet_data0:15394 72 0 0 0 0 0 0 29688 94 0 0 0 0 0 0
[2019-11-06 19:01:23]TIMES:65 rndis0:38008 162 0 0 0 0 0 0 14543 99 0 0 0 0 0 0
[2019-11-06 19:01:23]TIMES:65 NET MODE:5 -45 -73
[2019-11-06 19:01:23]TIMES:65 GNSS:22577731 113916483 4287967296 17000000 0 0 1 0
[2019-11-06 19:01:28]TIMES:70 MEM FREE:93 31
[2019-11-06 19:01:28]TIMES:70 CPU USE:17 3 14 0
[2019-11-06 19:01:28]TIMES:70 CPU0 USE:17 3 14 0
[2019-11-06 19:01:28]TIMES:70 SERIAL0:153 618 585
[2019-11-06 19:01:28]TIMES:70 bridge0:11224 97 0 0 0 0 0 0 6023 69 0 0 0 0 0 0
[2019-11-06 19:01:28]TIMES:70 rmnet0:18980 90 0 0 0 0 0 0 38080 128 0 0 0 0 0 0
[2019-11-06 19:01:28]TIMES:70 rmnet_data0:15601 74 0 0 0 0 0 0 31320 97 0 0 0 0 0 0
[2019-11-06 19:01:28]TIMES:70 rndis0:40441 171 0 0 0 0 0 0 15136 103 0 0 0 0 0 0
[2019-11-06 19:01:28]TIMES:70 GNSS:22577737 113916483 4290967296 16000000 0 0 1 0
