[2019-11-07 11:27:59]TIMES:7570 CPU USE:17 3 14 0
[2019-11-07 11:27:59]TIMES:7570 CPU0 USE:17 3 14 0
[2019-11-07 11:27:59]TIMES:7570 SERIAL0:153 38634 17681
[2019-11-07 11:27:59]TIMES:7570 rmnet0:374628 3989 0 0 0 0 0 0 406296 4183 0 0 0 0 0 0
[2019-11-07 11:27:59]TIMES:7570 rmnet_data1:294862 3549 0 0 0 0 0 0 375044 3735 0 0 0 0 0 0
[2019-11-07 11:27:59]TIMES:7570 NET MODE:5 -66 -99
[2019-11-07 11:28:04]TIMES:7575 CPU USE:14 2 12 0
[2019-11-07 11:28:04]TIMES:7575 CPU0 USE:14 2 12 0
[2019-11-07 11:28:04]TIMES:7575 SERIAL0:153 38648 17691
[2019-11-07 11:28:04]TIMES:7575 rmnet0:375088 3994 0 0 0 0 0 0 406736 4188 0 0 0 0 0 0
[2019-11-07 11:28:04]TIMES:7575 rmnet_data1:295282 3554 0 0 0 0 0 0 375484 3740 0 0 0 0 0 0
[2019-11-07 11:28:04]TIMES:7575 NET MODE:5 -71 -100
[2019-11-07 11:28:09]TIMES:7580 MEM FREE:91 28
[2019-11-07 11:28:09]TIMES:7580 SERIAL0:153 38672 17704
[2019-11-07 11:28:09]TIMES:7580 rmnet0:375272 3996 0 0 0 0 0 0 406880 4190 0 0 0 0 0 0
[2019-11-07 11:28:09]TIMES:7580 rmnet_data1:295449 3556 0 0 0 0 0 0 375628 3742 0 0 0 0 0 0
[2019-11-07 11:28:14]TIMES:7585 CPU USE:15 3 12 0
[2019-11-07 11:28:14]TIMES:7585 CPU0 USE:15 3 12 0
[2019-11-07 11:28:14]TIMES:7585 SERIAL0:153 38700 17714
[2019-11-07 11:28:19]TIMES:7590 ZONE0 TEMP:42
[2019-11-07 11:28:19]TIMES:7590 ZONE1 TEMP:39
[2019-11-07 11:28:19]TIMES:7590 ZONE2 TEMP:42
[2019-11-07 11:28:19]TIMES:7590 ZONE3 TEMP:41
[2019-11-07 11:28:19]TIMES:7590 ZONE4 TEMP:39
[2019-11-07 11:28:19]TIMES:7590 CPU USE:16 2 14 0
[2019-11-07 11:28:19]TIMES:7590 CPU0 USE:16 2 14 0
[2019-11-07 11:28:19]TIMES:7590 SERIAL0:153 38724 17727
[2019-11-07 11:28:19]TIMES:7590 NET MODE:5 -65 -100
[2019-11-07 11:28:24]TIMES:7595 ZONE0 TEMP:41
[2019-11-07 11:28:24]TIMES:7595 ZONE1 TEMP:38
[2019-11-07 11:28:24]TIMES:7595 ZONE2 TEMP:41
[2019-11-07 11:28:24]TIMES:7595 ZONE3 TEMP:39
[2019-11-07 11:28:24]TIMES:7595 ZONE4 TEMP:38
[2019-11-07 11:28:24]TIMES:7595 ZONE5 TEMP:42
[2019-11-07 11:28:24]TIMES:7595 ZONE6 TEMP:35
[2019-11-07 11:28:24]TIMES:7595 CPU USE:13 3 10 0
[2019-11-07 11:28:24]TIMES:7595 CPU0 USE:13 3 10 0
[2019-11-07 11:28:24]TIMES:7595 SERIAL0:153 38752 17737
[2019-11-07 11:28:24]TIMES:7595 NET MODE:5 -69 -100
[2019-11-07 11:28:29]TIMES:7600 ZONE0 TEMP:44
[2019-11-07 11:28:29]TIMES:7600 ZONE1 TEMP:43
[2019-11-07 11:28:29]TIMES:7600 ZONE2 TEMP:45
[2019-11-07 11:28:29]TIMES:7600 ZONE3 TEMP:43
[2019-11-07 11:28:29]TIMES:7600 ZONE4 TEMP:41
[2019-11-07 11:28:29]TIMES:7600 CPU USE:29 5 24 0
[2019-11-07 11:28:29]TIMES:7600 CPU0 USE:29 5 24 0
[2019-11-07 11:28:29]TIMES:7600 SERIAL0:153 38776 17750
[2019-11-07 11:28:29]TIMES:7600 rmnet0:375628 3999 0 0 0 0 0 0 407160 4194 0 0 0 0 0 0
[2019-11-07 11:28:29]TIMES:7600 rmnet_data1:295532 3557 0 0 0 0 0 0 375772 3744 0 0 0 0 0 0
[2019-11-07 11:28:29]TIMES:7600 rmnet_data0:47700 442 0 0 0 0 0 0 31388 450 0 0 0 0 0 0
[2019-11-07 11:28:34]TIMES:7605 ZONE2 TEMP:46
[2019-11-07 11:28:34]TIMES:7605 ZONE6 TEMP:36
[2019-11-07 11:28:34]TIMES:7605 CPU USE:15 3 12 0
[2019-11-07 11:28:34]TIMES:7605 CPU0 USE:15 3 12 0
[2019-11-07 11:28:34]TIMES:7605 SERIAL0:153 38804 17760
[2019-11-07 11:28:39]TIMES:7610 MEM FREE:91 27
[2019-11-07 11:28:39]TIMES:7610 CPU USE:16 4 12 0
[2019-11-07 11:28:39]TIMES:7610 CPU0 USE:16 4 12 0
[2019-11-07 11:28:39]TIMES:7610 SERIAL0:153 38828 17773
[2019-11-07 11:28:39]TIMES:7610 rmnet0:376240 4006 0 0 0 0 0 0 408508 4201 0 0 0 0 0 0
[2019-11-07 11:28:39]TIMES:7610 rmnet_data1:296004 3563 0 0 0 0 0 0 377032 3750 0 0 0 0 0 0
[2019-11-07 11:28:39]TIMES:7610 rmnet_data0:47784 443 0 0 0 0 0 0 31476 451 0 0 0 0 0 0
[2019-11-07 11:28:44]TIMES:7615 CPU USE:14 2 12 0
[2019-11-07 11:28:44]TIMES:7615 CPU0 USE:14 2 12 0
[2019-11-07 11:28:44]TIMES:7615 SERIAL0:153 38856 17783
[2019-11-07 11:28:44]TIMES:7615 rmnet0:376700 4011 0 0 0 0 0 0 408948 4206 0 0 0 0 0 0
[2019-11-07 11:28:44]TIMES:7615 rmnet_data1:296424 3568 0 0 0 0 0 0 377472 3755 0 0 0 0 0 0
[2019-11-07 11:28:49]TIMES:7620 ZONE5 TEMP:43
[2019-11-07 11:28:49]TIMES:7620 CPU USE:18 3 15 0
[2019-11-07 11:28:49]TIMES:7620 CPU0 USE:18 3 15 0
[2019-11-07 11:28:49]TIMES:7620 SERIAL0:153 38880 17796
[2019-11-07 11:28:49]TIMES:7620 rmnet0:377312 4018 0 0 0 0 0 0 409532 4213 0 0 0 0 0 0
[2019-11-07 11:28:49]TIMES:7620 rmnet_data1:296979 3575 0 0 0 0 0 0 378056 3762 0 0 0 0 0 0
[2019-11-07 11:28:54]TIMES:7625 CPU USE:15 3 12 0
[2019-11-07 11:28:54]TIMES:7625 CPU0 USE:15 3 12 0
[2019-11-07 11:28:54]TIMES:7625 SERIAL0:153 38894 17806
[2019-11-07 11:28:54]TIMES:7625 rmnet0:377772 4023 0 0 0 0 0 0 409972 4218 0 0 0 0 0 0
[2019-11-07 11:28:54]TIMES:7625 rmnet_data1:297399 3580 0 0 0 0 0 0 378496 3767 0 0 0 0 0 0
[2019-11-07 11:28:59]TIMES:7630 ZONE4 TEMP:42
[2019-11-07 11:28:59]TIMES:7630 CPU USE:29 6 23 0
[2019-11-07 11:28:59]TIMES:7630 CPU0 USE:29 6 23 0
[2019-11-07 11:28:59]TIMES:7630 SERIAL0:153 38932 17819
[2019-11-07 11:28:59]TIMES:7630 rmnet0:378496 4030 0 0 0 0 0 0 410548 4225 0 0 0 0 0 0
[2019-11-07 11:28:59]TIMES:7630 rmnet_data1:297819 3585 0 0 0 0 0 0 378936 3772 0 0 0 0 0 0
[2019-11-07 11:28:59]TIMES:7630 rmnet_data0:48032 445 0 0 0 0 0 0 31612 453 0 0 0 0 0 0
[2019-11-07 11:29:04]TIMES:7635 ZONE3 TEMP:44
[2019-11-07 11:29:04]TIMES:7635 CPU USE:15 3 12 0
[2019-11-07 11:29:04]TIMES:7635 CPU0 USE:15 3 12 0
[2019-11-07 11:29:04]TIMES:7635 SERIAL0:153 38946 17829
[2019-11-07 11:29:04]TIMES:7635 rmnet0:378956 4035 0 0 0 0 0 0 410988 4230 0 0 0 0 0 0
[2019-11-07 11:29:04]TIMES:7635 rmnet_data1:298239 3590 0 0 0 0 0 0 379376 3777 0 0 0 0 0 0
[2019-11-07 11:29:09]TIMES:7640 CPU USE:13 2 11 0
[2019-11-07 11:29:09]TIMES:7640 CPU0 USE:13 2 11 0
[2019-11-07 11:29:09]TIMES:7640 SERIAL0:153 38984 17842
[2019-11-07 11:29:09]TIMES:7640 rmnet0:379508 4041 0 0 0 0 0 0 411572 4237 0 0 0 0 0 0
[2019-11-07 11:29:09]TIMES:7640 rmnet_data1:298742 3596 0 0 0 0 0 0 379960 3784 0 0 0 0 0 0
[2019-11-07 11:29:14]TIMES:7645 ZONE4 TEMP:41
[2019-11-07 11:29:14]TIMES:7645 CPU USE:15 2 13 0
[2019-11-07 11:29:14]TIMES:7645 CPU0 USE:15 2 13 0
[2019-11-07 11:29:14]TIMES:7645 SERIAL0:153 38998 17852
[2019-11-07 11:29:14]TIMES:7645 bridge0:0 0 0 0 0 0 0 0 18312 253 0 0 0 0 0 0
[2019-11-07 11:29:14]TIMES:7645 rmnet0:379968 4046 0 0 0 0 0 0 412012 4242 0 0 0 0 0 0
[2019-11-07 11:29:14]TIMES:7645 rmnet_data1:299162 3601 0 0 0 0 0 0 380400 3789 0 0 0 0 0 0
[2019-11-07 11:29:19]TIMES:7650 ZONE4 TEMP:42
[2019-11-07 11:29:19]TIMES:7650 CPU USE:17 2 15 0
[2019-11-07 11:29:19]TIMES:7650 CPU0 USE:17 2 15 0
[2019-11-07 11:29:19]TIMES:7650 SERIAL0:153 39036 17865
[2019-11-07 11:29:19]TIMES:7650 bridge0:0 0 0 0 0 0 0 0 18528 256 0 0 0 0 0 0
[2019-11-07 11:29:19]TIMES:7650 rmnet0:380428 4051 0 0 0 0 0 0 412452 4247 0 0 0 0 0 0
[2019-11-07 11:29:19]TIMES:7650 rmnet_data1:299582 3606 0 0 0 0 0 0 380840 3794 0 0 0 0 0 0
[2019-11-07 11:29:24]TIMES:7655 CPU USE:12 3 9 0
[2019-11-07 11:29:24]TIMES:7655 CPU0 USE:12 3 9 0
[2019-11-07 11:29:24]TIMES:7655 SERIAL0:153 39050 17875
[2019-11-07 11:29:24]TIMES:7655 rmnet0:380888 4056 0 0 0 0 0 0 412892 4252 0 0 0 0 0 0
[2019-11-07 11:29:24]TIMES:7655 rmnet_data1:300002 3611 0 0 0 0 0 0 381280 3799 0 0 0 0 0 0
[2019-11-07 11:29:29]TIMES:7660 CPU USE:15 3 12 0
[2019-11-07 11:29:29]TIMES:7660 CPU0 USE:15 3 12 0
[2019-11-07 11:29:29]TIMES:7660 SERIAL0:153 39088 17888
[2019-11-07 11:29:29]TIMES:7660 rmnet0:381440 4062 0 0 0 0 0 0 413476 4259 0 0 0 0 0 0
[2019-11-07 11:29:29]TIMES:7660 rmnet_data1:300505 3617 0 0 0 0 0 0 381864 3806 0 0 0 0 0 0
[2019-11-07 11:29:34]TIMES:7665 CPU USE:27 6 21 0
[2019-11-07 11:29:34]TIMES:7665 CPU0 USE:27 6 21 0
[2019-11-07 11:29:34]TIMES:7665 SERIAL0:153 39102 17898
[2019-11-07 11:29:34]TIMES:7665 rmnet0:382164 4069 0 0 0 0 0 0 414052 4266 0 0 0 0 0 0
[2019-11-07 11:29:34]TIMES:7665 rmnet_data1:300925 3622 0 0 0 0 0 0 382304 3811 0 0 0 0 0 0
[2019-11-07 11:29:34]TIMES:7665 rmnet_data0:48280 447 0 0 0 0 0 0 31748 455 0 0 0 0 0 0
[2019-11-07 11:29:39]TIMES:7670 ZONE3 TEMP:43
[2019-11-07 11:29:39]TIMES:7670 ZONE4 TEMP:41
[2019-11-07 11:29:39]TIMES:7670 CPU USE:15 4 11 0
[2019-11-07 11:29:39]TIMES:7670 CPU0 USE:15 4 11 0
[2019-11-07 11:29:39]TIMES:7670 SERIAL0:153 39126 17911
[2019-11-07 11:29:39]TIMES:7670 rmnet0:382684 4075 0 0 0 0 0 0 415312 4272 0 0 0 0 0 0
[2019-11-07 11:29:39]TIMES:7670 rmnet_data1:301397 3628 0 0 0 0 0 0 383564 3817 0 0 0 0 0 0
[2019-11-07 11:29:44]TIMES:7675 ZONE3 TEMP:44
[2019-11-07 11:29:44]TIMES:7675 CPU USE:14 3 11 0
[2019-11-07 11:29:44]TIMES:7675 CPU0 USE:14 3 11 0
[2019-11-07 11:29:44]TIMES:7675 SERIAL0:153 39154 17921
[2019-11-07 11:29:44]TIMES:7675 rmnet0:383144 4080 0 0 0 0 0 0 415752 4277 0 0 0 0 0 0
[2019-11-07 11:29:44]TIMES:7675 rmnet_data1:301817 3633 0 0 0 0 0 0 384004 3822 0 0 0 0 0 0
[2019-11-07 11:29:49]TIMES:7680 ZONE4 TEMP:42
[2019-11-07 11:29:49]TIMES:7680 CPU USE:17 2 15 0
[2019-11-07 11:29:49]TIMES:7680 CPU0 USE:17 2 15 0
[2019-11-07 11:29:49]TIMES:7680 SERIAL0:153 39178 17934
[2019-11-07 11:29:49]TIMES:7680 rmnet0:383604 4085 0 0 0 0 0 0 416192 4282 0 0 0 0 0 0
[2019-11-07 11:29:49]TIMES:7680 rmnet_data1:302237 3638 0 0 0 0 0 0 384444 3827 0 0 0 0 0 0
[2019-11-07 11:29:54]TIMES:7685 ZONE3 TEMP:43
[2019-11-07 11:29:54]TIMES:7685 ZONE4 TEMP:41
[2019-11-07 11:29:54]TIMES:7685 CPU USE:13 2 11 0
[2019-11-07 11:29:54]TIMES:7685 CPU0 USE:13 2 11 0
[2019-11-07 11:29:54]TIMES:7685 SERIAL0:153 39206 17944
[2019-11-07 11:29:54]TIMES:7685 rmnet0:384216 4092 0 0 0 0 0 0 416776 4289 0 0 0 0 0 0
[2019-11-07 11:29:54]TIMES:7685 rmnet_data1:302792 3645 0 0 0 0 0 0 385028 3834 0 0 0 0 0 0
[2019-11-07 11:29:59]TIMES:7690 ZONE3 TEMP:44
[2019-11-07 11:29:59]TIMES:7690 ZONE4 TEMP:42
[2019-11-07 11:29:59]TIMES:7690 CPU USE:16 3 13 0
[2019-11-07 11:29:59]TIMES:7690 CPU0 USE:16 3 13 0
[2019-11-07 11:29:59]TIMES:7690 SERIAL0:153 39230 17957
[2019-11-07 11:29:59]TIMES:7690 rmnet0:384676 4097 0 0 0 0 0 0 417216 4294 0 0 0 0 0 0
[2019-11-07 11:29:59]TIMES:7690 rmnet_data1:303212 3650 0 0 0 0 0 0 385468 3839 0 0 0 0 0 0
[2019-11-07 11:30:04]TIMES:7695 CPU USE:42 8 34 0
[2019-11-07 11:30:04]TIMES:7695 CPU0 USE:42 8 34 0
[2019-11-07 11:30:04]TIMES:7695 SERIAL0:153 39258 17967
[2019-11-07 11:30:04]TIMES:7695 rmnet0:385856 4109 0 0 0 0 0 0 418148 4306 0 0 0 0 0 0
[2019-11-07 11:30:04]TIMES:7695 rmnet_data1:303632 3655 0 0 0 0 0 0 385908 3844 0 0 0 0 0 0
[2019-11-07 11:30:04]TIMES:7695 rmnet_data0:48936 454 0 0 0 0 0 0 32240 462 0 0 0 0 0 0
[2019-11-07 11:30:09]TIMES:7700 MEM FREE:91 28
[2019-11-07 11:30:09]TIMES:7700 CPU USE:14 2 12 0
[2019-11-07 11:30:09]TIMES:7700 CPU0 USE:14 2 12 0
[2019-11-07 11:30:09]TIMES:7700 SERIAL0:153 39282 17980
[2019-11-07 11:30:14]TIMES:7705 CPU USE:14 1 13 0
[2019-11-07 11:30:14]TIMES:7705 CPU0 USE:14 1 13 0
[2019-11-07 11:30:14]TIMES:7705 SERIAL0:153 39296 17990
[2019-11-07 11:30:14]TIMES:7705 rmnet0:385948 4110 0 0 0 0 0 0 418292 4308 0 0 0 0 0 0
[2019-11-07 11:30:14]TIMES:7705 rmnet_data1:303715 3656 0 0 0 0 0 0 386052 3846 0 0 0 0 0 0
[2019-11-07 11:30:19]TIMES:7710 CPU USE:15 2 13 0
[2019-11-07 11:30:19]TIMES:7710 CPU0 USE:15 2 13 0
[2019-11-07 11:30:19]TIMES:7710 SERIAL0:153 39334 18003
[2019-11-07 11:30:24]TIMES:7715 ZONE0 TEMP:43
[2019-11-07 11:30:24]TIMES:7715 ZONE1 TEMP:40
[2019-11-07 11:30:24]TIMES:7715 ZONE2 TEMP:42
[2019-11-07 11:30:24]TIMES:7715 ZONE3 TEMP:41
[2019-11-07 11:30:24]TIMES:7715 ZONE4 TEMP:40
[2019-11-07 11:30:24]TIMES:7715 ZONE5 TEMP:67
[2019-11-07 11:30:24]TIMES:7715 CPU USE:13 2 11 0
[2019-11-07 11:30:24]TIMES:7715 CPU0 USE:13 2 11 0
[2019-11-07 11:30:24]TIMES:7715 SERIAL0:153 39348 18013
[2019-11-07 11:30:29]TIMES:7720 ZONE1 TEMP:42
[2019-11-07 11:30:29]TIMES:7720 ZONE2 TEMP:45
[2019-11-07 11:30:29]TIMES:7720 ZONE3 TEMP:43
[2019-11-07 11:30:29]TIMES:7720 ZONE4 TEMP:41
[2019-11-07 11:30:29]TIMES:7720 ZONE5 TEMP:42
[2019-11-07 11:30:29]TIMES:7720 MEM FREE:91 27
[2019-11-07 11:30:29]TIMES:7720 CPU USE:20 4 16 0
[2019-11-07 11:30:29]TIMES:7720 CPU0 USE:20 4 16 0
[2019-11-07 11:30:29]TIMES:7720 SERIAL0:153 39386 18026
[2019-11-07 11:30:29]TIMES:7720 rmnet0:386132 4112 0 0 0 0 0 0 418436 4310 0 0 0 0 0 0
[2019-11-07 11:30:29]TIMES:7720 rmnet_data0:49104 456 0 0 0 0 0 0 32384 464 0 0 0 0 0 0
[2019-11-07 11:30:34]TIMES:7725 ZONE0 TEMP:44
[2019-11-07 11:30:34]TIMES:7725 ZONE1 TEMP:43
[2019-11-07 11:30:34]TIMES:7725 ZONE4 TEMP:42
[2019-11-07 11:30:34]TIMES:7725 ZONE5 TEMP:74
[2019-11-07 11:30:34]TIMES:7725 CPU USE:11 3 8 0
[2019-11-07 11:30:34]TIMES:7725 CPU0 USE:11 3 8 0
[2019-11-07 11:30:34]TIMES:7725 SERIAL0:153 39400 18036
[2019-11-07 11:30:34]TIMES:7725 rmnet0:386224 4113 0 0 0 0 0 0 418580 4312 0 0 0 0 0 0
[2019-11-07 11:30:34]TIMES:7725 rmnet_data1:303798 3657 0 0 0 0 0 0 386196 3848 0 0 0 0 0 0
[2019-11-07 11:30:39]TIMES:7730 ZONE2 TEMP:46
[2019-11-07 11:30:39]TIMES:7730 ZONE4 TEMP:41
[2019-11-07 11:30:39]TIMES:7730 ZONE5 TEMP:43
[2019-11-07 11:30:39]TIMES:7730 CPU USE:26 7 19 0
[2019-11-07 11:30:39]TIMES:7730 CPU0 USE:26 7 19 0
[2019-11-07 11:30:39]TIMES:7730 SERIAL0:153 39438 18049
[2019-11-07 11:30:39]TIMES:7730 rmnet0:387008 4121 0 0 0 0 0 0 419976 4320 0 0 0 0 0 0
[2019-11-07 11:30:39]TIMES:7730 rmnet_data1:304270 3663 0 0 0 0 0 0 387456 3854 0 0 0 0 0 0
[2019-11-07 11:30:39]TIMES:7730 rmnet_data0:49352 458 0 0 0 0 0 0 32520 466 0 0 0 0 0 0
[2019-11-07 11:30:44]TIMES:7735 CPU USE:15 3 12 0
[2019-11-07 11:30:44]TIMES:7735 CPU0 USE:15 3 12 0
[2019-11-07 11:30:44]TIMES:7735 SERIAL0:153 39452 18059
[2019-11-07 11:30:44]TIMES:7735 rmnet0:387468 4126 0 0 0 0 0 0 420416 4325 0 0 0 0 0 0
[2019-11-07 11:30:44]TIMES:7735 rmnet_data1:304690 3668 0 0 0 0 0 0 387896 3859 0 0 0 0 0 0
[2019-11-07 11:30:44]TIMES:7735 NET MODE:5 -67 -104
[2019-11-07 11:30:49]TIMES:7740 CPU USE:18 3 15 0
[2019-11-07 11:30:49]TIMES:7740 CPU0 USE:18 3 15 0
[2019-11-07 11:30:49]TIMES:7740 SERIAL0:153 39490 18072
[2019-11-07 11:30:49]TIMES:7740 rmnet0:387928 4131 0 0 0 0 0 0 420856 4330 0 0 0 0 0 0
[2019-11-07 11:30:49]TIMES:7740 rmnet_data1:305110 3673 0 0 0 0 0 0 388336 3864 0 0 0 0 0 0
[2019-11-07 11:30:54]TIMES:7745 ZONE5 TEMP:42
[2019-11-07 11:30:54]TIMES:7745 CPU USE:14 2 12 0
[2019-11-07 11:30:54]TIMES:7745 CPU0 USE:14 2 12 0
[2019-11-07 11:30:54]TIMES:7745 SERIAL0:153 39504 18082
[2019-11-07 11:30:54]TIMES:7745 rmnet0:388540 4138 0 0 0 0 0 0 421440 4337 0 0 0 0 0 0
[2019-11-07 11:30:54]TIMES:7745 rmnet_data1:305665 3680 0 0 0 0 0 0 388920 3871 0 0 0 0 0 0
[2019-11-07 11:30:59]TIMES:7750 ZONE4 TEMP:42
[2019-11-07 11:30:59]TIMES:7750 ZONE5 TEMP:43
[2019-11-07 11:30:59]TIMES:7750 CPU USE:18 3 15 0
[2019-11-07 11:30:59]TIMES:7750 CPU0 USE:18 3 15 0
[2019-11-07 11:30:59]TIMES:7750 SERIAL0:153 39542 18095
[2019-11-07 11:30:59]TIMES:7750 rmnet0:389000 4143 0 0 0 0 0 0 421880 4342 0 0 0 0 0 0
[2019-11-07 11:30:59]TIMES:7750 rmnet_data1:306085 3685 0 0 0 0 0 0 389360 3876 0 0 0 0 0 0
[2019-11-07 11:31:04]TIMES:7755 CPU USE:14 3 11 0
[2019-11-07 11:31:04]TIMES:7755 CPU0 USE:14 3 11 0
[2019-11-07 11:31:04]TIMES:7755 SERIAL0:153 39556 18105
[2019-11-07 11:31:04]TIMES:7755 rmnet0:389460 4148 0 0 0 0 0 0 422320 4347 0 0 0 0 0 0
[2019-11-07 11:31:04]TIMES:7755 rmnet_data1:306505 3690 0 0 0 0 0 0 389800 3881 0 0 0 0 0 0
[2019-11-07 11:31:09]TIMES:7760 ZONE4 TEMP:41
[2019-11-07 11:31:09]TIMES:7760 CPU USE:28 7 21 0
[2019-11-07 11:31:09]TIMES:7760 CPU0 USE:28 7 21 0
[2019-11-07 11:31:09]TIMES:7760 SERIAL0:153 39580 18118
[2019-11-07 11:31:09]TIMES:7760 rmnet0:390184 4155 0 0 0 0 0 0 422896 4354 0 0 0 0 0 0
[2019-11-07 11:31:09]TIMES:7760 rmnet_data1:306925 3695 0 0 0 0 0 0 390240 3886 0 0 0 0 0 0
[2019-11-07 11:31:09]TIMES:7760 rmnet_data0:49600 460 0 0 0 0 0 0 32656 468 0 0 0 0 0 0
[2019-11-07 11:31:14]TIMES:7765 CPU USE:15 3 12 0
[2019-11-07 11:31:14]TIMES:7765 CPU0 USE:15 3 12 0
[2019-11-07 11:31:14]TIMES:7765 SERIAL0:153 39608 18128
[2019-11-07 11:31:14]TIMES:7765 rmnet0:390736 4161 0 0 0 0 0 0 423480 4361 0 0 0 0 0 0
[2019-11-07 11:31:14]TIMES:7765 rmnet_data1:307428 3701 0 0 0 0 0 0 390824 3893 0 0 0 0 0 0
[2019-11-07 11:31:19]TIMES:7770 ZONE3 TEMP:44
[2019-11-07 11:31:19]TIMES:7770 ZONE4 TEMP:42
[2019-11-07 11:31:19]TIMES:7770 SERIAL0:153 39632 18141
[2019-11-07 11:31:19]TIMES:7770 bridge0:0 0 0 0 0 0 0 0 18672 258 0 0 0 0 0 0
[2019-11-07 11:31:19]TIMES:7770 rmnet0:391196 4166 0 0 0 0 0 0 423920 4366 0 0 0 0 0 0
[2019-11-07 11:31:19]TIMES:7770 rmnet_data1:307848 3706 0 0 0 0 0 0 391264 3898 0 0 0 0 0 0
[2019-11-07 11:31:19]TIMES:7770 NET MODE:5 -72 -102
[2019-11-07 11:31:24]TIMES:7775 CPU USE:12 2 10 0
[2019-11-07 11:31:24]TIMES:7775 CPU0 USE:12 2 10 0
[2019-11-07 11:31:24]TIMES:7775 SERIAL0:153 39660 18151
[2019-11-07 11:31:24]TIMES:7775 bridge0:0 0 0 0 0 0 0 0 18744 259 0 0 0 0 0 0
[2019-11-07 11:31:24]TIMES:7775 rmnet0:391656 4171 0 0 0 0 0 0 424360 4371 0 0 0 0 0 0
[2019-11-07 11:31:24]TIMES:7775 rmnet_data1:308268 3711 0 0 0 0 0 0 391704 3903 0 0 0 0 0 0
[2019-11-07 11:31:24]TIMES:7775 NET MODE:5 -68 -100
[2019-11-07 11:31:29]TIMES:7780 ZONE4 TEMP:41
[2019-11-07 11:31:29]TIMES:7780 CPU USE:16 3 13 0
[2019-11-07 11:31:29]TIMES:7780 CPU0 USE:16 3 13 0
[2019-11-07 11:31:29]TIMES:7780 SERIAL0:153 39684 18164
[2019-11-07 11:31:29]TIMES:7780 bridge0:0 0 0 0 0 0 0 0 18816 260 0 0 0 0 0 0
[2019-11-07 11:31:29]TIMES:7780 rmnet0:392116 4176 0 0 0 0 0 0 424800 4376 0 0 0 0 0 0
[2019-11-07 11:31:29]TIMES:7780 rmnet_data1:308688 3716 0 0 0 0 0 0 392144 3908 0 0 0 0 0 0
[2019-11-07 11:31:34]TIMES:7785 ZONE4 TEMP:42
[2019-11-07 11:31:34]TIMES:7785 CPU USE:13 2 11 0
[2019-11-07 11:31:34]TIMES:7785 CPU0 USE:13 2 11 0
[2019-11-07 11:31:34]TIMES:7785 SERIAL0:153 39712 18174
[2019-11-07 11:31:34]TIMES:7785 rmnet0:392576 4181 0 0 0 0 0 0 425240 4381 0 0 0 0 0 0
[2019-11-07 11:31:34]TIMES:7785 rmnet_data1:309108 3721 0 0 0 0 0 0 392584 3913 0 0 0 0 0 0
[2019-11-07 11:31:39]TIMES:7790 CPU USE:28 6 22 0
[2019-11-07 11:31:39]TIMES:7790 CPU0 USE:28 6 22 0
[2019-11-07 11:31:39]TIMES:7790 SERIAL0:153 39736 18187
[2019-11-07 11:31:39]TIMES:7790 rmnet0:393452 4190 0 0 0 0 0 0 426780 4391 0 0 0 0 0 0
[2019-11-07 11:31:39]TIMES:7790 rmnet_data1:309663 3728 0 0 0 0 0 0 393988 3921 0 0 0 0 0 0
[2019-11-07 11:31:39]TIMES:7790 rmnet_data0:49848 462 0 0 0 0 0 0 32792 470 0 0 0 0 0 0
[2019-11-07 11:31:44]TIMES:7795 CPU USE:14 3 11 0
[2019-11-07 11:31:44]TIMES:7795 CPU0 USE:14 3 11 0
[2019-11-07 11:31:44]TIMES:7795 SERIAL0:153 39750 18197
[2019-11-07 11:31:44]TIMES:7795 rmnet0:393912 4195 0 0 0 0 0 0 427220 4396 0 0 0 0 0 0
[2019-11-07 11:31:44]TIMES:7795 rmnet_data1:310083 3733 0 0 0 0 0 0 394428 3926 0 0 0 0 0 0
[2019-11-07 11:31:49]TIMES:7800 MEM FREE:90 27
[2019-11-07 11:31:49]TIMES:7800 CPU USE:15 4 11 0
[2019-11-07 11:31:49]TIMES:7800 CPU0 USE:15 4 11 0
[2019-11-07 11:31:49]TIMES:7800 SERIAL0:153 39788 18210
[2019-11-07 11:31:49]TIMES:7800 rmnet0:394372 4200 0 0 0 0 0 0 427660 4401 0 0 0 0 0 0
[2019-11-07 11:31:49]TIMES:7800 rmnet_data1:310503 3738 0 0 0 0 0 0 394868 3931 0 0 0 0 0 0
[2019-11-07 11:31:54]TIMES:7805 MEM FREE:91 27
[2019-11-07 11:31:54]TIMES:7805 CPU USE:11 2 9 0
[2019-11-07 11:31:54]TIMES:7805 CPU0 USE:11 2 9 0
[2019-11-07 11:31:54]TIMES:7805 SERIAL0:153 39802 18220
[2019-11-07 11:31:54]TIMES:7805 rmnet0:394832 4205 0 0 0 0 0 0 428100 4406 0 0 0 0 0 0
[2019-11-07 11:31:54]TIMES:7805 rmnet_data1:310923 3743 0 0 0 0 0 0 395308 3936 0 0 0 0 0 0
[2019-11-07 11:31:59]TIMES:7810 CPU USE:18 3 15 0
[2019-11-07 11:31:59]TIMES:7810 CPU0 USE:18 3 15 0
[2019-11-07 11:31:59]TIMES:7810 SERIAL0:153 39840 18233
[2019-11-07 11:31:59]TIMES:7810 rmnet0:395444 4212 0 0 0 0 0 0 428684 4413 0 0 0 0 0 0
[2019-11-07 11:31:59]TIMES:7810 rmnet_data1:311478 3750 0 0 0 0 0 0 395892 3943 0 0 0 0 0 0
[2019-11-07 11:32:04]TIMES:7815 CPU USE:17 3 14 0
[2019-11-07 11:32:04]TIMES:7815 CPU0 USE:17 3 14 0
[2019-11-07 11:32:04]TIMES:7815 SERIAL0:153 39854 18243
[2019-11-07 11:32:04]TIMES:7815 rmnet0:395904 4217 0 0 0 0 0 0 429124 4418 0 0 0 0 0 0
[2019-11-07 11:32:04]TIMES:7815 rmnet_data1:311898 3755 0 0 0 0 0 0 396332 3948 0 0 0 0 0 0
[2019-11-07 11:32:09]TIMES:7820 CPU USE:15 3 12 0
[2019-11-07 11:32:09]TIMES:7820 CPU0 USE:15 3 12 0
[2019-11-07 11:32:09]TIMES:7820 SERIAL0:153 39892 18256
[2019-11-07 11:32:14]TIMES:7825 MEM FREE:91 28
[2019-11-07 11:32:14]TIMES:7825 CPU USE:27 5 22 0
[2019-11-07 11:32:14]TIMES:7825 CPU0 USE:27 5 22 0
[2019-11-07 11:32:14]TIMES:7825 SERIAL0:153 39906 18266
[2019-11-07 11:32:14]TIMES:7825 rmnet0:396168 4219 0 0 0 0 0 0 429260 4420 0 0 0 0 0 0
[2019-11-07 11:32:14]TIMES:7825 rmnet_data0:50096 464 0 0 0 0 0 0 32928 472 0 0 0 0 0 0
[2019-11-07 11:32:14]TIMES:7825 NET MODE:5 -65 -105
[2019-11-07 11:32:19]TIMES:7830 MEM FREE:91 27
[2019-11-07 11:32:19]TIMES:7830 CPU USE:18 3 15 0
[2019-11-07 11:32:19]TIMES:7830 CPU0 USE:18 3 15 0
[2019-11-07 11:32:19]TIMES:7830 SERIAL0:153 39944 18279
[2019-11-07 11:32:19]TIMES:7830 rmnet0:396260 4220 0 0 0 0 0 0 429404 4422 0 0 0 0 0 0
[2019-11-07 11:32:19]TIMES:7830 rmnet_data1:311981 3756 0 0 0 0 0 0 396476 3950 0 0 0 0 0 0
[2019-11-07 11:32:19]TIMES:7830 NET MODE:5 -72 -104
[2019-11-07 11:32:24]TIMES:7835 CPU USE:16 2 14 0
[2019-11-07 11:32:24]TIMES:7835 CPU0 USE:16 2 14 0
[2019-11-07 11:32:24]TIMES:7835 SERIAL0:153 39958 18289
[2019-11-07 11:32:29]TIMES:7840 ZONE0 TEMP:43
[2019-11-07 11:32:29]TIMES:7840 ZONE1 TEMP:41
[2019-11-07 11:32:29]TIMES:7840 ZONE2 TEMP:44
[2019-11-07 11:32:29]TIMES:7840 ZONE3 TEMP:42
[2019-11-07 11:32:29]TIMES:7840 ZONE4 TEMP:41
[2019-11-07 11:32:29]TIMES:7840 MEM FREE:91 28
[2019-11-07 11:32:29]TIMES:7840 CPU USE:15 3 12 0
[2019-11-07 11:32:29]TIMES:7840 CPU0 USE:15 3 12 0
[2019-11-07 11:32:29]TIMES:7840 SERIAL0:153 39982 18302
[2019-11-07 11:32:34]TIMES:7845 ZONE0 TEMP:41
[2019-11-07 11:32:34]TIMES:7845 ZONE1 TEMP:38
[2019-11-07 11:32:34]TIMES:7845 ZONE2 TEMP:41
[2019-11-07 11:32:34]TIMES:7845 ZONE3 TEMP:40
[2019-11-07 11:32:34]TIMES:7845 ZONE4 TEMP:39
[2019-11-07 11:32:34]TIMES:7845 ZONE5 TEMP:42
[2019-11-07 11:32:34]TIMES:7845 MEM FREE:91 27
[2019-11-07 11:32:34]TIMES:7845 SERIAL0:153 40010 18312
[2019-11-07 11:32:34]TIMES:7845 NET MODE:5 -66 -102
[2019-11-07 11:32:40]TIMES:7850 ZONE0 TEMP:44
[2019-11-07 11:32:40]TIMES:7850 ZONE1 TEMP:43
[2019-11-07 11:32:40]TIMES:7850 ZONE2 TEMP:46
[2019-11-07 11:32:40]TIMES:7850 ZONE3 TEMP:43
[2019-11-07 11:32:40]TIMES:7850 ZONE4 TEMP:41
[2019-11-07 11:32:40]TIMES:7850 CPU USE:17 4 13 0
[2019-11-07 11:32:40]TIMES:7850 CPU0 USE:17 4 13 0
[2019-11-07 11:32:40]TIMES:7850 SERIAL0:153 40050 18325
[2019-11-07 11:32:40]TIMES:7850 rmnet0:396872 4227 0 0 0 0 0 0 430784 4430 0 0 0 0 0 0
[2019-11-07 11:32:40]TIMES:7850 rmnet_data1:312536 3763 0 0 0 0 0 0 397856 3958 0 0 0 0 0 0
[2019-11-07 11:32:45]TIMES:7855 ZONE5 TEMP:43
[2019-11-07 11:32:45]TIMES:7855 CPU USE:26 5 21 0
[2019-11-07 11:32:45]TIMES:7855 CPU0 USE:26 5 21 0
[2019-11-07 11:32:45]TIMES:7855 SERIAL0:153 40078 18335
[2019-11-07 11:32:45]TIMES:7855 rmnet0:397596 4234 0 0 0 0 0 0 431360 4437 0 0 0 0 0 0
[2019-11-07 11:32:45]TIMES:7855 rmnet_data1:312956 3768 0 0 0 0 0 0 398296 3963 0 0 0 0 0 0
[2019-11-07 11:32:45]TIMES:7855 rmnet_data0:50344 466 0 0 0 0 0 0 33064 474 0 0 0 0 0 0
[2019-11-07 11:32:50]TIMES:7860 CPU USE:18 4 14 0
[2019-11-07 11:32:50]TIMES:7860 CPU0 USE:18 4 14 0
[2019-11-07 11:32:50]TIMES:7860 SERIAL0:153 40102 18348
[2019-11-07 11:32:50]TIMES:7860 rmnet0:398056 4239 0 0 0 0 0 0 431800 4442 0 0 0 0 0 0
[2019-11-07 11:32:50]TIMES:7860 rmnet_data1:313376 3773 0 0 0 0 0 0 398736 3968 0 0 0 0 0 0
[2019-11-07 11:32:55]TIMES:7865 ZONE3 TEMP:44
[2019-11-07 11:32:55]TIMES:7865 ZONE4 TEMP:42
[2019-11-07 11:32:55]TIMES:7865 CPU USE:14 3 11 0
[2019-11-07 11:32:55]TIMES:7865 CPU0 USE:14 3 11 0
[2019-11-07 11:32:55]TIMES:7865 SERIAL0:153 40130 18358
[2019-11-07 11:32:55]TIMES:7865 rmnet0:398516 4244 0 0 0 0 0 0 432240 4447 0 0 0 0 0 0
[2019-11-07 11:32:55]TIMES:7865 rmnet_data1:313796 3778 0 0 0 0 0 0 399176 3973 0 0 0 0 0 0
[2019-11-07 11:33:00]TIMES:7870 ZONE3 TEMP:43
[2019-11-07 11:33:00]TIMES:7870 ZONE4 TEMP:41
[2019-11-07 11:33:00]TIMES:7870 CPU USE:16 4 12 0
[2019-11-07 11:33:00]TIMES:7870 CPU0 USE:16 4 12 0
[2019-11-07 11:33:00]TIMES:7870 SERIAL0:153 40154 18371
[2019-11-07 11:33:00]TIMES:7870 rmnet0:399128 4251 0 0 0 0 0 0 432824 4454 0 0 0 0 0 0
[2019-11-07 11:33:00]TIMES:7870 rmnet_data1:314351 3785 0 0 0 0 0 0 399760 3980 0 0 0 0 0 0
[2019-11-07 11:33:05]TIMES:7875 CPU USE:15 2 13 0
[2019-11-07 11:33:05]TIMES:7875 CPU0 USE:15 2 13 0
[2019-11-07 11:33:05]TIMES:7875 SERIAL0:153 40182 18381
[2019-11-07 11:33:05]TIMES:7875 rmnet0:399588 4256 0 0 0 0 0 0 433264 4459 0 0 0 0 0 0
[2019-11-07 11:33:05]TIMES:7875 rmnet_data1:314771 3790 0 0 0 0 0 0 400200 3985 0 0 0 0 0 0
[2019-11-07 11:33:10]TIMES:7880 ZONE3 TEMP:44
[2019-11-07 11:33:10]TIMES:7880 ZONE4 TEMP:42
[2019-11-07 11:33:10]TIMES:7880 CPU USE:18 4 14 0
[2019-11-07 11:33:10]TIMES:7880 CPU0 USE:18 4 14 0
[2019-11-07 11:33:10]TIMES:7880 SERIAL0:153 40206 18394
[2019-11-07 11:33:10]TIMES:7880 rmnet0:400048 4261 0 0 0 0 0 0 433704 4464 0 0 0 0 0 0
[2019-11-07 11:33:10]TIMES:7880 rmnet_data1:315191 3795 0 0 0 0 0 0 400640 3990 0 0 0 0 0 0
[2019-11-07 11:33:10]TIMES:7880 NET MODE:5 -71 -102
[2019-11-07 11:33:15]TIMES:7885 MEM FREE:90 27
[2019-11-07 11:33:15]TIMES:7885 CPU USE:19 5 14 0
[2019-11-07 11:33:15]TIMES:7885 CPU0 USE:19 5 14 0
[2019-11-07 11:33:15]TIMES:7885 SERIAL0:153 40220 18404
[2019-11-07 11:33:15]TIMES:7885 rmnet0:400508 4266 0 0 0 0 0 0 434144 4469 0 0 0 0 0 0
[2019-11-07 11:33:15]TIMES:7885 rmnet_data1:315611 3800 0 0 0 0 0 0 401080 3995 0 0 0 0 0 0
[2019-11-07 11:33:15]TIMES:7885 NET MODE:5 -66 -101
[2019-11-07 11:33:20]TIMES:7890 MEM FREE:91 27
[2019-11-07 11:33:20]TIMES:7890 CPU USE:36 8 28 0
[2019-11-07 11:33:20]TIMES:7890 CPU0 USE:36 8 28 0
[2019-11-07 11:33:20]TIMES:7890 SERIAL0:153 40258 18417
[2019-11-07 11:33:20]TIMES:7890 rmnet0:401688 4278 0 0 0 0 0 0 435076 4481 0 0 0 0 0 0
[2019-11-07 11:33:20]TIMES:7890 rmnet_data1:316031 3805 0 0 0 0 0 0 401520 4000 0 0 0 0 0 0
[2019-11-07 11:33:20]TIMES:7890 rmnet_data0:51000 473 0 0 0 0 0 0 33556 481 0 0 0 0 0 0
[2019-11-07 11:33:20]TIMES:7890 NET MODE:5 -71 -102
[2019-11-07 11:33:25]TIMES:7895 CPU USE:13 2 11 0
[2019-11-07 11:33:25]TIMES:7895 CPU0 USE:13 2 11 0
[2019-11-07 11:33:25]TIMES:7895 SERIAL0:153 40272 18427
[2019-11-07 11:33:25]TIMES:7895 bridge0:0 0 0 0 0 0 0 0 18888 261 0 0 0 0 0 0
[2019-11-07 11:33:25]TIMES:7895 rmnet0:402240 4284 0 0 0 0 0 0 435660 4488 0 0 0 0 0 0
[2019-11-07 11:33:25]TIMES:7895 rmnet_data1:316534 3811 0 0 0 0 0 0 402104 4007 0 0 0 0 0 0
[2019-11-07 11:33:25]TIMES:7895 NET MODE:5 -67 -101
[2019-11-07 11:33:30]TIMES:7900 CPU USE:15 2 13 0
[2019-11-07 11:33:30]TIMES:7900 CPU0 USE:15 2 13 0
[2019-11-07 11:33:30]TIMES:7900 SERIAL0:153 40310 18440
[2019-11-07 11:33:30]TIMES:7900 bridge0:0 0 0 0 0 0 0 0 19032 263 0 0 0 0 0 0
[2019-11-07 11:33:30]TIMES:7900 rmnet0:402700 4289 0 0 0 0 0 0 436100 4493 0 0 0 0 0 0
[2019-11-07 11:33:30]TIMES:7900 rmnet_data1:316954 3816 0 0 0 0 0 0 402544 4012 0 0 0 0 0 0
[2019-11-07 11:33:30]TIMES:7900 NET MODE:5 -71 -101
[2019-11-07 11:33:35]TIMES:7905 CPU USE:15 1 14 0
[2019-11-07 11:33:35]TIMES:7905 CPU0 USE:15 1 14 0
[2019-11-07 11:33:35]TIMES:7905 SERIAL0:153 40324 18450
[2019-11-07 11:33:35]TIMES:7905 bridge0:0 0 0 0 0 0 0 0 19104 264 0 0 0 0 0 0
[2019-11-07 11:33:35]TIMES:7905 rmnet0:403160 4294 0 0 0 0 0 0 436540 4498 0 0 0 0 0 0
[2019-11-07 11:33:35]TIMES:7905 rmnet_data1:317374 3821 0 0 0 0 0 0 402984 4017 0 0 0 0 0 0
[2019-11-07 11:33:35]TIMES:7905 NET MODE:5 -67 -104
[2019-11-07 11:33:40]TIMES:7910 CPU USE:17 5 12 0
[2019-11-07 11:33:40]TIMES:7910 CPU0 USE:17 5 12 0
[2019-11-07 11:33:40]TIMES:7910 SERIAL0:153 40362 18463
[2019-11-07 11:33:40]TIMES:7910 rmnet0:403680 4300 0 0 0 0 0 0 437800 4504 0 0 0 0 0 0
[2019-11-07 11:33:40]TIMES:7910 rmnet_data1:317846 3827 0 0 0 0 0 0 404244 4023 0 0 0 0 0 0
[2019-11-07 11:33:45]TIMES:7915 ZONE5 TEMP:42
[2019-11-07 11:33:45]TIMES:7915 CPU USE:19 3 16 0
[2019-11-07 11:33:45]TIMES:7915 CPU0 USE:19 3 16 0
[2019-11-07 11:33:45]TIMES:7915 SERIAL0:153 40376 18473
[2019-11-07 11:33:45]TIMES:7915 rmnet0:404476 4309 0 0 0 0 0 0 438528 4513 0 0 0 0 0 0
[2019-11-07 11:33:45]TIMES:7915 rmnet_data1:318401 3834 0 0 0 0 0 0 404828 4030 0 0 0 0 0 0
[2019-11-07 11:33:45]TIMES:7915 rmnet_data0:51168 475 0 0 0 0 0 0 33700 483 0 0 0 0 0 0
