[1980-01-06 08:00:16]sleep:5
[1980-01-06 08:00:16]change:1
[1980-01-06 08:00:16]address:
[1980-01-06 08:00:16]time:0
[1980-01-06 08:00:16]size:5
[1980-01-06 08:00:16]Oct 31 2019 14:30:13
[1980-01-06 08:00:21]TIMES:0 ZONE0 TEMP:39
[1980-01-06 08:00:21]TIMES:0 ZONE1 TEMP:36
[1980-01-06 08:00:21]TIMES:0 ZONE2 TEMP:39
[1980-01-06 08:00:21]TIMES:0 ZONE3 TEMP:38
[1980-01-06 08:00:21]TIMES:0 ZONE4 TEMP:37
[1980-01-06 08:00:21]TIMES:0 ZONE5 TEMP:39
[1980-01-06 08:00:21]TIMES:0 ZONE6 TEMP:33
[1980-01-06 08:00:21]TIMES:0 MEM FREE:94 34
[1980-01-06 08:00:21]TIMES:0 CPU0 FREQ:806400
[1980-01-06 08:00:21]TIMES:0 SERIAL0:153 691 218
[1980-01-06 08:00:21]TIMES:0 SERIAL1:151 0 0
[1980-01-06 08:00:21]TIMES:0 bridge0:0 0 0 0 0 0 0 0 948 11 0 0 0 0 0 0
[1980-01-06 08:00:21]TIMES:0 NET DELAY:-500
[1980-01-06 08:00:26]TIMES:5 ZONE0 TEMP:42
[1980-01-06 08:00:26]TIMES:5 ZONE1 TEMP:40
[1980-01-06 08:00:26]TIMES:5 ZONE2 TEMP:43
[1980-01-06 08:00:26]TIMES:5 ZONE3 TEMP:41
[1980-01-06 08:00:26]TIMES:5 ZONE4 TEMP:39
[1980-01-06 08:00:26]TIMES:5 MEM FREE:92 31
[1980-01-06 08:00:26]TIMES:5 CPU USE:53 11 42 0
[1980-01-06 08:00:26]TIMES:5 CPU0 USE:53 11 42 0
[1980-01-06 08:00:26]TIMES:5 SERIAL0:153 1154 258
[1980-01-06 08:00:26]TIMES:5 rmnet0:0 0 0 0 0 0 0 0 776 10 0 0 0 0 0 0
[1980-01-06 08:00:26]TIMES:5 rmnet_data1:0 0 0 0 0 0 0 0 388 5 0 0 0 0 0 0
[1980-01-06 08:00:26]TIMES:5 rmnet_data0:0 0 0 0 0 0 0 0 388 5 0 0 0 0 0 0
[1980-01-06 08:00:31]TIMES:10 ZONE0 TEMP:40
[1980-01-06 08:00:31]TIMES:10 ZONE1 TEMP:38
[1980-01-06 08:00:31]TIMES:10 ZONE2 TEMP:42
[1980-01-06 08:00:31]TIMES:10 ZONE3 TEMP:39
[1980-01-06 08:00:31]TIMES:10 ZONE4 TEMP:38
[1980-01-06 08:00:31]TIMES:10 ZONE5 TEMP:40
[1980-01-06 08:00:31]TIMES:10 MEM FREE:92 30
[1980-01-06 08:00:31]TIMES:10 CPU USE:80 13 67 0
[1980-01-06 08:00:31]TIMES:10 CPU0 USE:80 13 67 0
[1980-01-06 08:00:31]TIMES:10 SERIAL0:153 1230 267
[1980-01-06 08:00:31]TIMES:10 rmnet0:0 0 0 0 0 0 0 0 988 13 0 0 0 0 0 0
[1980-01-06 08:00:31]TIMES:10 rmnet_data0:0 0 0 0 0 0 0 0 600 8 0 0 0 0 0 0
[1980-01-06 08:00:31]TIMES:10 NET MODE:5 -61 -100
[1980-01-06 08:00:36]TIMES:15 ZONE2 TEMP:41
[1980-01-06 08:00:36]TIMES:15 ZONE6 TEMP:34
[1980-01-06 08:00:36]TIMES:15 CPU USE:17 2 15 0
[1980-01-06 08:00:36]TIMES:15 CPU0 USE:17 2 15 0
[1980-01-06 08:00:36]TIMES:15 SERIAL0:153 1258 272
[1980-01-06 08:00:36]TIMES:15 rmnet0:772 7 0 0 0 0 0 0 1400 19 0 0 0 0 0 0
[1980-01-06 08:00:36]TIMES:15 rmnet_data1:0 0 0 0 0 0 0 0 452 6 0 0 0 0 0 0
[1980-01-06 08:00:36]TIMES:15 rmnet_data0:712 7 0 0 0 0 0 0 948 13 0 0 0 0 0 0
[1980-01-06 08:00:36]TIMES:15 NET MODE:2 -86 0
[1980-01-06 08:00:41]TIMES:20 ZONE0 TEMP:41
[1980-01-06 08:00:41]TIMES:20 ZONE1 TEMP:40
[1980-01-06 08:00:41]TIMES:20 ZONE2 TEMP:43
[1980-01-06 08:00:41]TIMES:20 ZONE3 TEMP:40
[1980-01-06 08:00:41]TIMES:20 ZONE4 TEMP:39
[1980-01-06 08:00:41]TIMES:20 MEM FREE:92 29
[1980-01-06 08:00:41]TIMES:20 CPU USE:41 13 28 0
[1980-01-06 08:00:41]TIMES:20 CPU0 USE:41 13 28 0
[1980-01-06 08:00:41]TIMES:20 SERIAL0:153 1282 275
[1980-01-06 08:00:41]TIMES:20 bridge0:0 0 0 0 0 0 0 0 1092 13 0 0 0 0 0 0
[1980-01-06 08:00:41]TIMES:20 rmnet0:5352 30 0 0 0 0 0 0 4080 46 0 0 0 0 0 0
[1980-01-06 08:00:41]TIMES:20 rmnet_data1:3461 13 0 0 0 0 0 0 2444 24 0 0 0 0 0 0
[1980-01-06 08:00:41]TIMES:20 rmnet_data0:1628 17 0 0 0 0 0 0 1636 22 0 0 0 0 0 0
[2019-11-07 11:37:05]TIMES:25 ZONE0 TEMP:42
[2019-11-07 11:37:05]TIMES:25 ZONE2 TEMP:44
[2019-11-07 11:37:05]TIMES:25 ZONE3 TEMP:41
[2019-11-07 11:37:05]TIMES:25 CPU USE:17 4 13 0
[2019-11-07 11:37:05]TIMES:25 CPU0 USE:17 4 13 0
[2019-11-07 11:37:05]TIMES:25 SERIAL0:153 1336 287
[2019-11-07 11:37:05]TIMES:25 bridge0:0 0 0 0 0 0 0 0 1236 15 0 0 0 0 0 0
[2019-11-07 11:37:05]TIMES:25 rmnet0:7880 42 0 0 0 0 0 0 6112 60 0 0 0 0 0 0
[2019-11-07 11:37:05]TIMES:25 rmnet_data1:5665 23 0 0 0 0 0 0 4332 36 0 0 0 0 0 0
[2019-11-07 11:37:05]TIMES:25 rmnet_data0:1844 19 0 0 0 0 0 0 1780 24 0 0 0 0 0 0
