[1980-01-06 08:00:16]sleep:5
[1980-01-06 08:00:16]change:1
[1980-01-06 08:00:16]address:
[1980-01-06 08:00:16]time:0
[1980-01-06 08:00:16]size:5
[1980-01-06 08:00:16]Oct 31 2019 14:30:13
[1980-01-06 08:00:21]TIMES:0 ZONE0 TEMP:35
[1980-01-06 08:00:21]TIMES:0 ZONE1 TEMP:32
[1980-01-06 08:00:21]TIMES:0 ZONE2 TEMP:35
[1980-01-06 08:00:21]TIMES:0 ZONE3 TEMP:34
[1980-01-06 08:00:21]TIMES:0 ZONE4 TEMP:33
[1980-01-06 08:00:21]TIMES:0 ZONE5 TEMP:35
[1980-01-06 08:00:21]TIMES:0 ZONE6 TEMP:28
[1980-01-06 08:00:21]TIMES:0 MEM FREE:95 35
[1980-01-06 08:00:21]TIMES:0 CPU0 FREQ:806400
[1980-01-06 08:00:21]TIMES:0 SERIAL0:153 152 186
[1980-01-06 08:00:21]TIMES:0 SERIAL1:151 0 0
[1980-01-06 08:00:21]TIMES:0 bridge0:0 0 0 0 0 0 0 0 672 8 0 0 0 0 0 0
[1980-01-06 08:00:21]TIMES:0 NET DELAY:-500
[1980-01-06 08:00:26]TIMES:5 ZONE0 TEMP:38
[1980-01-06 08:00:26]TIMES:5 ZONE1 TEMP:36
[1980-01-06 08:00:26]TIMES:5 ZONE2 TEMP:39
[1980-01-06 08:00:26]TIMES:5 ZONE3 TEMP:37
[1980-01-06 08:00:26]TIMES:5 ZONE4 TEMP:35
[1980-01-06 08:00:26]TIMES:5 ZONE6 TEMP:29
[1980-01-06 08:00:26]TIMES:5 MEM FREE:93 31
[1980-01-06 08:00:26]TIMES:5 CPU USE:52 13 39 0
[1980-01-06 08:00:26]TIMES:5 CPU0 USE:52 13 39 0
[1980-01-06 08:00:26]TIMES:5 SERIAL0:153 190 198
[1980-01-06 08:00:26]TIMES:5 rmnet0:0 0 0 0 0 0 0 0 776 10 0 0 0 0 0 0
[1980-01-06 08:00:26]TIMES:5 rmnet_data1:0 0 0 0 0 0 0 0 388 5 0 0 0 0 0 0
[1980-01-06 08:00:26]TIMES:5 rmnet_data0:0 0 0 0 0 0 0 0 388 5 0 0 0 0 0 0
[1980-01-06 08:00:31]TIMES:10 ZONE1 TEMP:37
[1980-01-06 08:00:31]TIMES:10 ZONE2 TEMP:40
[1980-01-06 08:00:31]TIMES:10 ZONE4 TEMP:36
[1980-01-06 08:00:31]TIMES:10 ZONE5 TEMP:36
[1980-01-06 08:00:31][H[JMem: 125212K used, 31780K free, 48K shrd, 0K buff, 62728K cached
STAT     %CPU     COMMAND[0m
S     26.6     process-service
S     6.6     modem-service
S     6.6     power-service
3080     top     -n1
root     0.0     /usr/bin/netmgrd
S     0.0     /usr/bin/thermal-engine

[1980-01-06 08:00:31]TIMES:10 CPU USE:91 18 73 0
[1980-01-06 08:00:32][H[JMem: 125168K used, 31824K free, 48K shrd, 0K buff, 62728K cached
STAT     %CPU     COMMAND[0m
S     7.6     modem-service
S     7.6     power-service
3080     top     -n1
root     0.0     /usr/bin/netmgrd
S     0.0     /usr/bin/thermal-engine
root     0.0     mcm_ril_service

[1980-01-06 08:00:32]TIMES:10 CPU0 USE:91 18 73 0
[1980-01-06 08:00:32]TIMES:10 SERIAL0:153 214 221
[1980-01-06 08:00:32]TIMES:10 rmnet0:2612 14 0 0 0 0 0 0 3052 29 0 0 0 0 0 0
[1980-01-06 08:00:32]TIMES:10 rmnet_data1:0 0 0 0 0 0 0 0 1348 9 0 0 0 0 0 0
[1980-01-06 08:00:32]TIMES:10 rmnet_data0:2489 14 0 0 0 0 0 0 1704 20 0 0 0 0 0 0
[1980-01-06 08:00:32]TIMES:10 NET MODE:5 -65 -97
[1980-01-06 08:00:37]TIMES:15 ZONE4 TEMP:35
[1980-01-06 08:00:37]TIMES:15 CPU USE:22 5 17 0
[1980-01-06 08:00:37]TIMES:15 CPU0 USE:22 5 17 0
[1980-01-06 08:00:37]TIMES:15 SERIAL0:153 242 231
[1980-01-06 08:00:37]TIMES:15 rmnet0:2612 14 0 0 0 0 0 0 3292 30 0 0 0 0 0 0
[1980-01-06 08:00:37]TIMES:15 rmnet_data1:0 0 0 0 0 0 0 0 1588 10 0 0 0 0 0 0
[1980-01-06 08:00:42]TIMES:20 CPU USE:17 4 13 0
[1980-01-06 08:00:42]TIMES:20 CPU0 USE:17 4 13 0
[1980-01-06 08:00:42]TIMES:20 SERIAL0:153 266 244
[1980-01-06 08:00:42]TIMES:20 bridge0:0 0 0 0 0 0 0 0 816 10 0 0 0 0 0 0
[1980-01-06 08:00:42]TIMES:20 rmnet0:4368 20 0 0 0 0 0 0 4344 40 0 0 0 0 0 0
[1980-01-06 08:00:42]TIMES:20 rmnet_data1:1489 4 0 0 0 0 0 0 2496 18 0 0 0 0 0 0
[1980-01-06 08:00:42]TIMES:20 rmnet_data0:2705 16 0 0 0 0 0 0 1848 22 0 0 0 0 0 0
[2019-11-07 15:15:08]TIMES:25 ZONE1 TEMP:38
[2019-11-07 15:15:08]TIMES:25 ZONE3 TEMP:38
[2019-11-07 15:15:08]TIMES:25 ZONE4 TEMP:36
[2019-11-07 15:15:08]TIMES:25 ZONE5 TEMP:37
[2019-11-07 15:15:08]TIMES:25 ZONE6 TEMP:30
[2019-11-07 15:15:08]TIMES:25 CPU USE:16 7 9 0
[2019-11-07 15:15:08]TIMES:25 CPU0 USE:16 7 9 0
[2019-11-07 15:15:08]TIMES:25 SERIAL0:153 306 256
[2019-11-07 15:15:08]TIMES:25 bridge0:0 0 0 0 0 0 0 0 960 12 0 0 0 0 0 0
[2019-11-07 15:15:08]TIMES:25 rmnet0:6972 36 0 0 0 0 0 0 6276 54 0 0 0 0 0 0
[2019-11-07 15:15:08]TIMES:25 rmnet_data1:3537 13 0 0 0 0 0 0 4284 30 0 0 0 0 0 0
[2019-11-07 15:15:08]TIMES:25 rmnet_data0:3121 23 0 0 0 0 0 0 1992 24 0 0 0 0 0 0
[2019-11-07 15:15:13]TIMES:30 ZONE1 TEMP:37
[2019-11-07 15:15:13]TIMES:30 CPU USE:15 2 13 0
[2019-11-07 15:15:13]TIMES:30 CPU0 USE:15 2 13 0
[2019-11-07 15:15:13]TIMES:30 SERIAL0:153 358 269
[2019-11-07 15:15:13]TIMES:30 rmnet0:7148 39 0 0 0 0 0 0 6396 56 0 0 0 0 0 0
[2019-11-07 15:15:13]TIMES:30 rmnet_data1:3648 15 0 0 0 0 0 0 4404 32 0 0 0 0 0 0
[2019-11-07 15:15:13]TIMES:30 rmnet_data0:3161 24 0 0 0 0 0 0 1992 24 0 0 0 0 0 0
[2019-11-07 15:15:18]TIMES:35 CPU USE:13 2 11 0
[2019-11-07 15:15:18]TIMES:35 CPU0 USE:13 2 11 0
[2019-11-07 15:15:18]TIMES:35 SERIAL0:153 372 279
[2019-11-07 15:15:18]TIMES:35 rmnet0:7196 40 0 0 0 0 0 0 6396 56 0 0 0 0 0 0
[2019-11-07 15:15:18]TIMES:35 rmnet_data0:3201 25 0 0 0 0 0 0 1992 24 0 0 0 0 0 0
[2019-11-07 15:15:23]TIMES:40 CPU USE:15 4 11 0
[2019-11-07 15:15:23]TIMES:40 CPU0 USE:15 4 11 0
[2019-11-07 15:15:23]TIMES:40 SERIAL0:153 410 292
[2019-11-07 15:15:28]TIMES:45 ZONE1 TEMP:38
[2019-11-07 15:15:28]TIMES:45 CPU USE:26 5 21 0
[2019-11-07 15:15:28]TIMES:45 CPU0 USE:26 5 21 0
[2019-11-07 15:15:28]TIMES:45 SERIAL0:153 424 302
[2019-11-07 15:15:28]TIMES:45 rmnet0:7460 42 0 0 0 0 0 0 6532 58 0 0 0 0 0 0
[2019-11-07 15:15:28]TIMES:45 rmnet_data0:3449 27 0 0 0 0 0 0 2128 26 0 0 0 0 0 0
[2019-11-07 15:15:33]TIMES:50 ZONE0 TEMP:39
[2019-11-07 15:15:33]TIMES:50 ZONE2 TEMP:41
[2019-11-07 15:15:33]TIMES:50 CPU USE:16 4 12 0
[2019-11-07 15:15:33]TIMES:50 CPU0 USE:16 4 12 0
[2019-11-07 15:15:33]TIMES:50 SERIAL0:153 462 315
[2019-11-07 15:15:33]TIMES:50 rmnet0:7540 43 0 0 0 0 0 0 6652 60 0 0 0 0 0 0
[2019-11-07 15:15:33]TIMES:50 rmnet_data1:3719 16 0 0 0 0 0 0 4524 34 0 0 0 0 0 0
[2019-11-07 15:15:38]TIMES:55 CPU USE:16 2 14 0
[2019-11-07 15:15:38]TIMES:55 CPU0 USE:16 2 14 0
[2019-11-07 15:15:38]TIMES:55 SERIAL0:153 476 325
[2019-11-07 15:15:43]TIMES:60 ZONE3 TEMP:39
[2019-11-07 15:15:43]TIMES:60 CPU USE:14 3 11 0
[2019-11-07 15:15:43]TIMES:60 CPU0 USE:14 3 11 0
[2019-11-07 15:15:43]TIMES:60 SERIAL0:153 514 338
[2019-11-07 15:15:43]TIMES:60 rmnet0:7588 44 0 0 0 0 0 0 7532 61 0 0 0 0 0 0
[2019-11-07 15:15:43]TIMES:60 rmnet_data1:3759 17 0 0 0 0 0 0 5404 35 0 0 0 0 0 0
[2019-11-07 15:15:48]TIMES:65 ZONE3 TEMP:38
[2019-11-07 15:15:48]TIMES:65 ZONE6 TEMP:31
[2019-11-07 15:15:48]TIMES:65 CPU USE:14 2 12 0
[2019-11-07 15:15:48]TIMES:65 CPU0 USE:14 2 12 0
[2019-11-07 15:15:48]TIMES:65 SERIAL0:153 528 348
[2019-11-07 15:15:53]TIMES:70 ZONE5 TEMP:38
[2019-11-07 15:15:53]TIMES:70 CPU USE:18 3 15 0
[2019-11-07 15:15:53]TIMES:70 CPU0 USE:18 3 15 0
[2019-11-07 15:15:53]TIMES:70 SERIAL0:153 552 361
[2019-11-07 15:15:53]TIMES:70 rmnet0:7716 46 0 0 0 0 0 0 7652 63 0 0 0 0 0 0
[2019-11-07 15:15:53]TIMES:70 rmnet_data1:3870 19 0 0 0 0 0 0 5524 37 0 0 0 0 0 0
[2019-11-07 15:15:58]TIMES:75 ZONE3 TEMP:39
[2019-11-07 15:15:58]TIMES:75 CPU USE:28 5 23 0
[2019-11-07 15:15:58]TIMES:75 CPU0 USE:28 5 23 0
[2019-11-07 15:15:58]TIMES:75 SERIAL0:153 580 371
[2019-11-07 15:15:58]TIMES:75 rmnet0:7980 48 0 0 0 0 0 0 7788 65 0 0 0 0 0 0
[2019-11-07 15:15:58]TIMES:75 rmnet_data0:3697 29 0 0 0 0 0 0 2264 28 0 0 0 0 0 0
[2019-11-07 15:16:03]TIMES:80 CPU USE:18 3 15 0
[2019-11-07 15:16:03]TIMES:80 CPU0 USE:18 3 15 0
[2019-11-07 15:16:03]TIMES:80 SERIAL0:153 604 384
[2019-11-07 15:16:08]TIMES:85 CPU USE:14 2 12 0
[2019-11-07 15:16:08]TIMES:85 CPU0 USE:14 2 12 0
[2019-11-07 15:16:08]TIMES:85 SERIAL0:153 632 394
[2019-11-07 15:16:13]TIMES:90 ZONE0 TEMP:38
[2019-11-07 15:16:13]TIMES:90 ZONE1 TEMP:37
[2019-11-07 15:16:13]TIMES:90 ZONE2 TEMP:40
[2019-11-07 15:16:13]TIMES:90 ZONE3 TEMP:37
[2019-11-07 15:16:13]TIMES:90 ZONE4 TEMP:35
[2019-11-07 15:16:13]TIMES:90 CPU USE:14 2 12 0
[2019-11-07 15:16:13]TIMES:90 CPU0 USE:14 2 12 0
[2019-11-07 15:16:13]TIMES:90 SERIAL0:153 656 407
[2019-11-07 15:16:13]TIMES:90 rmnet0:8060 49 0 0 0 0 0 0 7908 67 0 0 0 0 0 0
[2019-11-07 15:16:13]TIMES:90 rmnet_data1:3941 20 0 0 0 0 0 0 5644 39 0 0 0 0 0 0
[2019-11-07 15:16:18]TIMES:95 ZONE0 TEMP:39
[2019-11-07 15:16:18]TIMES:95 ZONE1 TEMP:38
[2019-11-07 15:16:18]TIMES:95 ZONE2 TEMP:41
[2019-11-07 15:16:18]TIMES:95 ZONE3 TEMP:39
[2019-11-07 15:16:18]TIMES:95 ZONE4 TEMP:36
[2019-11-07 15:16:18]TIMES:95 SERIAL0:153 684 417
[2019-11-07 15:16:23]TIMES:100 ZONE4 TEMP:37
[2019-11-07 15:16:23]TIMES:100 ZONE5 TEMP:37
[2019-11-07 15:16:23]TIMES:100 CPU USE:19 4 15 0
[2019-11-07 15:16:23]TIMES:100 CPU0 USE:19 4 15 0
[2019-11-07 15:16:23]TIMES:100 SERIAL0:153 708 430
[2019-11-07 15:16:28]TIMES:105 ZONE0 TEMP:38
[2019-11-07 15:16:28]TIMES:105 ZONE1 TEMP:35
[2019-11-07 15:16:28]TIMES:105 ZONE2 TEMP:37
[2019-11-07 15:16:28]TIMES:105 ZONE3 TEMP:36
[2019-11-07 15:16:28]TIMES:105 ZONE4 TEMP:35
[2019-11-07 15:16:28]TIMES:105 ZONE5 TEMP:38
[2019-11-07 15:16:28]TIMES:105 CPU USE:12 2 10 0
[2019-11-07 15:16:28]TIMES:105 CPU0 USE:12 2 10 0
[2019-11-07 15:16:28]TIMES:105 SERIAL0:153 736 440
[2019-11-07 15:16:33]TIMES:110 ZONE0 TEMP:39
[2019-11-07 15:16:33]TIMES:110 ZONE1 TEMP:38
[2019-11-07 15:16:33]TIMES:110 ZONE2 TEMP:41
[2019-11-07 15:16:33]TIMES:110 ZONE3 TEMP:39
[2019-11-07 15:16:33]TIMES:110 ZONE4 TEMP:36
[2019-11-07 15:16:33]TIMES:110 CPU USE:27 5 22 0
[2019-11-07 15:16:33]TIMES:110 CPU0 USE:27 5 22 0
[2019-11-07 15:16:33]TIMES:110 SERIAL0:153 760 453
[2019-11-07 15:16:33]TIMES:110 rmnet0:8324 51 0 0 0 0 0 0 8044 69 0 0 0 0 0 0
[2019-11-07 15:16:33]TIMES:110 rmnet_data0:3945 31 0 0 0 0 0 0 2400 30 0 0 0 0 0 0
[2019-11-07 15:16:38]TIMES:115 ZONE4 TEMP:37
[2019-11-07 15:16:38]TIMES:115 CPU USE:14 2 12 0
[2019-11-07 15:16:38]TIMES:115 CPU0 USE:14 2 12 0
[2019-11-07 15:16:38]TIMES:115 SERIAL0:153 788 463
[2019-11-07 15:16:38]TIMES:115 rmnet0:8404 52 0 0 0 0 0 0 8164 71 0 0 0 0 0 0
[2019-11-07 15:16:38]TIMES:115 rmnet_data1:4012 21 0 0 0 0 0 0 5764 41 0 0 0 0 0 0
[2019-11-07 15:16:43]TIMES:120 ZONE0 TEMP:40
[2019-11-07 15:16:43]TIMES:120 CPU USE:15 3 12 0
[2019-11-07 15:16:43]TIMES:120 CPU0 USE:15 3 12 0
[2019-11-07 15:16:43]TIMES:120 SERIAL0:153 812 476
[2019-11-07 15:16:43]TIMES:120 rmnet0:8452 53 0 0 0 0 0 0 9072 72 0 0 0 0 0 0
[2019-11-07 15:16:43]TIMES:120 rmnet_data1:4052 22 0 0 0 0 0 0 6672 42 0 0 0 0 0 0
[2019-11-07 15:16:48]TIMES:125 ZONE0 TEMP:39
[2019-11-07 15:16:48]TIMES:125 ZONE2 TEMP:42
[2019-11-07 15:16:48]TIMES:125 CPU USE:17 2 15 0
[2019-11-07 15:16:48]TIMES:125 CPU0 USE:17 2 15 0
[2019-11-07 15:16:48]TIMES:125 SERIAL0:153 826 486
[2019-11-07 15:16:48]TIMES:125 rmnet0:9004 59 0 0 0 0 0 0 9600 78 0 0 0 0 0 0
[2019-11-07 15:16:48]TIMES:125 rmnet_data1:4472 27 0 0 0 0 0 0 7112 47 0 0 0 0 0 0
[2019-11-07 15:16:48]TIMES:125 rmnet_data0:4029 32 0 0 0 0 0 0 2488 31 0 0 0 0 0 0
[2019-11-07 15:16:53]TIMES:130 ZONE0 TEMP:40
[2019-11-07 15:16:53]TIMES:130 ZONE1 TEMP:39
[2019-11-07 15:16:53]TIMES:130 CPU USE:16 4 12 0
[2019-11-07 15:16:53]TIMES:130 CPU0 USE:16 4 12 0
[2019-11-07 15:16:53]TIMES:130 SERIAL0:153 864 499
[2019-11-07 15:16:53]TIMES:130 rmnet0:9464 64 0 0 0 0 0 0 10040 83 0 0 0 0 0 0
[2019-11-07 15:16:53]TIMES:130 rmnet_data1:4892 32 0 0 0 0 0 0 7552 52 0 0 0 0 0 0
[2019-11-07 15:16:58]TIMES:135 ZONE6 TEMP:32
[2019-11-07 15:16:58]TIMES:135 CPU USE:15 2 13 0
[2019-11-07 15:16:58]TIMES:135 CPU0 USE:15 2 13 0
[2019-11-07 15:16:58]TIMES:135 SERIAL0:153 878 509
[2019-11-07 15:16:58]TIMES:135 rmnet0:10052 71 0 0 0 0 0 0 10600 90 0 0 0 0 0 0
[2019-11-07 15:16:58]TIMES:135 rmnet_data1:5423 39 0 0 0 0 0 0 8112 59 0 0 0 0 0 0
[2019-11-07 15:17:03]TIMES:140 CPU USE:28 5 23 0
[2019-11-07 15:17:03]TIMES:140 CPU0 USE:28 5 23 0
[2019-11-07 15:17:03]TIMES:140 SERIAL0:153 916 522
[2019-11-07 15:17:03]TIMES:140 rmnet0:10776 78 0 0 0 0 0 0 11176 97 0 0 0 0 0 0
[2019-11-07 15:17:03]TIMES:140 rmnet_data1:5843 44 0 0 0 0 0 0 8552 64 0 0 0 0 0 0
[2019-11-07 15:17:03]TIMES:140 rmnet_data0:4277 34 0 0 0 0 0 0 2624 33 0 0 0 0 0 0
[2019-11-07 15:17:08]TIMES:145 ZONE5 TEMP:98
[2019-11-07 15:17:08]TIMES:145 CPU USE:15 3 12 0
[2019-11-07 15:17:08]TIMES:145 CPU0 USE:15 3 12 0
[2019-11-07 15:17:08]TIMES:145 SERIAL0:153 930 532
[2019-11-07 15:17:08]TIMES:145 bridge0:0 0 0 0 0 0 0 0 1104 14 0 0 0 0 0 0
[2019-11-07 15:17:08]TIMES:145 rmnet0:11236 83 0 0 0 0 0 0 11616 102 0 0 0 0 0 0
[2019-11-07 15:17:08]TIMES:145 rmnet_data1:6263 49 0 0 0 0 0 0 8992 69 0 0 0 0 0 0
[2019-11-07 15:17:13]TIMES:150 ZONE5 TEMP:38
[2019-11-07 15:17:13]TIMES:150 CPU USE:16 4 12 0
[2019-11-07 15:17:13]TIMES:150 CPU0 USE:16 4 12 0
[2019-11-07 15:17:13]TIMES:150 SERIAL0:153 968 545
[2019-11-07 15:17:13]TIMES:150 bridge0:0 0 0 0 0 0 0 0 1248 16 0 0 0 0 0 0
[2019-11-07 15:17:13]TIMES:150 rmnet0:11696 88 0 0 0 0 0 0 12056 107 0 0 0 0 0 0
[2019-11-07 15:17:13]TIMES:150 rmnet_data1:6683 54 0 0 0 0 0 0 9432 74 0 0 0 0 0 0
[2019-11-07 15:17:18]TIMES:155 ZONE5 TEMP:39
[2019-11-07 15:17:18]TIMES:155 CPU USE:14 2 12 0
[2019-11-07 15:17:18]TIMES:155 CPU0 USE:14 2 12 0
[2019-11-07 15:17:18]TIMES:155 SERIAL0:153 982 555
[2019-11-07 15:17:18]TIMES:155 rmnet0:12236 94 0 0 0 0 0 0 12616 114 0 0 0 0 0 0
[2019-11-07 15:17:18]TIMES:155 rmnet_data1:7174 60 0 0 0 0 0 0 9992 81 0 0 0 0 0 0
[2019-11-07 15:17:23]TIMES:160 CPU USE:18 2 16 0
[2019-11-07 15:17:23]TIMES:160 CPU0 USE:18 2 16 0
[2019-11-07 15:17:23]TIMES:160 SERIAL0:153 1020 568
[2019-11-07 15:17:23]TIMES:160 rmnet0:12696 99 0 0 0 0 0 0 13056 119 0 0 0 0 0 0
[2019-11-07 15:17:23]TIMES:160 rmnet_data1:7594 65 0 0 0 0 0 0 10432 86 0 0 0 0 0 0
[2019-11-07 15:17:28]TIMES:165 ZONE4 TEMP:38
[2019-11-07 15:17:28]TIMES:165 CPU USE:14 3 11 0
[2019-11-07 15:17:28]TIMES:165 CPU0 USE:14 3 11 0
[2019-11-07 15:17:28]TIMES:165 SERIAL0:153 1034 578
[2019-11-07 15:17:28]TIMES:165 rmnet0:13156 104 0 0 0 0 0 0 13496 124 0 0 0 0 0 0
[2019-11-07 15:17:28]TIMES:165 rmnet_data1:8014 70 0 0 0 0 0 0 10872 91 0 0 0 0 0 0
[2019-11-07 15:17:33]TIMES:170 ZONE3 TEMP:40
[2019-11-07 15:17:33]TIMES:170 MEM FREE:92 30
[2019-11-07 15:17:33]TIMES:170 CPU USE:31 7 24 0
[2019-11-07 15:17:33]TIMES:170 CPU0 USE:31 7 24 0
[2019-11-07 15:17:33]TIMES:170 SERIAL0:153 1058 591
[2019-11-07 15:17:33]TIMES:170 rmnet0:14160 114 0 0 0 0 0 0 14292 134 0 0 0 0 0 0
[2019-11-07 15:17:33]TIMES:170 rmnet_data1:8434 75 0 0 0 0 0 0 11312 96 0 0 0 0 0 0
[2019-11-07 15:17:33]TIMES:170 rmnet_data0:4776 39 0 0 0 0 0 0 2980 38 0 0 0 0 0 0
[2019-11-07 15:17:38]TIMES:175 MEM FREE:93 30
[2019-11-07 15:17:38]TIMES:175 CPU USE:23 4 19 0
[2019-11-07 15:17:38]TIMES:175 CPU0 USE:23 4 19 0
[2019-11-07 15:17:38]TIMES:175 SERIAL0:153 1086 601
[2019-11-07 15:17:38]TIMES:175 rmnet0:14876 122 0 0 0 0 0 0 14988 143 0 0 0 0 0 0
[2019-11-07 15:17:38]TIMES:175 rmnet_data1:8925 81 0 0 0 0 0 0 11872 103 0 0 0 0 0 0
[2019-11-07 15:17:38]TIMES:175 rmnet_data0:4933 41 0 0 0 0 0 0 3116 40 0 0 0 0 0 0
[2019-11-07 15:17:43]TIMES:180 CPU USE:16 2 14 0
[2019-11-07 15:17:43]TIMES:180 CPU0 USE:16 2 14 0
[2019-11-07 15:17:43]TIMES:180 SERIAL0:153 1110 614
[2019-11-07 15:17:43]TIMES:180 rmnet0:15384 128 0 0 0 0 0 0 16336 149 0 0 0 0 0 0
[2019-11-07 15:17:43]TIMES:180 rmnet_data1:9385 87 0 0 0 0 0 0 13220 109 0 0 0 0 0 0
[2019-11-07 15:17:48]TIMES:185 ZONE5 TEMP:38
[2019-11-07 15:17:48]TIMES:185 CPU USE:14 3 11 0
[2019-11-07 15:17:48]TIMES:185 CPU0 USE:14 3 11 0
[2019-11-07 15:17:48]TIMES:185 SERIAL0:153 1138 624
[2019-11-07 15:17:48]TIMES:185 rmnet0:15844 133 0 0 0 0 0 0 16776 154 0 0 0 0 0 0
[2019-11-07 15:17:48]TIMES:185 rmnet_data1:9805 92 0 0 0 0 0 0 13660 114 0 0 0 0 0 0
[2019-11-07 15:17:53]TIMES:190 ZONE5 TEMP:39
[2019-11-07 15:17:53]TIMES:190 CPU USE:18 3 15 0
[2019-11-07 15:17:53]TIMES:190 CPU0 USE:18 3 15 0
[2019-11-07 15:17:53]TIMES:190 SERIAL0:153 1162 637
[2019-11-07 15:17:53]TIMES:190 rmnet0:16304 138 0 0 0 0 0 0 17216 159 0 0 0 0 0 0
[2019-11-07 15:17:53]TIMES:190 rmnet_data1:10225 97 0 0 0 0 0 0 14100 119 0 0 0 0 0 0
[2019-11-07 15:17:58]TIMES:195 MEM FREE:92 30
[2019-11-07 15:17:58]TIMES:195 CPU USE:20 5 15 0
[2019-11-07 15:17:58]TIMES:195 CPU0 USE:20 5 15 0
[2019-11-07 15:17:58]TIMES:195 SERIAL0:153 1190 647
[2019-11-07 15:17:58]TIMES:195 rmnet0:16892 145 0 0 0 0 0 0 17776 166 0 0 0 0 0 0
[2019-11-07 15:17:58]TIMES:195 rmnet_data1:10756 104 0 0 0 0 0 0 14660 126 0 0 0 0 0 0
