[1980-01-06 08:00:16]sleep:5
[1980-01-06 08:00:16]change:1
[1980-01-06 08:00:16]address:
[1980-01-06 08:00:16]time:0
[1980-01-06 08:00:16]size:5
[1980-01-06 08:00:16]Oct 31 2019 14:30:13
[1980-01-06 08:00:21]TIMES:0 ZONE0 TEMP:43
[1980-01-06 08:00:21]TIMES:0 ZONE1 TEMP:40
[1980-01-06 08:00:21]TIMES:0 ZONE2 TEMP:43
[1980-01-06 08:00:21]TIMES:0 ZONE3 TEMP:41
[1980-01-06 08:00:21]TIMES:0 ZONE4 TEMP:41
[1980-01-06 08:00:21]TIMES:0 ZONE5 TEMP:43
[1980-01-06 08:00:21]TIMES:0 ZONE6 TEMP:36
[1980-01-06 08:00:21]TIMES:0 MEM FREE:93 32
[1980-01-06 08:00:21]TIMES:0 CPU0 FREQ:806400
[1980-01-06 08:00:21]TIMES:0 SERIAL0:153 152 206
[1980-01-06 08:00:21]TIMES:0 SERIAL1:151 0 0
[1980-01-06 08:00:21]TIMES:0 bridge0:0 0 0 0 0 0 0 0 660 7 0 0 0 0 0 0
[1980-01-06 08:00:21]TIMES:0     lo:9856 128 0 0 0 0 0 0 9856 128 0 0 0 0 0 0
[1980-01-06 08:00:21]TIMES:0 NET DELAY:-500
[1980-01-06 08:00:26]TIMES:5 ZONE0 TEMP:45
[1980-01-06 08:00:26]TIMES:5 ZONE1 TEMP:44
[1980-01-06 08:00:26]TIMES:5 ZONE2 TEMP:47
[1980-01-06 08:00:26]TIMES:5 ZONE3 TEMP:45
[1980-01-06 08:00:26]TIMES:5 ZONE4 TEMP:43
[1980-01-06 08:00:26]TIMES:5 ZONE6 TEMP:37
[1980-01-06 08:00:26]TIMES:5 MEM FREE:91 29
[1980-01-06 08:00:26]TIMES:5 CPU USE:48 11 37 0
[1980-01-06 08:00:26]TIMES:5 CPU0 USE:48 11 37 0
[1980-01-06 08:00:26]TIMES:5 SERIAL0:153 190 217
[1980-01-06 08:00:26]TIMES:5 rmnet0:0 0 0 0 0 0 0 0 776 10 0 0 0 0 0 0
[1980-01-06 08:00:26]TIMES:5 rmnet_data1:0 0 0 0 0 0 0 0 388 5 0 0 0 0 0 0
[1980-01-06 08:00:26]TIMES:5 rmnet_data0:0 0 0 0 0 0 0 0 388 5 0 0 0 0 0 0
[1980-01-06 08:00:31]TIMES:10 ZONE0 TEMP:46
[1980-01-06 08:00:31]TIMES:10 ZONE1 TEMP:45
[1980-01-06 08:00:31]TIMES:10 ZONE5 TEMP:44
[1980-01-06 08:00:31][H[JMem: 127292K used, 29700K free, 48K shrd, 0K buff, 63424K cached
STAT     %CPU     COMMAND[0m
R     18.7     process-service
S     6.2     modem-service
S     6.2     fota-service
S     6.2     power-service
3080     top     -n1
SW     6.2     [ksoftirqd/0]

[1980-01-06 08:00:31]TIMES:10 CPU USE:95 20 75 0
[1980-01-06 08:00:32][H[JMem: 127024K used, 29968K free, 48K shrd, 0K buff, 63424K cached
STAT     %CPU     COMMAND[0m
S     7.6     modem-service
S     7.6     tspcomm-service
S     7.6     power-service
S     7.6     process-service
3080     top     -n1
root     0.0     /usr/bin/netmgrd

[1980-01-06 08:00:32]TIMES:10 CPU0 USE:95 20 75 0
[1980-01-06 08:00:32]TIMES:10 SERIAL0:153 214 233
[1980-01-06 08:00:32]TIMES:10 rmnet0:6832 35 0 0 0 0 0 0 6100 49 0 0 0 0 0 0
[1980-01-06 08:00:32]TIMES:10 rmnet_data1:0 0 0 0 0 0 0 0 1336 8 0 0 0 0 0 0
[1980-01-06 08:00:32]TIMES:10 rmnet_data0:6504 35 0 0 0 0 0 0 4764 41 0 0 0 0 0 0
[1980-01-06 08:00:32]TIMES:10 NET MODE:5 -78 -108
[1980-01-06 08:00:37]TIMES:15 ZONE0 TEMP:45
[1980-01-06 08:00:37]TIMES:15 ZONE1 TEMP:44
[1980-01-06 08:00:37]TIMES:15 MEM FREE:92 29
[1980-01-06 08:00:37]TIMES:15 CPU USE:26 5 21 0
[1980-01-06 08:00:37]TIMES:15 CPU0 USE:26 5 21 0
[1980-01-06 08:00:37]TIMES:15 SERIAL0:153 242 237
[1980-01-06 08:00:37]TIMES:15 rmnet0:7136 36 0 0 0 0 0 0 6416 50 0 0 0 0 0 0
[1980-01-06 08:00:37]TIMES:15 rmnet_data1:0 0 0 0 0 0 0 0 1652 9 0 0 0 0 0 0
[1980-01-06 08:00:37]TIMES:15 rmnet_data0:6797 36 0 0 0 0 0 0 4764 41 0 0 0 0 0 0
[1980-01-06 08:00:42]TIMES:20 CPU USE:19 3 16 0
[1980-01-06 08:00:42]TIMES:20 CPU0 USE:19 3 16 0
[1980-01-06 08:00:42]TIMES:20 SERIAL0:153 266 244
[1980-01-06 08:00:42]TIMES:20 bridge0:0 0 0 0 0 0 0 0 804 9 0 0 0 0 0 0
[1980-01-06 08:00:42]TIMES:20 rmnet0:7440 37 0 0 0 0 0 0 6732 51 0 0 0 0 0 0
[1980-01-06 08:00:42]TIMES:20 rmnet_data1:0 0 0 0 0 0 0 0 1968 10 0 0 0 0 0 0
[1980-01-06 08:00:42]TIMES:20 rmnet_data0:7090 37 0 0 0 0 0 0 4764 41 0 0 0 0 0 0
[1980-01-06 08:00:42]TIMES:20 NET MODE:5 -74 -107
[1980-01-06 08:00:42]TIMES:20 GNSS:22577775 113916791 405000000 35000000 0 0 1 0
[2019-11-07 16:32:42]TIMES:25 CPU USE:16 4 12 0
[2019-11-07 16:32:42]TIMES:25 CPU0 USE:16 4 12 0
[2019-11-07 16:32:42]TIMES:25 SERIAL0:153 296 290
[2019-11-07 16:32:42]TIMES:25 bridge0:0 0 0 0 0 0 0 0 948 11 0 0 0 0 0 0
[2019-11-07 16:32:42]TIMES:25 rmnet0:7744 38 0 0 0 0 0 0 6732 51 0 0 0 0 0 0
[2019-11-07 16:32:42]TIMES:25 rmnet_data0:7383 38 0 0 0 0 0 0 4764 41 0 0 0 0 0 0
[2019-11-07 16:32:42]TIMES:25 GNSS:22577687 113916817 404000000 31000000 0 0 1 0
[2019-11-07 16:32:47]TIMES:30 CPU USE:15 2 13 0
[2019-11-07 16:32:47]TIMES:30 CPU0 USE:15 2 13 0
[2019-11-07 16:32:47]TIMES:30 SERIAL0:153 348 303
[2019-11-07 16:32:47]TIMES:30 rmnet0:7744 38 0 0 0 0 0 0 7456 53 0 0 0 0 0 0
[2019-11-07 16:32:47]TIMES:30 rmnet_data1:0 0 0 0 0 0 0 0 2692 12 0 0 0 0 0 0
[2019-11-07 16:32:47]TIMES:30 GNSS:22577629 113916878 391000000 41000000 0 0 1 0
[2019-11-07 16:32:49]TIMES:35 ZONE0 TEMP:46
[2019-11-07 16:32:49]TIMES:35 ZONE1 TEMP:45
[2019-11-07 16:32:49]TIMES:35 ZONE2 TEMP:48
[2019-11-07 16:32:49]TIMES:35 CPU USE:19 5 14 0
[2019-11-07 16:32:49]TIMES:35 CPU0 USE:19 5 14 0
[2019-11-07 16:32:49]TIMES:35 SERIAL0:153 388 309
[2019-11-07 16:32:49]TIMES:35 rmnet0:10776 53 0 0 0 0 0 0 9748 70 0 0 0 0 0 0
[2019-11-07 16:32:49]TIMES:35 rmnet_data1:2361 12 0 0 0 0 0 0 4840 27 0 0 0 0 0 0
[2019-11-07 16:32:49]TIMES:35 rmnet_data0:7923 41 0 0 0 0 0 0 4908 43 0 0 0 0 0 0
[2019-11-07 16:32:49]TIMES:35 GNSS:22577662 113916931 376000000 36000000 0 0 1 0
[2019-11-07 16:32:54]TIMES:40 ZONE2 TEMP:47
[2019-11-07 16:32:54]TIMES:40 ZONE5 TEMP:43
[2019-11-07 16:32:54]TIMES:40 CPU USE:17 4 13 0
[2019-11-07 16:32:54]TIMES:40 CPU0 USE:17 4 13 0
[2019-11-07 16:32:54]TIMES:40 SERIAL0:153 426 329
[2019-11-07 16:32:54]TIMES:40 rmnet0:11592 62 0 0 0 0 0 0 11872 77 0 0 0 0 0 0
[2019-11-07 16:32:54]TIMES:40 rmnet_data1:3105 21 0 0 0 0 0 0 6964 34 0 0 0 0 0 0
[2019-11-07 16:32:54]TIMES:40 NET MODE:5 -79 -109
[2019-11-07 16:32:54]TIMES:40 GNSS:22577656 113916928 387000000 36000000 0 0 1 0
[2019-11-07 16:32:59]TIMES:45 ZONE2 TEMP:48
[2019-11-07 16:32:59]TIMES:45 ZONE5 TEMP:44
[2019-11-07 16:32:59]TIMES:45 CPU USE:27 6 21 0
[2019-11-07 16:32:59]TIMES:45 CPU0 USE:27 6 21 0
[2019-11-07 16:32:59]TIMES:45 SERIAL0:153 440 338
[2019-11-07 16:32:59]TIMES:45 rmnet0:12780 72 0 0 0 0 0 0 19444 87 0 0 0 0 0 0
[2019-11-07 16:32:59]TIMES:45 rmnet_data1:3397 28 0 0 0 0 0 0 14400 42 0 0 0 0 0 0
[2019-11-07 16:32:59]TIMES:45 rmnet_data0:8736 44 0 0 0 0 0 0 5044 45 0 0 0 0 0 0
[2019-11-07 16:32:59]TIMES:45 NET MODE:5 -57 -93
[2019-11-07 16:32:59]TIMES:45 GNSS:22577663 113916938 380000000 48000000 0 0 1 0
[2019-11-07 16:33:04]TIMES:50 CPU USE:18 4 14 0
[2019-11-07 16:33:04]TIMES:50 CPU0 USE:18 4 14 0
[2019-11-07 16:33:04]TIMES:50 SERIAL0:153 478 350
[2019-11-07 16:33:04]TIMES:50 rmnet0:13116 79 0 0 0 0 0 0 26568 95 0 0 0 0 0 0
[2019-11-07 16:33:04]TIMES:50 rmnet_data1:3677 35 0 0 0 0 0 0 21524 50 0 0 0 0 0 0
[2019-11-07 16:33:04]TIMES:50 GNSS:22577659 113916951 377000000 41000000 0 0 1 0
[2019-11-07 16:33:09]TIMES:55 CPU USE:15 4 11 0
[2019-11-07 16:33:09]TIMES:55 CPU0 USE:15 4 11 0
[2019-11-07 16:33:09]TIMES:55 SERIAL0:153 492 363
[2019-11-07 16:33:09]TIMES:55 rmnet0:13308 83 0 0 0 0 0 0 33056 100 0 0 0 0 0 0
[2019-11-07 16:33:09]TIMES:55 rmnet_data1:3837 39 0 0 0 0 0 0 28012 55 0 0 0 0 0 0
[2019-11-07 16:33:09]TIMES:55 GNSS:22577658 113916956 375000000 33000000 0 0 1 0
[2019-11-07 16:33:14]TIMES:60 ZONE0 TEMP:45
[2019-11-07 16:33:14]TIMES:60 ZONE2 TEMP:47
[2019-11-07 16:33:14]TIMES:60 CPU USE:15 3 12 0
[2019-11-07 16:33:14]TIMES:60 CPU0 USE:15 3 12 0
[2019-11-07 16:33:14]TIMES:60 SERIAL0:153 516 375
[2019-11-07 16:33:14]TIMES:60 rmnet0:13628 89 0 0 0 0 0 0 37100 105 0 0 0 0 0 0
[2019-11-07 16:33:14]TIMES:60 rmnet_data1:4108 45 0 0 0 0 0 0 32056 60 0 0 0 0 0 0
[2019-11-07 16:33:14]TIMES:60 GNSS:22577658 113916961 373000000 28000000 0 0 1 0
[2019-11-07 16:33:19]TIMES:65 ZONE0 TEMP:46
[2019-11-07 16:33:19]TIMES:65 ZONE1 TEMP:44
[2019-11-07 16:33:19]TIMES:65 CPU USE:16 2 14 0
[2019-11-07 16:33:19]TIMES:65 CPU0 USE:16 2 14 0
[2019-11-07 16:33:19]TIMES:65 SERIAL0:153 544 384
[2019-11-07 16:33:19]TIMES:65 GNSS:22577658 113916963 370000000 23000000 0 0 1 0
[2019-11-07 16:33:24]TIMES:70 ZONE1 TEMP:45
[2019-11-07 16:33:24]TIMES:70 ZONE5 TEMP:43
[2019-11-07 16:33:24]TIMES:70 CPU USE:20 4 16 0
[2019-11-07 16:33:24]TIMES:70 CPU0 USE:20 4 16 0
[2019-11-07 16:33:24]TIMES:70 SERIAL0:153 568 404
[2019-11-07 16:33:24]TIMES:70 rmnet0:13676 90 0 0 0 0 0 0 38388 106 0 0 0 0 0 0
[2019-11-07 16:33:24]TIMES:70 rmnet_data1:4148 46 0 0 0 0 0 0 33344 61 0 0 0 0 0 0
[2019-11-07 16:33:24]TIMES:70 GNSS:22577657 113916961 371000000 42000000 0 0 1 0
[2019-11-07 16:33:29]TIMES:75 ZONE5 TEMP:44
[2019-11-07 16:33:29]TIMES:75 CPU USE:27 5 22 0
[2019-11-07 16:33:29]TIMES:75 CPU0 USE:27 5 22 0
[2019-11-07 16:33:29]TIMES:75 SERIAL0:153 596 469
[2019-11-07 16:33:29]TIMES:75 rmnet0:13940 92 0 0 0 0 0 0 38524 108 0 0 0 0 0 0
[2019-11-07 16:33:29]TIMES:75 rmnet_data0:8984 46 0 0 0 0 0 0 5180 47 0 0 0 0 0 0
[2019-11-07 16:33:29]TIMES:75 GNSS:22577652 113916957 372000000 33000000 0 0 1 0
[2019-11-07 16:33:34]TIMES:80 CPU USE:17 4 13 0
[2019-11-07 16:33:34]TIMES:80 CPU0 USE:17 4 13 0
[2019-11-07 16:33:34]TIMES:80 SERIAL0:153 620 553
[2019-11-07 16:33:34]TIMES:80 rmnet0:14068 94 0 0 0 0 0 0 38644 110 0 0 0 0 0 0
[2019-11-07 16:33:34]TIMES:80 rmnet_data1:4259 48 0 0 0 0 0 0 33464 63 0 0 0 0 0 0
[2019-11-07 16:33:34]TIMES:80 GNSS:22577652 113916954 372000000 33000000 0 0 1 0
[2019-11-07 16:33:39]TIMES:85 CPU USE:19 5 14 0
[2019-11-07 16:33:39]TIMES:85 CPU0 USE:19 5 14 0
[2019-11-07 16:33:39]TIMES:85 SERIAL0:153 648 956
[2019-11-07 16:33:39]TIMES:85 GNSS:22577365 113917102 371000000 45000000 159200000 4360183 1 0
[2019-11-07 16:33:44]TIMES:90 CPU USE:20 7 13 0
[2019-11-07 16:33:44]TIMES:90 CPU0 USE:20 7 13 0
[2019-11-07 16:33:44]TIMES:90 SERIAL0:153 672 1778
[2019-11-07 16:33:44]TIMES:90 GNSS:22577132 113917314 350000000 24000000 0 0 1 0
[2019-11-07 16:33:49]TIMES:95 ZONE0 TEMP:43
[2019-11-07 16:33:49]TIMES:95 ZONE1 TEMP:40
[2019-11-07 16:33:49]TIMES:95 ZONE2 TEMP:43
[2019-11-07 16:33:49]TIMES:95 ZONE3 TEMP:41
[2019-11-07 16:33:49]TIMES:95 ZONE4 TEMP:40
[2019-11-07 16:33:49]TIMES:95 CPU USE:23 8 15 0
[2019-11-07 16:33:49]TIMES:95 CPU0 USE:23 8 15 0
[2019-11-07 16:33:49]TIMES:95 SERIAL0:153 686 2572
[2019-11-07 16:33:49]TIMES:95 GNSS:22576974 113917403 333000000 27000000 0 0 1 0
[2019-11-07 16:33:54]TIMES:100 ZONE0 TEMP:44
[2019-11-07 16:33:54]TIMES:100 ZONE1 TEMP:43
[2019-11-07 16:33:54]TIMES:100 ZONE2 TEMP:45
[2019-11-07 16:33:54]TIMES:100 ZONE3 TEMP:43
[2019-11-07 16:33:54]TIMES:100 ZONE4 TEMP:42
[2019-11-07 16:33:54]TIMES:100 ZONE5 TEMP:43
[2019-11-07 16:33:54]TIMES:100 CPU USE:20 6 14 0
[2019-11-07 16:33:54]TIMES:100 CPU0 USE:20 6 14 0
[2019-11-07 16:33:54]TIMES:100 SERIAL0:153 724 3082
[2019-11-07 16:33:54]TIMES:100 rmnet0:14148 95 0 0 0 0 0 0 38764 112 0 0 0 0 0 0
[2019-11-07 16:33:54]TIMES:100 rmnet_data1:4330 49 0 0 0 0 0 0 33584 65 0 0 0 0 0 0
[2019-11-07 16:33:54]TIMES:100 GNSS:22576958 113917415 315000000 31000000 0 0 1 0
[2019-11-07 16:33:59]TIMES:105 ZONE0 TEMP:45
[2019-11-07 16:33:59]TIMES:105 ZONE1 TEMP:44
[2019-11-07 16:33:59]TIMES:105 ZONE2 TEMP:47
[2019-11-07 16:33:59]TIMES:105 ZONE3 TEMP:44
[2019-11-07 16:33:59]TIMES:105 ZONE4 TEMP:43
[2019-11-07 16:33:59]TIMES:105 ZONE5 TEMP:44
[2019-11-07 16:33:59]TIMES:105 CPU USE:21 8 13 0
[2019-11-07 16:33:59]TIMES:105 CPU0 USE:21 8 13 0
[2019-11-07 16:33:59]TIMES:105 SERIAL0:153 738 3972
[2019-11-07 16:33:59]TIMES:105 NET MODE:5 -73 -113
[2019-11-07 16:33:59]TIMES:105 GNSS:22576984 113917395 314000000 37000000 0 0 1 0
[2019-11-07 16:34:04]TIMES:110 ZONE3 TEMP:45
[2019-11-07 16:34:04]TIMES:110 CPU USE:39 12 27 0
[2019-11-07 16:34:04]TIMES:110 CPU0 USE:39 12 27 0
[2019-11-07 16:34:04]TIMES:110 SERIAL0:153 776 4813
[2019-11-07 16:34:04]TIMES:110 rmnet0:14412 97 0 0 0 0 0 0 38900 114 0 0 0 0 0 0
[2019-11-07 16:34:04]TIMES:110 rmnet_data0:9232 48 0 0 0 0 0 0 5316 49 0 0 0 0 0 0
[2019-11-07 16:34:04]TIMES:110 NET MODE:5 -75 -108
[2019-11-07 16:34:04]TIMES:110 GNSS:22576988 113917388 313000000 34000000 0 0 1 0
[2019-11-07 16:34:09]TIMES:115 CPU USE:22 9 13 0
[2019-11-07 16:34:09]TIMES:115 CPU0 USE:22 9 13 0
[2019-11-07 16:34:09]TIMES:115 SERIAL0:153 790 5238
[2019-11-07 16:34:09]TIMES:115 NET MODE:5 -72 -103
[2019-11-07 16:34:09]TIMES:115 GNSS:22576993 113917401 313000000 28000000 0 0 1 0
[2019-11-07 16:34:14]TIMES:120 ZONE0 TEMP:43
[2019-11-07 16:34:14]TIMES:120 ZONE1 TEMP:40
[2019-11-07 16:34:14]TIMES:120 ZONE2 TEMP:43
[2019-11-07 16:34:14]TIMES:120 ZONE3 TEMP:42
[2019-11-07 16:34:14]TIMES:120 ZONE4 TEMP:41
[2019-11-07 16:34:14]TIMES:120 CPU USE:23 8 15 0
[2019-11-07 16:34:14]TIMES:120 CPU0 USE:23 8 15 0
[2019-11-07 16:34:14]TIMES:120 SERIAL0:153 814 5589
[2019-11-07 16:34:14]TIMES:120 GNSS:22576988 113917393 310000000 26000000 0 0 1 0
[2019-11-07 16:34:19]TIMES:125 ZONE0 TEMP:45
[2019-11-07 16:34:19]TIMES:125 ZONE1 TEMP:44
[2019-11-07 16:34:19]TIMES:125 ZONE2 TEMP:47
[2019-11-07 16:34:19]TIMES:125 ZONE3 TEMP:45
[2019-11-07 16:34:19]TIMES:125 ZONE4 TEMP:43
[2019-11-07 16:34:19]TIMES:125 CPU USE:18 3 15 0
[2019-11-07 16:34:19]TIMES:125 CPU0 USE:18 3 15 0
[2019-11-07 16:34:19]TIMES:125 SERIAL0:153 842 5665
[2019-11-07 16:34:19]TIMES:125 rmnet0:15044 104 0 0 0 0 0 0 39548 122 0 0 0 0 0 0
[2019-11-07 16:34:19]TIMES:125 rmnet_data1:4821 55 0 0 0 0 0 0 34144 72 0 0 0 0 0 0
[2019-11-07 16:34:19]TIMES:125 rmnet_data0:9316 49 0 0 0 0 0 0 5404 50 0 0 0 0 0 0
[2019-11-07 16:34:19]TIMES:125 GNSS:22576992 113917394 309000000 30000000 0 60000 1 0
[2019-11-07 16:34:24]TIMES:130 CPU USE:21 6 15 0
[2019-11-07 16:34:24]TIMES:130 CPU0 USE:21 6 15 0
[2019-11-07 16:34:24]TIMES:130 SERIAL0:153 866 5792
[2019-11-07 16:34:24]TIMES:130 rmnet0:15552 110 0 0 0 0 0 0 41340 128 0 0 0 0 0 0
[2019-11-07 16:34:24]TIMES:130 rmnet_data1:5281 61 0 0 0 0 0 0 35936 78 0 0 0 0 0 0
[2019-11-07 16:34:24]TIMES:130 GNSS:22576992 113917405 309000000 38000000 0 0 1 0
[2019-11-07 16:34:29]TIMES:135 ZONE1 TEMP:45
[2019-11-07 16:34:29]TIMES:135 CPU USE:16 4 12 0
[2019-11-07 16:34:29]TIMES:135 CPU0 USE:16 4 12 0
[2019-11-07 16:34:29]TIMES:135 SERIAL0:153 894 5900
[2019-11-07 16:34:29]TIMES:135 rmnet0:16012 115 0 0 0 0 0 0 41780 133 0 0 0 0 0 0
[2019-11-07 16:34:29]TIMES:135 rmnet_data1:5701 66 0 0 0 0 0 0 36376 83 0 0 0 0 0 0
[2019-11-07 16:34:29]TIMES:135 GNSS:22576981 113917412 311000000 28000000 4100000 386005 1 0
[2019-11-07 16:34:34]TIMES:140 ZONE0 TEMP:46
[2019-11-07 16:34:34]TIMES:140 CPU USE:33 7 26 0
[2019-11-07 16:34:34]TIMES:140 CPU0 USE:33 7 26 0
[2019-11-07 16:34:34]TIMES:140 SERIAL0:153 918 6118
[2019-11-07 16:34:34]TIMES:140 bridge0:0 0 0 0 0 0 0 0 1020 12 0 0 0 0 0 0
[2019-11-07 16:34:34]TIMES:140 rmnet0:16736 122 0 0 0 0 0 0 42356 140 0 0 0 0 0 0
[2019-11-07 16:34:34]TIMES:140 rmnet_data1:6121 71 0 0 0 0 0 0 36816 88 0 0 0 0 0 0
[2019-11-07 16:34:34]TIMES:140 rmnet_data0:9564 51 0 0 0 0 0 0 5540 52 0 0 0 0 0 0
[2019-11-07 16:34:34]TIMES:140 GNSS:22577100 113917386 304000000 27000000 0 0 1 0
[2019-11-07 16:34:39]TIMES:145 CPU USE:17 1 16 0
[2019-11-07 16:34:39]TIMES:145 CPU0 USE:17 1 16 0
[2019-11-07 16:34:39]TIMES:145 SERIAL0:153 946 6146
[2019-11-07 16:34:39]TIMES:145 bridge0:0 0 0 0 0 0 0 0 1236 15 0 0 0 0 0 0
[2019-11-07 16:34:39]TIMES:145 rmnet0:17324 129 0 0 0 0 0 0 42916 147 0 0 0 0 0 0
[2019-11-07 16:34:39]TIMES:145 rmnet_data1:6652 78 0 0 0 0 0 0 37376 95 0 0 0 0 0 0
[2019-11-07 16:34:39]TIMES:145 GNSS:22577175 113917362 298000000 21000000 0 0 1 0
[2019-11-07 16:34:44]TIMES:150 CPU USE:16 5 11 0
[2019-11-07 16:34:44]TIMES:150 CPU0 USE:16 5 11 0
[2019-11-07 16:34:44]TIMES:150 SERIAL0:153 970 6185
[2019-11-07 16:34:44]TIMES:150 rmnet0:17784 134 0 0 0 0 0 0 43356 152 0 0 0 0 0 0
[2019-11-07 16:34:44]TIMES:150 rmnet_data1:7072 83 0 0 0 0 0 0 37816 100 0 0 0 0 0 0
[2019-11-07 16:34:44]TIMES:150 GNSS:22577272 113917338 296000000 22000000 0 0 1 0
[2019-11-07 16:34:49]TIMES:155 CPU USE:16 2 14 0
[2019-11-07 16:34:49]TIMES:155 CPU0 USE:16 2 14 0
[2019-11-07 16:34:49]TIMES:155 SERIAL0:153 998 6197
[2019-11-07 16:34:49]TIMES:155 rmnet0:18244 139 0 0 0 0 0 0 43796 157 0 0 0 0 0 0
[2019-11-07 16:34:49]TIMES:155 rmnet_data1:7492 88 0 0 0 0 0 0 38256 105 0 0 0 0 0 0
[2019-11-07 16:34:49]TIMES:155 GNSS:22577316 113917303 295000000 22000000 0 0 1 0
[2019-11-07 16:34:54]TIMES:160 CPU USE:19 3 16 0
[2019-11-07 16:34:54]TIMES:160 CPU0 USE:19 3 16 0
[2019-11-07 16:34:54]TIMES:160 SERIAL0:153 1022 6204
[2019-11-07 16:34:54]TIMES:160 rmnet0:18704 144 0 0 0 0 0 0 44236 162 0 0 0 0 0 0
[2019-11-07 16:34:54]TIMES:160 rmnet_data1:7912 93 0 0 0 0 0 0 38696 110 0 0 0 0 0 0
[2019-11-07 16:34:54]TIMES:160 GNSS:22577316 113917289 296000000 26000000 0 0 1 0
[2019-11-07 16:34:59]TIMES:165 CPU USE:16 3 13 0
[2019-11-07 16:34:59]TIMES:165 CPU0 USE:16 3 13 0
[2019-11-07 16:34:59]TIMES:165 SERIAL0:153 1036 6213
[2019-11-07 16:34:59]TIMES:165 rmnet0:19244 150 0 0 0 0 0 0 44796 169 0 0 0 0 0 0
[2019-11-07 16:34:59]TIMES:165 rmnet_data1:8403 99 0 0 0 0 0 0 39256 117 0 0 0 0 0 0
[2019-11-07 16:34:59]TIMES:165 GNSS:22577287 113917299 290000000 46000000 0 0 1 0
[2019-11-07 16:35:04]TIMES:170 ZONE2 TEMP:48
[2019-11-07 16:35:04]TIMES:170 ZONE4 TEMP:44
[2019-11-07 16:35:04]TIMES:170 ZONE6 TEMP:38
[2019-11-07 16:35:04]TIMES:170 CPU USE:26 6 20 0
[2019-11-07 16:35:04]TIMES:170 CPU0 USE:26 6 20 0
[2019-11-07 16:35:04]TIMES:170 SERIAL0:153 1074 6220
[2019-11-07 16:35:04]TIMES:170 rmnet0:19792 156 0 0 0 0 0 0 45372 176 0 0 0 0 0 0
[2019-11-07 16:35:04]TIMES:170 rmnet_data1:8823 104 0 0 0 0 0 0 39696 122 0 0 0 0 0 0
[2019-11-07 16:35:04]TIMES:170 rmnet_data0:9642 52 0 0 0 0 0 0 5676 54 0 0 0 0 0 0
[2019-11-07 16:35:04]TIMES:170 GNSS:22577196 113917311 270000000 73000000 0 0 1 0
[2019-11-07 16:35:09]TIMES:175 ZONE2 TEMP:47
[2019-11-07 16:35:09]TIMES:175 ZONE4 TEMP:43
[2019-11-07 16:35:09]TIMES:175 MEM FREE:92 28
[2019-11-07 16:35:09]TIMES:175 CPU USE:12 2 10 0
[2019-11-07 16:35:09]TIMES:175 CPU0 USE:12 2 10 0
[2019-11-07 16:35:09]TIMES:175 SERIAL0:153 1088 6224
[2019-11-07 16:35:09]TIMES:175 rmnet0:20516 163 0 0 0 0 0 0 45948 183 0 0 0 0 0 0
[2019-11-07 16:35:09]TIMES:175 rmnet_data1:9243 109 0 0 0 0 0 0 40136 127 0 0 0 0 0 0
[2019-11-07 16:35:09]TIMES:175 rmnet_data0:9890 54 0 0 0 0 0 0 5812 56 0 0 0 0 0 0
[2019-11-07 16:35:09]TIMES:175 GNSS:22577006 113917200 213000000 85000000 212200000 1923798 1 0
[2019-11-07 16:35:14]TIMES:180 CPU USE:31 6 25 0
[2019-11-07 16:35:14]TIMES:180 CPU0 USE:31 6 25 0
[2019-11-07 16:35:14]TIMES:180 SERIAL0:153 1126 6231
[2019-11-07 16:35:14]TIMES:180 rmnet0:21344 172 0 0 0 0 0 0 46676 192 0 0 0 0 0 0
[2019-11-07 16:35:14]TIMES:180 rmnet_data1:9663 114 0 0 0 0 0 0 40576 132 0 0 0 0 0 0
[2019-11-07 16:35:14]TIMES:180 rmnet_data0:10220 58 0 0 0 0 0 0 6100 60 0 0 0 0 0 0
[2019-11-07 16:35:14]TIMES:180 GNSS:22576822 113916875 162000000 83000000 203800000 1471054 1 0
[2019-11-07 16:35:19]TIMES:185 ZONE0 TEMP:45
[2019-11-07 16:35:19]TIMES:185 ZONE1 TEMP:43
[2019-11-07 16:35:19]TIMES:185 ZONE2 TEMP:46
[2019-11-07 16:35:19]TIMES:185 ZONE3 TEMP:44
[2019-11-07 16:35:19]TIMES:185 MEM FREE:91 28
[2019-11-07 16:35:19]TIMES:185 CPU USE:22 3 19 0
[2019-11-07 16:35:19]TIMES:185 CPU0 USE:22 3 19 0
[2019-11-07 16:35:19]TIMES:185 SERIAL0:153 1178 6255
[2019-11-07 16:35:19]TIMES:185 rmnet0:21760 177 0 0 0 0 0 0 48604 202 0 0 0 0 0 0
[2019-11-07 16:35:19]TIMES:185 rmnet_data1:10039 119 0 0 0 0 0 0 42504 142 0 0 0 0 0 0
[2019-11-07 16:35:19]TIMES:185 NET MODE:2 -88 0
[2019-11-07 16:35:19]TIMES:185 GNSS:22576782 113916664 202000000 98000000 246000000 1401285 1 0
[2019-11-07 16:35:24]TIMES:190 ZONE0 TEMP:44
[2019-11-07 16:35:24]TIMES:190 ZONE1 TEMP:42
[2019-11-07 16:35:24]TIMES:190 ZONE2 TEMP:45
[2019-11-07 16:35:24]TIMES:190 ZONE3 TEMP:43
[2019-11-07 16:35:24]TIMES:190 ZONE4 TEMP:42
[2019-11-07 16:35:24]TIMES:190 CPU USE:18 4 14 0
[2019-11-07 16:35:24]TIMES:190 CPU0 USE:18 4 14 0
[2019-11-07 16:35:24]TIMES:190 SERIAL0:153 1216 6269
[2019-11-07 16:35:24]TIMES:190 rmnet0:21760 177 0 0 0 0 0 0 51040 212 0 0 0 0 0 0
[2019-11-07 16:35:24]TIMES:190 rmnet_data1:10039 119 0 0 0 0 0 0 44796 150 0 0 0 0 0 0
[2019-11-07 16:35:24]TIMES:190 rmnet_data0:10220 58 0 0 0 0 0 0 6244 62 0 0 0 0 0 0
[2019-11-07 16:35:24]TIMES:190 NET MODE:2 -83 0
[2019-11-07 16:35:24]TIMES:190 GNSS:22576808 113916574 193000000 92000000 277200000 1671077 1 0
[2019-11-07 16:35:31]TIMES:195 ZONE0 TEMP:45
[2019-11-07 16:35:31]TIMES:195 ZONE1 TEMP:43
[2019-11-07 16:35:31]TIMES:195 ZONE2 TEMP:47
[2019-11-07 16:35:31]TIMES:195 ZONE3 TEMP:44
[2019-11-07 16:35:31]TIMES:195 ZONE4 TEMP:43
[2019-11-07 16:35:31]TIMES:195 MEM FREE:91 27
[2019-11-07 16:35:31]TIMES:195 CPU USE:17 3 14 0
[2019-11-07 16:35:31]TIMES:195 CPU0 USE:17 3 14 0
[2019-11-07 16:35:31]TIMES:195 SERIAL0:153 1270 6281
[2019-11-07 16:35:31]TIMES:195 rmnet0:26496 210 0 0 0 0 0 0 54944 237 0 0 0 0 0 0
[2019-11-07 16:35:31]TIMES:195 rmnet_data1:14277 150 0 0 0 0 0 0 48700 175 0 0 0 0 0 0
[2019-11-07 16:35:31]TIMES:195 rmnet_data0:10436 60 0 0 0 0 0 0 6244 62 0 0 0 0 0 0
[2019-11-07 16:35:31]TIMES:195 GNSS:0 0 0 0 0 0 0 0
[2019-11-07 16:35:36]TIMES:200 CPU USE:16 4 12 0
[2019-11-07 16:35:36]TIMES:200 CPU0 USE:16 4 12 0
[2019-11-07 16:35:36]TIMES:200 SERIAL0:153 1294 6323
[2019-11-07 16:35:36]TIMES:200 rmnet0:27016 216 0 0 0 0 0 0 56020 243 0 0 0 0 0 0
[2019-11-07 16:35:36]TIMES:200 rmnet_data1:14749 156 0 0 0 0 0 0 49776 181 0 0 0 0 0 0
[2019-11-07 16:35:41]TIMES:205 ZONE1 TEMP:44
[2019-11-07 16:35:41]TIMES:205 CPU USE:21 5 16 0
[2019-11-07 16:35:41]TIMES:205 CPU0 USE:21 5 16 0
[2019-11-07 16:35:41]TIMES:205 SERIAL0:153 1322 6327
[2019-11-07 16:35:41]TIMES:205 rmnet0:27688 223 0 0 0 0 0 0 56600 250 0 0 0 0 0 0
[2019-11-07 16:35:41]TIMES:205 rmnet_data1:15169 161 0 0 0 0 0 0 50216 186 0 0 0 0 0 0
[2019-11-07 16:35:41]TIMES:205 rmnet_data0:10632 62 0 0 0 0 0 0 6384 64 0 0 0 0 0 0
[2019-11-07 16:35:41]TIMES:205 GNSS:22577427 113916300 29000000 49000000 0 0 1 0
[2019-11-07 16:35:46]TIMES:210 ZONE3 TEMP:45
[2019-11-07 16:35:46]TIMES:210 CPU USE:30 4 26 0
[2019-11-07 16:35:46]TIMES:210 CPU0 USE:30 4 26 0
[2019-11-07 16:35:46]TIMES:210 SERIAL0:153 1346 6334
[2019-11-07 16:35:46]TIMES:210 rmnet0:28412 230 0 0 0 0 0 0 57176 257 0 0 0 0 0 0
[2019-11-07 16:35:46]TIMES:210 rmnet_data1:15589 166 0 0 0 0 0 0 50656 191 0 0 0 0 0 0
[2019-11-07 16:35:46]TIMES:210 rmnet_data0:10880 64 0 0 0 0 0 0 6520 66 0 0 0 0 0 0
[2019-11-07 16:35:46]TIMES:210 GNSS:22577343 113916464 45000000 43000000 0 0 1 0
[2019-11-07 16:35:51]TIMES:215 ZONE3 TEMP:44
[2019-11-07 16:35:51]TIMES:215 MEM FREE:91 28
[2019-11-07 16:35:51]TIMES:215 CPU USE:11 2 9 0
[2019-11-07 16:35:51]TIMES:215 CPU0 USE:11 2 9 0
[2019-11-07 16:35:51]TIMES:215 SERIAL0:153 1374 6338
[2019-11-07 16:35:51]TIMES:215 rmnet0:28564 232 0 0 0 0 0 0 57320 259 0 0 0 0 0 0
[2019-11-07 16:35:51]TIMES:215 rmnet_data1:15724 168 0 0 0 0 0 0 50800 193 0 0 0 0 0 0
[2019-11-07 16:35:51]TIMES:215 GNSS:22577291 113916505 65000000 32000000 0 0 1 0
[2019-11-07 16:35:56]TIMES:220 ZONE2 TEMP:48
[2019-11-07 16:35:56]TIMES:220 ZONE3 TEMP:45
[2019-11-07 16:35:56]TIMES:220 CPU USE:18 3 15 0
[2019-11-07 16:35:56]TIMES:220 CPU0 USE:18 3 15 0
[2019-11-07 16:35:56]TIMES:220 SERIAL0:153 1398 6345
[2019-11-07 16:35:56]TIMES:220 GNSS:22577250 113916532 78000000 33000000 0 0 1 0
[2019-11-07 16:36:01]TIMES:225 ZONE2 TEMP:47
[2019-11-07 16:36:01]TIMES:225 ZONE5 TEMP:45
[2019-11-07 16:36:01]TIMES:225 CPU USE:14 3 11 0
[2019-11-07 16:36:01]TIMES:225 CPU0 USE:14 3 11 0
[2019-11-07 16:36:01]TIMES:225 SERIAL0:153 1412 6349
[2019-11-07 16:36:01]TIMES:225 GNSS:22577224 113916505 80000000 51000000 0 0 1 0
[2019-11-07 16:36:06]TIMES:230 CPU USE:15 3 12 0
[2019-11-07 16:36:06]TIMES:230 CPU0 USE:15 3 12 0
[2019-11-07 16:36:06]TIMES:230 SERIAL0:153 1450 6356
[2019-11-07 16:36:06]TIMES:230 GNSS:22577222 113916504 85000000 43000000 0 0 1 0
[2019-11-07 16:36:11]TIMES:235 ZONE0 TEMP:46
[2019-11-07 16:36:11]TIMES:235 MEM FREE:92 28
[2019-11-07 16:36:11]TIMES:235 CPU USE:24 5 19 0
[2019-11-07 16:36:11]TIMES:235 CPU0 USE:24 5 19 0
[2019-11-07 16:36:11]TIMES:235 SERIAL0:153 1478 6362
[2019-11-07 16:36:11]TIMES:235 rmnet0:28656 233 0 0 0 0 0 0 57464 261 0 0 0 0 0 0
[2019-11-07 16:36:11]TIMES:235 rmnet_data1:15807 169 0 0 0 0 0 0 50944 195 0 0 0 0 0 0
[2019-11-07 16:36:11]TIMES:235 GNSS:22577221 113916504 95000000 40000000 0 0 1 0
[2019-11-07 16:36:16]TIMES:240 ZONE0 TEMP:45
[2019-11-07 16:36:16]TIMES:240 ZONE1 TEMP:43
[2019-11-07 16:36:16]TIMES:240 ZONE2 TEMP:46
[2019-11-07 16:36:16]TIMES:240 ZONE3 TEMP:44
[2019-11-07 16:36:16]TIMES:240 ZONE5 TEMP:44
[2019-11-07 16:36:16]TIMES:240 MEM FREE:91 28
[2019-11-07 16:36:16]TIMES:240 CPU USE:21 5 16 0
[2019-11-07 16:36:16]TIMES:240 CPU0 USE:21 5 16 0
[2019-11-07 16:36:16]TIMES:240 SERIAL0:153 1516 6369
[2019-11-07 16:36:16]TIMES:240 NET MODE:5 -59 -86
[2019-11-07 16:36:16]TIMES:240 GNSS:22577223 113916505 96000000 44000000 0 0 1 0
[2019-11-07 16:36:21]TIMES:245 ZONE4 TEMP:42
[2019-11-07 16:36:21]TIMES:245 MEM FREE:92 28
[2019-11-07 16:36:21]TIMES:245 CPU USE:20 5 15 0
[2019-11-07 16:36:21]TIMES:245 CPU0 USE:20 5 15 0
[2019-11-07 16:36:21]TIMES:245 SERIAL0:153 1530 6373
[2019-11-07 16:36:21]TIMES:245 rmnet0:29380 240 0 0 0 0 0 0 58040 268 0 0 0 0 0 0
[2019-11-07 16:36:21]TIMES:245 rmnet_data1:16227 174 0 0 0 0 0 0 51384 200 0 0 0 0 0 0
[2019-11-07 16:36:21]TIMES:245 rmnet_data0:11128 66 0 0 0 0 0 0 6656 68 0 0 0 0 0 0
[2019-11-07 16:36:21]TIMES:245 NET MODE:5 -55 -85
[2019-11-07 16:36:21]TIMES:245 GNSS:22577227 113916506 103000000 41000000 0 0 1 0
[2019-11-07 16:36:26]TIMES:250 ZONE0 TEMP:44
[2019-11-07 16:36:26]TIMES:250 ZONE2 TEMP:45
[2019-11-07 16:36:26]TIMES:250 CPU USE:19 4 15 0
[2019-11-07 16:36:26]TIMES:250 CPU0 USE:19 4 15 0
[2019-11-07 16:36:26]TIMES:250 SERIAL0:153 1568 6380
[2019-11-07 16:36:26]TIMES:250 rmnet0:29900 246 0 0 0 0 0 0 59820 274 0 0 0 0 0 0
[2019-11-07 16:36:26]TIMES:250 rmnet_data1:16699 180 0 0 0 0 0 0 53164 206 0 0 0 0 0 0
[2019-11-07 16:36:26]TIMES:250 GNSS:22577234 113916512 105000000 43000000 0 0 1 0
[2019-11-07 16:36:31]TIMES:255 ZONE3 TEMP:43
[2019-11-07 16:36:31]TIMES:255 CPU USE:17 2 15 0
[2019-11-07 16:36:31]TIMES:255 CPU0 USE:17 2 15 0
[2019-11-07 16:36:31]TIMES:255 SERIAL0:153 1582 6384
[2019-11-07 16:36:31]TIMES:255 rmnet0:30512 253 0 0 0 0 0 0 60492 282 0 0 0 0 0 0
[2019-11-07 16:36:31]TIMES:255 rmnet_data1:17254 187 0 0 0 0 0 0 53836 214 0 0 0 0 0 0
[2019-11-07 16:36:31]TIMES:255 GNSS:22577235 113916516 109000000 44000000 0 0 1 0
[2019-11-07 16:36:36]TIMES:260 CPU USE:17 3 14 0
[2019-11-07 16:36:36]TIMES:260 CPU0 USE:17 3 14 0
[2019-11-07 16:36:36]TIMES:260 SERIAL0:153 1620 6391
[2019-11-07 16:36:36]TIMES:260 rmnet0:30972 258 0 0 0 0 0 0 60844 286 0 0 0 0 0 0
[2019-11-07 16:36:36]TIMES:260 rmnet_data1:17674 192 0 0 0 0 0 0 54188 218 0 0 0 0 0 0
[2019-11-07 16:36:36]TIMES:260 GNSS:22577238 113916539 125000000 32000000 0 0 1 0
[2019-11-07 16:36:41]TIMES:265 ZONE6 TEMP:37
[2019-11-07 16:36:41]TIMES:265 CPU USE:16 2 14 0
[2019-11-07 16:36:41]TIMES:265 CPU0 USE:16 2 14 0
[2019-11-07 16:36:41]TIMES:265 SERIAL0:153 1634 6418
[2019-11-07 16:36:41]TIMES:265 bridge0:0 0 0 0 0 0 0 0 1308 16 0 0 0 0 0 0
[2019-11-07 16:36:41]TIMES:265 rmnet0:31432 263 0 0 0 0 0 0 61284 291 0 0 0 0 0 0
[2019-11-07 16:36:41]TIMES:265 rmnet_data1:18094 197 0 0 0 0 0 0 54628 223 0 0 0 0 0 0
[2019-11-07 16:36:41]TIMES:265 NET MODE:5 -61 -88
[2019-11-07 16:36:41]TIMES:265 GNSS:22577231 113916607 127000000 31000000 0 0 1 0
[2019-11-07 16:36:46]TIMES:270 CPU USE:16 1 15 0
[2019-11-07 16:36:46]TIMES:270 CPU0 USE:16 1 15 0
[2019-11-07 16:36:46]TIMES:270 SERIAL0:153 1658 6428
[2019-11-07 16:36:46]TIMES:270 bridge0:0 0 0 0 0 0 0 0 1452 18 0 0 0 0 0 0
[2019-11-07 16:36:46]TIMES:270 rmnet0:31892 268 0 0 0 0 0 0 61724 296 0 0 0 0 0 0
[2019-11-07 16:36:46]TIMES:270 rmnet_data1:18514 202 0 0 0 0 0 0 55068 228 0 0 0 0 0 0
[2019-11-07 16:36:46]TIMES:270 GNSS:22577231 113916578 127000000 30000000 0 0 1 0
[2019-11-07 16:36:51]TIMES:275 CPU USE:26 6 20 0
[2019-11-07 16:36:51]TIMES:275 CPU0 USE:26 6 20 0
[2019-11-07 16:36:51]TIMES:275 SERIAL0:153 1686 6442
[2019-11-07 16:36:51]TIMES:275 bridge0:0 0 0 0 0 0 0 0 1524 19 0 0 0 0 0 0
[2019-11-07 16:36:51]TIMES:275 rmnet0:32708 276 0 0 0 0 0 0 62532 306 0 0 0 0 0 0
[2019-11-07 16:36:51]TIMES:275 rmnet_data1:19017 208 0 0 0 0 0 0 55740 236 0 0 0 0 0 0
[2019-11-07 16:36:51]TIMES:275 rmnet_data0:11376 68 0 0 0 0 0 0 6792 70 0 0 0 0 0 0
[2019-11-07 16:36:51]TIMES:275 NET MODE:5 -62 -93
[2019-11-07 16:36:51]TIMES:275 GNSS:22577225 113916540 128000000 51000000 0 0 1 0
[2019-11-07 16:36:56]TIMES:280 ZONE3 TEMP:44
[2019-11-07 16:36:56]TIMES:280 CPU USE:17 3 14 0
[2019-11-07 16:36:56]TIMES:280 CPU0 USE:17 3 14 0
[2019-11-07 16:36:56]TIMES:280 SERIAL0:153 1710 6465
[2019-11-07 16:36:56]TIMES:280 rmnet0:33168 281 0 0 0 0 0 0 62884 310 0 0 0 0 0 0
[2019-11-07 16:36:56]TIMES:280 rmnet_data1:19437 213 0 0 0 0 0 0 56092 240 0 0 0 0 0 0
[2019-11-07 16:36:56]TIMES:280 GNSS:22577098 113916304 116000000 57000000 245700000 5290000 1 0
[2019-11-07 16:37:01]TIMES:285 ZONE3 TEMP:43
[2019-11-07 16:37:01]TIMES:285 CPU USE:19 5 14 0
[2019-11-07 16:37:01]TIMES:285 CPU0 USE:19 5 14 0
[2019-11-07 16:37:01]TIMES:285 SERIAL0:153 1738 7126
[2019-11-07 16:37:01]TIMES:285 rmnet0:33628 286 0 0 0 0 0 0 63412 316 0 0 0 0 0 0
[2019-11-07 16:37:01]TIMES:285 rmnet_data1:19857 218 0 0 0 0 0 0 56620 246 0 0 0 0 0 0
[2019-11-07 16:37:01]TIMES:285 GNSS:22577046 113916209 119000000 49000000 0 0 1 0
[2019-11-07 16:37:06]TIMES:290 CPU USE:17 5 12 0
[2019-11-07 16:37:06]TIMES:290 CPU0 USE:17 5 12 0
[2019-11-07 16:37:06]TIMES:290 SERIAL0:153 1762 7380
[2019-11-07 16:37:06]TIMES:290 rmnet0:34088 291 0 0 0 0 0 0 63852 321 0 0 0 0 0 0
[2019-11-07 16:37:06]TIMES:290 rmnet_data1:20277 223 0 0 0 0 0 0 57060 251 0 0 0 0 0 0
[2019-11-07 16:37:06]TIMES:290 GNSS:22576998 113916198 119000000 48000000 0 0 1 0
[2019-11-07 16:37:11]TIMES:295 CPU USE:22 6 16 0
[2019-11-07 16:37:11]TIMES:295 CPU0 USE:22 6 16 0
[2019-11-07 16:37:11]TIMES:295 SERIAL0:153 1790 8049
[2019-11-07 16:37:11]TIMES:295 rmnet0:34548 296 0 0 0 0 0 0 64292 326 0 0 0 0 0 0
[2019-11-07 16:37:11]TIMES:295 rmnet_data1:20697 228 0 0 0 0 0 0 57500 256 0 0 0 0 0 0
[2019-11-07 16:37:11]TIMES:295 GNSS:22576956 113916141 114000000 48000000 0 0 1 0
[2019-11-07 16:37:16]TIMES:300 CPU USE:20 5 15 0
[2019-11-07 16:37:16]TIMES:300 CPU0 USE:20 5 15 0
[2019-11-07 16:37:16]TIMES:300 SERIAL0:153 1814 8313
[2019-11-07 16:37:16]TIMES:300 rmnet0:35100 302 0 0 0 0 0 0 64876 333 0 0 0 0 0 0
[2019-11-07 16:37:16]TIMES:300 rmnet_data1:21200 234 0 0 0 0 0 0 58084 263 0 0 0 0 0 0
[2019-11-07 16:37:16]TIMES:300 GNSS:22576949 113916130 114000000 34000000 0 0 1 0
[2019-11-07 16:37:21]TIMES:305 ZONE2 TEMP:46
[2019-11-07 16:37:21]TIMES:305 CPU USE:29 6 23 0
[2019-11-07 16:37:21]TIMES:305 CPU0 USE:29 6 23 0
[2019-11-07 16:37:21]TIMES:305 SERIAL0:153 1828 8397
[2019-11-07 16:37:21]TIMES:305 rmnet0:35824 309 0 0 0 0 0 0 65452 340 0 0 0 0 0 0
[2019-11-07 16:37:21]TIMES:305 rmnet_data1:21620 239 0 0 0 0 0 0 58524 268 0 0 0 0 0 0
[2019-11-07 16:37:21]TIMES:305 rmnet_data0:11624 70 0 0 0 0 0 0 6928 72 0 0 0 0 0 0
[2019-11-07 16:37:21]TIMES:305 GNSS:22576941 113916144 115000000 30000000 0 0 1 0
[2019-11-07 16:37:26]TIMES:310 ZONE2 TEMP:45
[2019-11-07 16:37:26]TIMES:310 CPU USE:20 4 16 0
[2019-11-07 16:37:26]TIMES:310 CPU0 USE:20 4 16 0
[2019-11-07 16:37:26]TIMES:310 SERIAL0:153 1866 8435
[2019-11-07 16:37:26]TIMES:310 rmnet0:36344 315 0 0 0 0 0 0 67244 346 0 0 0 0 0 0
[2019-11-07 16:37:26]TIMES:310 rmnet_data1:22092 245 0 0 0 0 0 0 60316 274 0 0 0 0 0 0
[2019-11-07 16:37:26]TIMES:310 GNSS:22576932 113916159 116000000 30000000 0 0 1 0
[2019-11-07 16:37:31]TIMES:315 CPU USE:14 2 12 0
[2019-11-07 16:37:31]TIMES:315 CPU0 USE:15 2 13 0
[2019-11-07 16:37:31]TIMES:315 SERIAL0:153 1880 8455
[2019-11-07 16:37:31]TIMES:315 rmnet0:36804 320 0 0 0 0 0 0 67684 351 0 0 0 0 0 0
[2019-11-07 16:37:31]TIMES:315 rmnet_data1:22512 250 0 0 0 0 0 0 60756 279 0 0 0 0 0 0
[2019-11-07 16:37:31]TIMES:315 NET MODE:5 -60 -89
[2019-11-07 16:37:31]TIMES:315 GNSS:22576926 113916171 117000000 40000000 0 0 1 0
[2019-11-07 16:37:36]TIMES:320 CPU USE:17 2 15 0
[2019-11-07 16:37:36]TIMES:320 CPU0 USE:17 2 15 0
[2019-11-07 16:37:36]TIMES:320 SERIAL0:153 1918 8462
[2019-11-07 16:37:36]TIMES:320 rmnet0:37416 327 0 0 0 0 0 0 68268 358 0 0 0 0 0 0
[2019-11-07 16:37:36]TIMES:320 rmnet_data1:23067 257 0 0 0 0 0 0 61340 286 0 0 0 0 0 0
[2019-11-07 16:37:36]TIMES:320 GNSS:22576922 113916177 117000000 41000000 0 0 1 0
[2019-11-07 16:37:41]TIMES:325 MEM FREE:91 28
[2019-11-07 16:37:41]TIMES:325 CPU USE:11 2 9 0
[2019-11-07 16:37:41]TIMES:325 CPU0 USE:11 2 9 0
[2019-11-07 16:37:41]TIMES:325 SERIAL0:153 1932 8474
[2019-11-07 16:37:41]TIMES:325 rmnet0:37876 332 0 0 0 0 0 0 68708 363 0 0 0 0 0 0
[2019-11-07 16:37:41]TIMES:325 rmnet_data1:23487 262 0 0 0 0 0 0 61780 291 0 0 0 0 0 0
[2019-11-07 16:37:41]TIMES:325 NET MODE:5 -64 -90
[2019-11-07 16:37:41]TIMES:325 GNSS:22576917 113916184 118000000 36000000 0 0 1 0
[2019-11-07 16:37:46]TIMES:330 MEM FREE:92 28
[2019-11-07 16:37:46]TIMES:330 CPU USE:16 3 13 0
[2019-11-07 16:37:46]TIMES:330 CPU0 USE:16 3 13 0
[2019-11-07 16:37:46]TIMES:330 SERIAL0:153 1970 8481
[2019-11-07 16:37:47]TIMES:330 rmnet0:38336 337 0 0 0 0 0 0 69060 367 0 0 0 0 0 0
[2019-11-07 16:37:47]TIMES:330 rmnet_data1:23907 267 0 0 0 0 0 0 62132 295 0 0 0 0 0 0
[2019-11-07 16:37:47]TIMES:330 NET MODE:5 -60 -89
[2019-11-07 16:37:47]TIMES:330 GNSS:22576910 113916192 118000000 34000000 0 0 1 0
[2019-11-07 16:37:52]TIMES:335 ZONE1 TEMP:42
[2019-11-07 16:37:52]TIMES:335 ZONE4 TEMP:41
[2019-11-07 16:37:52]TIMES:335 CPU USE:14 4 10 0
[2019-11-07 16:37:52]TIMES:335 CPU0 USE:14 4 10 0
[2019-11-07 16:37:52]TIMES:335 SERIAL0:153 1984 8485
[2019-11-07 16:37:52]TIMES:335 GNSS:22576903 113916201 119000000 31000000 0 0 1 0
[2019-11-07 16:37:57]TIMES:340 MEM FREE:92 29
[2019-11-07 16:37:57]TIMES:340 CPU USE:30 5 25 0
[2019-11-07 16:37:57]TIMES:340 CPU0 USE:30 5 25 0
[2019-11-07 16:37:57]TIMES:340 SERIAL0:153 2008 8492
[2019-11-07 16:37:57]TIMES:340 rmnet0:38692 340 0 0 0 0 0 0 69340 371 0 0 0 0 0 0
[2019-11-07 16:37:57]TIMES:340 rmnet_data1:23990 268 0 0 0 0 0 0 62276 297 0 0 0 0 0 0
[2019-11-07 16:37:57]TIMES:340 rmnet_data0:11872 72 0 0 0 0 0 0 7064 74 0 0 0 0 0 0
[2019-11-07 16:37:57]TIMES:340 GNSS:22576895 113916210 120000000 26000000 0 0 1 0
[2019-11-07 16:38:02]TIMES:345 MEM FREE:92 28
[2019-11-07 16:38:02]TIMES:345 CPU USE:16 3 13 0
[2019-11-07 16:38:02]TIMES:345 CPU0 USE:16 3 13 0
[2019-11-07 16:38:02]TIMES:345 SERIAL0:153 2036 8496
[2019-11-07 16:38:02]TIMES:345 GNSS:22576891 113916220 121000000 34000000 0 0 1 0
[2019-11-07 16:38:07]TIMES:350 ZONE0 TEMP:43
[2019-11-07 16:38:07]TIMES:350 ZONE1 TEMP:40
[2019-11-07 16:38:07]TIMES:350 ZONE2 TEMP:43
[2019-11-07 16:38:07]TIMES:350 ZONE3 TEMP:42
[2019-11-07 16:38:07]TIMES:350 MEM FREE:92 29
[2019-11-07 16:38:07]TIMES:350 CPU USE:15 3 12 0
[2019-11-07 16:38:07]TIMES:350 CPU0 USE:15 3 12 0
[2019-11-07 16:38:07]TIMES:350 SERIAL0:153 2060 8511
[2019-11-07 16:38:07]TIMES:350 GNSS:22576882 113916241 123000000 34000000 0 0 1 0
[2019-11-07 16:38:12]TIMES:355 ZONE0 TEMP:42
[2019-11-07 16:38:12]TIMES:355 ZONE1 TEMP:39
[2019-11-07 16:38:12]TIMES:355 ZONE2 TEMP:42
[2019-11-07 16:38:12]TIMES:355 ZONE3 TEMP:41
[2019-11-07 16:38:12]TIMES:355 ZONE4 TEMP:40
[2019-11-07 16:38:12]TIMES:355 ZONE5 TEMP:43
[2019-11-07 16:38:12]TIMES:355 CPU USE:16 3 13 0
[2019-11-07 16:38:12]TIMES:355 CPU0 USE:16 3 13 0
[2019-11-07 16:38:12]TIMES:355 SERIAL0:153 2088 8515
[2019-11-07 16:38:12]TIMES:355 GNSS:22576886 113916238 123000000 51000000 0 0 1 0
[2019-11-07 16:38:17]TIMES:360 ZONE0 TEMP:43
[2019-11-07 16:38:17]TIMES:360 ZONE1 TEMP:42
[2019-11-07 16:38:17]TIMES:360 ZONE2 TEMP:45
[2019-11-07 16:38:17]TIMES:360 ZONE3 TEMP:43
[2019-11-07 16:38:17]TIMES:360 ZONE4 TEMP:41
[2019-11-07 16:38:17]TIMES:360 MEM FREE:92 28
[2019-11-07 16:38:17]TIMES:360 CPU USE:17 3 14 0
[2019-11-07 16:38:17]TIMES:360 CPU0 USE:17 3 14 0
[2019-11-07 16:38:17]TIMES:360 SERIAL0:153 2112 8522
[2019-11-07 16:38:17]TIMES:360 rmnet0:38876 342 0 0 0 0 0 0 69572 374 0 0 0 0 0 0
[2019-11-07 16:38:17]TIMES:360 rmnet_data1:24157 270 0 0 0 0 0 0 62508 300 0 0 0 0 0 0
[2019-11-07 16:38:17]TIMES:360 GNSS:22576886 113916249 123000000 53000000 0 0 1 0
[2019-11-07 16:38:22]TIMES:365 ZONE0 TEMP:44
[2019-11-07 16:38:22]TIMES:365 CPU USE:12 3 9 0
[2019-11-07 16:38:22]TIMES:365 CPU0 USE:12 3 9 0
[2019-11-07 16:38:22]TIMES:365 SERIAL0:153 2140 8536
[2019-11-07 16:38:22]TIMES:365 rmnet0:39336 347 0 0 0 0 0 0 70012 379 0 0 0 0 0 0
[2019-11-07 16:38:22]TIMES:365 rmnet_data1:24577 275 0 0 0 0 0 0 62948 305 0 0 0 0 0 0
[2019-11-07 16:38:22]TIMES:365 NET MODE:5 -65 -90
[2019-11-07 16:38:22]TIMES:365 GNSS:22576882 113916263 125000000 45000000 0 0 1 0
[2019-11-07 16:38:27]TIMES:370 CPU USE:46 10 36 0
[2019-11-07 16:38:27]TIMES:370 CPU0 USE:46 10 36 0
[2019-11-07 16:38:27]TIMES:370 SERIAL0:153 2164 8543
[2019-11-07 16:38:27]TIMES:370 rmnet0:40576 360 0 0 0 0 0 0 72288 392 0 0 0 0 0 0
[2019-11-07 16:38:27]TIMES:370 rmnet_data1:25049 281 0 0 0 0 0 0 64732 311 0 0 0 0 0 0
[2019-11-07 16:38:27]TIMES:370 rmnet_data0:12528 79 0 0 0 0 0 0 7556 81 0 0 0 0 0 0
[2019-11-07 16:38:27]TIMES:370 GNSS:22576877 113916278 126000000 43000000 0 0 1 0
[2019-11-07 16:38:32]TIMES:375 CPU USE:16 4 12 0
[2019-11-07 16:38:32]TIMES:375 CPU0 USE:16 4 12 0
[2019-11-07 16:38:32]TIMES:375 SERIAL0:153 2192 8547
[2019-11-07 16:38:32]TIMES:375 rmnet0:41036 365 0 0 0 0 0 0 72728 397 0 0 0 0 0 0
[2019-11-07 16:38:32]TIMES:375 rmnet_data1:25469 286 0 0 0 0 0 0 65172 316 0 0 0 0 0 0
[2019-11-07 16:38:32]TIMES:375 NET MODE:5 -58 -88
[2019-11-07 16:38:32]TIMES:375 GNSS:22576873 113916291 127000000 47000000 0 0 1 0
[2019-11-07 16:38:37]TIMES:380 CPU USE:16 2 14 0
[2019-11-07 16:38:37]TIMES:380 CPU0 USE:16 2 14 0
[2019-11-07 16:38:37]TIMES:380 SERIAL0:153 2216 8554
[2019-11-07 16:38:37]TIMES:380 rmnet0:41648 372 0 0 0 0 0 0 73312 404 0 0 0 0 0 0
[2019-11-07 16:38:37]TIMES:380 rmnet_data1:26024 293 0 0 0 0 0 0 65756 323 0 0 0 0 0 0
[2019-11-07 16:38:37]TIMES:380 GNSS:22576869 113916303 128000000 47000000 0 0 1 0
[2019-11-07 16:38:42]TIMES:385 ZONE4 TEMP:42
[2019-11-07 16:38:42]TIMES:385 ZONE5 TEMP:44
[2019-11-07 16:38:42]TIMES:385 CPU USE:15 3 12 0
[2019-11-07 16:38:42]TIMES:385 CPU0 USE:15 3 12 0
[2019-11-07 16:38:42]TIMES:385 SERIAL0:153 2230 8558
[2019-11-07 16:38:42]TIMES:385 rmnet0:42108 377 0 0 0 0 0 0 73752 409 0 0 0 0 0 0
[2019-11-07 16:38:42]TIMES:385 rmnet_data1:26444 298 0 0 0 0 0 0 66196 328 0 0 0 0 0 0
[2019-11-07 16:38:42]TIMES:385 GNSS:22576868 113916310 129000000 43000000 0 0 1 0
[2019-11-07 16:38:47]TIMES:390 ZONE5 TEMP:43
[2019-11-07 16:38:47]TIMES:390 MEM FREE:91 28
[2019-11-07 16:38:47]TIMES:390 CPU USE:14 2 12 0
[2019-11-07 16:38:47]TIMES:390 CPU0 USE:14 2 12 0
[2019-11-07 16:38:47]TIMES:390 SERIAL0:153 2268 8570
[2019-11-07 16:38:47]TIMES:390 bridge0:0 0 0 0 0 0 0 0 1596 20 0 0 0 0 0 0
[2019-11-07 16:38:47]TIMES:390 rmnet0:42568 382 0 0 0 0 0 0 74192 414 0 0 0 0 0 0
[2019-11-07 16:38:47]TIMES:390 rmnet_data1:26864 303 0 0 0 0 0 0 66636 333 0 0 0 0 0 0
[2019-11-07 16:38:47]TIMES:390 GNSS:22576869 113916315 129000000 43000000 0 0 1 0
[2019-11-07 16:38:52]TIMES:395 ZONE4 TEMP:41
[2019-11-07 16:38:52]TIMES:395 MEM FREE:92 28
[2019-11-07 16:38:52]TIMES:395 CPU USE:11 2 9 0
[2019-11-07 16:38:52]TIMES:395 CPU0 USE:11 2 9 0
[2019-11-07 16:38:52]TIMES:395 SERIAL0:153 2282 8574
[2019-11-07 16:38:52]TIMES:395 bridge0:0 0 0 0 0 0 0 0 1812 23 0 0 0 0 0 0
[2019-11-07 16:38:52]TIMES:395 rmnet0:43028 387 0 0 0 0 0 0 74632 419 0 0 0 0 0 0
[2019-11-07 16:38:52]TIMES:395 rmnet_data1:27284 308 0 0 0 0 0 0 67076 338 0 0 0 0 0 0
[2019-11-07 16:38:52]TIMES:395 NET MODE:5 -62 -88
[2019-11-07 16:38:52]TIMES:395 GNSS:22576871 113916319 130000000 42000000 0 0 1 0
[2019-11-07 16:38:57]TIMES:400 ZONE5 TEMP:44
[2019-11-07 16:38:57]TIMES:400 CPU USE:23 5 18 0
[2019-11-07 16:38:57]TIMES:400 CPU0 USE:23 5 18 0
[2019-11-07 16:38:57]TIMES:400 SERIAL0:153 2320 8581
[2019-11-07 16:38:57]TIMES:400 rmnet0:43792 395 0 0 0 0 0 0 75356 428 0 0 0 0 0 0
[2019-11-07 16:38:57]TIMES:400 rmnet_data1:27787 314 0 0 0 0 0 0 67660 345 0 0 0 0 0 0
[2019-11-07 16:38:57]TIMES:400 rmnet_data0:12724 81 0 0 0 0 0 0 7696 83 0 0 0 0 0 0
[2019-11-07 16:38:57]TIMES:400 NET MODE:5 -58 -88
[2019-11-07 16:38:57]TIMES:400 GNSS:22576873 113916323 130000000 43000000 0 0 1 0
[2019-11-07 16:39:02]TIMES:405 MEM FREE:91 28
[2019-11-07 16:39:02]TIMES:405 CPU USE:29 9 20 0
[2019-11-07 16:39:02]TIMES:405 CPU0 USE:29 9 20 0
[2019-11-07 16:39:02]TIMES:405 SERIAL0:153 2334 8585
[2019-11-07 16:39:02]TIMES:405 rmnet0:44516 402 0 0 0 0 0 0 75932 435 0 0 0 0 0 0
[2019-11-07 16:39:02]TIMES:405 rmnet_data1:28207 319 0 0 0 0 0 0 68100 350 0 0 0 0 0 0
[2019-11-07 16:39:02]TIMES:405 rmnet_data0:12972 83 0 0 0 0 0 0 7832 85 0 0 0 0 0 0
[2019-11-07 16:39:02]TIMES:405 GNSS:22576874 113916327 131000000 51000000 0 0 1 0
[2019-11-07 16:39:07]TIMES:410 ZONE5 TEMP:43
[2019-11-07 16:39:07]TIMES:410 MEM FREE:92 28
[2019-11-07 16:39:07]TIMES:410 CPU USE:16 2 14 0
[2019-11-07 16:39:07]TIMES:410 CPU0 USE:16 2 14 0
[2019-11-07 16:39:07]TIMES:410 SERIAL0:153 2372 8592
[2019-11-07 16:39:07]TIMES:410 rmnet0:44976 407 0 0 0 0 0 0 76372 440 0 0 0 0 0 0
[2019-11-07 16:39:07]TIMES:410 rmnet_data1:28627 324 0 0 0 0 0 0 68540 355 0 0 0 0 0 0
[2019-11-07 16:39:07]TIMES:410 NET MODE:5 -63 -88
[2019-11-07 16:39:07]TIMES:410 GNSS:22576901 113916330 133000000 45000000 0 0 1 0
[2019-11-07 16:39:12]TIMES:415 ZONE5 TEMP:44
[2019-11-07 16:39:12]TIMES:415 MEM FREE:91 28
[2019-11-07 16:39:12]TIMES:415 CPU USE:17 3 14 0
[2019-11-07 16:39:12]TIMES:415 CPU0 USE:17 3 14 0
[2019-11-07 16:39:12]TIMES:415 SERIAL0:153 2386 8596
[2019-11-07 16:39:12]TIMES:415 rmnet0:45436 412 0 0 0 0 0 0 76812 445 0 0 0 0 0 0
[2019-11-07 16:39:12]TIMES:415 rmnet_data1:29047 329 0 0 0 0 0 0 68980 360 0 0 0 0 0 0
[2019-11-07 16:39:12]TIMES:415 GNSS:22577054 113916327 125000000 44000000 0 0 1 0
[2019-11-07 16:39:17]TIMES:420 MEM FREE:92 28
[2019-11-07 16:39:17]TIMES:420 CPU USE:18 3 15 0
[2019-11-07 16:39:17]TIMES:420 CPU0 USE:18 3 15 0
[2019-11-07 16:39:17]TIMES:420 SERIAL0:153 2410 8603
[2019-11-07 16:39:17]TIMES:420 rmnet0:45896 417 0 0 0 0 0 0 77252 450 0 0 0 0 0 0
[2019-11-07 16:39:17]TIMES:420 rmnet_data1:29467 334 0 0 0 0 0 0 69420 365 0 0 0 0 0 0
[2019-11-07 16:39:17]TIMES:420 GNSS:22577245 113916308 115000000 40000000 0 0 1 0
[2019-11-07 16:39:22]TIMES:425 ZONE4 TEMP:42
[2019-11-07 16:39:22]TIMES:425 MEM FREE:91 28
[2019-11-07 16:39:22]TIMES:425 CPU USE:15 3 12 0
[2019-11-07 16:39:22]TIMES:425 CPU0 USE:15 3 12 0
[2019-11-07 16:39:22]TIMES:425 SERIAL0:153 2438 8607
[2019-11-07 16:39:22]TIMES:425 rmnet0:46448 423 0 0 0 0 0 0 77836 457 0 0 0 0 0 0
[2019-11-07 16:39:22]TIMES:425 rmnet_data1:29970 340 0 0 0 0 0 0 70004 372 0 0 0 0 0 0
[2019-11-07 16:39:22]TIMES:425 NET MODE:5 -57 -88
[2019-11-07 16:39:22]TIMES:425 GNSS:22577333 113916303 109000000 43000000 0 0 1 0
[2019-11-07 16:39:27]TIMES:430 ZONE4 TEMP:41
[2019-11-07 16:39:27]TIMES:430 ZONE5 TEMP:43
[2019-11-07 16:39:27]TIMES:430 MEM FREE:92 28
[2019-11-07 16:39:27]TIMES:430 CPU USE:17 3 14 0
[2019-11-07 16:39:27]TIMES:430 CPU0 USE:17 3 14 0
[2019-11-07 16:39:27]TIMES:430 SERIAL0:153 2462 8614
[2019-11-07 16:39:27]TIMES:430 rmnet0:46968 429 0 0 0 0 0 0 79620 463 0 0 0 0 0 0
[2019-11-07 16:39:27]TIMES:430 rmnet_data1:30442 346 0 0 0 0 0 0 71788 378 0 0 0 0 0 0
[2019-11-07 16:39:27]TIMES:430 NET MODE:5 -61 -88
[2019-11-07 16:39:27]TIMES:430 GNSS:22577332 113916323 111000000 42000000 0 0 1 0
[2019-11-07 16:39:32]TIMES:435 MEM FREE:91 28
[2019-11-07 16:39:32]TIMES:435 CPU USE:29 6 23 0
[2019-11-07 16:39:32]TIMES:435 CPU0 USE:29 6 23 0
[2019-11-07 16:39:32]TIMES:435 SERIAL0:153 2490 8618
[2019-11-07 16:39:32]TIMES:435 rmnet0:47692 436 0 0 0 0 0 0 80196 470 0 0 0 0 0 0
[2019-11-07 16:39:32]TIMES:435 rmnet_data1:30862 351 0 0 0 0 0 0 72228 383 0 0 0 0 0 0
[2019-11-07 16:39:32]TIMES:435 rmnet_data0:13220 85 0 0 0 0 0 0 7968 87 0 0 0 0 0 0
[2019-11-07 16:39:32]TIMES:435 GNSS:22577281 113916314 108000000 44000000 0 0 1 0
[2019-11-07 16:39:37]TIMES:440 ZONE4 TEMP:42
[2019-11-07 16:39:37]TIMES:440 ZONE5 TEMP:44
[2019-11-07 16:39:37]TIMES:440 CPU USE:15 3 12 0
[2019-11-07 16:39:37]TIMES:440 CPU0 USE:15 3 12 0
[2019-11-07 16:39:37]TIMES:440 SERIAL0:153 2514 8625
[2019-11-07 16:39:37]TIMES:440 rmnet0:48152 441 0 0 0 0 0 0 80636 475 0 0 0 0 0 0
[2019-11-07 16:39:37]TIMES:440 rmnet_data1:31282 356 0 0 0 0 0 0 72668 388 0 0 0 0 0 0
[2019-11-07 16:39:37]TIMES:440 GNSS:22577141 113916259 98000000 39000000 0 0 1 0
[2019-11-07 16:39:42]TIMES:445 CPU USE:15 3 12 0
[2019-11-07 16:39:42]TIMES:445 CPU0 USE:15 3 12 0
[2019-11-07 16:39:42]TIMES:445 SERIAL0:153 2542 8639
[2019-11-07 16:39:42]TIMES:445 rmnet0:48764 448 0 0 0 0 0 0 81220 482 0 0 0 0 0 0
[2019-11-07 16:39:42]TIMES:445 rmnet_data1:31837 363 0 0 0 0 0 0 73252 395 0 0 0 0 0 0
[2019-11-07 16:39:42]TIMES:445 NET MODE:5 -63 -92
[2019-11-07 16:39:42]TIMES:445 GNSS:22577133 113916275 97000000 34000000 0 0 1 0
[2019-11-07 16:39:47]TIMES:450 ZONE5 TEMP:43
[2019-11-07 16:39:47]TIMES:450 MEM FREE:92 28
[2019-11-07 16:39:47]TIMES:450 CPU USE:17 3 14 0
[2019-11-07 16:39:47]TIMES:450 CPU0 USE:17 3 14 0
[2019-11-07 16:39:47]TIMES:450 SERIAL0:153 2580 8646
[2019-11-07 16:39:47]TIMES:450 rmnet0:49132 452 0 0 0 0 0 0 81572 486 0 0 0 0 0 0
[2019-11-07 16:39:47]TIMES:450 rmnet_data1:32173 367 0 0 0 0 0 0 73604 399 0 0 0 0 0 0
[2019-11-07 16:39:47]TIMES:450 GNSS:22577131 113916289 97000000 39000000 0 0 1 0
[2019-11-07 16:39:52]TIMES:455 ZONE4 TEMP:41
[2019-11-07 16:39:52]TIMES:455 CPU USE:15 3 12 0
[2019-11-07 16:39:52]TIMES:455 CPU0 USE:15 3 12 0
[2019-11-07 16:39:52]TIMES:455 SERIAL0:153 2594 8650
[2019-11-07 16:39:52]TIMES:455 GNSS:22577126 113916299 98000000 42000000 0 0 1 0
[2019-11-07 16:39:57]TIMES:460 ZONE5 TEMP:44
[2019-11-07 16:39:57]TIMES:460 CPU USE:15 2 13 0
[2019-11-07 16:39:57]TIMES:460 CPU0 USE:15 2 13 0
[2019-11-07 16:39:57]TIMES:460 SERIAL0:153 2632 8692
[2019-11-07 16:39:57]TIMES:460 GNSS:22577121 113916312 98000000 44000000 0 0 1 0
[2019-11-07 16:40:02]TIMES:465 ZONE4 TEMP:42
[2019-11-07 16:40:02]TIMES:465 ZONE5 TEMP:43
[2019-11-07 16:40:02]TIMES:465 CPU USE:22 4 18 0
[2019-11-07 16:40:02]TIMES:465 CPU0 USE:22 4 18 0
[2019-11-07 16:40:02]TIMES:465 SERIAL0:153 2646 8696
[2019-11-07 16:40:02]TIMES:465 rmnet0:49224 453 0 0 0 0 0 0 81784 489 0 0 0 0 0 0
[2019-11-07 16:40:02]TIMES:465 rmnet_data1:32256 368 0 0 0 0 0 0 73748 401 0 0 0 0 0 0
[2019-11-07 16:40:02]TIMES:465 rmnet_data0:13220 85 0 0 0 0 0 0 8036 88 0 0 0 0 0 0
[2019-11-07 16:40:02]TIMES:465 GNSS:22577114 113916326 99000000 44000000 0 0 1 0
[2019-11-07 16:40:07]TIMES:470 CPU USE:20 3 17 0
[2019-11-07 16:40:07]TIMES:470 CPU0 USE:20 3 17 0
[2019-11-07 16:40:07]TIMES:470 SERIAL0:153 2670 8703
[2019-11-07 16:40:07]TIMES:470 rmnet0:49488 455 0 0 0 0 0 0 81852 490 0 0 0 0 0 0
[2019-11-07 16:40:07]TIMES:470 rmnet_data0:13468 87 0 0 0 0 0 0 8104 89 0 0 0 0 0 0
[2019-11-07 16:40:07]TIMES:470 GNSS:22577108 113916333 100000000 44000000 0 0 1 0
[2019-11-07 16:40:12]TIMES:475 ZONE4 TEMP:41
[2019-11-07 16:40:12]TIMES:475 CPU USE:14 4 10 0
[2019-11-07 16:40:12]TIMES:475 CPU0 USE:14 4 10 0
[2019-11-07 16:40:12]TIMES:475 SERIAL0:153 2698 8707
[2019-11-07 16:40:12]TIMES:475 GNSS:22577108 113916336 101000000 43000000 0 0 1 0
[2019-11-07 16:40:17]TIMES:480 CPU USE:17 2 15 0
[2019-11-07 16:40:17]TIMES:480 CPU0 USE:17 2 15 0
[2019-11-07 16:40:17]TIMES:480 SERIAL0:153 2722 8714
[2019-11-07 16:40:17]TIMES:480 rmnet0:49580 456 0 0 0 0 0 0 81940 491 0 0 0 0 0 0
[2019-11-07 16:40:17]TIMES:480 rmnet_data1:32340 369 0 0 0 0 0 0 73836 402 0 0 0 0 0 0
[2019-11-07 16:40:17]TIMES:480 GNSS:22577108 113916340 101000000 35000000 0 0 1 0
[2019-11-07 16:40:22]TIMES:485 MEM FREE:91 28
[2019-11-07 16:40:22]TIMES:485 CPU USE:16 4 12 0
[2019-11-07 16:40:22]TIMES:485 CPU0 USE:16 4 12 0
[2019-11-07 16:40:22]TIMES:485 SERIAL0:153 2750 8718
[2019-11-07 16:40:22]TIMES:485 rmnet0:50132 462 0 0 0 0 0 0 82524 498 0 0 0 0 0 0
[2019-11-07 16:40:22]TIMES:485 rmnet_data1:32843 375 0 0 0 0 0 0 74420 409 0 0 0 0 0 0
[2019-11-07 16:40:22]TIMES:485 GNSS:22577108 113916341 101000000 31000000 0 0 1 0
[2019-11-07 16:40:27]TIMES:490 CPU USE:15 4 11 0
[2019-11-07 16:40:27]TIMES:490 CPU0 USE:15 4 11 0
[2019-11-07 16:40:27]TIMES:490 SERIAL0:153 2774 8725
[2019-11-07 16:40:27]TIMES:490 rmnet0:50652 468 0 0 0 0 0 0 84308 504 0 0 0 0 0 0
[2019-11-07 16:40:27]TIMES:490 rmnet_data1:33315 381 0 0 0 0 0 0 76204 415 0 0 0 0 0 0
[2019-11-07 16:40:27]TIMES:490 GNSS:22577108 113916341 101000000 35000000 0 0 1 0
[2019-11-07 16:40:32]TIMES:495 CPU USE:15 2 13 0
[2019-11-07 16:40:32]TIMES:495 CPU0 USE:15 2 13 0
[2019-11-07 16:40:32]TIMES:495 SERIAL0:153 2802 8729
[2019-11-07 16:40:32]TIMES:495 rmnet0:51112 473 0 0 0 0 0 0 84748 509 0 0 0 0 0 0
[2019-11-07 16:40:32]TIMES:495 rmnet_data1:33735 386 0 0 0 0 0 0 76644 420 0 0 0 0 0 0
[2019-11-07 16:40:32]TIMES:495 GNSS:22577107 113916341 101000000 35000000 0 0 1 0
[2019-11-07 16:40:37]TIMES:500 ZONE4 TEMP:42
[2019-11-07 16:40:37]TIMES:500 CPU USE:31 7 24 0
[2019-11-07 16:40:37]TIMES:500 CPU0 USE:31 7 24 0
[2019-11-07 16:40:37]TIMES:500 SERIAL0:153 2826 8741
[2019-11-07 16:40:37]TIMES:500 rmnet0:51836 480 0 0 0 0 0 0 85324 516 0 0 0 0 0 0
[2019-11-07 16:40:37]TIMES:500 rmnet_data1:34155 391 0 0 0 0 0 0 77084 425 0 0 0 0 0 0
[2019-11-07 16:40:37]TIMES:500 rmnet_data0:13716 89 0 0 0 0 0 0 8240 91 0 0 0 0 0 0
[2019-11-07 16:40:37]TIMES:500 NET MODE:5 -58 -89
[2019-11-07 16:40:37]TIMES:500 GNSS:22577110 113916341 101000000 43000000 0 0 1 0
[2019-11-07 16:40:42]TIMES:505 ZONE4 TEMP:41
[2019-11-07 16:40:42]TIMES:505 MEM FREE:92 28
[2019-11-07 16:40:42]TIMES:505 CPU USE:14 2 12 0
[2019-11-07 16:40:42]TIMES:505 CPU0 USE:14 2 12 0
[2019-11-07 16:40:42]TIMES:505 SERIAL0:153 2854 8745
[2019-11-07 16:40:42]TIMES:505 rmnet0:52448 487 0 0 0 0 0 0 85908 523 0 0 0 0 0 0
[2019-11-07 16:40:42]TIMES:505 rmnet_data1:34710 398 0 0 0 0 0 0 77668 432 0 0 0 0 0 0
[2019-11-07 16:40:42]TIMES:505 GNSS:22577114 113916347 101000000 44000000 0 0 1 0
[2019-11-07 16:40:47]TIMES:510 CPU USE:16 2 14 0
[2019-11-07 16:40:47]TIMES:510 CPU0 USE:16 2 14 0
[2019-11-07 16:40:47]TIMES:510 SERIAL0:153 2878 8752
[2019-11-07 16:40:47]TIMES:510 rmnet0:52908 492 0 0 0 0 0 0 86348 528 0 0 0 0 0 0
[2019-11-07 16:40:47]TIMES:510 rmnet_data1:35130 403 0 0 0 0 0 0 78108 437 0 0 0 0 0 0
[2019-11-07 16:40:47]TIMES:510 NET MODE:5 -63 -89
[2019-11-07 16:40:47]TIMES:510 GNSS:22577116 113916353 101000000 39000000 0 0 1 0
[2019-11-07 16:40:52]TIMES:515 ZONE5 TEMP:44
[2019-11-07 16:40:52]TIMES:515 MEM FREE:91 28
[2019-11-07 16:40:52]TIMES:515 CPU USE:17 2 15 0
[2019-11-07 16:40:52]TIMES:515 CPU0 USE:17 2 15 0
[2019-11-07 16:40:52]TIMES:515 SERIAL0:153 2892 8761
[2019-11-07 16:40:52]TIMES:515 rmnet0:53368 497 0 0 0 0 0 0 86788 533 0 0 0 0 0 0
[2019-11-07 16:40:52]TIMES:515 rmnet_data1:35550 408 0 0 0 0 0 0 78548 442 0 0 0 0 0 0
[2019-11-07 16:40:52]TIMES:515 GNSS:22577118 113916432 100000000 29000000 0 0 1 0
[2019-11-07 16:40:57]TIMES:520 ZONE5 TEMP:43
[2019-11-07 16:40:57]TIMES:520 CPU USE:14 2 12 0
[2019-11-07 16:40:57]TIMES:520 CPU0 USE:14 2 12 0
[2019-11-07 16:40:57]TIMES:520 SERIAL0:153 2930 8768
[2019-11-07 16:40:57]TIMES:520 bridge0:0 0 0 0 0 0 0 0 2100 27 0 0 0 0 0 0
[2019-11-07 16:40:57]TIMES:520 rmnet0:53828 502 0 0 0 0 0 0 87228 538 0 0 0 0 0 0
[2019-11-07 16:40:57]TIMES:520 rmnet_data1:35970 413 0 0 0 0 0 0 78988 447 0 0 0 0 0 0
[2019-11-07 16:40:57]TIMES:520 GNSS:22577096 113916519 105000000 25000000 0 0 1 0
[2019-11-07 16:41:02]TIMES:525 CPU USE:14 2 12 0
[2019-11-07 16:41:02]TIMES:525 CPU0 USE:14 2 12 0
[2019-11-07 16:41:02]TIMES:525 SERIAL0:153 2944 8772
[2019-11-07 16:41:02]TIMES:525 rmnet0:54288 507 0 0 0 0 0 0 87668 543 0 0 0 0 0 0
[2019-11-07 16:41:02]TIMES:525 rmnet_data1:36390 418 0 0 0 0 0 0 79428 452 0 0 0 0 0 0
[2019-11-07 16:41:02]TIMES:525 GNSS:22577100 113916556 108000000 24000000 0 0 1 0
[2019-11-07 16:41:07]TIMES:530 ZONE4 TEMP:42
[2019-11-07 16:41:07]TIMES:530 CPU USE:30 5 25 0
[2019-11-07 16:41:07]TIMES:530 CPU0 USE:30 5 25 0
[2019-11-07 16:41:07]TIMES:530 SERIAL0:153 2982 8789
[2019-11-07 16:41:07]TIMES:530 rmnet0:55104 515 0 0 0 0 0 0 88388 552 0 0 0 0 0 0
[2019-11-07 16:41:07]TIMES:530 rmnet_data1:36893 424 0 0 0 0 0 0 80012 459 0 0 0 0 0 0
[2019-11-07 16:41:07]TIMES:530 rmnet_data0:13964 91 0 0 0 0 0 0 8376 93 0 0 0 0 0 0
[2019-11-07 16:41:07]TIMES:530 GNSS:22577102 113916580 109000000 30000000 0 0 1 0
[2019-11-07 16:41:12]TIMES:535 ZONE4 TEMP:41
[2019-11-07 16:41:12]TIMES:535 CPU USE:13 2 11 0
[2019-11-07 16:41:12]TIMES:535 CPU0 USE:13 2 11 0
[2019-11-07 16:41:12]TIMES:535 SERIAL0:153 2996 8793
[2019-11-07 16:41:12]TIMES:535 rmnet0:55564 520 0 0 0 0 0 0 88828 557 0 0 0 0 0 0
[2019-11-07 16:41:12]TIMES:535 rmnet_data1:37313 429 0 0 0 0 0 0 80452 464 0 0 0 0 0 0
[2019-11-07 16:41:12]TIMES:535 GNSS:22577105 113916590 110000000 42000000 0 0 1 0
[2019-11-07 16:41:17]TIMES:540 ZONE4 TEMP:42
[2019-11-07 16:41:17]TIMES:540 CPU USE:17 3 14 0
[2019-11-07 16:41:17]TIMES:540 CPU0 USE:17 3 14 0
[2019-11-07 16:41:17]TIMES:540 SERIAL0:153 3034 8800
[2019-11-07 16:41:17]TIMES:540 rmnet0:56024 525 0 0 0 0 0 0 89268 562 0 0 0 0 0 0
[2019-11-07 16:41:17]TIMES:540 rmnet_data1:37733 434 0 0 0 0 0 0 80892 469 0 0 0 0 0 0
[2019-11-07 16:41:17]TIMES:540 GNSS:22577107 113916607 111000000 41000000 0 0 1 0
[2019-11-07 16:41:22]TIMES:545 CPU USE:15 3 12 0
[2019-11-07 16:41:22]TIMES:545 CPU0 USE:15 3 12 0
[2019-11-07 16:41:22]TIMES:545 SERIAL0:153 3048 8804
[2019-11-07 16:41:22]TIMES:545 rmnet0:56484 530 0 0 0 0 0 0 89708 567 0 0 0 0 0 0
[2019-11-07 16:41:22]TIMES:545 rmnet_data1:38153 439 0 0 0 0 0 0 81332 474 0 0 0 0 0 0
[2019-11-07 16:41:22]TIMES:545 GNSS:22577107 113916610 112000000 36000000 0 0 1 0
[2019-11-07 16:41:27]TIMES:550 ZONE4 TEMP:41
[2019-11-07 16:41:27]TIMES:550 CPU USE:14 3 11 0
[2019-11-07 16:41:27]TIMES:550 CPU0 USE:14 3 11 0
[2019-11-07 16:41:27]TIMES:550 SERIAL0:153 3086 8811
[2019-11-07 16:41:27]TIMES:550 rmnet0:57156 538 0 0 0 0 0 0 91588 575 0 0 0 0 0 0
[2019-11-07 16:41:27]TIMES:550 rmnet_data1:38760 447 0 0 0 0 0 0 83212 482 0 0 0 0 0 0
[2019-11-07 16:41:27]TIMES:550 GNSS:22577107 113916608 112000000 38000000 0 0 1 0
[2019-11-07 16:41:32]TIMES:555 ZONE4 TEMP:42
[2019-11-07 16:41:32]TIMES:555 ZONE5 TEMP:44
[2019-11-07 16:41:32]TIMES:555 CPU USE:16 2 14 0
[2019-11-07 16:41:32]TIMES:555 CPU0 USE:16 2 14 0
[2019-11-07 16:41:32]TIMES:555 SERIAL0:153 3100 8820
[2019-11-07 16:41:32]TIMES:555 rmnet0:57616 543 0 0 0 0 0 0 92028 580 0 0 0 0 0 0
[2019-11-07 16:41:32]TIMES:555 rmnet_data1:39180 452 0 0 0 0 0 0 83652 487 0 0 0 0 0 0
[2019-11-07 16:41:32]TIMES:555 GNSS:22577105 113916598 112000000 49000000 0 0 1 0
[2019-11-07 16:41:37]TIMES:560 ZONE4 TEMP:41
[2019-11-07 16:41:37]TIMES:560 ZONE5 TEMP:43
[2019-11-07 16:41:37]TIMES:560 CPU USE:12 2 10 0
[2019-11-07 16:41:37]TIMES:560 CPU0 USE:12 2 10 0
[2019-11-07 16:41:37]TIMES:560 SERIAL0:153 3124 8827
[2019-11-07 16:41:37]TIMES:560 rmnet0:58076 548 0 0 0 0 0 0 92468 585 0 0 0 0 0 0
[2019-11-07 16:41:37]TIMES:560 rmnet_data1:39600 457 0 0 0 0 0 0 84092 492 0 0 0 0 0 0
[2019-11-07 16:41:37]TIMES:560 NET MODE:5 -57 -89
[2019-11-07 16:41:37]TIMES:560 GNSS:22577102 113916580 113000000 68000000 0 0 1 0
[2019-11-07 16:41:42]TIMES:565 CPU USE:42 10 32 0
[2019-11-07 16:41:42]TIMES:565 CPU0 USE:42 10 32 0
[2019-11-07 16:41:42]TIMES:565 SERIAL0:153 3152 8831
[2019-11-07 16:41:42]TIMES:565 rmnet0:59256 560 0 0 0 0 0 0 93400 597 0 0 0 0 0 0
[2019-11-07 16:41:42]TIMES:565 rmnet_data1:40020 462 0 0 0 0 0 0 84532 497 0 0 0 0 0 0
[2019-11-07 16:41:42]TIMES:565 rmnet_data0:14620 98 0 0 0 0 0 0 8868 100 0 0 0 0 0 0
[2019-11-07 16:41:42]TIMES:565 NET MODE:5 -64 -91
[2019-11-07 16:41:42]TIMES:565 GNSS:22577101 113916576 114000000 61000000 0 0 1 0
[2019-11-07 16:41:47]TIMES:570 MEM FREE:92 28
[2019-11-07 16:41:47]TIMES:570 CPU USE:15 2 13 0
[2019-11-07 16:41:47]TIMES:570 CPU0 USE:15 2 13 0
[2019-11-07 16:41:47]TIMES:570 SERIAL0:153 3176 8838
[2019-11-07 16:41:47]TIMES:570 rmnet0:59716 565 0 0 0 0 0 0 93896 603 0 0 0 0 0 0
[2019-11-07 16:41:47]TIMES:570 rmnet_data1:40439 467 0 0 0 0 0 0 85028 503 0 0 0 0 0 0
[2019-11-07 16:41:47]TIMES:570 GNSS:22577100 113916577 115000000 45000000 0 0 1 0
[2019-11-07 16:41:52]TIMES:575 CPU USE:15 3 12 0
[2019-11-07 16:41:52]TIMES:575 CPU0 USE:15 3 12 0
[2019-11-07 16:41:52]TIMES:575 SERIAL0:153 3204 8842
[2019-11-07 16:41:52]TIMES:575 NET MODE:5 -58 -89
[2019-11-07 16:41:52]TIMES:575 GNSS:22577099 113916575 115000000 37000000 0 0 1 0
[2019-11-07 16:41:57]TIMES:580 CPU USE:14 3 11 0
[2019-11-07 16:41:57]TIMES:580 CPU0 USE:14 3 11 0
[2019-11-07 16:41:57]TIMES:580 SERIAL0:153 3228 8849
[2019-11-07 16:41:57]TIMES:580 NET MODE:5 -62 -90
[2019-11-07 16:41:57]TIMES:580 GNSS:22577098 113916576 114000000 29000000 0 0 1 0
[2019-11-07 16:42:02]TIMES:585 ZONE0 TEMP:42
[2019-11-07 16:42:02]TIMES:585 ZONE1 TEMP:39
[2019-11-07 16:42:02]TIMES:585 ZONE2 TEMP:42
[2019-11-07 16:42:02]TIMES:585 ZONE3 TEMP:41
[2019-11-07 16:42:02]TIMES:585 ZONE4 TEMP:39
[2019-11-07 16:42:02]TIMES:585 CPU USE:17 3 14 0
[2019-11-07 16:42:02]TIMES:585 CPU0 USE:17 3 14 0
[2019-11-07 16:42:02]TIMES:585 SERIAL0:153 3256 8853
[2019-11-07 16:42:02]TIMES:585 GNSS:22577102 113916588 116000000 32000000 0 0 1 0
[2019-11-07 16:42:07]TIMES:590 ZONE0 TEMP:43
[2019-11-07 16:42:07]TIMES:590 ZONE1 TEMP:41
[2019-11-07 16:42:07]TIMES:590 ZONE2 TEMP:44
[2019-11-07 16:42:07]TIMES:590 ZONE3 TEMP:42
[2019-11-07 16:42:07]TIMES:590 ZONE4 TEMP:41
[2019-11-07 16:42:07]TIMES:590 ZONE6 TEMP:36
[2019-11-07 16:42:07]TIMES:590 CPU USE:23 4 19 0
[2019-11-07 16:42:07]TIMES:590 CPU0 USE:23 4 19 0
[2019-11-07 16:42:07]TIMES:590 SERIAL0:153 3280 8860
[2019-11-07 16:42:07]TIMES:590 rmnet0:60020 568 0 0 0 0 0 0 94180 607 0 0 0 0 0 0
[2019-11-07 16:42:07]TIMES:590 rmnet_data1:40522 468 0 0 0 0 0 0 85172 505 0 0 0 0 0 0
[2019-11-07 16:42:07]TIMES:590 rmnet_data0:14816 100 0 0 0 0 0 0 9008 102 0 0 0 0 0 0
[2019-11-07 16:42:07]TIMES:590 GNSS:22577079 113916559 118000000 37000000 0 0 1 0
[2019-11-07 16:42:12]TIMES:595 ZONE0 TEMP:44
[2019-11-07 16:42:12]TIMES:595 ZONE1 TEMP:42
[2019-11-07 16:42:12]TIMES:595 ZONE2 TEMP:45
[2019-11-07 16:42:12]TIMES:595 ZONE3 TEMP:43
[2019-11-07 16:42:12]TIMES:595 ZONE6 TEMP:37
[2019-11-07 16:42:12]TIMES:595 CPU USE:28 6 22 0
[2019-11-07 16:42:12]TIMES:595 CPU0 USE:28 6 22 0
[2019-11-07 16:42:12]TIMES:595 SERIAL0:153 3294 8865
[2019-11-07 16:42:12]TIMES:595 rmnet0:60284 570 0 0 0 0 0 0 94316 609 0 0 0 0 0 0
[2019-11-07 16:42:12]TIMES:595 rmnet_data0:15064 102 0 0 0 0 0 0 9144 104 0 0 0 0 0 0
[2019-11-07 16:42:12]TIMES:595 GNSS:22577069 113916658 121000000 32000000 0 0 1 0
[2019-11-07 16:42:17]TIMES:600 MEM FREE:91 28
[2019-11-07 16:42:17]TIMES:600 CPU USE:13 3 10 0
[2019-11-07 16:42:17]TIMES:600 CPU0 USE:13 3 10 0
[2019-11-07 16:42:17]TIMES:600 SERIAL0:153 3332 8872
[2019-11-07 16:42:17]TIMES:600 rmnet0:60468 572 0 0 0 0 0 0 94492 611 0 0 0 0 0 0
[2019-11-07 16:42:17]TIMES:600 rmnet_data1:40606 469 0 0 0 0 0 0 85260 506 0 0 0 0 0 0
[2019-11-07 16:42:17]TIMES:600 rmnet_data0:15148 103 0 0 0 0 0 0 9232 105 0 0 0 0 0 0
[2019-11-07 16:42:17]TIMES:600 GNSS:22577030 113916633 120000000 29000000 0 0 1 0
[2019-11-07 16:42:22]TIMES:605 CPU USE:17 3 14 0
[2019-11-07 16:42:22]TIMES:605 CPU0 USE:17 3 14 0
[2019-11-07 16:42:22]TIMES:605 SERIAL0:153 3362 8876
[2019-11-07 16:42:22]TIMES:605 rmnet0:60928 577 0 0 0 0 0 0 94932 616 0 0 0 0 0 0
[2019-11-07 16:42:22]TIMES:605 rmnet_data1:41026 474 0 0 0 0 0 0 85700 511 0 0 0 0 0 0
[2019-11-07 16:42:22]TIMES:605 GNSS:22577035 113916645 122000000 29000000 0 0 1 0
[2019-11-07 16:42:27]TIMES:610 ZONE4 TEMP:42
[2019-11-07 16:42:27]TIMES:610 CPU USE:15 2 13 0
[2019-11-07 16:42:27]TIMES:610 CPU0 USE:15 2 13 0
[2019-11-07 16:42:27]TIMES:610 SERIAL0:153 3400 8889
[2019-11-07 16:42:27]TIMES:610 rmnet0:61600 585 0 0 0 0 0 0 96860 624 0 0 0 0 0 0
[2019-11-07 16:42:27]TIMES:610 rmnet_data1:41633 482 0 0 0 0 0 0 87628 519 0 0 0 0 0 0
[2019-11-07 16:42:27]TIMES:610 GNSS:22577043 113916673 125000000 26000000 0 0 1 0
[2019-11-07 16:42:32]TIMES:615 ZONE4 TEMP:41
[2019-11-07 16:42:32]TIMES:615 CPU USE:15 1 14 0
[2019-11-07 16:42:32]TIMES:615 CPU0 USE:15 1 14 0
[2019-11-07 16:42:32]TIMES:615 SERIAL0:153 3414 8908
[2019-11-07 16:42:32]TIMES:615 rmnet0:62060 590 0 0 0 0 0 0 97300 629 0 0 0 0 0 0
[2019-11-07 16:42:32]TIMES:615 rmnet_data1:42053 487 0 0 0 0 0 0 88068 524 0 0 0 0 0 0
[2019-11-07 16:42:32]TIMES:615 GNSS:22577046 113916684 126000000 25000000 0 0 1 0
[2019-11-07 16:42:37]TIMES:620 CPU USE:15 3 12 0
[2019-11-07 16:42:37]TIMES:620 CPU0 USE:15 3 12 0
[2019-11-07 16:42:37]TIMES:620 SERIAL0:153 3452 8915
[2019-11-07 16:42:37]TIMES:620 rmnet0:62520 595 0 0 0 0 0 0 97740 634 0 0 0 0 0 0
[2019-11-07 16:42:37]TIMES:620 rmnet_data1:42473 492 0 0 0 0 0 0 88508 529 0 0 0 0 0 0
[2019-11-07 16:42:37]TIMES:620 GNSS:22577047 113916694 127000000 21000000 0 0 1 0
[2019-11-07 16:42:43]TIMES:625 CPU USE:14 3 11 0
[2019-11-07 16:42:43]TIMES:625 CPU0 USE:14 3 11 0
[2019-11-07 16:42:43]TIMES:625 SERIAL0:153 3466 8919
[2019-11-07 16:42:43]TIMES:625 rmnet0:62980 600 0 0 0 0 0 0 98180 639 0 0 0 0 0 0
[2019-11-07 16:42:43]TIMES:625 rmnet_data1:42893 497 0 0 0 0 0 0 88948 534 0 0 0 0 0 0
[2019-11-07 16:42:43]TIMES:625 GNSS:22577049 113916704 128000000 22000000 0 0 1 0
[2019-11-07 16:42:48]TIMES:630 MEM FREE:92 28
[2019-11-07 16:42:48]TIMES:630 CPU USE:29 5 24 0
[2019-11-07 16:42:48]TIMES:630 CPU0 USE:29 5 24 0
[2019-11-07 16:42:48]TIMES:630 SERIAL0:153 3504 8926
[2019-11-07 16:42:48]TIMES:630 rmnet0:63704 607 0 0 0 0 0 0 98756 646 0 0 0 0 0 0
[2019-11-07 16:42:48]TIMES:630 rmnet_data1:43313 502 0 0 0 0 0 0 89388 539 0 0 0 0 0 0
[2019-11-07 16:42:48]TIMES:630 rmnet_data0:15396 105 0 0 0 0 0 0 9368 107 0 0 0 0 0 0
[2019-11-07 16:42:48]TIMES:630 GNSS:22577051 113916721 130000000 22000000 0 0 1 0
[2019-11-07 16:42:53]TIMES:635 MEM FREE:91 28
[2019-11-07 16:42:53]TIMES:635 CPU USE:17 2 15 0
[2019-11-07 16:42:53]TIMES:635 CPU0 USE:17 2 15 0
[2019-11-07 16:42:53]TIMES:635 SERIAL0:153 3518 8930
[2019-11-07 16:42:53]TIMES:635 rmnet0:64256 613 0 0 0 0 0 0 99340 653 0 0 0 0 0 0
[2019-11-07 16:42:53]TIMES:635 rmnet_data1:43816 508 0 0 0 0 0 0 89972 546 0 0 0 0 0 0
[2019-11-07 16:42:53]TIMES:635 NET MODE:5 -58 -90
[2019-11-07 16:42:53]TIMES:635 GNSS:22577050 113916723 130000000 25000000 0 0 1 0
[2019-11-07 16:42:58]TIMES:640 MEM FREE:92 28
[2019-11-07 16:42:58]TIMES:640 CPU USE:14 2 12 0
[2019-11-07 16:42:58]TIMES:640 CPU0 USE:14 2 12 0
[2019-11-07 16:42:58]TIMES:640 SERIAL0:153 3542 9055
[2019-11-07 16:42:58]TIMES:640 rmnet0:64716 618 0 0 0 0 0 0 99780 658 0 0 0 0 0 0
[2019-11-07 16:42:58]TIMES:640 rmnet_data1:44236 513 0 0 0 0 0 0 90412 551 0 0 0 0 0 0
[2019-11-07 16:42:58]TIMES:640 GNSS:22577050 113916725 131000000 30000000 0 0 1 0
[2019-11-07 16:43:03]TIMES:645 MEM FREE:91 28
[2019-11-07 16:43:03]TIMES:645 CPU USE:16 2 14 0
[2019-11-07 16:43:03]TIMES:645 CPU0 USE:16 2 14 0
[2019-11-07 16:43:03]TIMES:645 SERIAL0:153 3570 9059
[2019-11-07 16:43:03]TIMES:645 bridge0:0 0 0 0 0 0 0 0 2172 28 0 0 0 0 0 0
[2019-11-07 16:43:03]TIMES:645 rmnet0:65176 623 0 0 0 0 0 0 100220 663 0 0 0 0 0 0
[2019-11-07 16:43:03]TIMES:645 rmnet_data1:44656 518 0 0 0 0 0 0 90852 556 0 0 0 0 0 0
[2019-11-07 16:43:03]TIMES:645 NET MODE:5 -62 -90
[2019-11-07 16:43:03]TIMES:645 GNSS:22577051 113916735 133000000 31000000 0 0 1 0
[2019-11-07 16:43:08]TIMES:650 CPU USE:15 2 13 0
[2019-11-07 16:43:08]TIMES:650 CPU0 USE:15 2 13 0
[2019-11-07 16:43:08]TIMES:650 SERIAL0:153 3594 9066
[2019-11-07 16:43:08]TIMES:650 bridge0:0 0 0 0 0 0 0 0 2388 31 0 0 0 0 0 0
[2019-11-07 16:43:08]TIMES:650 rmnet0:65636 628 0 0 0 0 0 0 100660 668 0 0 0 0 0 0
[2019-11-07 16:43:08]TIMES:650 rmnet_data1:45076 523 0 0 0 0 0 0 91292 561 0 0 0 0 0 0
[2019-11-07 16:43:08]TIMES:650 GNSS:22577051 113916740 134000000 37000000 0 0 1 0
[2019-11-07 16:43:13]TIMES:655 CPU USE:15 2 13 0
[2019-11-07 16:43:13]TIMES:655 CPU0 USE:15 2 13 0
[2019-11-07 16:43:13]TIMES:655 SERIAL0:153 3622 9070
[2019-11-07 16:43:13]TIMES:655 rmnet0:66188 634 0 0 0 0 0 0 101244 675 0 0 0 0 0 0
[2019-11-07 16:43:13]TIMES:655 rmnet_data1:45579 529 0 0 0 0 0 0 91876 568 0 0 0 0 0 0
[2019-11-07 16:43:13]TIMES:655 GNSS:22577050 113916744 134000000 46000000 0 0 1 0
[2019-11-07 16:43:18]TIMES:660 MEM FREE:92 28
[2019-11-07 16:43:18]TIMES:660 CPU USE:30 8 22 0
[2019-11-07 16:43:18]TIMES:660 CPU0 USE:30 8 22 0
[2019-11-07 16:43:18]TIMES:660 SERIAL0:153 3646 9082
[2019-11-07 16:43:18]TIMES:660 rmnet0:66912 641 0 0 0 0 0 0 101820 682 0 0 0 0 0 0
[2019-11-07 16:43:18]TIMES:660 rmnet_data1:45999 534 0 0 0 0 0 0 92316 573 0 0 0 0 0 0
[2019-11-07 16:43:18]TIMES:660 rmnet_data0:15644 107 0 0 0 0 0 0 9504 109 0 0 0 0 0 0
[2019-11-07 16:43:18]TIMES:660 GNSS:22577050 113916750 135000000 44000000 0 0 1 0
