[1980-01-06 08:00:16]sleep:5
[1980-01-06 08:00:16]change:1
[1980-01-06 08:00:16]address:
[1980-01-06 08:00:16]time:0
[1980-01-06 08:00:16]size:5
[1980-01-06 08:00:16]Oct 31 2019 14:30:13
[1980-01-06 08:00:21]TIMES:0 ZONE0 TEMP:45
[1980-01-06 08:00:21]TIMES:0 ZONE1 TEMP:44
[1980-01-06 08:00:21]TIMES:0 ZONE2 TEMP:47
[1980-01-06 08:00:21]TIMES:0 ZONE3 TEMP:44
[1980-01-06 08:00:21]TIMES:0 ZONE4 TEMP:43
[1980-01-06 08:00:21]TIMES:0 ZONE5 TEMP:42
[1980-01-06 08:00:21]TIMES:0 ZONE6 TEMP:36
[1980-01-06 08:00:21]TIMES:0 MEM FREE:93 34
[1980-01-06 08:00:21]TIMES:0 CPU0 FREQ:806400
[1980-01-06 08:00:21]TIMES:0 SERIAL0:153 152 514
[1980-01-06 08:00:21]TIMES:0 SERIAL1:151 0 0
[1980-01-06 08:00:21]TIMES:0 bridge0:0 0 0 0 0 0 0 0 660 7 0 0 0 0 0 0
[1980-01-06 08:00:21]TIMES:0 NET DELAY:-500
[1980-01-06 08:00:26]TIMES:5 ZONE5 TEMP:43
[1980-01-06 08:00:26]TIMES:5 MEM FREE:92 30
[1980-01-06 08:00:26]TIMES:5 CPU USE:60 16 44 0
[1980-01-06 08:00:26]TIMES:5 CPU0 USE:60 16 44 0
[1980-01-06 08:00:26]TIMES:5 SERIAL0:153 190 788
[1980-01-06 08:00:26]TIMES:5 rmnet0:0 0 0 0 0 0 0 0 776 10 0 0 0 0 0 0
[1980-01-06 08:00:26]TIMES:5 rmnet_data1:0 0 0 0 0 0 0 0 388 5 0 0 0 0 0 0
[1980-01-06 08:00:26]TIMES:5 rmnet_data0:0 0 0 0 0 0 0 0 388 5 0 0 0 0 0 0
[1980-01-06 08:00:31]TIMES:10 ZONE3 TEMP:45
[1980-01-06 08:00:31]TIMES:10 ZONE6 TEMP:37
[1980-01-06 08:00:31][H[JMem: 126332K used, 30660K free, 48K shrd, 0K buff, 62792K cached
STAT     %CPU     COMMAND[0m
R     22.2     process-service
S     5.5     data-service
3080     top     -n1
2664     /usr/bin/dbus-daemon     --config-file
root     0.0     /usr/bin/netmgrd
S     0.0     /usr/bin/thermal-engine

[1980-01-06 08:00:31]TIMES:10 CPU USE:95 24 71 0
[1980-01-06 08:00:32][H[JMem: 126268K used, 30724K free, 48K shrd, 0K buff, 62796K cached
STAT     %CPU     COMMAND[0m
3080     top     -n1
S     6.6     modem-service
S     6.6     data-service
S     6.6     power-service
S     6.6     process-service
root     0.0     /usr/bin/netmgrd

[1980-01-06 08:00:32]TIMES:10 CPU0 USE:95 24 71 0
[1980-01-06 08:00:32]TIMES:10 SERIAL0:153 214 1209
[1980-01-06 08:00:32]TIMES:10 rmnet0:2428 12 0 0 0 0 0 0 2908 27 0 0 0 0 0 0
[1980-01-06 08:00:32]TIMES:10 rmnet_data1:0 0 0 0 0 0 0 0 1348 9 0 0 0 0 0 0
[1980-01-06 08:00:32]TIMES:10 rmnet_data0:2321 12 0 0 0 0 0 0 1560 18 0 0 0 0 0 0
[1980-01-06 08:00:32]TIMES:10 NET MODE:5 -80 -108
[1980-01-06 08:00:37]TIMES:15 ZONE3 TEMP:44
[1980-01-06 08:00:37]TIMES:15 CPU USE:34 10 24 0
[1980-01-06 08:00:37]TIMES:15 CPU0 USE:34 10 24 0
[1980-01-06 08:00:37]TIMES:15 SERIAL0:153 228 1571
[1980-01-06 08:00:37]TIMES:15 bridge0:0 0 0 0 0 0 0 0 732 8 0 0 0 0 0 0
[1980-01-06 08:00:37]TIMES:15 rmnet0:2640 14 0 0 0 0 0 0 3288 30 0 0 0 0 0 0
[1980-01-06 08:00:37]TIMES:15 rmnet_data1:0 0 0 0 0 0 0 0 1588 10 0 0 0 0 0 0
[1980-01-06 08:00:37]TIMES:15 rmnet_data0:2517 14 0 0 0 0 0 0 1700 20 0 0 0 0 0 0
[1980-01-06 08:00:37]TIMES:15 NET MODE:5 -72 -104
[1980-01-06 08:00:42]TIMES:20 CPU USE:20 5 15 0
[1980-01-06 08:00:42]TIMES:20 CPU0 USE:20 5 15 0
[1980-01-06 08:00:42]TIMES:20 SERIAL0:153 266 1701
[1980-01-06 08:00:42]TIMES:20 rmnet0:4348 19 0 0 0 0 0 0 4296 39 0 0 0 0 0 0
[1980-01-06 08:00:42]TIMES:20 rmnet_data1:1449 3 0 0 0 0 0 0 2452 17 0 0 0 0 0 0
[1980-01-06 08:00:42]TIMES:20 rmnet_data0:2733 16 0 0 0 0 0 0 1844 22 0 0 0 0 0 0
[2019-11-07 16:44:36]TIMES:25 ZONE3 TEMP:45
[2019-11-07 16:44:36]TIMES:25 ZONE5 TEMP:44
[2019-11-07 16:44:36]TIMES:25 CPU USE:19 8 11 0
[2019-11-07 16:44:36]TIMES:25 CPU0 USE:19 8 11 0
[2019-11-07 16:44:36]TIMES:25 SERIAL0:153 306 1763
[2019-11-07 16:44:36]TIMES:25 bridge0:0 0 0 0 0 0 0 0 948 11 0 0 0 0 0 0
[2019-11-07 16:44:36]TIMES:25 rmnet0:6952 35 0 0 0 0 0 0 6228 53 0 0 0 0 0 0
[2019-11-07 16:44:36]TIMES:25 rmnet_data1:3497 12 0 0 0 0 0 0 4240 29 0 0 0 0 0 0
[2019-11-07 16:44:36]TIMES:25 rmnet_data0:3149 23 0 0 0 0 0 0 1988 24 0 0 0 0 0 0
[2019-11-07 16:44:41]TIMES:30 ZONE3 TEMP:44
[2019-11-07 16:44:41]TIMES:30 ZONE4 TEMP:42
[2019-11-07 16:44:41]TIMES:30 CPU USE:14 3 11 0
[2019-11-07 16:44:41]TIMES:30 CPU0 USE:14 3 11 0
[2019-11-07 16:44:41]TIMES:30 SERIAL0:153 358 1802
[2019-11-07 16:44:41]TIMES:30 rmnet0:7128 38 0 0 0 0 0 0 6348 55 0 0 0 0 0 0
[2019-11-07 16:44:41]TIMES:30 rmnet_data1:3608 14 0 0 0 0 0 0 4360 31 0 0 0 0 0 0
[2019-11-07 16:44:41]TIMES:30 rmnet_data0:3189 24 0 0 0 0 0 0 1988 24 0 0 0 0 0 0
[2019-11-07 16:44:46]TIMES:35 ZONE4 TEMP:43
[2019-11-07 16:44:46]TIMES:35 CPU USE:16 3 13 0
[2019-11-07 16:44:46]TIMES:35 CPU0 USE:16 3 13 0
[2019-11-07 16:44:46]TIMES:35 SERIAL0:153 372 1814
[2019-11-07 16:44:46]TIMES:35 rmnet0:7176 39 0 0 0 0 0 0 6348 55 0 0 0 0 0 0
[2019-11-07 16:44:47]TIMES:35 rmnet_data0:3229 25 0 0 0 0 0 0 1988 24 0 0 0 0 0 0
[2019-11-07 16:44:52]TIMES:40 CPU USE:18 3 15 0
[2019-11-07 16:44:52]TIMES:40 CPU0 USE:18 3 15 0
[2019-11-07 16:44:52]TIMES:40 SERIAL0:153 410 1821
[2019-11-07 16:44:57]TIMES:45 ZONE3 TEMP:45
[2019-11-07 16:44:57]TIMES:45 ZONE5 TEMP:43
[2019-11-07 16:44:57]TIMES:45 CPU USE:28 5 23 0
[2019-11-07 16:44:57]TIMES:45 CPU0 USE:28 5 23 0
[2019-11-07 16:44:57]TIMES:45 SERIAL0:153 424 1825
[2019-11-07 16:44:57]TIMES:45 rmnet0:7440 41 0 0 0 0 0 0 6484 57 0 0 0 0 0 0
[2019-11-07 16:44:57]TIMES:45 rmnet_data0:3477 27 0 0 0 0 0 0 2124 26 0 0 0 0 0 0
[2019-11-07 16:45:02]TIMES:50 ZONE5 TEMP:44
[2019-11-07 16:45:02]TIMES:50 CPU USE:18 3 15 0
[2019-11-07 16:45:02]TIMES:50 CPU0 USE:18 3 15 0
[2019-11-07 16:45:02]TIMES:50 SERIAL0:153 462 1832
[2019-11-07 16:45:02]TIMES:50 rmnet0:7520 42 0 0 0 0 0 0 6604 59 0 0 0 0 0 0
[2019-11-07 16:45:02]TIMES:50 rmnet_data1:3679 15 0 0 0 0 0 0 4480 33 0 0 0 0 0 0
[2019-11-07 16:45:07]TIMES:55 CPU USE:17 3 14 0
[2019-11-07 16:45:07]TIMES:55 CPU0 USE:17 3 14 0
[2019-11-07 16:45:07]TIMES:55 SERIAL0:153 476 1836
[2019-11-07 16:45:07]TIMES:55 rmnet0:7580 43 0 0 0 0 0 0 6604 59 0 0 0 0 0 0
[2019-11-07 16:45:07]TIMES:55 rmnet_data1:3731 16 0 0 0 0 0 0 4480 33 0 0 0 0 0 0
[2019-11-07 16:45:12]TIMES:60 CPU USE:17 4 13 0
[2019-11-07 16:45:12]TIMES:60 CPU0 USE:17 4 13 0
[2019-11-07 16:45:12]TIMES:60 SERIAL0:153 500 1861
[2019-11-07 16:45:17]TIMES:65 CPU USE:16 3 13 0
[2019-11-07 16:45:17]TIMES:65 CPU0 USE:16 3 13 0
[2019-11-07 16:45:17]TIMES:65 SERIAL0:153 528 1865
[2019-11-07 16:45:17]TIMES:65 rmnet0:7628 44 0 0 0 0 0 0 7504 60 0 0 0 0 0 0
[2019-11-07 16:45:17]TIMES:65 rmnet_data1:3771 17 0 0 0 0 0 0 5380 34 0 0 0 0 0 0
[2019-11-07 16:45:22]TIMES:70 CPU USE:16 4 12 0
[2019-11-07 16:45:22]TIMES:70 CPU0 USE:16 4 12 0
[2019-11-07 16:45:22]TIMES:70 SERIAL0:153 552 1882
[2019-11-07 16:45:22]TIMES:70 rmnet0:7756 46 0 0 0 0 0 0 7624 62 0 0 0 0 0 0
[2019-11-07 16:45:22]TIMES:70 rmnet_data1:3882 19 0 0 0 0 0 0 5500 36 0 0 0 0 0 0
[2019-11-07 16:45:27]TIMES:75 CPU USE:26 6 20 0
[2019-11-07 16:45:27]TIMES:75 CPU0 USE:26 6 20 0
[2019-11-07 16:45:27]TIMES:75 SERIAL0:153 580 1886
[2019-11-07 16:45:27]TIMES:75 rmnet0:8020 48 0 0 0 0 0 0 7760 64 0 0 0 0 0 0
[2019-11-07 16:45:27]TIMES:75 rmnet_data0:3725 29 0 0 0 0 0 0 2260 28 0 0 0 0 0 0
[2019-11-07 16:45:32]TIMES:80 CPU USE:18 3 15 0
[2019-11-07 16:45:32]TIMES:80 CPU0 USE:18 3 15 0
[2019-11-07 16:45:32]TIMES:80 SERIAL0:153 604 1901
[2019-11-07 16:45:37]TIMES:85 ZONE0 TEMP:46
[2019-11-07 16:45:37]TIMES:85 ZONE1 TEMP:45
[2019-11-07 16:45:37]TIMES:85 CPU USE:18 4 14 0
[2019-11-07 16:45:37]TIMES:85 CPU0 USE:18 4 14 0
[2019-11-07 16:45:37]TIMES:85 SERIAL0:153 632 1905
[2019-11-07 16:45:42]TIMES:90 ZONE0 TEMP:44
[2019-11-07 16:45:42]TIMES:90 ZONE1 TEMP:43
[2019-11-07 16:45:42]TIMES:90 ZONE2 TEMP:45
[2019-11-07 16:45:42]TIMES:90 ZONE3 TEMP:43
[2019-11-07 16:45:42]TIMES:90 ZONE4 TEMP:42
[2019-11-07 16:45:42]TIMES:90 CPU USE:16 4 12 0
[2019-11-07 16:45:42]TIMES:90 CPU0 USE:16 4 12 0
[2019-11-07 16:45:42]TIMES:90 SERIAL0:153 656 1917
[2019-11-07 16:45:42]TIMES:90 rmnet0:8020 48 0 0 0 0 0 0 7836 65 0 0 0 0 0 0
[2019-11-07 16:45:42]TIMES:90 rmnet_data1:3882 19 0 0 0 0 0 0 5576 37 0 0 0 0 0 0
[2019-11-07 16:45:42]TIMES:90 GNSS:22576901 113918269 433000000 52000000 313700000 382753 1 0
[2019-11-07 16:45:47]TIMES:95 ZONE0 TEMP:45
[2019-11-07 16:45:47]TIMES:95 ZONE1 TEMP:44
[2019-11-07 16:45:47]TIMES:95 ZONE2 TEMP:47
[2019-11-07 16:45:47]TIMES:95 ZONE3 TEMP:45
[2019-11-07 16:45:47]TIMES:95 ZONE4 TEMP:43
[2019-11-07 16:45:47]TIMES:95 MEM FREE:92 29
[2019-11-07 16:45:47]TIMES:95 CPU USE:16 3 13 0
[2019-11-07 16:45:47]TIMES:95 CPU0 USE:16 3 13 0
[2019-11-07 16:45:47]TIMES:95 SERIAL0:153 684 1921
[2019-11-07 16:45:47]TIMES:95 rmnet0:8100 49 0 0 0 0 0 0 7880 66 0 0 0 0 0 0
[2019-11-07 16:45:47]TIMES:95 rmnet_data1:3953 20 0 0 0 0 0 0 5620 38 0 0 0 0 0 0
[2019-11-07 16:45:47]TIMES:95 GNSS:22576828 113917999 337000000 34000000 0 0 1 0
[2019-11-07 16:45:52]TIMES:100 ZONE0 TEMP:46
[2019-11-07 16:45:52]TIMES:100 MEM FREE:92 30
[2019-11-07 16:45:52]TIMES:100 CPU USE:15 3 12 0
[2019-11-07 16:45:52]TIMES:100 CPU0 USE:15 3 12 0
[2019-11-07 16:45:52]TIMES:100 SERIAL0:153 708 1928
[2019-11-07 16:45:52]TIMES:100 GNSS:22576757 113917512 234000000 31000000 0 0 1 0
[2019-11-07 16:45:57]TIMES:105 ZONE0 TEMP:44
[2019-11-07 16:45:57]TIMES:105 ZONE1 TEMP:41
[2019-11-07 16:45:57]TIMES:105 ZONE2 TEMP:43
[2019-11-07 16:45:57]TIMES:105 ZONE3 TEMP:42
[2019-11-07 16:45:57]TIMES:105 ZONE4 TEMP:41
[2019-11-07 16:45:57]TIMES:105 CPU USE:14 3 11 0
[2019-11-07 16:45:57]TIMES:105 CPU0 USE:14 3 11 0
[2019-11-07 16:45:57]TIMES:105 SERIAL0:153 722 1932
[2019-11-07 16:45:57]TIMES:105 GNSS:22576704 113917357 222000000 25000000 0 0 1 0
[2019-11-07 16:46:02]TIMES:110 ZONE0 TEMP:45
[2019-11-07 16:46:02]TIMES:110 ZONE1 TEMP:44
[2019-11-07 16:46:02]TIMES:110 ZONE2 TEMP:47
[2019-11-07 16:46:02]TIMES:110 ZONE3 TEMP:45
[2019-11-07 16:46:02]TIMES:110 ZONE4 TEMP:43
[2019-11-07 16:46:02]TIMES:110 CPU USE:30 6 24 0
[2019-11-07 16:46:02]TIMES:110 CPU0 USE:30 6 24 0
[2019-11-07 16:46:02]TIMES:110 SERIAL0:153 760 1939
[2019-11-07 16:46:02]TIMES:110 rmnet0:8364 51 0 0 0 0 0 0 8016 68 0 0 0 0 0 0
[2019-11-07 16:46:02]TIMES:110 rmnet_data0:3973 31 0 0 0 0 0 0 2396 30 0 0 0 0 0 0
[2019-11-07 16:46:02]TIMES:110 GNSS:22576705 113917354 218000000 26000000 0 0 1 0
[2019-11-07 16:46:07]TIMES:115 ZONE0 TEMP:46
[2019-11-07 16:46:07]TIMES:115 CPU USE:16 3 13 0
[2019-11-07 16:46:07]TIMES:115 CPU0 USE:16 3 13 0
[2019-11-07 16:46:07]TIMES:115 SERIAL0:153 774 1943
[2019-11-07 16:46:07]TIMES:115 rmnet0:8444 52 0 0 0 0 0 0 8136 70 0 0 0 0 0 0
[2019-11-07 16:46:07]TIMES:115 rmnet_data1:4024 21 0 0 0 0 0 0 5740 40 0 0 0 0 0 0
[2019-11-07 16:46:07]TIMES:115 GNSS:22576694 113917335 218000000 30000000 0 0 1 0
[2019-11-07 16:46:12]TIMES:120 ZONE1 TEMP:45
[2019-11-07 16:46:12]TIMES:120 CPU USE:17 4 13 0
[2019-11-07 16:46:12]TIMES:120 CPU0 USE:17 4 13 0
[2019-11-07 16:46:12]TIMES:120 SERIAL0:153 812 1950
[2019-11-07 16:46:12]TIMES:120 rmnet0:8444 52 0 0 0 0 0 0 9284 71 0 0 0 0 0 0
[2019-11-07 16:46:12]TIMES:120 rmnet_data1:4024 21 0 0 0 0 0 0 6888 41 0 0 0 0 0 0
[2019-11-07 16:46:12]TIMES:120 GNSS:22576695 113917363 222000000 29000000 0 0 1 0
[2019-11-07 16:46:17]TIMES:125 CPU USE:14 3 11 0
[2019-11-07 16:46:17]TIMES:125 CPU0 USE:14 3 11 0
[2019-11-07 16:46:17]TIMES:125 SERIAL0:153 826 1954
[2019-11-07 16:46:17]TIMES:125 rmnet0:9044 59 0 0 0 0 0 0 9812 77 0 0 0 0 0 0
[2019-11-07 16:46:17]TIMES:125 rmnet_data1:4484 27 0 0 0 0 0 0 7328 46 0 0 0 0 0 0
[2019-11-07 16:46:17]TIMES:125 rmnet_data0:4057 32 0 0 0 0 0 0 2484 31 0 0 0 0 0 0
[2019-11-07 16:46:17]TIMES:125 GNSS:22576621 113917319 220000000 42000000 181000000 361386 1 0
[2019-11-07 16:46:22]TIMES:130 MEM FREE:92 29
[2019-11-07 16:46:22]TIMES:130 CPU USE:17 4 13 0
[2019-11-07 16:46:22]TIMES:130 CPU0 USE:17 4 13 0
[2019-11-07 16:46:22]TIMES:130 SERIAL0:153 864 1961
[2019-11-07 16:46:22]TIMES:130 rmnet0:9504 64 0 0 0 0 0 0 10252 82 0 0 0 0 0 0
[2019-11-07 16:46:22]TIMES:130 rmnet_data1:4904 32 0 0 0 0 0 0 7768 51 0 0 0 0 0 0
[2019-11-07 16:46:22]TIMES:130 GNSS:22576615 113917374 224000000 51000000 0 0 1 0
