[1980-01-06 08:00:16]sleep:5
[1980-01-06 08:00:16]change:1
[1980-01-06 08:00:16]address:
[1980-01-06 08:00:16]time:0
[1980-01-06 08:00:16]size:5
[1980-01-06 08:00:16]Oct 31 2019 14:30:13
[1980-01-06 08:00:21]TIMES:0 ZONE0 TEMP:43
[1980-01-06 08:00:21]TIMES:0 ZONE1 TEMP:40
[1980-01-06 08:00:21]TIMES:0 ZONE2 TEMP:43
[1980-01-06 08:00:21]TIMES:0 ZONE3 TEMP:42
[1980-01-06 08:00:21]TIMES:0 ZONE4 TEMP:41
[1980-01-06 08:00:21]TIMES:0 ZONE5 TEMP:43
[1980-01-06 08:00:21]TIMES:0 ZONE6 TEMP:36
[1980-01-06 08:00:21]TIMES:0 MEM FREE:95 35
[1980-01-06 08:00:21]TIMES:0 CPU0 FREQ:806400
[1980-01-06 08:00:21]TIMES:0 SERIAL0:153 152 190
[1980-01-06 08:00:21]TIMES:0 SERIAL1:151 0 0
[1980-01-06 08:00:21]TIMES:0 bridge0:0 0 0 0 0 0 0 0 660 7 0 0 0 0 0 0
[1980-01-06 08:00:21]TIMES:0 NET DELAY:-500
[1980-01-06 08:00:26]TIMES:5 ZONE0 TEMP:45
[1980-01-06 08:00:26]TIMES:5 ZONE1 TEMP:44
[1980-01-06 08:00:26]TIMES:5 ZONE2 TEMP:47
[1980-01-06 08:00:26]TIMES:5 ZONE3 TEMP:45
[1980-01-06 08:00:26]TIMES:5 ZONE4 TEMP:43
[1980-01-06 08:00:26]TIMES:5 ZONE6 TEMP:37
[1980-01-06 08:00:26]TIMES:5 MEM FREE:93 31
[1980-01-06 08:00:26]TIMES:5 CPU USE:54 13 41 0
[1980-01-06 08:00:26]TIMES:5 CPU0 USE:54 13 41 0
[1980-01-06 08:00:26]TIMES:5 SERIAL0:153 190 206
[1980-01-06 08:00:26]TIMES:5 rmnet0:0 0 0 0 0 0 0 0 696 9 0 0 0 0 0 0
[1980-01-06 08:00:26]TIMES:5 rmnet_data1:0 0 0 0 0 0 0 0 388 5 0 0 0 0 0 0
[1980-01-06 08:00:26]TIMES:5 rmnet_data0:0 0 0 0 0 0 0 0 308 4 0 0 0 0 0 0
[1980-01-06 08:00:31]TIMES:10 ZONE0 TEMP:46
[1980-01-06 08:00:31]TIMES:10 ZONE1 TEMP:45
[1980-01-06 08:00:31]TIMES:10 ZONE5 TEMP:44
[1980-01-06 08:00:31][H[JMem: 125036K used, 31956K free, 48K shrd, 0K buff, 62656K cached
STAT     %CPU     COMMAND[0m
R     25.0     process-service
S     6.2     data-service
S     6.2     power-service
3080     top     -n1
SW     6.2     [ksoftirqd/0]
S     0.0     /usr/bin/thermal-engine

[1980-01-06 08:00:31]TIMES:10 CPU USE:94 18 76 0
[1980-01-06 08:00:31][H[JMem: 124840K used, 32152K free, 48K shrd, 0K buff, 62656K cached
STAT     %CPU     COMMAND[0m
S     16.6     process-service
S     8.3     power-service
3080     top     -n1
S     0.0     /usr/bin/thermal-engine
root     0.0     /usr/bin/netmgrd
root     0.0     mcm_ril_service

[1980-01-06 08:00:31]TIMES:10 CPU0 USE:94 18 76 0
[1980-01-06 08:00:31]TIMES:10 SERIAL0:153 214 237
[1980-01-06 08:00:31]TIMES:10 rmnet0:8192 18 0 0 0 0 0 0 2068 24 0 0 0 0 0 0
[1980-01-06 08:00:31]TIMES:10 rmnet_data0:8025 18 0 0 0 0 0 0 1680 19 0 0 0 0 0 0
[1980-01-06 08:00:31]TIMES:10 NET MODE:5 -72 -103
[1980-01-06 08:00:36]TIMES:15 ZONE0 TEMP:45
[1980-01-06 08:00:36]TIMES:15 ZONE1 TEMP:44
[1980-01-06 08:00:36]TIMES:15 CPU USE:20 4 16 0
[1980-01-06 08:00:36]TIMES:15 CPU0 USE:20 4 16 0
[1980-01-06 08:00:37]TIMES:15 SERIAL0:153 242 251
[1980-01-06 08:00:37]TIMES:15 rmnet0:9572 19 0 0 0 0 0 0 2068 24 0 0 0 0 0 0
[1980-01-06 08:00:37]TIMES:15 rmnet_data0:9394 19 0 0 0 0 0 0 1680 19 0 0 0 0 0 0
[1980-01-06 08:00:42]TIMES:20 CPU USE:19 6 13 0
[1980-01-06 08:00:42]TIMES:20 CPU0 USE:19 6 13 0
[1980-01-06 08:00:42]TIMES:20 SERIAL0:153 266 268
[1980-01-06 08:00:42]TIMES:20 bridge0:0 0 0 0 0 0 0 0 804 9 0 0 0 0 0 0
[1980-01-06 08:00:42]TIMES:20 rmnet0:12996 29 0 0 0 0 0 0 3404 38 0 0 0 0 0 0
[1980-01-06 08:00:42]TIMES:20 rmnet_data1:1752 7 0 0 0 0 0 0 1580 17 0 0 0 0 0 0
[1980-01-06 08:00:42]TIMES:20 rmnet_data0:10979 22 0 0 0 0 0 0 1824 21 0 0 0 0 0 0
[2019-11-07 16:47:54]TIMES:25 ZONE0 TEMP:46
[2019-11-07 16:47:54]TIMES:25 CPU USE:18 5 13 0
[2019-11-07 16:47:54]TIMES:25 CPU0 USE:18 5 13 0
[2019-11-07 16:47:54]TIMES:25 SERIAL0:153 306 284
[2019-11-07 16:47:54]TIMES:25 bridge0:0 0 0 0 0 0 0 0 948 11 0 0 0 0 0 0
[2019-11-07 16:47:54]TIMES:25 rmnet0:16800 42 0 0 0 0 0 0 5152 52 0 0 0 0 0 0
[2019-11-07 16:47:54]TIMES:25 rmnet_data1:3800 16 0 0 0 0 0 0 3184 29 0 0 0 0 0 0
[2019-11-07 16:47:54]TIMES:25 rmnet_data0:12616 26 0 0 0 0 0 0 1968 23 0 0 0 0 0 0
[2019-11-07 16:47:59]TIMES:30 ZONE0 TEMP:45
[2019-11-07 16:47:59]TIMES:30 CPU USE:16 5 11 0
[2019-11-07 16:47:59]TIMES:30 CPU0 USE:16 5 11 0
[2019-11-07 16:47:59]TIMES:30 SERIAL0:153 358 301
[2019-11-07 16:47:59]TIMES:30 rmnet0:16928 44 0 0 0 0 0 0 5328 55 0 0 0 0 0 0
[2019-11-07 16:47:59]TIMES:30 rmnet_data1:3911 18 0 0 0 0 0 0 3360 32 0 0 0 0 0 0
[2019-11-07 16:48:04]TIMES:35 CPU USE:17 4 13 0
[2019-11-07 16:48:04]TIMES:35 CPU0 USE:17 4 13 0
[2019-11-07 16:48:04]TIMES:35 SERIAL0:153 372 320
[2019-11-07 16:48:04]TIMES:35 rmnet0:16928 44 0 0 0 0 0 0 5384 56 0 0 0 0 0 0
[2019-11-07 16:48:04]TIMES:35 rmnet_data1:3911 18 0 0 0 0 0 0 3416 33 0 0 0 0 0 0
[2019-11-07 16:48:09]TIMES:40 CPU USE:16 4 12 0
[2019-11-07 16:48:09]TIMES:40 CPU0 USE:16 4 12 0
[2019-11-07 16:48:09]TIMES:40 SERIAL0:153 410 337
[2019-11-07 16:48:14]TIMES:45 CPU USE:26 4 22 0
[2019-11-07 16:48:14]TIMES:45 CPU0 USE:26 4 22 0
[2019-11-07 16:48:14]TIMES:45 SERIAL0:153 424 351
[2019-11-07 16:48:14]TIMES:45 rmnet0:17192 46 0 0 0 0 0 0 5520 58 0 0 0 0 0 0
[2019-11-07 16:48:14]TIMES:45 rmnet_data0:12864 28 0 0 0 0 0 0 2104 25 0 0 0 0 0 0
[2019-11-07 16:48:19]TIMES:50 ZONE0 TEMP:46
[2019-11-07 16:48:19]TIMES:50 CPU USE:19 4 15 0
[2019-11-07 16:48:19]TIMES:50 CPU0 USE:19 4 15 0
[2019-11-07 16:48:19]TIMES:50 SERIAL0:153 462 368
[2019-11-07 16:48:19]TIMES:50 rmnet0:17272 47 0 0 0 0 0 0 5640 60 0 0 0 0 0 0
[2019-11-07 16:48:19]TIMES:50 rmnet_data1:3982 19 0 0 0 0 0 0 3536 35 0 0 0 0 0 0
[2019-11-07 16:48:24]TIMES:55 ZONE0 TEMP:45
[2019-11-07 16:48:24]TIMES:55 CPU USE:15 3 12 0
[2019-11-07 16:48:24]TIMES:55 CPU0 USE:15 3 12 0
[2019-11-07 16:48:24]TIMES:55 SERIAL0:153 476 382
[2019-11-07 16:48:29]TIMES:60 ZONE0 TEMP:46
[2019-11-07 16:48:29]TIMES:60 ZONE1 TEMP:45
[2019-11-07 16:48:29]TIMES:60 CPU USE:16 3 13 0
[2019-11-07 16:48:29]TIMES:60 CPU0 USE:16 3 13 0
[2019-11-07 16:48:29]TIMES:60 SERIAL0:153 500 404
[2019-11-07 16:48:29]TIMES:60 rmnet0:17272 47 0 0 0 0 0 0 6544 61 0 0 0 0 0 0
[2019-11-07 16:48:29]TIMES:60 rmnet_data1:3982 19 0 0 0 0 0 0 4440 36 0 0 0 0 0 0
[2019-11-07 16:48:34]TIMES:65 CPU USE:17 4 13 0
[2019-11-07 16:48:34]TIMES:65 CPU0 USE:17 4 13 0
[2019-11-07 16:48:34]TIMES:65 SERIAL0:153 528 418
[2019-11-07 16:48:34]TIMES:65 rmnet0:17320 48 0 0 0 0 0 0 6544 61 0 0 0 0 0 0
[2019-11-07 16:48:34]TIMES:65 rmnet_data1:4022 20 0 0 0 0 0 0 4440 36 0 0 0 0 0 0
[2019-11-07 16:48:39]TIMES:70 ZONE1 TEMP:44
[2019-11-07 16:48:39]TIMES:70 CPU USE:19 4 15 0
[2019-11-07 16:48:39]TIMES:70 CPU0 USE:19 4 15 0
[2019-11-07 16:48:39]TIMES:70 SERIAL0:153 552 435
[2019-11-07 16:48:39]TIMES:70 rmnet0:17448 50 0 0 0 0 0 0 6664 63 0 0 0 0 0 0
[2019-11-07 16:48:39]TIMES:70 rmnet_data1:4133 22 0 0 0 0 0 0 4560 38 0 0 0 0 0 0
[2019-11-07 16:48:44]TIMES:75 ZONE1 TEMP:45
[2019-11-07 16:48:44]TIMES:75 ZONE6 TEMP:38
[2019-11-07 16:48:44]TIMES:75 CPU USE:26 7 19 0
[2019-11-07 16:48:44]TIMES:75 CPU0 USE:26 7 19 0
[2019-11-07 16:48:44]TIMES:75 SERIAL0:153 580 449
[2019-11-07 16:48:44]TIMES:75 rmnet0:17712 52 0 0 0 0 0 0 6800 65 0 0 0 0 0 0
[2019-11-07 16:48:44]TIMES:75 rmnet_data0:13112 30 0 0 0 0 0 0 2240 27 0 0 0 0 0 0
[2019-11-07 16:48:49]TIMES:80 CPU USE:17 3 14 0
[2019-11-07 16:48:49]TIMES:80 CPU0 USE:17 3 14 0
[2019-11-07 16:48:49]TIMES:80 SERIAL0:153 604 466
[2019-11-07 16:48:54]TIMES:85 CPU USE:15 4 11 0
[2019-11-07 16:48:54]TIMES:85 CPU0 USE:15 4 11 0
[2019-11-07 16:48:54]TIMES:85 SERIAL0:153 632 480
[2019-11-07 16:48:59]TIMES:90 ZONE0 TEMP:43
[2019-11-07 16:48:59]TIMES:90 ZONE1 TEMP:43
[2019-11-07 16:48:59]TIMES:90 ZONE2 TEMP:45
[2019-11-07 16:48:59]TIMES:90 ZONE3 TEMP:43
[2019-11-07 16:48:59]TIMES:90 ZONE4 TEMP:41
[2019-11-07 16:48:59]TIMES:90 ZONE5 TEMP:100
[2019-11-07 16:48:59]TIMES:90 ZONE6 TEMP:37
[2019-11-07 16:48:59]TIMES:90 CPU USE:17 5 12 0
[2019-11-07 16:48:59]TIMES:90 CPU0 USE:17 5 12 0
[2019-11-07 16:48:59]TIMES:90 SERIAL0:153 656 497
[2019-11-07 16:48:59]TIMES:90 rmnet0:17712 52 0 0 0 0 0 0 6876 66 0 0 0 0 0 0
[2019-11-07 16:48:59]TIMES:90 rmnet_data1:4133 22 0 0 0 0 0 0 4636 39 0 0 0 0 0 0
[2019-11-07 16:49:04]TIMES:95 ZONE0 TEMP:45
[2019-11-07 16:49:04]TIMES:95 ZONE1 TEMP:44
[2019-11-07 16:49:04]TIMES:95 ZONE2 TEMP:47
[2019-11-07 16:49:04]TIMES:95 ZONE3 TEMP:45
[2019-11-07 16:49:04]TIMES:95 ZONE4 TEMP:43
[2019-11-07 16:49:04]TIMES:95 ZONE5 TEMP:44
[2019-11-07 16:49:04]TIMES:95 CPU USE:16 3 13 0
[2019-11-07 16:49:04]TIMES:95 CPU0 USE:16 3 13 0
[2019-11-07 16:49:04]TIMES:95 SERIAL0:153 684 511
[2019-11-07 16:49:04]TIMES:95 rmnet0:17792 53 0 0 0 0 0 0 6920 67 0 0 0 0 0 0
[2019-11-07 16:49:04]TIMES:95 rmnet_data1:4204 23 0 0 0 0 0 0 4680 40 0 0 0 0 0 0
[2019-11-07 16:49:04]TIMES:95 NET MODE:5 -68 -101
[2019-11-07 16:49:09]TIMES:100 ZONE0 TEMP:46
[2019-11-07 16:49:09]TIMES:100 ZONE1 TEMP:45
[2019-11-07 16:49:09]TIMES:100 SERIAL0:153 708 528
[2019-11-07 16:49:09]TIMES:100 NET MODE:5 -72 -102
[2019-11-07 16:49:14]TIMES:105 ZONE0 TEMP:43
[2019-11-07 16:49:14]TIMES:105 ZONE1 TEMP:40
[2019-11-07 16:49:14]TIMES:105 ZONE2 TEMP:43
[2019-11-07 16:49:14]TIMES:105 ZONE3 TEMP:42
[2019-11-07 16:49:14]TIMES:105 ZONE4 TEMP:41
[2019-11-07 16:49:14]TIMES:105 CPU USE:19 4 15 0
[2019-11-07 16:49:14]TIMES:105 CPU0 USE:19 4 15 0
[2019-11-07 16:49:14]TIMES:105 SERIAL0:153 736 542
[2019-11-07 16:49:14]TIMES:105 GNSS:22576591 113917073 325000000 30000000 0 0 1 0
[2019-11-07 16:49:19]TIMES:110 ZONE0 TEMP:46
[2019-11-07 16:49:19]TIMES:110 ZONE1 TEMP:45
[2019-11-07 16:49:19]TIMES:110 ZONE2 TEMP:47
[2019-11-07 16:49:19]TIMES:110 ZONE3 TEMP:45
[2019-11-07 16:49:19]TIMES:110 ZONE4 TEMP:43
[2019-11-07 16:49:19]TIMES:110 CPU USE:22 5 17 0
[2019-11-07 16:49:19]TIMES:110 CPU0 USE:22 5 17 0
[2019-11-07 16:49:19]TIMES:110 SERIAL0:153 760 559
[2019-11-07 16:49:19]TIMES:110 rmnet0:18056 55 0 0 0 0 0 0 7056 69 0 0 0 0 0 0
[2019-11-07 16:49:19]TIMES:110 rmnet_data0:13360 32 0 0 0 0 0 0 2376 29 0 0 0 0 0 0
[2019-11-07 16:49:19]TIMES:110 GNSS:22576597 113917003 306000000 27000000 0 0 1 0
[2019-11-07 16:49:24]TIMES:115 CPU USE:15 3 12 0
[2019-11-07 16:49:24]TIMES:115 CPU0 USE:15 3 12 0
[2019-11-07 16:49:24]TIMES:115 SERIAL0:153 774 588
[2019-11-07 16:49:24]TIMES:115 rmnet0:18136 56 0 0 0 0 0 0 7176 71 0 0 0 0 0 0
[2019-11-07 16:49:24]TIMES:115 rmnet_data1:4275 24 0 0 0 0 0 0 4800 42 0 0 0 0 0 0
[2019-11-07 16:49:24]TIMES:115 GNSS:22576606 113917004 307000000 35000000 0 0 1 0
[2019-11-07 16:49:29]TIMES:120 CPU USE:14 3 11 0
[2019-11-07 16:49:29]TIMES:120 CPU0 USE:14 3 11 0
[2019-11-07 16:49:29]TIMES:120 SERIAL0:153 812 609
[2019-11-07 16:49:29]TIMES:120 rmnet0:18184 57 0 0 0 0 0 0 8248 72 0 0 0 0 0 0
[2019-11-07 16:49:29]TIMES:120 rmnet_data1:4315 25 0 0 0 0 0 0 5872 43 0 0 0 0 0 0
[2019-11-07 16:49:29]TIMES:120 GNSS:22576605 113917011 306000000 49000000 0 0 1 0
[2019-11-07 16:49:34]TIMES:125 ZONE5 TEMP:100
[2019-11-07 16:49:34]TIMES:125 ZONE6 TEMP:38
[2019-11-07 16:49:34]TIMES:125 CPU USE:16 3 13 0
[2019-11-07 16:49:34]TIMES:125 CPU0 USE:16 3 13 0
[2019-11-07 16:49:34]TIMES:125 SERIAL0:153 826 627
[2019-11-07 16:49:34]TIMES:125 rmnet0:18736 63 0 0 0 0 0 0 8776 78 0 0 0 0 0 0
[2019-11-07 16:49:34]TIMES:125 rmnet_data1:4735 30 0 0 0 0 0 0 6312 48 0 0 0 0 0 0
[2019-11-07 16:49:34]TIMES:125 rmnet_data0:13444 33 0 0 0 0 0 0 2464 30 0 0 0 0 0 0
[2019-11-07 16:49:34]TIMES:125 GNSS:22576617 113917049 304000000 60000000 0 0 1 0
[2019-11-07 16:49:39]TIMES:130 ZONE5 TEMP:44
[2019-11-07 16:49:39]TIMES:130 CPU USE:18 4 14 0
[2019-11-07 16:49:39]TIMES:130 CPU0 USE:18 4 14 0
[2019-11-07 16:49:39]TIMES:130 SERIAL0:153 864 644
[2019-11-07 16:49:39]TIMES:130 rmnet0:19196 68 0 0 0 0 0 0 9216 83 0 0 0 0 0 0
[2019-11-07 16:49:39]TIMES:130 rmnet_data1:5155 35 0 0 0 0 0 0 6752 53 0 0 0 0 0 0
[2019-11-07 16:49:39]TIMES:130 GNSS:22576615 113917056 302000000 54000000 0 0 1 0
[2019-11-07 16:49:44]TIMES:135 CPU USE:15 3 12 0
[2019-11-07 16:49:44]TIMES:135 CPU0 USE:15 3 12 0
[2019-11-07 16:49:44]TIMES:135 SERIAL0:153 878 671
[2019-11-07 16:49:44]TIMES:135 rmnet0:19508 72 0 0 0 0 0 0 9776 90 0 0 0 0 0 0
[2019-11-07 16:49:44]TIMES:135 rmnet_data1:5434 39 0 0 0 0 0 0 7312 60 0 0 0 0 0 0
[2019-11-07 16:49:44]TIMES:135 GNSS:22576606 113917051 299000000 35000000 0 0 1 0
[2019-11-07 16:49:49]TIMES:140 CPU USE:30 5 25 0
[2019-11-07 16:49:49]TIMES:140 CPU0 USE:30 5 25 0
[2019-11-07 16:49:49]TIMES:140 SERIAL0:153 916 688
[2019-11-07 16:49:49]TIMES:140 bridge0:0 0 0 0 0 0 0 0 1020 12 0 0 0 0 0 0
[2019-11-07 16:49:49]TIMES:140 rmnet0:20232 79 0 0 0 0 0 0 10352 97 0 0 0 0 0 0
[2019-11-07 16:49:49]TIMES:140 rmnet_data1:5854 44 0 0 0 0 0 0 7752 65 0 0 0 0 0 0
[2019-11-07 16:49:49]TIMES:140 rmnet_data0:13692 35 0 0 0 0 0 0 2600 32 0 0 0 0 0 0
[2019-11-07 16:49:49]TIMES:140 GNSS:22576602 113917049 298000000 27000000 0 0 1 0
[2019-11-07 16:49:54]TIMES:145 ZONE2 TEMP:48
[2019-11-07 16:49:54]TIMES:145 CPU USE:17 4 13 0
[2019-11-07 16:49:54]TIMES:145 CPU0 USE:17 4 13 0
[2019-11-07 16:49:54]TIMES:145 SERIAL0:153 930 702
[2019-11-07 16:49:54]TIMES:145 bridge0:0 0 0 0 0 0 0 0 1092 13 0 0 0 0 0 0
[2019-11-07 16:49:54]TIMES:145 rmnet0:20692 84 0 0 0 0 0 0 10792 102 0 0 0 0 0 0
[2019-11-07 16:49:54]TIMES:145 rmnet_data1:6274 49 0 0 0 0 0 0 8192 70 0 0 0 0 0 0
[2019-11-07 16:49:54]TIMES:145 GNSS:22576599 113917049 297000000 33000000 0 0 1 0
[2019-11-07 16:49:59]TIMES:150 CPU USE:16 4 12 0
[2019-11-07 16:49:59]TIMES:150 CPU0 USE:16 4 12 0
[2019-11-07 16:49:59]TIMES:150 SERIAL0:153 968 719
[2019-11-07 16:49:59]TIMES:150 bridge0:0 0 0 0 0 0 0 0 1236 15 0 0 0 0 0 0
[2019-11-07 16:49:59]TIMES:150 rmnet0:21152 89 0 0 0 0 0 0 11232 107 0 0 0 0 0 0
[2019-11-07 16:49:59]TIMES:150 rmnet_data1:6694 54 0 0 0 0 0 0 8632 75 0 0 0 0 0 0
[2019-11-07 16:49:59]TIMES:150 GNSS:22576596 113917049 296000000 33000000 0 0 1 0
[2019-11-07 16:50:04]TIMES:155 CPU USE:15 3 12 0
[2019-11-07 16:50:04]TIMES:155 CPU0 USE:15 3 12 0
[2019-11-07 16:50:04]TIMES:155 SERIAL0:153 982 737
[2019-11-07 16:50:04]TIMES:155 rmnet0:21692 95 0 0 0 0 0 0 11792 114 0 0 0 0 0 0
[2019-11-07 16:50:04]TIMES:155 rmnet_data1:7185 60 0 0 0 0 0 0 9192 82 0 0 0 0 0 0
[2019-11-07 16:50:04]TIMES:155 GNSS:22576592 113917048 294000000 27000000 0 0 1 0
[2019-11-07 16:50:09]TIMES:160 CPU USE:19 4 15 0
[2019-11-07 16:50:09]TIMES:160 CPU0 USE:19 4 15 0
[2019-11-07 16:50:09]TIMES:160 SERIAL0:153 1006 758
[2019-11-07 16:50:09]TIMES:160 rmnet0:22152 100 0 0 0 0 0 0 12232 119 0 0 0 0 0 0
[2019-11-07 16:50:09]TIMES:160 rmnet_data1:7605 65 0 0 0 0 0 0 9632 87 0 0 0 0 0 0
[2019-11-07 16:50:09]TIMES:160 GNSS:22576591 113917049 293000000 27000000 0 0 1 0
[2019-11-07 16:50:14]TIMES:165 CPU USE:13 4 9 0
[2019-11-07 16:50:14]TIMES:165 CPU0 USE:13 4 9 0
[2019-11-07 16:50:14]TIMES:165 SERIAL0:153 1034 784
[2019-11-07 16:50:14]TIMES:165 rmnet0:22612 105 0 0 0 0 0 0 12672 124 0 0 0 0 0 0
[2019-11-07 16:50:14]TIMES:165 rmnet_data1:8025 70 0 0 0 0 0 0 10072 92 0 0 0 0 0 0
[2019-11-07 16:50:14]TIMES:165 GNSS:22576590 113917049 292000000 29000000 0 0 1 0
[2019-11-07 16:50:19]TIMES:170 ZONE3 TEMP:46
[2019-11-07 16:50:19]TIMES:170 ZONE4 TEMP:44
[2019-11-07 16:50:19]TIMES:170 ZONE5 TEMP:45
[2019-11-07 16:50:19]TIMES:170 MEM FREE:93 30
[2019-11-07 16:50:19]TIMES:170 CPU USE:36 8 28 0
[2019-11-07 16:50:19]TIMES:170 CPU0 USE:36 8 28 0
[2019-11-07 16:50:19]TIMES:170 SERIAL0:153 1058 809
[2019-11-07 16:50:19]TIMES:170 rmnet0:23708 116 0 0 0 0 0 0 13540 135 0 0 0 0 0 0
[2019-11-07 16:50:19]TIMES:170 rmnet_data1:8445 75 0 0 0 0 0 0 10512 97 0 0 0 0 0 0
[2019-11-07 16:50:19]TIMES:170 rmnet_data0:14274 41 0 0 0 0 0 0 3028 38 0 0 0 0 0 0
[2019-11-07 16:50:19]TIMES:170 GNSS:22576593 113917049 292000000 23000000 0 0 1 0
[2019-11-07 16:50:24]TIMES:175 ZONE3 TEMP:45
[2019-11-07 16:50:24]TIMES:175 ZONE4 TEMP:43
[2019-11-07 16:50:24]TIMES:175 MEM FREE:93 31
[2019-11-07 16:50:24]TIMES:175 CPU USE:21 3 18 0
[2019-11-07 16:50:24]TIMES:175 CPU0 USE:21 3 18 0
[2019-11-07 16:50:24]TIMES:175 SERIAL0:153 1086 838
[2019-11-07 16:50:24]TIMES:175 rmnet0:24332 123 0 0 0 0 0 0 14164 143 0 0 0 0 0 0
[2019-11-07 16:50:24]TIMES:175 rmnet_data1:8936 81 0 0 0 0 0 0 11072 104 0 0 0 0 0 0
[2019-11-07 16:50:24]TIMES:175 rmnet_data0:14348 42 0 0 0 0 0 0 3092 39 0 0 0 0 0 0
[2019-11-07 16:50:24]TIMES:175 GNSS:22576599 113917053 292000000 22000000 0 0 1 0
[2019-11-07 16:50:29]TIMES:180 ZONE4 TEMP:44
[2019-11-07 16:50:29]TIMES:180 CPU USE:17 3 14 0
[2019-11-07 16:50:29]TIMES:180 CPU0 USE:17 3 14 0
[2019-11-07 16:50:29]TIMES:180 SERIAL0:153 1110 922
[2019-11-07 16:50:29]TIMES:180 rmnet0:24840 129 0 0 0 0 0 0 15956 149 0 0 0 0 0 0
[2019-11-07 16:50:29]TIMES:180 rmnet_data1:9396 87 0 0 0 0 0 0 12864 110 0 0 0 0 0 0
[2019-11-07 16:50:29]TIMES:180 GNSS:22576606 113917054 292000000 25000000 0 0 1 0
[2019-11-07 16:50:34]TIMES:185 ZONE4 TEMP:43
[2019-11-07 16:50:34]TIMES:185 CPU USE:14 3 11 0
[2019-11-07 16:50:34]TIMES:185 CPU0 USE:14 3 11 0
[2019-11-07 16:50:34]TIMES:185 SERIAL0:153 1138 948
[2019-11-07 16:50:34]TIMES:185 rmnet0:25300 134 0 0 0 0 0 0 16396 154 0 0 0 0 0 0
[2019-11-07 16:50:34]TIMES:185 rmnet_data1:9816 92 0 0 0 0 0 0 13304 115 0 0 0 0 0 0
[2019-11-07 16:50:34]TIMES:185 GNSS:22576618 113917063 294000000 27000000 0 0 1 0
[2019-11-07 16:50:39]TIMES:190 CPU USE:17 4 13 0
[2019-11-07 16:50:39]TIMES:190 CPU0 USE:17 4 13 0
[2019-11-07 16:50:39]TIMES:190 SERIAL0:153 1162 969
[2019-11-07 16:50:39]TIMES:190 rmnet0:25760 139 0 0 0 0 0 0 16836 159 0 0 0 0 0 0
[2019-11-07 16:50:39]TIMES:190 rmnet_data1:10236 97 0 0 0 0 0 0 13744 120 0 0 0 0 0 0
[2019-11-07 16:50:39]TIMES:190 GNSS:22576625 113917067 295000000 23000000 0 0 1 0
[2019-11-07 16:50:44]TIMES:195 CPU USE:15 2 13 0
[2019-11-07 16:50:44]TIMES:195 CPU0 USE:15 2 13 0
[2019-11-07 16:50:44]TIMES:195 SERIAL0:153 1176 987
[2019-11-07 16:50:44]TIMES:195 rmnet0:26348 146 0 0 0 0 0 0 17396 166 0 0 0 0 0 0
[2019-11-07 16:50:44]TIMES:195 rmnet_data1:10767 104 0 0 0 0 0 0 14304 127 0 0 0 0 0 0
[2019-11-07 16:50:44]TIMES:195 GNSS:22576630 113917067 295000000 21000000 0 0 1 0
[2019-11-07 16:50:49]TIMES:200 CPU USE:21 4 17 0
[2019-11-07 16:50:49]TIMES:200 CPU0 USE:21 4 17 0
[2019-11-07 16:50:49]TIMES:200 SERIAL0:153 1214 1008
[2019-11-07 16:50:49]TIMES:200 rmnet0:26988 153 0 0 0 0 0 0 17976 173 0 0 0 0 0 0
[2019-11-07 16:50:49]TIMES:200 rmnet_data1:11187 109 0 0 0 0 0 0 14744 132 0 0 0 0 0 0
[2019-11-07 16:50:49]TIMES:200 rmnet_data0:14511 44 0 0 0 0 0 0 3232 41 0 0 0 0 0 0
[2019-11-07 16:50:49]TIMES:200 GNSS:22576632 113917066 295000000 20000000 0 0 1 0
[2019-11-07 16:50:54]TIMES:205 CPU USE:31 6 25 0
[2019-11-07 16:50:54]TIMES:205 CPU0 USE:31 6 25 0
[2019-11-07 16:50:54]TIMES:205 SERIAL0:153 1228 1026
[2019-11-07 16:50:54]TIMES:205 rmnet0:27712 160 0 0 0 0 0 0 18552 180 0 0 0 0 0 0
[2019-11-07 16:50:54]TIMES:205 rmnet_data1:11607 114 0 0 0 0 0 0 15184 137 0 0 0 0 0 0
[2019-11-07 16:50:54]TIMES:205 rmnet_data0:14759 46 0 0 0 0 0 0 3368 43 0 0 0 0 0 0
[2019-11-07 16:50:54]TIMES:205 GNSS:22576634 113917062 295000000 18000000 0 0 1 0
[2019-11-07 16:50:59]TIMES:210 CPU USE:17 2 15 0
[2019-11-07 16:50:59]TIMES:210 CPU0 USE:17 2 15 0
[2019-11-07 16:50:59]TIMES:210 SERIAL0:153 1266 1047
[2019-11-07 16:50:59]TIMES:210 rmnet0:28172 165 0 0 0 0 0 0 18992 185 0 0 0 0 0 0
[2019-11-07 16:50:59]TIMES:210 rmnet_data1:12027 119 0 0 0 0 0 0 15624 142 0 0 0 0 0 0
[2019-11-07 16:50:59]TIMES:210 GNSS:22576634 113917058 295000000 17000000 0 0 1 0
[2019-11-07 16:51:04]TIMES:215 ZONE5 TEMP:101
[2019-11-07 16:51:04]TIMES:215 CPU USE:14 3 11 0
[2019-11-07 16:51:04]TIMES:215 CPU0 USE:14 3 11 0
[2019-11-07 16:51:04]TIMES:215 SERIAL0:153 1280 1065
[2019-11-07 16:51:04]TIMES:215 GNSS:22576637 113917053 295000000 20000000 0 0 1 0
[2019-11-07 16:51:09]TIMES:220 ZONE5 TEMP:45
[2019-11-07 16:51:09]TIMES:220 CPU USE:20 6 14 0
[2019-11-07 16:51:09]TIMES:220 CPU0 USE:20 6 14 0
[2019-11-07 16:51:09]TIMES:220 SERIAL0:153 1318 1223
[2019-11-07 16:51:09]TIMES:220 rmnet0:28300 167 0 0 0 0 0 0 19376 188 0 0 0 0 0 0
[2019-11-07 16:51:09]TIMES:220 rmnet_data1:12138 121 0 0 0 0 0 0 16008 145 0 0 0 0 0 0
[2019-11-07 16:51:09]TIMES:220 GNSS:22576641 113917048 296000000 21000000 0 0 1 0
[2019-11-07 16:51:14]TIMES:225 ZONE3 TEMP:46
[2019-11-07 16:51:14]TIMES:225 ZONE4 TEMP:44
[2019-11-07 16:51:14]TIMES:225 CPU USE:18 3 15 0
[2019-11-07 16:51:14]TIMES:225 CPU0 USE:18 3 15 0
[2019-11-07 16:51:14]TIMES:225 SERIAL0:153 1342 1412
[2019-11-07 16:51:14]TIMES:225 rmnet0:28396 169 0 0 0 0 0 0 19868 190 0 0 0 0 0 0
[2019-11-07 16:51:14]TIMES:225 rmnet_data1:12218 123 0 0 0 0 0 0 16500 147 0 0 0 0 0 0
[2019-11-07 16:51:14]TIMES:225 GNSS:22576644 113917045 296000000 21000000 0 0 1 0
[2019-11-07 16:51:19]TIMES:230 ZONE3 TEMP:45
[2019-11-07 16:51:19]TIMES:230 ZONE4 TEMP:43
[2019-11-07 16:51:19]TIMES:230 CPU USE:16 2 14 0
[2019-11-07 16:51:19]TIMES:230 CPU0 USE:16 2 14 0
[2019-11-07 16:51:19]TIMES:230 SERIAL0:153 1380 1514
[2019-11-07 16:51:19]TIMES:230 GNSS:22576645 113917043 296000000 22000000 0 0 1 0
[2019-11-07 16:51:24]TIMES:235 ZONE3 TEMP:46
[2019-11-07 16:51:24]TIMES:235 ZONE4 TEMP:44
[2019-11-07 16:51:24]TIMES:235 CPU USE:33 5 28 0
[2019-11-07 16:51:24]TIMES:235 CPU0 USE:33 5 28 0
[2019-11-07 16:51:24]TIMES:235 SERIAL0:153 1394 2113
[2019-11-07 16:51:24]TIMES:235 rmnet0:28660 171 0 0 0 0 0 0 20004 192 0 0 0 0 0 0
[2019-11-07 16:51:24]TIMES:235 rmnet_data0:15007 48 0 0 0 0 0 0 3504 45 0 0 0 0 0 0
[2019-11-07 16:51:24]TIMES:235 GNSS:22576646 113917043 297000000 33000000 0 0 1 0
[2019-11-07 16:51:29]TIMES:240 MEM FREE:93 30
[2019-11-07 16:51:29]TIMES:240 CPU USE:21 6 15 0
[2019-11-07 16:51:29]TIMES:240 CPU0 USE:21 6 15 0
[2019-11-07 16:51:29]TIMES:240 SERIAL0:153 1418 2537
[2019-11-07 16:51:29]TIMES:240 rmnet0:28836 174 0 0 0 0 0 0 21472 195 0 0 0 0 0 0
[2019-11-07 16:51:29]TIMES:240 rmnet_data1:12369 126 0 0 0 0 0 0 17968 150 0 0 0 0 0 0
[2019-11-07 16:51:29]TIMES:240 GNSS:22576647 113917043 297000000 28000000 0 0 1 0
[2019-11-07 16:51:34]TIMES:245 ZONE2 TEMP:47
[2019-11-07 16:51:34]TIMES:245 ZONE3 TEMP:45
[2019-11-07 16:51:34]TIMES:245 ZONE4 TEMP:43
[2019-11-07 16:51:34]TIMES:245 MEM FREE:93 31
[2019-11-07 16:51:34]TIMES:245 CPU USE:12 3 9 0
[2019-11-07 16:51:34]TIMES:245 CPU0 USE:12 3 9 0
[2019-11-07 16:51:34]TIMES:245 SERIAL0:153 1446 2679
[2019-11-07 16:51:34]TIMES:245 rmnet0:29112 177 0 0 0 0 0 0 22000 201 0 0 0 0 0 0
[2019-11-07 16:51:34]TIMES:245 rmnet_data1:12621 129 0 0 0 0 0 0 18496 156 0 0 0 0 0 0
[2019-11-07 16:51:34]TIMES:245 GNSS:22576648 113917042 297000000 25000000 0 0 1 0
[2019-11-07 16:51:39]TIMES:250 ZONE2 TEMP:48
[2019-11-07 16:51:39]TIMES:250 CPU USE:18 4 14 0
[2019-11-07 16:51:39]TIMES:250 CPU0 USE:18 4 14 0
[2019-11-07 16:51:39]TIMES:250 SERIAL0:153 1470 2696
[2019-11-07 16:51:39]TIMES:250 rmnet0:29572 182 0 0 0 0 0 0 22352 205 0 0 0 0 0 0
[2019-11-07 16:51:39]TIMES:250 rmnet_data1:13041 134 0 0 0 0 0 0 18848 160 0 0 0 0 0 0
[2019-11-07 16:51:39]TIMES:250 GNSS:22576648 113917040 297000000 23000000 0 0 1 0
[2019-11-07 16:51:44]TIMES:255 CPU USE:15 5 10 0
[2019-11-07 16:51:44]TIMES:255 CPU0 USE:15 5 10 0
[2019-11-07 16:51:44]TIMES:255 SERIAL0:153 1498 2714
[2019-11-07 16:51:44]TIMES:255 rmnet0:30032 187 0 0 0 0 0 0 22880 211 0 0 0 0 0 0
[2019-11-07 16:51:44]TIMES:255 rmnet_data1:13461 139 0 0 0 0 0 0 19376 166 0 0 0 0 0 0
[2019-11-07 16:51:44]TIMES:255 GNSS:22576647 113917040 297000000 21000000 0 0 1 0
[2019-11-07 16:51:49]TIMES:260 CPU USE:15 2 13 0
[2019-11-07 16:51:49]TIMES:260 CPU0 USE:15 2 13 0
[2019-11-07 16:51:49]TIMES:260 SERIAL0:153 1522 2731
[2019-11-07 16:51:49]TIMES:260 rmnet0:30620 194 0 0 0 0 0 0 23352 217 0 0 0 0 0 0
[2019-11-07 16:51:49]TIMES:260 rmnet_data1:13992 146 0 0 0 0 0 0 19848 172 0 0 0 0 0 0
[2019-11-07 16:51:54]TIMES:265 MEM FREE:93 30
[2019-11-07 16:51:54]TIMES:265 CPU USE:16 4 12 0
[2019-11-07 16:51:54]TIMES:265 CPU0 USE:16 4 12 0
[2019-11-07 16:51:54]TIMES:265 SERIAL0:153 1550 2745
[2019-11-07 16:51:54]TIMES:265 rmnet0:31080 199 0 0 0 0 0 0 23880 223 0 0 0 0 0 0
[2019-11-07 16:51:54]TIMES:265 rmnet_data1:14412 151 0 0 0 0 0 0 20376 178 0 0 0 0 0 0
[2019-11-07 16:51:54]TIMES:265 GNSS:22576647 113917041 298000000 20000000 0 0 1 0
[2019-11-07 16:51:59]TIMES:270 MEM FREE:93 31
[2019-11-07 16:51:59]TIMES:270 CPU USE:30 6 24 0
[2019-11-07 16:51:59]TIMES:270 CPU0 USE:30 6 24 0
[2019-11-07 16:51:59]TIMES:270 SERIAL0:153 1574 2762
[2019-11-07 16:51:59]TIMES:270 bridge0:0 0 0 0 0 0 0 0 1452 18 0 0 0 0 0 0
[2019-11-07 16:51:59]TIMES:270 rmnet0:31804 206 0 0 0 0 0 0 24368 229 0 0 0 0 0 0
[2019-11-07 16:51:59]TIMES:270 rmnet_data1:14832 156 0 0 0 0 0 0 20728 182 0 0 0 0 0 0
[2019-11-07 16:51:59]TIMES:270 rmnet_data0:15255 50 0 0 0 0 0 0 3640 47 0 0 0 0 0 0
[2019-11-07 16:51:59]TIMES:270 GNSS:22576647 113917041 298000000 19000000 0 0 1 0
[2019-11-07 16:52:04]TIMES:275 CPU USE:15 4 11 0
[2019-11-07 16:52:04]TIMES:275 CPU0 USE:15 4 11 0
[2019-11-07 16:52:04]TIMES:275 SERIAL0:153 1588 2791
[2019-11-07 16:52:04]TIMES:275 bridge0:0 0 0 0 0 0 0 0 1524 19 0 0 0 0 0 0
[2019-11-07 16:52:04]TIMES:275 rmnet0:32264 211 0 0 0 0 0 0 24896 235 0 0 0 0 0 0
[2019-11-07 16:52:04]TIMES:275 rmnet_data1:15252 161 0 0 0 0 0 0 21256 188 0 0 0 0 0 0
[2019-11-07 16:52:04]TIMES:275 GNSS:22576647 113917042 298000000 16000000 0 0 1 0
[2019-11-07 16:52:09]TIMES:280 CPU USE:16 3 13 0
[2019-11-07 16:52:09]TIMES:280 CPU0 USE:16 3 13 0
[2019-11-07 16:52:09]TIMES:280 SERIAL0:153 1626 2808
[2019-11-07 16:52:09]TIMES:280 rmnet0:32804 217 0 0 0 0 0 0 25368 241 0 0 0 0 0 0
[2019-11-07 16:52:09]TIMES:280 rmnet_data1:15743 167 0 0 0 0 0 0 21728 194 0 0 0 0 0 0
[2019-11-07 16:52:09]TIMES:280 GNSS:22576647 113917043 298000000 15000000 0 0 1 0
[2019-11-07 16:52:14]TIMES:285 ZONE3 TEMP:46
[2019-11-07 16:52:14]TIMES:285 MEM FREE:93 30
[2019-11-07 16:52:14]TIMES:285 CPU USE:15 3 12 0
[2019-11-07 16:52:14]TIMES:285 CPU0 USE:15 3 12 0
[2019-11-07 16:52:14]TIMES:285 SERIAL0:153 1640 2822
[2019-11-07 16:52:14]TIMES:285 rmnet0:33264 222 0 0 0 0 0 0 25896 247 0 0 0 0 0 0
[2019-11-07 16:52:14]TIMES:285 rmnet_data1:16163 172 0 0 0 0 0 0 22256 200 0 0 0 0 0 0
[2019-11-07 16:52:14]TIMES:285 GNSS:22576649 113917045 299000000 24000000 0 0 1 0
[2019-11-07 16:52:19]TIMES:290 ZONE3 TEMP:45
[2019-11-07 16:52:19]TIMES:290 MEM FREE:93 31
[2019-11-07 16:52:19]TIMES:290 CPU USE:17 4 13 0
[2019-11-07 16:52:19]TIMES:290 CPU0 USE:17 4 13 0
[2019-11-07 16:52:19]TIMES:290 SERIAL0:153 1678 2839
[2019-11-07 16:52:19]TIMES:290 rmnet0:33724 227 0 0 0 0 0 0 26336 252 0 0 0 0 0 0
[2019-11-07 16:52:19]TIMES:290 rmnet_data1:16583 177 0 0 0 0 0 0 22696 205 0 0 0 0 0 0
[2019-11-07 16:52:19]TIMES:290 GNSS:22576650 113917045 299000000 33000000 0 0 1 0
[2019-11-07 16:52:24]TIMES:295 MEM FREE:93 30
[2019-11-07 16:52:24]TIMES:295 CPU USE:15 3 12 0
[2019-11-07 16:52:24]TIMES:295 CPU0 USE:15 3 12 0
[2019-11-07 16:52:24]TIMES:295 SERIAL0:153 1692 2853
[2019-11-07 16:52:24]TIMES:295 rmnet0:34184 232 0 0 0 0 0 0 26776 257 0 0 0 0 0 0
[2019-11-07 16:52:24]TIMES:295 rmnet_data1:17003 182 0 0 0 0 0 0 23136 210 0 0 0 0 0 0
[2019-11-07 16:52:24]TIMES:295 GNSS:22576650 113917044 299000000 29000000 0 0 1 0
[2019-11-07 16:52:29]TIMES:300 ZONE4 TEMP:44
[2019-11-07 16:52:29]TIMES:300 MEM FREE:93 31
[2019-11-07 16:52:29]TIMES:300 CPU USE:31 6 25 0
[2019-11-07 16:52:29]TIMES:300 CPU0 USE:31 6 25 0
[2019-11-07 16:52:29]TIMES:300 SERIAL0:153 1730 2870
[2019-11-07 16:52:29]TIMES:300 rmnet0:35036 241 0 0 0 0 0 0 28824 267 0 0 0 0 0 0
[2019-11-07 16:52:29]TIMES:300 rmnet_data1:17534 189 0 0 0 0 0 0 25048 218 0 0 0 0 0 0
[2019-11-07 16:52:29]TIMES:300 rmnet_data0:15503 52 0 0 0 0 0 0 3776 49 0 0 0 0 0 0
[2019-11-07 16:52:29]TIMES:300 GNSS:22576652 113917047 299000000 33000000 0 0 1 0
[2019-11-07 16:52:34]TIMES:305 ZONE4 TEMP:43
[2019-11-07 16:52:34]TIMES:305 MEM FREE:93 30
[2019-11-07 16:52:34]TIMES:305 CPU USE:14 3 11 0
[2019-11-07 16:52:34]TIMES:305 CPU0 USE:14 3 11 0
[2019-11-07 16:52:34]TIMES:305 SERIAL0:153 1744 2884
[2019-11-07 16:52:34]TIMES:305 rmnet0:35496 246 0 0 0 0 0 0 29264 272 0 0 0 0 0 0
[2019-11-07 16:52:34]TIMES:305 rmnet_data1:17954 194 0 0 0 0 0 0 25488 223 0 0 0 0 0 0
[2019-11-07 16:52:34]TIMES:305 GNSS:22576653 113917050 299000000 32000000 0 0 1 0
[2019-11-07 16:52:39]TIMES:310 CPU USE:16 4 12 0
[2019-11-07 16:52:39]TIMES:310 CPU0 USE:16 4 12 0
[2019-11-07 16:52:39]TIMES:310 SERIAL0:153 1782 2901
[2019-11-07 16:52:39]TIMES:310 rmnet0:35956 251 0 0 0 0 0 0 29704 277 0 0 0 0 0 0
[2019-11-07 16:52:39]TIMES:310 rmnet_data1:18374 199 0 0 0 0 0 0 25928 228 0 0 0 0 0 0
[2019-11-07 16:52:40]TIMES:310 GNSS:22576653 113917050 299000000 39000000 0 0 1 0
[2019-11-07 16:52:45]TIMES:315 CPU USE:14 3 11 0
[2019-11-07 16:52:45]TIMES:315 CPU0 USE:14 3 11 0
[2019-11-07 16:52:45]TIMES:315 SERIAL0:153 1796 2915
[2019-11-07 16:52:45]TIMES:315 rmnet0:36416 256 0 0 0 0 0 0 30144 282 0 0 0 0 0 0
[2019-11-07 16:52:45]TIMES:315 rmnet_data1:18794 204 0 0 0 0 0 0 26368 233 0 0 0 0 0 0
[2019-11-07 16:52:45]TIMES:315 NET MODE:5 -68 -101
[2019-11-07 16:52:45]TIMES:315 GNSS:22576651 113917049 299000000 51000000 0 0 1 0
[2019-11-07 16:52:50]TIMES:320 MEM FREE:93 31
[2019-11-07 16:52:50]TIMES:320 CPU USE:15 2 13 0
[2019-11-07 16:52:50]TIMES:320 CPU0 USE:15 2 13 0
[2019-11-07 16:52:50]TIMES:320 SERIAL0:153 1820 2932
[2019-11-07 16:52:50]TIMES:320 rmnet0:36876 261 0 0 0 0 0 0 30584 287 0 0 0 0 0 0
[2019-11-07 16:52:50]TIMES:320 rmnet_data1:19214 209 0 0 0 0 0 0 26808 238 0 0 0 0 0 0
[2019-11-07 16:52:50]TIMES:320 NET MODE:5 -72 -101
[2019-11-07 16:52:50]TIMES:320 GNSS:22576651 113917048 299000000 72000000 0 0 1 0
[2019-11-07 16:52:55]TIMES:325 ZONE3 TEMP:46
[2019-11-07 16:52:55]TIMES:325 MEM FREE:93 30
[2019-11-07 16:52:55]TIMES:325 CPU USE:15 3 12 0
[2019-11-07 16:52:55]TIMES:325 CPU0 USE:15 3 12 0
[2019-11-07 16:52:55]TIMES:325 SERIAL0:153 1848 2946
[2019-11-07 16:52:55]TIMES:325 rmnet0:37464 268 0 0 0 0 0 0 31144 294 0 0 0 0 0 0
[2019-11-07 16:52:55]TIMES:325 rmnet_data1:19745 216 0 0 0 0 0 0 27368 245 0 0 0 0 0 0
[2019-11-07 16:52:55]TIMES:325 NET MODE:5 -68 -102
[2019-11-07 16:52:55]TIMES:325 GNSS:22576650 113917048 299000000 102000000 0 0 1 0
[2019-11-07 16:53:00]TIMES:330 ZONE4 TEMP:44
[2019-11-07 16:53:00]TIMES:330 CPU USE:21 4 17 0
[2019-11-07 16:53:00]TIMES:330 CPU0 USE:21 4 17 0
[2019-11-07 16:53:00]TIMES:330 SERIAL0:153 1872 2963
[2019-11-07 16:53:00]TIMES:330 rmnet0:37924 273 0 0 0 0 0 0 31496 298 0 0 0 0 0 0
[2019-11-07 16:53:00]TIMES:330 rmnet_data1:20165 221 0 0 0 0 0 0 27720 249 0 0 0 0 0 0
[2019-11-07 16:53:00]TIMES:330 GNSS:22576650 113917047 299000000 100000000 0 0 1 0
[2019-11-07 16:53:05]TIMES:335 ZONE3 TEMP:45
[2019-11-07 16:53:05]TIMES:335 ZONE4 TEMP:43
[2019-11-07 16:53:05]TIMES:335 MEM FREE:93 31
[2019-11-07 16:53:05]TIMES:335 SERIAL0:153 1900 2977
[2019-11-07 16:53:05]TIMES:335 rmnet0:38188 275 0 0 0 0 0 0 31632 300 0 0 0 0 0 0
[2019-11-07 16:53:05]TIMES:335 rmnet_data0:15751 54 0 0 0 0 0 0 3912 51 0 0 0 0 0 0
[2019-11-07 16:53:05]TIMES:335 GNSS:22576652 113917045 299000000 46000000 0 0 1 0
[2019-11-07 16:53:10]TIMES:340 CPU USE:19 3 16 0
[2019-11-07 16:53:10]TIMES:340 CPU0 USE:19 3 16 0
[2019-11-07 16:53:10]TIMES:340 SERIAL0:153 1924 2994
[2019-11-07 16:53:10]TIMES:340 GNSS:22576656 113917045 299000000 28000000 0 0 1 0
[2019-11-07 16:53:15]TIMES:345 ZONE3 TEMP:46
[2019-11-07 16:53:15]TIMES:345 CPU USE:17 4 13 0
[2019-11-07 16:53:15]TIMES:345 CPU0 USE:17 4 13 0
[2019-11-07 16:53:15]TIMES:345 SERIAL0:153 1952 3008
[2019-11-07 16:53:15]TIMES:345 rmnet0:38268 276 0 0 0 0 0 0 31752 302 0 0 0 0 0 0
[2019-11-07 16:53:15]TIMES:345 rmnet_data1:20236 222 0 0 0 0 0 0 27840 251 0 0 0 0 0 0
[2019-11-07 16:53:15]TIMES:345 GNSS:22576659 113917043 300000000 27000000 0 0 1 0
[2019-11-07 16:53:20]TIMES:350 CPU USE:16 3 13 0
[2019-11-07 16:53:20]TIMES:350 CPU0 USE:16 3 13 0
[2019-11-07 16:53:20]TIMES:350 SERIAL0:153 1976 3025
[2019-11-07 16:53:20]TIMES:350 GNSS:22576662 113917040 300000000 26000000 0 0 1 0
[2019-11-07 16:53:25]TIMES:355 ZONE0 TEMP:44
[2019-11-07 16:53:25]TIMES:355 ZONE1 TEMP:41
[2019-11-07 16:53:25]TIMES:355 ZONE2 TEMP:44
[2019-11-07 16:53:25]TIMES:355 ZONE3 TEMP:42
[2019-11-07 16:53:25]TIMES:355 ZONE4 TEMP:41
[2019-11-07 16:53:25]TIMES:355 CPU USE:19 4 15 0
[2019-11-07 16:53:25]TIMES:355 CPU0 USE:19 4 15 0
[2019-11-07 16:53:25]TIMES:355 SERIAL0:153 2004 3039
[2019-11-07 16:53:25]TIMES:355 GNSS:22576663 113917036 300000000 24000000 0 0 1 0
[2019-11-07 16:53:30]TIMES:360 ZONE0 TEMP:45
[2019-11-07 16:53:30]TIMES:360 ZONE1 TEMP:43
[2019-11-07 16:53:30]TIMES:360 ZONE2 TEMP:46
[2019-11-07 16:53:30]TIMES:360 ZONE3 TEMP:44
[2019-11-07 16:53:30]TIMES:360 ZONE4 TEMP:42
[2019-11-07 16:53:30]TIMES:360 ZONE5 TEMP:44
[2019-11-07 16:53:30]TIMES:360 ZONE6 TEMP:37
[2019-11-07 16:53:30]TIMES:360 CPU USE:17 2 15 0
[2019-11-07 16:53:30]TIMES:360 CPU0 USE:17 2 15 0
[2019-11-07 16:53:30]TIMES:360 SERIAL0:153 2028 3056
[2019-11-07 16:53:30]TIMES:360 rmnet0:38408 278 0 0 0 0 0 0 33192 304 0 0 0 0 0 0
[2019-11-07 16:53:30]TIMES:360 rmnet_data1:20360 224 0 0 0 0 0 0 29280 253 0 0 0 0 0 0
[2019-11-07 16:53:30]TIMES:360 GNSS:22576668 113917033 301000000 23000000 0 0 1 0
[2019-11-07 16:53:35]TIMES:365 ZONE0 TEMP:46
[2019-11-07 16:53:35]TIMES:365 ZONE1 TEMP:45
[2019-11-07 16:53:35]TIMES:365 ZONE2 TEMP:48
[2019-11-07 16:53:35]TIMES:365 ZONE3 TEMP:45
[2019-11-07 16:53:35]TIMES:365 ZONE4 TEMP:43
[2019-11-07 16:53:35]TIMES:365 ZONE6 TEMP:38
[2019-11-07 16:53:35]TIMES:365 MEM FREE:93 30
[2019-11-07 16:53:35]TIMES:365 CPU USE:41 10 31 0
[2019-11-07 16:53:35]TIMES:365 CPU0 USE:41 10 31 0
[2019-11-07 16:53:35]TIMES:365 SERIAL0:153 2042 3070
[2019-11-07 16:53:35]TIMES:365 rmnet0:39716 292 0 0 0 0 0 0 34244 318 0 0 0 0 0 0
[2019-11-07 16:53:35]TIMES:365 rmnet_data1:20891 231 0 0 0 0 0 0 29840 260 0 0 0 0 0 0
[2019-11-07 16:53:35]TIMES:365 rmnet_data0:16407 61 0 0 0 0 0 0 4404 58 0 0 0 0 0 0
[2019-11-07 16:53:35]TIMES:365 GNSS:22576670 113917031 302000000 23000000 0 0 1 0
[2019-11-07 16:53:40]TIMES:370 CPU USE:18 4 14 0
[2019-11-07 16:53:40]TIMES:370 CPU0 USE:18 4 14 0
[2019-11-07 16:53:40]TIMES:370 SERIAL0:153 2080 3087
[2019-11-07 16:53:40]TIMES:370 rmnet0:40176 297 0 0 0 0 0 0 34684 323 0 0 0 0 0 0
[2019-11-07 16:53:40]TIMES:370 rmnet_data1:21311 236 0 0 0 0 0 0 30280 265 0 0 0 0 0 0
[2019-11-07 16:53:40]TIMES:370 GNSS:22576671 113917027 303000000 23000000 0 0 1 0
[2019-11-07 16:53:45]TIMES:375 ZONE5 TEMP:45
[2019-11-07 16:53:45]TIMES:375 CPU USE:17 2 15 0
[2019-11-07 16:53:45]TIMES:375 CPU0 USE:17 2 15 0
[2019-11-07 16:53:45]TIMES:375 SERIAL0:153 2094 3101
[2019-11-07 16:53:45]TIMES:375 rmnet0:40636 302 0 0 0 0 0 0 35124 328 0 0 0 0 0 0
[2019-11-07 16:53:45]TIMES:375 rmnet_data1:21731 241 0 0 0 0 0 0 30720 270 0 0 0 0 0 0
[2019-11-07 16:53:45]TIMES:375 GNSS:22576672 113917023 303000000 22000000 0 0 1 0
[2019-11-07 16:53:50]TIMES:380 ZONE5 TEMP:44
[2019-11-07 16:53:50]TIMES:380 CPU USE:16 5 11 0
[2019-11-07 16:53:50]TIMES:380 CPU0 USE:16 5 11 0
[2019-11-07 16:53:50]TIMES:380 SERIAL0:153 2132 3118
[2019-11-07 16:53:50]TIMES:380 rmnet0:41096 307 0 0 0 0 0 0 35564 333 0 0 0 0 0 0
[2019-11-07 16:53:50]TIMES:380 rmnet_data1:22151 246 0 0 0 0 0 0 31160 275 0 0 0 0 0 0
[2019-11-07 16:53:50]TIMES:380 GNSS:22576673 113917019 303000000 23000000 0 0 1 0
[2019-11-07 16:53:55]TIMES:385 ZONE3 TEMP:46
[2019-11-07 16:53:55]TIMES:385 ZONE4 TEMP:44
[2019-11-07 16:53:55]TIMES:385 ZONE5 TEMP:45
[2019-11-07 16:53:55]TIMES:385 CPU USE:16 3 13 0
[2019-11-07 16:53:55]TIMES:385 CPU0 USE:16 3 13 0
[2019-11-07 16:53:55]TIMES:385 SERIAL0:153 2146 3132
[2019-11-07 16:53:55]TIMES:385 rmnet0:41636 313 0 0 0 0 0 0 36124 340 0 0 0 0 0 0
[2019-11-07 16:53:55]TIMES:385 rmnet_data1:22642 252 0 0 0 0 0 0 31720 282 0 0 0 0 0 0
[2019-11-07 16:53:55]TIMES:385 GNSS:22576671 113917017 303000000 25000000 0 0 1 0
[2019-11-07 16:54:00]TIMES:390 CPU USE:23 6 17 0
[2019-11-07 16:54:00]TIMES:390 CPU0 USE:23 6 17 0
[2019-11-07 16:54:00]TIMES:390 SERIAL0:153 2184 3154
[2019-11-07 16:54:00]TIMES:390 rmnet0:42308 320 0 0 0 0 0 0 36704 347 0 0 0 0 0 0
[2019-11-07 16:54:00]TIMES:390 rmnet_data1:23062 257 0 0 0 0 0 0 32160 287 0 0 0 0 0 0
[2019-11-07 16:54:00]TIMES:390 rmnet_data0:16603 63 0 0 0 0 0 0 4544 60 0 0 0 0 0 0
[2019-11-07 16:54:00]TIMES:390 GNSS:22576670 113917014 303000000 21000000 0 0 1 0
[2019-11-07 16:54:05]TIMES:395 CPU USE:15 4 11 0
[2019-11-07 16:54:05]TIMES:395 CPU0 USE:15 4 11 0
[2019-11-07 16:54:05]TIMES:395 SERIAL0:153 2198 3168
[2019-11-07 16:54:05]TIMES:395 bridge0:0 0 0 0 0 0 0 0 1668 21 0 0 0 0 0 0
[2019-11-07 16:54:05]TIMES:395 rmnet0:42768 325 0 0 0 0 0 0 37144 352 0 0 0 0 0 0
[2019-11-07 16:54:05]TIMES:395 rmnet_data1:23482 262 0 0 0 0 0 0 32600 292 0 0 0 0 0 0
[2019-11-07 16:54:05]TIMES:395 NET MODE:5 -72 -102
[2019-11-07 16:54:05]TIMES:395 GNSS:22576667 113917012 302000000 18000000 0 0 1 0
[2019-11-07 16:54:10]TIMES:400 ZONE4 TEMP:43
[2019-11-07 16:54:10]TIMES:400 CPU USE:28 6 22 0
[2019-11-07 16:54:10]TIMES:400 CPU0 USE:28 6 22 0
[2019-11-07 16:54:10]TIMES:400 SERIAL0:153 2236 3185
[2019-11-07 16:54:10]TIMES:400 bridge0:0 0 0 0 0 0 0 0 1812 23 0 0 0 0 0 0
[2019-11-07 16:54:10]TIMES:400 rmnet0:43492 332 0 0 0 0 0 0 37720 359 0 0 0 0 0 0
[2019-11-07 16:54:10]TIMES:400 rmnet_data1:23902 267 0 0 0 0 0 0 33040 297 0 0 0 0 0 0
[2019-11-07 16:54:10]TIMES:400 rmnet_data0:16851 65 0 0 0 0 0 0 4680 62 0 0 0 0 0 0
[2019-11-07 16:54:10]TIMES:400 GNSS:22576666 113917012 303000000 17000000 0 0 1 0
[2019-11-07 16:54:15]TIMES:405 CPU USE:15 3 12 0
[2019-11-07 16:54:15]TIMES:405 CPU0 USE:15 3 12 0
[2019-11-07 16:54:15]TIMES:405 SERIAL0:153 2250 3199
[2019-11-07 16:54:15]TIMES:405 rmnet0:44032 338 0 0 0 0 0 0 38280 366 0 0 0 0 0 0
[2019-11-07 16:54:15]TIMES:405 rmnet_data1:24393 273 0 0 0 0 0 0 33600 304 0 0 0 0 0 0
[2019-11-07 16:54:15]TIMES:405 GNSS:22576664 113917011 302000000 15000000 0 0 1 0
[2019-11-07 16:54:20]TIMES:410 MEM FREE:93 31
[2019-11-07 16:54:20]TIMES:410 CPU USE:14 2 12 0
[2019-11-07 16:54:20]TIMES:410 CPU0 USE:14 2 12 0
[2019-11-07 16:54:20]TIMES:410 SERIAL0:153 2274 3216
[2019-11-07 16:54:20]TIMES:410 rmnet0:44492 343 0 0 0 0 0 0 38720 371 0 0 0 0 0 0
[2019-11-07 16:54:20]TIMES:410 rmnet_data1:24813 278 0 0 0 0 0 0 34040 309 0 0 0 0 0 0
[2019-11-07 16:54:20]TIMES:410 GNSS:22576667 113917016 302000000 14000000 0 0 1 0
[2019-11-07 16:54:25]TIMES:415 ZONE3 TEMP:45
[2019-11-07 16:54:25]TIMES:415 ZONE5 TEMP:44
[2019-11-07 16:54:25]TIMES:415 MEM FREE:93 30
[2019-11-07 16:54:25]TIMES:415 CPU USE:17 3 14 0
[2019-11-07 16:54:25]TIMES:415 CPU0 USE:17 3 14 0
[2019-11-07 16:54:25]TIMES:415 SERIAL0:153 2302 3235
[2019-11-07 16:54:25]TIMES:415 rmnet0:44952 348 0 0 0 0 0 0 39160 376 0 0 0 0 0 0
[2019-11-07 16:54:25]TIMES:415 rmnet_data1:25233 283 0 0 0 0 0 0 34480 314 0 0 0 0 0 0
[2019-11-07 16:54:25]TIMES:415 NET MODE:5 -68 -102
[2019-11-07 16:54:25]TIMES:415 GNSS:22576669 113917022 303000000 16000000 0 0 1 0
[2019-11-07 16:54:30]TIMES:420 ZONE3 TEMP:46
[2019-11-07 16:54:30]TIMES:420 ZONE5 TEMP:45
[2019-11-07 16:54:30]TIMES:420 CPU USE:18 4 14 0
[2019-11-07 16:54:30]TIMES:420 CPU0 USE:18 4 14 0
[2019-11-07 16:54:30]TIMES:420 SERIAL0:153 2326 3278
[2019-11-07 16:54:30]TIMES:420 rmnet0:45460 354 0 0 0 0 0 0 40916 382 0 0 0 0 0 0
[2019-11-07 16:54:30]TIMES:420 rmnet_data1:25693 289 0 0 0 0 0 0 36236 320 0 0 0 0 0 0
[2019-11-07 16:54:30]TIMES:420 NET MODE:5 -74 -101
[2019-11-07 16:54:30]TIMES:420 GNSS:22576682 113916999 299000000 16000000 0 0 1 0
[2019-11-07 16:54:35]TIMES:425 ZONE3 TEMP:45
[2019-11-07 16:54:35]TIMES:425 CPU USE:15 3 12 0
[2019-11-07 16:54:35]TIMES:425 CPU0 USE:15 3 12 0
[2019-11-07 16:54:35]TIMES:425 SERIAL0:153 2354 3300
[2019-11-07 16:54:35]TIMES:425 rmnet0:46048 361 0 0 0 0 0 0 41476 389 0 0 0 0 0 0
[2019-11-07 16:54:35]TIMES:425 rmnet_data1:26224 296 0 0 0 0 0 0 36796 327 0 0 0 0 0 0
[2019-11-07 16:54:35]TIMES:425 GNSS:22576680 113916996 296000000 18000000 0 0 1 0
[2019-11-07 16:54:40]TIMES:430 ZONE3 TEMP:46
[2019-11-07 16:54:40]TIMES:430 CPU USE:31 7 24 0
[2019-11-07 16:54:40]TIMES:430 CPU0 USE:31 7 24 0
[2019-11-07 16:54:40]TIMES:430 SERIAL0:153 2378 3349
[2019-11-07 16:54:40]TIMES:430 rmnet0:46772 368 0 0 0 0 0 0 42052 396 0 0 0 0 0 0
[2019-11-07 16:54:40]TIMES:430 rmnet_data1:26644 301 0 0 0 0 0 0 37236 332 0 0 0 0 0 0
[2019-11-07 16:54:40]TIMES:430 rmnet_data0:17099 67 0 0 0 0 0 0 4816 64 0 0 0 0 0 0
[2019-11-07 16:54:40]TIMES:430 GNSS:22576657 113916982 293000000 19000000 0 0 1 0
[2019-11-07 16:54:45]TIMES:435 CPU USE:16 3 13 0
[2019-11-07 16:54:45]TIMES:435 CPU0 USE:16 3 13 0
[2019-11-07 16:54:45]TIMES:435 SERIAL0:153 2406 3511
[2019-11-07 16:54:45]TIMES:435 rmnet0:47232 373 0 0 0 0 0 0 42492 401 0 0 0 0 0 0
[2019-11-07 16:54:45]TIMES:435 rmnet_data1:27064 306 0 0 0 0 0 0 37676 337 0 0 0 0 0 0
[2019-11-07 16:54:45]TIMES:435 NET MODE:5 -68 -101
[2019-11-07 16:54:45]TIMES:435 GNSS:22576648 113916993 292000000 18000000 0 0 1 0
[2019-11-07 16:54:50]TIMES:440 ZONE4 TEMP:44
[2019-11-07 16:54:50]TIMES:440 CPU USE:17 4 13 0
[2019-11-07 16:54:50]TIMES:440 CPU0 USE:17 4 13 0
[2019-11-07 16:54:50]TIMES:440 SERIAL0:153 2430 3724
[2019-11-07 16:54:50]TIMES:440 rmnet0:47692 378 0 0 0 0 0 0 42932 406 0 0 0 0 0 0
[2019-11-07 16:54:50]TIMES:440 rmnet_data1:27484 311 0 0 0 0 0 0 38116 342 0 0 0 0 0 0
[2019-11-07 16:54:50]TIMES:440 GNSS:22576661 113916980 297000000 22000000 0 0 1 0
[2019-11-07 16:54:55]TIMES:445 ZONE3 TEMP:45
[2019-11-07 16:54:55]TIMES:445 ZONE4 TEMP:43
[2019-11-07 16:54:55]TIMES:445 SERIAL0:153 2444 3866
[2019-11-07 16:54:55]TIMES:445 rmnet0:48152 383 0 0 0 0 0 0 43372 411 0 0 0 0 0 0
[2019-11-07 16:54:55]TIMES:445 rmnet_data1:27904 316 0 0 0 0 0 0 38556 347 0 0 0 0 0 0
[2019-11-07 16:54:55]TIMES:445 GNSS:22576722 113917095 304000000 24000000 0 0 1 0
[2019-11-07 16:55:00]TIMES:450 ZONE3 TEMP:46
[2019-11-07 16:55:00]TIMES:450 ZONE4 TEMP:44
[2019-11-07 16:55:00]TIMES:450 MEM FREE:93 31
[2019-11-07 16:55:00]TIMES:450 CPU USE:22 4 18 0
[2019-11-07 16:55:00]TIMES:450 CPU0 USE:22 4 18 0
[2019-11-07 16:55:00]TIMES:450 SERIAL0:153 2482 4584
[2019-11-07 16:55:00]TIMES:450 rmnet0:48600 388 0 0 0 0 0 0 43844 417 0 0 0 0 0 0
[2019-11-07 16:55:00]TIMES:450 rmnet_data1:28311 321 0 0 0 0 0 0 39028 353 0 0 0 0 0 0
[2019-11-07 16:55:00]TIMES:450 NET MODE:5 -74 -102
[2019-11-07 16:55:00]TIMES:450 GNSS:22576746 113917140 306000000 24000000 0 0 1 0
[2019-11-07 16:55:05]TIMES:455 CPU USE:16 3 13 0
[2019-11-07 16:55:05]TIMES:455 CPU0 USE:16 3 13 0
[2019-11-07 16:55:05]TIMES:455 SERIAL0:153 2496 5206
[2019-11-07 16:55:05]TIMES:455 GNSS:22576747 113917129 304000000 27000000 0 0 1 0
[2019-11-07 16:55:10]TIMES:460 ZONE0 TEMP:47
[2019-11-07 16:55:10]TIMES:460 MEM FREE:93 30
[2019-11-07 16:55:10]TIMES:460 CPU USE:34 9 25 0
[2019-11-07 16:55:10]TIMES:460 CPU0 USE:34 9 25 0
[2019-11-07 16:55:10]TIMES:460 SERIAL0:153 2534 5805
[2019-11-07 16:55:10]TIMES:460 rmnet0:48864 390 0 0 0 0 0 0 43980 419 0 0 0 0 0 0
[2019-11-07 16:55:10]TIMES:460 rmnet_data0:17347 69 0 0 0 0 0 0 4952 66 0 0 0 0 0 0
[2019-11-07 16:55:10]TIMES:460 NET MODE:5 -68 -101
[2019-11-07 16:55:10]TIMES:460 GNSS:22576747 113917129 304000000 32000000 0 0 1 0
[2019-11-07 16:55:15]TIMES:465 ZONE0 TEMP:46
[2019-11-07 16:55:15]TIMES:465 MEM FREE:93 31
[2019-11-07 16:55:15]TIMES:465 CPU USE:17 4 13 0
[2019-11-07 16:55:15]TIMES:465 CPU0 USE:17 4 13 0
[2019-11-07 16:55:15]TIMES:465 SERIAL0:153 2548 6634
[2019-11-07 16:55:15]TIMES:465 NET MODE:5 -74 -101
[2019-11-07 16:55:15]TIMES:465 GNSS:22576748 113917129 303000000 32000000 0 0 1 0
[2019-11-07 16:55:20]TIMES:470 CPU USE:20 4 16 0
[2019-11-07 16:55:20]TIMES:470 CPU0 USE:20 4 16 0
[2019-11-07 16:55:20]TIMES:470 SERIAL0:153 2572 7355
[2019-11-07 16:55:20]TIMES:470 rmnet0:48944 391 0 0 0 0 0 0 44100 421 0 0 0 0 0 0
[2019-11-07 16:55:20]TIMES:470 rmnet_data1:28382 322 0 0 0 0 0 0 39148 355 0 0 0 0 0 0
[2019-11-07 16:55:20]TIMES:470 GNSS:22576749 113917131 303000000 30000000 0 0 1 0
[2019-11-07 16:55:25]TIMES:475 ZONE4 TEMP:43
[2019-11-07 16:55:25]TIMES:475 CPU USE:16 2 14 0
[2019-11-07 16:55:25]TIMES:475 CPU0 USE:16 2 14 0
[2019-11-07 16:55:25]TIMES:475 SERIAL0:153 2600 7977
[2019-11-07 16:55:25]TIMES:475 NET MODE:5 -68 -102
[2019-11-07 16:55:25]TIMES:475 GNSS:22576749 113917131 302000000 26000000 0 0 1 0
[2019-11-07 16:55:30]TIMES:480 ZONE4 TEMP:44
[2019-11-07 16:55:30]TIMES:480 MEM FREE:93 30
[2019-11-07 16:55:30]TIMES:480 CPU USE:22 4 18 0
[2019-11-07 16:55:30]TIMES:480 CPU0 USE:22 4 18 0
[2019-11-07 16:55:30]TIMES:480 SERIAL0:153 2624 8836
[2019-11-07 16:55:30]TIMES:480 rmnet0:49084 393 0 0 0 0 0 0 45540 423 0 0 0 0 0 0
[2019-11-07 16:55:30]TIMES:480 rmnet_data1:28506 324 0 0 0 0 0 0 40588 357 0 0 0 0 0 0
[2019-11-07 16:55:30]TIMES:480 NET MODE:5 -74 -101
[2019-11-07 16:55:30]TIMES:480 GNSS:22576750 113917132 302000000 24000000 0 0 1 0
[2019-11-07 16:55:35]TIMES:485 CPU USE:18 4 14 0
[2019-11-07 16:55:35]TIMES:485 CPU0 USE:18 4 14 0
[2019-11-07 16:55:35]TIMES:485 SERIAL0:153 2652 9617
[2019-11-07 16:55:35]TIMES:485 rmnet0:49544 398 0 0 0 0 0 0 45980 428 0 0 0 0 0 0
[2019-11-07 16:55:35]TIMES:485 rmnet_data1:28926 329 0 0 0 0 0 0 41028 362 0 0 0 0 0 0
[2019-11-07 16:55:35]TIMES:485 GNSS:22576751 113917132 302000000 21000000 0 0 1 0
[2019-11-07 16:55:40]TIMES:490 CPU USE:17 3 14 0
[2019-11-07 16:55:40]TIMES:490 CPU0 USE:17 3 14 0
[2019-11-07 16:55:40]TIMES:490 SERIAL0:153 2676 10070
[2019-11-07 16:55:40]TIMES:490 rmnet0:50132 405 0 0 0 0 0 0 46540 435 0 0 0 0 0 0
[2019-11-07 16:55:40]TIMES:490 rmnet_data1:29457 336 0 0 0 0 0 0 41588 369 0 0 0 0 0 0
[2019-11-07 16:55:40]TIMES:490 GNSS:22576788 113917215 296000000 19000000 0 0 1 0
[2019-11-07 16:55:45]TIMES:495 CPU USE:34 7 27 0
[2019-11-07 16:55:45]TIMES:495 CPU0 USE:34 7 27 0
[2019-11-07 16:55:45]TIMES:495 SERIAL0:153 2690 10603
[2019-11-07 16:55:45]TIMES:495 rmnet0:50856 412 0 0 0 0 0 0 47116 442 0 0 0 0 0 0
[2019-11-07 16:55:45]TIMES:495 rmnet_data1:29877 341 0 0 0 0 0 0 42028 374 0 0 0 0 0 0
[2019-11-07 16:55:45]TIMES:495 rmnet_data0:17595 71 0 0 0 0 0 0 5088 68 0 0 0 0 0 0
[2019-11-07 16:55:45]TIMES:495 GNSS:22576821 113917310 293000000 19000000 0 0 1 0
