[1980-01-06 08:00:16]sleep:5
[1980-01-06 08:00:16]change:1
[1980-01-06 08:00:16]address:
[1980-01-06 08:00:16]time:0
[1980-01-06 08:00:16]size:5
[1980-01-06 08:00:16]Oct 31 2019 14:30:13
[1980-01-06 08:00:21]TIMES:0 ZONE0 TEMP:44
[1980-01-06 08:00:21]TIMES:0 ZONE1 TEMP:41
[1980-01-06 08:00:21]TIMES:0 ZONE2 TEMP:43
[1980-01-06 08:00:21]TIMES:0 ZONE3 TEMP:42
[1980-01-06 08:00:21]TIMES:0 ZONE4 TEMP:41
[1980-01-06 08:00:21]TIMES:0 ZONE5 TEMP:44
[1980-01-06 08:00:21]TIMES:0 ZONE6 TEMP:37
[1980-01-06 08:00:21]TIMES:0 MEM FREE:94 35
[1980-01-06 08:00:21]TIMES:0 CPU0 FREQ:806400
[1980-01-06 08:00:21]TIMES:0 SERIAL0:153 152 836
[1980-01-06 08:00:21]TIMES:0 SERIAL1:151 0 0
[1980-01-06 08:00:21]TIMES:0 bridge0:0 0 0 0 0 0 0 0 640 7 0 0 0 0 0 0
[1980-01-06 08:00:21]TIMES:0 NET DELAY:-500
[1980-01-06 08:00:26]TIMES:5 ZONE0 TEMP:46
[1980-01-06 08:00:26]TIMES:5 ZONE1 TEMP:45
[1980-01-06 08:00:26]TIMES:5 ZONE2 TEMP:48
[1980-01-06 08:00:26]TIMES:5 ZONE3 TEMP:45
[1980-01-06 08:00:26]TIMES:5 ZONE4 TEMP:44
[1980-01-06 08:00:26]TIMES:5 ZONE5 TEMP:100
[1980-01-06 08:00:26]TIMES:5 MEM FREE:92 31
[1980-01-06 08:00:26]TIMES:5 CPU USE:61 16 45 0
[1980-01-06 08:00:26]TIMES:5 CPU0 USE:61 16 45 0
[1980-01-06 08:00:26]TIMES:5 SERIAL0:153 190 1284
[1980-01-06 08:00:26]TIMES:5 rmnet0:0 0 0 0 0 0 0 0 696 9 0 0 0 0 0 0
[1980-01-06 08:00:26]TIMES:5 rmnet_data1:0 0 0 0 0 0 0 0 308 4 0 0 0 0 0 0
[1980-01-06 08:00:26]TIMES:5 rmnet_data0:0 0 0 0 0 0 0 0 388 5 0 0 0 0 0 0
[1980-01-06 08:00:31]TIMES:10 ZONE3 TEMP:46
[1980-01-06 08:00:31]TIMES:10 ZONE5 TEMP:44
[1980-01-06 08:00:31]TIMES:10 MEM FREE:93 31
[1980-01-06 08:00:31][H[JMem: 126192K used, 30800K free, 48K shrd, 0K buff, 62776K cached
STAT     %CPU     COMMAND[0m
R     17.6     process-service
S     11.7     data-service
3080     top     -n1
S     5.8     modem-service
S     5.8     mcu-service
S     5.8     QCMAP_APCTL

[1980-01-06 08:00:31]TIMES:10 CPU USE:95 23 72 0
[1980-01-06 08:00:32][H[JMem: 125444K used, 31548K free, 48K shrd, 0K buff, 62776K cached
STAT     %CPU     COMMAND[0m
S     11.7     power-service
S     5.8     modem-service
S     5.8     rescue-service
S     5.8     data-service
S     5.8     process-service
3080     top     -n1

[1980-01-06 08:00:32]TIMES:10 CPU0 USE:95 23 72 0
[1980-01-06 08:00:32]TIMES:10 SERIAL0:153 214 2035
[1980-01-06 08:00:32]TIMES:10 rmnet0:2968 17 0 0 0 0 0 0 2932 28 0 0 0 0 0 0
[1980-01-06 08:00:32]TIMES:10 rmnet_data1:0 0 0 0 0 0 0 0 916 8 0 0 0 0 0 0
[1980-01-06 08:00:32]TIMES:10 rmnet_data0:2807 17 0 0 0 0 0 0 2016 20 0 0 0 0 0 0
[1980-01-06 08:00:32]TIMES:10 NET MODE:5 -50 -85
[1980-01-06 08:00:37]TIMES:15 ZONE2 TEMP:47
[1980-01-06 08:00:37]TIMES:15 ZONE3 TEMP:45
[1980-01-06 08:00:37]TIMES:15 ZONE4 TEMP:43
[1980-01-06 08:00:37]TIMES:15 CPU USE:40 12 28 0
[1980-01-06 08:00:37]TIMES:15 CPU0 USE:40 12 28 0
[1980-01-06 08:00:37]TIMES:15 SERIAL0:153 228 2316
[1980-01-06 08:00:37]TIMES:15 bridge0:0 0 0 0 0 0 0 0 712 8 0 0 0 0 0 0
[1980-01-06 08:00:37]TIMES:15 rmnet0:3360 21 0 0 0 0 0 0 3312 32 0 0 0 0 0 0
[1980-01-06 08:00:37]TIMES:15 rmnet_data1:0 0 0 0 0 0 0 0 1092 9 0 0 0 0 0 0
[1980-01-06 08:00:37]TIMES:15 rmnet_data0:3162 21 0 0 0 0 0 0 2220 23 0 0 0 0 0 0
[1980-01-06 08:00:42]TIMES:20 ZONE6 TEMP:38
[1980-01-06 08:00:42]TIMES:20 CPU USE:31 13 18 0
[1980-01-06 08:00:42]TIMES:20 CPU0 USE:31 13 18 0
[1980-01-06 08:00:42]TIMES:20 SERIAL0:153 266 2932
[1980-01-06 08:00:42]TIMES:20 bridge0:0 0 0 0 0 0 0 0 856 10 0 0 0 0 0 0
[1980-01-06 08:00:42]TIMES:20 rmnet0:5500 31 0 0 0 0 0 0 4688 44 0 0 0 0 0 0
[1980-01-06 08:00:42]TIMES:20 rmnet_data1:1752 7 0 0 0 0 0 0 2324 19 0 0 0 0 0 0
[1980-01-06 08:00:42]TIMES:20 rmnet_data0:3463 24 0 0 0 0 0 0 2364 25 0 0 0 0 0 0
[2019-11-07 16:56:50]TIMES:25 ZONE2 TEMP:48
[2019-11-07 16:56:50]TIMES:25 ZONE4 TEMP:44
[2019-11-07 16:56:50]TIMES:25 CPU USE:26 8 18 0
[2019-11-07 16:56:50]TIMES:25 CPU0 USE:26 8 18 0
[2019-11-07 16:56:50]TIMES:25 SERIAL0:153 306 3752
[2019-11-07 16:56:50]TIMES:25 bridge0:0 0 0 0 0 0 0 0 928 11 0 0 0 0 0 0
[2019-11-07 16:56:50]TIMES:25 rmnet0:8080 44 0 0 0 0 0 0 6588 58 0 0 0 0 0 0
[2019-11-07 16:56:50]TIMES:25 rmnet_data1:3800 16 0 0 0 0 0 0 4080 31 0 0 0 0 0 0
[2019-11-07 16:56:50]TIMES:25 rmnet_data0:3878 28 0 0 0 0 0 0 2508 27 0 0 0 0 0 0
[2019-11-07 16:56:50]TIMES:25 GNSS:22575442 113917054 187000000 43000000 0 0 1 0
[2019-11-07 16:56:55]TIMES:30 ZONE2 TEMP:47
[2019-11-07 16:56:55]TIMES:30 MEM FREE:93 30
[2019-11-07 16:56:55]TIMES:30 CPU USE:24 9 15 0
[2019-11-07 16:56:55]TIMES:30 CPU0 USE:24 9 15 0
[2019-11-07 16:56:55]TIMES:30 SERIAL0:153 358 4740
[2019-11-07 16:56:55]TIMES:30 rmnet0:8208 46 0 0 0 0 0 0 6708 60 0 0 0 0 0 0
[2019-11-07 16:56:55]TIMES:30 rmnet_data1:3911 18 0 0 0 0 0 0 4200 33 0 0 0 0 0 0
[2019-11-07 16:56:55]TIMES:30 GNSS:22575623 113916999 227000000 26000000 54500000 250000 1 0
[2019-11-07 16:57:01]TIMES:35 ZONE4 TEMP:43
[2019-11-07 16:57:01]TIMES:35 MEM FREE:93 31
[2019-11-07 16:57:01]TIMES:35 CPU USE:22 5 17 0
[2019-11-07 16:57:01]TIMES:35 CPU0 USE:22 5 17 0
[2019-11-07 16:57:01]TIMES:35 SERIAL0:153 372 5589
[2019-11-07 16:57:01]TIMES:35 GNSS:22575580 113916929 263000000 29000000 0 0 1 0
[2019-11-07 16:57:06]TIMES:40 ZONE0 TEMP:45
[2019-11-07 16:57:06]TIMES:40 ZONE1 TEMP:42
[2019-11-07 16:57:06]TIMES:40 ZONE2 TEMP:45
[2019-11-07 16:57:06]TIMES:40 ZONE3 TEMP:43
[2019-11-07 16:57:06]TIMES:40 ZONE4 TEMP:42
[2019-11-07 16:57:06]TIMES:40 CPU USE:24 7 17 0
[2019-11-07 16:57:06]TIMES:40 CPU0 USE:24 7 17 0
[2019-11-07 16:57:06]TIMES:40 SERIAL0:153 396 6601
[2019-11-07 16:57:06]TIMES:40 GNSS:22575571 113916899 278000000 31000000 0 0 1 0
[2019-11-07 16:57:11]TIMES:45 ZONE1 TEMP:44
[2019-11-07 16:57:11]TIMES:45 ZONE2 TEMP:47
[2019-11-07 16:57:11]TIMES:45 ZONE3 TEMP:45
[2019-11-07 16:57:11]TIMES:45 ZONE4 TEMP:43
[2019-11-07 16:57:11]TIMES:45 ZONE6 TEMP:37
[2019-11-07 16:57:11]TIMES:45 CPU USE:35 9 26 0
[2019-11-07 16:57:11]TIMES:45 CPU0 USE:35 9 26 0
[2019-11-07 16:57:11]TIMES:45 SERIAL0:153 424 7538
[2019-11-07 16:57:11]TIMES:45 rmnet0:8472 48 0 0 0 0 0 0 6844 62 0 0 0 0 0 0
[2019-11-07 16:57:11]TIMES:45 rmnet_data0:4126 30 0 0 0 0 0 0 2644 29 0 0 0 0 0 0
[2019-11-07 16:57:11]TIMES:45 GNSS:22575838 113916876 251000000 26000000 0 0 1 0
[2019-11-07 16:57:16]TIMES:50 ZONE0 TEMP:46
[2019-11-07 16:57:16]TIMES:50 ZONE1 TEMP:45
[2019-11-07 16:57:16]TIMES:50 ZONE6 TEMP:38
[2019-11-07 16:57:16]TIMES:50 CPU USE:22 5 17 0
[2019-11-07 16:57:16]TIMES:50 CPU0 USE:22 5 17 0
[2019-11-07 16:57:16]TIMES:50 SERIAL0:153 448 8347
[2019-11-07 16:57:16]TIMES:50 rmnet0:8552 49 0 0 0 0 0 0 6964 64 0 0 0 0 0 0
[2019-11-07 16:57:16]TIMES:50 rmnet_data1:3982 19 0 0 0 0 0 0 4320 35 0 0 0 0 0 0
[2019-11-07 16:57:16]TIMES:50 GNSS:22575844 113916859 258000000 30000000 0 0 1 0
[2019-11-07 16:57:21]TIMES:55 ZONE2 TEMP:48
[2019-11-07 16:57:21]TIMES:55 CPU USE:20 6 14 0
[2019-11-07 16:57:21]TIMES:55 CPU0 USE:20 6 14 0
[2019-11-07 16:57:21]TIMES:55 SERIAL0:153 476 9265
[2019-11-07 16:57:21]TIMES:55 GNSS:22575850 113916852 262000000 32000000 0 0 1 0
[2019-11-07 16:57:26]TIMES:60 ZONE3 TEMP:46
[2019-11-07 16:57:26]TIMES:60 ZONE4 TEMP:44
[2019-11-07 16:57:26]TIMES:60 CPU USE:20 4 16 0
[2019-11-07 16:57:26]TIMES:60 CPU0 USE:20 4 16 0
[2019-11-07 16:57:26]TIMES:60 SERIAL0:153 500 10164
[2019-11-07 16:57:26]TIMES:60 rmnet0:8552 49 0 0 0 0 0 0 8108 65 0 0 0 0 0 0
[2019-11-07 16:57:26]TIMES:60 rmnet_data1:3982 19 0 0 0 0 0 0 5464 36 0 0 0 0 0 0
[2019-11-07 16:57:26]TIMES:60 GNSS:22575853 113916850 263000000 35000000 0 0 1 0
[2019-11-07 16:57:31]TIMES:65 ZONE3 TEMP:45
[2019-11-07 16:57:31]TIMES:65 ZONE4 TEMP:43
[2019-11-07 16:57:31]TIMES:65 MEM FREE:93 30
[2019-11-07 16:57:31]TIMES:65 CPU USE:22 4 18 0
[2019-11-07 16:57:31]TIMES:65 CPU0 USE:22 4 18 0
[2019-11-07 16:57:31]TIMES:65 SERIAL0:153 514 11006
[2019-11-07 16:57:31]TIMES:65 rmnet0:8600 50 0 0 0 0 0 0 8108 65 0 0 0 0 0 0
[2019-11-07 16:57:31]TIMES:65 rmnet_data1:4022 20 0 0 0 0 0 0 5464 36 0 0 0 0 0 0
[2019-11-07 16:57:31]TIMES:65 NET MODE:5 -54 -85
[2019-11-07 16:57:31]TIMES:65 GNSS:22575854 113916848 264000000 36000000 0 0 1 0
[2019-11-07 16:57:36]TIMES:70 CPU USE:20 4 16 0
[2019-11-07 16:57:36]TIMES:70 CPU0 USE:20 4 16 0
[2019-11-07 16:57:36]TIMES:70 SERIAL0:153 552 11446
[2019-11-07 16:57:36]TIMES:70 rmnet0:8728 52 0 0 0 0 0 0 8228 67 0 0 0 0 0 0
[2019-11-07 16:57:36]TIMES:70 rmnet_data1:4133 22 0 0 0 0 0 0 5584 38 0 0 0 0 0 0
[2019-11-07 16:57:36]TIMES:70 NET MODE:5 -49 -85
[2019-11-07 16:57:36]TIMES:70 GNSS:22576048 113917016 200000000 30000000 0 0 1 0
[2019-11-07 16:57:41]TIMES:75 ZONE3 TEMP:46
[2019-11-07 16:57:41]TIMES:75 ZONE4 TEMP:44
[2019-11-07 16:57:41]TIMES:75 ZONE5 TEMP:45
[2019-11-07 16:57:41]TIMES:75 CPU USE:23 4 19 0
[2019-11-07 16:57:41]TIMES:75 CPU0 USE:23 4 19 0
[2019-11-07 16:57:41]TIMES:75 SERIAL0:153 566 11480
[2019-11-07 16:57:41]TIMES:75 rmnet0:8908 54 0 0 0 0 0 0 8628 70 0 0 0 0 0 0
[2019-11-07 16:57:41]TIMES:75 rmnet_data1:4173 23 0 0 0 0 0 0 5848 39 0 0 0 0 0 0
[2019-11-07 16:57:41]TIMES:75 rmnet_data0:4250 31 0 0 0 0 0 0 2780 31 0 0 0 0 0 0
[2019-11-07 16:57:41]TIMES:75 GNSS:22576012 113917036 197000000 28000000 0 0 1 0
[2019-11-07 16:57:46]TIMES:80 ZONE3 TEMP:45
[2019-11-07 16:57:46]TIMES:80 ZONE4 TEMP:43
[2019-11-07 16:57:46]TIMES:80 CPU USE:20 6 14 0
[2019-11-07 16:57:46]TIMES:80 CPU0 USE:20 6 14 0
[2019-11-07 16:57:46]TIMES:80 SERIAL0:153 604 11499
[2019-11-07 16:57:46]TIMES:80 rmnet0:9040 55 0 0 0 0 0 0 8628 70 0 0 0 0 0 0
[2019-11-07 16:57:46]TIMES:80 rmnet_data0:4374 32 0 0 0 0 0 0 2780 31 0 0 0 0 0 0
[2019-11-07 16:57:46]TIMES:80 GNSS:22575991 113917037 195000000 37000000 0 0 1 0
[2019-11-07 16:57:51]TIMES:85 CPU USE:18 4 14 0
[2019-11-07 16:57:51]TIMES:85 CPU0 USE:18 4 14 0
[2019-11-07 16:57:51]TIMES:85 SERIAL0:153 618 11509
[2019-11-07 16:57:51]TIMES:85 GNSS:22575973 113917036 195000000 37000000 0 0 1 0
[2019-11-07 16:57:56]TIMES:90 ZONE0 TEMP:44
[2019-11-07 16:57:56]TIMES:90 ZONE1 TEMP:43
[2019-11-07 16:57:56]TIMES:90 ZONE2 TEMP:46
[2019-11-07 16:57:56]TIMES:90 ZONE3 TEMP:43
[2019-11-07 16:57:56]TIMES:90 ZONE4 TEMP:42
[2019-11-07 16:57:56]TIMES:90 ZONE5 TEMP:44
[2019-11-07 16:57:56]TIMES:90 CPU USE:16 3 13 0
[2019-11-07 16:57:56]TIMES:90 CPU0 USE:16 3 13 0
[2019-11-07 16:57:56]TIMES:90 SERIAL0:153 656 11522
[2019-11-07 16:57:56]TIMES:90 rmnet0:9040 55 0 0 0 0 0 0 8704 71 0 0 0 0 0 0
[2019-11-07 16:57:56]TIMES:90 rmnet_data1:4173 23 0 0 0 0 0 0 5924 40 0 0 0 0 0 0
[2019-11-07 16:57:56]TIMES:90 GNSS:22575983 113916971 193000000 33000000 0 0 1 0
[2019-11-07 16:58:01]TIMES:95 ZONE0 TEMP:46
[2019-11-07 16:58:01]TIMES:95 ZONE1 TEMP:45
[2019-11-07 16:58:01]TIMES:95 ZONE2 TEMP:47
[2019-11-07 16:58:01]TIMES:95 ZONE3 TEMP:45
[2019-11-07 16:58:01]TIMES:95 ZONE4 TEMP:43
[2019-11-07 16:58:01]TIMES:95 CPU USE:15 3 12 0
[2019-11-07 16:58:01]TIMES:95 CPU0 USE:15 3 12 0
[2019-11-07 16:58:01]TIMES:95 SERIAL0:153 670 11532
[2019-11-07 16:58:01]TIMES:95 rmnet0:9168 57 0 0 0 0 0 0 8748 72 0 0 0 0 0 0
[2019-11-07 16:58:01]TIMES:95 rmnet_data1:4284 25 0 0 0 0 0 0 5968 41 0 0 0 0 0 0
[2019-11-07 16:58:01]TIMES:95 GNSS:22575989 113916927 190000000 33000000 0 0 1 0
[2019-11-07 16:58:06]TIMES:100 ZONE2 TEMP:48
[2019-11-07 16:58:06]TIMES:100 CPU USE:18 3 15 0
[2019-11-07 16:58:06]TIMES:100 CPU0 USE:18 3 15 0
[2019-11-07 16:58:06]TIMES:100 SERIAL0:153 694 11545
[2019-11-07 16:58:06]TIMES:100 GNSS:22576005 113916897 191000000 39000000 328700000 282842 1 0
[2019-11-07 16:58:11]TIMES:105 ZONE0 TEMP:44
[2019-11-07 16:58:11]TIMES:105 ZONE1 TEMP:41
[2019-11-07 16:58:11]TIMES:105 ZONE2 TEMP:43
[2019-11-07 16:58:11]TIMES:105 ZONE3 TEMP:42
[2019-11-07 16:58:11]TIMES:105 ZONE4 TEMP:41
[2019-11-07 16:58:11]TIMES:105 CPU USE:14 3 11 0
[2019-11-07 16:58:11]TIMES:105 CPU0 USE:14 3 11 0
[2019-11-07 16:58:11]TIMES:105 SERIAL0:153 722 11555
[2019-11-07 16:58:11]TIMES:105 GNSS:22575995 113916898 194000000 38000000 0 0 1 0
[2019-11-07 16:58:16]TIMES:110 ZONE0 TEMP:46
[2019-11-07 16:58:16]TIMES:110 ZONE1 TEMP:45
[2019-11-07 16:58:16]TIMES:110 ZONE2 TEMP:47
[2019-11-07 16:58:16]TIMES:110 ZONE3 TEMP:45
[2019-11-07 16:58:16]TIMES:110 ZONE4 TEMP:43
[2019-11-07 16:58:16]TIMES:110 ZONE6 TEMP:37
[2019-11-07 16:58:16]TIMES:110 CPU USE:31 7 24 0
[2019-11-07 16:58:16]TIMES:110 CPU0 USE:31 7 24 0
[2019-11-07 16:58:16]TIMES:110 SERIAL0:153 746 11568
[2019-11-07 16:58:16]TIMES:110 rmnet0:9432 59 0 0 0 0 0 0 8884 74 0 0 0 0 0 0
[2019-11-07 16:58:16]TIMES:110 rmnet_data0:4622 34 0 0 0 0 0 0 2916 33 0 0 0 0 0 0
[2019-11-07 16:58:16]TIMES:110 GNSS:22575984 113916892 194000000 43000000 0 0 1 0
[2019-11-07 16:58:21]TIMES:115 ZONE2 TEMP:48
[2019-11-07 16:58:21]TIMES:115 ZONE6 TEMP:38
[2019-11-07 16:58:21]TIMES:115 CPU USE:17 4 13 0
[2019-11-07 16:58:21]TIMES:115 CPU0 USE:17 4 13 0
[2019-11-07 16:58:21]TIMES:115 SERIAL0:153 774 11578
[2019-11-07 16:58:21]TIMES:115 rmnet0:9512 60 0 0 0 0 0 0 9004 76 0 0 0 0 0 0
[2019-11-07 16:58:21]TIMES:115 rmnet_data1:4355 26 0 0 0 0 0 0 6088 43 0 0 0 0 0 0
[2019-11-07 16:58:21]TIMES:115 GNSS:22575978 113916879 195000000 37000000 0 0 1 0
[2019-11-07 16:58:26]TIMES:120 ZONE3 TEMP:46
[2019-11-07 16:58:26]TIMES:120 ZONE4 TEMP:44
[2019-11-07 16:58:26]TIMES:120 CPU USE:18 4 14 0
[2019-11-07 16:58:26]TIMES:120 CPU0 USE:18 4 14 0
[2019-11-07 16:58:26]TIMES:120 SERIAL0:153 798 11591
[2019-11-07 16:58:26]TIMES:120 rmnet0:9512 60 0 0 0 0 0 0 10432 78 0 0 0 0 0 0
[2019-11-07 16:58:26]TIMES:120 rmnet_data1:4355 26 0 0 0 0 0 0 7428 44 0 0 0 0 0 0
[2019-11-07 16:58:26]TIMES:120 rmnet_data0:4622 34 0 0 0 0 0 0 3004 34 0 0 0 0 0 0
[2019-11-07 16:58:26]TIMES:120 GNSS:22576004 113916885 198000000 36000000 0 0 1 0
[2019-11-07 16:58:31]TIMES:125 ZONE4 TEMP:43
[2019-11-07 16:58:31]TIMES:125 ZONE5 TEMP:45
[2019-11-07 16:58:31]TIMES:125 CPU USE:16 4 12 0
[2019-11-07 16:58:31]TIMES:125 CPU0 USE:16 4 12 0
[2019-11-07 16:58:31]TIMES:125 SERIAL0:153 826 11601
[2019-11-07 16:58:31]TIMES:125 rmnet0:10112 67 0 0 0 0 0 0 10872 83 0 0 0 0 0 0
[2019-11-07 16:58:31]TIMES:125 rmnet_data1:4815 32 0 0 0 0 0 0 7868 49 0 0 0 0 0 0
[2019-11-07 16:58:31]TIMES:125 rmnet_data0:4706 35 0 0 0 0 0 0 3004 34 0 0 0 0 0 0
[2019-11-07 16:58:31]TIMES:125 NET MODE:5 -53 -87
[2019-11-07 16:58:31]TIMES:125 GNSS:22576006 113916886 200000000 31000000 0 0 1 0
[2019-11-07 16:58:36]TIMES:130 ZONE3 TEMP:45
[2019-11-07 16:58:36]TIMES:130 ZONE5 TEMP:44
[2019-11-07 16:58:36]TIMES:130 MEM FREE:92 30
[2019-11-07 16:58:36]TIMES:130 CPU USE:18 3 15 0
[2019-11-07 16:58:36]TIMES:130 CPU0 USE:18 3 15 0
[2019-11-07 16:58:36]TIMES:130 SERIAL0:153 850 11619
[2019-11-07 16:58:36]TIMES:130 rmnet0:10572 72 0 0 0 0 0 0 11312 88 0 0 0 0 0 0
[2019-11-07 16:58:36]TIMES:130 rmnet_data1:5235 37 0 0 0 0 0 0 8308 54 0 0 0 0 0 0
[2019-11-07 16:58:36]TIMES:130 GNSS:22576032 113916898 203000000 27000000 0 0 1 0
[2019-11-07 16:58:41]TIMES:135 ZONE3 TEMP:46
[2019-11-07 16:58:41]TIMES:135 ZONE4 TEMP:44
[2019-11-07 16:58:41]TIMES:135 ZONE5 TEMP:45
[2019-11-07 16:58:41]TIMES:135 CPU USE:17 4 13 0
[2019-11-07 16:58:41]TIMES:135 CPU0 USE:17 4 13 0
[2019-11-07 16:58:41]TIMES:135 SERIAL0:153 878 11634
[2019-11-07 16:58:41]TIMES:135 rmnet0:11160 79 0 0 0 0 0 0 11872 95 0 0 0 0 0 0
[2019-11-07 16:58:41]TIMES:135 rmnet_data1:5766 44 0 0 0 0 0 0 8868 61 0 0 0 0 0 0
[2019-11-07 16:58:41]TIMES:135 GNSS:22576036 113916886 204000000 24000000 0 0 1 0
[2019-11-07 16:58:46]TIMES:140 ZONE1 TEMP:46
[2019-11-07 16:58:46]TIMES:140 CPU USE:30 7 23 0
[2019-11-07 16:58:46]TIMES:140 CPU0 USE:30 7 23 0
[2019-11-07 16:58:46]TIMES:140 SERIAL0:153 902 11647
[2019-11-07 16:58:46]TIMES:140 rmnet0:11884 86 0 0 0 0 0 0 12448 102 0 0 0 0 0 0
[2019-11-07 16:58:46]TIMES:140 rmnet_data1:6186 49 0 0 0 0 0 0 9308 66 0 0 0 0 0 0
[2019-11-07 16:58:46]TIMES:140 rmnet_data0:4954 37 0 0 0 0 0 0 3140 36 0 0 0 0 0 0
[2019-11-07 16:58:46]TIMES:140 NET MODE:5 -49 -87
[2019-11-07 16:58:46]TIMES:140 GNSS:22576039 113916867 204000000 21000000 0 0 1 0
[2019-11-07 16:58:51]TIMES:145 ZONE1 TEMP:45
[2019-11-07 16:58:51]TIMES:145 CPU USE:18 3 15 0
[2019-11-07 16:58:51]TIMES:145 CPU0 USE:18 3 15 0
[2019-11-07 16:58:51]TIMES:145 SERIAL0:153 916 11657
[2019-11-07 16:58:51]TIMES:145 bridge0:0 0 0 0 0 0 0 0 1000 12 0 0 0 0 0 0
[2019-11-07 16:58:51]TIMES:145 rmnet0:12344 91 0 0 0 0 0 0 12976 108 0 0 0 0 0 0
[2019-11-07 16:58:51]TIMES:145 rmnet_data1:6606 54 0 0 0 0 0 0 9836 72 0 0 0 0 0 0
[2019-11-07 16:58:51]TIMES:145 GNSS:22576044 113916859 204000000 20000000 0 0 1 0
[2019-11-07 16:58:56]TIMES:150 CPU USE:16 4 12 0
[2019-11-07 16:58:56]TIMES:150 CPU0 USE:16 4 12 0
[2019-11-07 16:58:56]TIMES:150 SERIAL0:153 954 11670
[2019-11-07 16:58:56]TIMES:150 bridge0:0 0 0 0 0 0 0 0 1216 15 0 0 0 0 0 0
[2019-11-07 16:58:56]TIMES:150 rmnet0:12804 96 0 0 0 0 0 0 13328 112 0 0 0 0 0 0
[2019-11-07 16:58:56]TIMES:150 rmnet_data1:7026 59 0 0 0 0 0 0 10188 76 0 0 0 0 0 0
[2019-11-07 16:58:56]TIMES:150 GNSS:22576048 113916855 204000000 25000000 0 0 1 0
[2019-11-07 16:59:01]TIMES:155 ZONE4 TEMP:43
[2019-11-07 16:59:01]TIMES:155 MEM FREE:93 30
[2019-11-07 16:59:01]TIMES:155 CPU USE:13 3 10 0
[2019-11-07 16:59:01]TIMES:155 CPU0 USE:13 3 10 0
[2019-11-07 16:59:01]TIMES:155 SERIAL0:153 968 11680
[2019-11-07 16:59:01]TIMES:155 rmnet0:13344 102 0 0 0 0 0 0 13888 119 0 0 0 0 0 0
[2019-11-07 16:59:01]TIMES:155 rmnet_data1:7517 65 0 0 0 0 0 0 10748 83 0 0 0 0 0 0
[2019-11-07 16:59:01]TIMES:155 GNSS:22576057 113916845 205000000 22000000 0 0 1 0
[2019-11-07 16:59:06]TIMES:160 ZONE1 TEMP:46
[2019-11-07 16:59:06]TIMES:160 ZONE4 TEMP:44
[2019-11-07 16:59:06]TIMES:160 MEM FREE:92 30
[2019-11-07 16:59:06]TIMES:160 CPU USE:18 3 15 0
[2019-11-07 16:59:06]TIMES:160 CPU0 USE:18 3 15 0
[2019-11-07 16:59:06]TIMES:160 SERIAL0:153 1006 11698
[2019-11-07 16:59:06]TIMES:160 rmnet0:13804 107 0 0 0 0 0 0 14328 124 0 0 0 0 0 0
[2019-11-07 16:59:06]TIMES:160 rmnet_data1:7937 70 0 0 0 0 0 0 11188 88 0 0 0 0 0 0
[2019-11-07 16:59:06]TIMES:160 GNSS:22576065 113916836 206000000 19000000 0 0 1 0
[2019-11-07 16:59:11]TIMES:165 ZONE1 TEMP:45
[2019-11-07 16:59:11]TIMES:165 CPU USE:15 3 12 0
[2019-11-07 16:59:11]TIMES:165 CPU0 USE:15 3 12 0
[2019-11-07 16:59:11]TIMES:165 SERIAL0:153 1020 11718
[2019-11-07 16:59:11]TIMES:165 rmnet0:14264 112 0 0 0 0 0 0 14768 129 0 0 0 0 0 0
[2019-11-07 16:59:11]TIMES:165 rmnet_data1:8357 75 0 0 0 0 0 0 11628 93 0 0 0 0 0 0
[2019-11-07 16:59:11]TIMES:165 GNSS:22576074 113916832 207000000 20000000 0 0 1 0
[2019-11-07 16:59:16]TIMES:170 ZONE1 TEMP:46
[2019-11-07 16:59:16]TIMES:170 MEM FREE:93 30
[2019-11-07 16:59:16]TIMES:170 CPU USE:16 3 13 0
[2019-11-07 16:59:16]TIMES:170 CPU0 USE:16 3 13 0
[2019-11-07 16:59:16]TIMES:170 SERIAL0:153 1058 11875
[2019-11-07 16:59:16]TIMES:170 rmnet0:14724 117 0 0 0 0 0 0 15208 134 0 0 0 0 0 0
[2019-11-07 16:59:16]TIMES:170 rmnet_data1:8777 80 0 0 0 0 0 0 12068 98 0 0 0 0 0 0
[2019-11-07 16:59:16]TIMES:170 GNSS:22576095 113916817 208000000 23000000 0 20000 1 0
[2019-11-07 16:59:21]TIMES:175 ZONE1 TEMP:45
[2019-11-07 16:59:21]TIMES:175 MEM FREE:92 30
[2019-11-07 16:59:21]TIMES:175 CPU USE:48 12 36 0
[2019-11-07 16:59:21]TIMES:175 CPU0 USE:48 12 36 0
[2019-11-07 16:59:21]TIMES:175 SERIAL0:153 1082 12123
[2019-11-07 16:59:21]TIMES:175 rmnet0:16080 132 0 0 0 0 0 0 16612 150 0 0 0 0 0 0
[2019-11-07 16:59:21]TIMES:175 rmnet_data1:9348 88 0 0 0 0 0 0 12980 107 0 0 0 0 0 0
[2019-11-07 16:59:21]TIMES:175 rmnet_data0:5610 44 0 0 0 0 0 0 3632 43 0 0 0 0 0 0
[2019-11-07 16:59:21]TIMES:175 GNSS:22576132 113916784 210000000 26000000 0 0 1 0
[2019-11-07 16:59:26]TIMES:180 ZONE1 TEMP:46
[2019-11-07 16:59:26]TIMES:180 MEM FREE:93 30
[2019-11-07 16:59:26]TIMES:180 CPU USE:19 5 14 0
[2019-11-07 16:59:26]TIMES:180 CPU0 USE:19 5 14 0
[2019-11-07 16:59:26]TIMES:180 SERIAL0:153 1106 12261
[2019-11-07 16:59:26]TIMES:180 rmnet0:16588 138 0 0 0 0 0 0 18288 155 0 0 0 0 0 0
[2019-11-07 16:59:26]TIMES:180 rmnet_data1:9808 94 0 0 0 0 0 0 14656 112 0 0 0 0 0 0
[2019-11-07 16:59:26]TIMES:180 GNSS:22576146 113916769 209000000 29000000 0 0 1 0
[2019-11-07 16:59:31]TIMES:185 CPU USE:14 4 10 0
[2019-11-07 16:59:31]TIMES:185 CPU0 USE:14 4 10 0
[2019-11-07 16:59:31]TIMES:185 SERIAL0:153 1134 12265
[2019-11-07 16:59:31]TIMES:185 rmnet0:17048 143 0 0 0 0 0 0 18816 161 0 0 0 0 0 0
[2019-11-07 16:59:31]TIMES:185 rmnet_data1:10228 99 0 0 0 0 0 0 15184 118 0 0 0 0 0 0
[2019-11-07 16:59:31]TIMES:185 GNSS:22576157 113916783 206000000 26000000 0 0 1 0
[2019-11-07 16:59:36]TIMES:190 ZONE1 TEMP:45
[2019-11-07 16:59:36]TIMES:190 CPU USE:17 4 13 0
[2019-11-07 16:59:36]TIMES:190 CPU0 USE:17 4 13 0
[2019-11-07 16:59:36]TIMES:190 SERIAL0:153 1158 12272
[2019-11-07 16:59:36]TIMES:190 rmnet0:17508 148 0 0 0 0 0 0 19256 166 0 0 0 0 0 0
[2019-11-07 16:59:36]TIMES:190 rmnet_data1:10648 104 0 0 0 0 0 0 15624 123 0 0 0 0 0 0
[2019-11-07 16:59:36]TIMES:190 GNSS:22576241 113916836 197000000 24000000 0 0 1 0
[2019-11-07 16:59:41]TIMES:195 ZONE1 TEMP:46
[2019-11-07 16:59:41]TIMES:195 MEM FREE:92 30
[2019-11-07 16:59:41]TIMES:195 CPU USE:16 3 13 0
[2019-11-07 16:59:41]TIMES:195 CPU0 USE:16 3 13 0
[2019-11-07 16:59:41]TIMES:195 SERIAL0:153 1186 12313
[2019-11-07 16:59:41]TIMES:195 rmnet0:18144 156 0 0 0 0 0 0 20428 174 0 0 0 0 0 0
[2019-11-07 16:59:41]TIMES:195 rmnet_data1:11219 112 0 0 0 0 0 0 16796 131 0 0 0 0 0 0
[2019-11-07 16:59:41]TIMES:195 GNSS:22576260 113916854 191000000 22000000 0 0 1 0
[2019-11-07 16:59:46]TIMES:200 MEM FREE:93 30
[2019-11-07 16:59:46]TIMES:200 CPU USE:22 5 17 0
[2019-11-07 16:59:46]TIMES:200 CPU0 USE:22 5 17 0
[2019-11-07 16:59:46]TIMES:200 SERIAL0:153 1210 12328
[2019-11-07 16:59:46]TIMES:200 rmnet0:18816 163 0 0 0 0 0 0 21008 181 0 0 0 0 0 0
[2019-11-07 16:59:46]TIMES:200 rmnet_data1:11639 117 0 0 0 0 0 0 17236 136 0 0 0 0 0 0
[2019-11-07 16:59:46]TIMES:200 rmnet_data0:5806 46 0 0 0 0 0 0 3772 45 0 0 0 0 0 0
[2019-11-07 16:59:46]TIMES:200 GNSS:22576266 113916857 185000000 21000000 0 0 1 0
[2019-11-07 16:59:51]TIMES:205 ZONE0 TEMP:47
[2019-11-07 16:59:51]TIMES:205 ZONE2 TEMP:49
[2019-11-07 16:59:51]TIMES:205 ZONE4 TEMP:45
[2019-11-07 16:59:51]TIMES:205 MEM FREE:92 30
[2019-11-07 16:59:51]TIMES:205 CPU USE:29 6 23 0
[2019-11-07 16:59:51]TIMES:205 CPU0 USE:29 6 23 0
[2019-11-07 16:59:51]TIMES:205 SERIAL0:153 1238 12356
[2019-11-07 16:59:51]TIMES:205 rmnet0:19540 170 0 0 0 0 0 0 21584 188 0 0 0 0 0 0
[2019-11-07 16:59:51]TIMES:205 rmnet_data1:12059 122 0 0 0 0 0 0 17676 141 0 0 0 0 0 0
[2019-11-07 16:59:51]TIMES:205 rmnet_data0:6054 48 0 0 0 0 0 0 3908 47 0 0 0 0 0 0
[2019-11-07 16:59:51]TIMES:205 GNSS:22576269 113916871 182000000 21000000 0 0 1 0
[2019-11-07 16:59:56]TIMES:210 ZONE2 TEMP:48
[2019-11-07 16:59:56]TIMES:210 ZONE4 TEMP:44
[2019-11-07 16:59:56]TIMES:210 MEM FREE:93 30
[2019-11-07 16:59:56]TIMES:210 CPU USE:15 4 11 0
[2019-11-07 16:59:56]TIMES:210 CPU0 USE:15 4 11 0
[2019-11-07 16:59:56]TIMES:210 SERIAL0:153 1262 12416
[2019-11-07 16:59:56]TIMES:210 rmnet0:20000 175 0 0 0 0 0 0 21936 192 0 0 0 0 0 0
[2019-11-07 16:59:56]TIMES:210 rmnet_data1:12479 127 0 0 0 0 0 0 18028 145 0 0 0 0 0 0
[2019-11-07 16:59:56]TIMES:210 GNSS:22576270 113916876 181000000 25000000 0 0 1 0
[2019-11-07 17:00:01]TIMES:215 ZONE0 TEMP:46
[2019-11-07 17:00:01]TIMES:215 ZONE1 TEMP:45
[2019-11-07 17:00:01]TIMES:215 MEM FREE:93 31
[2019-11-07 17:00:01]TIMES:215 CPU USE:13 4 9 0
[2019-11-07 17:00:01]TIMES:215 CPU0 USE:13 4 9 0
[2019-11-07 17:00:01]TIMES:215 SERIAL0:153 1290 12506
[2019-11-07 17:00:01]TIMES:215 GNSS:22576273 113916885 180000000 27000000 0 0 1 0
[2019-11-07 17:00:06]TIMES:220 MEM FREE:93 30
[2019-11-07 17:00:06]TIMES:220 CPU USE:20 4 16 0
[2019-11-07 17:00:06]TIMES:220 CPU0 USE:20 4 16 0
[2019-11-07 17:00:06]TIMES:220 SERIAL0:153 1314 12889
[2019-11-07 17:00:06]TIMES:220 rmnet0:20080 176 0 0 0 0 0 0 22056 194 0 0 0 0 0 0
[2019-11-07 17:00:06]TIMES:220 rmnet_data1:12550 128 0 0 0 0 0 0 18148 147 0 0 0 0 0 0
[2019-11-07 17:00:06]TIMES:220 GNSS:22576275 113916894 180000000 27000000 0 0 1 0
[2019-11-07 17:00:11]TIMES:225 ZONE0 TEMP:47
[2019-11-07 17:00:11]TIMES:225 ZONE1 TEMP:46
[2019-11-07 17:00:11]TIMES:225 CPU USE:18 4 14 0
[2019-11-07 17:00:11]TIMES:225 CPU0 USE:18 4 14 0
[2019-11-07 17:00:11]TIMES:225 SERIAL0:153 1328 13130
[2019-11-07 17:00:11]TIMES:225 GNSS:22576277 113916904 179000000 29000000 0 0 1 0
[2019-11-07 17:00:16]TIMES:230 ZONE0 TEMP:45
[2019-11-07 17:00:16]TIMES:230 ZONE1 TEMP:42
[2019-11-07 17:00:16]TIMES:230 ZONE2 TEMP:44
[2019-11-07 17:00:16]TIMES:230 ZONE3 TEMP:43
[2019-11-07 17:00:16]TIMES:230 ZONE4 TEMP:42
[2019-11-07 17:00:16]TIMES:230 CPU USE:20 6 14 0
[2019-11-07 17:00:16]TIMES:230 CPU0 USE:20 6 14 0
[2019-11-07 17:00:16]TIMES:230 SERIAL0:153 1366 13610
[2019-11-07 17:00:16]TIMES:230 GNSS:22576280 113916912 179000000 27000000 0 0 1 0
[2019-11-07 17:00:21]TIMES:235 ZONE0 TEMP:43
[2019-11-07 17:00:21]TIMES:235 ZONE1 TEMP:40
[2019-11-07 17:00:21]TIMES:235 ZONE2 TEMP:43
[2019-11-07 17:00:21]TIMES:235 ZONE3 TEMP:42
[2019-11-07 17:00:21]TIMES:235 ZONE4 TEMP:41
[2019-11-07 17:00:21]TIMES:235 ZONE5 TEMP:44
[2019-11-07 17:00:21]TIMES:235 CPU USE:24 8 16 0
[2019-11-07 17:00:21]TIMES:235 CPU0 USE:24 8 16 0
[2019-11-07 17:00:21]TIMES:235 SERIAL0:153 1380 14166
[2019-11-07 17:00:21]TIMES:235 GNSS:22576283 113916920 179000000 24000000 0 0 1 0
[2019-11-07 17:00:26]TIMES:240 ZONE0 TEMP:46
[2019-11-07 17:00:26]TIMES:240 ZONE1 TEMP:45
[2019-11-07 17:00:26]TIMES:240 ZONE2 TEMP:48
[2019-11-07 17:00:26]TIMES:240 ZONE3 TEMP:45
[2019-11-07 17:00:26]TIMES:240 ZONE4 TEMP:43
[2019-11-07 17:00:26]TIMES:240 CPU USE:39 13 26 0
[2019-11-07 17:00:26]TIMES:240 CPU0 USE:39 13 26 0
[2019-11-07 17:00:26]TIMES:240 SERIAL0:153 1418 14681
[2019-11-07 17:00:26]TIMES:240 rmnet0:20564 181 0 0 0 0 0 0 23732 200 0 0 0 0 0 0
[2019-11-07 17:00:26]TIMES:240 rmnet_data1:12745 131 0 0 0 0 0 0 19688 151 0 0 0 0 0 0
[2019-11-07 17:00:26]TIMES:240 rmnet_data0:6302 50 0 0 0 0 0 0 4044 49 0 0 0 0 0 0
[2019-11-07 17:00:26]TIMES:240 GNSS:22576302 113916935 153000000 25000000 0 0 1 0
[2019-11-07 17:00:31]TIMES:245 ZONE5 TEMP:45
[2019-11-07 17:00:31]TIMES:245 CPU USE:28 12 16 0
[2019-11-07 17:00:31]TIMES:245 CPU0 USE:28 12 16 0
[2019-11-07 17:00:31]TIMES:245 SERIAL0:153 1432 15647
[2019-11-07 17:00:31]TIMES:245 rmnet0:21024 186 0 0 0 0 0 0 24172 205 0 0 0 0 0 0
[2019-11-07 17:00:31]TIMES:245 rmnet_data1:13165 136 0 0 0 0 0 0 20128 156 0 0 0 0 0 0
[2019-11-07 17:00:31]TIMES:245 GNSS:22576339 113916974 145000000 23000000 0 0 1 0
[2019-11-07 17:00:36]TIMES:250 ZONE3 TEMP:46
[2019-11-07 17:00:36]TIMES:250 ZONE4 TEMP:44
[2019-11-07 17:00:36]TIMES:250 CPU USE:31 8 23 0
[2019-11-07 17:00:36]TIMES:250 CPU0 USE:31 8 23 0
[2019-11-07 17:00:36]TIMES:250 SERIAL0:153 1456 16273
[2019-11-07 17:00:36]TIMES:250 rmnet0:21604 192 0 0 0 0 0 0 24680 211 0 0 0 0 0 0
[2019-11-07 17:00:36]TIMES:250 rmnet_data1:13585 141 0 0 0 0 0 0 20568 161 0 0 0 0 0 0
[2019-11-07 17:00:36]TIMES:250 rmnet_data0:6414 51 0 0 0 0 0 0 4112 50 0 0 0 0 0 0
[2019-11-07 17:00:36]TIMES:250 GNSS:22576346 113916989 145000000 22000000 0 0 1 0
