[1980-01-06 08:00:16]sleep:5
[1980-01-06 08:00:16]change:1
[1980-01-06 08:00:16]address:
[1980-01-06 08:00:16]time:0
[1980-01-06 08:00:16]size:5
[1980-01-06 08:00:16]Oct 31 2019 14:30:13
[1980-01-06 08:00:21]TIMES:0 ZONE0 TEMP:45
[1980-01-06 08:00:21]TIMES:0 ZONE1 TEMP:42
[1980-01-06 08:00:21]TIMES:0 ZONE2 TEMP:45
[1980-01-06 08:00:21]TIMES:0 ZONE3 TEMP:44
[1980-01-06 08:00:21]TIMES:0 ZONE4 TEMP:43
[1980-01-06 08:00:21]TIMES:0 ZONE5 TEMP:44
[1980-01-06 08:00:21]TIMES:0 ZONE6 TEMP:38
[1980-01-06 08:00:21]TIMES:0 MEM FREE:95 35
[1980-01-06 08:00:21]TIMES:0 CPU0 FREQ:806400
[1980-01-06 08:00:21]TIMES:0 SERIAL0:153 152 1942
[1980-01-06 08:00:21]TIMES:0 SERIAL1:151 0 0
[1980-01-06 08:00:21]TIMES:0 bridge0:0 0 0 0 0 0 0 0 660 7 0 0 0 0 0 0
[1980-01-06 08:00:21]TIMES:0 NET DELAY:-500
[1980-01-06 08:00:26]TIMES:5 ZONE0 TEMP:46
[1980-01-06 08:00:26]TIMES:5 ZONE1 TEMP:45
[1980-01-06 08:00:26]TIMES:5 ZONE2 TEMP:48
[1980-01-06 08:00:26]TIMES:5 ZONE3 TEMP:46
[1980-01-06 08:00:26]TIMES:5 ZONE4 TEMP:44
[1980-01-06 08:00:26]TIMES:5 MEM FREE:93 31
[1980-01-06 08:00:26]TIMES:5 CPU USE:59 16 43 0
[1980-01-06 08:00:26]TIMES:5 CPU0 USE:59 16 43 0
[1980-01-06 08:00:26]TIMES:5 SERIAL0:153 190 2668
[1980-01-06 08:00:26]TIMES:5 rmnet0:0 0 0 0 0 0 0 0 776 10 0 0 0 0 0 0
[1980-01-06 08:00:26]TIMES:5 rmnet_data1:0 0 0 0 0 0 0 0 388 5 0 0 0 0 0 0
[1980-01-06 08:00:26]TIMES:5 rmnet_data0:0 0 0 0 0 0 0 0 388 5 0 0 0 0 0 0
[2019-11-07 14:07:39]TIMES:10 ZONE0 TEMP:47
[2019-11-07 14:07:39]TIMES:10 ZONE1 TEMP:46
[2019-11-07 14:07:39]TIMES:10 ZONE2 TEMP:49
[2019-11-07 14:07:39]TIMES:10 ZONE4 TEMP:45
[2019-11-07 14:07:39]TIMES:10 ZONE5 TEMP:45
[2019-11-07 14:07:39]TIMES:10 MEM FREE:93 30
[2019-11-07 14:07:39][H[JMem: 125436K used, 31556K free, 48K shrd, 0K buff, 62900K cached
STAT     %CPU     COMMAND[0m
S     13.3     process-service
3080     top     -n1
S     6.6     modem-service
S     6.6     data-service
S     6.6     power-service
2664     /usr/bin/dbus-daemon     --config-file

[2019-11-07 14:07:39]TIMES:10 CPU USE:97 23 74 0
[2019-11-07 14:07:39][H[JMem: 125412K used, 31580K free, 48K shrd, 0K buff, 62900K cached
STAT     %CPU     COMMAND[0m
S     7.6     modem-service
S     7.6     data-service
S     7.6     power-service
3080     top     -n1
root     0.0     /usr/bin/netmgrd
S     0.0     /usr/bin/thermal-engine

[2019-11-07 14:07:39]TIMES:10 CPU0 USE:97 23 74 0
[2019-11-07 14:07:39]TIMES:10 SERIAL0:153 224 3785
[2019-11-07 14:07:39]TIMES:10 rmnet0:2680 14 0 0 0 0 0 0 3192 30 0 0 0 0 0 0
[2019-11-07 14:07:39]TIMES:10 rmnet_data1:0 0 0 0 0 0 0 0 548 7 0 0 0 0 0 0
[2019-11-07 14:07:39]TIMES:10 rmnet_data0:2553 14 0 0 0 0 0 0 2644 23 0 0 0 0 0 0
[2019-11-07 14:07:39]TIMES:10 NET MODE:5 -50 -86
[2019-11-07 14:07:44]TIMES:15 ZONE0 TEMP:46
[2019-11-07 14:07:44]TIMES:15 ZONE1 TEMP:45
[2019-11-07 14:07:44]TIMES:15 ZONE2 TEMP:48
[2019-11-07 14:07:44]TIMES:15 ZONE4 TEMP:44
[2019-11-07 14:07:44]TIMES:15 MEM FREE:93 31
[2019-11-07 14:07:44]TIMES:15 CPU USE:46 15 31 0
[2019-11-07 14:07:44]TIMES:15 CPU0 USE:46 15 31 0
[2019-11-07 14:07:44]TIMES:15 SERIAL0:153 254 4645
[2019-11-07 14:07:44]TIMES:15 rmnet0:3200 19 0 0 0 0 0 0 3704 37 0 0 0 0 0 0
[2019-11-07 14:07:44]TIMES:15 rmnet_data1:0 0 0 0 0 0 0 0 788 10 0 0 0 0 0 0
[2019-11-07 14:07:44]TIMES:15 rmnet_data0:3029 19 0 0 0 0 0 0 2916 27 0 0 0 0 0 0
[2019-11-07 14:07:49]TIMES:20 CPU USE:26 8 18 0
[2019-11-07 14:07:49]TIMES:20 CPU0 USE:26 8 18 0
[2019-11-07 14:07:49]TIMES:20 SERIAL0:153 318 5332
[2019-11-07 14:07:49]TIMES:20 bridge0:0 0 0 0 0 0 0 0 732 8 0 0 0 0 0 0
[2019-11-07 14:07:49]TIMES:20 rmnet0:5712 32 0 0 0 0 0 0 5648 51 0 0 0 0 0 0
[2019-11-07 14:07:49]TIMES:20 rmnet_data1:1838 7 0 0 0 0 0 0 2596 22 0 0 0 0 0 0
[2019-11-07 14:07:49]TIMES:20 rmnet_data0:3585 25 0 0 0 0 0 0 3052 29 0 0 0 0 0 0
[2019-11-07 14:07:54]TIMES:25 CPU USE:21 6 15 0
[2019-11-07 14:07:54]TIMES:25 CPU0 USE:21 6 15 0
[2019-11-07 14:07:54]TIMES:25 SERIAL0:153 332 6210
[2019-11-07 14:07:54]TIMES:25 bridge0:0 0 0 0 0 0 0 0 948 11 0 0 0 0 0 0
[2019-11-07 14:07:54]TIMES:25 rmnet0:5872 34 0 0 0 0 0 0 5648 51 0 0 0 0 0 0
[2019-11-07 14:07:54]TIMES:25 rmnet_data0:3727 27 0 0 0 0 0 0 3052 29 0 0 0 0 0 0
[2019-11-07 14:07:59]TIMES:30 MEM FREE:93 30
[2019-11-07 14:07:59]TIMES:30 CPU USE:22 7 15 0
[2019-11-07 14:07:59]TIMES:30 CPU0 USE:22 7 15 0
[2019-11-07 14:07:59]TIMES:30 SERIAL0:153 370 7203
[2019-11-07 14:07:59]TIMES:30 rmnet0:5952 35 0 0 0 0 0 0 5820 52 0 0 0 0 0 0
[2019-11-07 14:07:59]TIMES:30 rmnet_data1:1838 7 0 0 0 0 0 0 2768 23 0 0 0 0 0 0
[2019-11-07 14:07:59]TIMES:30 rmnet_data0:3798 28 0 0 0 0 0 0 3052 29 0 0 0 0 0 0
[2019-11-07 14:08:04]TIMES:35 ZONE3 TEMP:45
[2019-11-07 14:08:04]TIMES:35 ZONE4 TEMP:43
[2019-11-07 14:08:04]TIMES:35 MEM FREE:93 31
[2019-11-07 14:08:04]TIMES:35 CPU USE:22 7 15 0
[2019-11-07 14:08:04]TIMES:35 CPU0 USE:22 7 15 0
[2019-11-07 14:08:04]TIMES:35 SERIAL0:153 398 7823
[2019-11-07 14:08:09]TIMES:40 CPU USE:23 6 17 0
[2019-11-07 14:08:09]TIMES:40 CPU0 USE:23 6 17 0
[2019-11-07 14:08:09]TIMES:40 SERIAL0:153 422 8396
[2019-11-07 14:08:14]TIMES:45 CPU USE:30 8 22 0
[2019-11-07 14:08:14]TIMES:45 CPU0 USE:30 8 22 0
[2019-11-07 14:08:14]TIMES:45 SERIAL0:153 450 8694
[2019-11-07 14:08:14]TIMES:45 rmnet0:6376 39 0 0 0 0 0 0 6076 56 0 0 0 0 0 0
[2019-11-07 14:08:14]TIMES:45 rmnet_data1:1909 8 0 0 0 0 0 0 2888 25 0 0 0 0 0 0
[2019-11-07 14:08:14]TIMES:45 rmnet_data0:4117 31 0 0 0 0 0 0 3188 31 0 0 0 0 0 0
[2019-11-07 14:08:19]TIMES:50 CPU USE:18 4 14 0
[2019-11-07 14:08:19]TIMES:50 CPU0 USE:18 4 14 0
[2019-11-07 14:08:19]TIMES:50 SERIAL0:153 474 8797
[2019-11-07 14:08:24]TIMES:55 CPU USE:17 2 15 0
[2019-11-07 14:08:24]TIMES:55 CPU0 USE:17 2 15 0
[2019-11-07 14:08:24]TIMES:55 SERIAL0:153 502 8937
[2019-11-07 14:08:29]TIMES:60 CPU USE:16 5 11 0
[2019-11-07 14:08:29]TIMES:60 CPU0 USE:16 5 11 0
[2019-11-07 14:08:29]TIMES:60 SERIAL0:153 526 8984
[2019-11-07 14:08:29]TIMES:60 rmnet0:6456 40 0 0 0 0 0 0 6076 56 0 0 0 0 0 0
[2019-11-07 14:08:29]TIMES:60 rmnet_data0:4188 32 0 0 0 0 0 0 3188 31 0 0 0 0 0 0
[2019-11-07 14:08:34]TIMES:65 ZONE3 TEMP:46
[2019-11-07 14:08:34]TIMES:65 CPU USE:19 4 15 0
[2019-11-07 14:08:34]TIMES:65 CPU0 USE:19 4 15 0
[2019-11-07 14:08:34]TIMES:65 SERIAL0:153 540 9152
[2019-11-07 14:08:34]TIMES:65 rmnet0:6536 41 0 0 0 0 0 0 6196 58 0 0 0 0 0 0
[2019-11-07 14:08:34]TIMES:65 rmnet_data1:1980 9 0 0 0 0 0 0 3008 27 0 0 0 0 0 0
[2019-11-07 14:08:39]TIMES:70 ZONE3 TEMP:45
[2019-11-07 14:08:39]TIMES:70 CPU USE:18 2 16 0
[2019-11-07 14:08:39]TIMES:70 CPU0 USE:18 2 16 0
[2019-11-07 14:08:39]TIMES:70 SERIAL0:153 578 9227
[2019-11-07 14:08:39]TIMES:70 rmnet0:6616 42 0 0 0 0 0 0 6196 58 0 0 0 0 0 0
[2019-11-07 14:08:39]TIMES:70 rmnet_data0:4259 33 0 0 0 0 0 0 3188 31 0 0 0 0 0 0
[2019-11-07 14:08:45]TIMES:75 ZONE3 TEMP:46
[2019-11-07 14:08:45]TIMES:75 ZONE4 TEMP:44
[2019-11-07 14:08:45]TIMES:75 MEM FREE:93 30
[2019-11-07 14:08:45]TIMES:75 CPU USE:22 7 15 0
[2019-11-07 14:08:45]TIMES:75 CPU0 USE:22 7 15 0
[2019-11-07 14:08:45]TIMES:75 SERIAL0:153 592 9335
[2019-11-07 14:08:45]TIMES:75 rmnet0:6748 43 0 0 0 0 0 0 6332 60 0 0 0 0 0 0
[2019-11-07 14:08:45]TIMES:75 rmnet_data0:4383 34 0 0 0 0 0 0 3324 33 0 0 0 0 0 0
[2019-11-07 14:08:50]TIMES:80 ZONE4 TEMP:43
[2019-11-07 14:08:50]TIMES:80 MEM FREE:93 31
[2019-11-07 14:08:50]TIMES:80 CPU USE:22 4 18 0
[2019-11-07 14:08:50]TIMES:80 CPU0 USE:22 4 18 0
[2019-11-07 14:08:50]TIMES:80 SERIAL0:153 630 9395
[2019-11-07 14:08:50]TIMES:80 rmnet0:6880 44 0 0 0 0 0 0 6332 60 0 0 0 0 0 0
[2019-11-07 14:08:50]TIMES:80 rmnet_data0:4507 35 0 0 0 0 0 0 3324 33 0 0 0 0 0 0
[2019-11-07 14:08:50]TIMES:80 NET MODE:5 -56 -87
[2019-11-07 14:08:55]TIMES:85 ZONE3 TEMP:45
[2019-11-07 14:08:55]TIMES:85 CPU USE:15 3 12 0
[2019-11-07 14:08:55]TIMES:85 CPU0 USE:15 3 12 0
[2019-11-07 14:08:55]TIMES:85 SERIAL0:153 644 9436
[2019-11-07 14:08:55]TIMES:85 rmnet0:7040 46 0 0 0 0 0 0 6452 62 0 0 0 0 0 0
[2019-11-07 14:08:55]TIMES:85 rmnet_data1:2051 10 0 0 0 0 0 0 3128 29 0 0 0 0 0 0
[2019-11-07 14:08:55]TIMES:85 rmnet_data0:4578 36 0 0 0 0 0 0 3324 33 0 0 0 0 0 0
[2019-11-07 14:08:55]TIMES:85 NET MODE:5 -52 -86
[2019-11-07 14:09:00]TIMES:90 ZONE3 TEMP:46
[2019-11-07 14:09:00]TIMES:90 CPU USE:16 3 13 0
[2019-11-07 14:09:00]TIMES:90 CPU0 USE:16 3 13 0
[2019-11-07 14:09:00]TIMES:90 SERIAL0:153 682 9489
[2019-11-07 14:09:05]TIMES:95 CPU USE:17 3 14 0
[2019-11-07 14:09:05]TIMES:95 CPU0 USE:17 3 14 0
[2019-11-07 14:09:05]TIMES:95 SERIAL0:153 696 9522
[2019-11-07 14:09:05]TIMES:95 rmnet0:7120 47 0 0 0 0 0 0 6452 62 0 0 0 0 0 0
[2019-11-07 14:09:05]TIMES:95 rmnet_data0:4649 37 0 0 0 0 0 0 3324 33 0 0 0 0 0 0
[2019-11-07 14:09:10]TIMES:100 CPU USE:20 4 16 0
[2019-11-07 14:09:10]TIMES:100 CPU0 USE:20 4 16 0
[2019-11-07 14:09:10]TIMES:100 SERIAL0:153 734 9568
[2019-11-07 14:09:15]TIMES:105 ZONE3 TEMP:45
[2019-11-07 14:09:15]TIMES:105 ZONE4 TEMP:44
[2019-11-07 14:09:15]TIMES:105 MEM FREE:93 30
[2019-11-07 14:09:15]TIMES:105 CPU USE:16 4 12 0
[2019-11-07 14:09:15]TIMES:105 CPU0 USE:16 4 12 0
[2019-11-07 14:09:15]TIMES:105 SERIAL0:153 748 9628
[2019-11-07 14:09:15]TIMES:105 rmnet0:7200 48 0 0 0 0 0 0 6572 64 0 0 0 0 0 0
[2019-11-07 14:09:15]TIMES:105 rmnet_data1:2122 11 0 0 0 0 0 0 3248 31 0 0 0 0 0 0
[2019-11-07 14:09:20]TIMES:110 ZONE3 TEMP:46
[2019-11-07 14:09:20]TIMES:110 ZONE4 TEMP:43
[2019-11-07 14:09:20]TIMES:110 MEM FREE:93 31
[2019-11-07 14:09:20]TIMES:110 CPU USE:32 7 25 0
[2019-11-07 14:09:20]TIMES:110 CPU0 USE:32 7 25 0
[2019-11-07 14:09:20]TIMES:110 SERIAL0:153 772 9770
[2019-11-07 14:09:20]TIMES:110 rmnet0:7544 51 0 0 0 0 0 0 6708 66 0 0 0 0 0 0
[2019-11-07 14:09:20]TIMES:110 rmnet_data0:4968 40 0 0 0 0 0 0 3460 35 0 0 0 0 0 0
[2019-11-07 14:09:25]TIMES:115 ZONE4 TEMP:44
[2019-11-07 14:09:25]TIMES:115 CPU USE:16 3 13 0
[2019-11-07 14:09:25]TIMES:115 CPU0 USE:16 3 13 0
[2019-11-07 14:09:25]TIMES:115 SERIAL0:153 800 9862
[2019-11-07 14:09:30]TIMES:120 MEM FREE:93 30
[2019-11-07 14:09:30]TIMES:120 CPU USE:19 6 13 0
[2019-11-07 14:09:30]TIMES:120 CPU0 USE:19 6 13 0
[2019-11-07 14:09:30]TIMES:120 SERIAL0:153 824 9981
[2019-11-07 14:09:30]TIMES:120 rmnet0:7624 52 0 0 0 0 0 0 6708 66 0 0 0 0 0 0
[2019-11-07 14:09:30]TIMES:120 rmnet_data0:5039 41 0 0 0 0 0 0 3460 35 0 0 0 0 0 0
[2019-11-07 14:09:35]TIMES:125 CPU USE:21 7 14 0
[2019-11-07 14:09:35]TIMES:125 CPU0 USE:21 7 14 0
[2019-11-07 14:09:35]TIMES:125 SERIAL0:153 852 10409
[2019-11-07 14:09:35]TIMES:125 rmnet0:8256 59 0 0 0 0 0 0 7356 74 0 0 0 0 0 0
[2019-11-07 14:09:35]TIMES:125 rmnet_data1:2613 17 0 0 0 0 0 0 3808 38 0 0 0 0 0 0
[2019-11-07 14:09:35]TIMES:125 rmnet_data0:5123 42 0 0 0 0 0 0 3548 36 0 0 0 0 0 0
[2019-11-07 14:09:40]TIMES:130 CPU USE:20 5 15 0
[2019-11-07 14:09:40]TIMES:130 CPU0 USE:20 5 15 0
[2019-11-07 14:09:40]TIMES:130 SERIAL0:153 876 10712
[2019-11-07 14:09:40]TIMES:130 rmnet0:8716 64 0 0 0 0 0 0 7796 79 0 0 0 0 0 0
[2019-11-07 14:09:40]TIMES:130 rmnet_data1:3033 22 0 0 0 0 0 0 4248 43 0 0 0 0 0 0
[2019-11-07 14:09:45]TIMES:135 CPU USE:20 5 15 0
[2019-11-07 14:09:45]TIMES:135 CPU0 USE:20 5 15 0
[2019-11-07 14:09:45]TIMES:135 SERIAL0:153 904 11123
[2019-11-07 14:09:45]TIMES:135 rmnet0:9256 70 0 0 0 0 0 0 8236 84 0 0 0 0 0 0
[2019-11-07 14:09:45]TIMES:135 rmnet_data1:3453 27 0 0 0 0 0 0 4688 48 0 0 0 0 0 0
[2019-11-07 14:09:45]TIMES:135 rmnet_data0:5194 43 0 0 0 0 0 0 3548 36 0 0 0 0 0 0
[2019-11-07 14:09:50]TIMES:140 ZONE0 TEMP:47
[2019-11-07 14:09:50]TIMES:140 ZONE1 TEMP:46
[2019-11-07 14:09:50]TIMES:140 CPU USE:36 8 28 0
[2019-11-07 14:09:50]TIMES:140 CPU0 USE:36 8 28 0
[2019-11-07 14:09:50]TIMES:140 SERIAL0:153 928 11791
[2019-11-07 14:09:50]TIMES:140 rmnet0:9980 77 0 0 0 0 0 0 8812 91 0 0 0 0 0 0
[2019-11-07 14:09:50]TIMES:140 rmnet_data1:3873 32 0 0 0 0 0 0 5128 53 0 0 0 0 0 0
[2019-11-07 14:09:50]TIMES:140 rmnet_data0:5442 45 0 0 0 0 0 0 3684 38 0 0 0 0 0 0
[2019-11-07 14:09:55]TIMES:145 ZONE1 TEMP:45
[2019-11-07 14:09:55]TIMES:145 CPU USE:21 5 16 0
[2019-11-07 14:09:55]TIMES:145 CPU0 USE:21 5 16 0
[2019-11-07 14:09:55]TIMES:145 SERIAL0:153 942 12347
[2019-11-07 14:09:55]TIMES:145 bridge0:0 0 0 0 0 0 0 0 1092 13 0 0 0 0 0 0
[2019-11-07 14:09:55]TIMES:145 rmnet0:10600 84 0 0 0 0 0 0 9372 98 0 0 0 0 0 0
[2019-11-07 14:09:55]TIMES:145 rmnet_data1:4364 38 0 0 0 0 0 0 5688 60 0 0 0 0 0 0
[2019-11-07 14:09:55]TIMES:145 rmnet_data0:5513 46 0 0 0 0 0 0 3684 38 0 0 0 0 0 0
[2019-11-07 14:10:00]TIMES:150 MEM FREE:92 30
[2019-11-07 14:10:00]TIMES:150 CPU USE:16 4 12 0
[2019-11-07 14:10:00]TIMES:150 CPU0 USE:16 4 12 0
[2019-11-07 14:10:00]TIMES:150 SERIAL0:153 980 12859
[2019-11-07 14:10:00]TIMES:150 bridge0:0 0 0 0 0 0 0 0 1236 15 0 0 0 0 0 0
[2019-11-07 14:10:00]TIMES:150 rmnet0:11060 89 0 0 0 0 0 0 9812 103 0 0 0 0 0 0
[2019-11-07 14:10:00]TIMES:150 rmnet_data1:4784 43 0 0 0 0 0 0 6128 65 0 0 0 0 0 0
[2019-11-07 14:10:05]TIMES:155 ZONE0 TEMP:46
[2019-11-07 14:10:05]TIMES:155 MEM FREE:93 30
[2019-11-07 14:10:05]TIMES:155 CPU USE:19 6 13 0
[2019-11-07 14:10:05]TIMES:155 CPU0 USE:19 6 13 0
[2019-11-07 14:10:05]TIMES:155 SERIAL0:153 994 13434
[2019-11-07 14:10:05]TIMES:155 rmnet0:11520 94 0 0 0 0 0 0 10252 108 0 0 0 0 0 0
[2019-11-07 14:10:05]TIMES:155 rmnet_data1:5204 48 0 0 0 0 0 0 6568 70 0 0 0 0 0 0
[2019-11-07 14:10:10]TIMES:160 CPU USE:22 5 17 0
[2019-11-07 14:10:10]TIMES:160 CPU0 USE:22 5 17 0
[2019-11-07 14:10:10]TIMES:160 SERIAL0:153 1032 14033
[2019-11-07 14:10:10]TIMES:160 rmnet0:12028 100 0 0 0 0 0 0 10692 113 0 0 0 0 0 0
[2019-11-07 14:10:10]TIMES:160 rmnet_data1:5624 53 0 0 0 0 0 0 7008 75 0 0 0 0 0 0
[2019-11-07 14:10:10]TIMES:160 rmnet_data0:5553 47 0 0 0 0 0 0 3684 38 0 0 0 0 0 0
[2019-11-07 14:10:15]TIMES:165 ZONE0 TEMP:47
[2019-11-07 14:10:15]TIMES:165 ZONE5 TEMP:44
[2019-11-07 14:10:15]TIMES:165 CPU USE:20 5 15 0
[2019-11-07 14:10:15]TIMES:165 CPU0 USE:20 5 15 0
[2019-11-07 14:10:15]TIMES:165 SERIAL0:153 1046 14726
[2019-11-07 14:10:15]TIMES:165 rmnet0:12488 105 0 0 0 0 0 0 11132 118 0 0 0 0 0 0
[2019-11-07 14:10:15]TIMES:165 rmnet_data1:6044 58 0 0 0 0 0 0 7448 80 0 0 0 0 0 0
[2019-11-07 14:10:20]TIMES:170 ZONE0 TEMP:46
[2019-11-07 14:10:20]TIMES:170 ZONE5 TEMP:45
[2019-11-07 14:10:20]TIMES:170 CPU USE:19 4 15 0
[2019-11-07 14:10:20]TIMES:170 CPU0 USE:19 4 15 0
[2019-11-07 14:10:20]TIMES:170 SERIAL0:153 1070 15235
[2019-11-07 14:10:20]TIMES:170 rmnet0:13028 111 0 0 0 0 0 0 11692 125 0 0 0 0 0 0
[2019-11-07 14:10:20]TIMES:170 rmnet_data1:6535 64 0 0 0 0 0 0 8008 87 0 0 0 0 0 0
[2019-11-07 14:10:20]TIMES:170 NET MODE:5 -56 -87
[2019-11-07 14:10:25]TIMES:175 ZONE0 TEMP:47
[2019-11-07 14:10:25]TIMES:175 ZONE1 TEMP:46
[2019-11-07 14:10:25]TIMES:175 CPU USE:50 10 40 0
[2019-11-07 14:10:25]TIMES:175 CPU0 USE:50 10 40 0
[2019-11-07 14:10:25]TIMES:175 SERIAL0:153 1098 15726
[2019-11-07 14:10:25]TIMES:175 rmnet0:14208 123 0 0 0 0 0 0 12624 137 0 0 0 0 0 0
[2019-11-07 14:10:25]TIMES:175 rmnet_data1:6955 69 0 0 0 0 0 0 8448 92 0 0 0 0 0 0
[2019-11-07 14:10:25]TIMES:175 rmnet_data0:6209 54 0 0 0 0 0 0 4176 45 0 0 0 0 0 0
[2019-11-07 14:10:30]TIMES:180 ZONE2 TEMP:49
[2019-11-07 14:10:30]TIMES:180 CPU USE:22 5 17 0
[2019-11-07 14:10:30]TIMES:180 CPU0 USE:22 5 17 0
[2019-11-07 14:10:30]TIMES:180 SERIAL0:153 1122 16243
[2019-11-07 14:10:30]TIMES:180 rmnet0:14668 128 0 0 0 0 0 0 13064 142 0 0 0 0 0 0
[2019-11-07 14:10:30]TIMES:180 rmnet_data1:7375 74 0 0 0 0 0 0 8888 97 0 0 0 0 0 0
[2019-11-07 14:10:30]TIMES:180 NET MODE:5 -51 -86
[2019-11-07 14:10:35]TIMES:185 CPU USE:17 4 13 0
[2019-11-07 14:10:35]TIMES:185 CPU0 USE:17 4 13 0
[2019-11-07 14:10:35]TIMES:185 SERIAL0:153 1150 16447
[2019-11-07 14:10:35]TIMES:185 rmnet0:15128 133 0 0 0 0 0 0 13504 147 0 0 0 0 0 0
[2019-11-07 14:10:35]TIMES:185 rmnet_data1:7795 79 0 0 0 0 0 0 9328 102 0 0 0 0 0 0
[2019-11-07 14:10:35]TIMES:185 NET MODE:5 -55 -87
[2019-11-07 14:10:40]TIMES:190 ZONE1 TEMP:45
[2019-11-07 14:10:40]TIMES:190 ZONE2 TEMP:48
[2019-11-07 14:10:40]TIMES:190 CPU USE:22 7 15 0
[2019-11-07 14:10:40]TIMES:190 CPU0 USE:22 7 15 0
[2019-11-07 14:10:40]TIMES:190 SERIAL0:153 1174 17030
[2019-11-07 14:10:40]TIMES:190 rmnet0:15668 139 0 0 0 0 0 0 14064 154 0 0 0 0 0 0
[2019-11-07 14:10:40]TIMES:190 rmnet_data1:8286 85 0 0 0 0 0 0 9888 109 0 0 0 0 0 0
[2019-11-07 14:10:40]TIMES:190 NET MODE:5 -51 -86
