[1980-01-06 08:00:16]sleep:5
[1980-01-06 08:00:16]change:1
[1980-01-06 08:00:16]address:
[1980-01-06 08:00:16]time:0
[1980-01-06 08:00:16]size:5
[1980-01-06 08:00:16]Oct 31 2019 14:30:13
[1980-01-06 08:00:21]TIMES:0 ZONE0 TEMP:44
[1980-01-06 08:00:21]TIMES:0 ZONE1 TEMP:41
[1980-01-06 08:00:21]TIMES:0 ZONE2 TEMP:43
[1980-01-06 08:00:21]TIMES:0 ZONE3 TEMP:42
[1980-01-06 08:00:21]TIMES:0 ZONE4 TEMP:42
[1980-01-06 08:00:21]TIMES:0 ZONE5 TEMP:44
[1980-01-06 08:00:21]TIMES:0 ZONE6 TEMP:37
[1980-01-06 08:00:21]TIMES:0 MEM FREE:94 34
[1980-01-06 08:00:21]TIMES:0 CPU0 FREQ:806400
[1980-01-06 08:00:21]TIMES:0 SERIAL0:153 152 1761
[1980-01-06 08:00:21]TIMES:0 SERIAL1:151 0 0
[1980-01-06 08:00:21]TIMES:0 bridge0:0 0 0 0 0 0 0 0 660 7 0 0 0 0 0 0
[1980-01-06 08:00:21]TIMES:0 NET DELAY:-500
[1980-01-06 08:00:26]TIMES:5 ZONE0 TEMP:45
[1980-01-06 08:00:26]TIMES:5 ZONE1 TEMP:43
[1980-01-06 08:00:26]TIMES:5 ZONE2 TEMP:46
[1980-01-06 08:00:26]TIMES:5 ZONE3 TEMP:44
[1980-01-06 08:00:26]TIMES:5 ZONE4 TEMP:43
[1980-01-06 08:00:26]TIMES:5 ZONE5 TEMP:43
[1980-01-06 08:00:26]TIMES:5 MEM FREE:91 30
[1980-01-06 08:00:26]TIMES:5 CPU USE:59 14 45 0
[1980-01-06 08:00:26]TIMES:5 CPU0 USE:59 14 45 0
[1980-01-06 08:00:26]TIMES:5 SERIAL0:153 190 2355
[1980-01-06 08:00:26]TIMES:5 rmnet0:0 0 0 0 0 0 0 0 776 10 0 0 0 0 0 0
[1980-01-06 08:00:26]TIMES:5     lo:2464 32 0 0 0 0 0 0 2464 32 0 0 0 0 0 0
[1980-01-06 08:00:26]TIMES:5 rmnet_data1:0 0 0 0 0 0 0 0 388 5 0 0 0 0 0 0
[1980-01-06 08:00:26]TIMES:5 rmnet_data0:0 0 0 0 0 0 0 0 388 5 0 0 0 0 0 0
[1980-01-06 08:00:31]TIMES:10 ZONE2 TEMP:45
[1980-01-06 08:00:31]TIMES:10 MEM FREE:92 30
[1980-01-06 08:00:31][H[JMem: 126928K used, 30064K free, 48K shrd, 0K buff, 62668K cached
STAT     %CPU     COMMAND[0m
R     15.7     process-service
3080     top     -n1
S     5.2     data-service
S     5.2     power-service
root     0.0     /usr/bin/netmgrd
S     0.0     /usr/bin/thermal-engine

[1980-01-06 08:00:31]TIMES:10 CPU USE:96 23 73 0
[1980-01-06 08:00:32][H[JMem: 126340K used, 30652K free, 48K shrd, 0K buff, 62668K cached
STAT     %CPU     COMMAND[0m
S     13.3     data-service
S     6.6     modem-service
S     6.6     /usr/bin/mcmlocserver
S     6.6     process-service
3080     top     -n1
root     0.0     /usr/bin/netmgrd

[1980-01-06 08:00:32]TIMES:10 CPU0 USE:96 23 73 0
[1980-01-06 08:00:32]TIMES:10 SERIAL0:153 214 3036
[1980-01-06 08:00:32]TIMES:10 rmnet0:636 6 0 0 0 0 0 0 1204 16 0 0 0 0 0 0
[1980-01-06 08:00:32]TIMES:10     lo:4928 64 0 0 0 0 0 0 4928 64 0 0 0 0 0 0
[1980-01-06 08:00:32]TIMES:10 rmnet_data0:582 6 0 0 0 0 0 0 816 11 0 0 0 0 0 0
[1980-01-06 08:00:32]TIMES:10 NET MODE:5 -63 -87
[1980-01-06 08:00:37]TIMES:15 ZONE0 TEMP:44
[1980-01-06 08:00:37]TIMES:15 ZONE4 TEMP:42
[1980-01-06 08:00:37]TIMES:15 ZONE5 TEMP:44
[1980-01-06 08:00:37]TIMES:15 CPU USE:38 8 30 0
[1980-01-06 08:00:37]TIMES:15 CPU0 USE:38 8 30 0
[1980-01-06 08:00:37]TIMES:15 SERIAL0:153 228 3636
[1980-01-06 08:00:37]TIMES:15 rmnet0:960 9 0 0 0 0 0 0 1404 19 0 0 0 0 0 0
[1980-01-06 08:00:37]TIMES:15     lo:7392 96 0 0 0 0 0 0 7392 96 0 0 0 0 0 0
[1980-01-06 08:00:37]TIMES:15 rmnet_data0:880 9 0 0 0 0 0 0 1016 14 0 0 0 0 0 0
[1980-01-06 08:00:42]TIMES:20 ZONE3 TEMP:43
[1980-01-06 08:00:42]TIMES:20 CPU USE:26 8 18 0
[1980-01-06 08:00:42]TIMES:20 CPU0 USE:26 8 18 0
[1980-01-06 08:00:42]TIMES:20 SERIAL0:153 266 4524
[1980-01-06 08:00:42]TIMES:20 bridge0:0 0 0 0 0 0 0 0 732 8 0 0 0 0 0 0
[1980-01-06 08:00:42]TIMES:20     lo:9856 128 0 0 0 0 0 0 9856 128 0 0 0 0 0 0
[1980-01-06 08:00:42]TIMES:20 NET MODE:5 -59 -88
[1980-01-06 08:00:47]TIMES:25 ZONE1 TEMP:41
[1980-01-06 08:00:47]TIMES:25 ZONE2 TEMP:43
[1980-01-06 08:00:47]TIMES:25 ZONE3 TEMP:42
[1980-01-06 08:00:47]TIMES:25 ZONE4 TEMP:41
[1980-01-06 08:00:47]TIMES:25 CPU USE:24 8 16 0
[1980-01-06 08:00:47]TIMES:25 CPU0 USE:24 8 16 0
[1980-01-06 08:00:47]TIMES:25 SERIAL0:153 280 5244
[1980-01-06 08:00:47]TIMES:25 bridge0:0 0 0 0 0 0 0 0 948 11 0 0 0 0 0 0
[1980-01-06 08:00:47]TIMES:25     lo:12320 160 0 0 0 0 0 0 12320 160 0 0 0 0 0 0
[1980-01-06 08:00:52]TIMES:30 ZONE0 TEMP:43
[1980-01-06 08:00:52]TIMES:30 ZONE1 TEMP:40
[1980-01-06 08:00:52]TIMES:30 ZONE3 TEMP:41
[1980-01-06 08:00:52]TIMES:30 ZONE4 TEMP:40
[1980-01-06 08:00:52]TIMES:30 CPU USE:26 10 16 0
[1980-01-06 08:00:52]TIMES:30 CPU0 USE:26 10 16 0
[1980-01-06 08:00:52]TIMES:30 SERIAL0:153 332 6016
[1980-01-06 08:00:52]TIMES:30     lo:14784 192 0 0 0 0 0 0 14784 192 0 0 0 0 0 0
[1980-01-06 08:00:57]TIMES:35 ZONE5 TEMP:43
[1980-01-06 08:00:57]TIMES:35 CPU USE:30 14 16 0
[1980-01-06 08:00:57]TIMES:35 CPU0 USE:30 14 16 0
[1980-01-06 08:00:57]TIMES:35 SERIAL0:153 346 7034
[1980-01-06 08:01:02]TIMES:40 ZONE0 TEMP:42
[1980-01-06 08:01:02]TIMES:40 ZONE1 TEMP:39
[1980-01-06 08:01:02]TIMES:40 ZONE2 TEMP:42
[1980-01-06 08:01:02]TIMES:40 CPU USE:24 7 17 0
[1980-01-06 08:01:02]TIMES:40 CPU0 USE:24 7 17 0
[1980-01-06 08:01:02]TIMES:40 SERIAL0:153 370 7784
[1980-01-06 08:01:02]TIMES:40     lo:17248 224 0 0 0 0 0 0 17248 224 0 0 0 0 0 0
[1980-01-06 08:01:02]TIMES:40 GNSS:22576572 113917767 310000000 38000000 0 0 1 0
[2019-11-07 17:05:58]TIMES:45 ZONE0 TEMP:45
[2019-11-07 17:05:58]TIMES:45 ZONE1 TEMP:44
[2019-11-07 17:05:58]TIMES:45 ZONE2 TEMP:47
[2019-11-07 17:05:58]TIMES:45 ZONE3 TEMP:44
[2019-11-07 17:05:58]TIMES:45 ZONE4 TEMP:42
[2019-11-07 17:05:58]TIMES:45 CPU USE:34 9 25 0
[2019-11-07 17:05:58]TIMES:45 CPU0 USE:34 9 25 0
[2019-11-07 17:05:58]TIMES:45 SERIAL0:153 398 8505
[2019-11-07 17:05:58]TIMES:45 rmnet0:1224 11 0 0 0 0 0 0 1540 21 0 0 0 0 0 0
[2019-11-07 17:05:58]TIMES:45 rmnet_data0:1128 11 0 0 0 0 0 0 1152 16 0 0 0 0 0 0
[2019-11-07 17:05:58]TIMES:45 NET MODE:5 -70 -101
[2019-11-07 17:05:58]TIMES:45 GNSS:22576599 113917757 317000000 28000000 0 0 1 0
[2019-11-07 17:06:03]TIMES:50 ZONE3 TEMP:45
[2019-11-07 17:06:03]TIMES:50 ZONE4 TEMP:43
[2019-11-07 17:06:03]TIMES:50 ZONE5 TEMP:44
[2019-11-07 17:06:03]TIMES:50 CPU USE:24 7 17 0
[2019-11-07 17:06:03]TIMES:50 CPU0 USE:24 7 17 0
[2019-11-07 17:06:03]TIMES:50 SERIAL0:153 438 8943
[2019-11-07 17:06:03]TIMES:50     lo:19712 256 0 0 0 0 0 0 19712 256 0 0 0 0 0 0
[2019-11-07 17:06:03]TIMES:50 GNSS:22576579 113917759 314000000 25000000 0 0 1 0
[2019-11-07 17:06:08]TIMES:55 ZONE0 TEMP:46
[2019-11-07 17:06:08]TIMES:55 ZONE1 TEMP:45
[2019-11-07 17:06:08]TIMES:55 CPU USE:19 5 14 0
[2019-11-07 17:06:08]TIMES:55 CPU0 USE:19 5 14 0
[2019-11-07 17:06:08]TIMES:55 SERIAL0:153 466 9425
[2019-11-07 17:06:08]TIMES:55 GNSS:22576569 113917758 313000000 20000000 0 0 1 0
[2019-11-07 17:06:13]TIMES:60 ZONE0 TEMP:43
[2019-11-07 17:06:13]TIMES:60 ZONE1 TEMP:40
[2019-11-07 17:06:13]TIMES:60 ZONE2 TEMP:43
[2019-11-07 17:06:13]TIMES:60 ZONE3 TEMP:41
[2019-11-07 17:06:13]TIMES:60 ZONE4 TEMP:40
[2019-11-07 17:06:13]TIMES:60 CPU USE:22 8 14 0
[2019-11-07 17:06:13]TIMES:60 CPU0 USE:22 8 14 0
[2019-11-07 17:06:13]TIMES:60 SERIAL0:153 490 10034
[2019-11-07 17:06:13]TIMES:60     lo:22176 288 0 0 0 0 0 0 22176 288 0 0 0 0 0 0
[2019-11-07 17:06:13]TIMES:60 GNSS:22576584 113917742 316000000 16000000 0 0 1 0
[2019-11-07 17:06:18]TIMES:65 ZONE0 TEMP:42
[2019-11-07 17:06:18]TIMES:65 ZONE1 TEMP:39
[2019-11-07 17:06:18]TIMES:65 ZONE2 TEMP:42
[2019-11-07 17:06:18]TIMES:65 ZONE5 TEMP:43
[2019-11-07 17:06:18]TIMES:65 CPU USE:24 7 17 0
[2019-11-07 17:06:18]TIMES:65 CPU0 USE:24 7 17 0
[2019-11-07 17:06:18]TIMES:65 SERIAL0:153 504 10515
[2019-11-07 17:06:18]TIMES:65 GNSS:22576576 113917730 315000000 11000000 0 0 1 0
[2019-11-07 17:06:23]TIMES:70 CPU USE:23 7 16 0
[2019-11-07 17:06:23]TIMES:70 CPU0 USE:23 7 16 0
[2019-11-07 17:06:23]TIMES:70 SERIAL0:153 542 11107
[2019-11-07 17:06:23]TIMES:70     lo:24640 320 0 0 0 0 0 0 24640 320 0 0 0 0 0 0
[2019-11-07 17:06:23]TIMES:70 GNSS:22576599 113917734 314000000 8000000 0 0 1 0
[2019-11-07 17:06:28]TIMES:75 ZONE0 TEMP:44
[2019-11-07 17:06:28]TIMES:75 ZONE1 TEMP:43
[2019-11-07 17:06:28]TIMES:75 ZONE2 TEMP:46
[2019-11-07 17:06:28]TIMES:75 ZONE3 TEMP:43
[2019-11-07 17:06:28]TIMES:75 ZONE4 TEMP:42
[2019-11-07 17:06:28]TIMES:75 CPU USE:36 12 24 0
[2019-11-07 17:06:28]TIMES:75 CPU0 USE:36 12 24 0
[2019-11-07 17:06:28]TIMES:75 SERIAL0:153 556 12036
[2019-11-07 17:06:28]TIMES:75 rmnet0:1488 13 0 0 0 0 0 0 1676 23 0 0 0 0 0 0
[2019-11-07 17:06:28]TIMES:75 rmnet_data0:1376 13 0 0 0 0 0 0 1288 18 0 0 0 0 0 0
[2019-11-07 17:06:28]TIMES:75 GNSS:22576605 113917733 314000000 7000000 0 0 1 0
[2019-11-07 17:06:33]TIMES:80 ZONE0 TEMP:45
[2019-11-07 17:06:33]TIMES:80 ZONE1 TEMP:44
[2019-11-07 17:06:33]TIMES:80 ZONE2 TEMP:47
[2019-11-07 17:06:33]TIMES:80 ZONE3 TEMP:44
[2019-11-07 17:06:33]TIMES:80 ZONE4 TEMP:43
[2019-11-07 17:06:33]TIMES:80 CPU USE:22 6 16 0
[2019-11-07 17:06:33]TIMES:80 CPU0 USE:22 6 16 0
[2019-11-07 17:06:33]TIMES:80 SERIAL0:153 580 12759
[2019-11-07 17:06:33]TIMES:80     lo:27104 352 0 0 0 0 0 0 27104 352 0 0 0 0 0 0
[2019-11-07 17:06:33]TIMES:80 GNSS:22576606 113917732 314000000 7000000 0 0 1 0
[2019-11-07 17:06:38]TIMES:85 ZONE3 TEMP:45
[2019-11-07 17:06:38]TIMES:85 CPU USE:23 7 16 0
[2019-11-07 17:06:38]TIMES:85 CPU0 USE:23 7 16 0
[2019-11-07 17:06:38]TIMES:85 SERIAL0:153 608 13711
[2019-11-07 17:06:38]TIMES:85 rmnet0:1968 18 0 0 0 0 0 0 2060 28 0 0 0 0 0 0
[2019-11-07 17:06:38]TIMES:85 rmnet_data0:1813 18 0 0 0 0 0 0 1672 23 0 0 0 0 0 0
[2019-11-07 17:06:38]TIMES:85 GNSS:22576606 113917730 315000000 7000000 0 0 1 0
[2019-11-07 17:06:43]TIMES:90 ZONE5 TEMP:44
[2019-11-07 17:06:43]TIMES:90 CPU USE:25 7 18 0
[2019-11-07 17:06:43]TIMES:90 CPU0 USE:25 7 18 0
[2019-11-07 17:06:43]TIMES:90 SERIAL0:153 632 14687
[2019-11-07 17:06:43]TIMES:90 NET MODE:5 -74 -103
[2019-11-07 17:06:43]TIMES:90 GNSS:22576606 113917731 314000000 10000000 0 0 1 0
[2019-11-07 17:06:48]TIMES:95 CPU USE:23 6 17 0
[2019-11-07 17:06:48]TIMES:95 CPU0 USE:23 6 17 0
[2019-11-07 17:06:48]TIMES:95 SERIAL0:153 660 15665
[2019-11-07 17:06:48]TIMES:95     lo:29568 384 0 0 0 0 0 0 29568 384 0 0 0 0 0 0
[2019-11-07 17:06:48]TIMES:95 GNSS:22576607 113917729 314000000 11000000 0 0 1 0
[2019-11-07 17:06:53]TIMES:100 ZONE0 TEMP:43
[2019-11-07 17:06:53]TIMES:100 ZONE1 TEMP:40
[2019-11-07 17:06:53]TIMES:100 ZONE2 TEMP:43
[2019-11-07 17:06:53]TIMES:100 ZONE3 TEMP:41
[2019-11-07 17:06:53]TIMES:100 ZONE4 TEMP:40
[2019-11-07 17:06:53]TIMES:100 CPU USE:27 8 19 0
[2019-11-07 17:06:53]TIMES:100 CPU0 USE:27 8 19 0
[2019-11-07 17:06:53]TIMES:100 SERIAL0:153 684 16700
[2019-11-07 17:06:53]TIMES:100 GNSS:22576607 113917727 315000000 11000000 0 0 1 0
[2019-11-07 17:06:58]TIMES:105 ZONE1 TEMP:39
[2019-11-07 17:06:58]TIMES:105 ZONE2 TEMP:42
[2019-11-07 17:06:58]TIMES:105 ZONE5 TEMP:43
[2019-11-07 17:06:58]TIMES:105 CPU USE:21 7 14 0
[2019-11-07 17:06:58]TIMES:105 CPU0 USE:21 7 14 0
[2019-11-07 17:06:58]TIMES:105 SERIAL0:153 712 17639
[2019-11-07 17:06:58]TIMES:105 GNSS:22576607 113917726 316000000 11000000 0 0 1 0
[2019-11-07 17:07:03]TIMES:110 ZONE0 TEMP:45
[2019-11-07 17:07:03]TIMES:110 ZONE1 TEMP:44
[2019-11-07 17:07:03]TIMES:110 ZONE2 TEMP:47
[2019-11-07 17:07:03]TIMES:110 ZONE3 TEMP:44
[2019-11-07 17:07:03]TIMES:110 ZONE4 TEMP:43
[2019-11-07 17:07:03]TIMES:110 ZONE5 TEMP:44
[2019-11-07 17:07:03]TIMES:110 CPU USE:39 12 27 0
[2019-11-07 17:07:03]TIMES:110 CPU0 USE:39 12 27 0
[2019-11-07 17:07:03]TIMES:110 SERIAL0:153 736 18715
[2019-11-07 17:07:03]TIMES:110 rmnet0:2232 20 0 0 0 0 0 0 2196 30 0 0 0 0 0 0
[2019-11-07 17:07:03]TIMES:110     lo:32032 416 0 0 0 0 0 0 32032 416 0 0 0 0 0 0
[2019-11-07 17:07:03]TIMES:110 rmnet_data0:2061 20 0 0 0 0 0 0 1808 25 0 0 0 0 0 0
[2019-11-07 17:07:03]TIMES:110 GNSS:22576607 113917724 316000000 11000000 0 0 1 0
[2019-11-07 17:07:08]TIMES:115 ZONE3 TEMP:45
[2019-11-07 17:07:08]TIMES:115 CPU USE:22 8 14 0
[2019-11-07 17:07:08]TIMES:115 CPU0 USE:22 8 14 0
[2019-11-07 17:07:08]TIMES:115 SERIAL0:153 750 19709
[2019-11-07 17:07:08]TIMES:115 GNSS:22576607 113917721 317000000 12000000 0 0 1 0
[2019-11-07 17:07:13]TIMES:120 ZONE1 TEMP:42
[2019-11-07 17:07:13]TIMES:120 ZONE2 TEMP:45
[2019-11-07 17:07:13]TIMES:120 ZONE3 TEMP:43
[2019-11-07 17:07:13]TIMES:120 ZONE5 TEMP:43
[2019-11-07 17:07:13]TIMES:120 CPU USE:24 9 15 0
[2019-11-07 17:07:13]TIMES:120 CPU0 USE:24 9 15 0
[2019-11-07 17:07:13]TIMES:120 SERIAL0:153 788 20702
[2019-11-07 17:07:13]TIMES:120     lo:34496 448 0 0 0 0 0 0 34496 448 0 0 0 0 0 0
[2019-11-07 17:07:13]TIMES:120 GNSS:22576606 113917717 318000000 12000000 0 0 1 0
[2019-11-07 17:07:18]TIMES:125 ZONE0 TEMP:46
[2019-11-07 17:07:18]TIMES:125 ZONE1 TEMP:45
[2019-11-07 17:07:18]TIMES:125 ZONE2 TEMP:47
[2019-11-07 17:07:18]TIMES:125 ZONE3 TEMP:45
[2019-11-07 17:07:18]TIMES:125 ZONE5 TEMP:44
[2019-11-07 17:07:18]TIMES:125 MEM FREE:92 29
[2019-11-07 17:07:18]TIMES:125 CPU USE:25 9 16 0
[2019-11-07 17:07:18]TIMES:125 CPU0 USE:25 9 16 0
[2019-11-07 17:07:18]TIMES:125 SERIAL0:153 802 21720
[2019-11-07 17:07:18]TIMES:125 rmnet0:2784 26 0 0 0 0 0 0 2724 36 0 0 0 0 0 0
[2019-11-07 17:07:18]TIMES:125 rmnet_data1:420 5 0 0 0 0 0 0 828 10 0 0 0 0 0 0
[2019-11-07 17:07:18]TIMES:125 rmnet_data0:2145 21 0 0 0 0 0 0 1896 26 0 0 0 0 0 0
[2019-11-07 17:07:18]TIMES:125 GNSS:22576604 113917713 318000000 12000000 0 0 1 0
[2019-11-07 17:07:23]TIMES:130 CPU USE:26 7 19 0
[2019-11-07 17:07:23]TIMES:130 CPU0 USE:26 7 19 0
[2019-11-07 17:07:23]TIMES:130 SERIAL0:153 826 22666
[2019-11-07 17:07:23]TIMES:130 rmnet0:3244 31 0 0 0 0 0 0 3164 41 0 0 0 0 0 0
[2019-11-07 17:07:23]TIMES:130 rmnet_data1:840 10 0 0 0 0 0 0 1268 15 0 0 0 0 0 0
[2019-11-07 17:07:23]TIMES:130 GNSS:22576602 113917706 318000000 12000000 0 0 1 0
[2019-11-07 17:07:28]TIMES:135 ZONE6 TEMP:38
[2019-11-07 17:07:28]TIMES:135 CPU USE:24 7 17 0
[2019-11-07 17:07:28]TIMES:135 CPU0 USE:24 7 17 0
[2019-11-07 17:07:28]TIMES:135 SERIAL0:153 854 23601
[2019-11-07 17:07:28]TIMES:135 rmnet0:3612 35 0 0 0 0 0 0 3604 46 0 0 0 0 0 0
[2019-11-07 17:07:28]TIMES:135 rmnet_data1:1176 14 0 0 0 0 0 0 1708 20 0 0 0 0 0 0
[2019-11-07 17:07:28]TIMES:135 GNSS:22576563 113917064 159000000 12000000 0 0 1 0
[2019-11-07 17:07:33]TIMES:140 ZONE2 TEMP:48
[2019-11-07 17:07:33]TIMES:140 CPU USE:41 13 28 0
[2019-11-07 17:07:33]TIMES:140 CPU0 USE:41 13 28 0
[2019-11-07 17:07:33]TIMES:140 SERIAL0:153 878 24662
[2019-11-07 17:07:33]TIMES:140 rmnet0:4336 42 0 0 0 0 0 0 4180 53 0 0 0 0 0 0
[2019-11-07 17:07:33]TIMES:140     lo:36960 480 0 0 0 0 0 0 36960 480 0 0 0 0 0 0
[2019-11-07 17:07:33]TIMES:140 rmnet_data1:1596 19 0 0 0 0 0 0 2148 25 0 0 0 0 0 0
[2019-11-07 17:07:33]TIMES:140 rmnet_data0:2393 23 0 0 0 0 0 0 2032 28 0 0 0 0 0 0
[2019-11-07 17:07:33]TIMES:140 NET MODE:5 -68 -101
[2019-11-07 17:07:33]TIMES:140 GNSS:22576559 113917029 148000000 11000000 0 0 1 0
[2019-11-07 17:07:38]TIMES:145 CPU USE:27 12 15 0
[2019-11-07 17:07:38]TIMES:145 CPU0 USE:27 12 15 0
[2019-11-07 17:07:38]TIMES:145 SERIAL0:153 906 25478
[2019-11-07 17:07:38]TIMES:145 bridge0:0 0 0 0 0 0 0 0 1092 13 0 0 0 0 0 0
[2019-11-07 17:07:38]TIMES:145 rmnet0:4796 47 0 0 0 0 0 0 4620 58 0 0 0 0 0 0
[2019-11-07 17:07:38]TIMES:145 rmnet_data1:2016 24 0 0 0 0 0 0 2588 30 0 0 0 0 0 0
[2019-11-07 17:07:38]TIMES:145 GNSS:22576551 113916993 137000000 11000000 0 0 1 0
[2019-11-07 17:07:43]TIMES:150 ZONE3 TEMP:46
[2019-11-07 17:07:43]TIMES:150 ZONE4 TEMP:44
[2019-11-07 17:07:43]TIMES:150 ZONE5 TEMP:45
[2019-11-07 17:07:43]TIMES:150 CPU USE:30 13 17 0
[2019-11-07 17:07:43]TIMES:150 CPU0 USE:30 13 17 0
[2019-11-07 17:07:43]TIMES:150 SERIAL0:153 930 26254
[2019-11-07 17:07:43]TIMES:150 bridge0:0 0 0 0 0 0 0 0 1236 15 0 0 0 0 0 0
[2019-11-07 17:07:43]TIMES:150 rmnet0:5256 52 0 0 0 0 0 0 5060 63 0 0 0 0 0 0
[2019-11-07 17:07:43]TIMES:150 rmnet_data1:2436 29 0 0 0 0 0 0 3028 35 0 0 0 0 0 0
[2019-11-07 17:07:43]TIMES:150 NET MODE:5 -73 -102
[2019-11-07 17:07:43]TIMES:150 GNSS:22576552 113916993 137000000 10000000 0 0 1 0
[2019-11-07 17:07:48]TIMES:155 ZONE3 TEMP:45
[2019-11-07 17:07:48]TIMES:155 ZONE5 TEMP:44
[2019-11-07 17:07:48]TIMES:155 CPU USE:27 13 14 0
[2019-11-07 17:07:48]TIMES:155 CPU0 USE:27 13 14 0
[2019-11-07 17:07:48]TIMES:155 SERIAL0:153 944 27162
[2019-11-07 17:07:48]TIMES:155 rmnet0:5716 57 0 0 0 0 0 0 5500 68 0 0 0 0 0 0
[2019-11-07 17:07:48]TIMES:155     lo:39424 512 0 0 0 0 0 0 39424 512 0 0 0 0 0 0
[2019-11-07 17:07:48]TIMES:155 rmnet_data1:2856 34 0 0 0 0 0 0 3468 40 0 0 0 0 0 0
[2019-11-07 17:07:48]TIMES:155 GNSS:22576552 113916993 138000000 11000000 0 0 1 0
[2019-11-07 17:07:53]TIMES:160 CPU USE:24 9 15 0
[2019-11-07 17:07:53]TIMES:160 CPU0 USE:24 9 15 0
[2019-11-07 17:07:53]TIMES:160 SERIAL0:153 982 27721
[2019-11-07 17:07:53]TIMES:160 rmnet0:6176 62 0 0 0 0 0 0 5940 73 0 0 0 0 0 0
[2019-11-07 17:07:53]TIMES:160 rmnet_data1:3276 39 0 0 0 0 0 0 3908 45 0 0 0 0 0 0
[2019-11-07 17:07:53]TIMES:160 GNSS:22576554 113916994 139000000 11000000 0 0 1 0
[2019-11-07 17:07:58]TIMES:165 ZONE4 TEMP:43
[2019-11-07 17:07:58]TIMES:165 ZONE5 TEMP:45
[2019-11-07 17:07:58]TIMES:165 CPU USE:20 7 13 0
[2019-11-07 17:07:58]TIMES:165 CPU0 USE:20 7 13 0
[2019-11-07 17:07:58]TIMES:165 SERIAL0:153 996 28076
[2019-11-07 17:07:58]TIMES:165 rmnet0:6636 67 0 0 0 0 0 0 6380 78 0 0 0 0 0 0
[2019-11-07 17:07:58]TIMES:165 rmnet_data1:3696 44 0 0 0 0 0 0 4348 50 0 0 0 0 0 0
[2019-11-07 17:07:58]TIMES:165 GNSS:22576553 113916996 140000000 11000000 0 0 1 0
[2019-11-07 17:08:03]TIMES:170 MEM FREE:92 30
[2019-11-07 17:08:03]TIMES:170 CPU USE:23 7 16 0
[2019-11-07 17:08:03]TIMES:170 CPU0 USE:23 7 16 0
[2019-11-07 17:08:03]TIMES:170 SERIAL0:153 1034 28782
[2019-11-07 17:08:03]TIMES:170 rmnet0:7096 72 0 0 0 0 0 0 6820 83 0 0 0 0 0 0
[2019-11-07 17:08:03]TIMES:170 rmnet_data1:4116 49 0 0 0 0 0 0 4788 55 0 0 0 0 0 0
[2019-11-07 17:08:03]TIMES:170 GNSS:22576553 113916998 141000000 12000000 0 0 1 0
