[1980-01-06 08:00:16]sleep:5
[1980-01-06 08:00:16]change:1
[1980-01-06 08:00:16]address:
[1980-01-06 08:00:16]time:0
[1980-01-06 08:00:16]size:5
[1980-01-06 08:00:16]Oct 31 2019 14:30:13
[1980-01-06 08:00:21]TIMES:0 ZONE0 TEMP:44
[1980-01-06 08:00:21]TIMES:0 ZONE1 TEMP:40
[1980-01-06 08:00:21]TIMES:0 ZONE2 TEMP:43
[1980-01-06 08:00:21]TIMES:0 ZONE3 TEMP:42
[1980-01-06 08:00:21]TIMES:0 ZONE4 TEMP:41
[1980-01-06 08:00:21]TIMES:0 ZONE5 TEMP:44
[1980-01-06 08:00:21]TIMES:0 ZONE6 TEMP:37
[1980-01-06 08:00:21]TIMES:0 MEM FREE:94 35
[1980-01-06 08:00:21]TIMES:0 CPU0 FREQ:806400
[1980-01-06 08:00:21]TIMES:0 SERIAL0:153 152 1371
[1980-01-06 08:00:21]TIMES:0 SERIAL1:151 0 0
[1980-01-06 08:00:21]TIMES:0 bridge0:0 0 0 0 0 0 0 0 788 9 0 0 0 0 0 0
[1980-01-06 08:00:21]TIMES:0 NET DELAY:-500
[1980-01-06 08:00:26]TIMES:5 ZONE0 TEMP:46
[1980-01-06 08:00:26]TIMES:5 ZONE1 TEMP:45
[1980-01-06 08:00:26]TIMES:5 ZONE2 TEMP:47
[1980-01-06 08:00:26]TIMES:5 ZONE3 TEMP:45
[1980-01-06 08:00:26]TIMES:5 ZONE4 TEMP:44
[1980-01-06 08:00:26]TIMES:5 MEM FREE:93 31
[1980-01-06 08:00:26]TIMES:5 CPU USE:61 13 48 0
[1980-01-06 08:00:26]TIMES:5 CPU0 USE:61 13 48 0
[1980-01-06 08:00:26]TIMES:5 SERIAL0:153 190 2358
[1980-01-06 08:00:26]TIMES:5 rmnet0:0 0 0 0 0 0 0 0 776 10 0 0 0 0 0 0
[1980-01-06 08:00:26]TIMES:5 rmnet_data1:0 0 0 0 0 0 0 0 388 5 0 0 0 0 0 0
[1980-01-06 08:00:26]TIMES:5 rmnet_data0:0 0 0 0 0 0 0 0 388 5 0 0 0 0 0 0
[2019-11-07 17:08:49]TIMES:10 ZONE0 TEMP:47
[2019-11-07 17:08:49]TIMES:10 ZONE1 TEMP:46
[2019-11-07 17:08:49]TIMES:10 ZONE2 TEMP:48
[2019-11-07 17:08:49]TIMES:10 ZONE3 TEMP:46
[2019-11-07 17:08:49][H[JMem: 126264K used, 30728K free, 48K shrd, 0K buff, 62924K cached
STAT     %CPU     COMMAND[0m
R     21.0     process-service
3080     top     -n1
S     5.2     modem-service
S     5.2     data-service
root     0.0     /usr/bin/netmgrd
S     0.0     /usr/bin/thermal-engine

[2019-11-07 17:08:49]TIMES:10 CPU USE:97 22 75 0
[2019-11-07 17:08:49][H[JMem: 125536K used, 31456K free, 48K shrd, 0K buff, 62924K cached
STAT     %CPU     COMMAND[0m
S     13.3     power-service
S     6.6     mcu-service
S     6.6     data-service
3080     top     -n1
2664     /usr/bin/dbus-daemon     --config-file
root     0.0     /usr/bin/netmgrd

[2019-11-07 17:08:49]TIMES:10 CPU0 USE:97 22 75 0
[2019-11-07 17:08:49]TIMES:10 SERIAL0:153 224 3593
[2019-11-07 17:08:49]TIMES:10 rmnet0:2824 13 0 0 0 0 0 0 3144 30 0 0 0 0 0 0
[2019-11-07 17:08:49]TIMES:10 rmnet_data1:0 0 0 0 0 0 0 0 888 9 0 0 0 0 0 0
[2019-11-07 17:08:49]TIMES:10 rmnet_data0:2704 13 0 0 0 0 0 0 2256 21 0 0 0 0 0 0
[2019-11-07 17:08:49]TIMES:10 NET MODE:5 -75 -102
[2019-11-07 14:14:51]TIMES:15 ZONE0 TEMP:46
[2019-11-07 14:14:51]TIMES:15 ZONE1 TEMP:45
[2019-11-07 14:14:51]TIMES:15 ZONE3 TEMP:45
[2019-11-07 14:14:51]TIMES:15 ZONE4 TEMP:43
[2019-11-07 14:14:51]TIMES:15 ZONE6 TEMP:38
[2019-11-07 14:14:51]TIMES:15 CPU USE:50 13 37 0
[2019-11-07 14:14:51]TIMES:15 CPU0 USE:50 13 37 0
[2019-11-07 14:14:51]TIMES:15 SERIAL0:153 290 4619
[2019-11-07 14:14:51]TIMES:15 rmnet0:5620 27 0 0 0 0 0 0 6528 49 0 0 0 0 0 0
[2019-11-07 14:14:51]TIMES:15 rmnet_data1:2332 10 0 0 0 0 0 0 3984 24 0 0 0 0 0 0
[2019-11-07 14:14:51]TIMES:15 rmnet_data0:3035 17 0 0 0 0 0 0 2544 25 0 0 0 0 0 0
[2019-11-07 14:14:51]TIMES:15 NET MODE:5 -69 -102
[2019-11-07 14:14:56]TIMES:20 ZONE2 TEMP:47
[2019-11-07 14:14:56]TIMES:20 ZONE4 TEMP:44
[2019-11-07 14:14:56]TIMES:20 MEM FREE:93 30
[2019-11-07 14:14:56]TIMES:20 CPU USE:26 8 18 0
[2019-11-07 14:14:56]TIMES:20 CPU0 USE:26 8 18 0
[2019-11-07 14:14:56]TIMES:20 SERIAL0:153 338 5524
[2019-11-07 14:14:56]TIMES:20 bridge0:0 0 0 0 0 0 0 0 860 10 0 0 0 0 0 0
[2019-11-07 14:14:56]TIMES:20 rmnet0:5860 31 0 0 0 0 0 0 10952 54 0 0 0 0 0 0
[2019-11-07 14:14:56]TIMES:20 rmnet_data1:2540 14 0 0 0 0 0 0 8408 29 0 0 0 0 0 0
[2019-11-07 14:15:01]TIMES:25 ZONE2 TEMP:48
[2019-11-07 14:15:01]TIMES:25 ZONE4 TEMP:43
[2019-11-07 14:15:01]TIMES:25 CPU USE:22 5 17 0
[2019-11-07 14:15:01]TIMES:25 CPU0 USE:22 5 17 0
[2019-11-07 14:15:01]TIMES:25 SERIAL0:153 352 6496
[2019-11-07 14:15:01]TIMES:25 bridge0:0 0 0 0 0 0 0 0 1076 13 0 0 0 0 0 0
[2019-11-07 14:15:01]TIMES:25 NET MODE:5 -75 -103
[2019-11-07 14:15:06]TIMES:30 ZONE2 TEMP:47
[2019-11-07 14:15:06]TIMES:30 CPU USE:20 6 14 0
[2019-11-07 14:15:06]TIMES:30 CPU0 USE:20 6 14 0
[2019-11-07 14:15:06]TIMES:30 SERIAL0:153 390 7203
[2019-11-07 14:15:06]TIMES:30 rmnet0:7120 37 0 0 0 0 0 0 11380 56 0 0 0 0 0 0
[2019-11-07 14:15:06]TIMES:30 rmnet_data1:2592 15 0 0 0 0 0 0 8836 31 0 0 0 0 0 0
[2019-11-07 14:15:06]TIMES:30 rmnet_data0:4190 22 0 0 0 0 0 0 2544 25 0 0 0 0 0 0
[2019-11-07 14:15:11]TIMES:35 ZONE2 TEMP:48
[2019-11-07 14:15:11]TIMES:35 ZONE5 TEMP:45
[2019-11-07 14:15:11]TIMES:35 CPU USE:21 7 14 0
[2019-11-07 14:15:11]TIMES:35 CPU0 USE:21 7 14 0
[2019-11-07 14:15:11]TIMES:35 SERIAL0:153 418 7946
[2019-11-07 14:15:11]TIMES:35 rmnet0:7644 40 0 0 0 0 0 0 11636 57 0 0 0 0 0 0
[2019-11-07 14:15:11]TIMES:35 rmnet_data1:2644 16 0 0 0 0 0 0 9092 32 0 0 0 0 0 0
[2019-11-07 14:15:11]TIMES:35 rmnet_data0:4636 24 0 0 0 0 0 0 2544 25 0 0 0 0 0 0
[2019-11-07 14:15:16]TIMES:40 CPU USE:24 8 16 0
[2019-11-07 14:15:16]TIMES:40 CPU0 USE:24 8 16 0
[2019-11-07 14:15:16]TIMES:40 SERIAL0:153 442 8659
[2019-11-07 14:15:16]TIMES:40 rmnet0:7876 41 0 0 0 0 0 0 11636 57 0 0 0 0 0 0
[2019-11-07 14:15:16]TIMES:40 rmnet_data0:4859 25 0 0 0 0 0 0 2544 25 0 0 0 0 0 0
[2019-11-07 14:15:21]TIMES:45 CPU USE:29 7 22 0
[2019-11-07 14:15:21]TIMES:45 CPU0 USE:29 7 22 0
[2019-11-07 14:15:21]TIMES:45 SERIAL0:153 470 8724
[2019-11-07 14:15:21]TIMES:45 rmnet0:8260 45 0 0 0 0 0 0 12700 61 0 0 0 0 0 0
[2019-11-07 14:15:21]TIMES:45 rmnet_data1:2748 18 0 0 0 0 0 0 10020 34 0 0 0 0 0 0
[2019-11-07 14:15:21]TIMES:45 rmnet_data0:5107 27 0 0 0 0 0 0 2680 27 0 0 0 0 0 0
[2019-11-07 14:15:21]TIMES:45 GNSS:22576432 113917471 180000000 25000000 0 0 1 0
[2019-11-07 14:15:26]TIMES:50 ZONE5 TEMP:44
[2019-11-07 14:15:26]TIMES:50 CPU USE:21 5 16 0
[2019-11-07 14:15:26]TIMES:50 CPU0 USE:21 5 16 0
[2019-11-07 14:15:26]TIMES:50 SERIAL0:153 505 8825
[2019-11-07 14:15:26]TIMES:50 rmnet0:9704 53 0 0 0 0 0 0 13204 65 0 0 0 0 0 0
[2019-11-07 14:15:26]TIMES:50 rmnet_data1:3372 23 0 0 0 0 0 0 10524 38 0 0 0 0 0 0
[2019-11-07 14:15:26]TIMES:50 rmnet_data0:5856 30 0 0 0 0 0 0 2680 27 0 0 0 0 0 0
[2019-11-07 14:15:26]TIMES:50 NET MODE:5 -69 -103
[2019-11-07 14:15:26]TIMES:50 GNSS:22576459 113917368 208000000 20000000 0 0 1 0
[2019-11-07 14:15:31]TIMES:55 ZONE3 TEMP:46
[2019-11-07 14:15:31]TIMES:55 ZONE5 TEMP:45
[2019-11-07 14:15:31]TIMES:55 CPU USE:18 4 14 0
[2019-11-07 14:15:31]TIMES:55 CPU0 USE:18 4 14 0
[2019-11-07 14:15:31]TIMES:55 SERIAL0:153 533 8974
[2019-11-07 14:15:31]TIMES:55 rmnet0:9824 55 0 0 0 0 0 0 13744 67 0 0 0 0 0 0
[2019-11-07 14:15:31]TIMES:55 rmnet_data1:3476 25 0 0 0 0 0 0 11064 40 0 0 0 0 0 0
[2019-11-07 14:15:31]TIMES:55 NET MODE:5 -75 -102
[2019-11-07 14:15:31]TIMES:55 GNSS:22576480 113917339 218000000 16000000 0 0 1 0
[2019-11-07 14:15:36]TIMES:60 CPU USE:18 6 12 0
[2019-11-07 14:15:36]TIMES:60 CPU0 USE:18 6 12 0
[2019-11-07 14:15:36]TIMES:60 SERIAL0:153 568 9043
[2019-11-07 14:15:36]TIMES:60 rmnet0:10776 62 0 0 0 0 0 0 14568 73 0 0 0 0 0 0
[2019-11-07 14:15:36]TIMES:60 rmnet_data1:4148 31 0 0 0 0 0 0 11888 46 0 0 0 0 0 0
[2019-11-07 14:15:36]TIMES:60 rmnet_data0:6079 31 0 0 0 0 0 0 2680 27 0 0 0 0 0 0
[2019-11-07 14:15:36]TIMES:60 NET MODE:5 -68 -102
[2019-11-07 14:15:36]TIMES:60 GNSS:22576480 113917325 219000000 12000000 0 0 1 0
[2019-11-07 14:15:41]TIMES:65 CPU USE:21 3 18 0
[2019-11-07 14:15:41]TIMES:65 CPU0 USE:21 3 18 0
[2019-11-07 14:15:41]TIMES:65 SERIAL0:153 592 9122
[2019-11-07 14:15:41]TIMES:65 rmnet0:11496 68 0 0 0 0 0 0 16384 79 0 0 0 0 0 0
[2019-11-07 14:15:41]TIMES:65 rmnet_data1:4816 37 0 0 0 0 0 0 13704 52 0 0 0 0 0 0
[2019-11-07 14:15:41]TIMES:65 NET MODE:5 -74 -102
[2019-11-07 14:15:41]TIMES:65 GNSS:22576479 113917324 219000000 11000000 0 0 1 0
[2019-11-07 14:15:46]TIMES:70 ZONE4 TEMP:44
[2019-11-07 14:15:46]TIMES:70 CPU USE:18 3 15 0
[2019-11-07 14:15:46]TIMES:70 CPU0 USE:18 3 15 0
[2019-11-07 14:15:46]TIMES:70 SERIAL0:153 630 9134
[2019-11-07 14:15:46]TIMES:70 rmnet0:12776 73 0 0 0 0 0 0 16384 79 0 0 0 0 0 0
[2019-11-07 14:15:46]TIMES:70 rmnet_data0:7314 36 0 0 0 0 0 0 2680 27 0 0 0 0 0 0
[2019-11-07 14:15:46]TIMES:70 GNSS:22576478 113917324 218000000 11000000 0 0 1 0
[2019-11-07 14:15:51]TIMES:75 CPU USE:25 6 19 0
[2019-11-07 14:15:51]TIMES:75 CPU0 USE:25 6 19 0
[2019-11-07 14:15:52]TIMES:75 SERIAL0:153 644 9149
[2019-11-07 14:15:52]TIMES:75 rmnet0:13640 79 0 0 0 0 0 0 17176 84 0 0 0 0 0 0
[2019-11-07 14:15:52]TIMES:75 rmnet_data1:5380 41 0 0 0 0 0 0 14360 55 0 0 0 0 0 0
[2019-11-07 14:15:52]TIMES:75 rmnet_data0:7562 38 0 0 0 0 0 0 2816 29 0 0 0 0 0 0
[2019-11-07 14:15:52]TIMES:75 NET MODE:5 -69 -102
[2019-11-07 14:15:52]TIMES:75 GNSS:22576476 113917327 216000000 11000000 0 0 1 0
[2019-11-07 14:15:57]TIMES:80 ZONE4 TEMP:43
[2019-11-07 14:15:57]TIMES:80 CPU USE:21 4 17 0
[2019-11-07 14:15:57]TIMES:80 CPU0 USE:21 4 17 0
[2019-11-07 14:15:57]TIMES:80 SERIAL0:153 682 9201
[2019-11-07 14:15:57]TIMES:80 rmnet0:13932 81 0 0 0 0 0 0 17824 85 0 0 0 0 0 0
[2019-11-07 14:15:57]TIMES:80 rmnet_data1:5432 42 0 0 0 0 0 0 15008 56 0 0 0 0 0 0
[2019-11-07 14:15:57]TIMES:80 rmnet_data0:7785 39 0 0 0 0 0 0 2816 29 0 0 0 0 0 0
[2019-11-07 14:15:57]TIMES:80 GNSS:22576415 113917356 176000000 11000000 0 0 1 0
[2019-11-07 14:16:02]TIMES:85 CPU USE:16 2 14 0
[2019-11-07 14:16:02]TIMES:85 CPU0 USE:16 2 14 0
[2019-11-07 14:16:02]TIMES:85 SERIAL0:153 696 9211
[2019-11-07 14:16:02]TIMES:85 rmnet0:15292 87 0 0 0 0 0 0 17824 85 0 0 0 0 0 0
[2019-11-07 14:16:02]TIMES:85 rmnet_data0:9091 45 0 0 0 0 0 0 2816 29 0 0 0 0 0 0
[2019-11-07 14:16:02]TIMES:85 GNSS:22576394 113917368 163000000 11000000 0 0 1 0
[2019-11-07 14:16:07]TIMES:90 CPU USE:16 3 13 0
[2019-11-07 14:16:07]TIMES:90 CPU0 USE:16 3 13 0
[2019-11-07 14:16:07]TIMES:90 SERIAL0:153 734 9214
[2019-11-07 14:16:07]TIMES:90 GNSS:22576344 113917340 148000000 12000000 0 0 1 0
[2019-11-07 14:16:12]TIMES:95 ZONE3 TEMP:45
[2019-11-07 14:16:12]TIMES:95 CPU USE:17 3 14 0
[2019-11-07 14:16:12]TIMES:95 CPU0 USE:17 3 14 0
[2019-11-07 14:16:12]TIMES:95 SERIAL0:153 748 9224
[2019-11-07 14:16:12]TIMES:95 rmnet0:15524 88 0 0 0 0 0 0 17824 85 0 0 0 0 0 0
[2019-11-07 14:16:12]TIMES:95 rmnet_data0:9314 46 0 0 0 0 0 0 2816 29 0 0 0 0 0 0
[2019-11-07 14:16:12]TIMES:95 GNSS:22576326 113917292 140000000 12000000 0 0 1 0
[2019-11-07 14:16:17]TIMES:100 ZONE3 TEMP:46
[2019-11-07 14:16:17]TIMES:100 ZONE4 TEMP:44
[2019-11-07 14:16:17]TIMES:100 CPU USE:18 3 15 0
[2019-11-07 14:16:17]TIMES:100 CPU0 USE:18 3 15 0
[2019-11-07 14:16:17]TIMES:100 SERIAL0:153 772 9227
[2019-11-07 14:16:17]TIMES:100 GNSS:22576329 113917260 134000000 12000000 0 0 1 0
[2019-11-07 14:16:22]TIMES:105 CPU USE:15 3 12 0
[2019-11-07 14:16:22]TIMES:105 CPU0 USE:15 3 12 0
[2019-11-07 14:16:22]TIMES:105 SERIAL0:153 800 9237
[2019-11-07 14:16:22]TIMES:105 GNSS:22576332 113917264 134000000 12000000 0 0 1 0
[2019-11-07 14:16:27]TIMES:110 ZONE4 TEMP:43
[2019-11-07 14:16:27]TIMES:110 CPU USE:31 7 24 0
[2019-11-07 14:16:27]TIMES:110 CPU0 USE:31 7 24 0
[2019-11-07 14:16:27]TIMES:110 SERIAL0:153 824 9250
[2019-11-07 14:16:27]TIMES:110 rmnet0:16020 91 0 0 0 0 0 0 17960 87 0 0 0 0 0 0
[2019-11-07 14:16:27]TIMES:110 rmnet_data0:9785 49 0 0 0 0 0 0 2952 31 0 0 0 0 0 0
[2019-11-07 14:16:27]TIMES:110 NET MODE:5 -74 -102
[2019-11-07 14:16:27]TIMES:110 GNSS:22576333 113917264 133000000 12000000 0 0 1 0
[2019-11-07 14:16:32]TIMES:115 ZONE4 TEMP:44
[2019-11-07 14:16:32]TIMES:115 CPU USE:16 4 12 0
[2019-11-07 14:16:32]TIMES:115 CPU0 USE:16 4 12 0
[2019-11-07 14:16:32]TIMES:115 SERIAL0:153 852 9250
[2019-11-07 14:16:32]TIMES:115 NET MODE:5 -69 -103
[2019-11-07 14:16:32]TIMES:115 GNSS:22576335 113917264 133000000 12000000 0 0 1 0
[2019-11-07 14:16:37]TIMES:120 ZONE4 TEMP:43
[2019-11-07 14:16:37]TIMES:120 CPU USE:16 3 13 0
[2019-11-07 14:16:37]TIMES:120 CPU0 USE:16 3 13 0
[2019-11-07 14:16:37]TIMES:120 SERIAL0:153 876 9266
[2019-11-07 14:16:37]TIMES:120 GNSS:22576336 113917264 132000000 12000000 0 0 1 0
[2019-11-07 14:16:42]TIMES:125 CPU USE:20 4 16 0
[2019-11-07 14:16:42]TIMES:125 CPU0 USE:20 4 16 0
[2019-11-07 14:16:42]TIMES:125 SERIAL0:153 914 9281
[2019-11-07 14:16:42]TIMES:125 rmnet0:17464 103 0 0 0 0 0 0 20488 98 0 0 0 0 0 0
[2019-11-07 14:16:42]TIMES:125 rmnet_data1:6468 52 0 0 0 0 0 0 17448 66 0 0 0 0 0 0
[2019-11-07 14:16:42]TIMES:125 rmnet_data0:10092 51 0 0 0 0 0 0 3040 32 0 0 0 0 0 0
[2019-11-07 14:16:47]TIMES:130 ZONE4 TEMP:44
[2019-11-07 14:16:47]TIMES:130 CPU USE:16 2 14 0
[2019-11-07 14:16:47]TIMES:130 CPU0 USE:16 2 14 0
[2019-11-07 14:16:47]TIMES:130 SERIAL0:153 938 9284
[2019-11-07 14:16:47]TIMES:130 rmnet0:17924 108 0 0 0 0 0 0 20928 103 0 0 0 0 0 0
[2019-11-07 14:16:47]TIMES:130 rmnet_data1:6888 57 0 0 0 0 0 0 17888 71 0 0 0 0 0 0
[2019-11-07 14:16:47]TIMES:130 GNSS:22576337 113917265 132000000 12000000 0 0 1 0
[2019-11-07 14:16:52]TIMES:135 ZONE5 TEMP:101
[2019-11-07 14:16:52]TIMES:135 CPU USE:16 3 13 0
[2019-11-07 14:16:52]TIMES:135 CPU0 USE:16 3 13 0
[2019-11-07 14:16:52]TIMES:135 SERIAL0:153 962 9299
[2019-11-07 14:16:52]TIMES:135 rmnet0:19216 118 0 0 0 0 0 0 22080 112 0 0 0 0 0 0
[2019-11-07 14:16:52]TIMES:135 rmnet_data1:7872 66 0 0 0 0 0 0 19040 80 0 0 0 0 0 0
[2019-11-07 14:16:52]TIMES:135 rmnet_data0:10315 52 0 0 0 0 0 0 3040 32 0 0 0 0 0 0
[2019-11-07 14:16:52]TIMES:135 GNSS:22576337 113917265 133000000 12000000 0 0 1 0
[2019-11-07 14:16:57]TIMES:140 ZONE5 TEMP:45
[2019-11-07 14:16:57]TIMES:140 CPU USE:30 7 23 0
[2019-11-07 14:16:57]TIMES:140 CPU0 USE:30 7 23 0
[2019-11-07 14:16:57]TIMES:140 SERIAL0:153 1000 9302
[2019-11-07 14:16:57]TIMES:140 bridge0:0 0 0 0 0 0 0 0 1148 14 0 0 0 0 0 0
[2019-11-07 14:16:57]TIMES:140 rmnet0:19940 125 0 0 0 0 0 0 22656 119 0 0 0 0 0 0
[2019-11-07 14:16:57]TIMES:140 rmnet_data1:8292 71 0 0 0 0 0 0 19480 85 0 0 0 0 0 0
[2019-11-07 14:16:57]TIMES:140 rmnet_data0:10563 54 0 0 0 0 0 0 3176 34 0 0 0 0 0 0
[2019-11-07 14:16:57]TIMES:140 GNSS:22576338 113917266 133000000 13000000 0 0 1 0
[2019-11-07 14:17:02]TIMES:145 CPU USE:17 3 14 0
[2019-11-07 14:17:02]TIMES:145 CPU0 USE:17 3 14 0
[2019-11-07 14:17:02]TIMES:145 SERIAL0:153 1034 9322
[2019-11-07 14:17:02]TIMES:145 bridge0:0 0 0 0 0 0 0 0 1292 16 0 0 0 0 0 0
[2019-11-07 14:17:02]TIMES:145 rmnet0:21000 134 0 0 0 0 0 0 23808 128 0 0 0 0 0 0
[2019-11-07 14:17:02]TIMES:145 rmnet_data1:9276 80 0 0 0 0 0 0 20632 94 0 0 0 0 0 0
[2019-11-07 14:17:02]TIMES:145 GNSS:22576339 113917266 133000000 13000000 0 0 1 0
[2019-11-07 14:17:07]TIMES:150 ZONE0 TEMP:47
[2019-11-07 14:17:07]TIMES:150 MEM FREE:92 30
[2019-11-07 14:17:07]TIMES:150 CPU USE:18 4 14 0
[2019-11-07 14:17:07]TIMES:150 CPU0 USE:18 4 14 0
[2019-11-07 14:17:07]TIMES:150 SERIAL0:153 1072 9347
[2019-11-07 14:17:07]TIMES:150 bridge0:0 0 0 0 0 0 0 0 1364 17 0 0 0 0 0 0
[2019-11-07 14:17:07]TIMES:150 rmnet0:21692 140 0 0 0 0 0 0 24248 133 0 0 0 0 0 0
[2019-11-07 14:17:07]TIMES:150 rmnet_data1:9696 85 0 0 0 0 0 0 21072 99 0 0 0 0 0 0
[2019-11-07 14:17:07]TIMES:150 rmnet_data0:10786 55 0 0 0 0 0 0 3176 34 0 0 0 0 0 0
[2019-11-07 14:17:07]TIMES:150 GNSS:22576339 113917267 133000000 13000000 0 0 1 0
[2019-11-07 14:17:12]TIMES:155 ZONE0 TEMP:46
[2019-11-07 14:17:12]TIMES:155 MEM FREE:93 30
[2019-11-07 14:17:12]TIMES:155 CPU USE:15 5 10 0
[2019-11-07 14:17:12]TIMES:155 CPU0 USE:15 5 10 0
[2019-11-07 14:17:12]TIMES:155 SERIAL0:153 1096 9357
[2019-11-07 14:17:12]TIMES:155 rmnet0:22752 149 0 0 0 0 0 0 25400 142 0 0 0 0 0 0
[2019-11-07 14:17:12]TIMES:155 rmnet_data1:10680 94 0 0 0 0 0 0 22224 108 0 0 0 0 0 0
[2019-11-07 14:17:12]TIMES:155 GNSS:22576339 113917267 133000000 12000000 0 0 1 0
[2019-11-07 14:17:17]TIMES:160 MEM FREE:92 30
[2019-11-07 14:17:17]TIMES:160 CPU USE:18 5 13 0
[2019-11-07 14:17:17]TIMES:160 CPU0 USE:18 5 13 0
[2019-11-07 14:17:17]TIMES:160 SERIAL0:153 1134 9380
[2019-11-07 14:17:17]TIMES:160 rmnet0:23444 155 0 0 0 0 0 0 25840 147 0 0 0 0 0 0
[2019-11-07 14:17:17]TIMES:160 rmnet_data1:11100 99 0 0 0 0 0 0 22664 113 0 0 0 0 0 0
[2019-11-07 14:17:17]TIMES:160 rmnet_data0:11009 56 0 0 0 0 0 0 3176 34 0 0 0 0 0 0
[2019-11-07 14:17:17]TIMES:160 GNSS:22576339 113917266 133000000 11000000 0 0 1 0
[2019-11-07 14:17:22]TIMES:165 ZONE0 TEMP:47
[2019-11-07 14:17:22]TIMES:165 CPU USE:16 3 13 0
[2019-11-07 14:17:22]TIMES:165 CPU0 USE:16 3 13 0
[2019-11-07 14:17:22]TIMES:165 SERIAL0:153 1148 9400
[2019-11-07 14:17:22]TIMES:165 rmnet0:23904 160 0 0 0 0 0 0 26280 152 0 0 0 0 0 0
[2019-11-07 14:17:22]TIMES:165 rmnet_data1:11520 104 0 0 0 0 0 0 23104 118 0 0 0 0 0 0
[2019-11-07 14:17:22]TIMES:165 GNSS:22576339 113917264 133000000 11000000 0 0 1 0
[2019-11-07 14:17:27]TIMES:170 ZONE0 TEMP:46
[2019-11-07 14:17:27]TIMES:170 ZONE4 TEMP:43
[2019-11-07 14:17:27]TIMES:170 MEM FREE:93 30
[2019-11-07 14:17:27]TIMES:170 CPU USE:15 3 12 0
[2019-11-07 14:17:27]TIMES:170 CPU0 USE:15 3 12 0
[2019-11-07 14:17:27]TIMES:170 SERIAL0:153 1186 9408
[2019-11-07 14:17:27]TIMES:170 rmnet0:24364 165 0 0 0 0 0 0 26720 157 0 0 0 0 0 0
[2019-11-07 14:17:27]TIMES:170 rmnet_data1:11940 109 0 0 0 0 0 0 23544 123 0 0 0 0 0 0
[2019-11-07 14:17:27]TIMES:170 GNSS:22576339 113917262 132000000 10000000 0 0 1 0
[2019-11-07 14:17:32]TIMES:175 ZONE4 TEMP:44
[2019-11-07 14:17:32]TIMES:175 MEM FREE:92 30
[2019-11-07 14:17:32]TIMES:175 CPU USE:44 11 33 0
[2019-11-07 14:17:32]TIMES:175 CPU0 USE:44 11 33 0
[2019-11-07 14:17:32]TIMES:175 SERIAL0:153 1200 9423
[2019-11-07 14:17:32]TIMES:175 rmnet0:25776 178 0 0 0 0 0 0 27652 169 0 0 0 0 0 0
[2019-11-07 14:17:32]TIMES:175 rmnet_data1:12360 114 0 0 0 0 0 0 23984 128 0 0 0 0 0 0
[2019-11-07 14:17:32]TIMES:175 rmnet_data0:11888 64 0 0 0 0 0 0 3668 41 0 0 0 0 0 0
[2019-11-07 14:17:32]TIMES:175 GNSS:22576400 113917158 113000000 10000000 0 0 1 0
[2019-11-07 14:17:37]TIMES:180 CPU USE:17 3 14 0
[2019-11-07 14:17:37]TIMES:180 CPU0 USE:17 3 14 0
[2019-11-07 14:17:37]TIMES:180 SERIAL0:153 1224 9441
[2019-11-07 14:17:37]TIMES:180 rmnet0:26236 183 0 0 0 0 0 0 29372 175 0 0 0 0 0 0
[2019-11-07 14:17:37]TIMES:180 rmnet_data1:12780 119 0 0 0 0 0 0 25704 134 0 0 0 0 0 0
[2019-11-07 14:17:37]TIMES:180 GNSS:22576398 113917138 111000000 11000000 0 0 1 0
[2019-11-07 14:17:42]TIMES:185 MEM FREE:93 30
[2019-11-07 14:17:42]TIMES:185 CPU USE:14 5 9 0
[2019-11-07 14:17:42]TIMES:185 CPU0 USE:14 5 9 0
[2019-11-07 14:17:42]TIMES:185 SERIAL0:153 1252 9441
[2019-11-07 14:17:42]TIMES:185 rmnet0:26804 190 0 0 0 0 0 0 29812 180 0 0 0 0 0 0
[2019-11-07 14:17:42]TIMES:185 rmnet_data1:13252 125 0 0 0 0 0 0 26144 139 0 0 0 0 0 0
[2019-11-07 14:17:42]TIMES:185 rmnet_data0:11928 65 0 0 0 0 0 0 3668 41 0 0 0 0 0 0
[2019-11-07 14:17:42]TIMES:185 GNSS:22576400 113917125 111000000 12000000 0 110000 1 0
[2019-11-07 14:17:47]TIMES:190 CPU USE:17 4 13 0
[2019-11-07 14:17:47]TIMES:190 CPU0 USE:17 4 13 0
[2019-11-07 14:17:47]TIMES:190 SERIAL0:153 1276 9454
[2019-11-07 14:17:47]TIMES:190 rmnet0:27264 195 0 0 0 0 0 0 30252 185 0 0 0 0 0 0
[2019-11-07 14:17:47]TIMES:190 rmnet_data1:13672 130 0 0 0 0 0 0 26584 144 0 0 0 0 0 0
[2019-11-07 14:17:47]TIMES:190 GNSS:22576387 113917117 114000000 13000000 0 0 1 0
[2019-11-07 14:17:52]TIMES:195 CPU USE:17 2 15 0
[2019-11-07 14:17:52]TIMES:195 CPU0 USE:17 2 15 0
[2019-11-07 14:17:52]TIMES:195 SERIAL0:153 1304 9464
[2019-11-07 14:17:52]TIMES:195 rmnet0:27724 200 0 0 0 0 0 0 30692 190 0 0 0 0 0 0
[2019-11-07 14:17:52]TIMES:195 rmnet_data1:14092 135 0 0 0 0 0 0 27024 149 0 0 0 0 0 0
[2019-11-07 14:17:52]TIMES:195 GNSS:22576383 113917111 116000000 14000000 0 0 1 0
[2019-11-07 14:17:57]TIMES:200 CPU USE:21 4 17 0
[2019-11-07 14:17:57]TIMES:200 CPU0 USE:21 4 17 0
[2019-11-07 14:17:57]TIMES:200 SERIAL0:153 1328 9467
[2019-11-07 14:17:57]TIMES:200 rmnet0:28272 206 0 0 0 0 0 0 31200 196 0 0 0 0 0 0
[2019-11-07 14:17:57]TIMES:200 rmnet_data1:14512 140 0 0 0 0 0 0 27464 154 0 0 0 0 0 0
[2019-11-07 14:17:57]TIMES:200 rmnet_data0:12007 66 0 0 0 0 0 0 3736 42 0 0 0 0 0 0
[2019-11-07 14:17:57]TIMES:200 NET MODE:5 -74 -102
[2019-11-07 14:17:57]TIMES:200 GNSS:22576380 113917104 118000000 14000000 0 0 1 0
[2019-11-07 14:18:02]TIMES:205 ZONE0 TEMP:47
[2019-11-07 14:18:02]TIMES:205 ZONE1 TEMP:46
[2019-11-07 14:18:02]TIMES:205 CPU USE:30 7 23 0
[2019-11-07 14:18:02]TIMES:205 CPU0 USE:30 7 23 0
[2019-11-07 14:18:02]TIMES:205 SERIAL0:153 1356 9482
[2019-11-07 14:18:02]TIMES:205 rmnet0:28996 213 0 0 0 0 0 0 31776 203 0 0 0 0 0 0
[2019-11-07 14:18:02]TIMES:205 rmnet_data1:14932 145 0 0 0 0 0 0 27904 159 0 0 0 0 0 0
[2019-11-07 14:18:02]TIMES:205 rmnet_data0:12255 68 0 0 0 0 0 0 3872 44 0 0 0 0 0 0
[2019-11-07 14:18:02]TIMES:205 GNSS:22576378 113917104 118000000 14000000 0 0 1 0
[2019-11-07 14:18:07]TIMES:210 ZONE2 TEMP:49
[2019-11-07 14:18:07]TIMES:210 ZONE3 TEMP:47
[2019-11-07 14:18:07]TIMES:210 ZONE4 TEMP:45
[2019-11-07 14:18:07]TIMES:210 CPU USE:19 3 16 0
[2019-11-07 14:18:07]TIMES:210 CPU0 USE:19 3 16 0
[2019-11-07 14:18:07]TIMES:210 SERIAL0:153 1380 9495
[2019-11-07 14:18:07]TIMES:210 rmnet0:29456 218 0 0 0 0 0 0 32216 208 0 0 0 0 0 0
[2019-11-07 14:18:07]TIMES:210 rmnet_data1:15352 150 0 0 0 0 0 0 28344 164 0 0 0 0 0 0
[2019-11-07 14:18:07]TIMES:210 GNSS:22576365 113917095 122000000 15000000 273200000 194164 1 0
[2019-11-07 14:18:12]TIMES:215 ZONE0 TEMP:48
[2019-11-07 14:18:12]TIMES:215 MEM FREE:93 24
[2019-11-07 14:18:12]TIMES:215 CPU USE:37 3 34 0
[2019-11-07 14:18:12]TIMES:215 CPU0 USE:37 3 34 0
[2019-11-07 14:18:12]TIMES:215 SERIAL0:153 1394 9515
[2019-11-07 14:18:12]TIMES:215 GNSS:22576329 113917047 132000000 15000000 0 0 1 0
[2019-11-07 14:18:17]TIMES:220 MEM FREE:93 21
[2019-11-07 14:18:17]TIMES:220 CPU USE:32 7 25 0
[2019-11-07 14:18:17]TIMES:220 CPU0 USE:32 7 25 0
[2019-11-07 14:18:17]TIMES:220 SERIAL0:153 1432 9533
[2019-11-07 14:18:17]TIMES:220 NET MODE:5 -69 -102
[2019-11-07 14:18:17]TIMES:220 GNSS:22576317 113917030 136000000 14000000 0 0 1 0
[2019-11-07 14:18:22]TIMES:225 ZONE0 TEMP:45
[2019-11-07 14:18:22]TIMES:225 ZONE1 TEMP:42
[2019-11-07 14:18:22]TIMES:225 ZONE2 TEMP:44
[2019-11-07 14:18:22]TIMES:225 ZONE3 TEMP:43
[2019-11-07 14:18:22]TIMES:225 ZONE4 TEMP:42
[2019-11-07 14:18:22]TIMES:225 MEM FREE:93 18
[2019-11-07 14:18:22]TIMES:225 CPU USE:30 5 25 0
[2019-11-07 14:18:22]TIMES:225 CPU0 USE:30 5 25 0
[2019-11-07 14:18:22]TIMES:225 SERIAL0:153 1446 9533
[2019-11-07 14:18:22]TIMES:225 NET MODE:5 -74 -102
[2019-11-07 14:18:22]TIMES:225 GNSS:22576319 113917025 136000000 13000000 0 0 1 0
[2019-11-07 14:18:27]TIMES:230 ZONE0 TEMP:44
[2019-11-07 14:18:27]TIMES:230 ZONE1 TEMP:41
[2019-11-07 14:18:27]TIMES:230 ZONE2 TEMP:43
[2019-11-07 14:18:27]TIMES:230 ZONE3 TEMP:42
[2019-11-07 14:18:27]TIMES:230 ZONE4 TEMP:41
[2019-11-07 14:18:27]TIMES:230 ZONE5 TEMP:44
[2019-11-07 14:18:27]TIMES:230 MEM FREE:93 16
[2019-11-07 14:18:27]TIMES:230 CPU USE:25 5 20 0
[2019-11-07 14:18:27]TIMES:230 CPU0 USE:25 5 20 0
[2019-11-07 14:18:27]TIMES:230 SERIAL0:153 1484 9556
[2019-11-07 14:18:27]TIMES:230 NET MODE:5 -69 -102
[2019-11-07 14:18:27]TIMES:230 GNSS:22576319 113917023 136000000 14000000 0 0 1 0
[2019-11-07 14:18:32]TIMES:235 ZONE0 TEMP:43
[2019-11-07 14:18:32]TIMES:235 ZONE1 TEMP:40
[2019-11-07 14:18:32]TIMES:235 ZONE3 TEMP:41
[2019-11-07 14:18:32]TIMES:235 ZONE4 TEMP:40
[2019-11-07 14:18:32]TIMES:235 CPU USE:16 4 12 0
[2019-11-07 14:18:32]TIMES:235 CPU0 USE:16 4 12 0
[2019-11-07 14:18:32]TIMES:235 SERIAL0:153 1498 9566
[2019-11-07 14:18:32]TIMES:235 GNSS:22576320 113917021 135000000 15000000 0 0 1 0
[2019-11-07 14:18:37]TIMES:240 ZONE0 TEMP:46
[2019-11-07 14:18:37]TIMES:240 ZONE1 TEMP:45
[2019-11-07 14:18:37]TIMES:240 ZONE2 TEMP:48
[2019-11-07 14:18:37]TIMES:240 ZONE3 TEMP:46
[2019-11-07 14:18:37]TIMES:240 ZONE4 TEMP:44
[2019-11-07 14:18:37]TIMES:240 MEM FREE:93 15
[2019-11-07 14:18:37]TIMES:240 CPU USE:30 6 24 0
[2019-11-07 14:18:37]TIMES:240 CPU0 USE:30 6 24 0
[2019-11-07 14:18:37]TIMES:240 SERIAL0:153 1536 9569
[2019-11-07 14:18:37]TIMES:240 rmnet0:32220 230 0 0 0 0 0 0 34264 224 0 0 0 0 0 0
[2019-11-07 14:18:37]TIMES:240 rmnet_data1:17755 160 0 0 0 0 0 0 30256 178 0 0 0 0 0 0
[2019-11-07 14:18:37]TIMES:240 rmnet_data0:12503 70 0 0 0 0 0 0 4008 46 0 0 0 0 0 0
[2019-11-07 14:18:37]TIMES:240 GNSS:22576320 113917020 135000000 13000000 0 0 1 0
[2019-11-07 14:18:40]TIMES:245 ZONE3 TEMP:45
[2019-11-07 14:18:40]TIMES:245 ZONE4 TEMP:43
[2019-11-07 14:18:40]TIMES:245 ZONE5 TEMP:45
[2019-11-07 14:18:40]TIMES:245 CPU USE:16 4 12 0
[2019-11-07 14:18:40]TIMES:245 CPU0 USE:16 4 12 0
[2019-11-07 14:18:40]TIMES:245 SERIAL0:153 1586 9583
[2019-11-07 14:18:40]TIMES:245 rmnet0:32860 238 0 0 0 0 0 0 36168 232 0 0 0 0 0 0
[2019-11-07 14:18:40]TIMES:245 rmnet_data1:18331 168 0 0 0 0 0 0 32160 186 0 0 0 0 0 0
[2019-11-07 14:18:40]TIMES:245 GNSS:22576375 113917002 131000000 12000000 324600000 174642 1 0
[2019-11-07 14:18:45]TIMES:250 ZONE3 TEMP:46
[2019-11-07 14:18:45]TIMES:250 ZONE4 TEMP:44
[2019-11-07 14:18:45]TIMES:250 ZONE5 TEMP:44
[2019-11-07 14:18:45]TIMES:250 CPU USE:16 3 13 0
[2019-11-07 14:18:45]TIMES:250 CPU0 USE:16 3 13 0
[2019-11-07 14:18:45]TIMES:250 SERIAL0:153 1610 9596
[2019-11-07 14:18:45]TIMES:250 rmnet0:33320 243 0 0 0 0 0 0 36608 237 0 0 0 0 0 0
[2019-11-07 14:18:45]TIMES:250 rmnet_data1:18751 173 0 0 0 0 0 0 32600 191 0 0 0 0 0 0
[2019-11-07 14:18:45]TIMES:250 GNSS:22576435 113916991 127000000 12000000 0 0 1 0
[2019-11-07 14:18:50]TIMES:255 ZONE5 TEMP:45
[2019-11-07 14:18:50]TIMES:255 CPU USE:16 4 12 0
[2019-11-07 14:18:50]TIMES:255 CPU0 USE:16 4 12 0
[2019-11-07 14:18:50]TIMES:255 SERIAL0:153 1638 9601
[2019-11-07 14:18:50]TIMES:255 rmnet0:33872 249 0 0 0 0 0 0 37048 242 0 0 0 0 0 0
[2019-11-07 14:18:50]TIMES:255 rmnet_data1:19255 179 0 0 0 0 0 0 33040 196 0 0 0 0 0 0
[2019-11-07 14:18:50]TIMES:255 GNSS:22576458 113916979 126000000 11000000 0 0 1 0
[2019-11-07 14:18:55]TIMES:260 CPU USE:18 4 14 0
[2019-11-07 14:18:55]TIMES:260 CPU0 USE:18 4 14 0
[2019-11-07 14:18:55]TIMES:260 SERIAL0:153 1662 9614
[2019-11-07 14:18:55]TIMES:260 rmnet0:34332 254 0 0 0 0 0 0 37488 247 0 0 0 0 0 0
[2019-11-07 14:18:55]TIMES:260 rmnet_data1:19675 184 0 0 0 0 0 0 33480 201 0 0 0 0 0 0
[2019-11-07 14:18:55]TIMES:260 GNSS:22576505 113916886 118000000 11000000 0 0 1 0
[2019-11-07 14:19:00]TIMES:265 CPU USE:15 3 12 0
[2019-11-07 14:19:00]TIMES:265 CPU0 USE:15 3 12 0
[2019-11-07 14:19:00]TIMES:265 SERIAL0:153 1690 9614
[2019-11-07 14:19:00]TIMES:265 rmnet0:34792 259 0 0 0 0 0 0 37928 252 0 0 0 0 0 0
[2019-11-07 14:19:00]TIMES:265 rmnet_data1:20095 189 0 0 0 0 0 0 33920 206 0 0 0 0 0 0
[2019-11-07 14:19:00]TIMES:265 GNSS:22576528 113916818 112000000 9000000 0 0 1 0
[2019-11-07 14:19:05]TIMES:270 ZONE0 TEMP:47
[2019-11-07 14:19:05]TIMES:270 ZONE1 TEMP:46
[2019-11-07 14:19:05]TIMES:270 CPU USE:31 6 25 0
[2019-11-07 14:19:05]TIMES:270 CPU0 USE:31 6 25 0
[2019-11-07 14:19:05]TIMES:270 SERIAL0:153 1714 9627
[2019-11-07 14:19:05]TIMES:270 bridge0:0 0 0 0 0 0 0 0 1508 19 0 0 0 0 0 0
[2019-11-07 14:19:05]TIMES:270 rmnet0:35424 265 0 0 0 0 0 0 38504 259 0 0 0 0 0 0
[2019-11-07 14:19:05]TIMES:270 rmnet_data1:20431 193 0 0 0 0 0 0 34360 211 0 0 0 0 0 0
[2019-11-07 14:19:05]TIMES:270 rmnet_data0:12751 72 0 0 0 0 0 0 4144 48 0 0 0 0 0 0
[2019-11-07 14:19:05]TIMES:270 GNSS:22576540 113916737 99000000 10000000 0 0 1 0
[2019-11-07 14:19:10]TIMES:275 ZONE0 TEMP:46
[2019-11-07 14:19:10]TIMES:275 ZONE1 TEMP:45
[2019-11-07 14:19:10]TIMES:275 CPU USE:14 3 11 0
[2019-11-07 14:19:10]TIMES:275 CPU0 USE:14 3 11 0
[2019-11-07 14:19:10]TIMES:275 SERIAL0:153 1742 9637
[2019-11-07 14:19:10]TIMES:275 bridge0:0 0 0 0 0 0 0 0 1652 21 0 0 0 0 0 0
[2019-11-07 14:19:10]TIMES:275 rmnet0:35884 270 0 0 0 0 0 0 38944 264 0 0 0 0 0 0
[2019-11-07 14:19:10]TIMES:275 rmnet_data1:20851 198 0 0 0 0 0 0 34800 216 0 0 0 0 0 0
[2019-11-07 14:19:10]TIMES:275 GNSS:22576549 113916732 106000000 12000000 288300000 384707 1 0
[2019-11-07 14:19:15]TIMES:280 ZONE0 TEMP:47
[2019-11-07 14:19:15]TIMES:280 ZONE1 TEMP:46
[2019-11-07 14:19:15]TIMES:280 CPU USE:18 3 15 0
[2019-11-07 14:19:15]TIMES:280 CPU0 USE:18 3 15 0
[2019-11-07 14:19:15]TIMES:280 SERIAL0:153 1766 9645
[2019-11-07 14:19:15]TIMES:280 rmnet0:36436 276 0 0 0 0 0 0 39384 269 0 0 0 0 0 0
[2019-11-07 14:19:15]TIMES:280 rmnet_data1:21355 204 0 0 0 0 0 0 35240 221 0 0 0 0 0 0
[2019-11-07 14:19:15]TIMES:280 NET MODE:5 -77 -108
[2019-11-07 14:19:15]TIMES:280 GNSS:22576612 113916735 113000000 14000000 0 0 1 0
[2019-11-07 14:19:20]TIMES:285 CPU USE:17 4 13 0
[2019-11-07 14:19:20]TIMES:285 CPU0 USE:17 4 13 0
[2019-11-07 14:19:20]TIMES:285 SERIAL0:153 1794 9671
[2019-11-07 14:19:20]TIMES:285 rmnet0:38844 292 0 0 0 0 0 0 41508 288 0 0 0 0 0 0
[2019-11-07 14:19:20]TIMES:285 rmnet_data1:23623 220 0 0 0 0 0 0 37364 240 0 0 0 0 0 0
[2019-11-07 14:19:20]TIMES:285 NET MODE:5 -73 -104
[2019-11-07 14:19:20]TIMES:285 GNSS:22576619 113916741 116000000 12000000 0 0 1 0
[2019-11-07 14:19:25]TIMES:290 CPU USE:16 4 12 0
[2019-11-07 14:19:25]TIMES:290 CPU0 USE:16 4 12 0
[2019-11-07 14:19:25]TIMES:290 SERIAL0:153 1818 9674
[2019-11-07 14:19:25]TIMES:290 rmnet0:39396 298 0 0 0 0 0 0 41948 293 0 0 0 0 0 0
[2019-11-07 14:19:25]TIMES:290 rmnet_data1:24127 226 0 0 0 0 0 0 37804 245 0 0 0 0 0 0
[2019-11-07 14:19:25]TIMES:290 GNSS:22576625 113916743 116000000 13000000 0 0 1 0
[2019-11-07 14:19:30]TIMES:295 ZONE5 TEMP:44
[2019-11-07 14:19:30]TIMES:295 CPU USE:17 3 14 0
[2019-11-07 14:19:30]TIMES:295 CPU0 USE:17 3 14 0
[2019-11-07 14:19:30]TIMES:295 SERIAL0:153 1832 9684
[2019-11-07 14:19:30]TIMES:295 rmnet0:39856 303 0 0 0 0 0 0 42388 298 0 0 0 0 0 0
[2019-11-07 14:19:30]TIMES:295 rmnet_data1:24547 231 0 0 0 0 0 0 38244 250 0 0 0 0 0 0
[2019-11-07 14:19:30]TIMES:295 GNSS:22576628 113916746 117000000 14000000 0 0 1 0
[2019-11-07 14:19:35]TIMES:300 ZONE2 TEMP:49
[2019-11-07 14:19:35]TIMES:300 ZONE4 TEMP:45
[2019-11-07 14:19:35]TIMES:300 ZONE5 TEMP:45
[2019-11-07 14:19:35]TIMES:300 MEM FREE:92 15
[2019-11-07 14:19:35]TIMES:300 CPU USE:22 4 18 0
[2019-11-07 14:19:35]TIMES:300 CPU0 USE:22 4 18 0
[2019-11-07 14:19:35]TIMES:300 SERIAL0:153 1870 9687
[2019-11-07 14:19:35]TIMES:300 rmnet0:40316 308 0 0 0 0 0 0 44136 304 0 0 0 0 0 0
[2019-11-07 14:19:35]TIMES:300 rmnet_data1:24967 236 0 0 0 0 0 0 39992 256 0 0 0 0 0 0
[2019-11-07 14:19:35]TIMES:300 GNSS:22576630 113916748 117000000 14000000 0 0 1 0
[2019-11-07 14:19:40]TIMES:305 ZONE2 TEMP:48
[2019-11-07 14:19:40]TIMES:305 ZONE4 TEMP:44
[2019-11-07 14:19:40]TIMES:305 MEM FREE:93 15
[2019-11-07 14:19:40]TIMES:305 CPU USE:21 6 15 0
[2019-11-07 14:19:40]TIMES:305 CPU0 USE:21 6 15 0
[2019-11-07 14:19:40]TIMES:305 SERIAL0:153 2074 10068
[2019-11-07 14:19:40]TIMES:305 rmnet0:41100 316 0 0 0 0 0 0 44712 311 0 0 0 0 0 0
[2019-11-07 14:19:40]TIMES:305 rmnet_data1:25439 242 0 0 0 0 0 0 40432 261 0 0 0 0 0 0
[2019-11-07 14:19:40]TIMES:305 rmnet_data0:12999 74 0 0 0 0 0 0 4280 50 0 0 0 0 0 0
[2019-11-07 14:19:40]TIMES:305 GNSS:22576631 113916749 118000000 16000000 0 0 1 0
[2019-11-07 14:19:45]TIMES:310 ZONE2 TEMP:49
[2019-11-07 14:19:45]TIMES:310 CPU USE:20 5 15 0
[2019-11-07 14:19:45]TIMES:310 CPU0 USE:20 5 15 0
[2019-11-07 14:19:45]TIMES:310 SERIAL0:153 2231 10255
[2019-11-07 14:19:45]TIMES:310 rmnet0:41560 321 0 0 0 0 0 0 45152 316 0 0 0 0 0 0
[2019-11-07 14:19:45]TIMES:310 rmnet_data1:25859 247 0 0 0 0 0 0 40872 266 0 0 0 0 0 0
[2019-11-07 14:19:45]TIMES:310 GNSS:22576631 113916750 118000000 16000000 0 0 1 0
[2019-11-07 14:19:50]TIMES:315 ZONE2 TEMP:48
[2019-11-07 14:19:50]TIMES:315 CPU USE:16 4 12 0
[2019-11-07 14:19:50]TIMES:315 CPU0 USE:16 4 12 0
[2019-11-07 14:19:50]TIMES:315 SERIAL0:153 2348 10453
[2019-11-07 14:19:50]TIMES:315 rmnet0:42020 326 0 0 0 0 0 0 45592 321 0 0 0 0 0 0
[2019-11-07 14:19:50]TIMES:315 rmnet_data1:26279 252 0 0 0 0 0 0 41312 271 0 0 0 0 0 0
[2019-11-07 14:19:50]TIMES:315 GNSS:22576632 113916752 119000000 17000000 0 0 1 0
[2019-11-07 14:19:55]TIMES:320 CPU USE:15 3 12 0
[2019-11-07 14:19:55]TIMES:320 CPU0 USE:15 3 12 0
[2019-11-07 14:19:55]TIMES:320 SERIAL0:153 2386 10456
[2019-11-07 14:19:55]TIMES:320 rmnet0:42480 331 0 0 0 0 0 0 46032 326 0 0 0 0 0 0
[2019-11-07 14:19:55]TIMES:320 rmnet_data1:26699 257 0 0 0 0 0 0 41752 276 0 0 0 0 0 0
[2019-11-07 14:19:55]TIMES:320 GNSS:22576634 113916756 119000000 15000000 0 0 1 0
[2019-11-07 14:20:00]TIMES:325 CPU USE:16 4 12 0
[2019-11-07 14:20:00]TIMES:325 CPU0 USE:16 4 12 0
[2019-11-07 14:20:00]TIMES:325 SERIAL0:153 2400 10486
[2019-11-07 14:20:00]TIMES:325 rmnet0:42940 336 0 0 0 0 0 0 46472 331 0 0 0 0 0 0
[2019-11-07 14:20:00]TIMES:325 rmnet_data1:27119 262 0 0 0 0 0 0 42192 281 0 0 0 0 0 0
[2019-11-07 14:20:00]TIMES:325 GNSS:22576635 113916758 119000000 15000000 0 0 1 0
[2019-11-07 14:20:05]TIMES:330 CPU USE:18 4 14 0
[2019-11-07 14:20:05]TIMES:330 CPU0 USE:18 4 14 0
[2019-11-07 14:20:05]TIMES:330 SERIAL0:153 2438 10499
[2019-11-07 14:20:05]TIMES:330 rmnet0:43308 340 0 0 0 0 0 0 46824 335 0 0 0 0 0 0
[2019-11-07 14:20:05]TIMES:330 rmnet_data1:27455 266 0 0 0 0 0 0 42544 285 0 0 0 0 0 0
[2019-11-07 14:20:05]TIMES:330 GNSS:22576638 113916761 120000000 15000000 0 0 1 0
[2019-11-07 14:20:10]TIMES:335 CPU USE:27 7 20 0
[2019-11-07 14:20:10]TIMES:335 CPU0 USE:27 7 20 0
[2019-11-07 14:20:10]TIMES:335 SERIAL0:153 2452 10519
[2019-11-07 14:20:10]TIMES:335 rmnet0:43572 342 0 0 0 0 0 0 46960 337 0 0 0 0 0 0
[2019-11-07 14:20:10]TIMES:335 rmnet_data0:13247 76 0 0 0 0 0 0 4416 52 0 0 0 0 0 0
[2019-11-07 14:20:10]TIMES:335 GNSS:22576641 113916763 120000000 14000000 0 0 1 0
[2019-11-07 14:20:15]TIMES:340 CPU USE:15 4 11 0
[2019-11-07 14:20:15]TIMES:340 CPU0 USE:15 4 11 0
[2019-11-07 14:20:15]TIMES:340 SERIAL0:153 2476 10537
[2019-11-07 14:20:15]TIMES:340 GNSS:22576644 113916765 120000000 16000000 0 0 1 0
[2019-11-07 14:20:20]TIMES:345 CPU USE:16 3 13 0
[2019-11-07 14:20:20]TIMES:345 CPU0 USE:16 3 13 0
[2019-11-07 14:20:20]TIMES:345 SERIAL0:153 2504 10552
[2019-11-07 14:20:20]TIMES:345 GNSS:22576646 113916767 121000000 17000000 0 0 1 0
[2019-11-07 14:20:25]TIMES:350 ZONE0 TEMP:44
[2019-11-07 14:20:25]TIMES:350 ZONE1 TEMP:41
[2019-11-07 14:20:25]TIMES:350 ZONE2 TEMP:43
[2019-11-07 14:20:25]TIMES:350 ZONE3 TEMP:42
[2019-11-07 14:20:25]TIMES:350 ZONE4 TEMP:41
[2019-11-07 14:20:25]TIMES:350 CPU USE:16 4 12 0
[2019-11-07 14:20:25]TIMES:350 CPU0 USE:16 4 12 0
[2019-11-07 14:20:25]TIMES:350 SERIAL0:153 2528 10570
[2019-11-07 14:20:25]TIMES:350 GNSS:22576679 113916768 120000000 18000000 0 0 1 0
[2019-11-07 14:20:30]TIMES:355 ZONE0 TEMP:43
[2019-11-07 14:20:30]TIMES:355 ZONE1 TEMP:40
[2019-11-07 14:20:30]TIMES:355 ZONE5 TEMP:44
[2019-11-07 14:20:30]TIMES:355 CPU USE:16 4 12 0
[2019-11-07 14:20:30]TIMES:355 CPU0 USE:16 4 12 0
[2019-11-07 14:20:30]TIMES:355 SERIAL0:153 2556 10580
[2019-11-07 14:20:30]TIMES:355 GNSS:22576720 113916787 120000000 18000000 0 0 1 0
[2019-11-07 14:20:35]TIMES:360 ZONE0 TEMP:44
[2019-11-07 14:20:35]TIMES:360 ZONE1 TEMP:43
[2019-11-07 14:20:35]TIMES:360 ZONE2 TEMP:46
[2019-11-07 14:20:35]TIMES:360 ZONE3 TEMP:43
[2019-11-07 14:20:35]TIMES:360 ZONE4 TEMP:42
[2019-11-07 14:20:35]TIMES:360 ZONE6 TEMP:37
[2019-11-07 14:20:35]TIMES:360 CPU USE:18 4 14 0
[2019-11-07 14:20:35]TIMES:360 CPU0 USE:18 4 14 0
[2019-11-07 14:20:35]TIMES:360 SERIAL0:153 2580 10593
[2019-11-07 14:20:35]TIMES:360 rmnet0:43664 343 0 0 0 0 0 0 48372 339 0 0 0 0 0 0
[2019-11-07 14:20:35]TIMES:360 rmnet_data1:27539 267 0 0 0 0 0 0 43956 287 0 0 0 0 0 0
[2019-11-07 14:20:35]TIMES:360 GNSS:22576744 113916803 118000000 14000000 0 0 1 0
[2019-11-07 14:20:40]TIMES:365 ZONE0 TEMP:46
[2019-11-07 14:20:40]TIMES:365 ZONE1 TEMP:45
[2019-11-07 14:20:40]TIMES:365 ZONE2 TEMP:48
[2019-11-07 14:20:40]TIMES:365 ZONE3 TEMP:46
[2019-11-07 14:20:40]TIMES:365 ZONE4 TEMP:44
[2019-11-07 14:20:40]TIMES:365 ZONE6 TEMP:38
[2019-11-07 14:20:40]TIMES:365 MEM FREE:92 15
[2019-11-07 14:20:40]TIMES:365 CPU USE:37 10 27 0
[2019-11-07 14:20:40]TIMES:365 CPU0 USE:37 10 27 0
[2019-11-07 14:20:40]TIMES:365 SERIAL0:153 2608 10603
[2019-11-07 14:20:40]TIMES:365 rmnet0:44904 356 0 0 0 0 0 0 49304 351 0 0 0 0 0 0
[2019-11-07 14:20:40]TIMES:365 rmnet_data1:28011 273 0 0 0 0 0 0 44396 292 0 0 0 0 0 0
[2019-11-07 14:20:40]TIMES:365 rmnet_data0:13903 83 0 0 0 0 0 0 4908 59 0 0 0 0 0 0
[2019-11-07 14:20:40]TIMES:365 GNSS:22576747 113916790 116000000 13000000 0 0 1 0
[2019-11-07 14:20:45]TIMES:370 ZONE3 TEMP:45
[2019-11-07 14:20:45]TIMES:370 ZONE4 TEMP:43
[2019-11-07 14:20:45]TIMES:370 ZONE5 TEMP:45
[2019-11-07 14:20:45]TIMES:370 MEM FREE:93 15
[2019-11-07 14:20:45]TIMES:370 CPU USE:18 3 15 0
[2019-11-07 14:20:45]TIMES:370 CPU0 USE:18 3 15 0
[2019-11-07 14:20:45]TIMES:370 SERIAL0:153 2632 10621
[2019-11-07 14:20:45]TIMES:370 rmnet0:45364 361 0 0 0 0 0 0 49744 356 0 0 0 0 0 0
[2019-11-07 14:20:45]TIMES:370 rmnet_data1:28431 278 0 0 0 0 0 0 44836 297 0 0 0 0 0 0
[2019-11-07 14:20:45]TIMES:370 GNSS:22576749 113916790 117000000 14000000 0 0 1 0
[2019-11-07 14:20:50]TIMES:375 CPU USE:15 3 12 0
[2019-11-07 14:20:50]TIMES:375 CPU0 USE:15 3 12 0
[2019-11-07 14:20:50]TIMES:375 SERIAL0:153 2660 10641
[2019-11-07 14:20:50]TIMES:375 rmnet0:45824 366 0 0 0 0 0 0 50184 361 0 0 0 0 0 0
[2019-11-07 14:20:50]TIMES:375 rmnet_data1:28851 283 0 0 0 0 0 0 45276 302 0 0 0 0 0 0
[2019-11-07 14:20:50]TIMES:375 GNSS:22576750 113916791 118000000 13000000 0 0 1 0
[2019-11-07 14:20:55]TIMES:380 ZONE3 TEMP:46
[2019-11-07 14:20:55]TIMES:380 CPU USE:15 4 11 0
[2019-11-07 14:20:55]TIMES:380 CPU0 USE:15 4 11 0
[2019-11-07 14:20:55]TIMES:380 SERIAL0:153 2684 10664
[2019-11-07 14:20:55]TIMES:380 rmnet0:46284 371 0 0 0 0 0 0 50624 366 0 0 0 0 0 0
[2019-11-07 14:20:55]TIMES:380 rmnet_data1:29271 288 0 0 0 0 0 0 45716 307 0 0 0 0 0 0
[2019-11-07 14:20:55]TIMES:380 GNSS:22576751 113916792 119000000 14000000 0 0 1 0
[2019-11-07 14:21:00]TIMES:385 CPU USE:16 3 13 0
[2019-11-07 14:21:00]TIMES:385 CPU0 USE:16 3 13 0
[2019-11-07 14:21:00]TIMES:385 SERIAL0:153 2698 10674
[2019-11-07 14:21:00]TIMES:385 rmnet0:46744 376 0 0 0 0 0 0 51064 371 0 0 0 0 0 0
[2019-11-07 14:21:00]TIMES:385 rmnet_data1:29691 293 0 0 0 0 0 0 46156 312 0 0 0 0 0 0
[2019-11-07 14:21:00]TIMES:385 GNSS:22576752 113916794 120000000 13000000 0 0 1 0
[2019-11-07 14:21:05]TIMES:390 ZONE4 TEMP:44
[2019-11-07 14:21:05]TIMES:390 CPU USE:20 3 17 0
[2019-11-07 14:21:05]TIMES:390 CPU0 USE:20 3 17 0
[2019-11-07 14:21:05]TIMES:390 SERIAL0:153 2736 10692
[2019-11-07 14:21:05]TIMES:390 bridge0:0 0 0 0 0 0 0 0 1724 22 0 0 0 0 0 0
[2019-11-07 14:21:05]TIMES:390 rmnet0:47204 381 0 0 0 0 0 0 51504 376 0 0 0 0 0 0
[2019-11-07 14:21:05]TIMES:390 rmnet_data1:30111 298 0 0 0 0 0 0 46596 317 0 0 0 0 0 0
[2019-11-07 14:21:05]TIMES:390 GNSS:22576753 113916796 120000000 12000000 0 0 1 0
[2019-11-07 14:21:10]TIMES:395 CPU USE:19 3 16 0
[2019-11-07 14:21:10]TIMES:395 CPU0 USE:19 3 16 0
[2019-11-07 14:21:10]TIMES:395 SERIAL0:153 2750 10707
[2019-11-07 14:21:10]TIMES:395 bridge0:0 0 0 0 0 0 0 0 1868 24 0 0 0 0 0 0
[2019-11-07 14:21:10]TIMES:395 rmnet0:47752 387 0 0 0 0 0 0 52012 382 0 0 0 0 0 0
[2019-11-07 14:21:10]TIMES:395 rmnet_data1:30531 303 0 0 0 0 0 0 47036 322 0 0 0 0 0 0
[2019-11-07 14:21:10]TIMES:395 rmnet_data0:13982 84 0 0 0 0 0 0 4976 60 0 0 0 0 0 0
[2019-11-07 14:21:10]TIMES:395 GNSS:22576754 113916797 121000000 12000000 0 0 1 0
[2019-11-07 14:21:15]TIMES:400 CPU USE:30 5 25 0
[2019-11-07 14:21:15]TIMES:400 CPU0 USE:30 5 25 0
[2019-11-07 14:21:15]TIMES:400 SERIAL0:153 2788 10725
[2019-11-07 14:21:15]TIMES:400 bridge0:0 0 0 0 0 0 0 0 1940 25 0 0 0 0 0 0
[2019-11-07 14:21:15]TIMES:400 rmnet0:48476 394 0 0 0 0 0 0 52588 389 0 0 0 0 0 0
[2019-11-07 14:21:15]TIMES:400 rmnet_data1:30951 308 0 0 0 0 0 0 47476 327 0 0 0 0 0 0
[2019-11-07 14:21:15]TIMES:400 rmnet_data0:14230 86 0 0 0 0 0 0 5112 62 0 0 0 0 0 0
[2019-11-07 14:21:15]TIMES:400 GNSS:22576754 113916799 121000000 12000000 0 0 1 0
[2019-11-07 14:21:20]TIMES:405 ZONE0 TEMP:47
[2019-11-07 14:21:20]TIMES:405 CPU USE:18 4 14 0
[2019-11-07 14:21:20]TIMES:405 CPU0 USE:18 4 14 0
[2019-11-07 14:21:20]TIMES:405 SERIAL0:153 2802 10735
[2019-11-07 14:21:20]TIMES:405 rmnet0:48936 399 0 0 0 0 0 0 53028 394 0 0 0 0 0 0
[2019-11-07 14:21:20]TIMES:405 rmnet_data1:31371 313 0 0 0 0 0 0 47916 332 0 0 0 0 0 0
[2019-11-07 14:21:20]TIMES:405 GNSS:22576755 113916800 122000000 12000000 0 0 1 0
[2019-11-07 14:21:25]TIMES:410 ZONE0 TEMP:46
[2019-11-07 14:21:25]TIMES:410 CPU USE:16 3 13 0
[2019-11-07 14:21:25]TIMES:410 CPU0 USE:16 3 13 0
[2019-11-07 14:21:25]TIMES:410 SERIAL0:153 2840 10748
[2019-11-07 14:21:25]TIMES:410 rmnet0:49396 404 0 0 0 0 0 0 53468 399 0 0 0 0 0 0
[2019-11-07 14:21:25]TIMES:410 rmnet_data1:31791 318 0 0 0 0 0 0 48356 337 0 0 0 0 0 0
[2019-11-07 14:21:25]TIMES:410 GNSS:22576756 113916801 123000000 12000000 0 0 1 0
[2019-11-07 14:21:30]TIMES:415 CPU USE:17 5 12 0
[2019-11-07 14:21:30]TIMES:415 CPU0 USE:17 5 12 0
[2019-11-07 14:21:30]TIMES:415 SERIAL0:153 2854 10758
[2019-11-07 14:21:30]TIMES:415 rmnet0:52276 419 0 0 0 0 0 0 55636 417 0 0 0 0 0 0
[2019-11-07 14:21:30]TIMES:415 rmnet_data1:34534 333 0 0 0 0 0 0 50524 355 0 0 0 0 0 0
[2019-11-07 14:21:30]TIMES:415 GNSS:22576757 113916803 123000000 12000000 0 0 1 0
[2019-11-07 14:21:52]TIMES:420 ZONE0 TEMP:47
[2019-11-07 14:21:52]TIMES:420 CPU USE:20 4 16 0
[2019-11-07 14:21:52]TIMES:420 CPU0 USE:20 4 16 0
[2019-11-07 14:21:52]TIMES:420 SERIAL0:153 2914 10780
[2019-11-07 14:21:52]TIMES:420 rmnet0:52880 427 0 0 0 0 0 0 57536 425 0 0 0 0 0 0
[2019-11-07 14:21:52]TIMES:420 rmnet_data1:35074 341 0 0 0 0 0 0 52424 363 0 0 0 0 0 0
[2019-11-07 14:21:52]TIMES:420 GNSS:22576757 113916805 124000000 12000000 0 0 1 0
[2019-11-07 14:21:57]TIMES:425 ZONE5 TEMP:44
[2019-11-07 14:21:57]TIMES:425 MEM FREE:92 15
[2019-11-07 14:21:57]TIMES:425 CPU USE:15 3 12 0
[2019-11-07 14:21:57]TIMES:425 CPU0 USE:15 3 12 0
[2019-11-07 14:21:57]TIMES:425 SERIAL0:153 2942 10800
[2019-11-07 14:21:57]TIMES:425 rmnet0:53340 432 0 0 0 0 0 0 57976 430 0 0 0 0 0 0
[2019-11-07 14:21:57]TIMES:425 rmnet_data1:35494 346 0 0 0 0 0 0 52864 368 0 0 0 0 0 0
[2019-11-07 14:21:57]TIMES:425 GNSS:22576757 113916806 124000000 13000000 0 0 1 0
[2019-11-07 14:22:02]TIMES:430 ZONE5 TEMP:45
[2019-11-07 14:22:02]TIMES:430 MEM FREE:93 15
[2019-11-07 14:22:02]TIMES:430 CPU USE:30 5 25 0
[2019-11-07 14:22:02]TIMES:430 CPU0 USE:30 5 25 0
[2019-11-07 14:22:02]TIMES:430 SERIAL0:153 2966 10823
[2019-11-07 14:22:02]TIMES:430 rmnet0:54064 439 0 0 0 0 0 0 58552 437 0 0 0 0 0 0
[2019-11-07 14:22:02]TIMES:430 rmnet_data1:35914 351 0 0 0 0 0 0 53304 373 0 0 0 0 0 0
[2019-11-07 14:22:02]TIMES:430 rmnet_data0:14478 88 0 0 0 0 0 0 5248 64 0 0 0 0 0 0
[2019-11-07 14:22:02]TIMES:430 GNSS:22576758 113916808 124000000 13000000 0 0 1 0
[2019-11-07 14:22:07]TIMES:435 CPU USE:15 3 12 0
[2019-11-07 14:22:07]TIMES:435 CPU0 USE:15 3 12 0
[2019-11-07 14:22:07]TIMES:435 SERIAL0:153 2994 10833
[2019-11-07 14:22:07]TIMES:435 rmnet0:54524 444 0 0 0 0 0 0 58992 442 0 0 0 0 0 0
[2019-11-07 14:22:07]TIMES:435 rmnet_data1:36334 356 0 0 0 0 0 0 53744 378 0 0 0 0 0 0
[2019-11-07 14:22:07]TIMES:435 GNSS:22576763 113916823 125000000 14000000 0 0 1 0
[2019-11-07 14:22:12]TIMES:440 ZONE0 TEMP:46
[2019-11-07 14:22:12]TIMES:440 ZONE1 TEMP:46
[2019-11-07 14:22:12]TIMES:440 CPU USE:16 4 12 0
[2019-11-07 14:22:12]TIMES:440 CPU0 USE:16 4 12 0
[2019-11-07 14:22:12]TIMES:440 SERIAL0:153 3018 10851
[2019-11-07 14:22:12]TIMES:440 rmnet0:54984 449 0 0 0 0 0 0 59432 447 0 0 0 0 0 0
[2019-11-07 14:22:12]TIMES:440 rmnet_data1:36754 361 0 0 0 0 0 0 54184 383 0 0 0 0 0 0
[2019-11-07 14:22:12]TIMES:440 GNSS:22576766 113916833 126000000 15000000 0 0 1 0
[2019-11-07 14:22:17]TIMES:445 ZONE1 TEMP:45
[2019-11-07 14:22:17]TIMES:445 CPU USE:16 2 14 0
[2019-11-07 14:22:17]TIMES:445 CPU0 USE:16 2 14 0
[2019-11-07 14:22:17]TIMES:445 SERIAL0:153 3046 10866
[2019-11-07 14:22:17]TIMES:445 rmnet0:55444 454 0 0 0 0 0 0 59872 452 0 0 0 0 0 0
[2019-11-07 14:22:17]TIMES:445 rmnet_data1:37174 366 0 0 0 0 0 0 54624 388 0 0 0 0 0 0
[2019-11-07 14:22:17]TIMES:445 GNSS:22576760 113916831 127000000 15000000 0 0 1 0
[2019-11-07 14:22:22]TIMES:450 ZONE0 TEMP:47
[2019-11-07 14:22:22]TIMES:450 ZONE1 TEMP:46
[2019-11-07 14:22:22]TIMES:450 CPU USE:17 4 13 0
[2019-11-07 14:22:22]TIMES:450 CPU0 USE:17 4 13 0
[2019-11-07 14:22:22]TIMES:450 SERIAL0:153 3070 10884
[2019-11-07 14:22:22]TIMES:450 rmnet0:55812 458 0 0 0 0 0 0 60224 456 0 0 0 0 0 0
[2019-11-07 14:22:22]TIMES:450 rmnet_data1:37510 370 0 0 0 0 0 0 54976 392 0 0 0 0 0 0
[2019-11-07 14:22:22]TIMES:450 GNSS:22576756 113916831 129000000 16000000 0 60000 1 0
[2019-11-07 14:22:27]TIMES:455 ZONE0 TEMP:46
[2019-11-07 14:22:27]TIMES:455 ZONE1 TEMP:45
[2019-11-07 14:22:27]TIMES:455 CPU USE:13 3 10 0
[2019-11-07 14:22:27]TIMES:455 CPU0 USE:13 3 10 0
[2019-11-07 14:22:27]TIMES:455 SERIAL0:153 3098 10894
[2019-11-07 14:22:27]TIMES:455 GNSS:22576734 113916819 131000000 14000000 0 0 1 0
[2019-11-07 14:22:32]TIMES:460 CPU USE:17 3 14 0
[2019-11-07 14:22:32]TIMES:460 CPU0 USE:17 3 14 0
[2019-11-07 14:22:32]TIMES:460 SERIAL0:153 3122 10907
[2019-11-07 14:22:32]TIMES:460 GNSS:22576710 113916808 133000000 13000000 0 0 1 0
[2019-11-07 14:22:37]TIMES:465 ZONE0 TEMP:47
[2019-11-07 14:22:37]TIMES:465 CPU USE:28 5 23 0
[2019-11-07 14:22:37]TIMES:465 CPU0 USE:28 5 23 0
[2019-11-07 14:22:37]TIMES:465 SERIAL0:153 3136 10917
[2019-11-07 14:22:37]TIMES:465 rmnet0:56076 460 0 0 0 0 0 0 60360 458 0 0 0 0 0 0
[2019-11-07 14:22:37]TIMES:465 rmnet_data0:14726 90 0 0 0 0 0 0 5384 66 0 0 0 0 0 0
[2019-11-07 14:22:37]TIMES:465 GNSS:22576701 113916801 134000000 14000000 0 0 1 0
[2019-11-07 14:22:42]TIMES:470 ZONE1 TEMP:46
[2019-11-07 14:22:42]TIMES:470 CPU USE:18 4 14 0
[2019-11-07 14:22:42]TIMES:470 CPU0 USE:18 4 14 0
[2019-11-07 14:22:42]TIMES:470 SERIAL0:153 3174 10940
[2019-11-07 14:22:42]TIMES:470 GNSS:22576699 113916799 134000000 16000000 0 0 1 0
[2019-11-07 14:22:47]TIMES:475 ZONE0 TEMP:44
[2019-11-07 14:22:47]TIMES:475 ZONE1 TEMP:42
[2019-11-07 14:22:47]TIMES:475 ZONE2 TEMP:44
[2019-11-07 14:22:47]TIMES:475 ZONE3 TEMP:43
[2019-11-07 14:22:47]TIMES:475 ZONE4 TEMP:42
[2019-11-07 14:22:47]TIMES:475 CPU USE:14 2 12 0
[2019-11-07 14:22:47]TIMES:475 CPU0 USE:14 2 12 0
[2019-11-07 14:22:47]TIMES:475 SERIAL0:153 3188 10960
[2019-11-07 14:22:47]TIMES:475 GNSS:22576699 113916799 135000000 14000000 0 0 1 0
[2019-11-07 14:22:52]TIMES:480 ZONE0 TEMP:45
[2019-11-07 14:22:52]TIMES:480 ZONE1 TEMP:44
[2019-11-07 14:22:52]TIMES:480 ZONE2 TEMP:47
[2019-11-07 14:22:52]TIMES:480 ZONE3 TEMP:44
[2019-11-07 14:22:52]TIMES:480 CPU USE:18 3 15 0
[2019-11-07 14:22:52]TIMES:480 CPU0 USE:18 3 15 0
[2019-11-07 14:22:52]TIMES:480 SERIAL0:153 3226 10978
[2019-11-07 14:22:52]TIMES:480 rmnet0:56216 462 0 0 0 0 0 0 61800 460 0 0 0 0 0 0
[2019-11-07 14:22:52]TIMES:480 rmnet_data1:37634 372 0 0 0 0 0 0 56416 394 0 0 0 0 0 0
[2019-11-07 14:22:52]TIMES:480 GNSS:22576699 113916799 135000000 13000000 0 0 1 0
[2019-11-07 14:22:57]TIMES:485 ZONE0 TEMP:46
[2019-11-07 14:22:57]TIMES:485 ZONE1 TEMP:45
[2019-11-07 14:22:57]TIMES:485 ZONE2 TEMP:48
[2019-11-07 14:22:57]TIMES:485 ZONE3 TEMP:46
[2019-11-07 14:22:57]TIMES:485 ZONE4 TEMP:44
[2019-11-07 14:22:57]TIMES:485 MEM FREE:92 15
[2019-11-07 14:22:57]TIMES:485 CPU USE:16 4 12 0
[2019-11-07 14:22:57]TIMES:485 CPU0 USE:16 4 12 0
[2019-11-07 14:22:57]TIMES:485 SERIAL0:153 3240 10993
[2019-11-07 14:22:57]TIMES:485 rmnet0:56676 467 0 0 0 0 0 0 62240 465 0 0 0 0 0 0
[2019-11-07 14:22:57]TIMES:485 rmnet_data1:38054 377 0 0 0 0 0 0 56856 399 0 0 0 0 0 0
[2019-11-07 14:23:02]TIMES:490 MEM FREE:93 15
[2019-11-07 14:23:02]TIMES:490 CPU USE:17 4 13 0
[2019-11-07 14:23:02]TIMES:490 CPU0 USE:17 4 13 0
[2019-11-07 14:23:02]TIMES:490 SERIAL0:153 3278 11011
[2019-11-07 14:23:02]TIMES:490 rmnet0:57136 472 0 0 0 0 0 0 62680 470 0 0 0 0 0 0
[2019-11-07 14:23:02]TIMES:490 rmnet_data1:38474 382 0 0 0 0 0 0 57296 404 0 0 0 0 0 0
[2019-11-07 14:23:02]TIMES:490 GNSS:22576700 113916799 135000000 14000000 0 0 1 0
[2019-11-07 14:23:07]TIMES:495 CPU USE:28 6 22 0
[2019-11-07 14:23:07]TIMES:495 CPU0 USE:28 6 22 0
[2019-11-07 14:23:07]TIMES:495 SERIAL0:153 3292 11026
[2019-11-07 14:23:07]TIMES:495 rmnet0:57860 479 0 0 0 0 0 0 63256 477 0 0 0 0 0 0
[2019-11-07 14:23:07]TIMES:495 rmnet_data1:38894 387 0 0 0 0 0 0 57736 409 0 0 0 0 0 0
[2019-11-07 14:23:07]TIMES:495 rmnet_data0:14974 92 0 0 0 0 0 0 5520 68 0 0 0 0 0 0
[2019-11-07 14:23:07]TIMES:495 GNSS:22576700 113916800 136000000 14000000 0 0 1 0
[2019-11-07 14:23:12]TIMES:500 ZONE1 TEMP:46
[2019-11-07 14:23:12]TIMES:500 CPU USE:17 5 12 0
[2019-11-07 14:23:12]TIMES:500 CPU0 USE:17 5 12 0
[2019-11-07 14:23:12]TIMES:500 SERIAL0:153 3330 11039
[2019-11-07 14:23:12]TIMES:500 rmnet0:58320 484 0 0 0 0 0 0 63696 482 0 0 0 0 0 0
[2019-11-07 14:23:12]TIMES:500 rmnet_data1:39314 392 0 0 0 0 0 0 58176 414 0 0 0 0 0 0
[2019-11-07 14:23:12]TIMES:500 GNSS:22576701 113916802 136000000 13000000 0 0 1 0
[2019-11-07 14:23:17]TIMES:505 ZONE1 TEMP:45
[2019-11-07 14:23:17]TIMES:505 CPU USE:15 3 12 0
[2019-11-07 14:23:17]TIMES:505 CPU0 USE:15 3 12 0
[2019-11-07 14:23:17]TIMES:505 SERIAL0:153 3344 11049
[2019-11-07 14:23:17]TIMES:505 rmnet0:58780 489 0 0 0 0 0 0 64136 487 0 0 0 0 0 0
[2019-11-07 14:23:17]TIMES:505 rmnet_data1:39734 397 0 0 0 0 0 0 58616 419 0 0 0 0 0 0
[2019-11-07 14:23:17]TIMES:505 GNSS:22576688 113916769 142000000 14000000 0 0 1 0
[2019-11-07 14:23:22]TIMES:510 ZONE0 TEMP:47
[2019-11-07 14:23:22]TIMES:510 MEM FREE:92 15
[2019-11-07 14:23:22]TIMES:510 CPU USE:17 5 12 0
[2019-11-07 14:23:22]TIMES:510 CPU0 USE:17 5 12 0
[2019-11-07 14:23:22]TIMES:510 SERIAL0:153 3368 11062
[2019-11-07 14:23:22]TIMES:510 rmnet0:59240 494 0 0 0 0 0 0 64576 492 0 0 0 0 0 0
[2019-11-07 14:23:22]TIMES:510 rmnet_data1:40154 402 0 0 0 0 0 0 59056 424 0 0 0 0 0 0
[2019-11-07 14:23:22]TIMES:510 GNSS:22576661 113916736 146000000 13000000 21800000 363593 1 0
[2019-11-07 14:23:27]TIMES:515 ZONE1 TEMP:46
[2019-11-07 14:23:27]TIMES:515 ZONE5 TEMP:44
[2019-11-07 14:23:27]TIMES:515 MEM FREE:93 15
[2019-11-07 14:23:27]TIMES:515 CPU USE:16 1 15 0
[2019-11-07 14:23:27]TIMES:515 CPU0 USE:16 1 15 0
[2019-11-07 14:23:27]TIMES:515 SERIAL0:153 3396 11077
[2019-11-07 14:23:27]TIMES:515 rmnet0:59700 499 0 0 0 0 0 0 65016 497 0 0 0 0 0 0
[2019-11-07 14:23:27]TIMES:515 rmnet_data1:40574 407 0 0 0 0 0 0 59496 429 0 0 0 0 0 0
[2019-11-07 14:23:27]TIMES:515 GNSS:22576624 113916698 145000000 14000000 0 0 1 0
[2019-11-07 14:23:32]TIMES:520 ZONE5 TEMP:45
[2019-11-07 14:23:32]TIMES:520 MEM FREE:92 15
[2019-11-07 14:23:32]TIMES:520 CPU USE:16 4 12 0
[2019-11-07 14:23:32]TIMES:520 CPU0 USE:16 4 12 0
[2019-11-07 14:23:32]TIMES:520 SERIAL0:153 3420 11100
[2019-11-07 14:23:32]TIMES:520 bridge0:0 0 0 0 0 0 0 0 2084 27 0 0 0 0 0 0
[2019-11-07 14:23:32]TIMES:520 rmnet0:60160 504 0 0 0 0 0 0 65456 502 0 0 0 0 0 0
[2019-11-07 14:23:32]TIMES:520 rmnet_data1:40994 412 0 0 0 0 0 0 59936 434 0 0 0 0 0 0
[2019-11-07 14:23:32]TIMES:520 GNSS:22576583 113916665 138000000 15000000 0 0 1 0
[2019-11-07 14:23:37]TIMES:525 MEM FREE:93 15
[2019-11-07 14:23:37]TIMES:525 CPU USE:28 7 21 0
[2019-11-07 14:23:37]TIMES:525 CPU0 USE:28 7 21 0
[2019-11-07 14:23:37]TIMES:525 SERIAL0:153 3448 11110
[2019-11-07 14:23:37]TIMES:525 bridge0:0 0 0 0 0 0 0 0 2228 29 0 0 0 0 0 0
[2019-11-07 14:23:37]TIMES:525 rmnet0:60884 511 0 0 0 0 0 0 66032 509 0 0 0 0 0 0
[2019-11-07 14:23:37]TIMES:525 rmnet_data1:41414 417 0 0 0 0 0 0 60376 439 0 0 0 0 0 0
[2019-11-07 14:23:37]TIMES:525 rmnet_data0:15222 94 0 0 0 0 0 0 5656 70 0 0 0 0 0 0
[2019-11-07 14:23:37]TIMES:525 GNSS:22576554 113916649 134000000 14000000 0 0 1 0
[2019-11-07 14:23:42]TIMES:530 MEM FREE:92 15
[2019-11-07 14:23:42]TIMES:530 CPU USE:16 3 13 0
[2019-11-07 14:23:42]TIMES:530 CPU0 USE:16 3 13 0
[2019-11-07 14:23:42]TIMES:530 SERIAL0:153 3472 11128
[2019-11-07 14:23:42]TIMES:530 rmnet0:61344 516 0 0 0 0 0 0 66472 514 0 0 0 0 0 0
[2019-11-07 14:23:42]TIMES:530 rmnet_data1:41834 422 0 0 0 0 0 0 60816 444 0 0 0 0 0 0
[2019-11-07 14:23:42]TIMES:530 GNSS:22576550 113916649 134000000 14000000 0 0 1 0
