[1980-01-06 08:00:16]sleep:5
[1980-01-06 08:00:16]change:1
[1980-01-06 08:00:16]address:
[1980-01-06 08:00:16]time:0
[1980-01-06 08:00:16]size:5
[1980-01-06 08:00:16]Oct 31 2019 14:30:13
[1980-01-06 08:00:21]TIMES:0 ZONE0 TEMP:45
[1980-01-06 08:00:21]TIMES:0 ZONE1 TEMP:42
[1980-01-06 08:00:21]TIMES:0 ZONE2 TEMP:44
[1980-01-06 08:00:21]TIMES:0 ZONE3 TEMP:43
[1980-01-06 08:00:21]TIMES:0 ZONE4 TEMP:43
[1980-01-06 08:00:21]TIMES:0 ZONE5 TEMP:45
[1980-01-06 08:00:21]TIMES:0 ZONE6 TEMP:38
[1980-01-06 08:00:21]TIMES:0 MEM FREE:95 35
[1980-01-06 08:00:21]TIMES:0 CPU0 FREQ:806400
[1980-01-06 08:00:21]TIMES:0 SERIAL0:153 181 206
[1980-01-06 08:00:21]TIMES:0 SERIAL1:151 0 0
[1980-01-06 08:00:21]TIMES:0 bridge0:0 0 0 0 0 0 0 0 596 6 0 0 0 0 0 0
[1980-01-06 08:00:21]TIMES:0 NET DELAY:-500
[1980-01-06 08:00:26]TIMES:5 ZONE0 TEMP:47
[1980-01-06 08:00:26]TIMES:5 ZONE1 TEMP:46
[1980-01-06 08:00:26]TIMES:5 ZONE2 TEMP:48
[1980-01-06 08:00:26]TIMES:5 ZONE3 TEMP:46
[1980-01-06 08:00:26]TIMES:5 ZONE4 TEMP:45
[1980-01-06 08:00:26]TIMES:5 MEM FREE:93 31
[1980-01-06 08:00:26]TIMES:5 CPU USE:53 13 40 0
[1980-01-06 08:00:26]TIMES:5 CPU0 USE:53 13 40 0
[1980-01-06 08:00:26]TIMES:5 SERIAL0:153 219 218
[1980-01-06 08:00:26]TIMES:5 rmnet0:0 0 0 0 0 0 0 0 776 10 0 0 0 0 0 0
[1980-01-06 08:00:26]TIMES:5     lo:2624 32 0 0 0 0 0 0 2624 32 0 0 0 0 0 0
[1980-01-06 08:00:26]TIMES:5 rmnet_data1:0 0 0 0 0 0 0 0 388 5 0 0 0 0 0 0
[1980-01-06 08:00:26]TIMES:5 rmnet_data0:0 0 0 0 0 0 0 0 388 5 0 0 0 0 0 0
[1980-01-06 08:00:31]TIMES:10 ZONE2 TEMP:49
[1980-01-06 08:00:31]TIMES:10 ZONE3 TEMP:47
[1980-01-06 08:00:31]TIMES:10 ZONE6 TEMP:39
[1980-01-06 08:00:31][H[JMem: 124636K used, 32356K free, 48K shrd, 0K buff, 62572K cached
STAT     %CPU     COMMAND[0m
S     33.3     process-service
3080     top     -n1
root     0.0     /usr/bin/netmgrd
S     0.0     /usr/bin/thermal-engine
root     0.0     mcm_ril_service
S     0.0     modem-service

[1980-01-06 08:00:31]TIMES:10 CPU USE:95 21 74 0
[1980-01-06 08:00:31][H[JMem: 124552K used, 32440K free, 48K shrd, 0K buff, 62572K cached
STAT     %CPU     COMMAND[0m
3080     top     -n1
S     6.8     power-service
S     6.8     process-service
root     0.0     /usr/bin/netmgrd
S     0.0     /usr/bin/thermal-engine
root     0.0     mcm_ril_service

[1980-01-06 08:00:31]TIMES:10 CPU0 USE:95 21 74 0
[1980-01-06 08:00:31]TIMES:10 SERIAL0:153 243 221
[1980-01-06 08:00:31]TIMES:10 rmnet0:812 8 0 0 0 0 0 0 1340 18 0 0 0 0 0 0
[1980-01-06 08:00:31]TIMES:10     lo:5248 64 0 0 0 0 0 0 5248 64 0 0 0 0 0 0
[1980-01-06 08:00:31]TIMES:10 rmnet_data0:740 8 0 0 0 0 0 0 952 13 0 0 0 0 0 0
[1980-01-06 08:00:31]TIMES:10 NET MODE:5 -70 -104
[1980-01-06 08:00:36]TIMES:15 ZONE3 TEMP:46
[1980-01-06 08:00:36]TIMES:15 CPU USE:19 3 16 0
[1980-01-06 08:00:36]TIMES:15 CPU0 USE:19 3 16 0
[1980-01-06 08:00:36]TIMES:15 SERIAL0:153 257 231
[1980-01-06 08:00:36]TIMES:15     lo:7872 96 0 0 0 0 0 0 7872 96 0 0 0 0 0 0
[1980-01-06 08:00:41]TIMES:20 ZONE2 TEMP:48
[1980-01-06 08:00:41]TIMES:20 ZONE4 TEMP:44
[1980-01-06 08:00:41]TIMES:20 ZONE5 TEMP:46
[1980-01-06 08:00:41]TIMES:20 MEM FREE:92 31
[1980-01-06 08:00:41]TIMES:20 CPU USE:14 4 10 0
[1980-01-06 08:00:41]TIMES:20 CPU0 USE:14 4 10 0
[1980-01-06 08:00:41]TIMES:20 SERIAL0:153 295 244
[1980-01-06 08:00:41]TIMES:20 bridge0:0 0 0 0 0 0 0 0 884 10 0 0 0 0 0 0
[1980-01-06 08:00:41]TIMES:20     lo:10496 128 0 0 0 0 0 0 10496 128 0 0 0 0 0 0
[1980-01-06 08:00:46]TIMES:25 ZONE0 TEMP:46
[1980-01-06 08:00:46]TIMES:25 ZONE1 TEMP:43
[1980-01-06 08:00:46]TIMES:25 ZONE2 TEMP:46
[1980-01-06 08:00:46]TIMES:25 ZONE3 TEMP:44
[1980-01-06 08:00:46]TIMES:25 ZONE4 TEMP:43
[1980-01-06 08:00:46]TIMES:25 ZONE5 TEMP:45
[1980-01-06 08:00:46]TIMES:25 MEM FREE:93 31
[1980-01-06 08:00:46]TIMES:25 CPU USE:14 3 11 0
[1980-01-06 08:00:46]TIMES:25 CPU0 USE:14 3 11 0
[1980-01-06 08:00:46]TIMES:25 SERIAL0:153 309 249
[1980-01-06 08:00:46]TIMES:25     lo:13120 160 0 0 0 0 0 0 13120 160 0 0 0 0 0 0
[1980-01-06 08:00:51]TIMES:30 ZONE0 TEMP:44
[1980-01-06 08:00:51]TIMES:30 ZONE1 TEMP:41
[1980-01-06 08:00:51]TIMES:30 ZONE2 TEMP:44
[1980-01-06 08:00:51]TIMES:30 ZONE3 TEMP:42
[1980-01-06 08:00:51]TIMES:30 ZONE4 TEMP:41
[1980-01-06 08:00:51]TIMES:30 ZONE6 TEMP:38
[1980-01-06 08:00:51]TIMES:30 CPU USE:17 3 14 0
[1980-01-06 08:00:51]TIMES:30 CPU0 USE:17 3 14 0
[1980-01-06 08:00:51]TIMES:30 SERIAL0:153 361 262
[1980-01-06 08:00:51]TIMES:30     lo:15744 192 0 0 0 0 0 0 15744 192 0 0 0 0 0 0
[1980-01-06 08:00:56]TIMES:35 ZONE2 TEMP:43
[1980-01-06 08:00:56]TIMES:35 CPU USE:15 3 12 0
[1980-01-06 08:00:56]TIMES:35 CPU0 USE:15 3 12 0
[1980-01-06 08:00:56]TIMES:35 SERIAL0:153 375 267
