[1980-01-06 08:00:16]sleep:5
[1980-01-06 08:00:16]change:1
[1980-01-06 08:00:16]address:
[1980-01-06 08:00:16]time:0
[1980-01-06 08:00:16]size:5
[1980-01-06 08:00:16]Oct 31 2019 14:30:13
[1980-01-06 08:00:21]TIMES:0 ZONE0 TEMP:44
[1980-01-06 08:00:21]TIMES:0 ZONE1 TEMP:41
[1980-01-06 08:00:21]TIMES:0 ZONE2 TEMP:44
[1980-01-06 08:00:21]TIMES:0 ZONE3 TEMP:43
[1980-01-06 08:00:21]TIMES:0 ZONE4 TEMP:42
[1980-01-06 08:00:21]TIMES:0 ZONE5 TEMP:44
[1980-01-06 08:00:21]TIMES:0 ZONE6 TEMP:38
[1980-01-06 08:00:21]TIMES:0 MEM FREE:94 35
[1980-01-06 08:00:21]TIMES:0 CPU0 FREQ:806400
[1980-01-06 08:00:21]TIMES:0 SERIAL0:153 152 194
[1980-01-06 08:00:21]TIMES:0 SERIAL1:151 0 0
[1980-01-06 08:00:21]TIMES:0 bridge0:0 0 0 0 0 0 0 0 660 7 0 0 0 0 0 0
[1980-01-06 08:00:21]TIMES:0 NET DELAY:-500
[1980-01-06 08:00:26]TIMES:5 ZONE0 TEMP:47
[1980-01-06 08:00:26]TIMES:5 ZONE1 TEMP:45
[1980-01-06 08:00:26]TIMES:5 ZONE2 TEMP:48
[1980-01-06 08:00:26]TIMES:5 ZONE3 TEMP:46
[1980-01-06 08:00:26]TIMES:5 ZONE4 TEMP:45
[1980-01-06 08:00:26]TIMES:5 ZONE5 TEMP:45
[1980-01-06 08:00:26]TIMES:5 MEM FREE:93 31
[1980-01-06 08:00:26]TIMES:5 CPU USE:54 12 42 0
[1980-01-06 08:00:26]TIMES:5 CPU0 USE:54 12 42 0
[1980-01-06 08:00:26]TIMES:5 SERIAL0:153 190 206
[1980-01-06 08:00:26]TIMES:5 rmnet0:0 0 0 0 0 0 0 0 696 9 0 0 0 0 0 0
[1980-01-06 08:00:26]TIMES:5 rmnet_data1:0 0 0 0 0 0 0 0 308 4 0 0 0 0 0 0
[1980-01-06 08:00:26]TIMES:5 rmnet_data0:0 0 0 0 0 0 0 0 388 5 0 0 0 0 0 0
[2019-11-07 19:49:20]TIMES:10 ZONE1 TEMP:46
[2019-11-07 19:49:20]TIMES:10 ZONE2 TEMP:49
[2019-11-07 19:49:20]TIMES:10 ZONE3 TEMP:47
[2019-11-07 19:49:20]TIMES:10 MEM FREE:92 30
[2019-11-07 19:49:20][H[JMem: 125908K used, 31084K free, 48K shrd, 0K buff, 62880K cached
STAT     %CPU     COMMAND[0m
R     12.5     process-service
S     6.2     modem-service
S     6.2     power-service
3080     top     -n1
S     0.0     /usr/bin/thermal-engine
root     0.0     /usr/bin/netmgrd

[2019-11-07 19:49:20]TIMES:10 CPU USE:95 19 76 0
[2019-11-07 19:49:20][H[JMem: 125468K used, 31524K free, 52K shrd, 0K buff, 62896K cached
STAT     %CPU     COMMAND[0m
S     9.0     modem-service
S     9.0     process-service
3080     top     -n1
S     0.0     /usr/bin/thermal-engine
root     0.0     /usr/bin/netmgrd
root     0.0     mcm_ril_service

[2019-11-07 19:49:20]TIMES:10 CPU0 USE:95 19 76 0
[2019-11-07 19:49:20]TIMES:10 SERIAL0:153 240 231
[2019-11-07 19:49:20]TIMES:10 rmnet0:8956 28 0 0 0 0 0 0 4308 40 0 0 0 0 0 0
[2019-11-07 19:49:20]TIMES:10 rmnet_data1:2162 9 0 0 0 0 0 0 2504 19 0 0 0 0 0 0
[2019-11-07 19:49:20]TIMES:10 rmnet_data0:6533 19 0 0 0 0 0 0 1804 21 0 0 0 0 0 0
[2019-11-07 19:49:20]TIMES:10 NET MODE:5 -72 -105
[2019-11-07 19:49:25]TIMES:15 ZONE2 TEMP:48
[2019-11-07 19:49:25]TIMES:15 ZONE3 TEMP:46
[2019-11-07 19:49:25]TIMES:15 ZONE4 TEMP:44
[2019-11-07 19:49:25]TIMES:15 MEM FREE:93 31
[2019-11-07 19:49:25]TIMES:15 CPU USE:22 8 14 0
[2019-11-07 19:49:25]TIMES:15 CPU0 USE:22 8 14 0
[2019-11-07 19:49:25]TIMES:15 SERIAL0:153 268 231
[2019-11-07 19:49:25]TIMES:15 rmnet0:12324 39 0 0 0 0 0 0 5916 52 0 0 0 0 0 0
[2019-11-07 19:49:25]TIMES:15 rmnet_data1:4166 17 0 0 0 0 0 0 3968 29 0 0 0 0 0 0
[2019-11-07 19:49:25]TIMES:15 rmnet_data0:7794 22 0 0 0 0 0 0 1948 23 0 0 0 0 0 0
[2019-11-07 19:49:29]TIMES:20 CPU USE:17 3 14 0
[2019-11-07 19:49:29]TIMES:20 CPU0 USE:17 3 14 0
[2019-11-07 19:49:29]TIMES:20 SERIAL0:153 318 251
[2019-11-07 19:49:29]TIMES:20 bridge0:0 0 0 0 0 0 0 0 804 9 0 0 0 0 0 0
[2019-11-07 19:49:29]TIMES:20 rmnet0:13428 41 0 0 0 0 0 0 5996 53 0 0 0 0 0 0
[2019-11-07 19:49:29]TIMES:20 rmnet_data1:4206 18 0 0 0 0 0 0 4048 30 0 0 0 0 0 0
[2019-11-07 19:49:29]TIMES:20 rmnet_data0:8839 23 0 0 0 0 0 0 1948 23 0 0 0 0 0 0
[2019-11-07 19:49:34]TIMES:25 ZONE6 TEMP:39
[2019-11-07 19:49:34]TIMES:25 CPU USE:14 3 11 0
[2019-11-07 19:49:34]TIMES:25 CPU0 USE:14 3 11 0
[2019-11-07 19:49:34]TIMES:25 SERIAL0:153 332 256
[2019-11-07 19:49:34]TIMES:25 bridge0:0 0 0 0 0 0 0 0 948 11 0 0 0 0 0 0
[2019-11-07 19:49:39]TIMES:30 CPU USE:15 2 13 0
[2019-11-07 19:49:39]TIMES:30 CPU0 USE:15 2 13 0
[2019-11-07 19:49:39]TIMES:30 SERIAL0:153 384 274
[2019-11-07 19:49:44]TIMES:35 CPU USE:16 3 13 0
[2019-11-07 19:49:44]TIMES:35 CPU0 USE:16 3 13 0
[2019-11-07 19:49:44]TIMES:35 SERIAL0:153 398 284
[2019-11-07 19:49:44]TIMES:35 rmnet0:14484 42 0 0 0 0 0 0 5996 53 0 0 0 0 0 0
[2019-11-07 19:49:44]TIMES:35 rmnet_data0:9884 24 0 0 0 0 0 0 1948 23 0 0 0 0 0 0
[2019-11-07 19:49:50]TIMES:40 MEM FREE:93 30
[2019-11-07 19:49:50]TIMES:40 CPU USE:15 2 13 0
[2019-11-07 19:49:50]TIMES:40 CPU0 USE:15 2 13 0
[2019-11-07 19:49:50]TIMES:40 SERIAL0:153 436 287
[2019-11-07 19:49:50]TIMES:40 rmnet0:14612 44 0 0 0 0 0 0 6116 55 0 0 0 0 0 0
[2019-11-07 19:49:50]TIMES:40 rmnet_data1:4317 20 0 0 0 0 0 0 4168 32 0 0 0 0 0 0
[2019-11-07 19:49:55]TIMES:45 MEM FREE:93 31
[2019-11-07 19:49:55]TIMES:45 CPU USE:26 4 22 0
[2019-11-07 19:49:55]TIMES:45 CPU0 USE:26 4 22 0
[2019-11-07 19:49:55]TIMES:45 SERIAL0:153 450 297
[2019-11-07 19:49:55]TIMES:45 rmnet0:14876 46 0 0 0 0 0 0 6252 57 0 0 0 0 0 0
[2019-11-07 19:49:55]TIMES:45 rmnet_data0:10132 26 0 0 0 0 0 0 2084 25 0 0 0 0 0 0
[2019-11-07 19:50:00]TIMES:50 ZONE2 TEMP:49
[2019-11-07 19:50:00]TIMES:50 ZONE5 TEMP:46
[2019-11-07 19:50:00]TIMES:50 CPU USE:16 1 15 0
[2019-11-07 19:50:00]TIMES:50 CPU0 USE:16 1 15 0
[2019-11-07 19:50:00]TIMES:50 SERIAL0:153 488 305
[2019-11-07 19:50:05]TIMES:55 ZONE1 TEMP:45
[2019-11-07 19:50:05]TIMES:55 ZONE2 TEMP:47
[2019-11-07 19:50:05]TIMES:55 CPU USE:13 2 11 0
[2019-11-07 19:50:05]TIMES:55 CPU0 USE:13 2 11 0
[2019-11-07 19:50:05]TIMES:55 SERIAL0:153 502 315
[2019-11-07 19:50:10]TIMES:60 ZONE1 TEMP:46
[2019-11-07 19:50:10]TIMES:60 ZONE2 TEMP:48
[2019-11-07 19:50:10]TIMES:60 ZONE5 TEMP:45
[2019-11-07 19:50:10]TIMES:60 MEM FREE:93 30
[2019-11-07 19:50:10]TIMES:60 CPU USE:18 5 13 0
[2019-11-07 19:50:10]TIMES:60 CPU0 USE:18 5 13 0
[2019-11-07 19:50:10]TIMES:60 SERIAL0:153 536 477
[2019-11-07 19:50:10]TIMES:60 rmnet0:15232 49 0 0 0 0 0 0 7324 62 0 0 0 0 0 0
[2019-11-07 19:50:10]TIMES:60 rmnet_data1:4646 23 0 0 0 0 0 0 5240 37 0 0 0 0 0 0
[2019-11-07 19:50:15]TIMES:65 ZONE2 TEMP:49
[2019-11-07 19:50:15]TIMES:65 MEM FREE:93 31
[2019-11-07 19:50:15]TIMES:65 CPU USE:16 3 13 0
[2019-11-07 19:50:15]TIMES:65 CPU0 USE:16 3 13 0
[2019-11-07 19:50:15]TIMES:65 SERIAL0:153 564 510
[2019-11-07 19:50:15]TIMES:65 rmnet0:15280 50 0 0 0 0 0 0 7324 62 0 0 0 0 0 0
[2019-11-07 19:50:15]TIMES:65 rmnet_data1:4686 24 0 0 0 0 0 0 5240 37 0 0 0 0 0 0
[2019-11-07 19:50:20]TIMES:70 ZONE2 TEMP:48
[2019-11-07 19:50:20]TIMES:70 ZONE5 TEMP:46
[2019-11-07 19:50:20]TIMES:70 CPU USE:18 3 15 0
[2019-11-07 19:50:20]TIMES:70 CPU0 USE:18 3 15 0
[2019-11-07 19:50:20]TIMES:70 SERIAL0:153 588 518
[2019-11-07 19:50:25]TIMES:75 ZONE2 TEMP:49
[2019-11-07 19:50:25]TIMES:75 MEM FREE:93 30
[2019-11-07 19:50:25]TIMES:75 CPU USE:27 5 22 0
[2019-11-07 19:50:25]TIMES:75 CPU0 USE:27 5 22 0
[2019-11-07 19:50:25]TIMES:75 SERIAL0:153 616 528
[2019-11-07 19:50:25]TIMES:75 rmnet0:15544 52 0 0 0 0 0 0 7460 64 0 0 0 0 0 0
[2019-11-07 19:50:25]TIMES:75 rmnet_data0:10380 28 0 0 0 0 0 0 2220 27 0 0 0 0 0 0
[2019-11-07 19:50:30]TIMES:80 CPU USE:16 3 13 0
[2019-11-07 19:50:30]TIMES:80 CPU0 USE:16 3 13 0
[2019-11-07 19:50:30]TIMES:80 SERIAL0:153 640 536
[2019-11-07 19:50:30]TIMES:80 rmnet0:15672 54 0 0 0 0 0 0 7580 66 0 0 0 0 0 0
[2019-11-07 19:50:30]TIMES:80 rmnet_data1:4797 26 0 0 0 0 0 0 5360 39 0 0 0 0 0 0
[2019-11-07 19:50:35]TIMES:85 CPU USE:15 3 12 0
[2019-11-07 19:50:35]TIMES:85 CPU0 USE:15 3 12 0
[2019-11-07 19:50:35]TIMES:85 SERIAL0:153 668 582
[2019-11-07 19:50:35]TIMES:85 rmnet0:15720 55 0 0 0 0 0 0 8216 67 0 0 0 0 0 0
[2019-11-07 19:50:35]TIMES:85 rmnet_data1:4837 27 0 0 0 0 0 0 5996 40 0 0 0 0 0 0
[2019-11-07 19:50:40]TIMES:90 ZONE5 TEMP:45
[2019-11-07 19:50:40]TIMES:90 CPU USE:16 3 13 0
[2019-11-07 19:50:40]TIMES:90 CPU0 USE:16 3 13 0
[2019-11-07 19:50:40]TIMES:90 SERIAL0:153 692 613
[2019-11-07 19:50:45]TIMES:95 ZONE5 TEMP:46
[2019-11-07 19:50:45]TIMES:95 CPU USE:15 3 12 0
[2019-11-07 19:50:45]TIMES:95 CPU0 USE:15 3 12 0
[2019-11-07 19:50:45]TIMES:95 SERIAL0:153 720 623
[2019-11-07 19:50:50]TIMES:100 ZONE0 TEMP:44
[2019-11-07 19:50:50]TIMES:100 ZONE1 TEMP:42
[2019-11-07 19:50:50]TIMES:100 ZONE2 TEMP:44
[2019-11-07 19:50:50]TIMES:100 ZONE3 TEMP:43
[2019-11-07 19:50:50]TIMES:100 ZONE4 TEMP:42
[2019-11-07 19:50:50]TIMES:100 ZONE5 TEMP:45
[2019-11-07 19:50:50]TIMES:100 CPU USE:17 2 15 0
[2019-11-07 19:50:50]TIMES:100 CPU0 USE:17 2 15 0
[2019-11-07 19:50:50]TIMES:100 SERIAL0:153 744 626
[2019-11-07 19:50:55]TIMES:105 ZONE0 TEMP:47
[2019-11-07 19:50:55]TIMES:105 ZONE1 TEMP:46
[2019-11-07 19:50:55]TIMES:105 ZONE2 TEMP:48
[2019-11-07 19:50:55]TIMES:105 ZONE3 TEMP:46
[2019-11-07 19:50:55]TIMES:105 ZONE4 TEMP:45
[2019-11-07 19:50:55]TIMES:105 CPU USE:19 4 15 0
[2019-11-07 19:50:55]TIMES:105 CPU0 USE:19 4 15 0
[2019-11-07 19:50:55]TIMES:105 SERIAL0:153 758 636
[2019-11-07 19:50:55]TIMES:105 rmnet0:15848 57 0 0 0 0 0 0 8336 69 0 0 0 0 0 0
[2019-11-07 19:50:55]TIMES:105 rmnet_data1:4948 29 0 0 0 0 0 0 6116 42 0 0 0 0 0 0
[2019-11-07 19:51:00]TIMES:110 ZONE2 TEMP:49
[2019-11-07 19:51:00]TIMES:110 ZONE4 TEMP:44
[2019-11-07 19:51:00]TIMES:110 ZONE5 TEMP:46
[2019-11-07 19:51:00]TIMES:110 MEM FREE:93 31
[2019-11-07 19:51:00]TIMES:110 CPU USE:21 3 18 0
[2019-11-07 19:51:00]TIMES:110 CPU0 USE:21 3 18 0
[2019-11-07 19:51:00]TIMES:110 SERIAL0:153 796 639
[2019-11-07 19:51:00]TIMES:110 rmnet0:16112 59 0 0 0 0 0 0 8472 71 0 0 0 0 0 0
[2019-11-07 19:51:00]TIMES:110 rmnet_data0:10628 30 0 0 0 0 0 0 2356 29 0 0 0 0 0 0
[2019-11-07 19:51:05]TIMES:115 MEM FREE:93 30
[2019-11-07 19:51:05]TIMES:115 CPU USE:15 2 13 0
[2019-11-07 19:51:05]TIMES:115 CPU0 USE:15 2 13 0
[2019-11-07 19:51:05]TIMES:115 SERIAL0:153 810 649
[2019-11-07 19:51:05]TIMES:115 NET MODE:5 -77 -105
[2019-11-07 19:51:10]TIMES:120 ZONE0 TEMP:45
[2019-11-07 19:51:10]TIMES:120 ZONE1 TEMP:44
[2019-11-07 19:51:10]TIMES:120 ZONE2 TEMP:46
[2019-11-07 19:51:10]TIMES:120 ZONE3 TEMP:44
[2019-11-07 19:51:10]TIMES:120 ZONE4 TEMP:43
[2019-11-07 19:51:10]TIMES:120 CPU USE:15 4 11 0
[2019-11-07 19:51:10]TIMES:120 CPU0 USE:15 4 11 0
[2019-11-07 19:51:10]TIMES:120 SERIAL0:153 848 662
[2019-11-07 19:51:10]TIMES:120 rmnet0:16112 59 0 0 0 0 0 0 9336 72 0 0 0 0 0 0
[2019-11-07 19:51:10]TIMES:120 rmnet_data1:4948 29 0 0 0 0 0 0 6980 43 0 0 0 0 0 0
[2019-11-07 19:51:10]TIMES:120 NET MODE:5 -73 -106
[2019-11-07 19:51:15]TIMES:125 ZONE0 TEMP:47
[2019-11-07 19:51:15]TIMES:125 ZONE1 TEMP:46
[2019-11-07 19:51:15]TIMES:125 ZONE2 TEMP:49
[2019-11-07 19:51:15]TIMES:125 ZONE3 TEMP:46
[2019-11-07 19:51:15]TIMES:125 ZONE4 TEMP:44
[2019-11-07 19:51:15]TIMES:125 CPU USE:16 2 14 0
[2019-11-07 19:51:15]TIMES:125 CPU0 USE:16 2 14 0
[2019-11-07 19:51:15]TIMES:125 SERIAL0:153 862 662
[2019-11-07 19:51:15]TIMES:125 rmnet0:16840 68 0 0 0 0 0 0 9984 80 0 0 0 0 0 0
[2019-11-07 19:51:15]TIMES:125 rmnet_data1:5519 37 0 0 0 0 0 0 7540 50 0 0 0 0 0 0
[2019-11-07 19:51:15]TIMES:125 rmnet_data0:10712 31 0 0 0 0 0 0 2444 30 0 0 0 0 0 0
[2019-11-07 19:51:15]TIMES:125 NET MODE:5 -77 -106
[2019-11-07 19:51:20]TIMES:130 CPU USE:16 3 13 0
[2019-11-07 19:51:20]TIMES:130 CPU0 USE:16 3 13 0
[2019-11-07 19:51:20]TIMES:130 SERIAL0:153 900 675
[2019-11-07 19:51:20]TIMES:130 rmnet0:17300 73 0 0 0 0 0 0 10424 85 0 0 0 0 0 0
[2019-11-07 19:51:20]TIMES:130 rmnet_data1:5939 42 0 0 0 0 0 0 7980 55 0 0 0 0 0 0
[2019-11-07 19:51:25]TIMES:135 ZONE4 TEMP:45
[2019-11-07 19:51:25]TIMES:135 ZONE5 TEMP:45
[2019-11-07 19:51:25]TIMES:135 MEM FREE:92 30
[2019-11-07 19:51:25]TIMES:135 CPU USE:12 2 10 0
[2019-11-07 19:51:25]TIMES:135 CPU0 USE:12 2 10 0
[2019-11-07 19:51:25]TIMES:135 SERIAL0:153 914 675
[2019-11-07 19:51:25]TIMES:135 rmnet0:17760 78 0 0 0 0 0 0 10864 90 0 0 0 0 0 0
[2019-11-07 19:51:25]TIMES:135 rmnet_data1:6359 47 0 0 0 0 0 0 8420 60 0 0 0 0 0 0
[2019-11-07 19:51:30]TIMES:140 ZONE4 TEMP:44
[2019-11-07 19:51:30]TIMES:140 ZONE5 TEMP:46
[2019-11-07 19:51:30]TIMES:140 MEM FREE:93 30
[2019-11-07 19:51:30]TIMES:140 CPU USE:30 7 23 0
[2019-11-07 19:51:30]TIMES:140 CPU0 USE:30 7 23 0
[2019-11-07 19:51:30]TIMES:140 SERIAL0:153 952 688
[2019-11-07 19:51:30]TIMES:140 rmnet0:18484 85 0 0 0 0 0 0 11440 97 0 0 0 0 0 0
[2019-11-07 19:51:30]TIMES:140 rmnet_data1:6779 52 0 0 0 0 0 0 8860 65 0 0 0 0 0 0
[2019-11-07 19:51:30]TIMES:140 rmnet_data0:10960 33 0 0 0 0 0 0 2580 32 0 0 0 0 0 0
[2019-11-07 19:51:35]TIMES:145 ZONE4 TEMP:45
[2019-11-07 19:51:35]TIMES:145 CPU USE:17 4 13 0
[2019-11-07 19:51:35]TIMES:145 CPU0 USE:17 4 13 0
[2019-11-07 19:51:35]TIMES:145 SERIAL0:153 966 698
[2019-11-07 19:51:35]TIMES:145 bridge0:0 0 0 0 0 0 0 0 1092 13 0 0 0 0 0 0
[2019-11-07 19:51:35]TIMES:145 rmnet0:19024 91 0 0 0 0 0 0 12000 104 0 0 0 0 0 0
[2019-11-07 19:51:35]TIMES:145 rmnet_data1:7270 58 0 0 0 0 0 0 9420 72 0 0 0 0 0 0
[2019-11-07 19:51:40]TIMES:150 ZONE3 TEMP:47
[2019-11-07 19:51:40]TIMES:150 MEM FREE:92 30
[2019-11-07 19:51:40]TIMES:150 CPU USE:15 2 13 0
[2019-11-07 19:51:40]TIMES:150 CPU0 USE:15 2 13 0
[2019-11-07 19:51:40]TIMES:150 SERIAL0:153 990 701
[2019-11-07 19:51:40]TIMES:150 bridge0:0 0 0 0 0 0 0 0 1236 15 0 0 0 0 0 0
[2019-11-07 19:51:40]TIMES:150 rmnet0:19484 96 0 0 0 0 0 0 12440 109 0 0 0 0 0 0
[2019-11-07 19:51:40]TIMES:150 rmnet_data1:7690 63 0 0 0 0 0 0 9860 77 0 0 0 0 0 0
[2019-11-07 19:51:45]TIMES:155 ZONE3 TEMP:46
[2019-11-07 19:51:45]TIMES:155 MEM FREE:93 30
[2019-11-07 19:51:45]TIMES:155 CPU USE:15 3 12 0
[2019-11-07 19:51:45]TIMES:155 CPU0 USE:15 3 12 0
[2019-11-07 19:51:45]TIMES:155 SERIAL0:153 1018 711
[2019-11-07 19:51:45]TIMES:155 rmnet0:19944 101 0 0 0 0 0 0 12880 114 0 0 0 0 0 0
[2019-11-07 19:51:45]TIMES:155 rmnet_data1:8110 68 0 0 0 0 0 0 10300 82 0 0 0 0 0 0
[2019-11-07 19:51:50]TIMES:160 ZONE3 TEMP:47
[2019-11-07 19:51:50]TIMES:160 MEM FREE:92 30
[2019-11-07 19:51:50]TIMES:160 CPU USE:17 3 14 0
[2019-11-07 19:51:50]TIMES:160 CPU0 USE:17 3 14 0
[2019-11-07 19:51:50]TIMES:160 SERIAL0:153 1042 714
[2019-11-07 19:51:50]TIMES:160 rmnet0:20404 106 0 0 0 0 0 0 13320 119 0 0 0 0 0 0
[2019-11-07 19:51:50]TIMES:160 rmnet_data1:8530 73 0 0 0 0 0 0 10740 87 0 0 0 0 0 0
[2019-11-07 19:51:55]TIMES:165 ZONE3 TEMP:46
[2019-11-07 19:51:55]TIMES:165 CPU USE:14 2 12 0
[2019-11-07 19:51:55]TIMES:165 CPU0 USE:14 2 12 0
[2019-11-07 19:51:55]TIMES:165 SERIAL0:153 1070 739
[2019-11-07 19:51:55]TIMES:165 rmnet0:20944 112 0 0 0 0 0 0 13880 126 0 0 0 0 0 0
[2019-11-07 19:51:55]TIMES:165 rmnet_data1:9021 79 0 0 0 0 0 0 11300 94 0 0 0 0 0 0
[2019-11-07 19:52:00]TIMES:170 ZONE0 TEMP:48
[2019-11-07 19:52:00]TIMES:170 ZONE3 TEMP:47
[2019-11-07 19:52:00]TIMES:170 CPU USE:38 8 30 0
[2019-11-07 19:52:00]TIMES:170 CPU0 USE:38 8 30 0
[2019-11-07 19:52:00]TIMES:170 SERIAL0:153 1094 752
[2019-11-07 19:52:00]TIMES:170 rmnet0:22124 124 0 0 0 0 0 0 14812 138 0 0 0 0 0 0
[2019-11-07 19:52:00]TIMES:170 rmnet_data1:9441 84 0 0 0 0 0 0 11740 99 0 0 0 0 0 0
[2019-11-07 19:52:00]TIMES:170 rmnet_data0:11616 40 0 0 0 0 0 0 3072 39 0 0 0 0 0 0
[2019-11-07 19:52:05]TIMES:175 ZONE0 TEMP:47
[2019-11-07 19:52:05]TIMES:175 CPU USE:20 6 14 0
[2019-11-07 19:52:05]TIMES:175 CPU0 USE:20 6 14 0
[2019-11-07 19:52:05]TIMES:175 SERIAL0:153 1122 752
[2019-11-07 19:52:05]TIMES:175 rmnet0:22584 129 0 0 0 0 0 0 15252 143 0 0 0 0 0 0
[2019-11-07 19:52:05]TIMES:175 rmnet_data1:9861 89 0 0 0 0 0 0 12180 104 0 0 0 0 0 0
[2019-11-07 19:52:10]TIMES:180 ZONE5 TEMP:45
[2019-11-07 19:52:10]TIMES:180 CPU USE:19 2 17 0
[2019-11-07 19:52:10]TIMES:180 CPU0 USE:19 2 17 0
[2019-11-07 19:52:10]TIMES:180 SERIAL0:153 1146 775
[2019-11-07 19:52:10]TIMES:180 rmnet0:23092 135 0 0 0 0 0 0 16548 149 0 0 0 0 0 0
[2019-11-07 19:52:10]TIMES:180 rmnet_data1:10321 95 0 0 0 0 0 0 13476 110 0 0 0 0 0 0
[2019-11-07 19:52:15]TIMES:185 ZONE5 TEMP:46
[2019-11-07 19:52:15]TIMES:185 MEM FREE:93 30
[2019-11-07 19:52:15]TIMES:185 CPU USE:13 1 12 0
[2019-11-07 19:52:15]TIMES:185 CPU0 USE:13 1 12 0
[2019-11-07 19:52:15]TIMES:185 SERIAL0:153 1174 785
[2019-11-07 19:52:15]TIMES:185 rmnet0:23680 142 0 0 0 0 0 0 17108 156 0 0 0 0 0 0
[2019-11-07 19:52:15]TIMES:185 rmnet_data1:10852 102 0 0 0 0 0 0 14036 117 0 0 0 0 0 0
[2019-11-07 19:52:20]TIMES:190 ZONE3 TEMP:46
[2019-11-07 19:52:20]TIMES:190 MEM FREE:92 30
[2019-11-07 19:52:20]TIMES:190 CPU USE:17 3 14 0
[2019-11-07 19:52:20]TIMES:190 CPU0 USE:17 3 14 0
[2019-11-07 19:52:20]TIMES:190 SERIAL0:153 1198 793
[2019-11-07 19:52:20]TIMES:190 rmnet0:24140 147 0 0 0 0 0 0 17548 161 0 0 0 0 0 0
[2019-11-07 19:52:20]TIMES:190 rmnet_data1:11272 107 0 0 0 0 0 0 14476 122 0 0 0 0 0 0
[2019-11-07 19:52:20]TIMES:190 NET MODE:5 -72 -105
[2019-11-07 19:52:25]TIMES:195 ZONE3 TEMP:47
[2019-11-07 19:52:25]TIMES:195 CPU USE:15 3 12 0
[2019-11-07 19:52:25]TIMES:195 CPU0 USE:15 3 12 0
[2019-11-07 19:52:25]TIMES:195 SERIAL0:153 1212 808
[2019-11-07 19:52:25]TIMES:195 rmnet0:24600 152 0 0 0 0 0 0 17988 166 0 0 0 0 0 0
[2019-11-07 19:52:25]TIMES:195 rmnet_data1:11692 112 0 0 0 0 0 0 14916 127 0 0 0 0 0 0
[2019-11-07 19:52:30]TIMES:200 MEM FREE:93 30
[2019-11-07 19:52:30]TIMES:200 CPU USE:21 4 17 0
[2019-11-07 19:52:30]TIMES:200 CPU0 USE:21 4 17 0
[2019-11-07 19:52:30]TIMES:200 SERIAL0:153 1250 816
[2019-11-07 19:52:30]TIMES:200 rmnet0:25244 159 0 0 0 0 0 0 18572 173 0 0 0 0 0 0
[2019-11-07 19:52:30]TIMES:200 rmnet_data1:12112 117 0 0 0 0 0 0 15356 132 0 0 0 0 0 0
[2019-11-07 19:52:30]TIMES:200 rmnet_data0:11784 42 0 0 0 0 0 0 3216 41 0 0 0 0 0 0
[2019-11-07 19:52:35]TIMES:205 MEM FREE:92 30
[2019-11-07 19:52:35]TIMES:205 CPU USE:29 6 23 0
[2019-11-07 19:52:35]TIMES:205 CPU0 USE:29 6 23 0
[2019-11-07 19:52:35]TIMES:205 SERIAL0:153 1264 826
[2019-11-07 19:52:35]TIMES:205 rmnet0:25968 166 0 0 0 0 0 0 19224 181 0 0 0 0 0 0
[2019-11-07 19:52:35]TIMES:205 rmnet_data1:12532 122 0 0 0 0 0 0 15872 138 0 0 0 0 0 0
[2019-11-07 19:52:35]TIMES:205 rmnet_data0:12032 44 0 0 0 0 0 0 3352 43 0 0 0 0 0 0
[2019-11-07 19:52:40]TIMES:210 CPU USE:16 4 12 0
[2019-11-07 19:52:40]TIMES:210 CPU0 USE:16 4 12 0
[2019-11-07 19:52:40]TIMES:210 SERIAL0:153 1302 839
[2019-11-07 19:52:40]TIMES:210 rmnet0:26508 172 0 0 0 0 0 0 19708 187 0 0 0 0 0 0
[2019-11-07 19:52:40]TIMES:210 rmnet_data1:13023 128 0 0 0 0 0 0 16356 144 0 0 0 0 0 0
[2019-11-07 19:52:45]TIMES:215 MEM FREE:93 31
[2019-11-07 19:52:45]TIMES:215 CPU USE:14 2 12 0
[2019-11-07 19:52:45]TIMES:215 CPU0 USE:14 2 12 0
[2019-11-07 19:52:45]TIMES:215 SERIAL0:153 1316 839
[2019-11-07 19:52:50]TIMES:220 CPU USE:17 2 15 0
[2019-11-07 19:52:50]TIMES:220 CPU0 USE:17 2 15 0
[2019-11-07 19:52:50]TIMES:220 SERIAL0:153 1354 852
[2019-11-07 19:52:55]TIMES:225 ZONE0 TEMP:45
[2019-11-07 19:52:55]TIMES:225 ZONE1 TEMP:42
[2019-11-07 19:52:55]TIMES:225 ZONE2 TEMP:44
[2019-11-07 19:52:55]TIMES:225 ZONE3 TEMP:43
[2019-11-07 19:52:55]TIMES:225 ZONE4 TEMP:42
[2019-11-07 19:52:55]TIMES:225 ZONE5 TEMP:45
[2019-11-07 19:52:55]TIMES:225 CPU USE:15 2 13 0
[2019-11-07 19:52:55]TIMES:225 CPU0 USE:15 2 13 0
[2019-11-07 19:52:55]TIMES:225 SERIAL0:153 1368 852
[2019-11-07 19:53:00]TIMES:230 ZONE0 TEMP:47
[2019-11-07 19:53:00]TIMES:230 ZONE1 TEMP:46
[2019-11-07 19:53:00]TIMES:230 ZONE2 TEMP:49
[2019-11-07 19:53:00]TIMES:230 ZONE3 TEMP:46
[2019-11-07 19:53:00]TIMES:230 ZONE4 TEMP:44
[2019-11-07 19:53:00]TIMES:230 ZONE5 TEMP:46
[2019-11-07 19:53:00]TIMES:230 CPU USE:15 4 11 0
[2019-11-07 19:53:00]TIMES:230 CPU0 USE:15 4 11 0
[2019-11-07 19:53:00]TIMES:230 SERIAL0:153 1406 870
[2019-11-07 19:53:00]TIMES:230 rmnet0:26588 173 0 0 0 0 0 0 19828 189 0 0 0 0 0 0
[2019-11-07 19:53:00]TIMES:230 rmnet_data1:13094 129 0 0 0 0 0 0 16476 146 0 0 0 0 0 0
[2019-11-07 19:53:05]TIMES:235 ZONE3 TEMP:47
[2019-11-07 19:53:05]TIMES:235 ZONE4 TEMP:45
[2019-11-07 19:53:05]TIMES:235 MEM FREE:93 30
[2019-11-07 19:53:05]TIMES:235 CPU USE:29 6 23 0
[2019-11-07 19:53:05]TIMES:235 CPU0 USE:29 6 23 0
[2019-11-07 19:53:05]TIMES:235 SERIAL0:153 1420 880
[2019-11-07 19:53:05]TIMES:235 rmnet0:26852 175 0 0 0 0 0 0 19964 191 0 0 0 0 0 0
[2019-11-07 19:53:05]TIMES:235 rmnet_data0:12280 46 0 0 0 0 0 0 3488 45 0 0 0 0 0 0
[2019-11-07 19:53:10]TIMES:240 CPU USE:17 4 13 0
[2019-11-07 19:53:10]TIMES:240 CPU0 USE:17 4 13 0
[2019-11-07 19:53:10]TIMES:240 SERIAL0:153 1444 883
[2019-11-07 19:53:10]TIMES:240 rmnet0:26992 177 0 0 0 0 0 0 20908 193 0 0 0 0 0 0
[2019-11-07 19:53:10]TIMES:240 rmnet_data1:13218 131 0 0 0 0 0 0 17420 148 0 0 0 0 0 0
[2019-11-07 19:53:10]TIMES:240 NET MODE:5 -76 -105
[2019-11-07 19:53:15]TIMES:245 CPU USE:13 1 12 0
[2019-11-07 19:53:15]TIMES:245 CPU0 USE:13 1 12 0
[2019-11-07 19:53:15]TIMES:245 SERIAL0:153 1472 893
[2019-11-07 19:53:15]TIMES:245 rmnet0:27452 182 0 0 0 0 0 0 21348 198 0 0 0 0 0 0
[2019-11-07 19:53:15]TIMES:245 rmnet_data1:13638 136 0 0 0 0 0 0 17860 153 0 0 0 0 0 0
[2019-11-07 19:53:15]TIMES:245 NET MODE:5 -71 -105
[2019-11-07 19:53:20]TIMES:250 CPU USE:14 2 12 0
[2019-11-07 19:53:20]TIMES:250 CPU0 USE:14 2 12 0
[2019-11-07 19:53:20]TIMES:250 SERIAL0:153 1496 911
[2019-11-07 19:53:20]TIMES:250 rmnet0:27948 188 0 0 0 0 0 0 21908 205 0 0 0 0 0 0
[2019-11-07 19:53:20]TIMES:250 rmnet_data1:14085 142 0 0 0 0 0 0 18420 160 0 0 0 0 0 0
[2019-11-07 19:53:20]TIMES:250 NET MODE:5 -78 -106
[2019-11-07 19:53:25]TIMES:255 CPU USE:14 3 11 0
[2019-11-07 19:53:25]TIMES:255 CPU0 USE:14 3 11 0
[2019-11-07 19:53:25]TIMES:255 SERIAL0:153 1524 916
[2019-11-07 19:53:25]TIMES:255 rmnet0:28408 193 0 0 0 0 0 0 22348 210 0 0 0 0 0 0
[2019-11-07 19:53:25]TIMES:255 rmnet_data1:14505 147 0 0 0 0 0 0 18860 165 0 0 0 0 0 0
[2019-11-07 19:53:25]TIMES:255 NET MODE:5 -72 -106
[2019-11-07 19:53:30]TIMES:260 CPU USE:14 4 10 0
[2019-11-07 19:53:30]TIMES:260 CPU0 USE:14 4 10 0
[2019-11-07 19:53:30]TIMES:260 SERIAL0:153 1548 934
[2019-11-07 19:53:30]TIMES:260 rmnet0:28868 198 0 0 0 0 0 0 22788 215 0 0 0 0 0 0
[2019-11-07 19:53:30]TIMES:260 rmnet_data1:14925 152 0 0 0 0 0 0 19300 170 0 0 0 0 0 0
[2019-11-07 19:53:35]TIMES:265 CPU USE:16 3 13 0
[2019-11-07 19:53:35]TIMES:265 CPU0 USE:16 3 13 0
[2019-11-07 19:53:35]TIMES:265 SERIAL0:153 1576 934
[2019-11-07 19:53:35]TIMES:265 rmnet0:29328 203 0 0 0 0 0 0 23228 220 0 0 0 0 0 0
[2019-11-07 19:53:35]TIMES:265 rmnet_data1:15345 157 0 0 0 0 0 0 19740 175 0 0 0 0 0 0
[2019-11-07 19:53:40]TIMES:270 CPU USE:30 6 24 0
[2019-11-07 19:53:40]TIMES:270 CPU0 USE:30 6 24 0
[2019-11-07 19:53:40]TIMES:270 SERIAL0:153 1600 947
[2019-11-07 19:53:40]TIMES:270 bridge0:0 0 0 0 0 0 0 0 1380 17 0 0 0 0 0 0
[2019-11-07 19:53:40]TIMES:270 rmnet0:30132 211 0 0 0 0 0 0 23924 229 0 0 0 0 0 0
[2019-11-07 19:53:40]TIMES:270 rmnet_data1:15836 163 0 0 0 0 0 0 20300 182 0 0 0 0 0 0
[2019-11-07 19:53:40]TIMES:270 rmnet_data0:12528 48 0 0 0 0 0 0 3624 47 0 0 0 0 0 0
[2019-11-07 19:53:45]TIMES:275 CPU USE:14 2 12 0
[2019-11-07 19:53:45]TIMES:275 CPU0 USE:14 2 12 0
[2019-11-07 19:53:45]TIMES:275 SERIAL0:153 1628 957
[2019-11-07 19:53:45]TIMES:275 bridge0:0 0 0 0 0 0 0 0 1524 19 0 0 0 0 0 0
[2019-11-07 19:53:45]TIMES:275 rmnet0:30684 217 0 0 0 0 0 0 24364 234 0 0 0 0 0 0
[2019-11-07 19:53:45]TIMES:275 rmnet_data1:16340 169 0 0 0 0 0 0 20740 187 0 0 0 0 0 0
[2019-11-07 19:53:50]TIMES:280 ZONE0 TEMP:48
[2019-11-07 19:53:50]TIMES:280 CPU USE:19 3 16 0
[2019-11-07 19:53:50]TIMES:280 CPU0 USE:19 3 16 0
[2019-11-07 19:53:50]TIMES:280 SERIAL0:153 1652 960
[2019-11-07 19:53:50]TIMES:280 rmnet0:31052 221 0 0 0 0 0 0 24804 239 0 0 0 0 0 0
[2019-11-07 19:53:50]TIMES:280 rmnet_data1:16676 173 0 0 0 0 0 0 21180 192 0 0 0 0 0 0
[2019-11-07 19:53:55]TIMES:285 ZONE0 TEMP:47
[2019-11-07 19:53:55]TIMES:285 CPU USE:16 3 13 0
[2019-11-07 19:53:55]TIMES:285 CPU0 USE:16 3 13 0
[2019-11-07 19:53:55]TIMES:285 SERIAL0:153 1666 970
[2019-11-07 19:53:55]TIMES:285 rmnet0:31512 226 0 0 0 0 0 0 25244 244 0 0 0 0 0 0
[2019-11-07 19:53:55]TIMES:285 rmnet_data1:17096 178 0 0 0 0 0 0 21620 197 0 0 0 0 0 0
[2019-11-07 19:54:00]TIMES:290 CPU USE:15 3 12 0
[2019-11-07 19:54:00]TIMES:290 CPU0 USE:15 3 12 0
[2019-11-07 19:54:00]TIMES:290 SERIAL0:153 1704 988
[2019-11-07 19:54:00]TIMES:290 rmnet0:32052 232 0 0 0 0 0 0 25804 251 0 0 0 0 0 0
[2019-11-07 19:54:00]TIMES:290 rmnet_data1:17587 184 0 0 0 0 0 0 22180 204 0 0 0 0 0 0
[2019-11-07 19:54:00]TIMES:290 NET MODE:5 -76 -106
[2019-11-07 19:54:05]TIMES:295 CPU USE:15 2 13 0
[2019-11-07 19:54:05]TIMES:295 CPU0 USE:15 2 13 0
[2019-11-07 19:54:05]TIMES:295 SERIAL0:153 1718 998
[2019-11-07 19:54:05]TIMES:295 rmnet0:32512 237 0 0 0 0 0 0 26244 256 0 0 0 0 0 0
[2019-11-07 19:54:05]TIMES:295 rmnet_data1:18007 189 0 0 0 0 0 0 22620 209 0 0 0 0 0 0
[2019-11-07 19:54:10]TIMES:300 ZONE0 TEMP:48
[2019-11-07 19:54:10]TIMES:300 CPU USE:37 6 31 0
[2019-11-07 19:54:10]TIMES:300 CPU0 USE:37 6 31 0
[2019-11-07 19:54:10]TIMES:300 SERIAL0:153 1756 1011
[2019-11-07 19:54:10]TIMES:300 rmnet0:33356 245 0 0 0 0 0 0 27744 265 0 0 0 0 0 0
[2019-11-07 19:54:10]TIMES:300 rmnet_data1:18427 194 0 0 0 0 0 0 23060 214 0 0 0 0 0 0
[2019-11-07 19:54:10]TIMES:300 rmnet_data0:12888 51 0 0 0 0 0 0 4684 51 0 0 0 0 0 0
[2019-11-07 19:54:15]TIMES:305 ZONE0 TEMP:47
[2019-11-07 19:54:15]TIMES:305 CPU USE:15 4 11 0
[2019-11-07 19:54:15]TIMES:305 CPU0 USE:15 4 11 0
[2019-11-07 19:54:15]TIMES:305 SERIAL0:153 1796 1023
[2019-11-07 19:54:15]TIMES:305 rmnet0:36808 268 0 0 0 0 0 0 30024 283 0 0 0 0 0 0
[2019-11-07 19:54:15]TIMES:305 rmnet_data1:19295 206 0 0 0 0 0 0 23500 219 0 0 0 0 0 0
[2019-11-07 19:54:15]TIMES:305 rmnet_data0:15272 62 0 0 0 0 0 0 6524 64 0 0 0 0 0 0
[2019-11-07 19:54:15]TIMES:305 NET MODE:5 -71 -105
[2019-11-07 19:54:21]TIMES:310 CPU USE:17 3 14 0
[2019-11-07 19:54:21]TIMES:310 CPU0 USE:17 3 14 0
[2019-11-07 19:54:21]TIMES:310 SERIAL0:153 1834 1036
[2019-11-07 19:54:21]TIMES:310 rmnet0:37348 274 0 0 0 0 0 0 30464 288 0 0 0 0 0 0
[2019-11-07 19:54:21]TIMES:310 rmnet_data1:19786 212 0 0 0 0 0 0 23940 224 0 0 0 0 0 0
[2019-11-07 19:54:26]TIMES:315 ZONE0 TEMP:48
[2019-11-07 19:54:26]TIMES:315 CPU USE:13 3 10 0
[2019-11-07 19:54:26]TIMES:315 CPU0 USE:13 3 10 0
[2019-11-07 19:54:26]TIMES:315 SERIAL0:153 1848 1051
[2019-11-07 19:54:26]TIMES:315 rmnet0:37888 280 0 0 0 0 0 0 30904 293 0 0 0 0 0 0
[2019-11-07 19:54:26]TIMES:315 rmnet_data1:20277 218 0 0 0 0 0 0 24380 229 0 0 0 0 0 0
[2019-11-07 19:54:31]TIMES:320 ZONE1 TEMP:47
[2019-11-07 19:54:31]TIMES:320 CPU USE:23 5 18 0
[2019-11-07 19:54:31]TIMES:320 CPU0 USE:23 5 18 0
[2019-11-07 19:54:31]TIMES:320 SERIAL0:153 1886 1059
[2019-11-07 19:54:31]TIMES:320 rmnet0:40608 294 0 0 0 0 0 0 33244 312 0 0 0 0 0 0
[2019-11-07 19:54:31]TIMES:320 rmnet_data1:22628 230 0 0 0 0 0 0 26584 246 0 0 0 0 0 0
[2019-11-07 19:54:31]TIMES:320 rmnet_data0:15511 64 0 0 0 0 0 0 6660 66 0 0 0 0 0 0
[2019-11-07 19:54:36]TIMES:325 CPU USE:14 2 12 0
[2019-11-07 19:54:36]TIMES:325 CPU0 USE:14 2 12 0
[2019-11-07 19:54:36]TIMES:325 SERIAL0:153 1900 1074
[2019-11-07 19:54:36]TIMES:325 rmnet0:41160 300 0 0 0 0 0 0 33772 318 0 0 0 0 0 0
[2019-11-07 19:54:36]TIMES:325 rmnet_data1:23132 236 0 0 0 0 0 0 27024 251 0 0 0 0 0 0
[2019-11-07 19:54:36]TIMES:325 rmnet_data0:15511 64 0 0 0 0 0 0 6748 67 0 0 0 0 0 0
[2019-11-07 19:54:41]TIMES:330 ZONE4 TEMP:46
[2019-11-07 19:54:41]TIMES:330 MEM FREE:92 29
[2019-11-07 19:54:41]TIMES:330 CPU USE:22 4 18 0
[2019-11-07 19:54:41]TIMES:330 CPU0 USE:22 4 18 0
[2019-11-07 19:54:41]TIMES:330 SERIAL0:153 1924 1077
[2019-11-07 19:54:41]TIMES:330 rmnet0:41680 306 0 0 0 0 0 0 34180 323 0 0 0 0 0 0
[2019-11-07 19:54:41]TIMES:330 rmnet_data1:23468 240 0 0 0 0 0 0 27376 255 0 0 0 0 0 0
[2019-11-07 19:54:41]TIMES:330 rmnet_data0:15646 66 0 0 0 0 0 0 6804 68 0 0 0 0 0 0
[2019-11-07 19:54:46]TIMES:335 ZONE0 TEMP:47
[2019-11-07 19:54:46]TIMES:335 ZONE1 TEMP:46
[2019-11-07 19:54:46]TIMES:335 ZONE4 TEMP:45
[2019-11-07 19:54:46]TIMES:335 MEM FREE:93 30
[2019-11-07 19:54:46]TIMES:335 CPU USE:20 4 16 0
[2019-11-07 19:54:46]TIMES:335 CPU0 USE:20 4 16 0
[2019-11-07 19:54:46]TIMES:335 SERIAL0:153 1952 1087
[2019-11-07 19:54:46]TIMES:335 rmnet0:41944 308 0 0 0 0 0 0 34316 325 0 0 0 0 0 0
[2019-11-07 19:54:46]TIMES:335 rmnet_data0:15894 68 0 0 0 0 0 0 6940 70 0 0 0 0 0 0
[2019-11-07 19:54:51]TIMES:340 ZONE0 TEMP:48
[2019-11-07 19:54:51]TIMES:340 ZONE1 TEMP:47
[2019-11-07 19:54:51]TIMES:340 CPU USE:15 3 12 0
[2019-11-07 19:54:51]TIMES:340 CPU0 USE:15 3 12 0
[2019-11-07 19:54:51]TIMES:340 SERIAL0:153 1976 1100
[2019-11-07 19:54:56]TIMES:345 ZONE0 TEMP:46
[2019-11-07 19:54:56]TIMES:345 ZONE1 TEMP:43
[2019-11-07 19:54:56]TIMES:345 ZONE2 TEMP:45
[2019-11-07 19:54:56]TIMES:345 ZONE3 TEMP:44
[2019-11-07 19:54:56]TIMES:345 ZONE4 TEMP:43
[2019-11-07 19:54:56]TIMES:345 CPU USE:15 3 12 0
[2019-11-07 19:54:56]TIMES:345 CPU0 USE:15 3 12 0
[2019-11-07 19:54:56]TIMES:345 SERIAL0:153 2004 1100
[2019-11-07 19:55:01]TIMES:350 ZONE0 TEMP:47
[2019-11-07 19:55:01]TIMES:350 ZONE1 TEMP:46
[2019-11-07 19:55:01]TIMES:350 ZONE2 TEMP:49
[2019-11-07 19:55:01]TIMES:350 ZONE3 TEMP:47
[2019-11-07 19:55:01]TIMES:350 ZONE4 TEMP:45
[2019-11-07 19:55:01]TIMES:350 CPU USE:17 3 14 0
[2019-11-07 19:55:01]TIMES:350 CPU0 USE:17 3 14 0
[2019-11-07 19:55:01]TIMES:350 SERIAL0:153 2028 1113
[2019-11-07 19:55:01]TIMES:350 rmnet0:42036 309 0 0 0 0 0 0 34460 327 0 0 0 0 0 0
[2019-11-07 19:55:01]TIMES:350 rmnet_data0:15977 69 0 0 0 0 0 0 7084 72 0 0 0 0 0 0
[2019-11-07 19:55:06]TIMES:355 SERIAL0:153 2056 1128
[2019-11-07 19:55:11]TIMES:360 ZONE0 TEMP:48
[2019-11-07 19:55:11]TIMES:360 ZONE1 TEMP:47
[2019-11-07 19:55:11]TIMES:360 MEM FREE:92 29
[2019-11-07 19:55:11]TIMES:360 CPU USE:19 3 16 0
[2019-11-07 19:55:11]TIMES:360 CPU0 USE:19 3 16 0
[2019-11-07 19:55:11]TIMES:360 SERIAL0:153 2080 1141
[2019-11-07 19:55:11]TIMES:360 rmnet0:42188 311 0 0 0 0 0 0 35404 329 0 0 0 0 0 0
[2019-11-07 19:55:11]TIMES:360 rmnet_data1:23552 241 0 0 0 0 0 0 27464 256 0 0 0 0 0 0
[2019-11-07 19:55:11]TIMES:360 rmnet_data0:16029 70 0 0 0 0 0 0 7940 73 0 0 0 0 0 0
[2019-11-07 19:55:16]TIMES:365 MEM FREE:93 30
[2019-11-07 19:55:16]TIMES:365 CPU USE:43 9 34 0
[2019-11-07 19:55:16]TIMES:365 CPU0 USE:43 9 34 0
[2019-11-07 19:55:16]TIMES:365 SERIAL0:153 2108 1161
[2019-11-07 19:55:16]TIMES:365 rmnet0:43368 323 0 0 0 0 0 0 36336 341 0 0 0 0 0 0
[2019-11-07 19:55:16]TIMES:365 rmnet_data1:23972 246 0 0 0 0 0 0 27904 261 0 0 0 0 0 0
[2019-11-07 19:55:16]TIMES:365 rmnet_data0:16685 77 0 0 0 0 0 0 8432 80 0 0 0 0 0 0
[2019-11-07 19:55:21]TIMES:370 CPU USE:20 5 15 0
[2019-11-07 19:55:21]TIMES:370 CPU0 USE:20 5 15 0
[2019-11-07 19:55:21]TIMES:370 SERIAL0:153 2132 1164
[2019-11-07 19:55:21]TIMES:370 rmnet0:46616 343 0 0 0 0 0 0 38612 359 0 0 0 0 0 0
[2019-11-07 19:55:21]TIMES:370 rmnet_data1:26560 260 0 0 0 0 0 0 30036 277 0 0 0 0 0 0
[2019-11-07 19:55:21]TIMES:370 rmnet_data0:17171 83 0 0 0 0 0 0 8576 82 0 0 0 0 0 0
[2019-11-07 19:55:25]TIMES:375 ZONE1 TEMP:46
[2019-11-07 19:55:25]TIMES:375 MEM FREE:92 29
[2019-11-07 19:55:25]TIMES:375 CPU USE:13 3 10 0
[2019-11-07 19:55:25]TIMES:375 CPU0 USE:13 3 10 0
[2019-11-07 19:55:25]TIMES:375 SERIAL0:153 2172 1181
[2019-11-07 19:55:25]TIMES:375 rmnet0:47412 352 0 0 0 0 0 0 39144 365 0 0 0 0 0 0
[2019-11-07 19:55:25]TIMES:375 rmnet_data1:27032 266 0 0 0 0 0 0 30568 283 0 0 0 0 0 0
[2019-11-07 19:55:25]TIMES:375 rmnet_data0:17420 86 0 0 0 0 0 0 8576 82 0 0 0 0 0 0
[2019-11-07 19:55:30]TIMES:380 ZONE1 TEMP:47
[2019-11-07 19:55:30]TIMES:380 MEM FREE:93 30
[2019-11-07 19:55:30]TIMES:380 CPU USE:16 3 13 0
[2019-11-07 19:55:30]TIMES:380 CPU0 USE:16 3 13 0
[2019-11-07 19:55:30]TIMES:380 SERIAL0:153 2210 1194
[2019-11-07 19:55:30]TIMES:380 rmnet0:47964 358 0 0 0 0 0 0 39584 370 0 0 0 0 0 0
[2019-11-07 19:55:30]TIMES:380 rmnet_data1:27452 271 0 0 0 0 0 0 31008 288 0 0 0 0 0 0
[2019-11-07 19:55:30]TIMES:380 rmnet_data0:17503 87 0 0 0 0 0 0 8576 82 0 0 0 0 0 0
