[1980-01-06 08:00:16]sleep:5
[1980-01-06 08:00:16]change:1
[1980-01-06 08:00:16]address:
[1980-01-06 08:00:16]time:0
[1980-01-06 08:00:16]size:5
[1980-01-06 08:00:16]Oct 31 2019 14:30:13
[1980-01-06 08:00:21]TIMES:0 ZONE0 TEMP:45
[1980-01-06 08:00:21]TIMES:0 ZONE1 TEMP:42
[1980-01-06 08:00:21]TIMES:0 ZONE2 TEMP:44
[1980-01-06 08:00:21]TIMES:0 ZONE3 TEMP:44
[1980-01-06 08:00:21]TIMES:0 ZONE4 TEMP:43
[1980-01-06 08:00:21]TIMES:0 ZONE5 TEMP:45
[1980-01-06 08:00:21]TIMES:0 ZONE6 TEMP:38
[1980-01-06 08:00:21]TIMES:0 MEM FREE:94 35
[1980-01-06 08:00:21]TIMES:0 CPU0 FREQ:806400
[1980-01-06 08:00:21]TIMES:0 SERIAL0:153 32 1
[1980-01-06 08:00:21]TIMES:0 SERIAL1:151 0 0
[1980-01-06 08:00:21]TIMES:0 bridge0:0 0 0 0 0 0 0 0 748 9 0 0 0 0 0 0
[1980-01-06 08:00:21]TIMES:0 NET DELAY:-500
[1980-01-06 08:00:26]TIMES:5 ZONE0 TEMP:47
[1980-01-06 08:00:26]TIMES:5 ZONE1 TEMP:46
[1980-01-06 08:00:26]TIMES:5 ZONE2 TEMP:49
[1980-01-06 08:00:26]TIMES:5 ZONE3 TEMP:47
[1980-01-06 08:00:26]TIMES:5 ZONE4 TEMP:45
[1980-01-06 08:00:26]TIMES:5 ZONE6 TEMP:39
[1980-01-06 08:00:26]TIMES:5 MEM FREE:93 31
[1980-01-06 08:00:26]TIMES:5 CPU USE:54 13 41 0
[1980-01-06 08:00:26]TIMES:5 CPU0 USE:54 13 41 0
[1980-01-06 08:00:26]TIMES:5 SERIAL0:153 52 1
[1980-01-06 08:00:26]TIMES:5 rmnet0:0 0 0 0 0 0 0 0 776 10 0 0 0 0 0 0
[1980-01-06 08:00:26]TIMES:5     lo:2464 32 0 0 0 0 0 0 2464 32 0 0 0 0 0 0
[1980-01-06 08:00:26]TIMES:5 rmnet_data1:0 0 0 0 0 0 0 0 388 5 0 0 0 0 0 0
[1980-01-06 08:00:26]TIMES:5 rmnet_data0:0 0 0 0 0 0 0 0 388 5 0 0 0 0 0 0
[1980-01-06 08:00:31]TIMES:10 ZONE5 TEMP:46
[1980-01-06 08:00:31]TIMES:10 MEM FREE:92 31
[1980-01-06 08:00:31]TIMES:10 CPU USE:78 17 61 0
[1980-01-06 08:00:31]TIMES:10 CPU0 USE:78 17 61 0
[1980-01-06 08:00:31]TIMES:10 SERIAL0:153 72 1
[1980-01-06 08:00:31]TIMES:10 rmnet0:440 4 0 0 0 0 0 0 1048 14 0 0 0 0 0 0
[1980-01-06 08:00:31]TIMES:10     lo:4928 64 0 0 0 0 0 0 4928 64 0 0 0 0 0 0
[1980-01-06 08:00:31]TIMES:10 rmnet_data0:404 4 0 0 0 0 0 0 660 9 0 0 0 0 0 0
[1980-01-06 08:00:31]TIMES:10 NET MODE:5 -73 -106
[1980-01-06 08:00:36]TIMES:15 ZONE3 TEMP:46
[1980-01-06 08:00:36]TIMES:15 ZONE4 TEMP:44
[1980-01-06 08:00:36]TIMES:15 ZONE5 TEMP:45
[1980-01-06 08:00:36]TIMES:15 MEM FREE:93 31
[1980-01-06 08:00:36]TIMES:15 CPU USE:32 5 27 0
[1980-01-06 08:00:36]TIMES:15 CPU0 USE:32 5 27 0
[1980-01-06 08:00:36]TIMES:15 SERIAL0:153 82 1
[1980-01-06 08:00:36]TIMES:15 rmnet0:808 8 0 0 0 0 0 0 1336 18 0 0 0 0 0 0
[1980-01-06 08:00:36]TIMES:15     lo:7392 96 0 0 0 0 0 0 7392 96 0 0 0 0 0 0
[1980-01-06 08:00:36]TIMES:15 rmnet_data0:735 8 0 0 0 0 0 0 948 13 0 0 0 0 0 0
[1980-01-06 08:00:41]TIMES:20 ZONE5 TEMP:46
[1980-01-06 08:00:41]TIMES:20 CPU USE:18 4 14 0
[1980-01-06 08:00:41]TIMES:20 CPU0 USE:18 4 14 0
[1980-01-06 08:00:41]TIMES:20 SERIAL0:153 102 1
[1980-01-06 08:00:41]TIMES:20 bridge0:0 0 0 0 0 0 0 0 820 10 0 0 0 0 0 0
[1980-01-06 08:00:41]TIMES:20     lo:9856 128 0 0 0 0 0 0 9856 128 0 0 0 0 0 0
[1980-01-06 08:00:46]TIMES:25 ZONE0 TEMP:45
[1980-01-06 08:00:46]TIMES:25 ZONE1 TEMP:42
[1980-01-06 08:00:46]TIMES:25 ZONE2 TEMP:45
[1980-01-06 08:00:46]TIMES:25 ZONE3 TEMP:43
[1980-01-06 08:00:46]TIMES:25 ZONE4 TEMP:42
[1980-01-06 08:00:46]TIMES:25 CPU USE:16 4 12 0
[1980-01-06 08:00:46]TIMES:25 CPU0 USE:16 4 12 0
[1980-01-06 08:00:46]TIMES:25 SERIAL0:153 122 1
[1980-01-06 08:00:46]TIMES:25 bridge0:0 0 0 0 0 0 0 0 1036 13 0 0 0 0 0 0
[1980-01-06 08:00:46]TIMES:25     lo:12320 160 0 0 0 0 0 0 12320 160 0 0 0 0 0 0
[1980-01-06 08:00:51]TIMES:30 ZONE0 TEMP:44
[1980-01-06 08:00:51]TIMES:30 ZONE1 TEMP:41
[1980-01-06 08:00:51]TIMES:30 ZONE2 TEMP:44
[1980-01-06 08:00:51]TIMES:30 ZONE3 TEMP:42
[1980-01-06 08:00:51]TIMES:30 ZONE4 TEMP:41
[1980-01-06 08:00:51]TIMES:30 ZONE5 TEMP:45
[1980-01-06 08:00:51]TIMES:30 CPU USE:17 2 15 0
[1980-01-06 08:00:51]TIMES:30 CPU0 USE:17 2 15 0
[1980-01-06 08:00:51]TIMES:30 SERIAL0:153 132 1
[1980-01-06 08:00:51]TIMES:30     lo:14784 192 0 0 0 0 0 0 14784 192 0 0 0 0 0 0
[1980-01-06 08:00:56]TIMES:35 ZONE6 TEMP:38
[1980-01-06 08:00:56]TIMES:35 CPU USE:16 3 13 0
[1980-01-06 08:00:56]TIMES:35 CPU0 USE:16 3 13 0
[1980-01-06 08:00:56]TIMES:35 SERIAL0:153 152 1
[1980-01-06 08:01:01]TIMES:40 ZONE2 TEMP:43
[1980-01-06 08:01:01]TIMES:40 CPU USE:16 4 12 0
[1980-01-06 08:01:01]TIMES:40 CPU0 USE:16 4 12 0
[1980-01-06 08:01:01]TIMES:40 SERIAL0:153 172 1
[1980-01-06 08:01:01]TIMES:40     lo:17248 224 0 0 0 0 0 0 17248 224 0 0 0 0 0 0
[1980-01-06 08:01:06]TIMES:45 ZONE0 TEMP:46
[1980-01-06 08:01:06]TIMES:45 ZONE1 TEMP:45
[1980-01-06 08:01:06]TIMES:45 ZONE2 TEMP:48
[1980-01-06 08:01:06]TIMES:45 ZONE3 TEMP:45
[1980-01-06 08:01:06]TIMES:45 ZONE4 TEMP:43
[1980-01-06 08:01:06]TIMES:45 CPU USE:21 5 16 0
[1980-01-06 08:01:06]TIMES:45 CPU0 USE:21 5 16 0
[1980-01-06 08:01:06]TIMES:45 SERIAL0:153 182 1
[1980-01-06 08:01:06]TIMES:45 rmnet0:808 8 0 0 0 0 0 0 1404 19 0 0 0 0 0 0
[1980-01-06 08:01:06]TIMES:45 rmnet_data0:735 8 0 0 0 0 0 0 1016 14 0 0 0 0 0 0
[1980-01-06 08:01:11]TIMES:50 ZONE3 TEMP:46
[1980-01-06 08:01:11]TIMES:50 ZONE4 TEMP:44
[1980-01-06 08:01:11]TIMES:50 CPU USE:19 4 15 0
[1980-01-06 08:01:11]TIMES:50 CPU0 USE:19 4 15 0
[1980-01-06 08:01:11]TIMES:50 SERIAL0:153 202 1
[1980-01-06 08:01:11]TIMES:50 rmnet0:1072 10 0 0 0 0 0 0 1540 21 0 0 0 0 0 0
[1980-01-06 08:01:11]TIMES:50     lo:19712 256 0 0 0 0 0 0 19712 256 0 0 0 0 0 0
[1980-01-06 08:01:11]TIMES:50 rmnet_data0:983 10 0 0 0 0 0 0 1152 16 0 0 0 0 0 0
[1980-01-06 08:01:11]TIMES:50 NET MODE:5 -77 -106
[1980-01-06 08:01:16]TIMES:55 ZONE0 TEMP:47
[1980-01-06 08:01:16]TIMES:55 ZONE1 TEMP:46
[1980-01-06 08:01:16]TIMES:55 ZONE6 TEMP:39
[1980-01-06 08:01:16]TIMES:55 CPU USE:15 3 12 0
[1980-01-06 08:01:16]TIMES:55 CPU0 USE:15 3 12 0
[1980-01-06 08:01:16]TIMES:55 SERIAL0:153 222 1
[1980-01-06 08:01:16]TIMES:55 NET MODE:5 -72 -106
[1980-01-06 08:01:21]TIMES:60 ZONE2 TEMP:49
[1980-01-06 08:01:21]TIMES:60 CPU USE:17 3 14 0
[1980-01-06 08:01:21]TIMES:60 CPU0 USE:17 3 14 0
[1980-01-06 08:01:21]TIMES:60 SERIAL0:153 232 1
[1980-01-06 08:01:21]TIMES:60     lo:22176 288 0 0 0 0 0 0 22176 288 0 0 0 0 0 0
