[1980-01-06 08:00:16]sleep:5
[1980-01-06 08:00:16]change:1
[1980-01-06 08:00:16]address:
[1980-01-06 08:00:16]time:0
[1980-01-06 08:00:16]size:5
[1980-01-06 08:00:16]Oct 31 2019 14:30:13
[1980-01-06 08:00:21]TIMES:0 ZONE0 TEMP:34
[1980-01-06 08:00:21]TIMES:0 ZONE1 TEMP:31
[1980-01-06 08:00:21]TIMES:0 ZONE2 TEMP:33
[1980-01-06 08:00:21]TIMES:0 ZONE3 TEMP:32
[1980-01-06 08:00:21]TIMES:0 ZONE4 TEMP:31
[1980-01-06 08:00:21]TIMES:0 ZONE5 TEMP:34
[1980-01-06 08:00:21]TIMES:0 ZONE6 TEMP:27
[1980-01-06 08:00:21]TIMES:0 MEM FREE:94 34
[1980-01-06 08:00:21]TIMES:0 CPU0 FREQ:806400
[1980-01-06 08:00:21]TIMES:0 SERIAL0:153 152 186
[1980-01-06 08:00:21]TIMES:0 SERIAL1:151 0 0
[1980-01-06 08:00:21]TIMES:0 bridge0:0 0 0 0 0 0 0 0 660 7 0 0 0 0 0 0
[1980-01-06 08:00:21]TIMES:0 NET DELAY:-500
[1980-01-06 08:00:26]TIMES:5 ZONE0 TEMP:36
[1980-01-06 08:00:26]TIMES:5 ZONE1 TEMP:35
[1980-01-06 08:00:26]TIMES:5 ZONE2 TEMP:38
[1980-01-06 08:00:26]TIMES:5 ZONE3 TEMP:35
[1980-01-06 08:00:26]TIMES:5 ZONE4 TEMP:34
[1980-01-06 08:00:26]TIMES:5 MEM FREE:92 31
[1980-01-06 08:00:26]TIMES:5 CPU USE:52 11 41 0
[1980-01-06 08:00:26]TIMES:5 CPU0 USE:52 11 41 0
[1980-01-06 08:00:26]TIMES:5 SERIAL0:153 190 198
[1980-01-06 08:00:26]TIMES:5 rmnet0:0 0 0 0 0 0 0 0 696 9 0 0 0 0 0 0
[1980-01-06 08:00:26]TIMES:5 rmnet_data1:0 0 0 0 0 0 0 0 388 5 0 0 0 0 0 0
[1980-01-06 08:00:26]TIMES:5 rmnet_data0:0 0 0 0 0 0 0 0 308 4 0 0 0 0 0 0
[2019-11-08 07:03:24]TIMES:10 ZONE0 TEMP:37
[2019-11-08 07:03:24]TIMES:10 ZONE1 TEMP:36
[2019-11-08 07:03:24]TIMES:10 ZONE3 TEMP:36
[2019-11-08 07:03:24]TIMES:10 ZONE4 TEMP:35
[2019-11-08 07:03:24]TIMES:10 ZONE5 TEMP:35
[2019-11-08 07:03:24]TIMES:10 ZONE6 TEMP:28
[2019-11-08 07:03:24]TIMES:10 MEM FREE:92 30
[2019-11-08 07:03:24][H[JMem: 126180K used, 30812K free, 48K shrd, 0K buff, 62784K cached
STAT     %CPU     COMMAND[0m
R     18.7     process-service
S     6.2     modem-service
S     6.2     tspcomm-service
S     6.2     power-service
3080     top     -n1
2664     /usr/bin/dbus-daemon     --config-file

[2019-11-08 07:03:24]TIMES:10 CPU USE:95 20 75 0
[2019-11-08 07:03:24][H[JMem: 125924K used, 31068K free, 52K shrd, 0K buff, 62804K cached
STAT     %CPU     COMMAND[0m
S     7.1     power-service
S     7.1     process-service
S     7.1     system-service
3080     top     -n1
root     0.0     /usr/bin/netmgrd
S     0.0     /usr/bin/thermal-engine

[2019-11-08 07:03:24]TIMES:10 CPU0 USE:95 20 75 0
[2019-11-08 07:03:24]TIMES:10 SERIAL0:153 250 225
[2019-11-08 07:03:24]TIMES:10 rmnet0:3016 15 0 0 0 0 0 0 3128 31 0 0 0 0 0 0
[2019-11-08 07:03:24]TIMES:10 rmnet_data1:0 0 0 0 0 0 0 0 724 8 0 0 0 0 0 0
[2019-11-08 07:03:24]TIMES:10 rmnet_data0:2872 15 0 0 0 0 0 0 2404 23 0 0 0 0 0 0
[2019-11-08 07:03:24]TIMES:10 NET MODE:5 -69 -102
[2019-11-08 07:03:29]TIMES:15 ZONE1 TEMP:35
[2019-11-08 07:03:29]TIMES:15 ZONE4 TEMP:34
[2019-11-08 07:03:29]TIMES:15 CPU USE:21 3 18 0
[2019-11-08 07:03:29]TIMES:15 CPU0 USE:21 3 18 0
[2019-11-08 07:03:30]TIMES:15 SERIAL0:153 278 235
[2019-11-08 07:03:30]TIMES:15 rmnet0:3016 15 0 0 0 0 0 0 3464 34 0 0 0 0 0 0
[2019-11-08 07:03:30]TIMES:15 rmnet_data1:0 0 0 0 0 0 0 0 1060 11 0 0 0 0 0 0
[2019-11-08 07:03:17]TIMES:20 ZONE1 TEMP:36
[2019-11-08 07:03:17]TIMES:20 CPU USE:19 3 16 0
[2019-11-08 07:03:17]TIMES:20 CPU0 USE:19 3 16 0
[2019-11-08 07:03:17]TIMES:20 SERIAL0:153 338 252
[2019-11-08 07:03:17]TIMES:20 bridge0:0 0 0 0 0 0 0 0 804 9 0 0 0 0 0 0
[2019-11-08 07:03:17]TIMES:20 rmnet0:5664 28 0 0 0 0 0 0 5452 48 0 0 0 0 0 0
[2019-11-08 07:03:17]TIMES:20 rmnet_data1:2240 9 0 0 0 0 0 0 3048 25 0 0 0 0 0 0
[2019-11-08 07:03:17]TIMES:20 rmnet_data0:3156 19 0 0 0 0 0 0 2404 23 0 0 0 0 0 0
[2019-11-08 07:03:17]TIMES:20 NET MODE:5 -64 -100
[2019-11-08 07:03:22]TIMES:25 CPU USE:13 3 10 0
[2019-11-08 07:03:22]TIMES:25 CPU0 USE:13 3 10 0
[2019-11-08 07:03:23]TIMES:25 SERIAL0:153 352 262
[2019-11-08 07:03:23]TIMES:25 bridge0:0 0 0 0 0 0 0 0 948 11 0 0 0 0 0 0
[2019-11-08 07:03:23]TIMES:25 rmnet0:5824 30 0 0 0 0 0 0 5452 48 0 0 0 0 0 0
[2019-11-08 07:03:23]TIMES:25 rmnet_data0:3298 21 0 0 0 0 0 0 2404 23 0 0 0 0 0 0
[2019-11-08 07:03:28]TIMES:30 ZONE2 TEMP:39
[2019-11-08 07:03:28]TIMES:30 CPU USE:16 3 13 0
[2019-11-08 07:03:28]TIMES:30 CPU0 USE:16 3 13 0
[2019-11-08 07:03:28]TIMES:30 SERIAL0:153 404 275
[2019-11-08 07:03:28]TIMES:30 rmnet0:5824 30 0 0 0 0 0 0 5656 49 0 0 0 0 0 0
[2019-11-08 07:03:28]TIMES:30 rmnet_data1:2240 9 0 0 0 0 0 0 3252 26 0 0 0 0 0 0
[2019-11-08 07:03:33]TIMES:35 ZONE5 TEMP:36
[2019-11-08 07:03:33]TIMES:35 ZONE6 TEMP:29
[2019-11-08 07:03:33]TIMES:35 CPU USE:15 2 13 0
[2019-11-08 07:03:33]TIMES:35 CPU0 USE:15 2 13 0
[2019-11-08 07:03:33]TIMES:35 SERIAL0:153 418 285
[2019-11-08 07:03:33]TIMES:35 rmnet0:5904 31 0 0 0 0 0 0 5656 49 0 0 0 0 0 0
[2019-11-08 07:03:33]TIMES:35 rmnet_data0:3369 22 0 0 0 0 0 0 2404 23 0 0 0 0 0 0
