[1980-01-06 08:00:15]sleep:5
[1980-01-06 08:00:15]change:1
[1980-01-06 08:00:15]address:
[1980-01-06 08:00:15]time:0
[1980-01-06 08:00:15]size:5
[1980-01-06 08:00:15]Oct 31 2019 14:30:13
[1980-01-06 08:00:20]TIMES:0 ZONE0 TEMP:35
[1980-01-06 08:00:20]TIMES:0 ZONE1 TEMP:32
[1980-01-06 08:00:20]TIMES:0 ZONE2 TEMP:34
[1980-01-06 08:00:20]TIMES:0 ZONE3 TEMP:33
[1980-01-06 08:00:20]TIMES:0 ZONE4 TEMP:32
[1980-01-06 08:00:20]TIMES:0 ZONE5 TEMP:35
[1980-01-06 08:00:20]TIMES:0 ZONE6 TEMP:28
[1980-01-06 08:00:20]TIMES:0 MEM FREE:94 35
[1980-01-06 08:00:20]TIMES:0 CPU0 FREQ:806400
[1980-01-06 08:00:20]TIMES:0 SERIAL0:153 181 801
[1980-01-06 08:00:20]TIMES:0 SERIAL1:151 0 0
[1980-01-06 08:00:20]TIMES:0 bridge0:0 0 0 0 0 0 0 0 76 1 0 0 0 0 0 0
[1980-01-06 08:00:20]TIMES:0 NET DELAY:-500
[1980-01-06 08:00:25]TIMES:5 ZONE0 TEMP:37
[1980-01-06 08:00:25]TIMES:5 ZONE1 TEMP:36
[1980-01-06 08:00:25]TIMES:5 ZONE2 TEMP:39
[1980-01-06 08:00:25]TIMES:5 ZONE3 TEMP:37
[1980-01-06 08:00:25]TIMES:5 ZONE4 TEMP:35
[1980-01-06 08:00:25]TIMES:5 MEM FREE:93 32
[1980-01-06 08:00:25]TIMES:5 CPU USE:56 15 41 0
[1980-01-06 08:00:25]TIMES:5 CPU0 USE:56 15 41 0
[1980-01-06 08:00:25]TIMES:5 SERIAL0:153 219 997
[1980-01-06 08:00:25]TIMES:5 rmnet0:0 0 0 0 0 0 0 0 776 10 0 0 0 0 0 0
[1980-01-06 08:00:25]TIMES:5 rmnet_data1:0 0 0 0 0 0 0 0 388 5 0 0 0 0 0 0
[1980-01-06 08:00:25]TIMES:5 rmnet_data0:0 0 0 0 0 0 0 0 388 5 0 0 0 0 0 0
[2019-11-08 07:38:18]TIMES:10 ZONE0 TEMP:38
[2019-11-08 07:38:18]TIMES:10 ZONE1 TEMP:37
[2019-11-08 07:38:18]TIMES:10 ZONE2 TEMP:40
[2019-11-08 07:38:18]TIMES:10 ZONE4 TEMP:36
[2019-11-08 07:38:18]TIMES:10 ZONE6 TEMP:29
[2019-11-08 07:38:18]TIMES:10 MEM FREE:92 30
[2019-11-08 07:38:18][H[JMem: 125492K used, 31500K free, 48K shrd, 0K buff, 62704K cached
STAT     %CPU     COMMAND[0m
S     17.6     process-service
S     11.7     modem-service
3080     top     -n1
S     5.8     power-service
DW     5.8     [kworker/u2:1]
S     0.0     /usr/bin/thermal-engine

[2019-11-08 07:38:18]TIMES:10 CPU USE:93 18 75 0
[2019-11-08 07:38:19][H[JMem: 125464K used, 31528K free, 52K shrd, 0K buff, 62724K cached
STAT     %CPU     COMMAND[0m
S     14.2     modem-service
S     7.1     tspcomm-service
S     7.1     system-service
3080     top     -n1
S     0.0     /usr/bin/thermal-engine
root     0.0     /usr/bin/netmgrd

[2019-11-08 07:38:19]TIMES:10 CPU0 USE:93 18 75 0
[2019-11-08 07:38:19]TIMES:10 SERIAL0:153 279 1018
[2019-11-08 07:38:19]TIMES:10 rmnet0:4464 16 0 0 0 0 0 0 3272 31 0 0 0 0 0 0
[2019-11-08 07:38:19]TIMES:10 rmnet_data1:1359 1 0 0 0 0 0 0 760 8 0 0 0 0 0 0
[2019-11-08 07:38:19]TIMES:10 rmnet_data0:2952 15 0 0 0 0 0 0 2512 23 0 0 0 0 0 0
[2019-11-08 07:38:19]TIMES:10 NET MODE:5 -55 -88
[2019-11-08 07:38:24]TIMES:15 ZONE4 TEMP:35
[2019-11-08 07:38:24]TIMES:15 ZONE5 TEMP:36
[2019-11-08 07:38:24]TIMES:15 MEM FREE:93 31
[2019-11-08 07:38:24]TIMES:15 CPU USE:24 6 18 0
[2019-11-08 07:38:24]TIMES:15 CPU0 USE:24 6 18 0
[2019-11-08 07:38:24]TIMES:15 SERIAL0:153 307 1032
[2019-11-08 07:38:24]TIMES:15 rmnet0:4464 16 0 0 0 0 0 0 3796 35 0 0 0 0 0 0
[2019-11-08 07:38:24]TIMES:15 rmnet_data1:1359 1 0 0 0 0 0 0 1284 12 0 0 0 0 0 0
[2019-11-08 07:38:29]TIMES:20 CPU USE:17 4 13 0
[2019-11-08 07:38:29]TIMES:20 CPU0 USE:17 4 13 0
[2019-11-08 07:38:29]TIMES:20 SERIAL0:153 367 1085
[2019-11-08 07:38:29]TIMES:20 rmnet0:7252 30 0 0 0 0 0 0 5612 47 0 0 0 0 0 0
[2019-11-08 07:38:29]TIMES:20 rmnet_data1:3599 10 0 0 0 0 0 0 3100 24 0 0 0 0 0 0
[2019-11-08 07:38:29]TIMES:20 rmnet_data0:3367 20 0 0 0 0 0 0 2512 23 0 0 0 0 0 0
[2019-11-08 07:38:34]TIMES:25 CPU USE:16 2 14 0
[2019-11-08 07:38:34]TIMES:25 CPU0 USE:16 2 14 0
[2019-11-08 07:38:34]TIMES:25 SERIAL0:153 381 1419
[2019-11-08 07:38:34]TIMES:25 rmnet0:11540 39 0 0 0 0 0 0 5732 49 0 0 0 0 0 0
[2019-11-08 07:38:34]TIMES:25 rmnet_data1:7709 18 0 0 0 0 0 0 3220 26 0 0 0 0 0 0
[2019-11-08 07:38:34]TIMES:25 rmnet_data0:3450 21 0 0 0 0 0 0 2512 23 0 0 0 0 0 0
[2019-11-08 07:38:34]TIMES:25 NET MODE:5 -59 -90
[2019-11-08 07:38:39]TIMES:30 CPU USE:20 5 15 0
[2019-11-08 07:38:39]TIMES:30 CPU0 USE:20 5 15 0
[2019-11-08 07:38:39]TIMES:30 SERIAL0:153 629 1967
[2019-11-08 07:38:39]TIMES:30 rmnet0:14572 45 0 0 0 0 0 0 5948 50 0 0 0 0 0 0
[2019-11-08 07:38:39]TIMES:30 rmnet_data1:10594 23 0 0 0 0 0 0 3436 27 0 0 0 0 0 0
[2019-11-08 07:38:39]TIMES:30 rmnet_data0:3533 22 0 0 0 0 0 0 2512 23 0 0 0 0 0 0
[2019-11-08 07:38:39]TIMES:30 NET MODE:5 -55 -87
[2019-11-08 07:38:44]TIMES:35 ZONE6 TEMP:30
[2019-11-08 07:38:44]TIMES:35 CPU USE:18 3 15 0
[2019-11-08 07:38:44]TIMES:35 CPU0 USE:18 3 15 0
[2019-11-08 07:38:44]TIMES:35 SERIAL0:153 643 2740
[2019-11-08 07:38:44]TIMES:35 rmnet0:15160 46 0 0 0 0 0 0 5948 50 0 0 0 0 0 0
[2019-11-08 07:38:44]TIMES:35 rmnet_data1:11171 24 0 0 0 0 0 0 3436 27 0 0 0 0 0 0
[2019-11-08 07:38:49]TIMES:40 ZONE3 TEMP:38
[2019-11-08 07:38:49]TIMES:40 ZONE4 TEMP:36
[2019-11-08 07:38:49]TIMES:40 ZONE5 TEMP:37
[2019-11-08 07:38:49]TIMES:40 CPU USE:20 4 16 0
[2019-11-08 07:38:49]TIMES:40 CPU0 USE:20 4 16 0
[2019-11-08 07:38:49]TIMES:40 SERIAL0:153 681 3532
[2019-11-08 07:38:49]TIMES:40 rmnet0:15252 47 0 0 0 0 0 0 5948 50 0 0 0 0 0 0
[2019-11-08 07:38:49]TIMES:40 rmnet_data0:3616 23 0 0 0 0 0 0 2512 23 0 0 0 0 0 0
[2019-11-08 07:38:54]TIMES:45 ZONE1 TEMP:38
[2019-11-08 07:38:54]TIMES:45 CPU USE:31 6 25 0
[2019-11-08 07:38:54]TIMES:45 CPU0 USE:31 6 25 0
[2019-11-08 07:38:54]TIMES:45 SERIAL0:153 695 3913
[2019-11-08 07:38:54]TIMES:45 rmnet0:16276 52 0 0 0 0 0 0 6204 54 0 0 0 0 0 0
[2019-11-08 07:38:54]TIMES:45 rmnet_data1:11819 26 0 0 0 0 0 0 3556 29 0 0 0 0 0 0
[2019-11-08 07:38:54]TIMES:45 rmnet_data0:3947 26 0 0 0 0 0 0 2648 25 0 0 0 0 0 0
[2019-11-08 07:38:54]TIMES:45 NET MODE:5 -56 -92
[2019-11-08 07:39:50]TIMES:50 ZONE1 TEMP:37
[2019-11-08 07:39:50]TIMES:50 MEM FREE:92 30
[2019-11-08 07:39:50]TIMES:50 CPU USE:16 3 13 0
[2019-11-08 07:39:50]TIMES:50 CPU0 USE:16 3 13 0
[2019-11-08 07:39:50]TIMES:50 SERIAL0:153 973 4300
[2019-11-08 07:39:50]TIMES:50 bridge0:72 1 0 0 0 0 0 0 76 1 0 0 0 0 0 0
[2019-11-08 07:39:50]TIMES:50 rmnet0:20828 76 0 0 0 0 0 0 9152 74 0 0 0 0 0 0
[2019-11-08 07:39:50]TIMES:50 rmnet_data1:15566 43 0 0 0 0 0 0 6504 49 0 0 0 0 0 0
[2019-11-08 07:39:50]TIMES:50 rmnet_data0:4528 33 0 0 0 0 0 0 2648 25 0 0 0 0 0 0
[2019-11-08 07:39:50]TIMES:50 rndis0:1383 16 0 0 0 0 0 0 638 5 0 0 0 0 0 0
[2019-11-08 07:39:55]TIMES:55 ZONE1 TEMP:38
[2019-11-08 07:39:55]TIMES:55 CPU USE:35 7 28 0
[2019-11-08 07:39:55]TIMES:55 CPU0 USE:35 7 28 0
[2019-11-08 07:39:55]TIMES:55 SERIAL0:153 1017 4342
[2019-11-08 07:39:55]TIMES:55 bridge0:5099 87 0 0 0 0 0 0 4158 42 0 0 0 0 0 0
[2019-11-08 07:39:55]TIMES:55 rmnet0:39912 164 0 0 0 0 0 0 22672 177 0 0 0 0 0 0
[2019-11-08 07:39:55]TIMES:55 rmnet_data1:15646 45 0 0 0 0 0 0 6584 50 0 0 0 0 0 0
[2019-11-08 07:39:55]TIMES:55 rmnet_data0:22780 119 0 0 0 0 0 0 16088 127 0 0 0 0 0 0
[2019-11-08 07:39:55]TIMES:55 rndis0:16197 152 0 0 0 0 0 0 22790 86 0 0 0 0 0 0
[2019-11-08 07:40:00]TIMES:60 ZONE0 TEMP:39
[2019-11-08 07:40:00]TIMES:60 ZONE2 TEMP:41
[2019-11-08 07:40:00]TIMES:60 CPU USE:18 5 13 0
[2019-11-08 07:40:00]TIMES:60 CPU0 USE:18 5 13 0
[2019-11-08 07:40:00]TIMES:60 SERIAL0:153 1041 4359
[2019-11-08 07:40:00]TIMES:60 bridge0:6899 124 0 0 0 0 0 0 6635 66 0 0 0 0 0 0
[2019-11-08 07:40:00]TIMES:60 rmnet0:89124 265 0 0 0 0 0 0 47636 284 0 0 0 0 0 0
[2019-11-08 07:40:00]TIMES:60 rmnet_data1:17045 47 0 0 0 0 0 0 7488 51 0 0 0 0 0 0
[2019-11-08 07:40:00]TIMES:60 rmnet_data0:69729 218 0 0 0 0 0 0 40148 233 0 0 0 0 0 0
[2019-11-08 07:40:00]TIMES:60 rndis0:39772 258 0 0 0 0 0 0 75595 186 0 0 0 0 0 0
[2019-11-08 07:40:00]TIMES:60 NET MODE:5 -60 -92
[2019-11-08 07:40:05]TIMES:65 ZONE3 TEMP:39
[2019-11-08 07:40:05]TIMES:65 CPU USE:16 3 13 0
[2019-11-08 07:40:05]TIMES:65 CPU0 USE:16 3 13 0
[2019-11-08 07:40:05]TIMES:65 SERIAL0:153 1069 4381
[2019-11-08 07:40:05]TIMES:65 bridge0:8454 158 0 0 0 0 0 0 9124 95 0 0 0 0 0 0
[2019-11-08 07:40:05]TIMES:65 rmnet0:123032 365 0 0 0 0 0 0 73744 399 0 0 0 0 0 0
[2019-11-08 07:40:05]TIMES:65 rmnet_data0:102786 318 0 0 0 0 0 0 66256 348 0 0 0 0 0 0
[2019-11-08 07:40:05]TIMES:65 rndis0:65568 375 0 0 0 0 0 0 114452 286 0 0 0 0 0 0
[2019-11-08 07:40:10]TIMES:70 ZONE3 TEMP:38
[2019-11-08 07:40:10]TIMES:70 CPU USE:16 2 14 0
[2019-11-08 07:40:10]TIMES:70 CPU0 USE:16 2 14 0
[2019-11-08 07:40:10]TIMES:70 SERIAL0:153 1093 4430
[2019-11-08 07:40:10]TIMES:70 bridge0:9501 179 0 0 0 0 0 0 10700 113 0 0 0 0 0 0
[2019-11-08 07:40:10]TIMES:70 rmnet0:158708 445 0 0 0 0 0 0 101604 485 0 0 0 0 0 0
[2019-11-08 07:40:10]TIMES:70 rmnet_data0:137780 398 0 0 0 0 0 0 94116 434 0 0 0 0 0 0
[2019-11-08 07:40:10]TIMES:70 rndis0:93113 462 0 0 0 0 0 0 154086 366 0 0 0 0 0 0
[2019-11-08 07:40:15]TIMES:75 ZONE0 TEMP:40
[2019-11-08 07:40:15]TIMES:75 ZONE1 TEMP:40
[2019-11-08 07:40:15]TIMES:75 ZONE2 TEMP:44
[2019-11-08 07:40:15]TIMES:75 ZONE3 TEMP:40
[2019-11-08 07:40:15]TIMES:75 ZONE4 TEMP:38
[2019-11-08 07:40:15]TIMES:75 ZONE5 TEMP:38
[2019-11-08 07:40:15]TIMES:75 ZONE6 TEMP:31
[2019-11-08 07:40:15]TIMES:75 CPU USE:41 5 36 0
[2019-11-08 07:40:15]TIMES:75 CPU0 USE:41 5 36 0
[2019-11-08 07:40:15]TIMES:75 SERIAL0:153 1107 4456
[2019-11-08 07:40:15]TIMES:75 bridge0:10873 206 0 0 0 0 0 0 18687 138 0 0 0 0 0 0
[2019-11-08 07:40:15]TIMES:75 rmnet0:11479888 8545 0 0 0 0 0 0 440332 7788 0 0 0 0 0 0
[2019-11-08 07:40:15]TIMES:75 rmnet_data0:11394092 8498 0 0 0 0 0 0 432844 7737 0 0 0 0 0 0
[2019-11-08 07:40:15]TIMES:75 rndis0:400165 7749 0 0 0 0 0 0 11878278 7606 0 0 0 0 0 0
[2019-11-08 07:40:20]TIMES:80 ZONE0 TEMP:41
[2019-11-08 07:40:20]TIMES:80 ZONE1 TEMP:41
[2019-11-08 07:40:20]TIMES:80 ZONE2 TEMP:45
[2019-11-08 07:40:20]TIMES:80 ZONE3 TEMP:41
[2019-11-08 07:40:20]TIMES:80 ZONE4 TEMP:39
[2019-11-08 07:40:20]TIMES:80 ZONE6 TEMP:32
[2019-11-08 07:40:20]TIMES:80 CPU USE:48 5 43 0
[2019-11-08 07:40:20]TIMES:80 CPU0 USE:48 5 43 0
[2019-11-08 07:40:20]TIMES:80 SERIAL0:153 1145 4473
[2019-11-08 07:40:20]TIMES:80 bridge0:10873 206 0 0 0 0 0 0 18831 140 0 0 0 0 0 0
[2019-11-08 07:40:20]TIMES:80 rmnet0:25726440 18667 0 0 0 0 0 0 820648 16422 0 0 0 0 0 0
[2019-11-08 07:40:20]TIMES:80 rmnet_data1:17116 48 0 0 0 0 0 0 7608 53 0 0 0 0 0 0
[2019-11-08 07:40:20]TIMES:80 rmnet_data0:25569396 18626 0 0 0 0 0 0 813040 16369 0 0 0 0 0 0
[2019-11-08 07:40:20]TIMES:80 rndis0:746048 16383 0 0 0 0 0 0 26635394 16210 0 0 0 0 0 0
[2019-11-08 07:40:20]TIMES:80 NET MODE:5 -54 -90
[2019-11-08 07:40:25]TIMES:85 ZONE0 TEMP:42
[2019-11-08 07:40:25]TIMES:85 ZONE3 TEMP:42
[2019-11-08 07:40:25]TIMES:85 ZONE6 TEMP:33
[2019-11-08 07:40:25]TIMES:85 CPU USE:57 8 49 0
[2019-11-08 07:40:25]TIMES:85 CPU0 USE:57 8 49 0
[2019-11-08 07:40:25]TIMES:85 SERIAL0:153 1159 4495
[2019-11-08 07:40:25]TIMES:85 bridge0:11149 212 0 0 0 0 0 0 19343 145 0 0 0 0 0 0
[2019-11-08 07:40:25]TIMES:85 rmnet0:38850512 27996 0 0 0 0 0 0 1178988 24536 0 0 0 0 0 0
[2019-11-08 07:40:25]TIMES:85 rmnet_data0:38609035 27948 0 0 0 0 0 0 1171380 24483 0 0 0 0 0 0
[2019-11-08 07:40:25]TIMES:85 rndis0:1071861 24497 0 0 0 0 0 0 40221445 24274 0 0 0 0 0 0
[2019-11-08 07:40:30]TIMES:90 ZONE0 TEMP:41
[2019-11-08 07:40:30]TIMES:90 ZONE2 TEMP:44
[2019-11-08 07:40:30]TIMES:90 ZONE3 TEMP:41
[2019-11-08 07:40:30]TIMES:90 ZONE5 TEMP:39
[2019-11-08 07:40:30]TIMES:90 MEM FREE:92 29
[2019-11-08 07:40:30]TIMES:90 CPU USE:36 7 29 0
[2019-11-08 07:40:30]TIMES:90 CPU0 USE:36 7 29 0
[2019-11-08 07:40:30]TIMES:90 SERIAL0:153 1183 4512
[2019-11-08 07:40:30]TIMES:90 bridge0:11385 217 0 0 0 0 0 0 19954 154 0 0 0 0 0 0
[2019-11-08 07:40:30]TIMES:90 rmnet0:44462804 32014 0 0 0 0 0 0 1375412 28475 0 0 0 0 0 0
[2019-11-08 07:40:30]TIMES:90 rmnet_data0:44189164 31966 0 0 0 0 0 0 1367804 28422 0 0 0 0 0 0
[2019-11-08 07:40:30]TIMES:90 rndis0:1252792 28441 0 0 0 0 0 0 46034436 28201 0 0 0 0 0 0
[2019-11-08 07:40:35]TIMES:95 ZONE0 TEMP:40
[2019-11-08 07:40:35]TIMES:95 ZONE1 TEMP:39
[2019-11-08 07:40:35]TIMES:95 ZONE2 TEMP:42
[2019-11-08 07:40:35]TIMES:95 ZONE3 TEMP:40
[2019-11-08 07:40:35]TIMES:95 ZONE4 TEMP:38
[2019-11-08 07:40:35]TIMES:95 ZONE6 TEMP:32
[2019-11-08 07:40:35]TIMES:95 MEM FREE:92 30
[2019-11-08 07:40:35]TIMES:95 CPU USE:16 2 14 0
[2019-11-08 07:40:35]TIMES:95 CPU0 USE:16 2 14 0
[2019-11-08 07:40:35]TIMES:95 SERIAL0:153 1211 4534
[2019-11-08 07:40:35]TIMES:95 bridge0:11584 221 0 0 0 0 0 0 20137 156 0 0 0 0 0 0
[2019-11-08 07:40:35]TIMES:95 rmnet0:44465296 32034 0 0 0 0 0 0 1385356 28506 0 0 0 0 0 0
[2019-11-08 07:40:35]TIMES:95 rmnet_data0:44191481 31986 0 0 0 0 0 0 1377748 28453 0 0 0 0 0 0
[2019-11-08 07:40:35]TIMES:95 rndis0:1260943 28457 0 0 0 0 0 0 46036401 28213 0 0 0 0 0 0
[2019-11-08 07:40:40]TIMES:100 CPU USE:17 3 14 0
[2019-11-08 07:40:40]TIMES:100 CPU0 USE:17 3 14 0
[2019-11-08 07:40:40]TIMES:100 SERIAL0:153 1235 4623
[2019-11-08 07:40:40]TIMES:100 rmnet0:44465376 32035 0 0 0 0 0 0 1385476 28508 0 0 0 0 0 0
[2019-11-08 07:40:40]TIMES:100 rmnet_data1:17187 49 0 0 0 0 0 0 7728 55 0 0 0 0 0 0
[2019-11-08 07:40:40]TIMES:100 NET MODE:5 -58 -91
[2019-11-08 07:40:45]TIMES:105 ZONE3 TEMP:39
[2019-11-08 07:40:45]TIMES:105 ZONE4 TEMP:37
[2019-11-08 07:40:45]TIMES:105 CPU USE:14 3 11 0
[2019-11-08 07:40:45]TIMES:105 CPU0 USE:14 3 11 0
[2019-11-08 07:40:45]TIMES:105 SERIAL0:153 1263 4645
[2019-11-08 07:40:45]TIMES:105 bridge0:11692 223 0 0 0 0 0 0 20137 156 0 0 0 0 0 0
[2019-11-08 07:40:45]TIMES:105 rmnet0:44466004 32036 0 0 0 0 0 0 1385520 28509 0 0 0 0 0 0
[2019-11-08 07:40:45]TIMES:105 rmnet_data1:17805 50 0 0 0 0 0 0 7728 55 0 0 0 0 0 0
[2019-11-08 07:40:45]TIMES:105 rmnet_data0:44191481 31986 0 0 0 0 0 0 1377792 28454 0 0 0 0 0 0
[2019-11-08 07:40:45]TIMES:105 rndis0:1261051 28459 0 0 0 0 0 0 46036401 28213 0 0 0 0 0 0
[2019-11-08 07:40:50]TIMES:110 ZONE5 TEMP:38
[2019-11-08 07:40:50]TIMES:110 CPU USE:17 4 13 0
[2019-11-08 07:40:50]TIMES:110 CPU0 USE:17 4 13 0
[2019-11-08 07:40:50]TIMES:110 SERIAL0:153 1287 4662
[2019-11-08 07:40:50]TIMES:110 bridge0:11760 224 0 0 0 0 0 0 20137 156 0 0 0 0 0 0
[2019-11-08 07:40:50]TIMES:110 rndis0:1261119 28460 0 0 0 0 0 0 46036401 28213 0 0 0 0 0 0
[2019-11-08 07:40:55]TIMES:115 MEM FREE:92 29
[2019-11-08 07:40:55]TIMES:115 CPU USE:16 2 14 0
[2019-11-08 07:40:55]TIMES:115 CPU0 USE:16 2 14 0
[2019-11-08 07:40:55]TIMES:115 SERIAL0:153 1315 4681
[2019-11-08 07:40:55]TIMES:115 bridge0:11979 229 0 0 0 0 0 0 20329 159 0 0 0 0 0 0
[2019-11-08 07:40:55]TIMES:115 rmnet0:44467452 32048 0 0 0 0 0 0 1387684 28531 0 0 0 0 0 0
[2019-11-08 07:40:55]TIMES:115 rmnet_data0:44192831 31998 0 0 0 0 0 0 1379956 28476 0 0 0 0 0 0
[2019-11-08 07:40:55]TIMES:115 rndis0:1261763 28468 0 0 0 0 0 0 46037173 28218 0 0 0 0 0 0
[2019-11-08 07:41:00]TIMES:120 ZONE3 TEMP:40
[2019-11-08 07:41:00]TIMES:120 ZONE4 TEMP:38
[2019-11-08 07:41:00]TIMES:120 CPU USE:31 7 24 0
[2019-11-08 07:41:00]TIMES:120 CPU0 USE:31 7 24 0
[2019-11-08 07:41:00]TIMES:120 SERIAL0:153 1339 4698
[2019-11-08 07:41:00]TIMES:120 bridge0:12059 231 0 0 0 0 0 0 20409 161 0 0 0 0 0 0
[2019-11-08 07:41:00]TIMES:120 rmnet0:44467940 32054 0 0 0 0 0 0 1388960 28538 0 0 0 0 0 0
[2019-11-08 07:41:00]TIMES:120 rmnet_data1:17916 52 0 0 0 0 0 0 8780 58 0 0 0 0 0 0
[2019-11-08 07:41:00]TIMES:120 rmnet_data0:44193159 32002 0 0 0 0 0 0 1380180 28480 0 0 0 0 0 0
[2019-11-08 07:41:00]TIMES:120 rndis0:1261843 28470 0 0 0 0 0 0 46037369 28220 0 0 0 0 0 0
[2019-11-08 07:41:05]TIMES:125 MEM FREE:92 30
[2019-11-08 07:41:05]TIMES:125 CPU USE:15 2 13 0
[2019-11-08 07:41:05]TIMES:125 CPU0 USE:15 2 13 0
[2019-11-08 07:41:05]TIMES:125 SERIAL0:153 1367 4712
[2019-11-08 07:41:05]TIMES:125 bridge0:12059 231 0 0 0 0 0 0 20449 162 0 0 0 0 0 0
[2019-11-08 07:41:05]TIMES:125 rmnet0:44467988 32055 0 0 0 0 0 0 1388960 28538 0 0 0 0 0 0
[2019-11-08 07:41:05]TIMES:125 rmnet_data0:44193199 32003 0 0 0 0 0 0 1380180 28480 0 0 0 0 0 0
[2019-11-08 07:41:05]TIMES:125 rndis0:1261843 28470 0 0 0 0 0 0 46037467 28221 0 0 0 0 0 0
[2019-11-08 07:41:10]TIMES:130 CPU USE:15 3 12 0
[2019-11-08 07:41:10]TIMES:130 CPU0 USE:15 3 12 0
[2019-11-08 07:41:10]TIMES:130 SERIAL0:153 1391 4734
[2019-11-08 07:41:10]TIMES:130 bridge0:12214 234 0 0 0 0 0 0 20673 164 0 0 0 0 0 0
[2019-11-08 07:41:10]TIMES:130 rmnet0:44475088 32073 0 0 0 0 0 0 1393288 28559 0 0 0 0 0 0
[2019-11-08 07:41:10]TIMES:130 rmnet_data0:44200143 32021 0 0 0 0 0 0 1384508 28501 0 0 0 0 0 0
[2019-11-08 07:41:10]TIMES:130 rndis0:1266070 28491 0 0 0 0 0 0 46045455 28239 0 0 0 0 0 0
[2019-11-08 07:41:15]TIMES:135 ZONE3 TEMP:39
[2019-11-08 07:41:15]TIMES:135 CPU USE:14 2 12 0
[2019-11-08 07:41:15]TIMES:135 CPU0 USE:14 2 12 0
[2019-11-08 07:41:15]TIMES:135 SERIAL0:153 1405 4760
[2019-11-08 07:41:15]TIMES:135 bridge0:14799 252 0 0 0 0 0 0 21468 170 0 0 0 0 0 0
[2019-11-08 07:41:15]TIMES:135 rmnet0:44488800 32108 0 0 0 0 0 0 1398796 28602 0 0 0 0 0 0
[2019-11-08 07:41:15]TIMES:135 rmnet_data0:44213544 32056 0 0 0 0 0 0 1390016 28544 0 0 0 0 0 0
[2019-11-08 07:41:15]TIMES:135 rndis0:1273217 28536 0 0 0 0 0 0 46060886 28274 0 0 0 0 0 0
[2019-11-08 07:41:20]TIMES:140 ZONE3 TEMP:40
[2019-11-08 07:41:20]TIMES:140 MEM FREE:92 29
[2019-11-08 07:41:20]TIMES:140 CPU USE:17 3 14 0
[2019-11-08 07:41:20]TIMES:140 CPU0 USE:17 3 14 0
[2019-11-08 07:41:20]TIMES:140 SERIAL0:153 1443 4782
[2019-11-08 07:41:20]TIMES:140 bridge0:14919 255 0 0 0 0 0 0 21548 172 0 0 0 0 0 0
[2019-11-08 07:41:20]TIMES:140 rmnet0:44489576 32115 0 0 0 0 0 0 1399556 28610 0 0 0 0 0 0
[2019-11-08 07:41:20]TIMES:140 rmnet_data1:17987 53 0 0 0 0 0 0 8900 60 0 0 0 0 0 0
[2019-11-08 07:41:20]TIMES:140 rmnet_data0:44214191 32062 0 0 0 0 0 0 1390656 28550 0 0 0 0 0 0
[2019-11-08 07:41:20]TIMES:140 rndis0:1273833 28542 0 0 0 0 0 0 46061881 28280 0 0 0 0 0 0
[2019-11-08 07:41:25]TIMES:145 CPU USE:15 3 12 0
[2019-11-08 07:41:25]TIMES:145 CPU0 USE:15 3 12 0
[2019-11-08 07:41:25]TIMES:145 SERIAL0:153 1457 4796
[2019-11-08 07:41:25]TIMES:145 bridge0:15239 262 0 0 0 0 0 0 21680 175 0 0 0 0 0 0
[2019-11-08 07:41:25]TIMES:145 rmnet0:44490904 32126 0 0 0 0 0 0 1401672 28625 0 0 0 0 0 0
[2019-11-08 07:41:25]TIMES:145 rmnet_data0:44215430 32073 0 0 0 0 0 0 1392772 28565 0 0 0 0 0 0
[2019-11-08 07:41:25]TIMES:145 rndis0:1275870 28557 0 0 0 0 0 0 46063758 28291 0 0 0 0 0 0
[2019-11-08 07:41:30]TIMES:150 ZONE3 TEMP:39
[2019-11-08 07:41:30]TIMES:150 MEM FREE:91 29
[2019-11-08 07:41:30]TIMES:150 CPU USE:20 4 16 0
[2019-11-08 07:41:30]TIMES:150 CPU0 USE:20 4 16 0
[2019-11-08 07:41:30]TIMES:150 SERIAL0:153 1495 4849
[2019-11-08 07:41:30]TIMES:150 bridge0:15548 268 0 0 0 0 0 0 22138 179 0 0 0 0 0 0
[2019-11-08 07:41:30]TIMES:150 rmnet0:44494064 32145 0 0 0 0 0 0 1405200 28652 0 0 0 0 0 0
[2019-11-08 07:41:30]TIMES:150 rmnet_data1:18407 58 0 0 0 0 0 0 9428 66 0 0 0 0 0 0
[2019-11-08 07:41:30]TIMES:150 rmnet_data0:44217996 32087 0 0 0 0 0 0 1395772 28586 0 0 0 0 0 0
[2019-11-08 07:41:30]TIMES:150 rndis0:1276219 28564 0 0 0 0 0 0 46064711 28297 0 0 0 0 0 0
[2019-11-08 07:41:35]TIMES:155 ZONE3 TEMP:40
[2019-11-08 07:41:35]TIMES:155 MEM FREE:92 29
[2019-11-08 07:41:35]TIMES:155 CPU USE:38 8 30 0
[2019-11-08 07:41:35]TIMES:155 CPU0 USE:38 8 30 0
[2019-11-08 07:41:35]TIMES:155 SERIAL0:153 1509 4867
[2019-11-08 07:41:35]TIMES:155 rmnet0:44495244 32157 0 0 0 0 0 0 1406132 28664 0 0 0 0 0 0
[2019-11-08 07:41:35]TIMES:155 rmnet_data1:18827 63 0 0 0 0 0 0 9868 71 0 0 0 0 0 0
[2019-11-08 07:41:35]TIMES:155 rmnet_data0:44218652 32094 0 0 0 0 0 0 1396264 28593 0 0 0 0 0 0
[2019-11-08 07:41:40]TIMES:160 CPU USE:15 3 12 0
[2019-11-08 07:41:40]TIMES:160 CPU0 USE:15 3 12 0
[2019-11-08 07:41:40]TIMES:160 SERIAL0:153 1547 4888
[2019-11-08 07:41:40]TIMES:160 rmnet0:44495704 32162 0 0 0 0 0 0 1406572 28669 0 0 0 0 0 0
[2019-11-08 07:41:40]TIMES:160 rmnet_data1:19247 68 0 0 0 0 0 0 10308 76 0 0 0 0 0 0
[2019-11-08 07:41:45]TIMES:165 ZONE5 TEMP:39
[2019-11-08 07:41:45]TIMES:165 CPU USE:16 3 13 0
[2019-11-08 07:41:45]TIMES:165 CPU0 USE:16 3 13 0
[2019-11-08 07:41:45]TIMES:165 SERIAL0:153 1561 4902
[2019-11-08 07:41:45]TIMES:165 rmnet0:44496424 32170 0 0 0 0 0 0 1407260 28677 0 0 0 0 0 0
[2019-11-08 07:41:45]TIMES:165 rmnet_data1:19738 74 0 0 0 0 0 0 10868 83 0 0 0 0 0 0
[2019-11-08 07:41:45]TIMES:165 rmnet_data0:44218813 32096 0 0 0 0 0 0 1396392 28594 0 0 0 0 0 0
[2019-11-08 07:41:45]TIMES:165 rndis0:1276340 28565 0 0 0 0 0 0 46064988 28299 0 0 0 0 0 0
[2019-11-08 07:41:50]TIMES:170 CPU USE:15 3 12 0
[2019-11-08 07:41:50]TIMES:170 CPU0 USE:15 3 12 0
[2019-11-08 07:41:50]TIMES:170 SERIAL0:153 1599 4919
[2019-11-08 07:41:50]TIMES:170 bridge0:15788 274 0 0 0 0 0 0 22258 182 0 0 0 0 0 0
[2019-11-08 07:41:50]TIMES:170 rmnet0:44497120 32179 0 0 0 0 0 0 1407964 28688 0 0 0 0 0 0
[2019-11-08 07:41:50]TIMES:170 rmnet_data1:20242 80 0 0 0 0 0 0 11308 88 0 0 0 0 0 0
[2019-11-08 07:41:50]TIMES:170 rmnet_data0:44218933 32099 0 0 0 0 0 0 1396656 28600 0 0 0 0 0 0
[2019-11-08 07:41:50]TIMES:170 rndis0:1276580 28571 0 0 0 0 0 0 46065282 28302 0 0 0 0 0 0
[2019-11-08 07:41:55]TIMES:175 CPU USE:18 3 15 0
[2019-11-08 07:41:55]TIMES:175 CPU0 USE:18 3 15 0
[2019-11-08 07:41:55]TIMES:175 SERIAL0:153 1613 4933
[2019-11-08 07:41:55]TIMES:175 bridge0:15948 277 0 0 0 0 0 0 22480 184 0 0 0 0 0 0
[2019-11-08 07:41:55]TIMES:175 rmnet0:44504004 32204 0 0 0 0 0 0 1413784 28723 0 0 0 0 0 0
[2019-11-08 07:41:55]TIMES:175 rmnet_data1:20578 84 0 0 0 0 0 0 12680 94 0 0 0 0 0 0
[2019-11-08 07:41:55]TIMES:175 rmnet_data0:44225255 32120 0 0 0 0 0 0 1401104 28629 0 0 0 0 0 0
[2019-11-08 07:41:55]TIMES:175 rndis0:1278961 28585 0 0 0 0 0 0 46071226 28316 0 0 0 0 0 0
[2019-11-08 07:42:00]TIMES:180 CPU USE:15 4 11 0
[2019-11-08 07:42:00]TIMES:180 CPU0 USE:15 4 11 0
[2019-11-08 07:42:00]TIMES:180 SERIAL0:153 1637 4954
[2019-11-08 07:42:00]TIMES:180 bridge0:16176 283 0 0 0 0 0 0 22628 188 0 0 0 0 0 0
[2019-11-08 07:42:00]TIMES:180 rmnet0:44506024 32214 0 0 0 0 0 0 1414444 28733 0 0 0 0 0 0
[2019-11-08 07:42:00]TIMES:180 rmnet_data1:22397 91 0 0 0 0 0 0 13120 99 0 0 0 0 0 0
[2019-11-08 07:42:00]TIMES:180 rmnet_data0:44225375 32123 0 0 0 0 0 0 1401324 28634 0 0 0 0 0 0
[2019-11-08 07:42:00]TIMES:180 rndis0:1279189 28591 0 0 0 0 0 0 46071606 28320 0 0 0 0 0 0
[2019-11-08 07:42:05]TIMES:185 ZONE1 TEMP:40
[2019-11-08 07:42:05]TIMES:185 ZONE2 TEMP:43
[2019-11-08 07:42:05]TIMES:185 CPU USE:32 7 25 0
[2019-11-08 07:42:05]TIMES:185 CPU0 USE:32 7 25 0
[2019-11-08 07:42:05]TIMES:185 SERIAL0:153 1665 4972
[2019-11-08 07:42:05]TIMES:185 bridge0:16244 284 0 0 0 0 0 0 22628 188 0 0 0 0 0 0
[2019-11-08 07:42:05]TIMES:185 rmnet0:44506828 32222 0 0 0 0 0 0 1415140 28742 0 0 0 0 0 0
[2019-11-08 07:42:05]TIMES:185 rmnet_data1:22888 97 0 0 0 0 0 0 13680 106 0 0 0 0 0 0
[2019-11-08 07:42:05]TIMES:185 rmnet_data0:44225623 32125 0 0 0 0 0 0 1401460 28636 0 0 0 0 0 0
[2019-11-08 07:42:05]TIMES:185 rndis0:1279257 28592 0 0 0 0 0 0 46071606 28320 0 0 0 0 0 0
[2019-11-08 07:42:10]TIMES:190 CPU USE:14 2 12 0
[2019-11-08 07:42:10]TIMES:190 CPU0 USE:14 2 12 0
[2019-11-08 07:42:10]TIMES:190 SERIAL0:153 1689 4993
[2019-11-08 07:42:10]TIMES:190 bridge0:16312 285 0 0 0 0 0 0 22668 189 0 0 0 0 0 0
[2019-11-08 07:42:10]TIMES:190 rmnet0:44507336 32228 0 0 0 0 0 0 1415580 28747 0 0 0 0 0 0
[2019-11-08 07:42:10]TIMES:190 rmnet_data1:23308 102 0 0 0 0 0 0 14120 111 0 0 0 0 0 0
[2019-11-08 07:42:10]TIMES:190 rmnet_data0:44225663 32126 0 0 0 0 0 0 1401460 28636 0 0 0 0 0 0
[2019-11-08 07:42:10]TIMES:190 rndis0:1279325 28593 0 0 0 0 0 0 46071704 28321 0 0 0 0 0 0
[2019-11-08 07:42:10]TIMES:190 GNSS:22576186 113918147 3204967296 90000000 0 0 1 0
[2019-11-08 07:42:15]TIMES:195 ZONE1 TEMP:39
[2019-11-08 07:42:15]TIMES:195 CPU USE:15 3 12 0
[2019-11-08 07:42:15]TIMES:195 CPU0 USE:15 3 12 0
[2019-11-08 07:42:15]TIMES:195 SERIAL0:153 1717 5011
[2019-11-08 07:42:15]TIMES:195 rmnet0:44507976 32235 0 0 0 0 0 0 1416148 28753 0 0 0 0 0 0
[2019-11-08 07:42:15]TIMES:195 rmnet_data1:23728 107 0 0 0 0 0 0 14560 116 0 0 0 0 0 0
[2019-11-08 07:42:15]TIMES:195 rmnet_data0:44225824 32128 0 0 0 0 0 0 1401588 28637 0 0 0 0 0 0
[2019-11-08 07:42:15]TIMES:195 rndis0:1279446 28594 0 0 0 0 0 0 46071981 28323 0 0 0 0 0 0
[2019-11-08 07:42:15]TIMES:195 GNSS:22576184 113918148 3201967296 140000000 0 0 1 0
[2019-11-08 07:42:20]TIMES:200 CPU USE:19 4 15 0
[2019-11-08 07:42:20]TIMES:200 CPU0 USE:19 4 15 0
[2019-11-08 07:42:20]TIMES:200 SERIAL0:153 1741 5028
[2019-11-08 07:42:20]TIMES:200 rmnet0:44508436 32240 0 0 0 0 0 0 1416588 28758 0 0 0 0 0 0
[2019-11-08 07:42:20]TIMES:200 rmnet_data1:24148 112 0 0 0 0 0 0 15000 121 0 0 0 0 0 0
[2019-11-08 07:42:20]TIMES:200 GNSS:22576184 113918149 3201967296 245000000 0 0 1 0
[2019-11-08 07:42:25]TIMES:205 ZONE0 TEMP:41
[2019-11-08 07:42:25]TIMES:205 ZONE1 TEMP:40
[2019-11-08 07:42:25]TIMES:205 ZONE4 TEMP:39
[2019-11-08 07:42:25]TIMES:205 MEM FREE:91 29
[2019-11-08 07:42:25]TIMES:205 CPU USE:20 3 17 0
[2019-11-08 07:42:25]TIMES:205 CPU0 USE:20 3 17 0
[2019-11-08 07:42:25]TIMES:205 SERIAL0:153 1769 5042
[2019-11-08 07:42:25]TIMES:205 bridge0:16312 285 0 0 0 0 0 0 22740 190 0 0 0 0 0 0
[2019-11-08 07:42:25]TIMES:205 rmnet0:44509684 32253 0 0 0 0 0 0 1417908 28772 0 0 0 0 0 0
[2019-11-08 07:42:25]TIMES:205 rmnet_data1:24679 119 0 0 0 0 0 0 15636 129 0 0 0 0 0 0
[2019-11-08 07:42:25]TIMES:205 rmnet_data0:44226436 32134 0 0 0 0 0 0 1402272 28643 0 0 0 0 0 0
[2019-11-08 07:42:25]TIMES:205 rndis0:1280290 28603 0 0 0 0 0 0 46072991 28330 0 0 0 0 0 0
[2019-11-08 07:42:25]TIMES:205 GNSS:0 0 0 0 0 0 0 0
[2019-11-08 07:42:30]TIMES:210 ZONE0 TEMP:40
[2019-11-08 07:42:30]TIMES:210 ZONE4 TEMP:38
[2019-11-08 07:42:30]TIMES:210 MEM FREE:92 29
[2019-11-08 07:42:30]TIMES:210 CPU USE:14 3 11 0
[2019-11-08 07:42:30]TIMES:210 CPU0 USE:14 3 11 0
[2019-11-08 07:42:30]TIMES:210 SERIAL0:153 1793 5063
[2019-11-08 07:42:30]TIMES:210 bridge0:16513 289 0 0 0 0 0 0 23420 197 0 0 0 0 0 0
[2019-11-08 07:42:30]TIMES:210 rmnet0:44512660 32270 0 0 0 0 0 0 1421244 28796 0 0 0 0 0 0
[2019-11-08 07:42:30]TIMES:210 rmnet_data1:25099 124 0 0 0 0 0 0 16076 134 0 0 0 0 0 0
[2019-11-08 07:42:30]TIMES:210 rmnet_data0:44228832 32146 0 0 0 0 0 0 1405168 28662 0 0 0 0 0 0
[2019-11-08 07:42:30]TIMES:210 rndis0:1280627 28610 0 0 0 0 0 0 46073816 28335 0 0 0 0 0 0
[2019-11-08 07:42:30]TIMES:210 GNSS:22576185 113918149 3200967296 153000000 0 0 1 0
[2019-11-08 07:42:35]TIMES:215 CPU USE:19 4 15 0
[2019-11-08 07:42:35]TIMES:215 CPU0 USE:19 4 15 0
[2019-11-08 07:42:35]TIMES:215 SERIAL0:153 1821 5092
[2019-11-08 07:42:35]TIMES:215 rmnet0:44513120 32275 0 0 0 0 0 0 1421684 28801 0 0 0 0 0 0
[2019-11-08 07:42:35]TIMES:215 rmnet_data1:25519 129 0 0 0 0 0 0 16516 139 0 0 0 0 0 0
[2019-11-08 07:42:35]TIMES:215 GNSS:22576190 113918147 3203967296 151000000 0 0 1 0
[2019-11-08 07:42:40]TIMES:220 ZONE0 TEMP:41
[2019-11-08 07:42:40]TIMES:220 CPU USE:27 7 20 0
[2019-11-08 07:42:40]TIMES:220 CPU0 USE:27 7 20 0
[2019-11-08 07:42:40]TIMES:220 SERIAL0:153 1845 5124
[2019-11-08 07:42:40]TIMES:220 rmnet0:44513844 32282 0 0 0 0 0 0 1422260 28808 0 0 0 0 0 0
[2019-11-08 07:42:40]TIMES:220 rmnet_data1:25939 134 0 0 0 0 0 0 16956 144 0 0 0 0 0 0
[2019-11-08 07:42:40]TIMES:220 rmnet_data0:44229080 32148 0 0 0 0 0 0 1405304 28664 0 0 0 0 0 0
[2019-11-08 07:42:40]TIMES:220 GNSS:22576194 113918148 3204967296 149000000 0 0 1 0
[2019-11-08 07:42:45]TIMES:225 ZONE0 TEMP:40
[2019-11-08 07:42:45]TIMES:225 CPU USE:17 3 14 0
[2019-11-08 07:42:45]TIMES:225 CPU0 USE:17 3 14 0
[2019-11-08 07:42:45]TIMES:225 SERIAL0:153 1859 5138
[2019-11-08 07:42:45]TIMES:225 bridge0:16581 290 0 0 0 0 0 0 23420 197 0 0 0 0 0 0
[2019-11-08 07:42:45]TIMES:225 rmnet0:44515192 32291 0 0 0 0 0 0 1422948 28816 0 0 0 0 0 0
[2019-11-08 07:42:45]TIMES:225 rmnet_data1:27048 141 0 0 0 0 0 0 17516 151 0 0 0 0 0 0
[2019-11-08 07:42:45]TIMES:225 rmnet_data0:44229241 32150 0 0 0 0 0 0 1405432 28665 0 0 0 0 0 0
[2019-11-08 07:42:45]TIMES:225 rndis0:1280816 28612 0 0 0 0 0 0 46074093 28337 0 0 0 0 0 0
[2019-11-08 07:42:45]TIMES:225 GNSS:22576200 113918148 3206967296 216000000 0 0 1 0
[2019-11-08 07:42:50]TIMES:230 CPU USE:15 3 12 0
[2019-11-08 07:42:50]TIMES:230 CPU0 USE:15 3 12 0
[2019-11-08 07:42:50]TIMES:230 SERIAL0:153 1897 5155
[2019-11-08 07:42:50]TIMES:230 bridge0:16649 291 0 0 0 0 0 0 23420 197 0 0 0 0 0 0
[2019-11-08 07:42:50]TIMES:230 rmnet0:44515652 32296 0 0 0 0 0 0 1423388 28821 0 0 0 0 0 0
[2019-11-08 07:42:50]TIMES:230 rmnet_data1:27468 146 0 0 0 0 0 0 17956 156 0 0 0 0 0 0
[2019-11-08 07:42:50]TIMES:230 rndis0:1280884 28613 0 0 0 0 0 0 46074093 28337 0 0 0 0 0 0
[2019-11-08 07:42:50]TIMES:230 GNSS:22576292 113918107 3287967296 187000000 0 0 1 0
[2019-11-08 07:42:55]TIMES:235 ZONE0 TEMP:41
[2019-11-08 07:42:55]TIMES:235 CPU USE:19 3 16 0
[2019-11-08 07:42:55]TIMES:235 CPU0 USE:19 3 16 0
[2019-11-08 07:42:55]TIMES:235 SERIAL0:153 1911 5169
[2019-11-08 07:42:55]TIMES:235 bridge0:16689 292 0 0 0 0 0 0 23420 197 0 0 0 0 0 0
[2019-11-08 07:42:55]TIMES:235 rmnet0:44516112 32301 0 0 0 0 0 0 1425140 28827 0 0 0 0 0 0
[2019-11-08 07:42:55]TIMES:235 rmnet_data1:27888 151 0 0 0 0 0 0 19664 161 0 0 0 0 0 0
[2019-11-08 07:42:55]TIMES:235 rmnet_data0:44229241 32150 0 0 0 0 0 0 1405476 28666 0 0 0 0 0 0
[2019-11-08 07:42:55]TIMES:235 rndis0:1280924 28614 0 0 0 0 0 0 46074093 28337 0 0 0 0 0 0
[2019-11-08 07:42:55]TIMES:235 GNSS:22578237 113915423 3457967296 87000000 0 0 1 0
[2019-11-08 07:43:00]TIMES:240 ZONE4 TEMP:39
[2019-11-08 07:43:00]TIMES:240 CPU USE:16 3 13 0
[2019-11-08 07:43:00]TIMES:240 CPU0 USE:16 3 13 0
[2019-11-08 07:43:00]TIMES:240 SERIAL0:153 1949 5218
[2019-11-08 07:43:00]TIMES:240 bridge0:16717 293 0 0 0 0 0 0 23448 198 0 0 0 0 0 0
[2019-11-08 07:43:00]TIMES:240 rmnet0:44516160 32302 0 0 0 0 0 0 1425140 28827 0 0 0 0 0 0
[2019-11-08 07:43:00]TIMES:240 rmnet_data1:27928 152 0 0 0 0 0 0 19664 161 0 0 0 0 0 0
[2019-11-08 07:43:00]TIMES:240 rndis0:1280952 28615 0 0 0 0 0 0 46074179 28338 0 0 0 0 0 0
[2019-11-08 07:43:00]TIMES:240 GNSS:22578187 113915282 3443967296 69000000 0 0 1 0
[2019-11-08 07:43:05]TIMES:245 ZONE0 TEMP:40
[2019-11-08 07:43:05]TIMES:245 ZONE1 TEMP:39
[2019-11-08 07:43:05]TIMES:245 ZONE2 TEMP:42
[2019-11-08 07:43:05]TIMES:245 ZONE4 TEMP:38
[2019-11-08 07:43:05]TIMES:245 ZONE5 TEMP:38
[2019-11-08 07:43:05]TIMES:245 CPU USE:18 4 14 0
[2019-11-08 07:43:05]TIMES:245 CPU0 USE:18 4 14 0
[2019-11-08 07:43:05]TIMES:245 SERIAL0:153 1963 5319
[2019-11-08 07:43:05]TIMES:245 rmnet0:44516288 32304 0 0 0 0 0 0 1425532 28830 0 0 0 0 0 0
[2019-11-08 07:43:05]TIMES:245 rmnet_data1:28039 154 0 0 0 0 0 0 20056 164 0 0 0 0 0 0
[2019-11-08 07:43:05]TIMES:245 GNSS:22578104 113915211 3406967296 60000000 0 0 1 0
[2019-11-08 07:43:10]TIMES:250 ZONE0 TEMP:41
[2019-11-08 07:43:10]TIMES:250 ZONE1 TEMP:40
[2019-11-08 07:43:10]TIMES:250 ZONE2 TEMP:43
[2019-11-08 07:43:10]TIMES:250 ZONE5 TEMP:39
[2019-11-08 07:43:10]TIMES:250 CPU USE:28 6 22 0
[2019-11-08 07:43:10]TIMES:250 CPU0 USE:28 6 22 0
[2019-11-08 07:43:10]TIMES:250 SERIAL0:153 2001 5341
[2019-11-08 07:43:10]TIMES:250 rmnet0:44516552 32306 0 0 0 0 0 0 1425668 28832 0 0 0 0 0 0
[2019-11-08 07:43:10]TIMES:250 rmnet_data0:44229489 32152 0 0 0 0 0 0 1405612 28668 0 0 0 0 0 0
[2019-11-08 07:43:10]TIMES:250 GNSS:22578110 113915145 3390967296 56000000 291900000 1092931 1 0
[2019-11-08 07:43:15]TIMES:255 CPU USE:15 2 13 0
[2019-11-08 07:43:15]TIMES:255 CPU0 USE:15 2 13 0
[2019-11-08 07:43:15]TIMES:255 SERIAL0:153 2015 5361
[2019-11-08 07:43:15]TIMES:255 rmnet0:44516732 32308 0 0 0 0 0 0 1425796 28833 0 0 0 0 0 0
[2019-11-08 07:43:15]TIMES:255 rmnet_data0:44229650 32154 0 0 0 0 0 0 1405740 28669 0 0 0 0 0 0
[2019-11-08 07:43:15]TIMES:255 rndis0:1281073 28616 0 0 0 0 0 0 46074456 28340 0 0 0 0 0 0
[2019-11-08 07:43:15]TIMES:255 GNSS:22578120 113915093 3360967296 50000000 0 0 1 0
[2019-11-08 07:43:20]TIMES:260 CPU USE:18 4 14 0
[2019-11-08 07:43:20]TIMES:260 CPU0 USE:18 4 14 0
[2019-11-08 07:43:20]TIMES:260 SERIAL0:153 2049 5584
[2019-11-08 07:43:20]TIMES:260 rmnet0:44517284 32312 0 0 0 0 0 0 1426252 28837 0 0 0 0 0 0
[2019-11-08 07:43:20]TIMES:260 rmnet_data1:28555 158 0 0 0 0 0 0 20512 168 0 0 0 0 0 0
[2019-11-08 07:43:20]TIMES:260 GNSS:22578063 113915125 3267967296 48000000 0 0 1 0
[2019-11-08 07:43:25]TIMES:265 ZONE1 TEMP:39
[2019-11-08 07:43:25]TIMES:265 CPU USE:16 4 12 0
[2019-11-08 07:43:25]TIMES:265 CPU0 USE:16 4 12 0
[2019-11-08 07:43:25]TIMES:265 SERIAL0:153 2077 5597
[2019-11-08 07:43:25]TIMES:265 bridge0:16785 294 0 0 0 0 0 0 23448 198 0 0 0 0 0 0
[2019-11-08 07:43:25]TIMES:265 rmnet0:44517916 32318 0 0 0 0 0 0 1426956 28843 0 0 0 0 0 0
[2019-11-08 07:43:25]TIMES:265 rmnet_data1:28639 159 0 0 0 0 0 0 20600 169 0 0 0 0 0 0
[2019-11-08 07:43:25]TIMES:265 rmnet_data0:44230150 32159 0 0 0 0 0 0 1406356 28674 0 0 0 0 0 0
[2019-11-08 07:43:25]TIMES:265 rndis0:1281737 28622 0 0 0 0 0 0 46075246 28345 0 0 0 0 0 0
[2019-11-08 07:43:25]TIMES:265 GNSS:22577989 113915153 3230967296 41000000 0 0 1 0
[2019-11-08 07:43:30]TIMES:270 ZONE1 TEMP:40
[2019-11-08 07:43:30]TIMES:270 CPU USE:14 2 12 0
[2019-11-08 07:43:30]TIMES:270 CPU0 USE:14 2 12 0
[2019-11-08 07:43:30]TIMES:270 SERIAL0:153 2101 5605
[2019-11-08 07:43:30]TIMES:270 bridge0:16853 295 0 0 0 0 0 0 23448 198 0 0 0 0 0 0
[2019-11-08 07:43:30]TIMES:270 rmnet0:44518376 32323 0 0 0 0 0 0 1427396 28848 0 0 0 0 0 0
[2019-11-08 07:43:30]TIMES:270 rmnet_data1:29059 164 0 0 0 0 0 0 21040 174 0 0 0 0 0 0
[2019-11-08 07:43:30]TIMES:270 rndis0:1281805 28623 0 0 0 0 0 0 46075246 28345 0 0 0 0 0 0
[2019-11-08 07:43:30]TIMES:270 GNSS:22577871 113915169 3242967296 37000000 0 0 1 0
[2019-11-08 07:43:35]TIMES:275 ZONE3 TEMP:41
[2019-11-08 07:43:35]TIMES:275 CPU USE:18 3 15 0
[2019-11-08 07:43:35]TIMES:275 CPU0 USE:18 3 15 0
[2019-11-08 07:43:35]TIMES:275 SERIAL0:153 2129 5605
[2019-11-08 07:43:35]TIMES:275 bridge0:16881 296 0 0 0 0 0 0 23476 199 0 0 0 0 0 0
[2019-11-08 07:43:35]TIMES:275 rmnet0:44518924 32329 0 0 0 0 0 0 1427964 28855 0 0 0 0 0 0
[2019-11-08 07:43:35]TIMES:275 rmnet_data1:29479 169 0 0 0 0 0 0 21480 179 0 0 0 0 0 0
[2019-11-08 07:43:35]TIMES:275 rmnet_data0:44230227 32160 0 0 0 0 0 0 1406484 28676 0 0 0 0 0 0
[2019-11-08 07:43:35]TIMES:275 rndis0:1281950 28626 0 0 0 0 0 0 46075467 28347 0 0 0 0 0 0
[2019-11-08 07:43:35]TIMES:275 GNSS:22577788 113915195 3266967296 37000000 0 0 1 0
[2019-11-08 07:43:40]TIMES:280 ZONE4 TEMP:39
[2019-11-08 07:43:40]TIMES:280 MEM FREE:91 29
[2019-11-08 07:43:40]TIMES:280 CPU USE:28 6 22 0
[2019-11-08 07:43:40]TIMES:280 CPU0 USE:28 6 22 0
[2019-11-08 07:43:40]TIMES:280 SERIAL0:153 2153 5608
[2019-11-08 07:43:40]TIMES:280 rmnet0:44519728 32337 0 0 0 0 0 0 1428660 28864 0 0 0 0 0 0
[2019-11-08 07:43:40]TIMES:280 rmnet_data1:29970 175 0 0 0 0 0 0 22040 186 0 0 0 0 0 0
[2019-11-08 07:43:40]TIMES:280 rmnet_data0:44230475 32162 0 0 0 0 0 0 1406620 28678 0 0 0 0 0 0
[2019-11-08 07:43:40]TIMES:280 NET MODE:5 -62 -92
[2019-11-08 07:43:40]TIMES:280 GNSS:22577676 113915212 3283967296 36000000 0 0 1 0
[2019-11-08 07:43:45]TIMES:285 ZONE4 TEMP:38
[2019-11-08 07:43:45]TIMES:285 MEM FREE:92 29
[2019-11-08 07:43:45]TIMES:285 CPU USE:14 4 10 0
[2019-11-08 07:43:45]TIMES:285 CPU0 USE:14 4 10 0
[2019-11-08 07:43:45]TIMES:285 SERIAL0:153 2181 5646
[2019-11-08 07:43:45]TIMES:285 rmnet0:44520416 32345 0 0 0 0 0 0 1429880 28871 0 0 0 0 0 0
[2019-11-08 07:43:45]TIMES:285 rmnet_data1:30430 181 0 0 0 0 0 0 23132 192 0 0 0 0 0 0
[2019-11-08 07:43:45]TIMES:285 rmnet_data0:44230636 32164 0 0 0 0 0 0 1406748 28679 0 0 0 0 0 0
[2019-11-08 07:43:45]TIMES:285 rndis0:1282071 28627 0 0 0 0 0 0 46075744 28349 0 0 0 0 0 0
[2019-11-08 07:43:45]TIMES:285 GNSS:22577559 113915219 3296967296 28000000 0 0 1 0
[2019-11-08 07:43:50]TIMES:290 ZONE4 TEMP:39
[2019-11-08 07:43:50]TIMES:290 CPU USE:15 4 11 0
[2019-11-08 07:43:50]TIMES:290 CPU0 USE:15 4 11 0
[2019-11-08 07:43:50]TIMES:290 SERIAL0:153 2205 5673
[2019-11-08 07:43:50]TIMES:290 rmnet0:44520876 32350 0 0 0 0 0 0 1430320 28876 0 0 0 0 0 0
[2019-11-08 07:43:50]TIMES:290 rmnet_data1:30850 186 0 0 0 0 0 0 23572 197 0 0 0 0 0 0
[2019-11-08 07:43:50]TIMES:290 GNSS:22577491 113915241 3306967296 25000000 0 0 1 0
[2019-11-08 07:43:55]TIMES:295 MEM FREE:91 29
[2019-11-08 07:43:55]TIMES:295 CPU USE:16 3 13 0
[2019-11-08 07:43:55]TIMES:295 CPU0 USE:16 3 13 0
[2019-11-08 07:43:55]TIMES:295 SERIAL0:153 2233 5683
[2019-11-08 07:43:55]TIMES:295 rmnet0:44521336 32355 0 0 0 0 0 0 1432148 28882 0 0 0 0 0 0
[2019-11-08 07:43:55]TIMES:295 rmnet_data1:31270 191 0 0 0 0 0 0 25400 203 0 0 0 0 0 0
[2019-11-08 07:43:55]TIMES:295 GNSS:22577491 113915240 3304967296 23000000 0 0 1 0
[2019-11-08 07:44:00]TIMES:300 ZONE3 TEMP:40
[2019-11-08 07:44:00]TIMES:300 ZONE4 TEMP:38
[2019-11-08 07:44:00]TIMES:300 MEM FREE:92 29
[2019-11-08 07:44:00]TIMES:300 CPU USE:13 2 11 0
[2019-11-08 07:44:00]TIMES:300 CPU0 USE:13 2 11 0
[2019-11-08 07:44:00]TIMES:300 SERIAL0:153 2257 5686
[2019-11-08 07:44:00]TIMES:300 rmnet0:44523464 32364 0 0 0 0 0 0 1432868 28891 0 0 0 0 0 0
[2019-11-08 07:44:00]TIMES:300 rmnet_data1:33160 199 0 0 0 0 0 0 25960 210 0 0 0 0 0 0
[2019-11-08 07:44:00]TIMES:300 rmnet_data0:44230800 32165 0 0 0 0 0 0 1406908 28681 0 0 0 0 0 0
[2019-11-08 07:44:00]TIMES:300 rndis0:1282222 28629 0 0 0 0 0 0 46075966 28350 0 0 0 0 0 0
[2019-11-08 07:44:00]TIMES:300 GNSS:22577445 113915234 3303967296 21000000 0 0 1 0
[2019-11-08 07:44:05]TIMES:305 CPU USE:18 3 15 0
[2019-11-08 07:44:05]TIMES:305 CPU0 USE:18 3 15 0
[2019-11-08 07:44:05]TIMES:305 SERIAL0:153 2271 5696
[2019-11-08 07:44:05]TIMES:305 bridge0:17045 299 0 0 0 0 0 0 23504 200 0 0 0 0 0 0
[2019-11-08 07:44:05]TIMES:305 rmnet0:44523924 32369 0 0 0 0 0 0 1433308 28896 0 0 0 0 0 0
[2019-11-08 07:44:05]TIMES:305 rmnet_data1:33580 204 0 0 0 0 0 0 26400 215 0 0 0 0 0 0
[2019-11-08 07:44:05]TIMES:305 rndis0:1282386 28632 0 0 0 0 0 0 46076052 28351 0 0 0 0 0 0
[2019-11-08 07:44:05]TIMES:305 GNSS:22577391 113915236 3300967296 23000000 0 0 1 0
[2019-11-08 07:44:10]TIMES:310 CPU USE:16 2 14 0
[2019-11-08 07:44:10]TIMES:310 CPU0 USE:16 2 14 0
[2019-11-08 07:44:10]TIMES:310 SERIAL0:153 2309 5709
[2019-11-08 07:44:10]TIMES:310 rmnet0:44524384 32374 0 0 0 0 0 0 1433748 28901 0 0 0 0 0 0
[2019-11-08 07:44:10]TIMES:310 rmnet_data1:34000 209 0 0 0 0 0 0 26840 220 0 0 0 0 0 0
[2019-11-08 07:44:10]TIMES:310 GNSS:22577372 113915225 3296967296 23000000 0 0 1 0
[2019-11-08 07:44:15]TIMES:315 ZONE3 TEMP:41
[2019-11-08 07:44:15]TIMES:315 CPU USE:29 6 23 0
[2019-11-08 07:44:15]TIMES:315 CPU0 USE:29 6 23 0
[2019-11-08 07:44:15]TIMES:315 SERIAL0:153 2323 5709
[2019-11-08 07:44:15]TIMES:315 rmnet0:44525288 32383 0 0 0 0 0 0 1434452 28909 0 0 0 0 0 0
[2019-11-08 07:44:15]TIMES:315 rmnet_data1:34420 214 0 0 0 0 0 0 27280 225 0 0 0 0 0 0
[2019-11-08 07:44:15]TIMES:315 rmnet_data0:44231209 32169 0 0 0 0 0 0 1407172 28684 0 0 0 0 0 0
[2019-11-08 07:44:15]TIMES:315 rndis0:1282507 28633 0 0 0 0 0 0 46076329 28353 0 0 0 0 0 0
[2019-11-08 07:44:15]TIMES:315 GNSS:22577367 113915233 3294967296 25000000 245600000 320000 1 0
[2019-11-08 07:44:20]TIMES:320 ZONE3 TEMP:40
[2019-11-08 07:44:20]TIMES:320 CPU USE:15 3 12 0
[2019-11-08 07:44:20]TIMES:320 CPU0 USE:15 3 12 0
[2019-11-08 07:44:20]TIMES:320 SERIAL0:153 2361 5722
[2019-11-08 07:44:20]TIMES:320 rmnet0:44525748 32388 0 0 0 0 0 0 1434892 28914 0 0 0 0 0 0
[2019-11-08 07:44:20]TIMES:320 rmnet_data1:34840 219 0 0 0 0 0 0 27720 230 0 0 0 0 0 0
[2019-11-08 07:44:20]TIMES:320 GNSS:22577339 113915221 3290967296 26000000 0 0 1 0
[2019-11-08 07:44:25]TIMES:325 CPU USE:15 4 11 0
[2019-11-08 07:44:25]TIMES:325 CPU0 USE:15 4 11 0
[2019-11-08 07:44:25]TIMES:325 SERIAL0:153 2375 5732
[2019-11-08 07:44:25]TIMES:325 rmnet0:44526828 32399 0 0 0 0 0 0 1436068 28926 0 0 0 0 0 0
[2019-11-08 07:44:25]TIMES:325 rmnet_data1:35331 225 0 0 0 0 0 0 28280 237 0 0 0 0 0 0
[2019-11-08 07:44:25]TIMES:325 rmnet_data0:44231709 32174 0 0 0 0 0 0 1407788 28689 0 0 0 0 0 0
[2019-11-08 07:44:26]TIMES:325 rndis0:1283103 28638 0 0 0 0 0 0 46077119 28358 0 0 0 0 0 0
[2019-11-08 07:44:26]TIMES:325 GNSS:22577313 113915219 3285967296 29000000 0 0 1 0
[2019-11-08 07:44:31]TIMES:330 ZONE3 TEMP:41
[2019-11-08 07:44:31]TIMES:330 ZONE6 TEMP:33
[2019-11-08 07:44:31]TIMES:330 CPU USE:13 2 11 0
[2019-11-08 07:44:31]TIMES:330 CPU0 USE:13 2 11 0
[2019-11-08 07:44:31]TIMES:330 SERIAL0:153 2413 5735
[2019-11-08 07:44:31]TIMES:330 bridge0:17045 299 0 0 0 0 0 0 23720 203 0 0 0 0 0 0
[2019-11-08 07:44:31]TIMES:330 rmnet0:44527288 32404 0 0 0 0 0 0 1436508 28931 0 0 0 0 0 0
[2019-11-08 07:44:31]TIMES:330 rmnet_data1:35751 230 0 0 0 0 0 0 28720 242 0 0 0 0 0 0
[2019-11-08 07:44:31]TIMES:330 rndis0:1283135 28639 0 0 0 0 0 0 46077339 28360 0 0 0 0 0 0
[2019-11-08 07:44:31]TIMES:330 GNSS:22577302 113915222 3277967296 34000000 241300000 327566 1 0
[2019-11-08 07:44:36]TIMES:335 ZONE5 TEMP:103
[2019-11-08 07:44:36]TIMES:335 CPU USE:20 3 17 0
[2019-11-08 07:44:36]TIMES:335 CPU0 USE:20 3 17 0
[2019-11-08 07:44:36]TIMES:335 SERIAL0:153 2427 5745
[2019-11-08 07:44:36]TIMES:335 bridge0:17073 300 0 0 0 0 0 0 23820 205 0 0 0 0 0 0
[2019-11-08 07:44:36]TIMES:335 rmnet0:44527748 32409 0 0 0 0 0 0 1436948 28936 0 0 0 0 0 0
[2019-11-08 07:44:36]TIMES:335 rmnet_data1:36171 235 0 0 0 0 0 0 29160 247 0 0 0 0 0 0
[2019-11-08 07:44:36]TIMES:335 rndis0:1283411 28644 0 0 0 0 0 0 46077425 28361 0 0 0 0 0 0
[2019-11-08 07:44:36]TIMES:335 GNSS:22577295 113915224 3271967296 30000000 0 0 1 0
[2019-11-08 07:44:41]TIMES:340 ZONE3 TEMP:40
[2019-11-08 07:44:41]TIMES:340 ZONE5 TEMP:39
[2019-11-08 07:44:41]TIMES:340 CPU USE:17 3 14 0
[2019-11-08 07:44:41]TIMES:340 CPU0 USE:17 3 14 0
[2019-11-08 07:44:41]TIMES:340 SERIAL0:153 2451 5748
[2019-11-08 07:44:41]TIMES:340 bridge0:17141 301 0 0 0 0 0 0 23820 205 0 0 0 0 0 0
[2019-11-08 07:44:41]TIMES:340 rmnet0:44528208 32414 0 0 0 0 0 0 1437388 28941 0 0 0 0 0 0
[2019-11-08 07:44:41]TIMES:340 rmnet_data1:36591 240 0 0 0 0 0 0 29600 252 0 0 0 0 0 0
[2019-11-08 07:44:41]TIMES:340 rndis0:1283583 28647 0 0 0 0 0 0 46077425 28361 0 0 0 0 0 0
[2019-11-08 07:44:41]TIMES:340 GNSS:22577288 113915251 3281967296 28000000 0 0 1 0
[2019-11-08 07:44:46]TIMES:345 ZONE3 TEMP:41
[2019-11-08 07:44:46]TIMES:345 ZONE4 TEMP:39
[2019-11-08 07:44:46]TIMES:345 MEM FREE:91 29
[2019-11-08 07:44:46]TIMES:345 CPU USE:29 5 24 0
[2019-11-08 07:44:46]TIMES:345 CPU0 USE:29 5 24 0
[2019-11-08 07:44:46]TIMES:345 SERIAL0:153 2479 5758
[2019-11-08 07:44:46]TIMES:345 bridge0:17209 302 0 0 0 0 0 0 23820 205 0 0 0 0 0 0
[2019-11-08 07:44:46]TIMES:345 rmnet0:44530096 32428 0 0 0 0 0 0 1438308 28954 0 0 0 0 0 0
[2019-11-08 07:44:46]TIMES:345 rmnet_data1:37740 248 0 0 0 0 0 0 30160 259 0 0 0 0 0 0
[2019-11-08 07:44:46]TIMES:345 rmnet_data0:44232326 32180 0 0 0 0 0 0 1408148 28695 0 0 0 0 0 0
[2019-11-08 07:44:46]TIMES:345 rndis0:1283731 28650 0 0 0 0 0 0 46077754 28363 0 0 0 0 0 0
[2019-11-08 07:44:46]TIMES:345 GNSS:22577284 113915308 3313967296 28000000 0 0 1 0
[2019-11-08 07:44:51]TIMES:350 MEM FREE:92 29
[2019-11-08 07:44:51]TIMES:350 CPU USE:19 4 15 0
[2019-11-08 07:44:51]TIMES:350 CPU0 USE:19 4 15 0
[2019-11-08 07:44:51]TIMES:350 SERIAL0:153 2503 5771
[2019-11-08 07:44:51]TIMES:350 bridge0:17361 305 0 0 0 0 0 0 24083 207 0 0 0 0 0 0
[2019-11-08 07:44:51]TIMES:350 rmnet0:44556444 32474 0 0 0 0 0 0 1450148 29003 0 0 0 0 0 0
[2019-11-08 07:44:51]TIMES:350 rmnet_data1:38208 254 0 0 0 0 0 0 30600 264 0 0 0 0 0 0
[2019-11-08 07:44:51]TIMES:350 rmnet_data0:44257820 32220 0 0 0 0 0 0 1419548 28739 0 0 0 0 0 0
[2019-11-08 07:44:51]TIMES:350 rndis0:1292568 28676 0 0 0 0 0 0 46103430 28394 0 0 0 0 0 0
[2019-11-08 07:44:51]TIMES:350 GNSS:22577273 113915313 3319967296 35000000 238100000 261725 1 0
[2019-11-08 07:44:56]TIMES:355 CPU USE:26 8 18 0
[2019-11-08 07:44:56]TIMES:355 CPU0 USE:26 8 18 0
[2019-11-08 07:44:56]TIMES:355 SERIAL0:153 2531 5784
[2019-11-08 07:44:56]TIMES:355 rmnet0:44557036 32481 0 0 0 0 0 0 1452092 29011 0 0 0 0 0 0
[2019-11-08 07:44:56]TIMES:355 rmnet_data1:38584 259 0 0 0 0 0 0 32408 270 0 0 0 0 0 0
[2019-11-08 07:44:56]TIMES:355 rmnet_data0:44257977 32222 0 0 0 0 0 0 1419684 28741 0 0 0 0 0 0
[2019-11-08 07:44:56]TIMES:355 GNSS:22577233 113915237 3315967296 39000000 0 0 1 0
[2019-11-08 07:45:01]TIMES:360 ZONE3 TEMP:40
[2019-11-08 07:45:01]TIMES:360 ZONE4 TEMP:38
[2019-11-08 07:45:01]TIMES:360 ZONE5 TEMP:65
[2019-11-08 07:45:01]TIMES:360 CPU USE:15 4 11 0
[2019-11-08 07:45:01]TIMES:360 CPU0 USE:15 4 11 0
[2019-11-08 07:45:01]TIMES:360 SERIAL0:153 2555 5797
[2019-11-08 07:45:01]TIMES:360 GNSS:22577252 113915369 3338967296 37000000 0 0 1 0
[2019-11-08 07:45:06]TIMES:365 ZONE5 TEMP:39
[2019-11-08 07:45:06]TIMES:365 CPU USE:18 4 14 0
[2019-11-08 07:45:06]TIMES:365 CPU0 USE:18 4 14 0
[2019-11-08 07:45:06]TIMES:365 SERIAL0:153 2583 5812
[2019-11-08 07:45:06]TIMES:365 rmnet0:44557116 32482 0 0 0 0 0 0 1452212 29013 0 0 0 0 0 0
[2019-11-08 07:45:06]TIMES:365 rmnet_data1:38655 260 0 0 0 0 0 0 32528 272 0 0 0 0 0 0
[2019-11-08 07:45:06]TIMES:365 GNSS:22577240 113915423 3348967296 40000000 0 0 1 0
[2019-11-08 07:45:11]TIMES:370 ZONE5 TEMP:70
[2019-11-08 07:45:11]TIMES:370 CPU USE:18 2 16 0
[2019-11-08 07:45:11]TIMES:370 CPU0 USE:18 2 16 0
[2019-11-08 07:45:11]TIMES:370 SERIAL0:153 2607 5820
[2019-11-08 07:45:11]TIMES:370 bridge0:17647 311 0 0 0 0 0 0 24370 211 0 0 0 0 0 0
[2019-11-08 07:45:11]TIMES:370 rmnet0:44563908 32496 0 0 0 0 0 0 1455740 29029 0 0 0 0 0 0
[2019-11-08 07:45:11]TIMES:370 rmnet_data0:44264644 32236 0 0 0 0 0 0 1423212 28757 0 0 0 0 0 0
[2019-11-08 07:45:11]TIMES:370 rndis0:1296047 28693 0 0 0 0 0 0 46110995 28409 0 0 0 0 0 0
[2019-11-08 07:45:11]TIMES:370 GNSS:22577255 113915541 3362967296 45000000 0 0 1 0
[2019-11-08 07:45:16]TIMES:375 ZONE3 TEMP:41
[2019-11-08 07:45:16]TIMES:375 ZONE5 TEMP:39
[2019-11-08 07:45:16]TIMES:375 CPU USE:17 3 14 0
[2019-11-08 07:45:16]TIMES:375 CPU0 USE:17 3 14 0
[2019-11-08 07:45:16]TIMES:375 SERIAL0:153 2635 5835
[2019-11-08 07:45:16]TIMES:375 rmnet0:44564088 32498 0 0 0 0 0 0 1455868 29030 0 0 0 0 0 0
[2019-11-08 07:45:16]TIMES:375 rmnet_data0:44264805 32238 0 0 0 0 0 0 1423340 28758 0 0 0 0 0 0
[2019-11-08 07:45:16]TIMES:375 rndis0:1296168 28694 0 0 0 0 0 0 46111272 28411 0 0 0 0 0 0
[2019-11-08 07:45:16]TIMES:375 GNSS:22577295 113915764 3378967296 35000000 0 0 1 0
[2019-11-08 07:45:21]TIMES:380 ZONE4 TEMP:39
[2019-11-08 07:45:21]TIMES:380 CPU USE:15 3 12 0
[2019-11-08 07:45:21]TIMES:380 CPU0 USE:15 3 12 0
[2019-11-08 07:45:21]TIMES:380 SERIAL0:153 2659 5853
[2019-11-08 07:45:21]TIMES:380 bridge0:17715 312 0 0 0 0 0 0 24370 211 0 0 0 0 0 0
[2019-11-08 07:45:21]TIMES:380 rndis0:1296236 28695 0 0 0 0 0 0 46111272 28411 0 0 0 0 0 0
[2019-11-08 07:45:21]TIMES:380 GNSS:22577296 113915841 3386967296 31000000 0 0 1 0
[2019-11-08 07:45:26]TIMES:385 ZONE4 TEMP:38
[2019-11-08 07:45:26]TIMES:385 CPU USE:30 7 23 0
[2019-11-08 07:45:26]TIMES:385 CPU0 USE:30 7 23 0
[2019-11-08 07:45:26]TIMES:385 SERIAL0:153 2673 5853
[2019-11-08 07:45:26]TIMES:385 bridge0:17783 313 0 0 0 0 0 0 24370 211 0 0 0 0 0 0
[2019-11-08 07:45:26]TIMES:385 rmnet0:44565064 32507 0 0 0 0 0 0 1456828 29040 0 0 0 0 0 0
[2019-11-08 07:45:26]TIMES:385 rmnet_data1:38810 262 0 0 0 0 0 0 32736 275 0 0 0 0 0 0
[2019-11-08 07:45:26]TIMES:385 rmnet_data0:44265553 32245 0 0 0 0 0 0 1424092 28765 0 0 0 0 0 0
[2019-11-08 07:45:26]TIMES:385 rndis0:1296900 28701 0 0 0 0 0 0 46112062 28416 0 0 0 0 0 0
[2019-11-08 07:45:26]TIMES:385 GNSS:22577295 113915885 3391967296 30000000 0 0 1 0
[2019-11-08 07:45:31]TIMES:390 ZONE3 TEMP:40
[2019-11-08 07:45:31]TIMES:390 CPU USE:14 4 10 0
[2019-11-08 07:45:31]TIMES:390 CPU0 USE:14 4 10 0
[2019-11-08 07:45:31]TIMES:390 SERIAL0:153 2711 5876
[2019-11-08 07:45:31]TIMES:390 rmnet0:44565524 32512 0 0 0 0 0 0 1457268 29045 0 0 0 0 0 0
[2019-11-08 07:45:31]TIMES:390 rmnet_data1:39230 267 0 0 0 0 0 0 33176 280 0 0 0 0 0 0
[2019-11-08 07:45:31]TIMES:390 GNSS:22577290 113915894 3392967296 30000000 0 0 1 0
[2019-11-08 07:45:36]TIMES:395 ZONE3 TEMP:41
[2019-11-08 07:45:36]TIMES:395 ZONE4 TEMP:39
[2019-11-08 07:45:36]TIMES:395 CPU USE:18 2 16 0
[2019-11-08 07:45:36]TIMES:395 CPU0 USE:18 2 16 0
[2019-11-08 07:45:36]TIMES:395 SERIAL0:153 2725 5886
[2019-11-08 07:45:36]TIMES:395 rmnet0:44565984 32517 0 0 0 0 0 0 1457708 29050 0 0 0 0 0 0
[2019-11-08 07:45:36]TIMES:395 rmnet_data1:39650 272 0 0 0 0 0 0 33616 285 0 0 0 0 0 0
[2019-11-08 07:45:36]TIMES:395 GNSS:22577284 113915896 3394967296 29000000 0 0 1 0
[2019-11-08 07:45:41]TIMES:400 ZONE4 TEMP:38
[2019-11-08 07:45:41]TIMES:400 CPU USE:17 2 15 0
[2019-11-08 07:45:41]TIMES:400 CPU0 USE:17 2 15 0
[2019-11-08 07:45:41]TIMES:400 SERIAL0:153 2763 5894
[2019-11-08 07:45:41]TIMES:400 bridge0:17811 314 0 0 0 0 0 0 24398 212 0 0 0 0 0 0
[2019-11-08 07:45:41]TIMES:400 rmnet0:44566444 32522 0 0 0 0 0 0 1458148 29055 0 0 0 0 0 0
[2019-11-08 07:45:41]TIMES:400 rmnet_data1:40070 277 0 0 0 0 0 0 34056 290 0 0 0 0 0 0
[2019-11-08 07:45:41]TIMES:400 rndis0:1296928 28702 0 0 0 0 0 0 46112148 28417 0 0 0 0 0 0
[2019-11-08 07:45:41]TIMES:400 GNSS:22577279 113915898 3395967296 27000000 0 0 1 0
[2019-11-08 07:45:46]TIMES:405 ZONE4 TEMP:39
[2019-11-08 07:45:46]TIMES:405 MEM FREE:91 29
[2019-11-08 07:45:46]TIMES:405 CPU USE:23 5 18 0
[2019-11-08 07:45:46]TIMES:405 CPU0 USE:23 5 18 0
[2019-11-08 07:45:46]TIMES:405 SERIAL0:153 2777 5909
[2019-11-08 07:45:46]TIMES:405 rmnet0:44567236 32530 0 0 0 0 0 0 1458820 29064 0 0 0 0 0 0
[2019-11-08 07:45:46]TIMES:405 rmnet_data1:40561 283 0 0 0 0 0 0 34616 297 0 0 0 0 0 0
[2019-11-08 07:45:46]TIMES:405 rmnet_data0:44265786 32247 0 0 0 0 0 0 1424204 28767 0 0 0 0 0 0
[2019-11-08 07:45:46]TIMES:405 rndis0:1296968 28703 0 0 0 0 0 0 46112327 28418 0 0 0 0 0 0
[2019-11-08 07:45:46]TIMES:405 GNSS:22577263 113915900 3402967296 29000000 0 0 1 0
[2019-11-08 07:45:51]TIMES:410 CPU USE:14 3 11 0
[2019-11-08 07:45:51]TIMES:410 CPU0 USE:14 3 11 0
[2019-11-08 07:45:51]TIMES:410 SERIAL0:153 2815 5927
[2019-11-08 07:45:51]TIMES:410 rmnet0:44567696 32535 0 0 0 0 0 0 1459260 29069 0 0 0 0 0 0
[2019-11-08 07:45:51]TIMES:410 rmnet_data1:40981 288 0 0 0 0 0 0 35056 302 0 0 0 0 0 0
[2019-11-08 07:45:51]TIMES:410 GNSS:22577242 113915915 3413967296 31000000 0 0 1 0
[2019-11-08 07:45:56]TIMES:415 MEM FREE:92 29
[2019-11-08 07:45:56]TIMES:415 CPU USE:16 4 12 0
[2019-11-08 07:45:56]TIMES:415 CPU0 USE:16 4 12 0
[2019-11-08 07:45:56]TIMES:415 SERIAL0:153 2829 5932
[2019-11-08 07:45:56]TIMES:415 rmnet0:44568204 32541 0 0 0 0 0 0 1461096 29075 0 0 0 0 0 0
[2019-11-08 07:45:56]TIMES:415 rmnet_data1:41441 294 0 0 0 0 0 0 36892 308 0 0 0 0 0 0
[2019-11-08 07:45:56]TIMES:415 GNSS:22577234 113915943 3422967296 33000000 0 0 1 0
[2019-11-08 07:46:01]TIMES:420 ZONE5 TEMP:40
[2019-11-08 07:46:01]TIMES:420 CPU USE:26 6 20 0
[2019-11-08 07:46:01]TIMES:420 CPU0 USE:26 6 20 0
[2019-11-08 07:46:01]TIMES:420 SERIAL0:153 2867 5945
[2019-11-08 07:46:01]TIMES:420 bridge0:17879 315 0 0 0 0 0 0 24398 212 0 0 0 0 0 0
[2019-11-08 07:46:01]TIMES:420 rmnet0:44568928 32548 0 0 0 0 0 0 1461672 29082 0 0 0 0 0 0
[2019-11-08 07:46:01]TIMES:420 rmnet_data1:41861 299 0 0 0 0 0 0 37332 313 0 0 0 0 0 0
[2019-11-08 07:46:01]TIMES:420 rmnet_data0:44266034 32249 0 0 0 0 0 0 1424340 28769 0 0 0 0 0 0
[2019-11-08 07:46:01]TIMES:420 rndis0:1297036 28704 0 0 0 0 0 0 46112327 28418 0 0 0 0 0 0
[2019-11-08 07:46:01]TIMES:420 GNSS:22577241 113916055 3422967296 33000000 0 0 1 0
[2019-11-08 07:46:06]TIMES:425 ZONE4 TEMP:38
[2019-11-08 07:46:06]TIMES:425 ZONE5 TEMP:39
[2019-11-08 07:46:06]TIMES:425 CPU USE:16 3 13 0
[2019-11-08 07:46:06]TIMES:425 CPU0 USE:16 3 13 0
[2019-11-08 07:46:06]TIMES:425 SERIAL0:153 2881 5955
[2019-11-08 07:46:06]TIMES:425 bridge0:18027 318 0 0 0 0 0 0 24438 213 0 0 0 0 0 0
[2019-11-08 07:46:06]TIMES:425 rmnet0:44569436 32554 0 0 0 0 0 0 1462200 29089 0 0 0 0 0 0
[2019-11-08 07:46:06]TIMES:425 rmnet_data1:42281 304 0 0 0 0 0 0 37772 318 0 0 0 0 0 0
[2019-11-08 07:46:06]TIMES:425 rmnet_data0:44266074 32250 0 0 0 0 0 0 1424428 28771 0 0 0 0 0 0
[2019-11-08 07:46:06]TIMES:425 rndis0:1297184 28707 0 0 0 0 0 0 46112425 28419 0 0 0 0 0 0
[2019-11-08 07:46:06]TIMES:425 GNSS:22577229 113916052 3427967296 33000000 0 0 1 0
[2019-11-08 07:46:11]TIMES:430 ZONE0 TEMP:42
[2019-11-08 07:46:11]TIMES:430 ZONE4 TEMP:39
[2019-11-08 07:46:11]TIMES:430 ZONE5 TEMP:40
[2019-11-08 07:46:11]TIMES:430 CPU USE:21 3 18 0
[2019-11-08 07:46:11]TIMES:430 CPU0 USE:21 3 18 0
[2019-11-08 07:46:11]TIMES:430 SERIAL0:153 2905 5974
[2019-11-08 07:46:11]TIMES:430 bridge0:18055 319 0 0 0 0 0 0 24466 214 0 0 0 0 0 0
[2019-11-08 07:46:11]TIMES:430 rmnet0:44569976 32560 0 0 0 0 0 0 1462760 29096 0 0 0 0 0 0
[2019-11-08 07:46:11]TIMES:430 rmnet_data1:42772 310 0 0 0 0 0 0 38332 325 0 0 0 0 0 0
[2019-11-08 07:46:11]TIMES:430 rndis0:0 0 0 0 0 0 0 0 0 0 0 0 0 0 0 0
[2019-11-08 07:46:11]TIMES:430 NET MODE:5 -57 -92
[2019-11-08 07:46:11]TIMES:430 GNSS:22577226 113916059 3431967296 35000000 0 0 1 0
[2019-11-08 07:46:16]TIMES:435 ZONE0 TEMP:41
[2019-11-08 07:46:16]TIMES:435 CPU USE:32 6 26 0
[2019-11-08 07:46:16]TIMES:435 CPU0 USE:32 6 26 0
[2019-11-08 07:46:16]TIMES:435 SERIAL0:153 2933 5989
[2019-11-08 07:46:16]TIMES:435 rmnet0:44570568 32566 0 0 0 0 0 0 1463244 29102 0 0 0 0 0 0
[2019-11-08 07:46:16]TIMES:435 rmnet_data1:43192 315 0 0 0 0 0 0 38772 330 0 0 0 0 0 0
[2019-11-08 07:46:16]TIMES:435 rmnet_data0:44266195 32251 0 0 0 0 0 0 1424472 28772 0 0 0 0 0 0
[2019-11-08 07:46:16]TIMES:435 GNSS:22577210 113916065 3438967296 34000000 0 0 1 0
[2019-11-08 07:46:21]TIMES:440 ZONE1 TEMP:41
[2019-11-08 07:46:21]TIMES:440 ZONE2 TEMP:44
[2019-11-08 07:46:21]TIMES:440 CPU USE:35 9 26 0
[2019-11-08 07:46:21]TIMES:440 CPU0 USE:35 9 26 0
[2019-11-08 07:46:21]TIMES:440 SERIAL0:153 2957 5997
[2019-11-08 07:46:21]TIMES:440 rmnet0:44571028 32571 0 0 0 0 0 0 1463684 29107 0 0 0 0 0 0
[2019-11-08 07:46:21]TIMES:440 rmnet_data1:43612 320 0 0 0 0 0 0 39212 335 0 0 0 0 0 0
[2019-11-08 07:46:21]TIMES:440 GNSS:22577163 113916027 3438967296 32000000 0 0 1 0
[2019-11-08 07:46:26]TIMES:445 ZONE0 TEMP:42
[2019-11-08 07:46:26]TIMES:445 CPU USE:17 3 14 0
[2019-11-08 07:46:26]TIMES:445 CPU0 USE:17 3 14 0
[2019-11-08 07:46:26]TIMES:445 SERIAL0:153 2985 6012
[2019-11-08 07:46:26]TIMES:445 rmnet0:44571488 32576 0 0 0 0 0 0 1464124 29112 0 0 0 0 0 0
[2019-11-08 07:46:26]TIMES:445 rmnet_data1:44032 325 0 0 0 0 0 0 39652 340 0 0 0 0 0 0
[2019-11-08 07:46:26]TIMES:445 GNSS:22577132 113916011 3443967296 33000000 0 0 1 0
[2019-11-08 07:46:31]TIMES:450 CPU USE:29 5 24 0
[2019-11-08 07:46:31]TIMES:450 CPU0 USE:29 5 24 0
[2019-11-08 07:46:31]TIMES:450 SERIAL0:153 3009 6020
[2019-11-08 07:46:31]TIMES:450 rmnet0:44572292 32584 0 0 0 0 0 0 1464820 29121 0 0 0 0 0 0
[2019-11-08 07:46:31]TIMES:450 rmnet_data1:44523 331 0 0 0 0 0 0 40212 347 0 0 0 0 0 0
[2019-11-08 07:46:31]TIMES:450 rmnet_data0:44266443 32253 0 0 0 0 0 0 1424608 28774 0 0 0 0 0 0
[2019-11-08 07:46:31]TIMES:450 GNSS:22577119 113916012 3447967296 35000000 0 0 1 0
[2019-11-08 07:46:36]TIMES:455 ZONE0 TEMP:41
[2019-11-08 07:46:36]TIMES:455 ZONE1 TEMP:40
[2019-11-08 07:46:36]TIMES:455 ZONE2 TEMP:43
[2019-11-08 07:46:36]TIMES:455 CPU USE:18 4 14 0
[2019-11-08 07:46:36]TIMES:455 CPU0 USE:18 4 14 0
[2019-11-08 07:46:36]TIMES:455 SERIAL0:153 3037 6030
[2019-11-08 07:46:36]TIMES:455 bridge0:18055 319 0 0 0 0 0 0 24610 216 0 0 0 0 0 0
[2019-11-08 07:46:36]TIMES:455 rmnet0:44572752 32589 0 0 0 0 0 0 1465260 29126 0 0 0 0 0 0
[2019-11-08 07:46:36]TIMES:455 rmnet_data1:44943 336 0 0 0 0 0 0 40652 352 0 0 0 0 0 0
[2019-11-08 07:46:36]TIMES:455 GNSS:22577112 113916016 3453967296 36000000 0 0 1 0
[2019-11-08 07:46:41]TIMES:460 ZONE1 TEMP:41
[2019-11-08 07:46:41]TIMES:460 ZONE2 TEMP:44
[2019-11-08 07:46:41]TIMES:460 CPU USE:16 3 13 0
[2019-11-08 07:46:41]TIMES:460 CPU0 USE:16 3 13 0
[2019-11-08 07:46:41]TIMES:460 SERIAL0:153 3061 6053
[2019-11-08 07:46:41]TIMES:460 bridge0:18055 319 0 0 0 0 0 0 24754 218 0 0 0 0 0 0
[2019-11-08 07:46:41]TIMES:460 rmnet0:44573212 32594 0 0 0 0 0 0 1465700 29131 0 0 0 0 0 0
[2019-11-08 07:46:41]TIMES:460 rmnet_data1:45363 341 0 0 0 0 0 0 41092 357 0 0 0 0 0 0
[2019-11-08 07:46:41]TIMES:460 GNSS:22577103 113916018 3457967296 39000000 0 0 1 0
[2019-11-08 07:46:46]TIMES:465 ZONE0 TEMP:42
[2019-11-08 07:46:46]TIMES:465 ZONE5 TEMP:39
[2019-11-08 07:46:46]TIMES:465 CPU USE:18 4 14 0
[2019-11-08 07:46:46]TIMES:465 CPU0 USE:18 4 14 0
[2019-11-08 07:46:46]TIMES:465 SERIAL0:153 3075 6053
[2019-11-08 07:46:46]TIMES:465 bridge0:18055 319 0 0 0 0 0 0 24782 219 0 0 0 0 0 0
[2019-11-08 07:46:46]TIMES:465 rmnet0:44573672 32599 0 0 0 0 0 0 1466140 29136 0 0 0 0 0 0
[2019-11-08 07:46:46]TIMES:465 rmnet_data1:45783 346 0 0 0 0 0 0 41532 362 0 0 0 0 0 0
[2019-11-08 07:46:46]TIMES:465 GNSS:22577097 113916025 3460967296 39000000 0 0 1 0
[2019-11-08 07:46:51]TIMES:470 ZONE5 TEMP:40
[2019-11-08 07:46:51]TIMES:470 CPU USE:16 3 13 0
[2019-11-08 07:46:51]TIMES:470 CPU0 USE:16 3 13 0
[2019-11-08 07:46:51]TIMES:470 SERIAL0:153 3113 6077
[2019-11-08 07:46:51]TIMES:470 rmnet0:44574212 32605 0 0 0 0 0 0 1466700 29143 0 0 0 0 0 0
[2019-11-08 07:46:51]TIMES:470 rmnet_data1:46274 352 0 0 0 0 0 0 42092 369 0 0 0 0 0 0
[2019-11-08 07:46:51]TIMES:470 GNSS:22577097 113916041 3463967296 47000000 0 0 1 0
[2019-11-08 07:46:56]TIMES:475 CPU USE:18 3 15 0
[2019-11-08 07:46:56]TIMES:475 CPU0 USE:18 3 15 0
[2019-11-08 07:46:56]TIMES:475 SERIAL0:153 3127 6092
[2019-11-08 07:46:56]TIMES:475 rmnet0:44574628 32610 0 0 0 0 0 0 1468504 29149 0 0 0 0 0 0
[2019-11-08 07:46:56]TIMES:475 rmnet_data1:46650 357 0 0 0 0 0 0 43896 375 0 0 0 0 0 0
[2019-11-08 07:46:56]TIMES:475 GNSS:22577093 113916060 3470967296 47000000 0 0 1 0
[2019-11-08 07:47:01]TIMES:480 ZONE3 TEMP:42
[2019-11-08 07:47:01]TIMES:480 ZONE4 TEMP:40
[2019-11-08 07:47:01]TIMES:480 CPU USE:26 6 20 0
[2019-11-08 07:47:01]TIMES:480 CPU0 USE:26 6 20 0
[2019-11-08 07:47:01]TIMES:480 SERIAL0:153 3165 6100
[2019-11-08 07:47:01]TIMES:480 rmnet0:44574892 32612 0 0 0 0 0 0 1468640 29151 0 0 0 0 0 0
[2019-11-08 07:47:01]TIMES:480 rmnet_data0:44266691 32255 0 0 0 0 0 0 1424744 28776 0 0 0 0 0 0
[2019-11-08 07:47:01]TIMES:480 GNSS:22577094 113916092 3476967296 52000000 0 0 1 0
[2019-11-08 07:47:06]TIMES:485 ZONE3 TEMP:41
[2019-11-08 07:47:06]TIMES:485 ZONE4 TEMP:39
[2019-11-08 07:47:06]TIMES:485 CPU USE:15 2 13 0
[2019-11-08 07:47:06]TIMES:485 CPU0 USE:15 2 13 0
[2019-11-08 07:47:06]TIMES:485 SERIAL0:153 3179 6115
[2019-11-08 07:47:06]TIMES:485 GNSS:22577096 113916134 3482967296 55000000 0 0 1 0
[2019-11-08 07:47:11]TIMES:490 ZONE0 TEMP:41
[2019-11-08 07:47:11]TIMES:490 ZONE2 TEMP:43
[2019-11-08 07:47:11]TIMES:490 CPU USE:16 3 13 0
[2019-11-08 07:47:11]TIMES:490 CPU0 USE:16 3 13 0
[2019-11-08 07:47:11]TIMES:490 SERIAL0:153 3217 6128
[2019-11-08 07:47:11]TIMES:490 rmnet0:44574972 32613 0 0 0 0 0 0 1468760 29153 0 0 0 0 0 0
[2019-11-08 07:47:11]TIMES:490 rmnet_data1:46721 358 0 0 0 0 0 0 44016 377 0 0 0 0 0 0
[2019-11-08 07:47:11]TIMES:490 GNSS:22577096 113916177 3486967296 59000000 0 0 1 0
[2019-11-08 07:47:16]TIMES:495 ZONE0 TEMP:42
[2019-11-08 07:47:16]TIMES:495 ZONE1 TEMP:40
[2019-11-08 07:47:16]TIMES:495 CPU USE:17 5 12 0
[2019-11-08 07:47:16]TIMES:495 CPU0 USE:17 5 12 0
[2019-11-08 07:47:16]TIMES:495 SERIAL0:153 3231 6144
[2019-11-08 07:47:16]TIMES:495 GNSS:22577090 113916206 3492967296 60000000 0 0 1 0
[2019-11-08 07:47:21]TIMES:500 ZONE0 TEMP:41
[2019-11-08 07:47:21]TIMES:500 ZONE1 TEMP:41
[2019-11-08 07:47:21]TIMES:500 ZONE2 TEMP:44
[2019-11-08 07:47:21]TIMES:500 CPU USE:14 2 12 0
[2019-11-08 07:47:21]TIMES:500 CPU0 USE:14 2 12 0
[2019-11-08 07:47:21]TIMES:500 SERIAL0:153 3269 6157
[2019-11-08 07:47:21]TIMES:500 GNSS:22577085 113916225 3499967296 61000000 0 50000 1 0
[2019-11-08 07:47:26]TIMES:505 ZONE0 TEMP:40
[2019-11-08 07:47:26]TIMES:505 ZONE1 TEMP:39
[2019-11-08 07:47:26]TIMES:505 ZONE2 TEMP:42
[2019-11-08 07:47:26]TIMES:505 ZONE3 TEMP:40
[2019-11-08 07:47:26]TIMES:505 ZONE4 TEMP:38
[2019-11-08 07:47:26]TIMES:505 ZONE5 TEMP:39
[2019-11-08 07:47:26]TIMES:505 CPU USE:17 3 14 0
[2019-11-08 07:47:26]TIMES:505 CPU0 USE:17 3 14 0
[2019-11-08 07:47:26]TIMES:505 SERIAL0:153 3283 6172
[2019-11-08 07:47:26]TIMES:505 rmnet0:44575064 32614 0 0 0 0 0 0 1468848 29154 0 0 0 0 0 0
[2019-11-08 07:47:26]TIMES:505 rmnet_data1:46805 359 0 0 0 0 0 0 44104 378 0 0 0 0 0 0
[2019-11-08 07:47:26]TIMES:505 GNSS:22577080 113916227 3475967296 42000000 0 0 1 0
[2019-11-08 07:47:31]TIMES:510 ZONE0 TEMP:41
[2019-11-08 07:47:31]TIMES:510 ZONE1 TEMP:40
[2019-11-08 07:47:31]TIMES:510 ZONE2 TEMP:43
[2019-11-08 07:47:31]TIMES:510 ZONE3 TEMP:41
[2019-11-08 07:47:31]TIMES:510 ZONE4 TEMP:39
[2019-11-08 07:47:31]TIMES:510 CPU USE:15 4 11 0
[2019-11-08 07:47:31]TIMES:510 CPU0 USE:15 4 11 0
[2019-11-08 07:47:31]TIMES:510 SERIAL0:153 3307 6186
[2019-11-08 07:47:31]TIMES:510 rmnet0:44575604 32620 0 0 0 0 0 0 1469408 29161 0 0 0 0 0 0
[2019-11-08 07:47:31]TIMES:510 rmnet_data1:47296 365 0 0 0 0 0 0 44664 385 0 0 0 0 0 0
[2019-11-08 07:47:31]TIMES:510 NET MODE:5 -74 -107
[2019-11-08 07:47:31]TIMES:510 GNSS:22577073 113916211 3480967296 47000000 0 0 1 0
[2019-11-08 07:47:36]TIMES:515 ZONE0 TEMP:42
[2019-11-08 07:47:36]TIMES:515 ZONE1 TEMP:41
[2019-11-08 07:47:36]TIMES:515 ZONE2 TEMP:44
[2019-11-08 07:47:36]TIMES:515 ZONE5 TEMP:40
[2019-11-08 07:47:36]TIMES:515 CPU USE:30 4 26 0
[2019-11-08 07:47:36]TIMES:515 CPU0 USE:30 4 26 0
[2019-11-08 07:47:36]TIMES:515 SERIAL0:153 3335 6201
[2019-11-08 07:47:36]TIMES:515 rmnet0:44576328 32627 0 0 0 0 0 0 1469984 29168 0 0 0 0 0 0
[2019-11-08 07:47:36]TIMES:515 rmnet_data1:47716 370 0 0 0 0 0 0 45104 390 0 0 0 0 0 0
[2019-11-08 07:47:36]TIMES:515 rmnet_data0:44266939 32257 0 0 0 0 0 0 1424880 28778 0 0 0 0 0 0
[2019-11-08 07:47:36]TIMES:515 GNSS:22577072 113916196 3484967296 65000000 0 0 1 0
[2019-11-08 07:47:41]TIMES:520 ZONE0 TEMP:41
[2019-11-08 07:47:41]TIMES:520 CPU USE:15 3 12 0
[2019-11-08 07:47:41]TIMES:520 CPU0 USE:15 3 12 0
[2019-11-08 07:47:41]TIMES:520 SERIAL0:153 3359 6219
[2019-11-08 07:47:41]TIMES:520 rmnet0:44576788 32632 0 0 0 0 0 0 1470424 29173 0 0 0 0 0 0
[2019-11-08 07:47:41]TIMES:520 rmnet_data1:48136 375 0 0 0 0 0 0 45544 395 0 0 0 0 0 0
[2019-11-08 07:47:41]TIMES:520 GNSS:22577123 113916281 3495967296 78000000 0 0 1 0
[2019-11-08 07:47:46]TIMES:525 ZONE0 TEMP:42
[2019-11-08 07:47:46]TIMES:525 ZONE1 TEMP:40
[2019-11-08 07:47:46]TIMES:525 ZONE2 TEMP:43
[2019-11-08 07:47:46]TIMES:525 CPU USE:17 3 14 0
[2019-11-08 07:47:46]TIMES:525 CPU0 USE:17 3 14 0
[2019-11-08 07:47:46]TIMES:525 SERIAL0:153 3387 6219
[2019-11-08 07:47:46]TIMES:525 rmnet0:44577248 32637 0 0 0 0 0 0 1470864 29178 0 0 0 0 0 0
[2019-11-08 07:47:46]TIMES:525 rmnet_data1:48556 380 0 0 0 0 0 0 45984 400 0 0 0 0 0 0
[2019-11-08 07:47:46]TIMES:525 GNSS:22577230 113916466 3501967296 93000000 0 0 1 0
[2019-11-08 07:47:51]TIMES:530 ZONE0 TEMP:41
[2019-11-08 07:47:51]TIMES:530 CPU USE:13 3 10 0
[2019-11-08 07:47:51]TIMES:530 CPU0 USE:13 3 10 0
[2019-11-08 07:47:51]TIMES:530 SERIAL0:153 3411 6237
[2019-11-08 07:47:51]TIMES:530 rmnet0:44577708 32642 0 0 0 0 0 0 1471380 29184 0 0 0 0 0 0
[2019-11-08 07:47:51]TIMES:530 rmnet_data1:48976 385 0 0 0 0 0 0 46500 406 0 0 0 0 0 0
[2019-11-08 07:47:51]TIMES:530 GNSS:22577276 113916541 3508967296 88000000 0 0 1 0
[2019-11-08 07:47:56]TIMES:535 CPU USE:19 5 14 0
[2019-11-08 07:47:56]TIMES:535 CPU0 USE:19 5 14 0
[2019-11-08 07:47:56]TIMES:535 SERIAL0:153 3439 6242
[2019-11-08 07:47:56]TIMES:535 rmnet0:44578296 32649 0 0 0 0 0 0 1473260 29191 0 0 0 0 0 0
[2019-11-08 07:47:56]TIMES:535 rmnet_data1:49507 392 0 0 0 0 0 0 48380 413 0 0 0 0 0 0
[2019-11-08 07:47:56]TIMES:535 GNSS:22577305 113916588 3511967296 68000000 0 0 1 0
[2019-11-08 07:48:01]TIMES:540 ZONE0 TEMP:42
[2019-11-08 07:48:01]TIMES:540 ZONE1 TEMP:41
[2019-11-08 07:48:01]TIMES:540 ZONE2 TEMP:44
[2019-11-08 07:48:01]TIMES:540 CPU USE:15 2 13 0
[2019-11-08 07:48:01]TIMES:540 CPU0 USE:15 2 13 0
[2019-11-08 07:48:01]TIMES:540 SERIAL0:153 3463 6260
[2019-11-08 07:48:01]TIMES:540 rmnet0:44578756 32654 0 0 0 0 0 0 1473700 29196 0 0 0 0 0 0
[2019-11-08 07:48:01]TIMES:540 rmnet_data1:49927 397 0 0 0 0 0 0 48820 418 0 0 0 0 0 0
[2019-11-08 07:48:01]TIMES:540 GNSS:22577571 113914376 3577967296 54000000 0 0 1 0
[2019-11-08 07:48:06]TIMES:545 ZONE3 TEMP:42
[2019-11-08 07:48:06]TIMES:545 ZONE4 TEMP:40
[2019-11-08 07:48:06]TIMES:545 CPU USE:43 10 33 0
[2019-11-08 07:48:06]TIMES:545 CPU0 USE:43 10 33 0
[2019-11-08 07:48:06]TIMES:545 SERIAL0:153 3477 6275
[2019-11-08 07:48:06]TIMES:545 rmnet0:44579936 32666 0 0 0 0 0 0 1474632 29208 0 0 0 0 0 0
[2019-11-08 07:48:06]TIMES:545 rmnet_data1:50347 402 0 0 0 0 0 0 49260 423 0 0 0 0 0 0
[2019-11-08 07:48:06]TIMES:545 rmnet_data0:44267595 32264 0 0 0 0 0 0 1425372 28785 0 0 0 0 0 0
[2019-11-08 07:48:06]TIMES:545 GNSS:22577640 113914330 3558967296 35000000 0 0 1 0
[2019-11-08 07:48:11]TIMES:550 ZONE3 TEMP:41
[2019-11-08 07:48:11]TIMES:550 CPU USE:13 3 10 0
[2019-11-08 07:48:11]TIMES:550 CPU0 USE:13 3 10 0
[2019-11-08 07:48:11]TIMES:550 SERIAL0:153 3515 6283
[2019-11-08 07:48:11]TIMES:550 rmnet0:44580396 32671 0 0 0 0 0 0 1475072 29213 0 0 0 0 0 0
[2019-11-08 07:48:11]TIMES:550 rmnet_data1:50767 407 0 0 0 0 0 0 49700 428 0 0 0 0 0 0
[2019-11-08 07:48:11]TIMES:550 GNSS:22577733 113914356 3534967296 29000000 319500000 192353 1 0
[2019-11-08 07:48:16]TIMES:555 ZONE4 TEMP:39
[2019-11-08 07:48:16]TIMES:555 CPU USE:15 3 12 0
[2019-11-08 07:48:16]TIMES:555 CPU0 USE:15 3 12 0
[2019-11-08 07:48:16]TIMES:555 SERIAL0:153 3529 6298
[2019-11-08 07:48:16]TIMES:555 rmnet0:44580936 32677 0 0 0 0 0 0 1475632 29220 0 0 0 0 0 0
[2019-11-08 07:48:16]TIMES:555 rmnet_data1:51258 413 0 0 0 0 0 0 50260 435 0 0 0 0 0 0
[2019-11-08 07:48:16]TIMES:555 GNSS:22577784 113914403 3512967296 27000000 0 0 1 0
[2019-11-08 07:48:21]TIMES:560 ZONE0 TEMP:41
[2019-11-08 07:48:21]TIMES:560 ZONE2 TEMP:43
[2019-11-08 07:48:21]TIMES:560 CPU USE:13 2 11 0
[2019-11-08 07:48:21]TIMES:560 CPU0 USE:13 2 11 0
[2019-11-08 07:48:21]TIMES:560 SERIAL0:153 3567 6311
[2019-11-08 07:48:21]TIMES:560 rmnet0:44581396 32682 0 0 0 0 0 0 1476072 29225 0 0 0 0 0 0
[2019-11-08 07:48:21]TIMES:560 rmnet_data1:51678 418 0 0 0 0 0 0 50700 440 0 0 0 0 0 0
[2019-11-08 07:48:21]TIMES:560 GNSS:22577753 113914464 3515967296 27000000 0 0 1 0
[2019-11-08 07:48:26]TIMES:565 CPU USE:19 3 16 0
[2019-11-08 07:48:26]TIMES:565 CPU0 USE:19 3 16 0
[2019-11-08 07:48:26]TIMES:565 SERIAL0:153 3581 6316
[2019-11-08 07:48:26]TIMES:565 rmnet0:44581856 32687 0 0 0 0 0 0 1476512 29230 0 0 0 0 0 0
[2019-11-08 07:48:26]TIMES:565 rmnet_data1:52098 423 0 0 0 0 0 0 51140 445 0 0 0 0 0 0
[2019-11-08 07:48:26]TIMES:565 GNSS:22577741 113914468 3509967296 37000000 0 0 1 0
[2019-11-08 07:48:31]TIMES:570 ZONE0 TEMP:42
[2019-11-08 07:48:31]TIMES:570 ZONE2 TEMP:44
[2019-11-08 07:48:31]TIMES:570 CPU USE:15 2 13 0
[2019-11-08 07:48:31]TIMES:570 CPU0 USE:15 2 13 0
[2019-11-08 07:48:31]TIMES:570 SERIAL0:153 3619 6334
[2019-11-08 07:48:31]TIMES:570 rmnet0:44582316 32692 0 0 0 0 0 0 1476952 29235 0 0 0 0 0 0
[2019-11-08 07:48:31]TIMES:570 rmnet_data1:52518 428 0 0 0 0 0 0 51580 450 0 0 0 0 0 0
[2019-11-08 07:48:31]TIMES:570 GNSS:22577719 113914488 3504967296 41000000 0 0 1 0
[2019-11-08 07:48:36]TIMES:575 CPU USE:17 3 14 0
[2019-11-08 07:48:36]TIMES:575 CPU0 USE:17 3 14 0
[2019-11-08 07:48:36]TIMES:575 SERIAL0:153 3633 6339
[2019-11-08 07:48:36]TIMES:575 rmnet0:44582856 32698 0 0 0 0 0 0 1477512 29242 0 0 0 0 0 0
[2019-11-08 07:48:36]TIMES:575 rmnet_data1:53009 434 0 0 0 0 0 0 52140 457 0 0 0 0 0 0
[2019-11-08 07:48:36]TIMES:575 GNSS:22577718 113914534 3486967296 35000000 0 0 1 0
[2019-11-08 07:48:41]TIMES:580 CPU USE:29 6 23 0
[2019-11-08 07:48:41]TIMES:580 CPU0 USE:29 6 23 0
[2019-11-08 07:48:41]TIMES:580 SERIAL0:153 3671 6357
[2019-11-08 07:48:41]TIMES:580 bridge0:18055 319 0 0 0 0 0 0 25070 223 0 0 0 0 0 0
[2019-11-08 07:48:41]TIMES:580 rmnet0:44583580 32705 0 0 0 0 0 0 1478088 29249 0 0 0 0 0 0
[2019-11-08 07:48:41]TIMES:580 rmnet_data1:53429 439 0 0 0 0 0 0 52580 462 0 0 0 0 0 0
[2019-11-08 07:48:41]TIMES:580 rmnet_data0:44267843 32266 0 0 0 0 0 0 1425508 28787 0 0 0 0 0 0
[2019-11-08 07:48:41]TIMES:580 NET MODE:5 -78 -107
[2019-11-08 07:48:41]TIMES:580 GNSS:22577722 113914566 3485967296 41000000 0 0 1 0
[2019-11-08 07:48:46]TIMES:585 CPU USE:18 4 14 0
[2019-11-08 07:48:46]TIMES:585 CPU0 USE:18 4 14 0
[2019-11-08 07:48:46]TIMES:585 SERIAL0:153 3685 6367
[2019-11-08 07:48:46]TIMES:585 rmnet0:44584040 32710 0 0 0 0 0 0 1478528 29254 0 0 0 0 0 0
[2019-11-08 07:48:46]TIMES:585 rmnet_data1:53849 444 0 0 0 0 0 0 53020 467 0 0 0 0 0 0
[2019-11-08 07:48:46]TIMES:585 GNSS:22577695 113914597 3480967296 48000000 233000000 390128 1 0
