[1980-01-06 08:00:12]power-service:Oct 31 2019 14:30:56
[1980-01-06 08:00:12]----------------ini_info_t start ------------------
[1980-01-06 08:00:12]name:modem-service 1 1
[1980-01-06 08:00:12]name:gnss-service 1 1
[1980-01-06 08:00:12]----------------ini_info_t end  ------------------
[1980-01-06 08:00:13]power:Oct 31 2019 14:25:00
[1980-01-06 08:00:13]/sys/class/tbox/mpu_update/value check 0
[1980-01-06 08:00:13]/sys/class/tbox/mcu_notify_mpu1/value check 0
[1980-01-06 08:00:13]/sys/class/tbox/mcu_notify_mpu2/value check 0
[1980-01-06 08:00:13]/sys/class/tbox/mpu_wake_mcu/value check 0
[1980-01-06 08:00:13]/sys/class/tbox/mcu_wake_mpu/value check 0
[1980-01-06 08:00:13]/sys/class/tbox/bt_dev_wake/value check 0
[1980-01-06 08:00:13]/sys/devices/78d9000.usb/power_supply/usb/present check 0
[1980-01-06 08:00:13]/sys/class/tbox/mcu_wake_mpu/irq_ref check 0
[1980-01-06 08:00:13]/sys/class/tbox/bt_host_wake/irq_ref check 0
[1980-01-06 08:00:13]init hardware sucess
[1980-01-06 08:00:13]ipc power sucess
[1980-01-06 08:00:13]ipc process sucess
[1980-01-06 08:00:13]ipc mcuservicedata sucess
[1980-01-06 08:00:13]mcu wakeup mpu,source:3FFC0
[1980-01-06 08:00:13]boot:reboot no beartheart 38
[1980-01-06 08:00:13]mcu wakeup mpu,source:40
[1980-01-06 08:00:13]wait handshake
[1980-01-06 08:00:14]opwrmode:0 npwrmode:1
[1980-01-06 08:00:21]keep power off
[1980-01-06 08:00:22]sendPwrWakeupEvent->id:modem-service-boot,wake:0x00000001,wkuptime:90,desc:wait data,ret:1
[1980-01-06 08:00:24]sendPwrWakeupEvent->id:modem-service-boot,wake:0x00000001,wkuptime:20,desc:end data,ret:1
[2019-11-08 08:20:47]opwrmode:1 npwrmode:2
[2019-11-08 08:20:49]opwrmode:2 npwrmode:3
[2019-11-08 08:20:55]opwrmode:3 npwrmode:4
[2019-11-08 08:20:55]go to suspend
[2019-11-08 08:20:55]enter ---PM_SUSPEND-------------------
[2019-11-08 08:20:58]system call:echo mem > /sys/power/state &, expect:NULL
[2019-11-08 08:20:59]wait handshake
[2019-11-08 08:21:00]wait handshake
[2019-11-08 08:21:00]wait handshake
[2019-11-08 08:21:00]wait handshake
[2019-11-08 08:21:00]wait handshake
[2019-11-08 08:21:00]wait handshake
[2019-11-08 08:21:00]wait handshake
[2019-11-08 08:21:00]wait handshake
[2019-11-08 08:21:00]wait handshake
[2019-11-08 08:21:01]wait handshake
[2019-11-08 08:21:01]wait handshake
[2019-11-08 08:21:01]wait handshake
[2019-11-08 08:21:01]wait handshake
[2019-11-08 08:21:01]wait handshake
[2019-11-08 08:21:01]wait handshake
[2019-11-08 08:21:01]wait handshake
[2019-11-08 08:21:01]wait handshake
[2019-11-08 08:21:01]wait handshake
[2019-11-08 08:21:01]wait handshake
[2019-11-08 08:21:02]wait handshake
[2019-11-08 08:21:02]wait handshake
[2019-11-08 08:21:02]wait handshake
[2019-11-08 08:21:02]wait handshake
[2019-11-08 08:21:02]wait handshake
[2019-11-08 08:21:02]wait handshake
[2019-11-08 08:21:02]wait handshake
[2019-11-08 08:21:02]wait handshake
[2019-11-08 08:21:02]wait handshake
[2019-11-08 08:21:03]wait handshake
[2019-11-08 08:21:03]wait handshake
[2019-11-08 08:21:03]wait handshake
[2019-11-08 08:21:03]wait handshake
[2019-11-08 08:21:03]wait handshake
[2019-11-08 08:21:03]wait handshake
[2019-11-08 08:21:03]wait handshake
[2019-11-08 08:21:03]wait handshake
[2019-11-08 08:21:03]wait handshake
[2019-11-08 08:21:04]wait handshake
[2019-11-08 08:21:04]wait handshake
[2019-11-08 08:21:04]wait handshake
[2019-11-08 08:21:04]wait handshake
[2019-11-08 08:21:04]wait handshake
[2019-11-08 08:21:04]wait handshake
[2019-11-08 08:21:04]wait handshake
[2019-11-08 08:21:04]wait handshake
[2019-11-08 08:21:04]wait handshake
[2019-11-08 08:21:05]wait handshake
[2019-11-08 08:21:05]wait handshake
[2019-11-08 08:21:05]wait handshake
[2019-11-08 08:21:05]wait handshake
[2019-11-08 08:21:05]wait handshake
[2019-11-08 08:21:05]wait handshake
[2019-11-08 08:21:05]wait handshake
[2019-11-08 08:21:05]wait handshake
[2019-11-08 08:21:05]go to suspend
[2019-11-08 08:21:05]enter ---PM_SUSPEND-------------------
[2019-11-08 08:21:05]wait handshake
[2019-11-08 08:21:06]wait handshake
[2019-11-08 08:21:07]wait handshake
[2019-11-08 08:21:08]system call:echo mem > /sys/power/state &, expect:NULL
[2019-11-08 08:21:09]wait handshake
[2019-11-08 08:21:09]wait handshake
[2019-11-08 08:21:10]wait handshake
[2019-11-08 08:21:10]wait handshake
[2019-11-08 08:21:10]wait handshake
[2019-11-08 08:21:10]wait handshake
[2019-11-08 08:21:10]wait handshake
[2019-11-08 08:21:10]wait handshake
[2019-11-08 08:21:10]wait handshake
[2019-11-08 08:21:10]wait handshake
[2019-11-08 08:21:10]wait handshake
[2019-11-08 08:21:10]wait handshake
[2019-11-08 08:21:11]wait handshake
[2019-11-08 08:21:11]wait handshake
[2019-11-08 08:21:11]wait handshake
[2019-11-08 08:21:11]wait handshake
[2019-11-08 08:21:11]wait handshake
[2019-11-08 08:21:11]wait handshake
[2019-11-08 08:21:11]wait handshake
[2019-11-08 08:21:11]wait handshake
[2019-11-08 08:21:11]wait handshake
[2019-11-08 08:21:12]wait handshake
[2019-11-08 08:21:12]wait handshake
[2019-11-08 08:21:12]wait handshake
[2019-11-08 08:21:12]wait handshake
[2019-11-08 08:21:12]wait handshake
[2019-11-08 08:21:12]wait handshake
[2019-11-08 08:21:12]wait handshake
[2019-11-08 08:21:12]wait handshake
[2019-11-08 08:21:12]wait handshake
[2019-11-08 08:21:13]wait handshake
[2019-11-08 08:21:13]wait handshake
[2019-11-08 08:21:13]wait handshake
[2019-11-08 08:21:13]wait handshake
[2019-11-08 08:21:13]wait handshake
[2019-11-08 08:21:13]wait handshake
[2019-11-08 08:21:13]wait handshake
[2019-11-08 08:21:13]wait handshake
[2019-11-08 08:21:13]wait handshake
[2019-11-08 08:21:14]wait handshake
[2019-11-08 08:21:14]wait handshake
[2019-11-08 08:21:14]wait handshake
[2019-11-08 08:21:14]wait handshake
[2019-11-08 08:21:14]wait handshake
[2019-11-08 08:21:14]wait handshake
[2019-11-08 08:21:14]wait handshake
[2019-11-08 08:21:14]wait handshake
[2019-11-08 08:21:14]wait handshake
[2019-11-08 08:21:15]wait handshake
[2019-11-08 08:21:15]wait handshake
[2019-11-08 08:21:15]wait handshake
[2019-11-08 08:21:15]wait handshake
[2019-11-08 08:21:15]wait handshake
[2019-11-08 08:21:15]wait handshake
[2019-11-08 08:21:15]wait handshake
[2019-11-08 08:21:15]wait handshake
[2019-11-08 08:21:15]go to suspend
[2019-11-08 08:21:15]wait handshake
[2019-11-08 08:21:15]enter ---PM_SUSPEND-------------------
[2019-11-08 08:21:16]wait handshake
[2019-11-08 08:21:17]wait handshake
[2019-11-08 08:21:18]wait handshake
[2019-11-08 08:21:18]system call:echo mem > /sys/power/state &, expect:NULL
[2019-11-08 08:21:19]wait handshake
[2019-11-08 08:21:19]wait handshake
[2019-11-08 08:21:19]wait handshake
[2019-11-08 08:21:19]wait handshake
[2019-11-08 08:21:19]wait handshake
[2019-11-08 08:21:19]wait handshake
[2019-11-08 08:21:19]wait handshake
[2019-11-08 08:21:20]wait handshake
[2019-11-08 08:21:20]wait handshake
[2019-11-08 08:21:20]wait handshake
[2019-11-08 08:21:20]wait handshake
[2019-11-08 08:21:20]wait handshake
[2019-11-08 08:21:20]wait handshake
[2019-11-08 08:21:20]wait handshake
[2019-11-08 08:21:20]wait handshake
[2019-11-08 08:21:20]wait handshake
[2019-11-08 08:21:21]wait handshake
[2019-11-08 08:21:21]wait handshake
[2019-11-08 08:21:21]wait handshake
[2019-11-08 08:21:21]wait handshake
[2019-11-08 08:21:21]wait handshake
[2019-11-08 08:21:21]wait handshake
[2019-11-08 08:21:21]wait handshake
[2019-11-08 08:21:21]wait handshake
[2019-11-08 08:21:21]wait handshake
[2019-11-08 08:21:22]wait handshake
[2019-11-08 08:21:22]wait handshake
[2019-11-08 08:21:22]wait handshake
[2019-11-08 08:21:22]wait handshake
[2019-11-08 08:21:22]wait handshake
[2019-11-08 08:21:22]wait handshake
[2019-11-08 08:21:22]wait handshake
[2019-11-08 08:21:22]wait handshake
[2019-11-08 08:21:22]wait handshake
[2019-11-08 08:21:23]wait handshake
[2019-11-08 08:21:23]wait handshake
[2019-11-08 08:21:23]wait handshake
[2019-11-08 08:21:23]wait handshake
[2019-11-08 08:21:23]wait handshake
[2019-11-08 08:21:23]wait handshake
[2019-11-08 08:21:23]wait handshake
[2019-11-08 08:21:23]wait handshake
[2019-11-08 08:21:23]wait handshake
[2019-11-08 08:21:24]wait handshake
[2019-11-08 08:21:24]wait handshake
[2019-11-08 08:21:24]wait handshake
[2019-11-08 08:21:24]wait handshake
[2019-11-08 08:21:24]wait handshake
[2019-11-08 08:21:24]wait handshake
[2019-11-08 08:21:24]wait handshake
[2019-11-08 08:21:24]wait handshake
[2019-11-08 08:21:24]wait handshake
[2019-11-08 08:21:24]wait handshake
[2019-11-08 08:21:25]wait handshake
[2019-11-08 08:21:25]wait handshake
[2019-11-08 08:21:25]wait handshake
[2019-11-08 08:21:25]go to suspend
[2019-11-08 08:21:25]enter ---PM_SUSPEND-------------------
[2019-11-08 08:21:26]wait handshake
[2019-11-08 08:21:27]wait handshake
[2019-11-08 08:21:28]wait handshake
[2019-11-08 08:21:28]system call:echo mem > /sys/power/state &, expect:NULL
[2019-11-08 08:21:29]wait handshake
[2019-11-08 08:21:29]wait handshake
[2019-11-08 08:21:30]wait handshake
[2019-11-08 08:21:30]wait handshake
[2019-11-08 08:21:30]wait handshake
[2019-11-08 08:21:30]wait handshake
[2019-11-08 08:21:30]wait handshake
[2019-11-08 08:21:30]wait handshake
[2019-11-08 08:21:30]wait handshake
[2019-11-08 08:21:30]wait handshake
[2019-11-08 08:21:30]wait handshake
[2019-11-08 08:21:30]wait handshake
[2019-11-08 08:21:31]wait handshake
[2019-11-08 08:21:31]wait handshake
[2019-11-08 08:21:31]wait handshake
[2019-11-08 08:21:31]wait handshake
[2019-11-08 08:21:31]wait handshake
[2019-11-08 08:21:31]wait handshake
[2019-11-08 08:21:31]wait handshake
[2019-11-08 08:21:31]wait handshake
[2019-11-08 08:21:31]wait handshake
[2019-11-08 08:21:32]wait handshake
[2019-11-08 08:21:32]wait handshake
[2019-11-08 08:21:32]wait handshake
[2019-11-08 08:21:32]wait handshake
[2019-11-08 08:21:32]wait handshake
[2019-11-08 08:21:32]wait handshake
[2019-11-08 08:21:32]wait handshake
[2019-11-08 08:21:32]wait handshake
[2019-11-08 08:21:32]wait handshake
[2019-11-08 08:21:33]wait handshake
[2019-11-08 08:21:33]wait handshake
[2019-11-08 08:21:33]wait handshake
[2019-11-08 08:21:33]wait handshake
[2019-11-08 08:21:33]wait handshake
[2019-11-08 08:21:33]wait handshake
[2019-11-08 08:21:33]wait handshake
[2019-11-08 08:21:33]wait handshake
[2019-11-08 08:21:33]wait handshake
[2019-11-08 08:21:34]wait handshake
[2019-11-08 08:21:34]wait handshake
[2019-11-08 08:21:34]wait handshake
[2019-11-08 08:21:34]wait handshake
[2019-11-08 08:21:34]wait handshake
[2019-11-08 08:21:34]wait handshake
[2019-11-08 08:21:34]wait handshake
[2019-11-08 08:21:34]wait handshake
[2019-11-08 08:21:34]wait handshake
[2019-11-08 08:21:34]wait handshake
[2019-11-08 08:21:35]wait handshake
[2019-11-08 08:21:35]wait handshake
[2019-11-08 08:21:35]wait handshake
[2019-11-08 08:21:35]wait handshake
[2019-11-08 08:21:35]wait handshake
[2019-11-08 08:21:35]wait handshake
[2019-11-08 08:21:35]wait handshake
[2019-11-08 08:21:35]go to suspend
[2019-11-08 08:21:35]enter ---PM_SUSPEND-------------------
[2019-11-08 08:21:36]wait handshake
[2019-11-08 08:21:37]wait handshake
[2019-11-08 08:21:38]wait handshake
[2019-11-08 08:21:38]system call:echo mem > /sys/power/state &, expect:NULL
[2019-11-08 08:21:38]wait handshake
[2019-11-08 08:21:39]wait handshake
[2019-11-08 08:21:39]wait handshake
[2019-11-08 08:21:39]wait handshake
[2019-11-08 08:21:39]wait handshake
[2019-11-08 08:21:39]wait handshake
[2019-11-08 08:21:39]wait handshake
[2019-11-08 08:21:39]wait handshake
[2019-11-08 08:21:39]wait handshake
[2019-11-08 08:21:39]wait handshake
[2019-11-08 08:21:40]wait handshake
[2019-11-08 08:21:40]wait handshake
[2019-11-08 08:21:40]wait handshake
[2019-11-08 08:21:40]wait handshake
[2019-11-08 08:21:40]wait handshake
[2019-11-08 08:21:40]wait handshake
[2019-11-08 08:21:40]wait handshake
[2019-11-08 08:21:40]wait handshake
[2019-11-08 08:21:40]wait handshake
[2019-11-08 08:21:41]wait handshake
[2019-11-08 08:21:41]wait handshake
[2019-11-08 08:21:41]wait handshake
[2019-11-08 08:21:41]wait handshake
[2019-11-08 08:21:41]wait handshake
[2019-11-08 08:21:41]wait handshake
[2019-11-08 08:21:41]wait handshake
[2019-11-08 08:21:41]wait handshake
[2019-11-08 08:21:41]wait handshake
[2019-11-08 08:21:41]wait handshake
[2019-11-08 08:21:42]wait handshake
[2019-11-08 08:21:42]wait handshake
[2019-11-08 08:21:42]wait handshake
[2019-11-08 08:21:42]wait handshake
[2019-11-08 08:21:42]wait handshake
[2019-11-08 08:21:42]wait handshake
[2019-11-08 08:21:42]wait handshake
[2019-11-08 08:21:42]wait handshake
[2019-11-08 08:21:42]wait handshake
[2019-11-08 08:21:43]wait handshake
[2019-11-08 08:21:43]wait handshake
[2019-11-08 08:21:43]wait handshake
[2019-11-08 08:21:43]wait handshake
[2019-11-08 08:21:43]wait handshake
[2019-11-08 08:21:43]wait handshake
[2019-11-08 08:21:43]wait handshake
[2019-11-08 08:21:43]wait handshake
[2019-11-08 08:21:43]wait handshake
[2019-11-08 08:21:44]wait handshake
[2019-11-08 08:21:44]wait handshake
[2019-11-08 08:21:44]wait handshake
[2019-11-08 08:21:44]wait handshake
[2019-11-08 08:21:44]wait handshake
[2019-11-08 08:21:44]wait handshake
[2019-11-08 08:21:44]wait handshake
[2019-11-08 08:21:44]wait handshake
[2019-11-08 08:21:44]wait handshake
[2019-11-08 08:21:44]go to suspend
[2019-11-08 08:21:44]enter ---PM_SUSPEND-------------------
[2019-11-08 08:21:45]wait handshake
[2019-11-08 08:21:46]wait handshake
[2019-11-08 08:21:47]wait handshake
[2019-11-08 08:21:47]system call:echo mem > /sys/power/state &, expect:NULL
[2019-11-08 08:21:56]wait handshake
[2019-11-08 08:21:57]wait handshake
[2019-11-08 08:21:57]wait handshake
[2019-11-08 08:21:57]wait handshake
[2019-11-08 08:21:57]wait handshake
[2019-11-08 08:21:57]wait handshake
[2019-11-08 08:21:57]wait handshake
[2019-11-08 08:21:57]wait handshake
[2019-11-08 08:21:57]wait handshake
[2019-11-08 08:21:57]wait handshake
[2019-11-08 08:21:58]wait handshake
[2019-11-08 08:21:58]wait handshake
[2019-11-08 08:21:58]wait handshake
[2019-11-08 08:21:58]wait handshake
[2019-11-08 08:21:58]wait handshake
[2019-11-08 08:21:58]wait handshake
[2019-11-08 08:21:58]wait handshake
[2019-11-08 08:21:58]wait handshake
[2019-11-08 08:21:58]wait handshake
[2019-11-08 08:21:58]wait handshake
[2019-11-08 08:21:59]wait handshake
[2019-11-08 08:21:59]wait handshake
[2019-11-08 08:21:59]wait handshake
[2019-11-08 08:21:59]wait handshake
[2019-11-08 08:21:59]wait handshake
[2019-11-08 08:21:59]wait handshake
[2019-11-08 08:21:59]wait handshake
[2019-11-08 08:21:59]wait handshake
[2019-11-08 08:21:59]wait handshake
[2019-11-08 08:22:00]wait handshake
[2019-11-08 08:22:00]wait handshake
[2019-11-08 08:22:00]wait handshake
[2019-11-08 08:22:00]wait handshake
[2019-11-08 08:22:00]wait handshake
[2019-11-08 08:22:00]wait handshake
[2019-11-08 08:22:00]wait handshake
[2019-11-08 08:22:00]wait handshake
[2019-11-08 08:22:00]wait handshake
[2019-11-08 08:22:01]wait handshake
[2019-11-08 08:22:01]wait handshake
[2019-11-08 08:22:01]wait handshake
[2019-11-08 08:22:01]wait handshake
[2019-11-08 08:22:01]wait handshake
[2019-11-08 08:22:01]wait handshake
[2019-11-08 08:22:01]wait handshake
[2019-11-08 08:22:01]wait handshake
[2019-11-08 08:22:01]wait handshake
[2019-11-08 08:22:02]wait handshake
[2019-11-08 08:22:02]wait handshake
[2019-11-08 08:22:02]wait handshake
[2019-11-08 08:22:02]wait handshake
[2019-11-08 08:22:02]wait handshake
[2019-11-08 08:22:02]wait handshake
[2019-11-08 08:22:02]wait handshake
[2019-11-08 08:22:02]wait handshake
[2019-11-08 08:22:02]wait handshake
[2019-11-08 08:22:02]invalid wakeup event
[2019-11-08 08:22:02]go to suspend
[2019-11-08 08:22:02]enter ---PM_SUSPEND-------------------
[2019-11-08 08:22:03]wait handshake
[2019-11-08 08:22:04]wait handshake
[2019-11-08 08:22:05]wait handshake
[2019-11-08 08:22:05]system call:echo mem > /sys/power/state &, expect:NULL
[2019-11-08 08:22:09]wait handshake
[2019-11-08 08:22:09]wait handshake
[2019-11-08 08:22:09]wait handshake
[2019-11-08 08:22:09]wait handshake
[2019-11-08 08:22:09]wait handshake
[2019-11-08 08:22:10]wait handshake
[2019-11-08 08:22:10]wait handshake
[2019-11-08 08:22:10]wait handshake
[2019-11-08 08:22:10]wait handshake
[2019-11-08 08:22:10]wait handshake
[2019-11-08 08:22:10]wait handshake
[2019-11-08 08:22:10]wait handshake
[2019-11-08 08:22:10]wait handshake
[2019-11-08 08:22:10]wait handshake
[2019-11-08 08:22:11]wait handshake
[2019-11-08 08:22:11]wait handshake
[2019-11-08 08:22:11]wait handshake
[2019-11-08 08:22:11]wait handshake
[2019-11-08 08:22:11]wait handshake
[2019-11-08 08:22:11]wait handshake
[2019-11-08 08:22:11]wait handshake
[2019-11-08 08:22:11]wait handshake
[2019-11-08 08:22:11]wait handshake
[2019-11-08 08:22:11]wait handshake
[2019-11-08 08:22:12]wait handshake
[2019-11-08 08:22:12]wait handshake
[2019-11-08 08:22:12]wait handshake
[2019-11-08 08:22:12]wait handshake
[2019-11-08 08:22:12]wait handshake
[2019-11-08 08:22:12]wait handshake
[2019-11-08 08:22:12]wait handshake
[2019-11-08 08:22:12]wait handshake
[2019-11-08 08:22:12]wait handshake
[2019-11-08 08:22:13]wait handshake
[2019-11-08 08:22:13]wait handshake
[2019-11-08 08:22:13]wait handshake
[2019-11-08 08:22:13]wait handshake
[2019-11-08 08:22:13]wait handshake
[2019-11-08 08:22:13]wait handshake
[2019-11-08 08:22:13]wait handshake
[2019-11-08 08:22:13]wait handshake
[2019-11-08 08:22:13]wait handshake
[2019-11-08 08:22:14]wait handshake
[2019-11-08 08:22:14]wait handshake
[2019-11-08 08:22:14]wait handshake
[2019-11-08 08:22:14]wait handshake
[2019-11-08 08:22:14]wait handshake
[2019-11-08 08:22:14]wait handshake
[2019-11-08 08:22:14]wait handshake
[2019-11-08 08:22:14]wait handshake
[2019-11-08 08:22:14]wait handshake
[2019-11-08 08:22:14]wait handshake
[2019-11-08 08:22:15]wait handshake
[2019-11-08 08:22:15]wait handshake
[2019-11-08 08:22:15]wait handshake
[2019-11-08 08:22:15]wait handshake
[2019-11-08 08:22:15]go to suspend
[2019-11-08 08:22:15]enter ---PM_SUSPEND-------------------
[2019-11-08 08:22:15]wait handshake
[2019-11-08 08:22:16]wait handshake
[2019-11-08 08:22:17]wait handshake
[2019-11-08 08:22:18]system call:echo mem > /sys/power/state &, expect:NULL
[2019-11-08 08:22:22]wait handshake
[2019-11-08 08:22:22]wait handshake
[2019-11-08 08:22:23]mcu wakeup mpu: 1
[2019-11-08 08:22:23]wakeup_timeout = 5 ,wkup mcu
[2019-11-08 08:22:23]go to wakeup
[2019-11-08 08:22:24]opwrmode:4 npwrmode:1
