[1980-01-06 08:00:44]power-service:Sep 18 2019 09:56:37
[1980-01-06 08:00:44]----------------ini_info_t start ------------------
[1980-01-06 08:00:44]name:modem-service 1 1
[1980-01-06 08:00:44]name:gnss-service 1 1
[1980-01-06 08:00:44]----------------ini_info_t end  ------------------
[1980-01-06 08:00:44]power:Sep 18 2019 10:04:16
[1980-01-06 08:00:44]/sys/class/tbox/mpu_update/value check 0
[1980-01-06 08:00:44]/sys/class/tbox/mcu_notify_mpu1/value check 0
[1980-01-06 08:00:44]/sys/class/tbox/mcu_notify_mpu2/value check 0
[1980-01-06 08:00:44]/sys/class/tbox/mpu_wake_mcu/value check 0
[1980-01-06 08:00:44]/sys/class/tbox/mcu_wake_mpu/value check 0
[1980-01-06 08:00:44]/sys/class/tbox/bt_dev_wake/value check 0
[1980-01-06 08:00:44]/sys/devices/78d9000.usb/power_supply/usb/present check 0
[1980-01-06 08:00:44]/sys/class/tbox/mcu_wake_mpu/irq_ref check 0
[1980-01-06 08:00:44]/sys/class/tbox/bt_host_wake/irq_ref check 0
[1980-01-06 08:00:44]init hardware sucess
[1980-01-06 08:00:45]ipc power sucess, ret:1
[1980-01-06 08:00:45]ipc process sucess
[1980-01-06 08:00:45]ipc mcuservicedata sucess
[1980-01-06 08:00:45]mcu wakeup mpu,source:3FFC0
[1980-01-06 08:00:45]ERR:fopen /data/log/power.log failed
[1980-01-06 08:00:45]ERR:fopen /data/log/power.log.tmp failed
[1980-01-06 08:00:45]boot:reboot normal 0
[1980-01-06 08:00:45]ERR:fopen /data/log/power.log failed
[1980-01-06 08:00:45]ERR:fopen /data/log/power.log.tmp failed
[1980-01-06 08:00:45]wait handshake
[1980-01-06 08:00:46]wait handshake
[1980-01-06 08:00:48]wait handshake
[1980-01-06 08:00:49]wait handshake
[1980-01-06 08:00:51]wait handshake
[1980-01-06 08:00:51]wait handshake
[1980-01-06 08:00:52]wait handshake
[1980-01-06 08:00:52]wait handshake
[1980-01-06 08:00:53]wait handshake
[1980-01-06 08:00:53]wait handshake
[1980-01-06 08:00:54]wait handshake
[1980-01-06 08:00:54]wait handshake
[1980-01-06 08:00:55]wait handshake
[1980-01-06 08:00:55]sendPwrWakeupEvent->id:modem-service-boot,wake:0x00000001,wkuptime:90,desc:wait data,ret:1
[1980-01-06 08:00:55]wait handshake
[1980-01-06 08:00:56]wait handshake
[1980-01-06 08:00:56]wait handshake
[1980-01-06 08:00:57]wait handshake
[1980-01-06 08:00:57]sendPwrWakeupEvent->id:modem-service-boot,wake:0x00000001,wkuptime:20,desc:end data,ret:1
[1980-01-06 08:00:58]wait handshake
[1980-01-06 08:00:58]wait handshake
[1980-01-06 08:00:59]wait handshake
[1980-01-06 08:00:59]wait handshake
[1980-01-06 08:01:00]wait handshake
[1980-01-06 08:01:00]wait handshake
[1980-01-06 08:01:01]wait handshake
[1980-01-06 08:01:01]wait handshake
[1980-01-06 08:01:02]wait handshake
[1980-01-06 08:01:02]wait handshake
[1980-01-06 08:01:03]wait handshake
[1980-01-06 08:01:04]wait handshake
[1980-01-06 08:01:04]wait handshake
[1980-01-06 08:01:05]wait handshake
[1980-01-06 08:01:05]wait handshake
[1980-01-06 08:01:06]wait handshake
[1980-01-06 08:01:06]wait handshake
[1980-01-06 08:01:07]wait handshake
[1980-01-06 08:01:07]wait handshake
[1980-01-06 08:01:08]wait handshake
[1980-01-06 08:01:08]wait handshake
[1980-01-06 08:01:09]wait handshake
[1980-01-06 08:01:10]wait handshake
[1980-01-06 08:01:10]wait handshake
[1980-01-06 08:01:11]wait handshake
[1980-01-06 08:01:11]wait handshake
[2019-10-30 09:09:52]wait handshake
[2019-10-30 09:09:53]wait handshake
[2019-10-30 09:09:53]wait handshake
[2019-10-30 09:09:54]wait handshake
[2019-10-30 09:09:54]wait handshake
[2019-10-30 09:09:55]wait handshake
[2019-10-30 09:09:55]wait handshake
[2019-10-30 09:09:56]wait handshake
[2019-10-30 09:09:56]wait handshake
[2019-10-30 09:09:57]wait handshake
[2019-10-30 09:09:57]wait handshake
[2019-10-30 09:09:58]wait handshake
[2019-10-30 09:09:59]wait handshake
[2019-10-30 09:09:59]wait handshake
[2019-10-30 09:10:00]wait handshake
[2019-10-30 09:10:00]wait handshake
[2019-10-30 09:10:01]wait handshake
[2019-10-30 09:10:01]wait handshake
[2019-10-30 09:10:02]wait handshake
[2019-10-30 09:10:02]wait handshake
[2019-10-30 09:10:03]wait handshake
[2019-10-30 09:10:03]wait handshake
[2019-10-30 09:10:04]wait handshake
[2019-10-30 09:10:05]wait handshake
[2019-10-30 09:10:05]wait handshake
[2019-10-30 09:10:06]wait handshake
[2019-10-30 09:10:06]wait handshake
[2019-10-30 09:10:07]wait handshake
[2019-10-30 09:10:07]wait handshake
[2019-10-30 09:10:08]wait handshake
[2019-10-30 09:10:08]wait handshake
[2019-10-30 09:10:09]wait handshake
[2019-10-30 09:10:09]wait handshake
[2019-10-30 09:10:10]wait handshake
[2019-10-30 09:10:10]wait handshake
[2019-10-30 09:10:11]wait handshake
[2019-10-30 09:10:12]wait handshake
[2019-10-30 09:10:12]wait handshake
[2019-10-30 09:10:13]wait handshake
[2019-10-30 09:10:13]wait handshake
[2019-10-30 09:10:14]wait handshake
[2019-10-30 09:10:14]wait handshake
[2019-10-30 09:10:15]wait handshake
[2019-10-30 09:10:15]wait handshake
[2019-10-30 09:10:16]wait handshake
[2019-10-30 09:10:16]wait handshake
[2019-10-30 09:10:17]wait handshake
[2019-10-30 09:10:18]wait handshake
[2019-10-30 09:10:18]wait handshake
[2019-10-30 09:10:19]wait handshake
[2019-10-30 09:10:19]wait handshake
[2019-10-30 09:10:20]wait handshake
[2019-10-30 09:10:20]wait handshake
[2019-10-30 09:10:21]wait handshake
[2019-10-30 09:10:21]wait handshake
[2019-10-30 09:10:22]wait handshake
[2019-10-30 09:10:22]wait handshake
[2019-10-30 09:10:23]wait handshake
[2019-10-30 09:10:24]wait handshake
[2019-10-30 09:10:24]wait handshake
[2019-10-30 09:10:25]wait handshake
[2019-10-30 09:10:25]wait handshake
[2019-10-30 09:10:26]wait handshake
[2019-10-30 09:10:26]wait handshake
[2019-10-30 09:10:27]wait handshake
[2019-10-30 09:10:27]wait handshake
[2019-10-30 09:10:28]wait handshake
[2019-10-30 09:10:28]wait handshake
[2019-10-30 09:10:29]wait handshake
[2019-10-30 09:10:30]wait handshake
[2019-10-30 09:10:30]wait handshake
[2019-10-30 09:10:31]wait handshake
[2019-10-30 09:10:31]wait handshake
[2019-10-30 09:10:32]wait handshake
[2019-10-30 09:10:32]wait handshake
[2019-10-30 09:10:33]wait handshake
[2019-10-30 09:10:33]wait handshake
[2019-10-30 09:10:34]wait handshake
[2019-10-30 09:10:34]wait handshake
[2019-10-30 09:10:35]wait handshake
[2019-10-30 09:10:35]wait handshake
[2019-10-30 09:10:36]wait handshake
[2019-10-30 09:10:37]wait handshake
[2019-10-30 09:10:37]wait handshake
[2019-10-30 09:10:38]wait handshake
[2019-10-30 09:10:38]wait handshake
[2019-10-30 09:10:39]wait handshake
[2019-10-30 09:10:39]wait handshake
[2019-10-30 09:10:40]wait handshake
[2019-10-30 09:10:40]wait handshake
[2019-10-30 09:10:41]wait handshake
[2019-10-30 09:10:42]wait handshake
[2019-10-30 09:10:43]wait handshake
[2019-10-30 09:10:43]wait handshake
[2019-10-30 09:10:44]wait handshake
[2019-10-30 09:10:44]wait handshake
[2019-10-30 09:10:45]wait handshake
[2019-10-30 09:10:45]wait handshake
[2019-10-30 09:10:46]wait handshake
[2019-10-30 09:10:46]wait handshake
[2019-10-30 09:10:47]wait handshake
[2019-10-30 09:10:47]wait handshake
[2019-10-30 09:10:48]wait handshake
[2019-10-30 09:10:49]wait handshake
[2019-10-30 09:10:49]wait handshake
[2019-10-30 09:10:50]wait handshake
[2019-10-30 09:10:50]wait handshake
[2019-10-30 09:10:51]wait handshake
[2019-10-30 09:10:51]wait handshake
[2019-10-30 09:10:52]wait handshake
[2019-10-30 09:10:52]wait handshake
[2019-10-30 09:10:53]wait handshake
[2019-10-30 09:10:53]wait handshake
[2019-10-30 09:10:54]wait handshake
[2019-10-30 09:10:55]wait handshake
[2019-10-30 09:10:55]wait handshake
[2019-10-30 09:10:56]wait handshake
[2019-10-30 09:10:56]wait handshake
[2019-10-30 09:10:57]wait handshake
[2019-10-30 09:10:57]wait handshake
[2019-10-30 09:10:58]wait handshake
[2019-10-30 09:10:58]wait handshake
[2019-10-30 09:10:59]wait handshake
[2019-10-30 09:10:59]wait handshake
[2019-10-30 09:11:00]wait handshake
[2019-10-30 09:11:00]wait handshake
[2019-10-30 09:11:01]wait handshake
[2019-10-30 09:11:02]wait handshake
[2019-10-30 09:11:02]wait handshake
[2019-10-30 09:11:03]wait handshake
[2019-10-30 09:11:03]wait handshake
[2019-10-30 09:11:04]wait handshake
[2019-10-30 09:11:04]wait handshake
[2019-10-30 09:11:05]wait handshake
[2019-10-30 09:11:05]wait handshake
[2019-10-30 09:11:06]wait handshake
[2019-10-30 09:11:06]wait handshake
[2019-10-30 09:11:07]wait handshake
[2019-10-30 09:11:08]wait handshake
[2019-10-30 09:11:08]wait handshake
[2019-10-30 09:11:09]wait handshake
[2019-10-30 09:11:09]wait handshake
[2019-10-30 09:11:10]wait handshake
[2019-10-30 09:11:10]wait handshake
[2019-10-30 09:11:11]wait handshake
[2019-10-30 09:11:11]wait handshake
[2019-10-30 09:11:12]wait handshake
[2019-10-30 09:11:12]wait handshake
[2019-10-30 09:11:13]wait handshake
[2019-10-30 09:11:14]wait handshake
[2019-10-30 09:11:14]wait handshake
[2019-10-30 09:11:15]wait handshake
[2019-10-30 09:11:15]wait handshake
[2019-10-30 09:11:16]wait handshake
[2019-10-30 09:11:16]wait handshake
[2019-10-30 09:11:17]wait handshake
[2019-10-30 09:11:17]wait handshake
[2019-10-30 09:11:18]wait handshake
[2019-10-30 09:11:18]wait handshake
[2019-10-30 09:11:19]wait handshake
[2019-10-30 09:11:20]wait handshake
[2019-10-30 09:11:20]wait handshake
[2019-10-30 09:11:21]wait handshake
[2019-10-30 09:11:21]wait handshake
[2019-10-30 09:11:22]wait handshake
[2019-10-30 09:11:22]wait handshake
[2019-10-30 09:11:23]wait handshake
[2019-10-30 09:11:23]wait handshake
[2019-10-30 09:11:24]wait handshake
[2019-10-30 09:11:24]wait handshake
[2019-10-30 09:11:25]wait handshake
[2019-10-30 09:11:26]wait handshake
[2019-10-30 09:11:26]wait handshake
[2019-10-30 09:11:27]wait handshake
[2019-10-30 09:11:27]wait handshake
[2019-10-30 09:11:28]wait handshake
[2019-10-30 09:11:28]wait handshake
[2019-10-30 09:11:29]wait handshake
[2019-10-30 09:11:29]wait handshake
[2019-10-30 09:11:30]wait handshake
[2019-10-30 09:11:30]wait handshake
[2019-10-30 09:11:31]wait handshake
[2019-10-30 09:11:31]wait handshake
[2019-10-30 09:11:32]wait handshake
[2019-10-30 09:11:33]wait handshake
[2019-10-30 09:11:33]wait handshake
[2019-10-30 09:11:34]wait handshake
[2019-10-30 09:11:34]wait handshake
[2019-10-30 09:11:35]wait handshake
[2019-10-30 09:11:35]wait handshake
[2019-10-30 09:11:36]wait handshake
[2019-10-30 09:11:36]wait handshake
[2019-10-30 09:11:37]wait handshake
[2019-10-30 09:11:37]wait handshake
[2019-10-30 09:11:38]wait handshake
[2019-10-30 09:11:39]wait handshake
[2019-10-30 09:11:39]wait handshake
[2019-10-30 09:11:40]wait handshake
[2019-10-30 09:11:40]wait handshake
[2019-10-30 09:11:41]wait handshake
[2019-10-30 09:11:41]wait handshake
[2019-10-30 09:11:42]wait handshake
[2019-10-30 09:11:42]wait handshake
[2019-10-30 09:11:43]wait handshake
[2019-10-30 09:11:43]wait handshake
[2019-10-30 09:11:44]wait handshake
[2019-10-30 09:11:45]wait handshake
[2019-10-30 09:11:45]wait handshake
[2019-10-30 09:11:46]wait handshake
[2019-10-30 09:11:46]wait handshake
[2019-10-30 09:11:47]wait handshake
[2019-10-30 09:11:47]wait handshake
[2019-10-30 09:11:48]wait handshake
[2019-10-30 09:11:48]wait handshake
[2019-10-30 09:11:49]wait handshake
[2019-10-30 09:11:49]wait handshake
[2019-10-30 09:11:50]wait handshake
[2019-10-30 09:11:51]wait handshake
[2019-10-30 09:11:51]wait handshake
[2019-10-30 09:11:52]wait handshake
[2019-10-30 09:11:52]wait handshake
[2019-10-30 09:11:53]wait handshake
[2019-10-30 09:11:53]wait handshake
[2019-10-30 09:11:54]wait handshake
[2019-10-30 09:11:54]wait handshake
[2019-10-30 09:11:55]wait handshake
[2019-10-30 09:11:55]wait handshake
[2019-10-30 09:11:56]wait handshake
