[1980-01-06 08:00:12]power-service:Oct 31 2019 14:30:56
[1980-01-06 08:00:12]----------------ini_info_t start ------------------
[1980-01-06 08:00:12]name:modem-service 1 1
[1980-01-06 08:00:12]name:gnss-service 1 1
[1980-01-06 08:00:12]----------------ini_info_t end  ------------------
[1980-01-06 08:00:12]power:Oct 31 2019 14:25:00
[1980-01-06 08:00:12]/sys/class/tbox/mpu_update/value check 0
[1980-01-06 08:00:12]/sys/class/tbox/mcu_notify_mpu1/value check 0
[1980-01-06 08:00:12]/sys/class/tbox/mcu_notify_mpu2/value check 0
[1980-01-06 08:00:12]/sys/class/tbox/mpu_wake_mcu/value check 0
[1980-01-06 08:00:12]/sys/class/tbox/mcu_wake_mpu/value check 0
[1980-01-06 08:00:12]/sys/class/tbox/bt_dev_wake/value check 0
[1980-01-06 08:00:12]/sys/devices/78d9000.usb/power_supply/usb/present check 0
[1980-01-06 08:00:12]/sys/class/tbox/mcu_wake_mpu/irq_ref check 0
[1980-01-06 08:00:12]/sys/class/tbox/bt_host_wake/irq_ref check 0
[1980-01-06 08:00:12]init hardware sucess
[1980-01-06 08:00:12]ipc power sucess
[1980-01-06 08:00:13]ipc process sucess
[1980-01-06 08:00:13]ipc mcuservicedata sucess
[1980-01-06 08:00:13]mcu wakeup mpu,source:3FFC0
[1980-01-06 08:00:13]boot:reboot normal 0
[1980-01-06 08:00:13]wait handshake
[1980-01-06 08:00:14]opwrmode:0 npwrmode:1
[1980-01-06 08:00:20]keep power off
[1980-01-06 08:00:22]sendPwrWakeupEvent->id:modem-service-boot,wake:0x00000001,wkuptime:90,desc:wait data,ret:1
[1980-01-06 08:00:24]sendPwrWakeupEvent->id:modem-service-boot,wake:0x00000001,wkuptime:20,desc:end data,ret:1
[2019-11-07 14:34:52]opwrmode:1 npwrmode:2
[2019-11-07 14:34:55]opwrmode:2 npwrmode:3
[2019-11-07 14:35:01]opwrmode:3 npwrmode:4
[2019-11-07 14:35:01]go to suspend
[2019-11-07 14:35:01]enter ---PM_SUSPEND-------------------
[2019-11-07 14:35:04]wait handshake
[2019-11-07 14:35:04]system call:echo mem > /sys/power/state &, expect:NULL
[2019-11-07 14:35:12]wait handshake
[2019-11-07 14:35:12]wait handshake
[2019-11-07 14:35:12]wait handshake
[2019-11-07 14:35:12]wait handshake
[2019-11-07 14:35:12]wait handshake
[2019-11-07 14:35:12]wait handshake
[2019-11-07 14:35:13]wait handshake
[2019-11-07 14:35:13]wait handshake
[2019-11-07 14:35:13]wait handshake
[2019-11-07 14:35:13]wait handshake
[2019-11-07 14:35:13]wait handshake
[2019-11-07 14:35:13]wait handshake
[2019-11-07 14:35:13]wait handshake
[2019-11-07 14:35:13]wait handshake
[2019-11-07 14:35:13]wait handshake
[2019-11-07 14:35:14]wait handshake
[2019-11-07 14:35:14]wait handshake
[2019-11-07 14:35:14]wait handshake
[2019-11-07 14:35:14]wait handshake
[2019-11-07 14:35:14]wait handshake
[2019-11-07 14:35:14]wait handshake
[2019-11-07 14:35:14]wait handshake
[2019-11-07 14:35:14]wait handshake
[2019-11-07 14:35:14]wait handshake
[2019-11-07 14:35:15]wait handshake
[2019-11-07 14:35:15]wait handshake
[2019-11-07 14:35:15]wait handshake
[2019-11-07 14:35:15]wait handshake
[2019-11-07 14:35:15]wait handshake
[2019-11-07 14:35:15]wait handshake
[2019-11-07 14:35:15]wait handshake
[2019-11-07 14:35:15]wait handshake
[2019-11-07 14:35:15]wait handshake
[2019-11-07 14:35:16]wait handshake
[2019-11-07 14:35:16]wait handshake
[2019-11-07 14:35:16]wait handshake
[2019-11-07 14:35:16]wait handshake
[2019-11-07 14:35:16]wait handshake
[2019-11-07 14:35:16]wait handshake
[2019-11-07 14:35:16]wait handshake
[2019-11-07 14:35:16]wait handshake
[2019-11-07 14:35:16]wait handshake
[2019-11-07 14:35:16]wait handshake
[2019-11-07 14:35:17]wait handshake
[2019-11-07 14:35:17]wait handshake
[2019-11-07 14:35:17]wait handshake
[2019-11-07 14:35:17]wait handshake
[2019-11-07 14:35:17]wait handshake
[2019-11-07 14:35:17]wait handshake
[2019-11-07 14:35:17]wait handshake
[2019-11-07 14:35:17]wait handshake
[2019-11-07 14:35:17]wait handshake
[2019-11-07 14:35:18]wait handshake
[2019-11-07 14:35:18]wait handshake
[2019-11-07 14:35:18]wait handshake
[2019-11-07 14:35:18]wait handshake
[2019-11-07 14:35:18]go to suspend
[2019-11-07 14:35:18]enter ---PM_SUSPEND-------------------
[2019-11-07 14:35:19]wait handshake
[2019-11-07 14:35:20]wait handshake
[2019-11-07 14:35:21]wait handshake
[2019-11-07 14:35:21]system call:echo mem > /sys/power/state &, expect:NULL
[2019-11-07 14:36:09]wait handshake
[2019-11-07 14:36:09]wait handshake
[2019-11-07 14:36:09]wait handshake
[2019-11-07 14:36:09]wait handshake
[2019-11-07 14:36:09]wait handshake
[2019-11-07 14:36:09]wait handshake
[2019-11-07 14:36:10]wait handshake
[2019-11-07 14:36:10]wait handshake
[2019-11-07 14:36:10]wait handshake
[2019-11-07 14:36:10]wait handshake
[2019-11-07 14:36:10]wait handshake
[2019-11-07 14:36:10]wait handshake
[2019-11-07 14:36:10]wait handshake
[2019-11-07 14:36:10]wait handshake
[2019-11-07 14:36:10]wait handshake
[2019-11-07 14:36:11]wait handshake
[2019-11-07 14:36:11]wait handshake
[2019-11-07 14:36:11]wait handshake
[2019-11-07 14:36:11]wait handshake
[2019-11-07 14:36:11]wait handshake
[2019-11-07 14:36:11]wait handshake
[2019-11-07 14:36:11]wait handshake
[2019-11-07 14:36:11]wait handshake
[2019-11-07 14:36:11]wait handshake
[2019-11-07 14:36:12]wait handshake
[2019-11-07 14:36:12]wait handshake
[2019-11-07 14:36:12]wait handshake
[2019-11-07 14:36:12]wait handshake
[2019-11-07 14:36:12]wait handshake
[2019-11-07 14:36:12]wait handshake
[2019-11-07 14:36:12]wait handshake
[2019-11-07 14:36:12]wait handshake
[2019-11-07 14:36:12]wait handshake
[2019-11-07 14:36:12]wait handshake
[2019-11-07 14:36:13]wait handshake
[2019-11-07 14:36:13]wait handshake
[2019-11-07 14:36:13]wait handshake
[2019-11-07 14:36:13]wait handshake
[2019-11-07 14:36:13]wait handshake
[2019-11-07 14:36:13]wait handshake
[2019-11-07 14:36:13]wait handshake
[2019-11-07 14:36:13]wait handshake
[2019-11-07 14:36:13]wait handshake
[2019-11-07 14:36:14]wait handshake
[2019-11-07 14:36:14]wait handshake
[2019-11-07 14:36:14]wait handshake
[2019-11-07 14:36:14]wait handshake
[2019-11-07 14:36:14]wait handshake
[2019-11-07 14:36:14]wait handshake
[2019-11-07 14:36:14]wait handshake
[2019-11-07 14:36:14]wait handshake
[2019-11-07 14:36:14]wait handshake
[2019-11-07 14:36:15]wait handshake
[2019-11-07 14:36:15]wait handshake
[2019-11-07 14:36:15]wait handshake
[2019-11-07 14:36:15]wait handshake
[2019-11-07 14:36:15]go to suspend
[2019-11-07 14:36:15]enter ---PM_SUSPEND-------------------
[2019-11-07 14:36:16]wait handshake
[2019-11-07 14:36:17]wait handshake
[2019-11-07 14:36:18]wait handshake
[2019-11-07 14:36:18]system call:echo mem > /sys/power/state &, expect:NULL
[2019-11-07 14:36:50]wait handshake
[2019-11-07 14:36:50]wait handshake
[2019-11-07 14:36:50]wait handshake
[2019-11-07 14:36:50]wait handshake
[2019-11-07 14:36:50]wait handshake
[2019-11-07 14:36:50]wait handshake
[2019-11-07 14:36:50]wait handshake
[2019-11-07 14:36:51]wait handshake
[2019-11-07 14:36:51]wait handshake
[2019-11-07 14:36:51]wait handshake
[2019-11-07 14:36:51]wait handshake
[2019-11-07 14:36:51]wait handshake
[2019-11-07 14:36:51]wait handshake
[2019-11-07 14:36:51]wait handshake
[2019-11-07 14:36:51]wait handshake
[2019-11-07 14:36:51]wait handshake
[2019-11-07 14:36:52]wait handshake
[2019-11-07 14:36:52]wait handshake
[2019-11-07 14:36:52]wait handshake
[2019-11-07 14:36:52]wait handshake
[2019-11-07 14:36:52]wait handshake
[2019-11-07 14:36:52]wait handshake
[2019-11-07 14:36:52]wait handshake
[2019-11-07 14:36:52]wait handshake
[2019-11-07 14:36:52]wait handshake
[2019-11-07 14:36:52]wait handshake
[2019-11-07 14:36:53]wait handshake
[2019-11-07 14:36:53]wait handshake
[2019-11-07 14:36:53]wait handshake
[2019-11-07 14:36:53]wait handshake
[2019-11-07 14:36:53]wait handshake
[2019-11-07 14:36:53]wait handshake
[2019-11-07 14:36:53]wait handshake
[2019-11-07 14:36:53]wait handshake
[2019-11-07 14:36:53]wait handshake
[2019-11-07 14:36:54]wait handshake
[2019-11-07 14:36:54]wait handshake
[2019-11-07 14:36:54]wait handshake
[2019-11-07 14:36:54]wait handshake
[2019-11-07 14:36:54]wait handshake
[2019-11-07 14:36:54]wait handshake
[2019-11-07 14:36:54]wait handshake
[2019-11-07 14:36:54]wait handshake
[2019-11-07 14:36:54]wait handshake
[2019-11-07 14:36:55]wait handshake
[2019-11-07 14:36:55]wait handshake
[2019-11-07 14:36:55]wait handshake
[2019-11-07 14:36:55]wait handshake
[2019-11-07 14:36:55]wait handshake
[2019-11-07 14:36:55]wait handshake
[2019-11-07 14:36:55]wait handshake
[2019-11-07 14:36:55]wait handshake
[2019-11-07 14:36:55]wait handshake
[2019-11-07 14:36:55]wait handshake
[2019-11-07 14:36:56]wait handshake
[2019-11-07 14:36:56]wait handshake
[2019-11-07 14:36:56]go to suspend
[2019-11-07 14:36:56]enter ---PM_SUSPEND-------------------
[2019-11-07 14:36:56]wait handshake
[2019-11-07 14:36:57]wait handshake
[2019-11-07 14:36:58]wait handshake
[2019-11-07 14:36:59]system call:echo mem > /sys/power/state &, expect:NULL
[2019-11-07 14:37:04]wait handshake
[2019-11-07 14:37:04]wait handshake
[2019-11-07 14:37:04]wait handshake
[2019-11-07 14:37:05]wait handshake
[2019-11-07 14:37:05]wait handshake
[2019-11-07 14:37:05]wait handshake
[2019-11-07 14:37:05]wait handshake
[2019-11-07 14:37:05]wait handshake
[2019-11-07 14:37:05]wait handshake
[2019-11-07 14:37:05]wait handshake
[2019-11-07 14:37:05]wait handshake
[2019-11-07 14:37:05]wait handshake
[2019-11-07 14:37:06]wait handshake
[2019-11-07 14:37:06]wait handshake
[2019-11-07 14:37:06]wait handshake
[2019-11-07 14:37:06]wait handshake
[2019-11-07 14:37:06]wait handshake
[2019-11-07 14:37:06]wait handshake
[2019-11-07 14:37:06]wait handshake
[2019-11-07 14:37:06]wait handshake
[2019-11-07 14:37:06]wait handshake
[2019-11-07 14:37:07]wait handshake
[2019-11-07 14:37:07]wait handshake
[2019-11-07 14:37:07]wait handshake
[2019-11-07 14:37:07]wait handshake
[2019-11-07 14:37:07]wait handshake
[2019-11-07 14:37:07]wait handshake
[2019-11-07 14:37:07]wait handshake
[2019-11-07 14:37:07]wait handshake
[2019-11-07 14:37:07]wait handshake
[2019-11-07 14:37:07]wait handshake
[2019-11-07 14:37:08]wait handshake
[2019-11-07 14:37:08]wait handshake
[2019-11-07 14:37:08]wait handshake
[2019-11-07 14:37:08]wait handshake
[2019-11-07 14:37:08]wait handshake
[2019-11-07 14:37:08]wait handshake
[2019-11-07 14:37:08]wait handshake
[2019-11-07 14:37:08]wait handshake
[2019-11-07 14:37:08]wait handshake
[2019-11-07 14:37:09]wait handshake
[2019-11-07 14:37:09]wait handshake
[2019-11-07 14:37:09]wait handshake
[2019-11-07 14:37:09]wait handshake
[2019-11-07 14:37:09]wait handshake
[2019-11-07 14:37:09]wait handshake
[2019-11-07 14:37:09]wait handshake
[2019-11-07 14:37:09]wait handshake
[2019-11-07 14:37:09]wait handshake
[2019-11-07 14:37:10]wait handshake
[2019-11-07 14:37:10]wait handshake
[2019-11-07 14:37:10]wait handshake
[2019-11-07 14:37:10]wait handshake
[2019-11-07 14:37:10]wait handshake
[2019-11-07 14:37:10]wait handshake
[2019-11-07 14:37:10]wait handshake
[2019-11-07 14:37:10]go to suspend
[2019-11-07 14:37:10]enter ---PM_SUSPEND-------------------
[2019-11-07 14:37:11]wait handshake
[2019-11-07 14:37:12]wait handshake
[2019-11-07 14:37:13]wait handshake
[2019-11-07 14:37:13]system call:echo mem > /sys/power/state &, expect:NULL
[2019-11-07 14:38:23]wait handshake
[2019-11-07 14:38:23]wait handshake
[2019-11-07 14:38:24]wait handshake
[2019-11-07 14:38:24]wait handshake
[2019-11-07 14:38:24]wait handshake
[2019-11-07 14:38:24]wait handshake
[2019-11-07 14:38:24]wait handshake
[2019-11-07 14:38:24]wait handshake
[2019-11-07 14:38:24]wait handshake
[2019-11-07 14:38:24]wait handshake
[2019-11-07 14:38:24]wait handshake
[2019-11-07 14:38:25]wait handshake
[2019-11-07 14:38:25]wait handshake
[2019-11-07 14:38:25]wait handshake
[2019-11-07 14:38:25]wait handshake
[2019-11-07 14:38:25]wait handshake
[2019-11-07 14:38:25]wait handshake
[2019-11-07 14:38:25]wait handshake
[2019-11-07 14:38:25]wait handshake
[2019-11-07 14:38:25]wait handshake
[2019-11-07 14:38:25]wait handshake
[2019-11-07 14:38:26]wait handshake
[2019-11-07 14:38:26]wait handshake
[2019-11-07 14:38:26]wait handshake
[2019-11-07 14:38:26]wait handshake
[2019-11-07 14:38:26]wait handshake
[2019-11-07 14:38:26]wait handshake
[2019-11-07 14:38:26]wait handshake
[2019-11-07 14:38:26]wait handshake
[2019-11-07 14:38:26]wait handshake
[2019-11-07 14:38:27]wait handshake
[2019-11-07 14:38:27]wait handshake
[2019-11-07 14:38:27]wait handshake
[2019-11-07 14:38:27]wait handshake
[2019-11-07 14:38:27]wait handshake
[2019-11-07 14:38:27]wait handshake
[2019-11-07 14:38:27]wait handshake
[2019-11-07 14:38:27]wait handshake
[2019-11-07 14:38:27]wait handshake
[2019-11-07 14:38:28]wait handshake
[2019-11-07 14:38:28]wait handshake
[2019-11-07 14:38:28]wait handshake
[2019-11-07 14:38:28]wait handshake
[2019-11-07 14:38:28]wait handshake
[2019-11-07 14:38:28]wait handshake
[2019-11-07 14:38:28]wait handshake
[2019-11-07 14:38:28]wait handshake
[2019-11-07 14:38:28]wait handshake
[2019-11-07 14:38:28]wait handshake
[2019-11-07 14:38:29]wait handshake
[2019-11-07 14:38:29]wait handshake
[2019-11-07 14:38:29]wait handshake
[2019-11-07 14:38:29]wait handshake
[2019-11-07 14:38:29]wait handshake
[2019-11-07 14:38:29]wait handshake
[2019-11-07 14:38:29]wait handshake
[2019-11-07 14:38:29]go to suspend
[2019-11-07 14:38:29]enter ---PM_SUSPEND-------------------
[2019-11-07 14:38:30]wait handshake
[2019-11-07 14:38:31]wait handshake
[2019-11-07 14:38:32]wait handshake
[2019-11-07 14:38:32]system call:echo mem > /sys/power/state &, expect:NULL
[2019-11-07 14:38:38]wait handshake
[2019-11-07 14:38:38]wait handshake
[2019-11-07 14:38:38]wait handshake
[2019-11-07 14:38:39]wait handshake
[2019-11-07 14:38:39]wait handshake
[2019-11-07 14:38:39]wait handshake
[2019-11-07 14:38:39]wait handshake
[2019-11-07 14:38:39]wait handshake
[2019-11-07 14:38:39]wait handshake
[2019-11-07 14:38:39]wait handshake
[2019-11-07 14:38:39]wait handshake
[2019-11-07 14:38:39]wait handshake
[2019-11-07 14:38:40]wait handshake
[2019-11-07 14:38:40]wait handshake
[2019-11-07 14:38:40]wait handshake
[2019-11-07 14:38:40]wait handshake
[2019-11-07 14:38:40]wait handshake
[2019-11-07 14:38:40]wait handshake
[2019-11-07 14:38:40]wait handshake
[2019-11-07 14:38:40]wait handshake
[2019-11-07 14:38:40]wait handshake
[2019-11-07 14:38:40]wait handshake
[2019-11-07 14:38:41]wait handshake
[2019-11-07 14:38:41]wait handshake
[2019-11-07 14:38:41]wait handshake
[2019-11-07 14:38:41]wait handshake
[2019-11-07 14:38:41]wait handshake
[2019-11-07 14:38:41]wait handshake
[2019-11-07 14:38:41]wait handshake
[2019-11-07 14:38:41]wait handshake
[2019-11-07 14:38:41]wait handshake
[2019-11-07 14:38:42]wait handshake
[2019-11-07 14:38:42]wait handshake
[2019-11-07 14:38:42]wait handshake
[2019-11-07 14:38:42]wait handshake
[2019-11-07 14:38:42]wait handshake
[2019-11-07 14:38:42]wait handshake
[2019-11-07 14:38:42]wait handshake
[2019-11-07 14:38:42]wait handshake
[2019-11-07 14:38:42]wait handshake
[2019-11-07 14:38:43]wait handshake
[2019-11-07 14:38:43]wait handshake
[2019-11-07 14:38:43]wait handshake
[2019-11-07 14:38:43]wait handshake
[2019-11-07 14:38:43]wait handshake
[2019-11-07 14:38:43]wait handshake
[2019-11-07 14:38:43]wait handshake
[2019-11-07 14:38:43]wait handshake
[2019-11-07 14:38:43]wait handshake
[2019-11-07 14:38:43]wait handshake
[2019-11-07 14:38:44]wait handshake
[2019-11-07 14:38:44]wait handshake
[2019-11-07 14:38:44]wait handshake
[2019-11-07 14:38:44]wait handshake
[2019-11-07 14:38:44]wait handshake
[2019-11-07 14:38:44]wait handshake
[2019-11-07 14:38:44]invalid wakeup event
[2019-11-07 14:38:44]go to suspend
[2019-11-07 14:38:44]enter ---PM_SUSPEND-------------------
[2019-11-07 14:38:45]wait handshake
[2019-11-07 14:38:46]wait handshake
[2019-11-07 14:38:47]wait handshake
[2019-11-07 14:38:47]system call:echo mem > /sys/power/state &, expect:NULL
[2019-11-07 14:38:50]wait handshake
[2019-11-07 14:38:50]wait handshake
[2019-11-07 14:38:50]wait handshake
[2019-11-07 14:38:50]wait handshake
[2019-11-07 14:38:50]wait handshake
[2019-11-07 14:38:50]wait handshake
[2019-11-07 14:38:51]wait handshake
[2019-11-07 14:38:51]wait handshake
[2019-11-07 14:38:51]wait handshake
[2019-11-07 14:38:51]wait handshake
[2019-11-07 14:38:51]wait handshake
[2019-11-07 14:38:51]mcu wakeup mpu: 3
[2019-11-07 14:38:51]wakeup_timeout = 0 ,wkup mcu
[2019-11-07 14:38:51]go to wakeup
[2019-11-07 14:38:51]wait handshake
[2019-11-07 14:38:51]wait handshake
[2019-11-07 14:38:51]wait handshake
[2019-11-07 14:38:51]wait handshake
[2019-11-07 14:38:52]wait handshake
[2019-11-07 14:38:52]wait handshake
[2019-11-07 14:38:52]wait handshake
[2019-11-07 14:38:52]wait handshake
[2019-11-07 14:38:52]mcu wakeup mpu,source:100
[2019-11-07 14:38:52]wait handshake
[2019-11-07 14:38:52]opwrmode:4 npwrmode:1
[2019-11-07 14:40:31]sendPwrWakeupEvent->id:modem-service-voice,wake:0x00000004,wkuptime:180,desc:voice in,ret:1
[2019-11-07 14:40:34]sendPwrWakeupEvent->id:modem-service-voice,wake:0x00000004,wkuptime:180,desc:voice in,ret:1
[2019-11-07 14:40:42]sendPwrWakeupEvent->id:modem-service-voice,wake:0x00000004,wkuptime:180,desc:voice in,ret:1
[2019-11-07 14:40:52]sendPwrWakeupEvent->id:modem-service-voice,wake:0x00000004,wkuptime:180,desc:voice in,ret:1
[2019-11-07 14:40:52]sendPwrWakeupEvent->id:modem-service-voice,wake:0x00000004,wkuptime:180,desc:voice in,ret:1
[2019-11-07 14:40:56]sendPwrWakeupEvent->id:modem-service-voice,wake:0x00000004,wkuptime:180,desc:voice in,ret:1
[2019-11-07 14:40:59]sendPwrWakeupEvent->id:modem-service-voice,wake:0x00000004,wkuptime:180,desc:voice in,ret:1
[2019-11-07 14:41:04]sendPwrWakeupEvent->id:modem-service-voice,wake:0x00000004,wkuptime:180,desc:voice in,ret:1
[2019-11-07 14:41:13]sendPwrWakeupEvent->id:modem-service-voice,wake:0x00000004,wkuptime:180,desc:voice in,ret:1
[2019-11-07 14:41:13]sendPwrWakeupEvent->id:modem-service-voice,wake:0x00000004,wkuptime:180,desc:voice in,ret:1
[2019-11-07 14:41:19]sendPwrWakeupEvent->id:modem-service-voice,wake:0x00000004,wkuptime:180,desc:voice in,ret:1
[2019-11-07 14:41:22]sendPwrWakeupEvent->id:modem-service-voice,wake:0x00000004,wkuptime:180,desc:voice in,ret:1
[2019-11-07 14:41:27]sendPwrWakeupEvent->id:modem-service-voice,wake:0x00000004,wkuptime:180,desc:voice in,ret:1
[2019-11-07 14:41:37]sendPwrWakeupEvent->id:modem-service-voice,wake:0x00000004,wkuptime:180,desc:voice in,ret:1
[2019-11-07 14:41:38]sendPwrWakeupEvent->id:modem-service-voice,wake:0x00000004,wkuptime:180,desc:voice in,ret:1
[2019-11-07 14:41:42]sendPwrWakeupEvent->id:modem-service-voice,wake:0x00000004,wkuptime:180,desc:voice in,ret:1
[2019-11-07 14:41:44]sendPwrWakeupEvent->id:modem-service-voice,wake:0x00000004,wkuptime:180,desc:voice in,ret:1
[2019-11-07 14:42:00]sendPwrWakeupEvent->id:modem-service-voice,wake:0x00000004,wkuptime:180,desc:voice in,ret:1
[2019-11-07 14:42:00]sendPwrWakeupEvent->id:modem-service-voice,wake:0x00000004,wkuptime:180,desc:voice in,ret:1
[2019-11-07 14:42:07]sendPwrWakeupEvent->id:modem-service-voice,wake:0x00000004,wkuptime:180,desc:voice in,ret:1
[2019-11-07 14:42:09]sendPwrWakeupEvent->id:modem-service-voice,wake:0x00000004,wkuptime:180,desc:voice in,ret:1
[2019-11-07 14:42:14]sendPwrWakeupEvent->id:modem-service-voice,wake:0x00000004,wkuptime:180,desc:voice in,ret:1
[2019-11-07 14:42:22]sendPwrWakeupEvent->id:modem-service-voice,wake:0x00000004,wkuptime:180,desc:voice in,ret:1
[2019-11-07 14:42:22]sendPwrWakeupEvent->id:modem-service-voice,wake:0x00000004,wkuptime:180,desc:voice in,ret:1
[2019-11-07 14:42:32]sendPwrWakeupEvent->id:modem-service-voice,wake:0x00000004,wkuptime:180,desc:voice in,ret:1
[2019-11-07 14:42:35]sendPwrWakeupEvent->id:modem-service-voice,wake:0x00000004,wkuptime:180,desc:voice in,ret:1
[2019-11-07 14:42:48]sendPwrWakeupEvent->id:modem-service-voice,wake:0x00000004,wkuptime:180,desc:voice in,ret:1
[2019-11-07 14:42:54]sendPwrWakeupEvent->id:modem-service-voice,wake:0x00000004,wkuptime:180,desc:voice in,ret:1
[2019-11-07 14:42:54]sendPwrWakeupEvent->id:modem-service-voice,wake:0x00000004,wkuptime:180,desc:voice in,ret:1
[2019-11-07 14:48:05]sendPwrWakeupEvent->id:modem-service-voice,wake:0x00000004,wkuptime:180,desc:voice in,ret:1
[2019-11-07 14:48:08]sendPwrWakeupEvent->id:modem-service-voice,wake:0x00000004,wkuptime:180,desc:voice in,ret:1
