[1980-01-06 08:00:12]power-service:Oct 31 2019 14:30:56
[1980-01-06 08:00:12]----------------ini_info_t start ------------------
[1980-01-06 08:00:12]name:modem-service 1 1
[1980-01-06 08:00:12]name:gnss-service 1 1
[1980-01-06 08:00:12]----------------ini_info_t end  ------------------
[1980-01-06 08:00:12]power:Oct 31 2019 14:25:00
[1980-01-06 08:00:12]/sys/class/tbox/mpu_update/value check 0
[1980-01-06 08:00:12]/sys/class/tbox/mcu_notify_mpu1/value check 0
[1980-01-06 08:00:12]/sys/class/tbox/mcu_notify_mpu2/value check 0
[1980-01-06 08:00:12]/sys/class/tbox/mpu_wake_mcu/value check 0
[1980-01-06 08:00:12]/sys/class/tbox/mcu_wake_mpu/value check 0
[1980-01-06 08:00:12]/sys/class/tbox/bt_dev_wake/value check 0
[1980-01-06 08:00:12]/sys/devices/78d9000.usb/power_supply/usb/present check 0
[1980-01-06 08:00:12]/sys/class/tbox/mcu_wake_mpu/irq_ref check 0
[1980-01-06 08:00:12]/sys/class/tbox/bt_host_wake/irq_ref check 0
[1980-01-06 08:00:12]init hardware sucess
[1980-01-06 08:00:12]ipc power sucess
[1980-01-06 08:00:12]ipc process sucess
[1980-01-06 08:00:12]ipc mcuservicedata sucess
[1980-01-06 08:00:12]mcu wakeup mpu,source:3FFC0
[1980-01-06 08:00:13]boot:reboot normal 0
[1980-01-06 08:00:13]wait handshake
[1980-01-06 08:00:13]mcu wakeup mpu,source:40
[1980-01-06 08:00:14]opwrmode:0 npwrmode:1
[1980-01-06 08:00:20]keep power off
[1980-01-06 08:00:22]sendPwrWakeupEvent->id:modem-service-boot,wake:0x00000001,wkuptime:90,desc:wait data,ret:1
[1980-01-06 08:00:24]sendPwrWakeupEvent->id:modem-service-boot,wake:0x00000001,wkuptime:20,desc:end data,ret:1
