[1980-01-06 08:00:12]power-service:Oct 31 2019 14:30:56
[1980-01-06 08:00:12]----------------ini_info_t start ------------------
[1980-01-06 08:00:12]name:modem-service 1 1
[1980-01-06 08:00:12]name:gnss-service 1 1
[1980-01-06 08:00:12]----------------ini_info_t end  ------------------
[1980-01-06 08:00:12]power:Oct 31 2019 14:25:00
[1980-01-06 08:00:12]/sys/class/tbox/mpu_update/value check 0
[1980-01-06 08:00:12]/sys/class/tbox/mcu_notify_mpu1/value check 0
[1980-01-06 08:00:12]/sys/class/tbox/mcu_notify_mpu2/value check 0
[1980-01-06 08:00:12]/sys/class/tbox/mpu_wake_mcu/value check 0
[1980-01-06 08:00:12]/sys/class/tbox/mcu_wake_mpu/value check 0
[1980-01-06 08:00:12]/sys/class/tbox/bt_dev_wake/value check 0
[1980-01-06 08:00:12]/sys/devices/78d9000.usb/power_supply/usb/present check 0
[1980-01-06 08:00:12]/sys/class/tbox/mcu_wake_mpu/irq_ref check 0
[1980-01-06 08:00:12]/sys/class/tbox/bt_host_wake/irq_ref check 0
[1980-01-06 08:00:12]init hardware sucess
[1980-01-06 08:00:12]ipc power sucess
[1980-01-06 08:00:12]ipc process sucess
[1980-01-06 08:00:12]ipc mcuservicedata sucess
[1980-01-06 08:00:12]mcu wakeup mpu,source:3FFC0
[1980-01-06 08:00:13]boot:reboot normal 0
[1980-01-06 08:00:13]wait handshake
[1980-01-06 08:00:13]wait handshake
[1980-01-06 08:00:13]wait handshake
[1980-01-06 08:00:13]wait handshake
[1980-01-06 08:00:13]wait handshake
[1980-01-06 08:00:13]wait handshake
[1980-01-06 08:00:13]wait handshake
[1980-01-06 08:00:13]wait handshake
[1980-01-06 08:00:13]wait handshake
[1980-01-06 08:00:14]wait handshake
[1980-01-06 08:00:14]wait handshake
[1980-01-06 08:00:14]opwrmode:0 npwrmode:1
[1980-01-06 08:00:14]wait handshake
[1980-01-06 08:00:14]wait handshake
[1980-01-06 08:00:14]wait handshake
[1980-01-06 08:00:14]wait handshake
[1980-01-06 08:00:14]wait handshake
[1980-01-06 08:00:14]wait handshake
[1980-01-06 08:00:14]wait handshake
[1980-01-06 08:00:15]wait handshake
[1980-01-06 08:00:15]wait handshake
[1980-01-06 08:00:15]wait handshake
[1980-01-06 08:00:15]wait handshake
[1980-01-06 08:00:15]wait handshake
[1980-01-06 08:00:15]wait handshake
[1980-01-06 08:00:15]wait handshake
[1980-01-06 08:00:15]wait handshake
[1980-01-06 08:00:15]wait handshake
[1980-01-06 08:00:16]wait handshake
[1980-01-06 08:00:16]wait handshake
[1980-01-06 08:00:16]wait handshake
[1980-01-06 08:00:16]wait handshake
[1980-01-06 08:00:16]wait handshake
[1980-01-06 08:00:16]wait handshake
[1980-01-06 08:00:16]wait handshake
[1980-01-06 08:00:16]wait handshake
[1980-01-06 08:00:17]wait handshake
[1980-01-06 08:00:17]wait handshake
[1980-01-06 08:00:17]wait handshake
[1980-01-06 08:00:17]wait handshake
[1980-01-06 08:00:17]wait handshake
[1980-01-06 08:00:17]wait handshake
[1980-01-06 08:00:17]wait handshake
[1980-01-06 08:00:17]wait handshake
[1980-01-06 08:00:18]wait handshake
[1980-01-06 08:00:18]wait handshake
[1980-01-06 08:00:18]wait handshake
[1980-01-06 08:00:18]wait handshake
[1980-01-06 08:00:18]wait handshake
[1980-01-06 08:00:18]wait handshake
[1980-01-06 08:00:18]wait handshake
[1980-01-06 08:00:18]wait handshake
[1980-01-06 08:00:18]wait handshake
[1980-01-06 08:00:18]wait handshake
[1980-01-06 08:00:19]wait handshake
[1980-01-06 08:00:19]wait handshake
[1980-01-06 08:00:19]wait handshake
[1980-01-06 08:00:19]wait handshake
[1980-01-06 08:00:19]wait handshake
[1980-01-06 08:00:19]wait handshake
[1980-01-06 08:00:19]wait handshake
[1980-01-06 08:00:19]wait handshake
[1980-01-06 08:00:19]wait handshake
[1980-01-06 08:00:20]wait handshake
[1980-01-06 08:00:20]wait handshake
[1980-01-06 08:00:20]wait handshake
[1980-01-06 08:00:20]wait handshake
[1980-01-06 08:00:20]wait handshake
[1980-01-06 08:00:20]wait handshake
[1980-01-06 08:00:20]keep power off
[1980-01-06 08:00:20]wait handshake
[1980-01-06 08:00:20]wait handshake
[1980-01-06 08:00:20]wait handshake
[1980-01-06 08:00:20]wait handshake
[1980-01-06 08:00:21]wait handshake
[1980-01-06 08:00:21]wait handshake
[1980-01-06 08:00:21]wait handshake
[1980-01-06 08:00:21]wait handshake
[1980-01-06 08:00:21]wait handshake
[1980-01-06 08:00:21]wait handshake
[1980-01-06 08:00:21]wait handshake
[1980-01-06 08:00:21]wait handshake
[1980-01-06 08:00:21]wait handshake
[1980-01-06 08:00:22]wait handshake
[1980-01-06 08:00:22]wait handshake
[1980-01-06 08:00:22]wait handshake
[1980-01-06 08:00:22]sendPwrWakeupEvent->id:modem-service-boot,wake:0x00000001,wkuptime:90,desc:wait data,ret:1
[1980-01-06 08:00:22]wait handshake
[1980-01-06 08:00:22]wait handshake
[1980-01-06 08:00:22]wait handshake
[1980-01-06 08:00:22]wait handshake
[1980-01-06 08:00:22]wait handshake
[1980-01-06 08:00:22]wait handshake
[1980-01-06 08:00:22]wait handshake
[1980-01-06 08:00:23]wait handshake
[1980-01-06 08:00:23]wait handshake
[1980-01-06 08:00:23]wait handshake
[1980-01-06 08:00:23]wait handshake
[1980-01-06 08:00:23]wait handshake
[1980-01-06 08:00:23]wait handshake
[1980-01-06 08:00:23]wait handshake
[1980-01-06 08:00:23]wait handshake
[1980-01-06 08:00:23]wait handshake
[1980-01-06 08:00:24]wait handshake
[1980-01-06 08:00:24]wait handshake
[1980-01-06 08:00:24]wait handshake
[1980-01-06 08:00:24]sendPwrWakeupEvent->id:modem-service-boot,wake:0x00000001,wkuptime:20,desc:end data,ret:1
[1980-01-06 08:00:24]wait handshake
[1980-01-06 08:00:24]wait handshake
[1980-01-06 08:00:24]wait handshake
[1980-01-06 08:00:24]wait handshake
[1980-01-06 08:00:24]wait handshake
[1980-01-06 08:00:24]wait handshake
[1980-01-06 08:00:24]wait handshake
[1980-01-06 08:00:25]wait handshake
[1980-01-06 08:00:25]wait handshake
[1980-01-06 08:00:25]wait handshake
[1980-01-06 08:00:25]wait handshake
[1980-01-06 08:00:25]wait handshake
[1980-01-06 08:00:25]wait handshake
[1980-01-06 08:00:25]wait handshake
[1980-01-06 08:00:25]wait handshake
[1980-01-06 08:00:26]wait handshake
[1980-01-06 08:00:26]wait handshake
[1980-01-06 08:00:26]wait handshake
[1980-01-06 08:00:26]wait handshake
[1980-01-06 08:00:26]wait handshake
[1980-01-06 08:00:26]wait handshake
[1980-01-06 08:00:26]wait handshake
[1980-01-06 08:00:26]wait handshake
[1980-01-06 08:00:26]wait handshake
[1980-01-06 08:00:27]wait handshake
[1980-01-06 08:00:27]wait handshake
[1980-01-06 08:00:27]wait handshake
[1980-01-06 08:00:27]wait handshake
[1980-01-06 08:00:27]wait handshake
[1980-01-06 08:00:27]wait handshake
[1980-01-06 08:00:27]wait handshake
[1980-01-06 08:00:27]wait handshake
[1980-01-06 08:00:27]wait handshake
[1980-01-06 08:00:28]wait handshake
[1980-01-06 08:00:28]wait handshake
[1980-01-06 08:00:28]wait handshake
[1980-01-06 08:00:28]wait handshake
[1980-01-06 08:00:28]wait handshake
[1980-01-06 08:00:28]wait handshake
[1980-01-06 08:00:28]wait handshake
[1980-01-06 08:00:28]wait handshake
[1980-01-06 08:00:28]wait handshake
[1980-01-06 08:00:29]wait handshake
[1980-01-06 08:00:29]wait handshake
[1980-01-06 08:00:29]wait handshake
[1980-01-06 08:00:29]wait handshake
[1980-01-06 08:00:29]wait handshake
[1980-01-06 08:00:29]wait handshake
[1980-01-06 08:00:29]wait handshake
[1980-01-06 08:00:29]wait handshake
[1980-01-06 08:00:29]wait handshake
[1980-01-06 08:00:30]wait handshake
[1980-01-06 08:00:30]wait handshake
[1980-01-06 08:00:30]wait handshake
[1980-01-06 08:00:30]wait handshake
[1980-01-06 08:00:30]wait handshake
[1980-01-06 08:00:30]wait handshake
[1980-01-06 08:00:30]wait handshake
[1980-01-06 08:00:30]wait handshake
[1980-01-06 08:00:30]wait handshake
[1980-01-06 08:00:30]wait handshake
[1980-01-06 08:00:31]wait handshake
[1980-01-06 08:00:31]wait handshake
[1980-01-06 08:00:31]wait handshake
[1980-01-06 08:00:31]wait handshake
[1980-01-06 08:00:31]wait handshake
[1980-01-06 08:00:31]wait handshake
[1980-01-06 08:00:31]wait handshake
[1980-01-06 08:00:31]wait handshake
[1980-01-06 08:00:31]wait handshake
[1980-01-06 08:00:32]wait handshake
[1980-01-06 08:00:32]wait handshake
[1980-01-06 08:00:32]wait handshake
[1980-01-06 08:00:32]wait handshake
[1980-01-06 08:00:32]wait handshake
[1980-01-06 08:00:32]wait handshake
[1980-01-06 08:00:32]wait handshake
[1980-01-06 08:00:32]wait handshake
[1980-01-06 08:00:32]wait handshake
[1980-01-06 08:00:33]wait handshake
[1980-01-06 08:00:33]wait handshake
[1980-01-06 08:00:33]wait handshake
[1980-01-06 08:00:33]wait handshake
[1980-01-06 08:00:33]wait handshake
[1980-01-06 08:00:33]wait handshake
[1980-01-06 08:00:33]wait handshake
[1980-01-06 08:00:33]wait handshake
[1980-01-06 08:00:33]wait handshake
[1980-01-06 08:00:33]wait handshake
[1980-01-06 08:00:34]wait handshake
[1980-01-06 08:00:34]wait handshake
[1980-01-06 08:00:34]wait handshake
[1980-01-06 08:00:34]wait handshake
[1980-01-06 08:00:34]wait handshake
[1980-01-06 08:00:34]wait handshake
[1980-01-06 08:00:34]wait handshake
[1980-01-06 08:00:34]wait handshake
[1980-01-06 08:00:34]wait handshake
[1980-01-06 08:00:34]wait handshake
[1980-01-06 08:00:35]wait handshake
[1980-01-06 08:00:35]wait handshake
[1980-01-06 08:00:35]wait handshake
[1980-01-06 08:00:35]wait handshake
[1980-01-06 08:00:35]wait handshake
[1980-01-06 08:00:35]wait handshake
[1980-01-06 08:00:35]wait handshake
[1980-01-06 08:00:35]wait handshake
[1980-01-06 08:00:35]wait handshake
[1980-01-06 08:00:36]wait handshake
[1980-01-06 08:00:36]wait handshake
[1980-01-06 08:00:36]wait handshake
[1980-01-06 08:00:36]wait handshake
[1980-01-06 08:00:36]wait handshake
[1980-01-06 08:00:36]wait handshake
[1980-01-06 08:00:36]wait handshake
[1980-01-06 08:00:36]wait handshake
[1980-01-06 08:00:36]wait handshake
[1980-01-06 08:00:36]wait handshake
[1980-01-06 08:00:37]wait handshake
[1980-01-06 08:00:37]wait handshake
[1980-01-06 08:00:37]wait handshake
[1980-01-06 08:00:37]wait handshake
[1980-01-06 08:00:37]wait handshake
[1980-01-06 08:00:37]wait handshake
[1980-01-06 08:00:37]wait handshake
[1980-01-06 08:00:37]wait handshake
[1980-01-06 08:00:37]wait handshake
[1980-01-06 08:00:37]wait handshake
[1980-01-06 08:00:38]wait handshake
[1980-01-06 08:00:38]wait handshake
[1980-01-06 08:00:38]wait handshake
[1980-01-06 08:00:38]wait handshake
[1980-01-06 08:00:38]wait handshake
[1980-01-06 08:00:38]wait handshake
[1980-01-06 08:00:38]wait handshake
[1980-01-06 08:00:38]wait handshake
[1980-01-06 08:00:38]wait handshake
[1980-01-06 08:00:39]wait handshake
[1980-01-06 08:00:39]wait handshake
[1980-01-06 08:00:39]wait handshake
[1980-01-06 08:00:39]wait handshake
[1980-01-06 08:00:39]wait handshake
[1980-01-06 08:00:39]wait handshake
[1980-01-06 08:00:39]wait handshake
[1980-01-06 08:00:39]wait handshake
[1980-01-06 08:00:39]wait handshake
[1980-01-06 08:00:39]wait handshake
[1980-01-06 08:00:40]wait handshake
[1980-01-06 08:00:40]wait handshake
[1980-01-06 08:00:40]wait handshake
[1980-01-06 08:00:40]wait handshake
[1980-01-06 08:00:40]wait handshake
[1980-01-06 08:00:40]wait handshake
[1980-01-06 08:00:40]wait handshake
[1980-01-06 08:00:40]wait handshake
[1980-01-06 08:00:40]wait handshake
[1980-01-06 08:00:41]wait handshake
[1980-01-06 08:00:41]wait handshake
[1980-01-06 08:00:41]wait handshake
[1980-01-06 08:00:41]wait handshake
[1980-01-06 08:00:41]wait handshake
[1980-01-06 08:00:41]wait handshake
[1980-01-06 08:00:41]wait handshake
[1980-01-06 08:00:41]wait handshake
[1980-01-06 08:00:41]wait handshake
[1980-01-06 08:00:41]wait handshake
[1980-01-06 08:00:42]wait handshake
[1980-01-06 08:00:42]wait handshake
[1980-01-06 08:00:42]wait handshake
[1980-01-06 08:00:42]wait handshake
[1980-01-06 08:00:42]wait handshake
[1980-01-06 08:00:42]wait handshake
[1980-01-06 08:00:42]wait handshake
[1980-01-06 08:00:42]wait handshake
[1980-01-06 08:00:42]wait handshake
[1980-01-06 08:00:42]wait handshake
[1980-01-06 08:00:43]wait handshake
[1980-01-06 08:00:43]wait handshake
[1980-01-06 08:00:43]wait handshake
[1980-01-06 08:00:43]wait handshake
[1980-01-06 08:00:43]wait handshake
[1980-01-06 08:00:43]wait handshake
[1980-01-06 08:00:43]wait handshake
[1980-01-06 08:00:43]wait handshake
[1980-01-06 08:00:43]wait handshake
[1980-01-06 08:00:44]wait handshake
[1980-01-06 08:00:44]wait handshake
[1980-01-06 08:00:44]wait handshake
[1980-01-06 08:00:44]wait handshake
[1980-01-06 08:00:44]wait handshake
[1980-01-06 08:00:44]wait handshake
[1980-01-06 08:00:44]wait handshake
[1980-01-06 08:00:44]wait handshake
[1980-01-06 08:00:44]wait handshake
[1980-01-06 08:00:44]wait handshake
[1980-01-06 08:00:45]wait handshake
[1980-01-06 08:00:45]wait handshake
[1980-01-06 08:00:45]wait handshake
[1980-01-06 08:00:45]wait handshake
[1980-01-06 08:00:45]wait handshake
[1980-01-06 08:00:45]wait handshake
[1980-01-06 08:00:45]wait handshake
[1980-01-06 08:00:45]wait handshake
[1980-01-06 08:00:45]wait handshake
[1980-01-06 08:00:45]wait handshake
[1980-01-06 08:00:46]wait handshake
[1980-01-06 08:00:46]wait handshake
[1980-01-06 08:00:46]wait handshake
[1980-01-06 08:00:46]wait handshake
[1980-01-06 08:00:46]wait handshake
[1980-01-06 08:00:46]wait handshake
[1980-01-06 08:00:46]wait handshake
[1980-01-06 08:00:46]wait handshake
[1980-01-06 08:00:46]wait handshake
[1980-01-06 08:00:47]wait handshake
[1980-01-06 08:00:47]wait handshake
[1980-01-06 08:00:47]wait handshake
[1980-01-06 08:00:47]wait handshake
[1980-01-06 08:00:47]wait handshake
[1980-01-06 08:00:47]wait handshake
[1980-01-06 08:00:47]wait handshake
[1980-01-06 08:00:47]wait handshake
[1980-01-06 08:00:47]wait handshake
[1980-01-06 08:00:47]wait handshake
[1980-01-06 08:00:48]wait handshake
[1980-01-06 08:00:48]wait handshake
[1980-01-06 08:00:48]wait handshake
[1980-01-06 08:00:48]wait handshake
[1980-01-06 08:00:48]wait handshake
[1980-01-06 08:00:48]wait handshake
[1980-01-06 08:00:48]wait handshake
[1980-01-06 08:00:48]wait handshake
[1980-01-06 08:00:48]wait handshake
[1980-01-06 08:00:48]wait handshake
[1980-01-06 08:00:49]wait handshake
[1980-01-06 08:00:49]wait handshake
[1980-01-06 08:00:49]wait handshake
[1980-01-06 08:00:49]wait handshake
[1980-01-06 08:00:49]wait handshake
[1980-01-06 08:00:49]wait handshake
[1980-01-06 08:00:49]wait handshake
[1980-01-06 08:00:49]wait handshake
[1980-01-06 08:00:49]wait handshake
[1980-01-06 08:00:50]wait handshake
[1980-01-06 08:00:50]wait handshake
[1980-01-06 08:00:50]wait handshake
[1980-01-06 08:00:50]wait handshake
[1980-01-06 08:00:50]wait handshake
[1980-01-06 08:00:50]wait handshake
[1980-01-06 08:00:50]wait handshake
[1980-01-06 08:00:50]wait handshake
[1980-01-06 08:00:50]wait handshake
[1980-01-06 08:00:50]wait handshake
[1980-01-06 08:00:51]wait handshake
[1980-01-06 08:00:51]wait handshake
[1980-01-06 08:00:51]wait handshake
[1980-01-06 08:00:51]wait handshake
[1980-01-06 08:00:51]wait handshake
[1980-01-06 08:00:51]wait handshake
[1980-01-06 08:00:51]wait handshake
[1980-01-06 08:00:51]wait handshake
[1980-01-06 08:00:51]wait handshake
[1980-01-06 08:00:52]wait handshake
[1980-01-06 08:00:52]wait handshake
[1980-01-06 08:00:52]wait handshake
[1980-01-06 08:00:52]wait handshake
[1980-01-06 08:00:52]wait handshake
[1980-01-06 08:00:52]wait handshake
[1980-01-06 08:00:52]wait handshake
[1980-01-06 08:00:52]wait handshake
[1980-01-06 08:00:52]wait handshake
[1980-01-06 08:00:53]wait handshake
[1980-01-06 08:00:53]wait handshake
[1980-01-06 08:00:53]wait handshake
[1980-01-06 08:00:53]wait handshake
[1980-01-06 08:00:53]wait handshake
[1980-01-06 08:00:53]wait handshake
[1980-01-06 08:00:53]wait handshake
[1980-01-06 08:00:53]wait handshake
[1980-01-06 08:00:53]wait handshake
[1980-01-06 08:00:53]wait handshake
[1980-01-06 08:00:54]wait handshake
[1980-01-06 08:00:54]wait handshake
[1980-01-06 08:00:54]wait handshake
[1980-01-06 08:00:54]wait handshake
[1980-01-06 08:00:54]wait handshake
[1980-01-06 08:00:54]wait handshake
[1980-01-06 08:00:54]wait handshake
[1980-01-06 08:00:54]wait handshake
[1980-01-06 08:00:54]wait handshake
[1980-01-06 08:00:54]wait handshake
[1980-01-06 08:00:55]wait handshake
[1980-01-06 08:00:55]wait handshake
[1980-01-06 08:00:55]wait handshake
[1980-01-06 08:00:55]wait handshake
[1980-01-06 08:00:55]wait handshake
[1980-01-06 08:00:55]wait handshake
[1980-01-06 08:00:55]wait handshake
[1980-01-06 08:00:55]wait handshake
[1980-01-06 08:00:55]wait handshake
[1980-01-06 08:00:56]wait handshake
[1980-01-06 08:00:56]wait handshake
[1980-01-06 08:00:56]wait handshake
[1980-01-06 08:00:56]wait handshake
[1980-01-06 08:00:56]wait handshake
[1980-01-06 08:00:56]wait handshake
[1980-01-06 08:00:56]wait handshake
[1980-01-06 08:00:56]wait handshake
[1980-01-06 08:00:56]wait handshake
[1980-01-06 08:00:56]wait handshake
[1980-01-06 08:00:57]wait handshake
[1980-01-06 08:00:57]wait handshake
[1980-01-06 08:00:57]wait handshake
[1980-01-06 08:00:57]wait handshake
[1980-01-06 08:00:57]wait handshake
[1980-01-06 08:00:57]wait handshake
[1980-01-06 08:00:57]wait handshake
[1980-01-06 08:00:57]wait handshake
[1980-01-06 08:00:57]wait handshake
[1980-01-06 08:00:57]wait handshake
[1980-01-06 08:00:58]wait handshake
[1980-01-06 08:00:58]wait handshake
[1980-01-06 08:00:58]wait handshake
[1980-01-06 08:00:58]wait handshake
[1980-01-06 08:00:58]wait handshake
[1980-01-06 08:00:58]wait handshake
[1980-01-06 08:00:58]wait handshake
[1980-01-06 08:00:58]wait handshake
[1980-01-06 08:00:58]wait handshake
[1980-01-06 08:00:59]wait handshake
[1980-01-06 08:00:59]wait handshake
[1980-01-06 08:00:59]wait handshake
[1980-01-06 08:00:59]wait handshake
[1980-01-06 08:00:59]wait handshake
[1980-01-06 08:00:59]wait handshake
[1980-01-06 08:00:59]wait handshake
[1980-01-06 08:00:59]wait handshake
[1980-01-06 08:00:59]wait handshake
[1980-01-06 08:00:59]wait handshake
[1980-01-06 08:01:00]wait handshake
[1980-01-06 08:01:00]wait handshake
[1980-01-06 08:01:00]wait handshake
[1980-01-06 08:01:00]wait handshake
[1980-01-06 08:01:00]wait handshake
[1980-01-06 08:01:00]wait handshake
[1980-01-06 08:01:00]wait handshake
[1980-01-06 08:01:00]wait handshake
[1980-01-06 08:01:00]wait handshake
[1980-01-06 08:01:00]wait handshake
[1980-01-06 08:01:01]wait handshake
[1980-01-06 08:01:01]wait handshake
[1980-01-06 08:01:01]wait handshake
[1980-01-06 08:01:01]wait handshake
[1980-01-06 08:01:01]wait handshake
[1980-01-06 08:01:01]wait handshake
[1980-01-06 08:01:01]wait handshake
[1980-01-06 08:01:01]wait handshake
[1980-01-06 08:01:01]wait handshake
[1980-01-06 08:01:02]wait handshake
[1980-01-06 08:01:02]wait handshake
[1980-01-06 08:01:02]wait handshake
[1980-01-06 08:01:02]wait handshake
[1980-01-06 08:01:02]wait handshake
[1980-01-06 08:01:02]wait handshake
[1980-01-06 08:01:02]wait handshake
[1980-01-06 08:01:02]wait handshake
[1980-01-06 08:01:02]wait handshake
[1980-01-06 08:01:02]wait handshake
[1980-01-06 08:01:03]wait handshake
[1980-01-06 08:01:03]wait handshake
[1980-01-06 08:01:03]wait handshake
[1980-01-06 08:01:03]wait handshake
[1980-01-06 08:01:03]wait handshake
[1980-01-06 08:01:03]wait handshake
[1980-01-06 08:01:03]wait handshake
[1980-01-06 08:01:03]wait handshake
[1980-01-06 08:01:03]wait handshake
[1980-01-06 08:01:03]wait handshake
[1980-01-06 08:01:04]wait handshake
[1980-01-06 08:01:04]wait handshake
[1980-01-06 08:01:04]wait handshake
[1980-01-06 08:01:04]wait handshake
[1980-01-06 08:01:04]wait handshake
[1980-01-06 08:01:04]wait handshake
[1980-01-06 08:01:04]wait handshake
[1980-01-06 08:01:04]wait handshake
[1980-01-06 08:01:04]wait handshake
[1980-01-06 08:01:05]wait handshake
[1980-01-06 08:01:05]wait handshake
[1980-01-06 08:01:05]wait handshake
[1980-01-06 08:01:05]wait handshake
[1980-01-06 08:01:05]wait handshake
[1980-01-06 08:01:05]wait handshake
[1980-01-06 08:01:05]wait handshake
[1980-01-06 08:01:05]wait handshake
[1980-01-06 08:01:05]wait handshake
[1980-01-06 08:01:05]wait handshake
[1980-01-06 08:01:06]wait handshake
[1980-01-06 08:01:06]wait handshake
[1980-01-06 08:01:06]wait handshake
[1980-01-06 08:01:06]wait handshake
[1980-01-06 08:01:06]wait handshake
[1980-01-06 08:01:06]wait handshake
[1980-01-06 08:01:06]wait handshake
[1980-01-06 08:01:06]wait handshake
[1980-01-06 08:01:06]wait handshake
[1980-01-06 08:01:07]wait handshake
[1980-01-06 08:01:07]wait handshake
[1980-01-06 08:01:07]wait handshake
[1980-01-06 08:01:07]wait handshake
[1980-01-06 08:01:07]wait handshake
[1980-01-06 08:01:07]wait handshake
[1980-01-06 08:01:07]wait handshake
[1980-01-06 08:01:07]wait handshake
[1980-01-06 08:01:07]wait handshake
[1980-01-06 08:01:07]wait handshake
[1980-01-06 08:01:08]wait handshake
[1980-01-06 08:01:08]wait handshake
[1980-01-06 08:01:08]wait handshake
[1980-01-06 08:01:08]wait handshake
[1980-01-06 08:01:08]wait handshake
[1980-01-06 08:01:08]wait handshake
[1980-01-06 08:01:08]wait handshake
[1980-01-06 08:01:08]wait handshake
[1980-01-06 08:01:08]wait handshake
[1980-01-06 08:01:08]wait handshake
[1980-01-06 08:01:09]wait handshake
[1980-01-06 08:01:09]wait handshake
[1980-01-06 08:01:09]wait handshake
[1980-01-06 08:01:09]wait handshake
[1980-01-06 08:01:09]wait handshake
[1980-01-06 08:01:09]wait handshake
[1980-01-06 08:01:09]wait handshake
[1980-01-06 08:01:09]wait handshake
[1980-01-06 08:01:09]wait handshake
[1980-01-06 08:01:10]wait handshake
[1980-01-06 08:01:10]wait handshake
[1980-01-06 08:01:10]wait handshake
[1980-01-06 08:01:10]wait handshake
[1980-01-06 08:01:10]wait handshake
[1980-01-06 08:01:10]wait handshake
[1980-01-06 08:01:10]wait handshake
[1980-01-06 08:01:10]wait handshake
[1980-01-06 08:01:10]wait handshake
[1980-01-06 08:01:10]wait handshake
[1980-01-06 08:01:11]wait handshake
[1980-01-06 08:01:11]wait handshake
[1980-01-06 08:01:11]wait handshake
[1980-01-06 08:01:11]wait handshake
[1980-01-06 08:01:11]wait handshake
[1980-01-06 08:01:11]wait handshake
[1980-01-06 08:01:11]wait handshake
[1980-01-06 08:01:11]wait handshake
[1980-01-06 08:01:11]wait handshake
[1980-01-06 08:01:12]wait handshake
[1980-01-06 08:01:12]wait handshake
[1980-01-06 08:01:12]wait handshake
[1980-01-06 08:01:12]wait handshake
[1980-01-06 08:01:12]wait handshake
[1980-01-06 08:01:12]wait handshake
[1980-01-06 08:01:12]wait handshake
[1980-01-06 08:01:12]wait handshake
[1980-01-06 08:01:12]wait handshake
[1980-01-06 08:01:12]wait handshake
[1980-01-06 08:01:13]wait handshake
[1980-01-06 08:01:13]wait handshake
[1980-01-06 08:01:13]wait handshake
[1980-01-06 08:01:13]wait handshake
[1980-01-06 08:01:13]wait handshake
[1980-01-06 08:01:13]wait handshake
[1980-01-06 08:01:13]wait handshake
[1980-01-06 08:01:13]wait handshake
[1980-01-06 08:01:13]wait handshake
[1980-01-06 08:01:13]wait handshake
[1980-01-06 08:01:14]wait handshake
[1980-01-06 08:01:14]wait handshake
[1980-01-06 08:01:14]wait handshake
[1980-01-06 08:01:14]wait handshake
[1980-01-06 08:01:14]wait handshake
[1980-01-06 08:01:14]wait handshake
[1980-01-06 08:01:14]wait handshake
[1980-01-06 08:01:14]wait handshake
[1980-01-06 08:01:14]wait handshake
[1980-01-06 08:01:15]wait handshake
[1980-01-06 08:01:15]wait handshake
[1980-01-06 08:01:15]wait handshake
[1980-01-06 08:01:15]wait handshake
[1980-01-06 08:01:15]wait handshake
[1980-01-06 08:01:15]wait handshake
[1980-01-06 08:01:15]wait handshake
[1980-01-06 08:01:15]wait handshake
[1980-01-06 08:01:15]wait handshake
[1980-01-06 08:01:15]wait handshake
[1980-01-06 08:01:16]wait handshake
[1980-01-06 08:01:16]wait handshake
[1980-01-06 08:01:16]wait handshake
[1980-01-06 08:01:16]wait handshake
[1980-01-06 08:01:16]wait handshake
[1980-01-06 08:01:16]wait handshake
[1980-01-06 08:01:16]wait handshake
[1980-01-06 08:01:16]wait handshake
[1980-01-06 08:01:16]wait handshake
[1980-01-06 08:01:16]wait handshake
[1980-01-06 08:01:17]wait handshake
[1980-01-06 08:01:17]wait handshake
[1980-01-06 08:01:17]wait handshake
[1980-01-06 08:01:17]wait handshake
[1980-01-06 08:01:17]wait handshake
[1980-01-06 08:01:17]wait handshake
[1980-01-06 08:01:17]wait handshake
[1980-01-06 08:01:17]wait handshake
[1980-01-06 08:01:17]wait handshake
[1980-01-06 08:01:18]wait handshake
[1980-01-06 08:01:18]wait handshake
[1980-01-06 08:01:18]wait handshake
[1980-01-06 08:01:18]wait handshake
[1980-01-06 08:01:18]wait handshake
[1980-01-06 08:01:18]wait handshake
[1980-01-06 08:01:18]wait handshake
[1980-01-06 08:01:18]wait handshake
[1980-01-06 08:01:18]wait handshake
[1980-01-06 08:01:18]wait handshake
[1980-01-06 08:01:19]wait handshake
[1980-01-06 08:01:19]wait handshake
[1980-01-06 08:01:19]wait handshake
[1980-01-06 08:01:19]wait handshake
[1980-01-06 08:01:19]wait handshake
[1980-01-06 08:01:19]wait handshake
[1980-01-06 08:01:19]wait handshake
[1980-01-06 08:01:19]wait handshake
[1980-01-06 08:01:19]wait handshake
[1980-01-06 08:01:19]wait handshake
[1980-01-06 08:01:20]wait handshake
[1980-01-06 08:01:20]wait handshake
[1980-01-06 08:01:20]wait handshake
[1980-01-06 08:01:20]wait handshake
[1980-01-06 08:01:20]wait handshake
[1980-01-06 08:01:20]wait handshake
[1980-01-06 08:01:20]wait handshake
[1980-01-06 08:01:20]wait handshake
[1980-01-06 08:01:20]wait handshake
[1980-01-06 08:01:21]wait handshake
[1980-01-06 08:01:21]wait handshake
[1980-01-06 08:01:21]wait handshake
[1980-01-06 08:01:21]wait handshake
[1980-01-06 08:01:21]wait handshake
[1980-01-06 08:01:21]wait handshake
[1980-01-06 08:01:21]wait handshake
[1980-01-06 08:01:21]wait handshake
[1980-01-06 08:01:21]wait handshake
[1980-01-06 08:01:21]wait handshake
[1980-01-06 08:01:22]wait handshake
[1980-01-06 08:01:22]wait handshake
[1980-01-06 08:01:22]wait handshake
[1980-01-06 08:01:22]wait handshake
