[1980-01-06 08:00:13]power-service:Oct 31 2019 14:30:56
[1980-01-06 08:00:13]----------------ini_info_t start ------------------
[1980-01-06 08:00:13]name:modem-service 1 1
[1980-01-06 08:00:13]name:gnss-service 1 1
[1980-01-06 08:00:13]----------------ini_info_t end  ------------------
[1980-01-06 08:00:13]power:Oct 31 2019 14:25:00
[1980-01-06 08:00:13]/sys/class/tbox/mpu_update/value check 0
[1980-01-06 08:00:13]/sys/class/tbox/mcu_notify_mpu1/value check 0
[1980-01-06 08:00:13]/sys/class/tbox/mcu_notify_mpu2/value check 0
[1980-01-06 08:00:13]/sys/class/tbox/mpu_wake_mcu/value check 0
[1980-01-06 08:00:13]/sys/class/tbox/mcu_wake_mpu/value check 0
[1980-01-06 08:00:13]/sys/class/tbox/bt_dev_wake/value check 0
[1980-01-06 08:00:13]/sys/devices/78d9000.usb/power_supply/usb/present check 0
[1980-01-06 08:00:13]/sys/class/tbox/mcu_wake_mpu/irq_ref check 0
[1980-01-06 08:00:13]/sys/class/tbox/bt_host_wake/irq_ref check 0
[1980-01-06 08:00:13]init hardware sucess
[1980-01-06 08:00:13]ipc power sucess
[1980-01-06 08:00:13]ipc process sucess
[1980-01-06 08:00:13]ipc mcuservicedata sucess
[1980-01-06 08:00:13]mcu wakeup mpu,source:3FFC0
[1980-01-06 08:00:13]boot:reboot normal 0
[1980-01-06 08:00:13]wait handshake
[1980-01-06 08:00:13]wait handshake
[1980-01-06 08:00:13]wait handshake
[1980-01-06 08:00:13]wait handshake
[1980-01-06 08:00:13]wait handshake
[1980-01-06 08:00:13]wait handshake
[1980-01-06 08:00:13]wait handshake
[1980-01-06 08:00:14]wait handshake
[1980-01-06 08:00:14]wait handshake
[1980-01-06 08:00:14]wait handshake
[1980-01-06 08:00:14]wait handshake
[1980-01-06 08:00:14]opwrmode:0 npwrmode:1
[1980-01-06 08:00:14]wait handshake
[1980-01-06 08:00:14]wait handshake
[1980-01-06 08:00:14]wait handshake
[1980-01-06 08:00:14]wait handshake
[1980-01-06 08:00:14]wait handshake
[1980-01-06 08:00:15]wait handshake
[1980-01-06 08:00:15]wait handshake
[1980-01-06 08:00:15]wait handshake
[1980-01-06 08:00:15]wait handshake
[1980-01-06 08:00:15]wait handshake
[1980-01-06 08:00:15]wait handshake
[1980-01-06 08:00:15]wait handshake
[1980-01-06 08:00:15]wait handshake
[1980-01-06 08:00:15]wait handshake
[1980-01-06 08:00:16]wait handshake
[1980-01-06 08:00:16]wait handshake
[1980-01-06 08:00:16]wait handshake
[1980-01-06 08:00:16]wait handshake
[1980-01-06 08:00:16]wait handshake
[1980-01-06 08:00:16]wait handshake
[1980-01-06 08:00:16]wait handshake
[1980-01-06 08:00:16]wait handshake
[1980-01-06 08:00:16]wait handshake
[1980-01-06 08:00:17]wait handshake
[1980-01-06 08:00:17]wait handshake
[1980-01-06 08:00:17]wait handshake
[1980-01-06 08:00:17]wait handshake
[1980-01-06 08:00:17]wait handshake
[1980-01-06 08:00:17]wait handshake
[1980-01-06 08:00:17]wait handshake
[1980-01-06 08:00:17]wait handshake
[1980-01-06 08:00:18]wait handshake
[1980-01-06 08:00:18]wait handshake
[1980-01-06 08:00:18]wait handshake
[1980-01-06 08:00:18]wait handshake
[1980-01-06 08:00:18]wait handshake
[1980-01-06 08:00:18]wait handshake
[1980-01-06 08:00:18]wait handshake
[1980-01-06 08:00:18]wait handshake
[1980-01-06 08:00:18]wait handshake
[1980-01-06 08:00:19]wait handshake
[1980-01-06 08:00:19]wait handshake
[1980-01-06 08:00:19]wait handshake
[1980-01-06 08:00:19]wait handshake
[1980-01-06 08:00:19]wait handshake
[1980-01-06 08:00:19]wait handshake
[1980-01-06 08:00:19]wait handshake
[1980-01-06 08:00:19]wait handshake
[1980-01-06 08:00:19]wait handshake
[1980-01-06 08:00:20]wait handshake
[1980-01-06 08:00:20]wait handshake
[1980-01-06 08:00:20]wait handshake
[1980-01-06 08:00:20]wait handshake
[1980-01-06 08:00:20]wait handshake
[1980-01-06 08:00:20]wait handshake
[1980-01-06 08:00:20]wait handshake
[1980-01-06 08:00:20]wait handshake
[1980-01-06 08:00:20]wait handshake
[1980-01-06 08:00:21]keep power off
[1980-01-06 08:00:21]wait handshake
[1980-01-06 08:00:21]wait handshake
[1980-01-06 08:00:21]wait handshake
[1980-01-06 08:00:21]wait handshake
[1980-01-06 08:00:21]wait handshake
[1980-01-06 08:00:21]wait handshake
[1980-01-06 08:00:21]wait handshake
[1980-01-06 08:00:21]wait handshake
[1980-01-06 08:00:21]wait handshake
[1980-01-06 08:00:21]wait handshake
[1980-01-06 08:00:22]wait handshake
[1980-01-06 08:00:22]wait handshake
[1980-01-06 08:00:22]wait handshake
[1980-01-06 08:00:22]wait handshake
[1980-01-06 08:00:22]wait handshake
[1980-01-06 08:00:22]wait handshake
[1980-01-06 08:00:22]sendPwrWakeupEvent->id:modem-service-boot,wake:0x00000001,wkuptime:90,desc:wait data,ret:1
[1980-01-06 08:00:22]wait handshake
[1980-01-06 08:00:22]wait handshake
[1980-01-06 08:00:22]wait handshake
[1980-01-06 08:00:22]wait handshake
[1980-01-06 08:00:23]wait handshake
[1980-01-06 08:00:23]wait handshake
[1980-01-06 08:00:23]wait handshake
[1980-01-06 08:00:23]wait handshake
[1980-01-06 08:00:23]wait handshake
[1980-01-06 08:00:23]wait handshake
[1980-01-06 08:00:23]wait handshake
[1980-01-06 08:00:23]wait handshake
[1980-01-06 08:00:23]wait handshake
[1980-01-06 08:00:24]wait handshake
[1980-01-06 08:00:24]wait handshake
[1980-01-06 08:00:24]wait handshake
[1980-01-06 08:00:24]wait handshake
[1980-01-06 08:00:24]wait handshake
[1980-01-06 08:00:24]wait handshake
[1980-01-06 08:00:24]sendPwrWakeupEvent->id:modem-service-boot,wake:0x00000001,wkuptime:20,desc:end data,ret:1
[1980-01-06 08:00:24]wait handshake
[1980-01-06 08:00:24]wait handshake
[1980-01-06 08:00:24]wait handshake
[1980-01-06 08:00:24]wait handshake
[1980-01-06 08:00:25]wait handshake
[1980-01-06 08:00:25]wait handshake
[1980-01-06 08:00:25]wait handshake
[1980-01-06 08:00:25]wait handshake
[1980-01-06 08:00:25]wait handshake
[1980-01-06 08:00:25]wait handshake
[1980-01-06 08:00:25]wait handshake
[1980-01-06 08:00:25]wait handshake
[1980-01-06 08:00:25]wait handshake
[1980-01-06 08:00:26]wait handshake
[1980-01-06 08:00:26]wait handshake
[1980-01-06 08:00:26]wait handshake
[1980-01-06 08:00:26]wait handshake
[1980-01-06 08:00:26]wait handshake
[1980-01-06 08:00:26]wait handshake
[1980-01-06 08:00:26]wait handshake
[1980-01-06 08:00:26]wait handshake
[1980-01-06 08:00:26]wait handshake
[1980-01-06 08:00:27]wait handshake
[1980-01-06 08:00:27]wait handshake
[1980-01-06 08:00:27]wait handshake
[1980-01-06 08:00:27]wait handshake
[1980-01-06 08:00:27]wait handshake
[1980-01-06 08:00:27]wait handshake
[1980-01-06 08:00:27]wait handshake
[1980-01-06 08:00:27]wait handshake
[1980-01-06 08:00:27]wait handshake
[1980-01-06 08:00:28]wait handshake
[1980-01-06 08:00:28]wait handshake
[1980-01-06 08:00:28]wait handshake
[1980-01-06 08:00:28]wait handshake
[1980-01-06 08:00:28]wait handshake
[1980-01-06 08:00:28]wait handshake
[1980-01-06 08:00:28]wait handshake
[1980-01-06 08:00:28]wait handshake
[1980-01-06 08:00:28]wait handshake
[1980-01-06 08:00:29]wait handshake
[1980-01-06 08:00:29]wait handshake
[1980-01-06 08:00:29]wait handshake
[1980-01-06 08:00:29]wait handshake
[1980-01-06 08:00:29]wait handshake
[1980-01-06 08:00:29]wait handshake
[1980-01-06 08:00:29]wait handshake
[1980-01-06 08:00:29]wait handshake
[1980-01-06 08:00:30]wait handshake
[1980-01-06 08:00:30]wait handshake
[1980-01-06 08:00:30]wait handshake
[1980-01-06 08:00:30]wait handshake
[1980-01-06 08:00:30]wait handshake
[1980-01-06 08:00:30]wait handshake
[1980-01-06 08:00:30]wait handshake
[1980-01-06 08:00:30]wait handshake
[1980-01-06 08:00:30]wait handshake
[1980-01-06 08:00:30]wait handshake
[1980-01-06 08:00:31]wait handshake
[2019-11-07 19:58:01]wait handshake
[2019-11-07 19:58:01]wait handshake
[2019-11-07 19:58:01]wait handshake
[2019-11-07 19:58:01]wait handshake
[2019-11-07 19:58:01]wait handshake
[2019-11-07 19:58:01]wait handshake
[2019-11-07 19:58:01]wait handshake
[2019-11-07 19:58:01]wait handshake
[2019-11-07 19:58:01]wait handshake
[2019-11-07 19:58:02]wait handshake
[2019-11-07 19:58:02]wait handshake
[2019-11-07 19:58:02]wait handshake
[2019-11-07 19:58:02]wait handshake
[2019-11-07 19:58:02]wait handshake
[2019-11-07 19:58:02]wait handshake
[2019-11-07 19:58:02]wait handshake
[2019-11-07 19:58:02]wait handshake
[2019-11-07 19:58:02]wait handshake
[2019-11-07 19:58:02]wait handshake
[2019-11-07 19:58:03]wait handshake
[2019-11-07 19:58:03]wait handshake
[2019-11-07 19:58:03]wait handshake
[2019-11-07 19:58:03]wait handshake
[2019-11-07 19:58:03]wait handshake
[2019-11-07 19:58:03]wait handshake
[2019-11-07 19:58:03]wait handshake
[2019-11-07 19:58:03]wait handshake
[2019-11-07 19:58:03]wait handshake
[2019-11-07 19:58:04]wait handshake
[2019-11-07 19:58:04]wait handshake
[2019-11-07 19:58:04]wait handshake
[2019-11-07 19:58:04]wait handshake
[2019-11-07 19:58:04]wait handshake
[2019-11-07 19:58:04]wait handshake
[2019-11-07 19:58:04]wait handshake
[2019-11-07 19:58:04]wait handshake
[2019-11-07 19:58:04]wait handshake
[2019-11-07 19:58:04]wait handshake
[2019-11-07 19:58:05]wait handshake
[2019-11-07 17:03:55]wait handshake
[2019-11-07 17:03:55]wait handshake
[2019-11-07 17:03:55]wait handshake
[2019-11-07 17:03:55]wait handshake
[2019-11-07 17:03:55]wait handshake
[2019-11-07 17:03:55]wait handshake
[2019-11-07 17:03:55]wait handshake
[2019-11-07 17:03:55]wait handshake
[2019-11-07 17:03:55]wait handshake
[2019-11-07 17:03:55]wait handshake
[2019-11-07 17:03:56]wait handshake
[2019-11-07 17:03:56]wait handshake
[2019-11-07 17:03:56]wait handshake
[2019-11-07 17:03:56]wait handshake
[2019-11-07 17:03:56]wait handshake
[2019-11-07 17:03:56]wait handshake
[2019-11-07 17:03:56]wait handshake
[2019-11-07 17:03:56]wait handshake
[2019-11-07 17:03:56]wait handshake
[2019-11-07 17:03:56]wait handshake
[2019-11-07 17:03:57]wait handshake
[2019-11-07 17:03:57]wait handshake
[2019-11-07 17:03:57]wait handshake
[2019-11-07 17:03:57]wait handshake
[2019-11-07 17:03:57]wait handshake
[2019-11-07 17:03:57]wait handshake
[2019-11-07 17:03:57]wait handshake
[2019-11-07 17:03:57]wait handshake
[2019-11-07 17:03:57]wait handshake
[2019-11-07 17:03:58]wait handshake
[2019-11-07 17:03:58]wait handshake
[2019-11-07 17:03:58]wait handshake
[2019-11-07 17:03:58]wait handshake
[2019-11-07 17:03:58]wait handshake
[2019-11-07 17:03:58]wait handshake
[2019-11-07 17:03:58]wait handshake
[2019-11-07 17:03:58]wait handshake
[2019-11-07 17:03:58]wait handshake
[2019-11-07 17:03:58]wait handshake
[2019-11-07 17:03:59]wait handshake
[2019-11-07 17:03:59]wait handshake
[2019-11-07 17:03:59]wait handshake
[2019-11-07 17:03:59]wait handshake
[2019-11-07 17:03:59]wait handshake
[2019-11-07 17:03:59]wait handshake
[2019-11-07 17:03:59]wait handshake
[2019-11-07 17:03:59]wait handshake
[2019-11-07 17:03:59]wait handshake
[2019-11-07 17:03:59]wait handshake
[2019-11-07 17:04:00]wait handshake
[2019-11-07 17:04:00]wait handshake
[2019-11-07 17:04:00]wait handshake
[2019-11-07 17:04:00]wait handshake
[2019-11-07 17:04:00]wait handshake
[2019-11-07 17:04:00]wait handshake
[2019-11-07 17:04:00]wait handshake
[2019-11-07 17:04:00]wait handshake
[2019-11-07 17:04:00]wait handshake
[2019-11-07 17:04:01]wait handshake
[2019-11-07 17:04:01]wait handshake
[2019-11-07 17:04:01]wait handshake
[2019-11-07 17:04:01]wait handshake
[2019-11-07 17:04:01]wait handshake
[2019-11-07 17:04:01]wait handshake
[2019-11-07 17:04:01]wait handshake
[2019-11-07 17:04:01]wait handshake
[2019-11-07 17:04:01]wait handshake
[2019-11-07 17:04:01]wait handshake
[2019-11-07 17:04:02]wait handshake
[2019-11-07 17:04:02]wait handshake
[2019-11-07 17:04:02]wait handshake
[2019-11-07 17:04:02]wait handshake
[2019-11-07 17:04:02]wait handshake
[2019-11-07 17:04:02]wait handshake
[2019-11-07 17:04:02]wait handshake
[2019-11-07 17:04:02]wait handshake
[2019-11-07 17:04:02]wait handshake
[2019-11-07 17:04:02]wait handshake
[2019-11-07 17:04:03]wait handshake
[2019-11-07 17:04:03]wait handshake
[2019-11-07 17:04:03]wait handshake
[2019-11-07 17:04:03]wait handshake
[2019-11-07 17:04:03]wait handshake
[2019-11-07 17:04:03]wait handshake
[2019-11-07 17:04:03]wait handshake
[2019-11-07 17:04:03]wait handshake
[2019-11-07 17:04:03]wait handshake
[2019-11-07 17:04:04]wait handshake
[2019-11-07 17:04:04]wait handshake
[2019-11-07 17:04:04]wait handshake
[2019-11-07 17:04:04]wait handshake
[2019-11-07 17:04:04]wait handshake
[2019-11-07 17:04:04]wait handshake
[2019-11-07 17:04:04]wait handshake
[2019-11-07 17:04:04]wait handshake
[2019-11-07 17:04:04]wait handshake
[2019-11-07 17:04:04]wait handshake
[2019-11-07 17:04:05]wait handshake
[2019-11-07 17:04:05]wait handshake
[2019-11-07 17:04:05]wait handshake
[2019-11-07 17:04:05]wait handshake
[2019-11-07 17:04:05]wait handshake
[2019-11-07 17:04:05]wait handshake
[2019-11-07 17:04:05]wait handshake
[2019-11-07 17:04:05]wait handshake
[2019-11-07 17:04:05]wait handshake
[2019-11-07 17:04:05]wait handshake
[2019-11-07 17:04:06]wait handshake
[2019-11-07 17:04:06]wait handshake
[2019-11-07 17:04:06]wait handshake
[2019-11-07 17:04:06]wait handshake
[2019-11-07 17:04:06]wait handshake
[2019-11-07 17:04:06]wait handshake
[2019-11-07 17:04:06]wait handshake
[2019-11-07 17:04:06]wait handshake
[2019-11-07 17:04:06]wait handshake
[2019-11-07 17:04:06]wait handshake
[2019-11-07 17:04:07]wait handshake
[2019-11-07 17:04:07]wait handshake
[2019-11-07 17:04:07]wait handshake
[2019-11-07 17:04:07]wait handshake
[2019-11-07 17:04:07]wait handshake
[2019-11-07 17:04:07]wait handshake
[2019-11-07 17:04:07]wait handshake
[2019-11-07 17:04:07]wait handshake
[2019-11-07 17:04:07]wait handshake
[2019-11-07 17:04:08]wait handshake
[2019-11-07 17:04:08]wait handshake
[2019-11-07 17:04:08]wait handshake
[2019-11-07 17:04:08]wait handshake
[2019-11-07 17:04:08]wait handshake
[2019-11-07 17:04:08]wait handshake
[2019-11-07 17:04:08]wait handshake
[2019-11-07 17:04:08]wait handshake
[2019-11-07 17:04:08]wait handshake
[2019-11-07 17:04:08]wait handshake
[2019-11-07 17:04:09]wait handshake
[2019-11-07 17:04:09]wait handshake
[2019-11-07 17:04:09]wait handshake
[2019-11-07 17:04:09]wait handshake
[2019-11-07 17:04:09]wait handshake
[2019-11-07 17:04:09]wait handshake
[2019-11-07 17:04:09]wait handshake
[2019-11-07 17:04:09]wait handshake
[2019-11-07 17:04:09]wait handshake
[2019-11-07 17:04:10]wait handshake
[2019-11-07 17:04:10]wait handshake
[2019-11-07 17:04:10]wait handshake
[2019-11-07 17:04:10]wait handshake
[2019-11-07 17:04:10]wait handshake
[2019-11-07 17:04:10]wait handshake
[2019-11-07 17:04:10]wait handshake
[2019-11-07 17:04:10]wait handshake
[2019-11-07 17:04:10]wait handshake
[2019-11-07 17:04:10]wait handshake
[2019-11-07 17:04:11]wait handshake
[2019-11-07 17:04:11]wait handshake
[2019-11-07 17:04:11]wait handshake
[2019-11-07 17:04:11]wait handshake
[2019-11-07 17:04:11]wait handshake
[2019-11-07 17:04:11]wait handshake
[2019-11-07 17:04:11]wait handshake
[2019-11-07 17:04:11]wait handshake
[2019-11-07 17:04:11]wait handshake
[2019-11-07 17:04:11]wait handshake
[2019-11-07 17:04:12]wait handshake
[2019-11-07 17:04:12]wait handshake
[2019-11-07 17:04:12]wait handshake
[2019-11-07 17:04:12]wait handshake
[2019-11-07 17:04:12]wait handshake
[2019-11-07 17:04:12]wait handshake
[2019-11-07 17:04:12]wait handshake
[2019-11-07 17:04:12]wait handshake
[2019-11-07 17:04:12]wait handshake
[2019-11-07 17:04:13]wait handshake
[2019-11-07 17:04:13]wait handshake
[2019-11-07 17:04:13]wait handshake
[2019-11-07 17:04:13]wait handshake
[2019-11-07 17:04:13]wait handshake
[2019-11-07 17:04:13]wait handshake
[2019-11-07 17:04:13]wait handshake
[2019-11-07 17:04:13]wait handshake
[2019-11-07 17:04:13]wait handshake
[2019-11-07 17:04:13]wait handshake
[2019-11-07 17:04:14]wait handshake
[2019-11-07 17:04:14]wait handshake
[2019-11-07 17:04:14]wait handshake
[2019-11-07 17:04:14]wait handshake
[2019-11-07 17:04:14]wait handshake
[2019-11-07 17:04:14]wait handshake
[2019-11-07 17:04:14]wait handshake
[2019-11-07 17:04:14]wait handshake
[2019-11-07 17:04:14]wait handshake
[2019-11-07 17:04:14]wait handshake
[2019-11-07 17:04:15]wait handshake
[2019-11-07 17:04:15]wait handshake
[2019-11-07 17:04:15]wait handshake
[2019-11-07 17:04:15]wait handshake
[2019-11-07 17:04:15]wait handshake
[2019-11-07 17:04:15]wait handshake
[2019-11-07 17:04:15]wait handshake
[2019-11-07 17:04:15]wait handshake
[2019-11-07 17:04:15]wait handshake
[2019-11-07 17:04:16]wait handshake
[2019-11-07 17:04:16]wait handshake
[2019-11-07 17:04:16]wait handshake
[2019-11-07 17:04:16]wait handshake
[2019-11-07 17:04:16]wait handshake
[2019-11-07 17:04:16]wait handshake
[2019-11-07 17:04:16]wait handshake
[2019-11-07 17:04:16]wait handshake
[2019-11-07 17:04:16]wait handshake
[2019-11-07 17:04:16]wait handshake
[2019-11-07 17:04:17]wait handshake
[2019-11-07 17:04:17]wait handshake
[2019-11-07 17:04:17]wait handshake
[2019-11-07 17:04:17]wait handshake
[2019-11-07 17:04:17]wait handshake
[2019-11-07 17:04:17]wait handshake
[2019-11-07 17:04:17]wait handshake
[2019-11-07 17:04:17]wait handshake
[2019-11-07 17:04:17]wait handshake
[2019-11-07 17:04:17]wait handshake
[2019-11-07 17:04:18]wait handshake
[2019-11-07 17:04:18]wait handshake
[2019-11-07 17:04:18]wait handshake
[2019-11-07 17:04:18]wait handshake
[2019-11-07 17:04:18]wait handshake
[2019-11-07 17:04:18]wait handshake
[2019-11-07 17:04:18]wait handshake
[2019-11-07 17:04:18]wait handshake
[2019-11-07 17:04:18]wait handshake
[2019-11-07 17:04:19]wait handshake
[2019-11-07 17:04:19]wait handshake
[2019-11-07 17:04:19]wait handshake
[2019-11-07 17:04:19]wait handshake
[2019-11-07 17:04:19]wait handshake
[2019-11-07 17:04:19]wait handshake
[2019-11-07 17:04:19]wait handshake
[2019-11-07 17:04:19]wait handshake
[2019-11-07 17:04:19]wait handshake
[2019-11-07 17:04:19]wait handshake
[2019-11-07 17:04:20]wait handshake
[2019-11-07 17:04:20]wait handshake
[2019-11-07 17:04:20]wait handshake
[2019-11-07 17:04:20]wait handshake
[2019-11-07 17:04:20]wait handshake
[2019-11-07 17:04:20]wait handshake
[2019-11-07 17:04:20]wait handshake
[2019-11-07 17:04:20]wait handshake
[2019-11-07 17:04:20]wait handshake
[2019-11-07 17:04:20]mcu wakeup mpu,source:40
[2019-11-07 17:04:20]wait handshake
[2019-11-07 17:16:41]opwrmode:1 npwrmode:2
[2019-11-07 17:16:43]opwrmode:2 npwrmode:3
[2019-11-07 17:16:49]opwrmode:3 npwrmode:4
[2019-11-07 17:16:49]go to suspend
[2019-11-07 17:16:49]enter ---PM_SUSPEND-------------------
[2019-11-07 17:16:52]system call:echo mem > /sys/power/state &, expect:NULL
[2019-11-07 17:16:58]mcu wakeup mpu: 2
[2019-11-07 17:16:58]wakeup_timeout = 0 ,wkup mcu
[2019-11-07 17:16:58]go to wakeup
[2019-11-07 17:16:59]opwrmode:4 npwrmode:1
[2019-11-07 17:17:01]opwrmode:1 npwrmode:2
[2019-11-07 17:17:04]opwrmode:2 npwrmode:3
[2019-11-07 17:17:09]opwrmode:3 npwrmode:4
[2019-11-07 17:17:09]go to suspend
[2019-11-07 17:17:10]enter ---PM_SUSPEND-------------------
[2019-11-07 17:17:13]system call:echo mem > /sys/power/state &, expect:NULL
[2019-11-07 17:17:20]wait handshake
[2019-11-07 17:17:20]wait handshake
[2019-11-07 17:17:20]wait handshake
[2019-11-07 17:17:20]wait handshake
[2019-11-07 17:17:20]wait handshake
[2019-11-07 17:17:21]wait handshake
[2019-11-07 17:17:21]wait handshake
[2019-11-07 17:17:21]wait handshake
[2019-11-07 17:17:21]wait handshake
[2019-11-07 17:17:21]wait handshake
[2019-11-07 17:17:21]wait handshake
[2019-11-07 17:17:21]wait handshake
[2019-11-07 17:17:21]wait handshake
[2019-11-07 17:17:21]wait handshake
[2019-11-07 17:17:22]wait handshake
[2019-11-07 17:17:22]wait handshake
[2019-11-07 17:17:22]wait handshake
[2019-11-07 17:17:22]wait handshake
[2019-11-07 17:17:22]wait handshake
[2019-11-07 17:17:22]wait handshake
[2019-11-07 17:17:22]wait handshake
[2019-11-07 17:17:22]wait handshake
[2019-11-07 17:17:23]wait handshake
[2019-11-07 17:17:23]wait handshake
[2019-11-07 17:17:23]wait handshake
[2019-11-07 17:17:23]wait handshake
[2019-11-07 17:17:23]wait handshake
[2019-11-07 17:17:23]wait handshake
[2019-11-07 17:17:23]wait handshake
[2019-11-07 17:17:23]wait handshake
[2019-11-07 17:17:23]wait handshake
[2019-11-07 17:17:24]wait handshake
[2019-11-07 17:17:24]wait handshake
[2019-11-07 17:17:24]wait handshake
[2019-11-07 17:17:24]wait handshake
[2019-11-07 17:17:24]wait handshake
[2019-11-07 17:17:24]wait handshake
[2019-11-07 17:17:24]wait handshake
[2019-11-07 17:17:24]wait handshake
[2019-11-07 17:17:24]wait handshake
[2019-11-07 17:17:24]wait handshake
[2019-11-07 17:17:25]wait handshake
[2019-11-07 17:17:25]wait handshake
[2019-11-07 17:17:25]wait handshake
[2019-11-07 17:17:25]wait handshake
[2019-11-07 17:17:25]wait handshake
[2019-11-07 17:17:25]wait handshake
[2019-11-07 17:17:25]wait handshake
[2019-11-07 17:17:25]wait handshake
[2019-11-07 17:17:25]wait handshake
[2019-11-07 17:17:26]wait handshake
[2019-11-07 17:17:26]wait handshake
[2019-11-07 17:17:26]wait handshake
[2019-11-07 17:17:26]go to suspend
[2019-11-07 17:17:26]enter ---PM_SUSPEND-------------------
[2019-11-07 17:17:26]wait handshake
[2019-11-07 17:17:27]wait handshake
[2019-11-07 17:17:28]wait handshake
[2019-11-07 17:17:29]system call:echo mem > /sys/power/state &, expect:NULL
[2019-11-07 17:17:34]wait handshake
[2019-11-07 17:17:34]wait handshake
[2019-11-07 17:17:34]wait handshake
[2019-11-07 17:17:34]wait handshake
[2019-11-07 17:17:34]wait handshake
[2019-11-07 17:17:35]wait handshake
[2019-11-07 17:17:35]wait handshake
[2019-11-07 17:17:35]wait handshake
[2019-11-07 17:17:35]wait handshake
[2019-11-07 17:17:35]mcu wakeup mpu: 4
[2019-11-07 17:17:35]wakeup_timeout = 5 ,wkup mcu
[2019-11-07 17:17:35]go to wakeup
[2019-11-07 17:17:36]opwrmode:4 npwrmode:1
