[1980-01-06 08:00:12]power-service:Oct 31 2019 14:30:56
[1980-01-06 08:00:12]----------------ini_info_t start ------------------
[1980-01-06 08:00:12]name:modem-service 1 1
[1980-01-06 08:00:12]name:gnss-service 1 1
[1980-01-06 08:00:12]----------------ini_info_t end  ------------------
[1980-01-06 08:00:12]power:Oct 31 2019 14:25:00
[1980-01-06 08:00:12]/sys/class/tbox/mpu_update/value check 0
[1980-01-06 08:00:12]/sys/class/tbox/mcu_notify_mpu1/value check 0
[1980-01-06 08:00:12]/sys/class/tbox/mcu_notify_mpu2/value check 0
[1980-01-06 08:00:12]/sys/class/tbox/mpu_wake_mcu/value check 0
[1980-01-06 08:00:12]/sys/class/tbox/mcu_wake_mpu/value check 0
[1980-01-06 08:00:12]/sys/class/tbox/bt_dev_wake/value check 0
[1980-01-06 08:00:12]/sys/devices/78d9000.usb/power_supply/usb/present check 0
[1980-01-06 08:00:12]/sys/class/tbox/mcu_wake_mpu/irq_ref check 0
[1980-01-06 08:00:12]/sys/class/tbox/bt_host_wake/irq_ref check 0
[1980-01-06 08:00:12]init hardware sucess
[1980-01-06 08:00:12]ipc power sucess
[1980-01-06 08:00:12]ipc process sucess
[1980-01-06 08:00:12]ipc mcuservicedata sucess
[1980-01-06 08:00:12]mcu wakeup mpu,source:3FFC0
[1980-01-06 08:00:12]boot:reboot normal 0
[1980-01-06 08:00:12]wait handshake
[1980-01-06 08:00:13]opwrmode:0 npwrmode:1
[1980-01-06 08:00:20]keep power off
[1980-01-06 08:00:21]sendPwrWakeupEvent->id:modem-service-boot,wake:0x00000001,wkuptime:90,desc:wait data,ret:1
[1980-01-06 08:00:23]sendPwrWakeupEvent->id:modem-service-boot,wake:0x00000001,wkuptime:20,desc:end data,ret:1
[2019-11-08 07:38:53]opwrmode:1 npwrmode:2
[2019-11-08 07:38:55]opwrmode:2 npwrmode:3
[2019-11-08 07:39:01]opwrmode:3 npwrmode:4
[2019-11-08 07:39:01]go to suspend
[2019-11-08 07:39:01]enter ---PM_SUSPEND-------------------
[2019-11-08 07:39:04]system call:echo mem > /sys/power/state &, expect:NULL
[2019-11-08 07:39:05]wait handshake
[2019-11-08 07:39:05]wait handshake
[2019-11-08 07:39:06]wait handshake
[2019-11-08 07:39:06]wait handshake
[2019-11-08 07:39:06]wait handshake
[2019-11-08 07:39:06]wait handshake
[2019-11-08 07:39:06]wait handshake
[2019-11-08 07:39:06]wait handshake
[2019-11-08 07:39:06]wait handshake
[2019-11-08 07:39:06]wait handshake
[2019-11-08 07:39:06]wait handshake
[2019-11-08 07:39:07]wait handshake
[2019-11-08 07:39:07]wait handshake
[2019-11-08 07:39:07]wait handshake
[2019-11-08 07:39:07]wait handshake
[2019-11-08 07:39:07]wait handshake
[2019-11-08 07:39:07]wait handshake
[2019-11-08 07:39:07]wait handshake
[2019-11-08 07:39:07]wait handshake
[2019-11-08 07:39:07]wait handshake
[2019-11-08 07:39:07]wait handshake
[2019-11-08 07:39:08]wait handshake
[2019-11-08 07:39:08]wait handshake
[2019-11-08 07:39:08]wait handshake
[2019-11-08 07:39:08]wait handshake
[2019-11-08 07:39:08]wait handshake
[2019-11-08 07:39:08]wait handshake
[2019-11-08 07:39:08]wait handshake
[2019-11-08 07:39:08]wait handshake
[2019-11-08 07:39:08]wait handshake
[2019-11-08 07:39:09]wait handshake
[2019-11-08 07:39:09]wait handshake
[2019-11-08 07:39:09]wait handshake
[2019-11-08 07:39:09]wait handshake
[2019-11-08 07:39:09]wait handshake
[2019-11-08 07:39:09]wait handshake
[2019-11-08 07:39:09]wait handshake
[2019-11-08 07:39:09]wait handshake
[2019-11-08 07:39:09]wait handshake
[2019-11-08 07:39:09]wait handshake
[2019-11-08 07:39:10]wait handshake
[2019-11-08 07:39:10]wait handshake
[2019-11-08 07:39:10]wait handshake
[2019-11-08 07:39:10]wait handshake
[2019-11-08 07:39:10]wait handshake
[2019-11-08 07:39:10]wait handshake
[2019-11-08 07:39:10]wait handshake
[2019-11-08 07:39:10]wait handshake
[2019-11-08 07:39:10]wait handshake
[2019-11-08 07:39:11]wait handshake
[2019-11-08 07:39:11]wait handshake
[2019-11-08 07:39:11]wait handshake
[2019-11-08 07:39:11]wait handshake
[2019-11-08 07:39:11]wait handshake
[2019-11-08 07:39:11]wait handshake
[2019-11-08 07:39:11]go to suspend
[2019-11-08 07:39:11]enter ---PM_SUSPEND-------------------
[2019-11-08 07:39:11]wait handshake
[2019-11-08 07:39:12]wait handshake
[2019-11-08 07:39:13]wait handshake
[2019-11-08 07:39:14]system call:echo mem > /sys/power/state &, expect:NULL
[2019-11-08 07:39:14]wait handshake
[2019-11-08 07:39:15]wait handshake
[2019-11-08 07:39:15]wait handshake
[2019-11-08 07:39:15]wait handshake
[2019-11-08 07:39:15]wait handshake
[2019-11-08 07:39:15]wait handshake
[2019-11-08 07:39:15]wait handshake
[2019-11-08 07:39:15]wait handshake
[2019-11-08 07:39:15]wait handshake
[2019-11-08 07:39:15]wait handshake
[2019-11-08 07:39:16]wait handshake
[2019-11-08 07:39:16]wait handshake
[2019-11-08 07:39:16]wait handshake
[2019-11-08 07:39:16]wait handshake
[2019-11-08 07:39:16]wait handshake
[2019-11-08 07:39:16]wait handshake
[2019-11-08 07:39:16]wait handshake
[2019-11-08 07:39:16]wait handshake
[2019-11-08 07:39:16]wait handshake
[2019-11-08 07:39:16]wait handshake
[2019-11-08 07:39:17]wait handshake
[2019-11-08 07:39:17]wait handshake
[2019-11-08 07:39:17]wait handshake
[2019-11-08 07:39:17]wait handshake
[2019-11-08 07:39:17]wait handshake
[2019-11-08 07:39:17]wait handshake
[2019-11-08 07:39:17]wait handshake
[2019-11-08 07:39:17]wait handshake
[2019-11-08 07:39:17]wait handshake
[2019-11-08 07:39:18]wait handshake
[2019-11-08 07:39:18]wait handshake
[2019-11-08 07:39:18]wait handshake
[2019-11-08 07:39:18]wait handshake
[2019-11-08 07:39:18]wait handshake
[2019-11-08 07:39:18]wait handshake
[2019-11-08 07:39:18]wait handshake
[2019-11-08 07:39:18]wait handshake
[2019-11-08 07:39:18]wait handshake
[2019-11-08 07:39:18]wait handshake
[2019-11-08 07:39:19]wait handshake
[2019-11-08 07:39:19]wait handshake
[2019-11-08 07:39:19]wait handshake
[2019-11-08 07:39:19]wait handshake
[2019-11-08 07:39:19]wait handshake
[2019-11-08 07:39:19]wait handshake
[2019-11-08 07:39:19]wait handshake
[2019-11-08 07:39:19]wait handshake
[2019-11-08 07:39:19]wait handshake
[2019-11-08 07:39:20]wait handshake
[2019-11-08 07:39:20]wait handshake
[2019-11-08 07:39:20]wait handshake
[2019-11-08 07:39:20]wait handshake
[2019-11-08 07:39:20]wait handshake
[2019-11-08 07:39:20]wait handshake
[2019-11-08 07:39:20]wait handshake
[2019-11-08 07:39:20]wait handshake
[2019-11-08 07:39:20]go to suspend
[2019-11-08 07:39:20]enter ---PM_SUSPEND-------------------
[2019-11-08 07:39:21]wait handshake
[2019-11-08 07:39:22]wait handshake
[2019-11-08 07:39:23]wait handshake
[2019-11-08 07:39:23]system call:echo mem > /sys/power/state &, expect:NULL
[2019-11-08 07:39:24]wait handshake
[2019-11-08 07:39:24]wait handshake
[2019-11-08 07:39:24]wait handshake
[2019-11-08 07:39:24]wait handshake
[2019-11-08 07:39:24]wait handshake
[2019-11-08 07:39:24]wait handshake
[2019-11-08 07:39:25]wait handshake
[2019-11-08 07:39:25]wait handshake
[2019-11-08 07:39:25]wait handshake
[2019-11-08 07:39:25]wait handshake
[2019-11-08 07:39:25]wait handshake
[2019-11-08 07:39:25]wait handshake
[2019-11-08 07:39:25]wait handshake
[2019-11-08 07:39:25]wait handshake
[2019-11-08 07:39:25]wait handshake
[2019-11-08 07:39:26]wait handshake
[2019-11-08 07:39:26]wait handshake
[2019-11-08 07:39:26]wait handshake
[2019-11-08 07:39:26]wait handshake
[2019-11-08 07:39:26]wait handshake
[2019-11-08 07:39:26]wait handshake
[2019-11-08 07:39:26]wait handshake
[2019-11-08 07:39:26]wait handshake
[2019-11-08 07:39:26]wait handshake
[2019-11-08 07:39:27]wait handshake
[2019-11-08 07:39:27]wait handshake
[2019-11-08 07:39:27]wait handshake
[2019-11-08 07:39:27]wait handshake
[2019-11-08 07:39:27]wait handshake
[2019-11-08 07:39:27]wait handshake
[2019-11-08 07:39:27]wait handshake
[2019-11-08 07:39:27]wait handshake
[2019-11-08 07:39:27]wait handshake
[2019-11-08 07:39:27]wait handshake
[2019-11-08 07:39:28]wait handshake
[2019-11-08 07:39:28]wait handshake
[2019-11-08 07:39:28]wait handshake
[2019-11-08 07:39:28]wait handshake
[2019-11-08 07:39:28]wait handshake
[2019-11-08 07:39:28]wait handshake
[2019-11-08 07:39:28]wait handshake
[2019-11-08 07:39:28]wait handshake
[2019-11-08 07:39:28]wait handshake
[2019-11-08 07:39:29]wait handshake
[2019-11-08 07:39:29]wait handshake
[2019-11-08 07:39:29]wait handshake
[2019-11-08 07:39:29]wait handshake
[2019-11-08 07:39:29]wait handshake
[2019-11-08 07:39:29]wait handshake
[2019-11-08 07:39:29]wait handshake
[2019-11-08 07:39:29]wait handshake
[2019-11-08 07:39:29]wait handshake
[2019-11-08 07:39:29]wait handshake
[2019-11-08 07:39:30]wait handshake
[2019-11-08 07:39:30]wait handshake
[2019-11-08 07:39:30]wait handshake
[2019-11-08 07:39:30]go to suspend
[2019-11-08 07:39:30]enter ---PM_SUSPEND-------------------
[2019-11-08 07:39:30]wait handshake
[2019-11-08 07:39:31]wait handshake
[2019-11-08 07:39:32]wait handshake
[2019-11-08 07:39:33]system call:echo mem > /sys/power/state &, expect:NULL
[2019-11-08 07:39:33]wait handshake
[2019-11-08 07:39:33]wait handshake
[2019-11-08 07:39:33]wait handshake
[2019-11-08 07:39:34]wait handshake
[2019-11-08 07:39:34]wait handshake
[2019-11-08 07:39:34]wait handshake
[2019-11-08 07:39:34]wait handshake
[2019-11-08 07:39:34]wait handshake
[2019-11-08 07:39:34]wait handshake
[2019-11-08 07:39:34]wait handshake
[2019-11-08 07:39:34]wait handshake
[2019-11-08 07:39:34]wait handshake
[2019-11-08 07:39:35]wait handshake
[2019-11-08 07:39:35]wait handshake
[2019-11-08 07:39:35]wait handshake
[2019-11-08 07:39:35]wait handshake
[2019-11-08 07:39:35]wait handshake
[2019-11-08 07:39:35]wait handshake
[2019-11-08 07:39:35]wait handshake
[2019-11-08 07:39:35]wait handshake
[2019-11-08 07:39:35]wait handshake
[2019-11-08 07:39:35]wait handshake
[2019-11-08 07:39:36]wait handshake
[2019-11-08 07:39:36]wait handshake
[2019-11-08 07:39:36]wait handshake
[2019-11-08 07:39:36]wait handshake
[2019-11-08 07:39:36]wait handshake
[2019-11-08 07:39:36]wait handshake
[2019-11-08 07:39:36]wait handshake
[2019-11-08 07:39:36]wait handshake
[2019-11-08 07:39:36]wait handshake
[2019-11-08 07:39:37]wait handshake
[2019-11-08 07:39:37]wait handshake
[2019-11-08 07:39:37]wait handshake
[2019-11-08 07:39:37]wait handshake
[2019-11-08 07:39:37]wait handshake
[2019-11-08 07:39:37]wait handshake
[2019-11-08 07:39:37]wait handshake
[2019-11-08 07:39:37]wait handshake
[2019-11-08 07:39:37]wait handshake
[2019-11-08 07:39:38]wait handshake
[2019-11-08 07:39:38]wait handshake
[2019-11-08 07:39:38]wait handshake
[2019-11-08 07:39:38]wait handshake
[2019-11-08 07:39:38]wait handshake
[2019-11-08 07:39:38]wait handshake
[2019-11-08 07:39:38]wait handshake
[2019-11-08 07:39:38]wait handshake
[2019-11-08 07:39:38]wait handshake
[2019-11-08 07:39:38]wait handshake
[2019-11-08 07:39:39]wait handshake
[2019-11-08 07:39:39]wait handshake
[2019-11-08 07:39:39]wait handshake
[2019-11-08 07:39:39]wait handshake
[2019-11-08 07:39:39]wait handshake
[2019-11-08 07:39:39]wait handshake
[2019-11-08 07:39:39]go to suspend
[2019-11-08 07:39:39]enter ---PM_SUSPEND-------------------
[2019-11-08 07:39:39]wait handshake
[2019-11-08 07:39:40]wait handshake
[2019-11-08 07:39:41]wait handshake
[2019-11-08 07:39:42]system call:echo mem > /sys/power/state &, expect:NULL
[2019-11-08 07:39:43]wait handshake
[2019-11-08 07:39:43]wait handshake
[2019-11-08 07:39:43]wait handshake
[2019-11-08 07:39:43]wait handshake
[2019-11-08 07:39:43]wait handshake
[2019-11-08 07:39:43]wait handshake
[2019-11-08 07:39:43]wait handshake
[2019-11-08 07:39:43]wait handshake
[2019-11-08 07:39:44]wait handshake
[2019-11-08 07:39:44]wait handshake
[2019-11-08 07:39:44]wait handshake
[2019-11-08 07:39:44]wait handshake
[2019-11-08 07:39:44]wait handshake
[2019-11-08 07:39:44]wait handshake
[2019-11-08 07:39:44]wait handshake
[2019-11-08 07:39:44]wait handshake
[2019-11-08 07:39:44]wait handshake
[2019-11-08 07:39:44]wait handshake
[2019-11-08 07:39:45]wait handshake
[2019-11-08 07:39:45]wait handshake
[2019-11-08 07:39:45]wait handshake
[2019-11-08 07:39:45]wait handshake
[2019-11-08 07:39:45]wait handshake
[2019-11-08 07:39:45]wait handshake
[2019-11-08 07:39:45]wait handshake
[2019-11-08 07:39:45]wait handshake
[2019-11-08 07:39:45]wait handshake
[2019-11-08 07:39:46]wait handshake
[2019-11-08 07:39:46]wait handshake
[2019-11-08 07:39:46]wait handshake
[2019-11-08 07:39:46]wait handshake
[2019-11-08 07:39:46]wait handshake
[2019-11-08 07:39:46]wait handshake
[2019-11-08 07:39:46]wait handshake
[2019-11-08 07:39:46]wait handshake
[2019-11-08 07:39:46]wait handshake
[2019-11-08 07:39:46]wait handshake
[2019-11-08 07:39:47]wait handshake
[2019-11-08 07:39:47]wait handshake
[2019-11-08 07:39:47]wait handshake
[2019-11-08 07:39:47]wait handshake
[2019-11-08 07:39:47]wait handshake
[2019-11-08 07:39:47]wait handshake
[2019-11-08 07:39:47]wait handshake
[2019-11-08 07:39:47]wait handshake
[2019-11-08 07:39:47]wait handshake
[2019-11-08 07:39:48]wait handshake
[2019-11-08 07:39:48]wait handshake
[2019-11-08 07:39:48]wait handshake
[2019-11-08 07:39:48]wait handshake
[2019-11-08 07:39:48]wait handshake
[2019-11-08 07:39:48]wait handshake
[2019-11-08 07:39:48]wait handshake
[2019-11-08 07:39:48]wait handshake
[2019-11-08 07:39:48]wait handshake
[2019-11-08 07:39:49]wait handshake
[2019-11-08 07:39:49]go to suspend
[2019-11-08 07:39:49]enter ---PM_SUSPEND-------------------
[2019-11-08 07:39:49]wait handshake
[2019-11-08 07:39:50]wait handshake
[2019-11-08 07:39:51]wait handshake
[2019-11-08 07:39:52]system call:echo mem > /sys/power/state &, expect:NULL
[2019-11-08 07:39:52]wait handshake
[2019-11-08 07:39:52]wait handshake
[2019-11-08 07:39:52]wait handshake
[2019-11-08 07:39:52]wait handshake
[2019-11-08 07:39:52]wait handshake
[2019-11-08 07:39:53]wait handshake
[2019-11-08 07:39:53]wait handshake
[2019-11-08 07:39:53]wait handshake
[2019-11-08 07:39:53]wait handshake
[2019-11-08 07:39:53]wait handshake
[2019-11-08 07:39:53]wait handshake
[2019-11-08 07:39:53]wait handshake
[2019-11-08 07:39:53]wait handshake
[2019-11-08 07:39:53]wait handshake
[2019-11-08 07:39:53]wait handshake
[2019-11-08 07:39:54]wait handshake
[2019-11-08 07:39:54]wait handshake
[2019-11-08 07:39:54]wait handshake
[2019-11-08 07:39:54]wait handshake
[2019-11-08 07:39:54]wait handshake
[2019-11-08 07:39:54]wait handshake
[2019-11-08 07:39:54]wait handshake
[2019-11-08 07:39:54]wait handshake
[2019-11-08 07:39:54]wait handshake
[2019-11-08 07:39:55]wait handshake
[2019-11-08 07:39:55]wait handshake
[2019-11-08 07:39:55]wait handshake
[2019-11-08 07:39:55]wait handshake
[2019-11-08 07:39:55]wait handshake
[2019-11-08 07:39:55]wait handshake
[2019-11-08 07:39:55]wait handshake
[2019-11-08 07:39:55]wait handshake
[2019-11-08 07:39:55]wait handshake
[2019-11-08 07:39:55]wait handshake
[2019-11-08 07:39:56]wait handshake
[2019-11-08 07:39:56]wait handshake
[2019-11-08 07:39:56]wait handshake
[2019-11-08 07:39:56]wait handshake
[2019-11-08 07:39:56]wait handshake
[2019-11-08 07:39:56]wait handshake
[2019-11-08 07:39:56]wait handshake
[2019-11-08 07:39:56]wait handshake
[2019-11-08 07:39:56]wait handshake
[2019-11-08 07:39:57]wait handshake
[2019-11-08 07:39:57]wait handshake
[2019-11-08 07:39:57]wait handshake
[2019-11-08 07:39:57]wait handshake
[2019-11-08 07:39:57]wait handshake
[2019-11-08 07:39:57]wait handshake
[2019-11-08 07:39:57]wait handshake
[2019-11-08 07:39:57]wait handshake
[2019-11-08 07:39:57]wait handshake
[2019-11-08 07:39:58]wait handshake
[2019-11-08 07:39:58]wait handshake
[2019-11-08 07:39:58]wait handshake
[2019-11-08 07:39:58]wait handshake
[2019-11-08 07:39:58]invalid wakeup event
[2019-11-08 07:39:58]go to suspend
[2019-11-08 07:39:58]enter ---PM_SUSPEND-------------------
[2019-11-08 07:39:58]wait handshake
[2019-11-08 07:39:59]wait handshake
[2019-11-08 07:40:00]wait handshake
[2019-11-08 07:40:01]system call:echo mem > /sys/power/state &, expect:NULL
[2019-11-08 07:40:01]wait handshake
[2019-11-08 07:40:01]wait handshake
[2019-11-08 07:40:01]wait handshake
[2019-11-08 07:40:02]wait handshake
[2019-11-08 07:40:02]wait handshake
[2019-11-08 07:40:02]wait handshake
[2019-11-08 07:40:02]wait handshake
[2019-11-08 07:40:02]wait handshake
[2019-11-08 07:40:02]wait handshake
[2019-11-08 07:40:02]wait handshake
[2019-11-08 07:40:02]mcu wakeup mpu: 5
[2019-11-08 07:40:02]wakeup_timeout = 0 ,wkup mcu
[2019-11-08 07:40:02]go to wakeup
[2019-11-08 07:40:04]opwrmode:4 npwrmode:1
