[1980-01-06 08:00:20]fota-service:Oct 31 2019 14:27:43
[1980-01-06 08:00:20]init ipc sucess
[1980-01-06 08:00:20]loop:0
[1980-01-06 08:00:20]subscribePwrService success:  0 1
[1980-01-06 08:00:20]getPwrMode success:  0 1 1
[1980-01-06 08:00:20]pwrmode_handler->seq:1 mode:1
[1980-01-06 08:00:20]replyPwrMode success:  0 1
[1980-01-06 08:00:20]getCarMode success:  0 1
[1980-01-06 08:00:20]init power sucess
[1980-01-06 08:00:20]ipc ota sucess
[1980-01-06 08:00:20]start_fota 
[1980-01-06 08:00:20]No File:/data/cache/updatesource.tmp[1980-01-06 08:00:20]check_last_ota source 0
[1980-01-06 08:00:20]No File:/data/cache/otaresult.tmp[1980-01-06 08:00:20]requsetkeepPwr PWRMSG_KEEPPOR_OFF success:  0 1
[1980-01-06 08:00:20]download_error_thread 
[1980-01-06 08:00:21]processConneted,source:4
[1980-01-06 08:00:22]processConneted,source:2
[1980-01-06 08:00:22]wkup_handler->wkup:0x00000001
[2019-11-07 17:04:07]wkup_handler->wkup:0x00000000
[2019-11-07 17:04:21]wkup_handler->wkup:0x00000040
[2019-11-07 17:16:41]pwrmode_handler->seq:2 mode:2
[2019-11-07 17:16:41]replyPwrMode success:  0 1
[2019-11-07 17:16:42]wkup_handler->wkup:0x00000000
[2019-11-07 17:16:43]pwrmode_handler->seq:3 mode:3
[2019-11-07 17:16:44]replyPwrMode success:  0 1
[2019-11-07 17:16:58]carmode_handler->mode:2
[2019-11-07 17:16:58]acc on car mode
[2019-11-07 17:16:59]pwrmode_handler->seq:4 mode:1
[2019-11-07 17:16:59]replyPwrMode success:  0 1
[2019-11-07 17:17:01]pwrmode_handler->seq:5 mode:2
[2019-11-07 17:17:01]replyPwrMode success:  0 1
[2019-11-07 17:17:04]pwrmode_handler->seq:6 mode:3
[2019-11-07 17:17:04]replyPwrMode success:  0 1
[2019-11-07 17:17:36]pwrmode_handler->seq:7 mode:1
[2019-11-07 17:17:37]replyPwrMode success:  0 1
[2019-11-07 17:21:10]carmode_handler->mode:1
[2019-11-07 17:21:10]acc off car mode
