[1980-01-06 08:00:19]fota-service:Oct 31 2019 14:27:43
[1980-01-06 08:00:19]init ipc sucess
[1980-01-06 08:00:19]loop:0
[1980-01-06 08:00:20]subscribePwrService success:  0 1
[1980-01-06 08:00:20]getPwrMode success:  0 1 1
[1980-01-06 08:00:20]pwrmode_handler->seq:1 mode:1
[1980-01-06 08:00:20]replyPwrMode success:  0 1
[1980-01-06 08:00:20]getCarMode success:  0 2
[1980-01-06 08:00:20]init power sucess
[1980-01-06 08:00:20]ipc ota sucess
[1980-01-06 08:00:20]start_fota 
[1980-01-06 08:00:20]No File:/data/cache/updatesource.tmp[1980-01-06 08:00:20]check_last_ota source 0
[1980-01-06 08:00:20]No File:/data/cache/otaresult.tmp[1980-01-06 08:00:20]requsetkeepPwr PWRMSG_KEEPPOR_OFF success:  0 1
[1980-01-06 08:00:20]download_error_thread 
[1980-01-06 08:00:20]processConneted,source:4
[1980-01-06 08:00:21]processConneted,source:2
[1980-01-06 08:00:22]wkup_handler->wkup:0x00000001
[2019-11-08 07:38:34]wkup_handler->wkup:0x00000000
[2019-11-08 07:38:53]pwrmode_handler->seq:2 mode:2
[2019-11-08 07:38:53]replyPwrMode success:  0 1
[2019-11-08 07:38:55]pwrmode_handler->seq:3 mode:3
[2019-11-08 07:38:55]replyPwrMode success:  0 1
[2019-11-08 07:40:04]pwrmode_handler->seq:4 mode:1
[2019-11-08 07:40:04]replyPwrMode success:  0 1
[2019-11-08 07:43:01]carmode_handler->mode:1
[2019-11-08 07:43:01]acc off car mode
[2019-11-08 07:43:19]carmode_handler->mode:2
[2019-11-08 07:43:19]acc on car mode
[2019-11-08 07:44:52]carmode_handler->mode:1
[2019-11-08 07:44:52]acc off car mode
