[1980-01-06 08:00:21]fota-service:Oct 31 2019 14:27:43
[1980-01-06 08:00:21]init ipc sucess
[1980-01-06 08:00:21]loop:0
[1980-01-06 08:00:21]subscribePwrService success:  0 1
[1980-01-06 08:00:21]getPwrMode success:  0 1 1
[1980-01-06 08:00:21]pwrmode_handler->seq:1 mode:1
[1980-01-06 08:00:22]replyPwrMode success:  0 1
[1980-01-06 08:00:22]getCarMode success:  0 2
[1980-01-06 08:00:22]init power sucess
[1980-01-06 08:00:22]ipc ota sucess
[1980-01-06 08:00:22]start_fota 
[1980-01-06 08:00:22]No File:/data/cache/updatesource.tmp[1980-01-06 08:00:22]check_last_ota source 0
[1980-01-06 08:00:22]No File:/data/cache/otaresult.tmp[1980-01-06 08:00:22]requsetkeepPwr PWRMSG_KEEPPOR_OFF success:  0 1
[1980-01-06 08:00:22]download_error_thread 
[1980-01-06 08:00:22]processConneted,source:4
[1980-01-06 08:00:24]wkup_handler->wkup:0x00000001
[1980-01-06 08:00:27]processConneted,source:2
[2019-11-08 08:57:45]wkup_handler->wkup:0x00000000
[2019-11-08 11:36:02]wkup_handler->wkup:0x00000002
[2019-11-08 11:39:30]wkup_handler->wkup:0x00000000
