[1980-01-06 08:00:17]===========================================================
[1980-01-06 08:00:17]* alarm-service v2.0(20191031 14:28:16).
[1980-01-06 08:00:17]===========================================================
[1980-01-06 08:00:17]init config1----rollover:yes, unusual:yes, collision:yes.
[1980-01-06 08:00:17]init config2----antiTheft:yes, airbag:yes, windows:yes.
[1980-01-06 08:00:29]statusListener----peps state:3.
[1980-01-06 08:00:30]statusListener----peps state:4.
[2019-11-08 11:50:43]statusListener----peps state:3.
[2019-11-08 11:58:15]statusListener----peps state:2.
[2019-11-08 11:58:15]statusListener----peps state:1.
[2019-11-08 11:58:44]statusListener----peps state:3.
[2019-11-08 11:58:57]statusListener----peps state:1.
[2019-11-08 12:00:24]statusListener----peps state:3.
[2019-11-08 12:00:47]statusListener----peps state:1.
[2019-11-08 12:02:36]statusListener----peps state:3.
[2019-11-08 12:03:00]statusListener----peps state:1.
[2019-11-08 12:05:03]statusListener----peps state:3.
[2019-11-08 12:05:23]statusListener----peps state:1.
[2019-11-08 12:06:10]statusListener----peps state:3.
[2019-11-08 12:06:21]statusListener----peps state:1.
[2019-11-08 12:07:13]statusListener----peps state:3.
[2019-11-08 12:07:27]statusListener----peps state:1.
