[1980-01-06 08:00:17]===========================================================
[1980-01-06 08:00:17]* alarm-service v2.0(20191031 14:28:16).
[1980-01-06 08:00:17]===========================================================
[1980-01-06 08:00:17]init config1----rollover:yes, unusual:yes, collision:yes.
[1980-01-06 08:00:17]init config2----antiTheft:yes, airbag:yes, windows:yes.
[2019-11-07 14:14:50]statusListener----peps state:2.
[2019-11-07 14:14:50]statusListener----peps state:3.
[2019-11-07 14:15:16]statusListener----peps state:1.
[2019-11-07 14:15:25]statusListener----peps state:3.
[2019-11-07 14:15:25]statusListener----peps state:4.
[2019-11-07 14:15:27]statusListener----peps state:3.
[2019-11-07 14:15:33]statusListener----peps state:1.
[2019-11-07 14:15:40]statusListener----peps state:3.
[2019-11-07 14:15:55]statusListener----peps state:1.
[2019-11-07 14:19:16]sensorListener----gsersor:2, x:0,y:-249,z:-624,g:1417.000000.
[2019-11-07 14:19:16]notifyAlarmType ok..................................type:1
[2019-11-07 14:19:17]notifyAlarmType ok..................................type:1
[2019-11-07 14:19:18]notifyAlarmType ok..................................type:1
[2019-11-07 14:19:37]statusListener----peps state:5.
[2019-11-07 14:19:37]sensorListener----gsersor:0, x:-20000,y:-20000,z:-20000,g:0.000000.
[2019-11-07 14:19:37]statusListener----dataType:11, airBag:false.
[2019-11-07 14:19:40]sensorListener----gsersor:0, x:-20000,y:-20000,z:-20000,g:0.000000.
[2019-11-07 14:19:40]statusListener----dataType:11, airBag:false.
[2019-11-07 14:19:43]sensorListener----gsersor:0, x:-20000,y:-20000,z:-20000,g:0.000000.
[2019-11-07 14:19:43]statusListener----dataType:11, airBag:false.
[2019-11-07 14:19:46]sensorListener----gsersor:0, x:-20000,y:-20000,z:-20000,g:0.000000.
[2019-11-07 14:19:46]statusListener----dataType:11, airBag:false.
