[1980-01-06 08:00:17]===========================================================
[1980-01-06 08:00:17]* alarm-service v2.0(20191031 14:28:16).
[1980-01-06 08:00:17]===========================================================
[1980-01-06 08:00:17]init config1----rollover:yes, unusual:yes, collision:yes.
[1980-01-06 08:00:17]init config2----antiTheft:yes, airbag:yes, windows:yes.
[2019-11-07 17:04:21]statusListener----peps state:1.
[2019-11-07 17:04:21]statusListener----dataType:26, anti-theft(1:jiefang 2:anti 3:shefang):1.
[2019-11-07 17:04:21]sensorListener----gsersor:0, x:-374,y:-124,z:-124,g:1253.000000.
[2019-11-07 17:04:21]statusListener----dataType:11, airBag:false.
[2019-11-07 17:04:55]statusListener----peps state:3.
[2019-11-07 17:05:27]statusListener----peps state:1.
[2019-11-07 17:07:17]statusListener----peps state:3.
[2019-11-07 17:07:17]statusListener----peps state:4.
[2019-11-07 17:07:19]statusListener----peps state:3.
[2019-11-07 17:08:03]statusListener----peps state:1.
[2019-11-07 17:08:11]statusListener----peps state:3.
[2019-11-07 17:08:11]statusListener----peps state:4.
[2019-11-07 17:08:14]statusListener----peps state:3.
[2019-11-07 17:08:31]statusListener----peps state:1.
[2019-11-07 17:08:35]statusListener----peps state:3.
[2019-11-07 17:08:35]statusListener----peps state:4.
[2019-11-07 17:08:36]statusListener----peps state:3.
[2019-11-07 17:08:41]statusListener----peps state:1.
[2019-11-07 17:09:00]statusListener----peps state:3.
[2019-11-07 17:09:31]statusListener----peps state:1.
[2019-11-07 17:09:32]statusListener----peps state:2.
[2019-11-07 17:09:33]statusListener----peps state:3.
[2019-11-07 17:09:34]statusListener----peps state:1.
[2019-11-07 17:10:19]statusListener----peps state:3.
[2019-11-07 17:10:50]statusListener----peps state:1.
[2019-11-07 17:11:12]statusListener----peps state:3.
[2019-11-07 17:11:34]statusListener----peps state:1.
[2019-11-07 17:12:50]statusListener----peps state:3.
[2019-11-07 17:13:16]statusListener----peps state:1.
[2019-11-07 17:13:43]statusListener----peps state:3.
[2019-11-07 17:14:15]statusListener----peps state:1.
[2019-11-07 17:14:32]statusListener----peps state:2.
[2019-11-07 17:14:34]statusListener----peps state:3.
[2019-11-07 17:16:50]sensorListener----gsersor:0, x:-20000,y:-20000,z:-20000,g:0.000000.
[2019-11-07 17:16:50]statusListener----dataType:11, airBag:false.
[2019-11-07 17:17:00]sensorListener----gsersor:0, x:-249,y:-124,z:-999,g:1847.000000.
[2019-11-07 17:17:00]statusListener----dataType:11, airBag:false.
[2019-11-07 17:17:35]sensorListener----gsersor:0, x:-249,y:-124,z:-999,g:1847.000000.
[2019-11-07 17:17:35]statusListener----dataType:11, airBag:false.
[2019-11-07 17:17:39]sensorListener----gsersor:0, x:-249,y:-124,z:-999,g:1847.000000.
[2019-11-07 17:17:39]statusListener----dataType:11, airBag:false.
[2019-11-07 17:18:31]sensorListener----gsersor:0, x:-20000,y:-20000,z:-20000,g:0.000000.
[2019-11-07 17:18:31]statusListener----dataType:11, airBag:false.
[2019-11-07 17:19:38]statusListener----peps state:1.
[2019-11-07 17:19:46]statusListener----peps state:3.
[2019-11-07 17:20:22]statusListener----peps state:1.
[2019-11-07 17:21:32]statusListener----peps state:3.
[2019-11-07 17:21:33]statusListener----peps state:4.
[2019-11-07 17:21:34]statusListener----peps state:3.
[2019-11-07 17:21:56]statusListener----peps state:1.
