[1980-01-06 08:00:16]gnss-service:Oct 31 2019 14:37:18
[1980-01-06 08:00:16]----------------ini_info_t start ------------------
[1980-01-06 08:00:16]start: 1
[1980-01-06 08:00:16]----------------ini_info_t end  ------------------
[1980-01-06 08:00:16]init_state:KEY_GNSS_ENABLE: gnss_enable:1
[1980-01-06 08:00:16]ipc gnss sucess
[1980-01-06 08:00:16]gps_init start 
[1980-01-06 08:00:17]gps_init end 
[1980-01-06 08:00:17]gnss_enable:1
[1980-01-06 08:00:17]gps_start start 
[1980-01-06 08:00:17]start_gnss_service start 
[1980-01-06 08:00:19]start_gnss_service end 
[1980-01-06 08:00:19]gps_set_indications start 
[1980-01-06 08:00:20]gps_set_indications end 
[1980-01-06 08:00:20]set_position_mode start 
[1980-01-06 08:00:20]set_position_mode end 
[1980-01-06 08:00:20]start_navigation start 
[1980-01-06 08:00:20]start_navigation end 
[1980-01-06 08:00:20]gps_start end 
[1980-01-06 08:00:20]hw gnss sucess
[1980-01-06 08:00:20]loop:0
[1980-01-06 08:00:20]pwrmode_handler->seq:1 mode:1
[1980-01-06 08:00:20]init power sucess
[1980-01-06 08:00:20]num:0
[1980-01-06 08:00:20]valid:0,latitude:0,longitude:0,altitude:0,accuracy:0,bearing:0,speed:0,timestamp:0
[1980-01-06 08:00:24]wkup_handler->wkup:0x00000001
[2019-11-08 08:57:45]wkup_handler->wkup:0x00000000
[2019-11-08 08:57:47]num:0
[2019-11-08 08:57:47]valid:0,latitude:0,longitude:0,altitude:0,accuracy:0,bearing:0,speed:0,timestamp:0
[2019-11-08 08:58:17]num:0
[2019-11-08 08:58:17]valid:0,latitude:0,longitude:0,altitude:0,accuracy:0,bearing:0,speed:0,timestamp:0
[2019-11-08 08:58:47]num:0
[2019-11-08 08:58:47]valid:0,latitude:0,longitude:0,altitude:0,accuracy:0,bearing:0,speed:0,timestamp:0
[2019-11-08 08:59:17]num:0
[2019-11-08 08:59:17]valid:0,latitude:0,longitude:0,altitude:0,accuracy:0,bearing:0,speed:0,timestamp:0
[2019-11-08 08:59:47]num:0
[2019-11-08 08:59:47]valid:0,latitude:0,longitude:0,altitude:0,accuracy:0,bearing:0,speed:0,timestamp:0
[2019-11-08 09:00:17]num:0
[2019-11-08 09:00:17]valid:0,latitude:0,longitude:0,altitude:0,accuracy:0,bearing:0,speed:0,timestamp:0
[2019-11-08 09:00:47]num:0
[2019-11-08 09:00:47]valid:0,latitude:0,longitude:0,altitude:0,accuracy:0,bearing:0,speed:0,timestamp:0
[2019-11-08 09:01:17]num:0
[2019-11-08 09:01:17]valid:0,latitude:0,longitude:0,altitude:0,accuracy:0,bearing:0,speed:0,timestamp:0
[2019-11-08 09:01:47]num:0
[2019-11-08 09:01:47]valid:0,latitude:0,longitude:0,altitude:0,accuracy:0,bearing:0,speed:0,timestamp:0
[2019-11-08 09:02:17]num:0
[2019-11-08 09:02:17]valid:0,latitude:0,longitude:0,altitude:0,accuracy:0,bearing:0,speed:0,timestamp:0
[2019-11-08 09:02:47]num:0
[2019-11-08 09:02:47]valid:0,latitude:0,longitude:0,altitude:0,accuracy:0,bearing:0,speed:0,timestamp:0
[2019-11-08 09:03:17]num:0
[2019-11-08 09:03:17]valid:0,latitude:0,longitude:0,altitude:0,accuracy:0,bearing:0,speed:0,timestamp:0
[2019-11-08 09:03:47]num:0
[2019-11-08 09:03:47]valid:0,latitude:0,longitude:0,altitude:0,accuracy:0,bearing:0,speed:0,timestamp:0
[2019-11-08 09:04:17]num:0
[2019-11-08 09:04:17]valid:0,latitude:0,longitude:0,altitude:0,accuracy:0,bearing:0,speed:0,timestamp:0
[2019-11-08 09:04:47]num:0
[2019-11-08 09:04:47]valid:0,latitude:0,longitude:0,altitude:0,accuracy:0,bearing:0,speed:0,timestamp:0
[2019-11-08 09:05:17]num:0
[2019-11-08 09:05:17]valid:0,latitude:0,longitude:0,altitude:0,accuracy:0,bearing:0,speed:0,timestamp:0
[2019-11-08 09:05:47]num:0
[2019-11-08 09:05:47]valid:0,latitude:0,longitude:0,altitude:0,accuracy:0,bearing:0,speed:0,timestamp:0
[2019-11-08 09:06:17]num:0
[2019-11-08 09:06:17]valid:0,latitude:0,longitude:0,altitude:0,accuracy:0,bearing:0,speed:0,timestamp:0
[2019-11-08 09:06:47]num:0
[2019-11-08 09:06:47]valid:0,latitude:0,longitude:0,altitude:0,accuracy:0,bearing:0,speed:0,timestamp:0
[2019-11-08 09:07:17]num:0
[2019-11-08 09:07:17]valid:0,latitude:0,longitude:0,altitude:0,accuracy:0,bearing:0,speed:0,timestamp:0
[2019-11-08 09:07:47]num:0
[2019-11-08 09:07:47]valid:0,latitude:0,longitude:0,altitude:0,accuracy:0,bearing:0,speed:0,timestamp:0
[2019-11-08 09:08:17]num:0
[2019-11-08 09:08:17]valid:0,latitude:0,longitude:0,altitude:0,accuracy:0,bearing:0,speed:0,timestamp:0
[2019-11-08 09:08:47]num:0
[2019-11-08 09:08:47]valid:0,latitude:0,longitude:0,altitude:0,accuracy:0,bearing:0,speed:0,timestamp:0
[2019-11-08 09:09:17]num:0
[2019-11-08 09:09:17]valid:0,latitude:0,longitude:0,altitude:0,accuracy:0,bearing:0,speed:0,timestamp:0
[2019-11-08 09:09:47]num:0
[2019-11-08 09:09:47]valid:0,latitude:0,longitude:0,altitude:0,accuracy:0,bearing:0,speed:0,timestamp:0
[2019-11-08 09:10:17]num:0
[2019-11-08 09:10:17]valid:0,latitude:0,longitude:0,altitude:0,accuracy:0,bearing:0,speed:0,timestamp:0
[2019-11-08 09:10:47]num:0
[2019-11-08 09:10:47]valid:0,latitude:0,longitude:0,altitude:0,accuracy:0,bearing:0,speed:0,timestamp:0
[2019-11-08 09:11:17]num:0
[2019-11-08 09:11:17]valid:0,latitude:0,longitude:0,altitude:0,accuracy:0,bearing:0,speed:0,timestamp:0
[2019-11-08 09:11:47]num:0
[2019-11-08 09:11:47]valid:0,latitude:0,longitude:0,altitude:0,accuracy:0,bearing:0,speed:0,timestamp:0
[2019-11-08 09:12:17]num:0
[2019-11-08 09:12:17]valid:0,latitude:0,longitude:0,altitude:0,accuracy:0,bearing:0,speed:0,timestamp:0
[2019-11-08 09:12:48]num:0
[2019-11-08 09:12:48]valid:0,latitude:0,longitude:0,altitude:0,accuracy:0,bearing:0,speed:0,timestamp:0
[2019-11-08 09:13:18]num:0
[2019-11-08 09:13:18]valid:0,latitude:0,longitude:0,altitude:0,accuracy:0,bearing:0,speed:0,timestamp:0
[2019-11-08 09:13:48]num:0
[2019-11-08 09:13:48]valid:0,latitude:0,longitude:0,altitude:0,accuracy:0,bearing:0,speed:0,timestamp:0
[2019-11-08 09:14:18]num:0
[2019-11-08 09:14:18]valid:0,latitude:0,longitude:0,altitude:0,accuracy:0,bearing:0,speed:0,timestamp:0
[2019-11-08 09:14:48]num:0
[2019-11-08 09:14:48]valid:0,latitude:0,longitude:0,altitude:0,accuracy:0,bearing:0,speed:0,timestamp:0
[2019-11-08 09:15:18]num:0
[2019-11-08 09:15:18]valid:0,latitude:0,longitude:0,altitude:0,accuracy:0,bearing:0,speed:0,timestamp:0
[2019-11-08 09:15:48]num:0
[2019-11-08 09:15:48]valid:0,latitude:0,longitude:0,altitude:0,accuracy:0,bearing:0,speed:0,timestamp:0
[2019-11-08 09:16:18]num:0
[2019-11-08 09:16:18]valid:0,latitude:0,longitude:0,altitude:0,accuracy:0,bearing:0,speed:0,timestamp:0
[2019-11-08 09:16:48]num:0
[2019-11-08 09:16:48]valid:0,latitude:0,longitude:0,altitude:0,accuracy:0,bearing:0,speed:0,timestamp:0
[2019-11-08 09:17:18]num:0
[2019-11-08 09:17:18]valid:0,latitude:0,longitude:0,altitude:0,accuracy:0,bearing:0,speed:0,timestamp:0
[2019-11-08 09:17:48]num:0
[2019-11-08 09:17:48]valid:0,latitude:0,longitude:0,altitude:0,accuracy:0,bearing:0,speed:0,timestamp:0
[2019-11-08 09:18:18]num:0
[2019-11-08 09:18:18]valid:0,latitude:0,longitude:0,altitude:0,accuracy:0,bearing:0,speed:0,timestamp:0
[2019-11-08 09:18:48]num:0
[2019-11-08 09:18:48]valid:0,latitude:0,longitude:0,altitude:0,accuracy:0,bearing:0,speed:0,timestamp:0
[2019-11-08 09:19:18]num:0
[2019-11-08 09:19:18]valid:0,latitude:0,longitude:0,altitude:0,accuracy:0,bearing:0,speed:0,timestamp:0
[2019-11-08 09:19:48]num:0
[2019-11-08 09:19:48]valid:0,latitude:0,longitude:0,altitude:0,accuracy:0,bearing:0,speed:0,timestamp:0
[2019-11-08 09:20:18]num:0
[2019-11-08 09:20:18]valid:0,latitude:0,longitude:0,altitude:0,accuracy:0,bearing:0,speed:0,timestamp:0
[2019-11-08 09:20:48]num:0
[2019-11-08 09:20:48]valid:0,latitude:0,longitude:0,altitude:0,accuracy:0,bearing:0,speed:0,timestamp:0
[2019-11-08 09:21:18]num:0
[2019-11-08 09:21:18]valid:0,latitude:0,longitude:0,altitude:0,accuracy:0,bearing:0,speed:0,timestamp:0
[2019-11-08 09:21:48]num:0
[2019-11-08 09:21:48]valid:0,latitude:0,longitude:0,altitude:0,accuracy:0,bearing:0,speed:0,timestamp:0
[2019-11-08 09:22:18]num:0
[2019-11-08 09:22:18]valid:0,latitude:0,longitude:0,altitude:0,accuracy:0,bearing:0,speed:0,timestamp:0
[2019-11-08 09:22:48]num:0
[2019-11-08 09:22:48]valid:0,latitude:0,longitude:0,altitude:0,accuracy:0,bearing:0,speed:0,timestamp:0
[2019-11-08 09:23:18]num:0
[2019-11-08 09:23:18]valid:0,latitude:0,longitude:0,altitude:0,accuracy:0,bearing:0,speed:0,timestamp:0
[2019-11-08 09:23:48]num:0
[2019-11-08 09:23:48]valid:0,latitude:0,longitude:0,altitude:0,accuracy:0,bearing:0,speed:0,timestamp:0
[2019-11-08 09:24:18]num:0
[2019-11-08 09:24:18]valid:0,latitude:0,longitude:0,altitude:0,accuracy:0,bearing:0,speed:0,timestamp:0
[2019-11-08 09:24:48]num:0
[2019-11-08 09:24:48]valid:0,latitude:0,longitude:0,altitude:0,accuracy:0,bearing:0,speed:0,timestamp:0
[2019-11-08 09:25:18]num:0
[2019-11-08 09:25:18]valid:0,latitude:0,longitude:0,altitude:0,accuracy:0,bearing:0,speed:0,timestamp:0
[2019-11-08 09:25:48]num:0
[2019-11-08 09:25:48]valid:0,latitude:0,longitude:0,altitude:0,accuracy:0,bearing:0,speed:0,timestamp:0
[2019-11-08 09:26:18]num:0
[2019-11-08 09:26:18]valid:0,latitude:0,longitude:0,altitude:0,accuracy:0,bearing:0,speed:0,timestamp:0
[2019-11-08 09:26:48]num:0
[2019-11-08 09:26:48]valid:0,latitude:0,longitude:0,altitude:0,accuracy:0,bearing:0,speed:0,timestamp:0
[2019-11-08 09:27:18]num:0
[2019-11-08 09:27:18]valid:0,latitude:0,longitude:0,altitude:0,accuracy:0,bearing:0,speed:0,timestamp:0
[2019-11-08 09:27:48]num:0
[2019-11-08 09:27:48]valid:0,latitude:0,longitude:0,altitude:0,accuracy:0,bearing:0,speed:0,timestamp:0
[2019-11-08 09:28:18]num:0
[2019-11-08 09:28:18]valid:0,latitude:0,longitude:0,altitude:0,accuracy:0,bearing:0,speed:0,timestamp:0
[2019-11-08 09:28:48]num:0
[2019-11-08 09:28:48]valid:0,latitude:0,longitude:0,altitude:0,accuracy:0,bearing:0,speed:0,timestamp:0
[2019-11-08 09:29:18]num:0
[2019-11-08 09:29:18]valid:0,latitude:0,longitude:0,altitude:0,accuracy:0,bearing:0,speed:0,timestamp:0
[2019-11-08 09:29:48]num:0
[2019-11-08 09:29:48]valid:0,latitude:0,longitude:0,altitude:0,accuracy:0,bearing:0,speed:0,timestamp:0
[2019-11-08 09:30:18]num:0
[2019-11-08 09:30:18]valid:0,latitude:0,longitude:0,altitude:0,accuracy:0,bearing:0,speed:0,timestamp:0
[2019-11-08 09:30:48]num:0
[2019-11-08 09:30:48]valid:0,latitude:0,longitude:0,altitude:0,accuracy:0,bearing:0,speed:0,timestamp:0
[2019-11-08 09:31:18]num:0
[2019-11-08 09:31:18]valid:0,latitude:0,longitude:0,altitude:0,accuracy:0,bearing:0,speed:0,timestamp:0
[2019-11-08 09:31:48]num:0
[2019-11-08 09:31:48]valid:0,latitude:0,longitude:0,altitude:0,accuracy:0,bearing:0,speed:0,timestamp:0
[2019-11-08 09:32:18]num:0
[2019-11-08 09:32:18]valid:0,latitude:0,longitude:0,altitude:0,accuracy:0,bearing:0,speed:0,timestamp:0
[2019-11-08 09:32:48]num:0
[2019-11-08 09:32:48]valid:0,latitude:0,longitude:0,altitude:0,accuracy:0,bearing:0,speed:0,timestamp:0
[2019-11-08 09:33:19]num:0
[2019-11-08 09:33:19]valid:0,latitude:0,longitude:0,altitude:0,accuracy:0,bearing:0,speed:0,timestamp:0
[2019-11-08 09:33:49]num:0
[2019-11-08 09:33:49]valid:0,latitude:0,longitude:0,altitude:0,accuracy:0,bearing:0,speed:0,timestamp:0
[2019-11-08 09:34:19]num:0
[2019-11-08 09:34:19]valid:0,latitude:0,longitude:0,altitude:0,accuracy:0,bearing:0,speed:0,timestamp:0
[2019-11-08 09:34:49]num:0
[2019-11-08 09:34:49]valid:0,latitude:0,longitude:0,altitude:0,accuracy:0,bearing:0,speed:0,timestamp:0
[2019-11-08 09:35:19]num:0
[2019-11-08 09:35:19]valid:0,latitude:0,longitude:0,altitude:0,accuracy:0,bearing:0,speed:0,timestamp:0
[2019-11-08 09:35:49]num:0
[2019-11-08 09:35:49]valid:0,latitude:0,longitude:0,altitude:0,accuracy:0,bearing:0,speed:0,timestamp:0
[2019-11-08 09:36:19]num:0
[2019-11-08 09:36:19]valid:0,latitude:0,longitude:0,altitude:0,accuracy:0,bearing:0,speed:0,timestamp:0
[2019-11-08 09:36:49]num:0
[2019-11-08 09:36:49]valid:0,latitude:0,longitude:0,altitude:0,accuracy:0,bearing:0,speed:0,timestamp:0
[2019-11-08 09:37:19]num:0
[2019-11-08 09:37:19]valid:0,latitude:0,longitude:0,altitude:0,accuracy:0,bearing:0,speed:0,timestamp:0
[2019-11-08 09:37:49]num:0
[2019-11-08 09:37:49]valid:0,latitude:0,longitude:0,altitude:0,accuracy:0,bearing:0,speed:0,timestamp:0
[2019-11-08 09:38:19]num:0
[2019-11-08 09:38:19]valid:0,latitude:0,longitude:0,altitude:0,accuracy:0,bearing:0,speed:0,timestamp:0
[2019-11-08 09:38:49]num:0
[2019-11-08 09:38:49]valid:0,latitude:0,longitude:0,altitude:0,accuracy:0,bearing:0,speed:0,timestamp:0
[2019-11-08 09:39:19]num:0
[2019-11-08 09:39:19]valid:0,latitude:0,longitude:0,altitude:0,accuracy:0,bearing:0,speed:0,timestamp:0
[2019-11-08 09:39:49]num:0
[2019-11-08 09:39:49]valid:0,latitude:0,longitude:0,altitude:0,accuracy:0,bearing:0,speed:0,timestamp:0
[2019-11-08 09:40:19]num:0
[2019-11-08 09:40:19]valid:0,latitude:0,longitude:0,altitude:0,accuracy:0,bearing:0,speed:0,timestamp:0
[2019-11-08 09:40:49]num:0
[2019-11-08 09:40:49]valid:0,latitude:0,longitude:0,altitude:0,accuracy:0,bearing:0,speed:0,timestamp:0
[2019-11-08 09:41:19]num:0
[2019-11-08 09:41:19]valid:0,latitude:0,longitude:0,altitude:0,accuracy:0,bearing:0,speed:0,timestamp:0
[2019-11-08 09:41:49]num:0
[2019-11-08 09:41:49]valid:0,latitude:0,longitude:0,altitude:0,accuracy:0,bearing:0,speed:0,timestamp:0
[2019-11-08 09:42:19]num:0
[2019-11-08 09:42:19]valid:0,latitude:0,longitude:0,altitude:0,accuracy:0,bearing:0,speed:0,timestamp:0
[2019-11-08 09:42:49]num:0
[2019-11-08 09:42:49]valid:0,latitude:0,longitude:0,altitude:0,accuracy:0,bearing:0,speed:0,timestamp:0
[2019-11-08 09:43:19]num:0
[2019-11-08 09:43:19]valid:0,latitude:0,longitude:0,altitude:0,accuracy:0,bearing:0,speed:0,timestamp:0
[2019-11-08 09:43:49]num:0
[2019-11-08 09:43:49]valid:0,latitude:0,longitude:0,altitude:0,accuracy:0,bearing:0,speed:0,timestamp:0
[2019-11-08 09:44:19]num:0
[2019-11-08 09:44:19]valid:0,latitude:0,longitude:0,altitude:0,accuracy:0,bearing:0,speed:0,timestamp:0
[2019-11-08 09:44:49]num:0
[2019-11-08 09:44:49]valid:0,latitude:0,longitude:0,altitude:0,accuracy:0,bearing:0,speed:0,timestamp:0
[2019-11-08 09:45:19]num:0
[2019-11-08 09:45:19]valid:0,latitude:0,longitude:0,altitude:0,accuracy:0,bearing:0,speed:0,timestamp:0
[2019-11-08 09:45:49]num:0
[2019-11-08 09:45:49]valid:0,latitude:0,longitude:0,altitude:0,accuracy:0,bearing:0,speed:0,timestamp:0
[2019-11-08 09:46:19]num:0
[2019-11-08 09:46:19]valid:0,latitude:0,longitude:0,altitude:0,accuracy:0,bearing:0,speed:0,timestamp:0
[2019-11-08 09:46:49]num:0
[2019-11-08 09:46:49]valid:0,latitude:0,longitude:0,altitude:0,accuracy:0,bearing:0,speed:0,timestamp:0
[2019-11-08 09:47:19]num:0
[2019-11-08 09:47:19]valid:0,latitude:0,longitude:0,altitude:0,accuracy:0,bearing:0,speed:0,timestamp:0
[2019-11-08 09:47:49]num:0
[2019-11-08 09:47:49]valid:0,latitude:0,longitude:0,altitude:0,accuracy:0,bearing:0,speed:0,timestamp:0
[2019-11-08 09:48:19]num:0
[2019-11-08 09:48:19]valid:0,latitude:0,longitude:0,altitude:0,accuracy:0,bearing:0,speed:0,timestamp:0
[2019-11-08 09:48:49]num:0
[2019-11-08 09:48:49]valid:0,latitude:0,longitude:0,altitude:0,accuracy:0,bearing:0,speed:0,timestamp:0
[2019-11-08 09:49:19]num:0
[2019-11-08 09:49:19]valid:0,latitude:0,longitude:0,altitude:0,accuracy:0,bearing:0,speed:0,timestamp:0
[2019-11-08 09:49:49]num:0
[2019-11-08 09:49:49]valid:0,latitude:0,longitude:0,altitude:0,accuracy:0,bearing:0,speed:0,timestamp:0
[2019-11-08 09:50:19]num:0
[2019-11-08 09:50:19]valid:0,latitude:0,longitude:0,altitude:0,accuracy:0,bearing:0,speed:0,timestamp:0
[2019-11-08 09:50:49]num:0
[2019-11-08 09:50:49]valid:0,latitude:0,longitude:0,altitude:0,accuracy:0,bearing:0,speed:0,timestamp:0
[2019-11-08 09:51:19]num:0
[2019-11-08 09:51:19]valid:0,latitude:0,longitude:0,altitude:0,accuracy:0,bearing:0,speed:0,timestamp:0
[2019-11-08 09:51:49]num:0
[2019-11-08 09:51:49]valid:0,latitude:0,longitude:0,altitude:0,accuracy:0,bearing:0,speed:0,timestamp:0
[2019-11-08 09:52:19]num:0
[2019-11-08 09:52:19]valid:0,latitude:0,longitude:0,altitude:0,accuracy:0,bearing:0,speed:0,timestamp:0
[2019-11-08 09:52:49]num:0
[2019-11-08 09:52:49]valid:0,latitude:0,longitude:0,altitude:0,accuracy:0,bearing:0,speed:0,timestamp:0
[2019-11-08 09:53:19]num:0
[2019-11-08 09:53:19]valid:0,latitude:0,longitude:0,altitude:0,accuracy:0,bearing:0,speed:0,timestamp:0
[2019-11-08 09:53:49]num:0
[2019-11-08 09:53:49]valid:0,latitude:0,longitude:0,altitude:0,accuracy:0,bearing:0,speed:0,timestamp:0
[2019-11-08 09:54:20]num:0
[2019-11-08 09:54:20]valid:0,latitude:0,longitude:0,altitude:0,accuracy:0,bearing:0,speed:0,timestamp:0
[2019-11-08 09:54:50]num:0
[2019-11-08 09:54:50]valid:0,latitude:0,longitude:0,altitude:0,accuracy:0,bearing:0,speed:0,timestamp:0
[2019-11-08 09:55:20]num:0
[2019-11-08 09:55:20]valid:0,latitude:0,longitude:0,altitude:0,accuracy:0,bearing:0,speed:0,timestamp:0
[2019-11-08 09:55:50]num:0
[2019-11-08 09:55:50]valid:0,latitude:0,longitude:0,altitude:0,accuracy:0,bearing:0,speed:0,timestamp:0
[2019-11-08 09:56:20]num:0
[2019-11-08 09:56:20]valid:0,latitude:0,longitude:0,altitude:0,accuracy:0,bearing:0,speed:0,timestamp:0
[2019-11-08 09:56:50]num:0
[2019-11-08 09:56:50]valid:0,latitude:0,longitude:0,altitude:0,accuracy:0,bearing:0,speed:0,timestamp:0
[2019-11-08 09:57:20]num:0
[2019-11-08 09:57:20]valid:0,latitude:0,longitude:0,altitude:0,accuracy:0,bearing:0,speed:0,timestamp:0
[2019-11-08 09:57:50]num:0
[2019-11-08 09:57:50]valid:0,latitude:0,longitude:0,altitude:0,accuracy:0,bearing:0,speed:0,timestamp:0
[2019-11-08 09:58:20]num:0
[2019-11-08 09:58:20]valid:0,latitude:0,longitude:0,altitude:0,accuracy:0,bearing:0,speed:0,timestamp:0
[2019-11-08 09:58:50]num:0
[2019-11-08 09:58:50]valid:0,latitude:0,longitude:0,altitude:0,accuracy:0,bearing:0,speed:0,timestamp:0
[2019-11-08 09:59:20]num:0
[2019-11-08 09:59:20]valid:0,latitude:0,longitude:0,altitude:0,accuracy:0,bearing:0,speed:0,timestamp:0
[2019-11-08 09:59:50]num:0
[2019-11-08 09:59:50]valid:0,latitude:0,longitude:0,altitude:0,accuracy:0,bearing:0,speed:0,timestamp:0
[2019-11-08 10:00:20]num:0
[2019-11-08 10:00:20]valid:0,latitude:0,longitude:0,altitude:0,accuracy:0,bearing:0,speed:0,timestamp:0
[2019-11-08 10:00:50]num:0
[2019-11-08 10:00:50]valid:0,latitude:0,longitude:0,altitude:0,accuracy:0,bearing:0,speed:0,timestamp:0
[2019-11-08 10:01:20]num:0
[2019-11-08 10:01:20]valid:0,latitude:0,longitude:0,altitude:0,accuracy:0,bearing:0,speed:0,timestamp:0
[2019-11-08 10:01:50]num:0
[2019-11-08 10:01:50]valid:0,latitude:0,longitude:0,altitude:0,accuracy:0,bearing:0,speed:0,timestamp:0
[2019-11-08 10:02:20]num:0
[2019-11-08 10:02:20]valid:0,latitude:0,longitude:0,altitude:0,accuracy:0,bearing:0,speed:0,timestamp:0
[2019-11-08 10:02:50]num:0
[2019-11-08 10:02:50]valid:0,latitude:0,longitude:0,altitude:0,accuracy:0,bearing:0,speed:0,timestamp:0
[2019-11-08 10:03:20]num:0
[2019-11-08 10:03:20]valid:0,latitude:0,longitude:0,altitude:0,accuracy:0,bearing:0,speed:0,timestamp:0
[2019-11-08 10:03:50]num:0
[2019-11-08 10:03:50]valid:0,latitude:0,longitude:0,altitude:0,accuracy:0,bearing:0,speed:0,timestamp:0
[2019-11-08 10:04:20]num:0
[2019-11-08 10:04:20]valid:0,latitude:0,longitude:0,altitude:0,accuracy:0,bearing:0,speed:0,timestamp:0
[2019-11-08 10:04:50]num:0
[2019-11-08 10:04:50]valid:0,latitude:0,longitude:0,altitude:0,accuracy:0,bearing:0,speed:0,timestamp:0
[2019-11-08 10:05:20]num:0
[2019-11-08 10:05:20]valid:0,latitude:0,longitude:0,altitude:0,accuracy:0,bearing:0,speed:0,timestamp:0
[2019-11-08 10:05:50]num:0
[2019-11-08 10:05:50]valid:0,latitude:0,longitude:0,altitude:0,accuracy:0,bearing:0,speed:0,timestamp:0
[2019-11-08 10:06:20]num:0
[2019-11-08 10:06:20]valid:0,latitude:0,longitude:0,altitude:0,accuracy:0,bearing:0,speed:0,timestamp:0
[2019-11-08 10:06:50]num:0
[2019-11-08 10:06:50]valid:0,latitude:0,longitude:0,altitude:0,accuracy:0,bearing:0,speed:0,timestamp:0
[2019-11-08 10:07:20]num:0
[2019-11-08 10:07:20]valid:0,latitude:0,longitude:0,altitude:0,accuracy:0,bearing:0,speed:0,timestamp:0
[2019-11-08 10:07:50]num:0
[2019-11-08 10:07:50]valid:0,latitude:0,longitude:0,altitude:0,accuracy:0,bearing:0,speed:0,timestamp:0
[2019-11-08 10:08:20]num:0
[2019-11-08 10:08:20]valid:0,latitude:0,longitude:0,altitude:0,accuracy:0,bearing:0,speed:0,timestamp:0
[2019-11-08 10:08:50]num:0
[2019-11-08 10:08:50]valid:0,latitude:0,longitude:0,altitude:0,accuracy:0,bearing:0,speed:0,timestamp:0
[2019-11-08 10:09:20]num:0
[2019-11-08 10:09:20]valid:0,latitude:0,longitude:0,altitude:0,accuracy:0,bearing:0,speed:0,timestamp:0
[2019-11-08 10:09:50]num:0
[2019-11-08 10:09:50]valid:0,latitude:0,longitude:0,altitude:0,accuracy:0,bearing:0,speed:0,timestamp:0
[2019-11-08 10:10:20]num:0
[2019-11-08 10:10:20]valid:0,latitude:0,longitude:0,altitude:0,accuracy:0,bearing:0,speed:0,timestamp:0
[2019-11-08 10:10:50]num:0
[2019-11-08 10:10:50]valid:0,latitude:0,longitude:0,altitude:0,accuracy:0,bearing:0,speed:0,timestamp:0
[2019-11-08 10:11:20]num:0
[2019-11-08 10:11:20]valid:0,latitude:0,longitude:0,altitude:0,accuracy:0,bearing:0,speed:0,timestamp:0
[2019-11-08 10:11:50]num:0
[2019-11-08 10:11:50]valid:0,latitude:0,longitude:0,altitude:0,accuracy:0,bearing:0,speed:0,timestamp:0
[2019-11-08 10:12:20]num:0
[2019-11-08 10:12:20]valid:0,latitude:0,longitude:0,altitude:0,accuracy:0,bearing:0,speed:0,timestamp:0
[2019-11-08 10:12:50]num:0
[2019-11-08 10:12:50]valid:0,latitude:0,longitude:0,altitude:0,accuracy:0,bearing:0,speed:0,timestamp:0
[2019-11-08 10:13:20]num:0
[2019-11-08 10:13:20]valid:0,latitude:0,longitude:0,altitude:0,accuracy:0,bearing:0,speed:0,timestamp:0
[2019-11-08 10:13:50]num:0
[2019-11-08 10:13:50]valid:0,latitude:0,longitude:0,altitude:0,accuracy:0,bearing:0,speed:0,timestamp:0
[2019-11-08 10:14:20]num:0
[2019-11-08 10:14:20]valid:0,latitude:0,longitude:0,altitude:0,accuracy:0,bearing:0,speed:0,timestamp:0
[2019-11-08 10:14:51]num:0
[2019-11-08 10:14:51]valid:0,latitude:0,longitude:0,altitude:0,accuracy:0,bearing:0,speed:0,timestamp:0
[2019-11-08 10:15:21]num:0
[2019-11-08 10:15:21]valid:0,latitude:0,longitude:0,altitude:0,accuracy:0,bearing:0,speed:0,timestamp:0
[2019-11-08 10:15:51]num:0
[2019-11-08 10:15:51]valid:0,latitude:0,longitude:0,altitude:0,accuracy:0,bearing:0,speed:0,timestamp:0
[2019-11-08 10:16:21]num:0
[2019-11-08 10:16:21]valid:0,latitude:0,longitude:0,altitude:0,accuracy:0,bearing:0,speed:0,timestamp:0
[2019-11-08 10:16:51]num:0
[2019-11-08 10:16:51]valid:0,latitude:0,longitude:0,altitude:0,accuracy:0,bearing:0,speed:0,timestamp:0
[2019-11-08 10:17:21]num:0
[2019-11-08 10:17:21]valid:0,latitude:0,longitude:0,altitude:0,accuracy:0,bearing:0,speed:0,timestamp:0
[2019-11-08 10:17:51]num:0
[2019-11-08 10:17:51]valid:0,latitude:0,longitude:0,altitude:0,accuracy:0,bearing:0,speed:0,timestamp:0
[2019-11-08 10:18:21]num:0
[2019-11-08 10:18:21]valid:0,latitude:0,longitude:0,altitude:0,accuracy:0,bearing:0,speed:0,timestamp:0
[2019-11-08 10:18:51]num:0
[2019-11-08 10:18:51]valid:0,latitude:0,longitude:0,altitude:0,accuracy:0,bearing:0,speed:0,timestamp:0
[2019-11-08 10:19:21]num:0
[2019-11-08 10:19:21]valid:0,latitude:0,longitude:0,altitude:0,accuracy:0,bearing:0,speed:0,timestamp:0
[2019-11-08 10:19:51]num:0
[2019-11-08 10:19:51]valid:0,latitude:0,longitude:0,altitude:0,accuracy:0,bearing:0,speed:0,timestamp:0
[2019-11-08 10:20:21]num:0
[2019-11-08 10:20:21]valid:0,latitude:0,longitude:0,altitude:0,accuracy:0,bearing:0,speed:0,timestamp:0
[2019-11-08 10:20:51]num:0
[2019-11-08 10:20:51]valid:0,latitude:0,longitude:0,altitude:0,accuracy:0,bearing:0,speed:0,timestamp:0
[2019-11-08 10:21:21]num:0
[2019-11-08 10:21:21]valid:0,latitude:0,longitude:0,altitude:0,accuracy:0,bearing:0,speed:0,timestamp:0
[2019-11-08 10:21:51]num:0
[2019-11-08 10:21:51]valid:0,latitude:0,longitude:0,altitude:0,accuracy:0,bearing:0,speed:0,timestamp:0
[2019-11-08 10:22:21]num:0
[2019-11-08 10:22:21]valid:0,latitude:0,longitude:0,altitude:0,accuracy:0,bearing:0,speed:0,timestamp:0
[2019-11-08 10:22:51]num:0
[2019-11-08 10:22:51]valid:0,latitude:0,longitude:0,altitude:0,accuracy:0,bearing:0,speed:0,timestamp:0
[2019-11-08 10:23:21]num:0
[2019-11-08 10:23:21]valid:0,latitude:0,longitude:0,altitude:0,accuracy:0,bearing:0,speed:0,timestamp:0
[2019-11-08 10:23:51]num:0
[2019-11-08 10:23:51]valid:0,latitude:0,longitude:0,altitude:0,accuracy:0,bearing:0,speed:0,timestamp:0
[2019-11-08 10:24:21]num:0
[2019-11-08 10:24:21]valid:0,latitude:0,longitude:0,altitude:0,accuracy:0,bearing:0,speed:0,timestamp:0
[2019-11-08 10:24:51]num:0
[2019-11-08 10:24:51]valid:0,latitude:0,longitude:0,altitude:0,accuracy:0,bearing:0,speed:0,timestamp:0
[2019-11-08 10:25:21]num:0
[2019-11-08 10:25:21]valid:0,latitude:0,longitude:0,altitude:0,accuracy:0,bearing:0,speed:0,timestamp:0
[2019-11-08 10:25:51]num:0
[2019-11-08 10:25:51]valid:0,latitude:0,longitude:0,altitude:0,accuracy:0,bearing:0,speed:0,timestamp:0
[2019-11-08 10:26:21]num:0
[2019-11-08 10:26:21]valid:0,latitude:0,longitude:0,altitude:0,accuracy:0,bearing:0,speed:0,timestamp:0
[2019-11-08 10:26:51]num:0
[2019-11-08 10:26:51]valid:0,latitude:0,longitude:0,altitude:0,accuracy:0,bearing:0,speed:0,timestamp:0
[2019-11-08 10:27:21]num:0
[2019-11-08 10:27:21]valid:0,latitude:0,longitude:0,altitude:0,accuracy:0,bearing:0,speed:0,timestamp:0
[2019-11-08 10:27:51]num:0
[2019-11-08 10:27:51]valid:0,latitude:0,longitude:0,altitude:0,accuracy:0,bearing:0,speed:0,timestamp:0
[2019-11-08 10:28:21]num:0
[2019-11-08 10:28:21]valid:0,latitude:0,longitude:0,altitude:0,accuracy:0,bearing:0,speed:0,timestamp:0
[2019-11-08 10:28:51]num:0
[2019-11-08 10:28:51]valid:0,latitude:0,longitude:0,altitude:0,accuracy:0,bearing:0,speed:0,timestamp:0
[2019-11-08 10:29:21]num:0
[2019-11-08 10:29:21]valid:0,latitude:0,longitude:0,altitude:0,accuracy:0,bearing:0,speed:0,timestamp:0
[2019-11-08 10:29:51]num:0
[2019-11-08 10:29:51]valid:0,latitude:0,longitude:0,altitude:0,accuracy:0,bearing:0,speed:0,timestamp:0
[2019-11-08 10:30:21]num:0
[2019-11-08 10:30:21]valid:0,latitude:0,longitude:0,altitude:0,accuracy:0,bearing:0,speed:0,timestamp:0
[2019-11-08 10:30:51]num:0
[2019-11-08 10:30:51]valid:0,latitude:0,longitude:0,altitude:0,accuracy:0,bearing:0,speed:0,timestamp:0
[2019-11-08 10:31:21]num:0
[2019-11-08 10:31:21]valid:0,latitude:0,longitude:0,altitude:0,accuracy:0,bearing:0,speed:0,timestamp:0
[2019-11-08 10:31:51]num:0
[2019-11-08 10:31:51]valid:0,latitude:0,longitude:0,altitude:0,accuracy:0,bearing:0,speed:0,timestamp:0
[2019-11-08 10:32:21]num:0
[2019-11-08 10:32:21]valid:0,latitude:0,longitude:0,altitude:0,accuracy:0,bearing:0,speed:0,timestamp:0
[2019-11-08 10:32:51]num:0
[2019-11-08 10:32:51]valid:0,latitude:0,longitude:0,altitude:0,accuracy:0,bearing:0,speed:0,timestamp:0
[2019-11-08 10:33:21]num:0
[2019-11-08 10:33:21]valid:0,latitude:0,longitude:0,altitude:0,accuracy:0,bearing:0,speed:0,timestamp:0
[2019-11-08 10:33:51]num:0
[2019-11-08 10:33:51]valid:0,latitude:0,longitude:0,altitude:0,accuracy:0,bearing:0,speed:0,timestamp:0
[2019-11-08 10:34:21]num:0
[2019-11-08 10:34:21]valid:0,latitude:0,longitude:0,altitude:0,accuracy:0,bearing:0,speed:0,timestamp:0
[2019-11-08 10:34:51]num:0
[2019-11-08 10:34:51]valid:0,latitude:0,longitude:0,altitude:0,accuracy:0,bearing:0,speed:0,timestamp:0
[2019-11-08 10:35:21]num:0
[2019-11-08 10:35:21]valid:0,latitude:0,longitude:0,altitude:0,accuracy:0,bearing:0,speed:0,timestamp:0
[2019-11-08 10:35:52]num:0
[2019-11-08 10:35:52]valid:0,latitude:0,longitude:0,altitude:0,accuracy:0,bearing:0,speed:0,timestamp:0
[2019-11-08 10:36:22]num:0
[2019-11-08 10:36:22]valid:0,latitude:0,longitude:0,altitude:0,accuracy:0,bearing:0,speed:0,timestamp:0
[2019-11-08 10:36:52]num:0
[2019-11-08 10:36:52]valid:0,latitude:0,longitude:0,altitude:0,accuracy:0,bearing:0,speed:0,timestamp:0
[2019-11-08 10:37:22]num:0
[2019-11-08 10:37:22]valid:0,latitude:0,longitude:0,altitude:0,accuracy:0,bearing:0,speed:0,timestamp:0
[2019-11-08 10:37:52]num:0
[2019-11-08 10:37:52]valid:0,latitude:0,longitude:0,altitude:0,accuracy:0,bearing:0,speed:0,timestamp:0
[2019-11-08 10:38:22]num:0
[2019-11-08 10:38:22]valid:0,latitude:0,longitude:0,altitude:0,accuracy:0,bearing:0,speed:0,timestamp:0
[2019-11-08 10:38:52]num:0
[2019-11-08 10:38:52]valid:0,latitude:0,longitude:0,altitude:0,accuracy:0,bearing:0,speed:0,timestamp:0
[2019-11-08 10:39:22]num:0
[2019-11-08 10:39:22]valid:0,latitude:0,longitude:0,altitude:0,accuracy:0,bearing:0,speed:0,timestamp:0
[2019-11-08 10:39:52]num:0
[2019-11-08 10:39:52]valid:0,latitude:0,longitude:0,altitude:0,accuracy:0,bearing:0,speed:0,timestamp:0
[2019-11-08 10:40:22]num:0
[2019-11-08 10:40:22]valid:0,latitude:0,longitude:0,altitude:0,accuracy:0,bearing:0,speed:0,timestamp:0
[2019-11-08 10:40:52]num:0
[2019-11-08 10:40:52]valid:0,latitude:0,longitude:0,altitude:0,accuracy:0,bearing:0,speed:0,timestamp:0
[2019-11-08 10:41:22]num:0
[2019-11-08 10:41:22]valid:0,latitude:0,longitude:0,altitude:0,accuracy:0,bearing:0,speed:0,timestamp:0
[2019-11-08 10:41:52]num:0
[2019-11-08 10:41:52]valid:0,latitude:0,longitude:0,altitude:0,accuracy:0,bearing:0,speed:0,timestamp:0
[2019-11-08 10:42:22]num:0
[2019-11-08 10:42:22]valid:0,latitude:0,longitude:0,altitude:0,accuracy:0,bearing:0,speed:0,timestamp:0
[2019-11-08 10:42:52]num:0
[2019-11-08 10:42:52]valid:0,latitude:0,longitude:0,altitude:0,accuracy:0,bearing:0,speed:0,timestamp:0
[2019-11-08 10:43:22]num:0
[2019-11-08 10:43:22]valid:0,latitude:0,longitude:0,altitude:0,accuracy:0,bearing:0,speed:0,timestamp:0
[2019-11-08 10:43:52]num:0
[2019-11-08 10:43:52]valid:0,latitude:0,longitude:0,altitude:0,accuracy:0,bearing:0,speed:0,timestamp:0
[2019-11-08 10:44:22]num:0
[2019-11-08 10:44:22]valid:0,latitude:0,longitude:0,altitude:0,accuracy:0,bearing:0,speed:0,timestamp:0
[2019-11-08 10:44:52]num:0
[2019-11-08 10:44:52]valid:0,latitude:0,longitude:0,altitude:0,accuracy:0,bearing:0,speed:0,timestamp:0
[2019-11-08 10:45:22]num:0
[2019-11-08 10:45:22]valid:0,latitude:0,longitude:0,altitude:0,accuracy:0,bearing:0,speed:0,timestamp:0
[2019-11-08 10:45:52]num:0
[2019-11-08 10:45:52]valid:0,latitude:0,longitude:0,altitude:0,accuracy:0,bearing:0,speed:0,timestamp:0
[2019-11-08 10:46:22]num:0
[2019-11-08 10:46:22]valid:0,latitude:0,longitude:0,altitude:0,accuracy:0,bearing:0,speed:0,timestamp:0
[2019-11-08 10:46:52]num:0
[2019-11-08 10:46:52]valid:0,latitude:0,longitude:0,altitude:0,accuracy:0,bearing:0,speed:0,timestamp:0
[2019-11-08 10:47:22]num:0
[2019-11-08 10:47:22]valid:0,latitude:0,longitude:0,altitude:0,accuracy:0,bearing:0,speed:0,timestamp:0
[2019-11-08 10:47:52]num:0
[2019-11-08 10:47:52]valid:0,latitude:0,longitude:0,altitude:0,accuracy:0,bearing:0,speed:0,timestamp:0
[2019-11-08 10:48:22]num:0
[2019-11-08 10:48:22]valid:0,latitude:0,longitude:0,altitude:0,accuracy:0,bearing:0,speed:0,timestamp:0
[2019-11-08 10:48:52]num:0
[2019-11-08 10:48:52]valid:0,latitude:0,longitude:0,altitude:0,accuracy:0,bearing:0,speed:0,timestamp:0
[2019-11-08 10:49:22]num:0
[2019-11-08 10:49:22]valid:0,latitude:0,longitude:0,altitude:0,accuracy:0,bearing:0,speed:0,timestamp:0
[2019-11-08 10:49:52]num:0
[2019-11-08 10:49:52]valid:0,latitude:0,longitude:0,altitude:0,accuracy:0,bearing:0,speed:0,timestamp:0
[2019-11-08 10:50:22]num:0
[2019-11-08 10:50:22]valid:0,latitude:0,longitude:0,altitude:0,accuracy:0,bearing:0,speed:0,timestamp:0
[2019-11-08 10:50:52]num:0
[2019-11-08 10:50:52]valid:0,latitude:0,longitude:0,altitude:0,accuracy:0,bearing:0,speed:0,timestamp:0
[2019-11-08 10:51:22]num:0
[2019-11-08 10:51:22]valid:0,latitude:0,longitude:0,altitude:0,accuracy:0,bearing:0,speed:0,timestamp:0
[2019-11-08 10:51:52]num:0
[2019-11-08 10:51:52]valid:0,latitude:0,longitude:0,altitude:0,accuracy:0,bearing:0,speed:0,timestamp:0
[2019-11-08 10:52:22]num:0
[2019-11-08 10:52:22]valid:0,latitude:0,longitude:0,altitude:0,accuracy:0,bearing:0,speed:0,timestamp:0
[2019-11-08 10:52:52]num:0
[2019-11-08 10:52:52]valid:0,latitude:0,longitude:0,altitude:0,accuracy:0,bearing:0,speed:0,timestamp:0
[2019-11-08 10:53:22]num:0
[2019-11-08 10:53:22]valid:0,latitude:0,longitude:0,altitude:0,accuracy:0,bearing:0,speed:0,timestamp:0
[2019-11-08 10:53:52]num:0
[2019-11-08 10:53:52]valid:0,latitude:0,longitude:0,altitude:0,accuracy:0,bearing:0,speed:0,timestamp:0
[2019-11-08 10:54:22]num:0
[2019-11-08 10:54:22]valid:0,latitude:0,longitude:0,altitude:0,accuracy:0,bearing:0,speed:0,timestamp:0
[2019-11-08 10:54:52]num:0
[2019-11-08 10:54:52]valid:0,latitude:0,longitude:0,altitude:0,accuracy:0,bearing:0,speed:0,timestamp:0
[2019-11-08 10:55:22]num:0
[2019-11-08 10:55:22]valid:0,latitude:0,longitude:0,altitude:0,accuracy:0,bearing:0,speed:0,timestamp:0
[2019-11-08 10:55:52]num:0
[2019-11-08 10:55:52]valid:0,latitude:0,longitude:0,altitude:0,accuracy:0,bearing:0,speed:0,timestamp:0
[2019-11-08 10:56:23]num:0
[2019-11-08 10:56:23]valid:0,latitude:0,longitude:0,altitude:0,accuracy:0,bearing:0,speed:0,timestamp:0
[2019-11-08 10:56:53]num:0
[2019-11-08 10:56:53]valid:0,latitude:0,longitude:0,altitude:0,accuracy:0,bearing:0,speed:0,timestamp:0
[2019-11-08 10:57:23]num:0
[2019-11-08 10:57:23]valid:0,latitude:0,longitude:0,altitude:0,accuracy:0,bearing:0,speed:0,timestamp:0
[2019-11-08 10:57:53]num:0
[2019-11-08 10:57:53]valid:0,latitude:0,longitude:0,altitude:0,accuracy:0,bearing:0,speed:0,timestamp:0
[2019-11-08 10:58:23]num:0
[2019-11-08 10:58:23]valid:0,latitude:0,longitude:0,altitude:0,accuracy:0,bearing:0,speed:0,timestamp:0
[2019-11-08 10:58:53]num:0
[2019-11-08 10:58:53]valid:0,latitude:0,longitude:0,altitude:0,accuracy:0,bearing:0,speed:0,timestamp:0
[2019-11-08 10:59:23]num:0
[2019-11-08 10:59:23]valid:0,latitude:0,longitude:0,altitude:0,accuracy:0,bearing:0,speed:0,timestamp:0
[2019-11-08 10:59:53]num:0
[2019-11-08 10:59:53]valid:0,latitude:0,longitude:0,altitude:0,accuracy:0,bearing:0,speed:0,timestamp:0
[2019-11-08 11:00:23]num:0
[2019-11-08 11:00:23]valid:0,latitude:0,longitude:0,altitude:0,accuracy:0,bearing:0,speed:0,timestamp:0
[2019-11-08 11:00:53]num:0
[2019-11-08 11:00:53]valid:0,latitude:0,longitude:0,altitude:0,accuracy:0,bearing:0,speed:0,timestamp:0
[2019-11-08 11:01:23]num:0
[2019-11-08 11:01:23]valid:0,latitude:0,longitude:0,altitude:0,accuracy:0,bearing:0,speed:0,timestamp:0
[2019-11-08 11:01:53]num:0
[2019-11-08 11:01:53]valid:0,latitude:0,longitude:0,altitude:0,accuracy:0,bearing:0,speed:0,timestamp:0
[2019-11-08 11:02:23]num:0
[2019-11-08 11:02:23]valid:0,latitude:0,longitude:0,altitude:0,accuracy:0,bearing:0,speed:0,timestamp:0
[2019-11-08 11:02:53]num:0
[2019-11-08 11:02:53]valid:0,latitude:0,longitude:0,altitude:0,accuracy:0,bearing:0,speed:0,timestamp:0
[2019-11-08 11:03:23]num:0
[2019-11-08 11:03:23]valid:0,latitude:0,longitude:0,altitude:0,accuracy:0,bearing:0,speed:0,timestamp:0
[2019-11-08 11:03:53]num:0
[2019-11-08 11:03:53]valid:0,latitude:0,longitude:0,altitude:0,accuracy:0,bearing:0,speed:0,timestamp:0
[2019-11-08 11:04:23]num:0
[2019-11-08 11:04:23]valid:0,latitude:0,longitude:0,altitude:0,accuracy:0,bearing:0,speed:0,timestamp:0
[2019-11-08 11:04:53]num:0
[2019-11-08 11:04:53]valid:0,latitude:0,longitude:0,altitude:0,accuracy:0,bearing:0,speed:0,timestamp:0
[2019-11-08 11:05:23]num:0
[2019-11-08 11:05:23]valid:0,latitude:0,longitude:0,altitude:0,accuracy:0,bearing:0,speed:0,timestamp:0
[2019-11-08 11:05:53]num:0
[2019-11-08 11:05:53]valid:0,latitude:0,longitude:0,altitude:0,accuracy:0,bearing:0,speed:0,timestamp:0
[2019-11-08 11:06:23]num:0
[2019-11-08 11:06:23]valid:0,latitude:0,longitude:0,altitude:0,accuracy:0,bearing:0,speed:0,timestamp:0
[2019-11-08 11:06:53]num:0
[2019-11-08 11:06:53]valid:0,latitude:0,longitude:0,altitude:0,accuracy:0,bearing:0,speed:0,timestamp:0
[2019-11-08 11:07:23]num:0
[2019-11-08 11:07:23]valid:0,latitude:0,longitude:0,altitude:0,accuracy:0,bearing:0,speed:0,timestamp:0
[2019-11-08 11:07:53]num:0
[2019-11-08 11:07:53]valid:0,latitude:0,longitude:0,altitude:0,accuracy:0,bearing:0,speed:0,timestamp:0
[2019-11-08 11:08:23]num:0
[2019-11-08 11:08:23]valid:0,latitude:0,longitude:0,altitude:0,accuracy:0,bearing:0,speed:0,timestamp:0
[2019-11-08 11:08:53]num:0
[2019-11-08 11:08:53]valid:0,latitude:0,longitude:0,altitude:0,accuracy:0,bearing:0,speed:0,timestamp:0
[2019-11-08 11:09:23]num:0
[2019-11-08 11:09:23]valid:0,latitude:0,longitude:0,altitude:0,accuracy:0,bearing:0,speed:0,timestamp:0
[2019-11-08 11:09:53]num:0
[2019-11-08 11:09:53]valid:0,latitude:0,longitude:0,altitude:0,accuracy:0,bearing:0,speed:0,timestamp:0
[2019-11-08 11:10:23]num:0
[2019-11-08 11:10:23]valid:0,latitude:0,longitude:0,altitude:0,accuracy:0,bearing:0,speed:0,timestamp:0
[2019-11-08 11:10:53]num:0
[2019-11-08 11:10:53]valid:0,latitude:0,longitude:0,altitude:0,accuracy:0,bearing:0,speed:0,timestamp:0
[2019-11-08 11:11:23]num:0
[2019-11-08 11:11:23]valid:0,latitude:0,longitude:0,altitude:0,accuracy:0,bearing:0,speed:0,timestamp:0
[2019-11-08 11:11:53]num:0
[2019-11-08 11:11:53]valid:0,latitude:0,longitude:0,altitude:0,accuracy:0,bearing:0,speed:0,timestamp:0
[2019-11-08 11:12:23]num:0
[2019-11-08 11:12:23]valid:0,latitude:0,longitude:0,altitude:0,accuracy:0,bearing:0,speed:0,timestamp:0
[2019-11-08 11:12:53]num:0
[2019-11-08 11:12:53]valid:0,latitude:0,longitude:0,altitude:0,accuracy:0,bearing:0,speed:0,timestamp:0
[2019-11-08 11:13:23]num:0
[2019-11-08 11:13:23]valid:0,latitude:0,longitude:0,altitude:0,accuracy:0,bearing:0,speed:0,timestamp:0
[2019-11-08 11:13:53]num:0
[2019-11-08 11:13:53]valid:0,latitude:0,longitude:0,altitude:0,accuracy:0,bearing:0,speed:0,timestamp:0
[2019-11-08 11:14:23]num:0
[2019-11-08 11:14:23]valid:0,latitude:0,longitude:0,altitude:0,accuracy:0,bearing:0,speed:0,timestamp:0
[2019-11-08 11:14:53]num:0
[2019-11-08 11:14:53]valid:0,latitude:0,longitude:0,altitude:0,accuracy:0,bearing:0,speed:0,timestamp:0
[2019-11-08 11:15:23]num:0
[2019-11-08 11:15:23]valid:0,latitude:0,longitude:0,altitude:0,accuracy:0,bearing:0,speed:0,timestamp:0
[2019-11-08 11:15:53]num:0
[2019-11-08 11:15:53]valid:0,latitude:0,longitude:0,altitude:0,accuracy:0,bearing:0,speed:0,timestamp:0
[2019-11-08 11:16:23]num:0
[2019-11-08 11:16:23]valid:0,latitude:0,longitude:0,altitude:0,accuracy:0,bearing:0,speed:0,timestamp:0
[2019-11-08 11:16:54]num:0
[2019-11-08 11:16:54]valid:0,latitude:0,longitude:0,altitude:0,accuracy:0,bearing:0,speed:0,timestamp:0
[2019-11-08 11:17:24]num:0
[2019-11-08 11:17:24]valid:0,latitude:0,longitude:0,altitude:0,accuracy:0,bearing:0,speed:0,timestamp:0
[2019-11-08 11:17:54]num:0
[2019-11-08 11:17:54]valid:0,latitude:0,longitude:0,altitude:0,accuracy:0,bearing:0,speed:0,timestamp:0
[2019-11-08 11:18:24]num:0
[2019-11-08 11:18:24]valid:0,latitude:0,longitude:0,altitude:0,accuracy:0,bearing:0,speed:0,timestamp:0
[2019-11-08 11:18:54]num:0
[2019-11-08 11:18:54]valid:0,latitude:0,longitude:0,altitude:0,accuracy:0,bearing:0,speed:0,timestamp:0
[2019-11-08 11:19:24]num:0
[2019-11-08 11:19:24]valid:0,latitude:0,longitude:0,altitude:0,accuracy:0,bearing:0,speed:0,timestamp:0
[2019-11-08 11:19:54]num:0
[2019-11-08 11:19:54]valid:0,latitude:0,longitude:0,altitude:0,accuracy:0,bearing:0,speed:0,timestamp:0
[2019-11-08 11:20:24]num:0
[2019-11-08 11:20:24]valid:0,latitude:0,longitude:0,altitude:0,accuracy:0,bearing:0,speed:0,timestamp:0
[2019-11-08 11:20:54]num:0
[2019-11-08 11:20:54]valid:0,latitude:0,longitude:0,altitude:0,accuracy:0,bearing:0,speed:0,timestamp:0
[2019-11-08 11:21:24]num:0
[2019-11-08 11:21:24]valid:0,latitude:0,longitude:0,altitude:0,accuracy:0,bearing:0,speed:0,timestamp:0
[2019-11-08 11:21:54]num:0
[2019-11-08 11:21:54]valid:0,latitude:0,longitude:0,altitude:0,accuracy:0,bearing:0,speed:0,timestamp:0
[2019-11-08 11:22:24]num:0
[2019-11-08 11:22:24]valid:0,latitude:0,longitude:0,altitude:0,accuracy:0,bearing:0,speed:0,timestamp:0
[2019-11-08 11:22:54]num:0
[2019-11-08 11:22:54]valid:0,latitude:0,longitude:0,altitude:0,accuracy:0,bearing:0,speed:0,timestamp:0
[2019-11-08 11:23:24]num:0
[2019-11-08 11:23:24]valid:0,latitude:0,longitude:0,altitude:0,accuracy:0,bearing:0,speed:0,timestamp:0
[2019-11-08 11:23:54]num:0
[2019-11-08 11:23:54]valid:0,latitude:0,longitude:0,altitude:0,accuracy:0,bearing:0,speed:0,timestamp:0
[2019-11-08 11:24:24]num:0
[2019-11-08 11:24:24]valid:0,latitude:0,longitude:0,altitude:0,accuracy:0,bearing:0,speed:0,timestamp:0
[2019-11-08 11:24:54]num:0
[2019-11-08 11:24:54]valid:0,latitude:0,longitude:0,altitude:0,accuracy:0,bearing:0,speed:0,timestamp:0
[2019-11-08 11:25:24]num:0
[2019-11-08 11:25:24]valid:0,latitude:0,longitude:0,altitude:0,accuracy:0,bearing:0,speed:0,timestamp:0
[2019-11-08 11:25:54]num:0
[2019-11-08 11:25:54]valid:0,latitude:0,longitude:0,altitude:0,accuracy:0,bearing:0,speed:0,timestamp:0
[2019-11-08 11:26:24]num:0
[2019-11-08 11:26:24]valid:0,latitude:0,longitude:0,altitude:0,accuracy:0,bearing:0,speed:0,timestamp:0
[2019-11-08 11:26:54]num:0
[2019-11-08 11:26:54]valid:0,latitude:0,longitude:0,altitude:0,accuracy:0,bearing:0,speed:0,timestamp:0
[2019-11-08 11:27:24]num:0
[2019-11-08 11:27:24]valid:0,latitude:0,longitude:0,altitude:0,accuracy:0,bearing:0,speed:0,timestamp:0
[2019-11-08 11:27:54]num:0
[2019-11-08 11:27:54]valid:0,latitude:0,longitude:0,altitude:0,accuracy:0,bearing:0,speed:0,timestamp:0
[2019-11-08 11:28:24]num:0
[2019-11-08 11:28:24]valid:0,latitude:0,longitude:0,altitude:0,accuracy:0,bearing:0,speed:0,timestamp:0
[2019-11-08 11:28:54]num:0
[2019-11-08 11:28:54]valid:0,latitude:0,longitude:0,altitude:0,accuracy:0,bearing:0,speed:0,timestamp:0
[2019-11-08 11:29:24]num:0
[2019-11-08 11:29:24]valid:0,latitude:0,longitude:0,altitude:0,accuracy:0,bearing:0,speed:0,timestamp:0
[2019-11-08 11:29:54]num:0
[2019-11-08 11:29:54]valid:0,latitude:0,longitude:0,altitude:0,accuracy:0,bearing:0,speed:0,timestamp:0
[2019-11-08 11:30:24]num:0
[2019-11-08 11:30:24]valid:0,latitude:0,longitude:0,altitude:0,accuracy:0,bearing:0,speed:0,timestamp:0
[2019-11-08 11:30:54]num:0
[2019-11-08 11:30:54]valid:0,latitude:0,longitude:0,altitude:0,accuracy:0,bearing:0,speed:0,timestamp:0
[2019-11-08 11:31:24]num:0
[2019-11-08 11:31:24]valid:0,latitude:0,longitude:0,altitude:0,accuracy:0,bearing:0,speed:0,timestamp:0
[2019-11-08 11:31:54]num:0
[2019-11-08 11:31:54]valid:0,latitude:0,longitude:0,altitude:0,accuracy:0,bearing:0,speed:0,timestamp:0
[2019-11-08 11:32:24]num:0
[2019-11-08 11:32:24]valid:0,latitude:0,longitude:0,altitude:0,accuracy:0,bearing:0,speed:0,timestamp:0
[2019-11-08 11:32:54]num:0
[2019-11-08 11:32:54]valid:0,latitude:0,longitude:0,altitude:0,accuracy:0,bearing:0,speed:0,timestamp:0
[2019-11-08 11:33:24]num:0
[2019-11-08 11:33:24]valid:0,latitude:0,longitude:0,altitude:0,accuracy:0,bearing:0,speed:0,timestamp:0
[2019-11-08 11:33:54]num:0
[2019-11-08 11:33:54]valid:0,latitude:0,longitude:0,altitude:0,accuracy:0,bearing:0,speed:0,timestamp:0
[2019-11-08 11:34:24]num:0
[2019-11-08 11:34:24]valid:0,latitude:0,longitude:0,altitude:0,accuracy:0,bearing:0,speed:0,timestamp:0
[2019-11-08 11:34:54]num:0
[2019-11-08 11:34:54]valid:0,latitude:0,longitude:0,altitude:0,accuracy:0,bearing:0,speed:0,timestamp:0
[2019-11-08 11:35:24]num:0
[2019-11-08 11:35:24]valid:0,latitude:0,longitude:0,altitude:0,accuracy:0,bearing:0,speed:0,timestamp:0
[2019-11-08 11:35:54]num:0
[2019-11-08 11:35:54]valid:0,latitude:0,longitude:0,altitude:0,accuracy:0,bearing:0,speed:0,timestamp:0
[2019-11-08 11:36:02]wkup_handler->wkup:0x00000002
[2019-11-08 11:36:24]num:0
[2019-11-08 11:36:24]valid:0,latitude:0,longitude:0,altitude:0,accuracy:0,bearing:0,speed:0,timestamp:0
[2019-11-08 11:36:54]num:0
[2019-11-08 11:36:54]valid:0,latitude:0,longitude:0,altitude:0,accuracy:0,bearing:0,speed:0,timestamp:0
[2019-11-08 11:37:24]num:0
[2019-11-08 11:37:24]valid:0,latitude:0,longitude:0,altitude:0,accuracy:0,bearing:0,speed:0,timestamp:0
[2019-11-08 11:37:54]num:0
[2019-11-08 11:37:54]valid:0,latitude:0,longitude:0,altitude:0,accuracy:0,bearing:0,speed:0,timestamp:0
[2019-11-08 11:38:25]num:0
[2019-11-08 11:38:25]valid:0,latitude:0,longitude:0,altitude:0,accuracy:0,bearing:0,speed:0,timestamp:0
[2019-11-08 11:38:55]num:0
[2019-11-08 11:38:55]valid:0,latitude:0,longitude:0,altitude:0,accuracy:0,bearing:0,speed:0,timestamp:0
[2019-11-08 11:39:25]num:0
[2019-11-08 11:39:25]valid:0,latitude:0,longitude:0,altitude:0,accuracy:0,bearing:0,speed:0,timestamp:0
[2019-11-08 11:39:30]wkup_handler->wkup:0x00000000
[2019-11-08 11:39:55]num:0
[2019-11-08 11:39:55]valid:0,latitude:0,longitude:0,altitude:0,accuracy:0,bearing:0,speed:0,timestamp:0
[2019-11-08 11:40:25]num:0
[2019-11-08 11:40:25]valid:0,latitude:0,longitude:0,altitude:0,accuracy:0,bearing:0,speed:0,timestamp:0
[2019-11-08 11:40:55]num:0
[2019-11-08 11:40:55]valid:0,latitude:0,longitude:0,altitude:0,accuracy:0,bearing:0,speed:0,timestamp:0
[2019-11-08 11:41:25]num:0
[2019-11-08 11:41:25]valid:0,latitude:0,longitude:0,altitude:0,accuracy:0,bearing:0,speed:0,timestamp:0
[2019-11-08 11:41:55]num:0
[2019-11-08 11:41:55]valid:0,latitude:0,longitude:0,altitude:0,accuracy:0,bearing:0,speed:0,timestamp:0
[2019-11-08 11:42:25]num:0
[2019-11-08 11:42:25]valid:0,latitude:0,longitude:0,altitude:0,accuracy:0,bearing:0,speed:0,timestamp:0
[2019-11-08 11:42:55]num:0
[2019-11-08 11:42:55]valid:0,latitude:0,longitude:0,altitude:0,accuracy:0,bearing:0,speed:0,timestamp:0
