[1980-01-06 08:00:16]gnss-service:Oct 31 2019 14:37:18
[1980-01-06 08:00:16]----------------ini_info_t start ------------------
[1980-01-06 08:00:16]start: 1
[1980-01-06 08:00:16]----------------ini_info_t end  ------------------
[1980-01-06 08:00:16]init_state:KEY_GNSS_ENABLE: gnss_enable:1
[1980-01-06 08:00:16]ipc gnss sucess
[1980-01-06 08:00:16]gps_init start 
[1980-01-06 08:00:16]gps_init end 
[1980-01-06 08:00:16]gnss_enable:1
[1980-01-06 08:00:16]gps_start start 
[1980-01-06 08:00:16]start_gnss_service start 
[1980-01-06 08:00:19]start_gnss_service end 
[1980-01-06 08:00:19]gps_set_indications start 
[1980-01-06 08:00:19]gps_set_indications end 
[1980-01-06 08:00:19]set_position_mode start 
[1980-01-06 08:00:19]set_position_mode end 
[1980-01-06 08:00:19]start_navigation start 
[1980-01-06 08:00:19]start_navigation end 
[1980-01-06 08:00:19]gps_start end 
[1980-01-06 08:00:19]hw gnss sucess
[1980-01-06 08:00:19]loop:0
[1980-01-06 08:00:19]pwrmode_handler->seq:1 mode:1
[1980-01-06 08:00:19]init power sucess
[1980-01-06 08:00:19]num:0
[1980-01-06 08:00:19]valid:0,latitude:0,longitude:0,altitude:0,accuracy:0,bearing:0,speed:0,timestamp:0
[1980-01-06 08:00:22]wkup_handler->wkup:0x00000001
[2019-11-07 16:47:54]wkup_handler->wkup:0x00000000
[2019-11-07 16:47:56]num:0
[2019-11-07 16:47:56]valid:0,latitude:0,longitude:0,altitude:0,accuracy:0,bearing:0,speed:0,timestamp:0
[2019-11-07 16:48:26]num:0
[2019-11-07 16:48:26]valid:0,latitude:0,longitude:0,altitude:0,accuracy:0,bearing:0,speed:0,timestamp:0
[2019-11-07 16:48:56]num:0
[2019-11-07 16:48:56]valid:0,latitude:0,longitude:0,altitude:0,accuracy:0,bearing:0,speed:0,timestamp:0
[2019-11-07 16:49:26]num:9
[2019-11-07 16:49:26]valid:1,latitude:22576606,longitude:113917009,altitude:307000000,accuracy:35000000,bearing:0,speed:0,timestamp:1573116571000
[2019-11-07 16:49:56]num:7
[2019-11-07 16:49:56]valid:1,latitude:22576599,longitude:113917051,altitude:297000000,accuracy:29000000,bearing:0,speed:0,timestamp:1573116601000
[2019-11-07 16:50:26]num:7
[2019-11-07 16:50:26]valid:1,latitude:22576602,longitude:113917053,altitude:292000000,accuracy:24000000,bearing:0,speed:0,timestamp:1573116631000
[2019-11-07 16:50:56]num:7
[2019-11-07 16:50:56]valid:1,latitude:22576634,longitude:113917061,altitude:295000000,accuracy:17000000,bearing:0,speed:0,timestamp:1573116661000
[2019-11-07 16:51:06]carmode_handler->mode:1
[2019-11-07 16:51:08]carmode_handler->mode:2
[2019-11-07 16:51:26]num:8
[2019-11-07 16:51:26]valid:1,latitude:22576647,longitude:113917043,altitude:297000000,accuracy:29000000,bearing:0,speed:0,timestamp:1573116691000
[2019-11-07 16:51:56]num:8
[2019-11-07 16:51:56]valid:1,latitude:22576647,longitude:113917041,altitude:298000000,accuracy:20000000,bearing:0,speed:0,timestamp:1573116721000
[2019-11-07 16:52:26]num:8
[2019-11-07 16:52:26]valid:1,latitude:22576650,longitude:113917045,altitude:299000000,accuracy:33000000,bearing:0,speed:0,timestamp:1573116751000
[2019-11-07 16:52:56]num:6
[2019-11-07 16:52:56]valid:1,latitude:22576650,longitude:113917047,altitude:299000000,accuracy:104000000,bearing:0,speed:0,timestamp:1573116781000
[2019-11-07 16:53:26]num:7
[2019-11-07 16:53:26]valid:1,latitude:22576665,longitude:113917035,altitude:301000000,accuracy:22000000,bearing:0,speed:0,timestamp:1573116811000
[2019-11-07 16:53:56]num:8
[2019-11-07 16:53:56]valid:1,latitude:22576671,longitude:113917016,altitude:303000000,accuracy:25000000,bearing:0,speed:0,timestamp:1573116841000
[2019-11-07 16:54:26]num:8
[2019-11-07 16:54:26]valid:1,latitude:22576687,longitude:113917028,altitude:303000000,accuracy:16000000,bearing:35200000,speed:286356,timestamp:1573116871000
[2019-11-07 16:54:56]num:9
[2019-11-07 16:54:56]valid:1,latitude:22576726,longitude:113917108,altitude:304000000,accuracy:24000000,bearing:0,speed:0,timestamp:1573116901000
[2019-11-07 16:55:26]num:7
[2019-11-07 16:55:26]valid:1,latitude:22576749,longitude:113917131,altitude:302000000,accuracy:26000000,bearing:0,speed:0,timestamp:1573116931000
