[1980-01-06 08:00:16]gnss-service:Oct 31 2019 14:37:18
[1980-01-06 08:00:16]----------------ini_info_t start ------------------
[1980-01-06 08:00:16]start: 1
[1980-01-06 08:00:16]----------------ini_info_t end  ------------------
[1980-01-06 08:00:16]init_state:KEY_GNSS_ENABLE: gnss_enable:1
[1980-01-06 08:00:16]ipc gnss sucess
[1980-01-06 08:00:16]gps_init start 
[1980-01-06 08:00:16]gps_init end 
[1980-01-06 08:00:16]gnss_enable:1
[1980-01-06 08:00:16]gps_start start 
[1980-01-06 08:00:16]start_gnss_service start 
[1980-01-06 08:00:19]start_gnss_service end 
[1980-01-06 08:00:19]gps_set_indications start 
[1980-01-06 08:00:19]gps_set_indications end 
[1980-01-06 08:00:19]set_position_mode start 
[1980-01-06 08:00:19]set_position_mode end 
[1980-01-06 08:00:19]start_navigation start 
[1980-01-06 08:00:19]start_navigation end 
[1980-01-06 08:00:19]gps_start end 
[1980-01-06 08:00:19]hw gnss sucess
[1980-01-06 08:00:19]loop:0
[1980-01-06 08:00:19]pwrmode_handler->seq:1 mode:1
[1980-01-06 08:00:19]init power sucess
[1980-01-06 08:00:19]num:0
[1980-01-06 08:00:19]valid:0,latitude:0,longitude:0,altitude:0,accuracy:0,bearing:0,speed:0,timestamp:0
[1980-01-06 08:00:22]wkup_handler->wkup:0x00000001
