[2019-10-29 19:37:21]rescue-service start,init callFlag to HU
[2019-10-29 19:37:31]rescue-service start,init callFlag to HU
[2019-10-29 19:37:41]rescue-service start,init callFlag to HU
[2019-10-29 19:37:51]rescue-service start,init callFlag to HU
[2019-10-29 19:38:01]rescue-service start,init callFlag to HU
[2019-10-29 19:38:11]rescue-service start,init callFlag to HU
[2019-10-29 19:38:21]rescue-service start,init callFlag to HU
[2019-10-29 19:38:32]rescue-service start,init callFlag to HU
[2019-10-29 19:38:42]rescue-service start,init callFlag to HU
[2019-10-29 19:38:52]rescue-service start,init callFlag to HU
[2019-10-29 19:39:02]rescue-service start,init callFlag to HU
[2019-10-29 19:39:12]rescue-service start,init callFlag to HU
[2019-10-29 19:39:22]rescue-service start,init callFlag to HU
[2019-10-29 19:39:32]rescue-service start,init callFlag to HU
[2019-10-29 19:39:42]rescue-service start,init callFlag to HU
[2019-10-29 19:39:52]rescue-service start,init callFlag to HU
[2019-10-29 19:40:02]rescue-service start,init callFlag to HU
[2019-10-29 19:40:12]rescue-service start,init callFlag to HU
[2019-10-29 19:40:22]rescue-service start,init callFlag to HU
[2019-10-29 19:40:32]rescue-service start,init callFlag to HU
[2019-10-29 19:40:42]rescue-service start,init callFlag to HU
[2019-10-29 19:40:52]rescue-service start,init callFlag to HU
[2019-10-29 19:41:02]rescue-service start,init callFlag to HU
[2019-10-29 19:41:12]rescue-service start,init callFlag to HU
[2019-10-29 19:41:22]rescue-service start,init callFlag to HU
[2019-10-29 19:41:32]rescue-service start,init callFlag to HU
[2019-10-29 19:41:42]rescue-service start,init callFlag to HU
[2019-10-29 19:41:52]rescue-service start,init callFlag to HU
[2019-10-29 19:42:02]rescue-service start,init callFlag to HU
[2019-10-29 19:42:12]rescue-service start,init callFlag to HU
[2019-10-29 19:42:22]rescue-service start,init callFlag to HU
[2019-10-29 19:42:32]rescue-service start,init callFlag to HU
[2019-10-29 19:42:42]rescue-service start,init callFlag to HU
[2019-10-29 19:42:52]rescue-service start,init callFlag to HU
[2019-10-29 19:43:02]rescue-service start,init callFlag to HU
[2019-10-29 19:43:12]rescue-service start,init callFlag to HU
[2019-10-29 19:43:22]rescue-service start,init callFlag to HU
[2019-10-29 19:43:32]rescue-service start,init callFlag to HU
[2019-10-29 19:43:42]rescue-service start,init callFlag to HU
[2019-10-29 19:43:52]rescue-service start,init callFlag to HU
[2019-10-29 19:44:02]rescue-service start,init callFlag to HU
[2019-10-29 19:44:12]rescue-service start,init callFlag to HU
[2019-10-29 19:44:22]rescue-service start,init callFlag to HU
[2019-10-29 19:44:32]rescue-service start,init callFlag to HU
[2019-10-29 19:44:42]rescue-service start,init callFlag to HU
[2019-10-29 19:44:52]rescue-service start,init callFlag to HU
[2019-10-29 19:45:02]rescue-service start,init callFlag to HU
[2019-10-29 19:45:12]rescue-service start,init callFlag to HU
[2019-10-29 19:45:22]rescue-service start,init callFlag to HU
[2019-10-29 19:45:32]rescue-service start,init callFlag to HU
[2019-10-29 19:45:42]rescue-service start,init callFlag to HU
[2019-10-29 19:45:52]rescue-service start,init callFlag to HU
[2019-10-29 19:46:02]rescue-service start,init callFlag to HU
[2019-10-29 19:46:12]rescue-service start,init callFlag to HU
[2019-10-29 19:46:22]rescue-service start,init callFlag to HU
[2019-10-29 19:46:32]rescue-service start,init callFlag to HU
[2019-10-29 19:46:42]rescue-service start,init callFlag to HU
[2019-10-29 19:46:52]rescue-service start,init callFlag to HU
[2019-10-29 19:47:02]rescue-service start,init callFlag to HU
[2019-10-29 19:47:12]rescue-service start,init callFlag to HU
[2019-10-29 19:47:22]rescue-service start,init callFlag to HU
[2019-10-29 19:47:32]rescue-service start,init callFlag to HU
[2019-10-29 19:47:42]rescue-service start,init callFlag to HU
[2019-10-29 19:47:52]rescue-service start,init callFlag to HU
[2019-10-29 19:48:02]rescue-service start,init callFlag to HU
[2019-10-29 19:48:12]rescue-service start,init callFlag to HU
[2019-10-29 19:48:22]rescue-service start,init callFlag to HU
[2019-10-29 19:48:32]rescue-service start,init callFlag to HU
[2019-10-29 19:48:42]rescue-service start,init callFlag to HU
[2019-10-29 19:48:52]rescue-service start,init callFlag to HU
[2019-10-29 19:49:02]rescue-service start,init callFlag to HU
[2019-10-29 19:49:12]rescue-service start,init callFlag to HU
[2019-10-29 19:49:22]rescue-service start,init callFlag to HU
[2019-10-29 19:49:32]rescue-service start,init callFlag to HU
[2019-10-29 19:49:42]rescue-service start,init callFlag to HU
[2019-10-29 19:49:52]rescue-service start,init callFlag to HU
[2019-10-29 19:50:02]rescue-service start,init callFlag to HU
[2019-10-29 19:50:12]rescue-service start,init callFlag to HU
[2019-10-29 19:50:22]rescue-service start,init callFlag to HU
[2019-10-29 19:50:32]rescue-service start,init callFlag to HU
[2019-10-29 19:50:42]rescue-service start,init callFlag to HU
[2019-10-29 19:50:52]rescue-service start,init callFlag to HU
[2019-10-29 19:51:02]rescue-service start,init callFlag to HU
[2019-10-29 19:51:12]rescue-service start,init callFlag to HU
[2019-10-29 19:51:22]rescue-service start,init callFlag to HU
[2019-10-29 19:51:32]rescue-service start,init callFlag to HU
[2019-10-29 19:51:42]rescue-service start,init callFlag to HU
[2019-10-29 19:51:52]rescue-service start,init callFlag to HU
[2019-10-29 19:52:02]rescue-service start,init callFlag to HU
[2019-10-29 19:52:12]rescue-service start,init callFlag to HU
[2019-10-29 19:52:22]rescue-service start,init callFlag to HU
[2019-10-29 19:52:32]rescue-service start,init callFlag to HU
[2019-10-29 19:52:42]rescue-service start,init callFlag to HU
[2019-10-29 19:52:52]rescue-service start,init callFlag to HU
[2019-10-29 19:53:02]rescue-service start,init callFlag to HU
[2019-10-29 19:53:12]rescue-service start,init callFlag to HU
[2019-10-29 19:53:22]rescue-service start,init callFlag to HU
[2019-10-29 19:53:32]rescue-service start,init callFlag to HU
[2019-10-29 19:53:42]rescue-service start,init callFlag to HU
[2019-10-29 19:53:52]rescue-service start,init callFlag to HU
[2019-10-29 19:54:02]rescue-service start,init callFlag to HU
[2019-10-29 19:54:12]rescue-service start,init callFlag to HU
[2019-10-29 19:54:22]rescue-service start,init callFlag to HU
[2019-10-29 19:54:32]rescue-service start,init callFlag to HU
[2019-10-29 19:54:42]rescue-service start,init callFlag to HU
[2019-10-29 19:54:52]rescue-service start,init callFlag to HU
[2019-10-29 19:55:02]rescue-service start,init callFlag to HU
[2019-10-29 19:55:12]rescue-service start,init callFlag to HU
[2019-10-29 19:55:22]rescue-service start,init callFlag to HU
[2019-10-29 19:55:32]rescue-service start,init callFlag to HU
[2019-10-29 19:55:42]rescue-service start,init callFlag to HU
[2019-10-29 19:55:52]rescue-service start,init callFlag to HU
[2019-10-29 19:56:02]rescue-service start,init callFlag to HU
[2019-10-29 19:56:12]rescue-service start,init callFlag to HU
[2019-10-29 19:56:20][function:calling(),callType: ECALL, callSource: MCU,callNumber: ]
[2019-10-29 19:56:20]getCallNumber success.....number:01057071414
[2019-10-29 19:56:20]Call type: ECALL, number: 01057071414
[2019-10-29 19:56:20]connot call, accSte: 1, m_ConnectHU: 0
[2019-10-29 19:56:20]notifyMCUCallStatus ok, callType:1, callStatus:3.
[2019-10-29 19:56:22]Hangup cmd from mcu
[2019-10-29 19:56:22]getActiveCallID ok, callId:0
[2019-10-29 19:56:22]notifyMCUCallStatus ok, callType:1, callStatus:3.
[2019-10-29 19:56:22]rescue-service start,init callFlag to HU
[2019-10-29 19:56:23]Hangup cmd from mcu
[2019-10-29 19:56:23]getActiveCallID ok, callId:0
[2019-10-29 19:56:23]notifyMCUCallStatus ok, callType:1, callStatus:3.
[2019-10-29 19:56:26][function:calling(),callType: BCALL, callSource: MCU,callNumber: ]
[2019-10-29 19:56:26]getCallNumber success.....number:01082208139
[2019-10-29 19:56:26]Call type: BCALL, number: 01082208139
[2019-10-29 19:56:26]connot call, accSte: 1, m_ConnectHU: 0
[2019-10-29 19:56:26]notifyMCUCallStatus ok, callType:2, callStatus:3.
[2019-10-29 19:56:28]Hangup cmd from mcu
[2019-10-29 19:56:28]getActiveCallID ok, callId:0
[2019-10-29 19:56:28]notifyMCUCallStatus ok, callType:3, callStatus:3.
[2019-10-29 19:56:30][function:calling(),callType: BCALL, callSource: MCU,callNumber: ]
[2019-10-29 19:56:30]getCallNumber success.....number:01082208139
[2019-10-29 19:56:30]Call type: BCALL, number: 01082208139
[2019-10-29 19:56:30]connot call, accSte: 1, m_ConnectHU: 0
[2019-10-29 19:56:30]notifyMCUCallStatus ok, callType:2, callStatus:3.
[2019-10-29 19:56:32]rescue-service start,init callFlag to HU
[2019-10-29 19:56:42]rescue-service start,init callFlag to HU
[2019-10-29 19:56:52]rescue-service start,init callFlag to HU
[2019-10-29 19:57:02]rescue-service start,init callFlag to HU
[2019-10-29 19:57:12]rescue-service start,init callFlag to HU
[2019-10-29 19:57:22]rescue-service start,init callFlag to HU
[2019-10-29 19:57:32]rescue-service start,init callFlag to HU
[2019-10-29 19:57:42]rescue-service start,init callFlag to HU
[2019-10-29 19:57:52]rescue-service start,init callFlag to HU
[2019-10-29 19:58:02]rescue-service start,init callFlag to HU
[2019-10-29 19:58:12]rescue-service start,init callFlag to HU
[2019-10-29 19:58:22]rescue-service start,init callFlag to HU
[2019-10-29 19:58:32]rescue-service start,init callFlag to HU
[2019-10-29 19:58:42]rescue-service start,init callFlag to HU
[2019-10-29 19:58:52]rescue-service start,init callFlag to HU
[2019-10-29 19:59:02]rescue-service start,init callFlag to HU
[2019-10-29 19:59:12]rescue-service start,init callFlag to HU
[2019-10-29 19:59:22]rescue-service start,init callFlag to HU
[2019-10-29 19:59:32]rescue-service start,init callFlag to HU
[2019-10-29 19:59:43]rescue-service start,init callFlag to HU
[2019-10-29 19:59:53]rescue-service start,init callFlag to HU
[2019-10-29 20:00:03]rescue-service start,init callFlag to HU
[2019-10-29 20:00:13]rescue-service start,init callFlag to HU
[2019-10-29 20:00:23]rescue-service start,init callFlag to HU
[2019-10-29 20:00:33]rescue-service start,init callFlag to HU
[2019-10-29 20:00:43]rescue-service start,init callFlag to HU
[2019-10-29 20:00:53]rescue-service start,init callFlag to HU
[2019-10-29 20:01:03]rescue-service start,init callFlag to HU
[2019-10-29 20:01:13]rescue-service start,init callFlag to HU
[2019-10-29 20:01:23]rescue-service start,init callFlag to HU
[2019-10-29 20:01:33]rescue-service start,init callFlag to HU
[2019-10-29 20:01:43]rescue-service start,init callFlag to HU
[2019-10-29 20:01:53]rescue-service start,init callFlag to HU
[2019-10-29 20:02:03]rescue-service start,init callFlag to HU
[2019-10-29 20:02:13]rescue-service start,init callFlag to HU
[2019-10-29 20:02:23]rescue-service start,init callFlag to HU
[2019-10-29 20:02:33]rescue-service start,init callFlag to HU
[2019-10-29 20:02:43]rescue-service start,init callFlag to HU
[2019-10-29 20:02:53]rescue-service start,init callFlag to HU
[2019-10-29 20:03:03]rescue-service start,init callFlag to HU
[2019-10-29 20:03:13]rescue-service start,init callFlag to HU
[2019-10-29 20:03:23]rescue-service start,init callFlag to HU
[2019-10-29 20:03:33]rescue-service start,init callFlag to HU
[2019-10-29 20:03:43]rescue-service start,init callFlag to HU
[2019-10-29 20:03:53]rescue-service start,init callFlag to HU
[2019-10-29 20:04:03]rescue-service start,init callFlag to HU
[2019-10-29 20:04:13]rescue-service start,init callFlag to HU
[2019-10-29 20:04:23]rescue-service start,init callFlag to HU
[2019-10-29 20:04:33]rescue-service start,init callFlag to HU
[2019-10-29 20:04:43]rescue-service start,init callFlag to HU
[2019-10-29 20:04:53]rescue-service start,init callFlag to HU
[2019-10-29 20:05:03]rescue-service start,init callFlag to HU
[2019-10-29 20:05:13]rescue-service start,init callFlag to HU
[2019-10-29 20:05:23]rescue-service start,init callFlag to HU
[2019-10-29 20:05:33]rescue-service start,init callFlag to HU
[2019-10-29 20:05:43]rescue-service start,init callFlag to HU
[2019-10-29 20:05:53]rescue-service start,init callFlag to HU
[2019-10-29 20:06:03]rescue-service start,init callFlag to HU
[2019-10-29 20:06:13]rescue-service start,init callFlag to HU
[2019-10-29 20:06:23]rescue-service start,init callFlag to HU
[2019-10-29 20:06:33]rescue-service start,init callFlag to HU
[2019-10-29 20:06:43]rescue-service start,init callFlag to HU
[2019-10-29 20:06:53]rescue-service start,init callFlag to HU
[2019-10-29 20:07:03]rescue-service start,init callFlag to HU
[2019-10-29 20:07:13]rescue-service start,init callFlag to HU
[2019-10-29 20:07:23]rescue-service start,init callFlag to HU
[2019-10-29 20:07:33]rescue-service start,init callFlag to HU
[2019-10-29 20:07:43]rescue-service start,init callFlag to HU
[2019-10-29 20:07:53]rescue-service start,init callFlag to HU
[2019-10-29 20:08:03]rescue-service start,init callFlag to HU
[2019-10-29 20:08:13]rescue-service start,init callFlag to HU
[2019-10-29 20:08:23]rescue-service start,init callFlag to HU
[2019-10-29 20:08:33]rescue-service start,init callFlag to HU
[2019-10-29 20:08:43]rescue-service start,init callFlag to HU
[2019-10-29 20:08:53]rescue-service start,init callFlag to HU
[2019-10-29 20:09:03]rescue-service start,init callFlag to HU
[2019-10-29 20:09:13]rescue-service start,init callFlag to HU
[2019-10-29 20:09:23]rescue-service start,init callFlag to HU
[2019-10-29 20:09:33]rescue-service start,init callFlag to HU
[2019-10-29 20:09:43]rescue-service start,init callFlag to HU
[2019-10-29 20:09:53]rescue-service start,init callFlag to HU
[2019-10-29 20:10:03]rescue-service start,init callFlag to HU
[2019-10-29 20:10:13]rescue-service start,init callFlag to HU
[2019-10-29 20:10:23]rescue-service start,init callFlag to HU
[2019-10-29 20:10:33]rescue-service start,init callFlag to HU
[2019-10-29 20:10:43]rescue-service start,init callFlag to HU
[2019-10-29 20:10:53]rescue-service start,init callFlag to HU
[2019-10-29 20:11:03]rescue-service start,init callFlag to HU
[2019-10-29 20:11:13]rescue-service start,init callFlag to HU
[2019-10-29 20:11:23]rescue-service start,init callFlag to HU
[2019-10-29 20:11:33]rescue-service start,init callFlag to HU
[2019-10-29 20:11:43]rescue-service start,init callFlag to HU
[2019-10-29 20:11:53]rescue-service start,init callFlag to HU
[2019-10-29 20:12:03]rescue-service start,init callFlag to HU
[2019-10-29 20:12:13]rescue-service start,init callFlag to HU
[2019-10-29 20:12:23]rescue-service start,init callFlag to HU
[2019-10-29 20:12:33]rescue-service start,init callFlag to HU
[2019-10-29 20:12:43]rescue-service start,init callFlag to HU
[2019-10-29 20:12:53]rescue-service start,init callFlag to HU
[2019-10-29 20:13:03]rescue-service start,init callFlag to HU
[2019-10-29 20:13:13]rescue-service start,init callFlag to HU
[2019-10-29 20:13:23]rescue-service start,init callFlag to HU
[2019-10-29 20:13:33]rescue-service start,init callFlag to HU
[2019-10-29 20:13:43]rescue-service start,init callFlag to HU
[2019-10-29 20:13:53]rescue-service start,init callFlag to HU
[2019-10-29 20:14:03]rescue-service start,init callFlag to HU
[2019-10-29 20:14:13]rescue-service start,init callFlag to HU
[2019-10-29 20:14:23]rescue-service start,init callFlag to HU
[2019-10-29 20:14:33]rescue-service start,init callFlag to HU
[2019-10-29 20:14:43]rescue-service start,init callFlag to HU
[2019-10-29 20:14:53]rescue-service start,init callFlag to HU
[2019-10-29 20:15:03]rescue-service start,init callFlag to HU
[2019-10-29 20:15:13]rescue-service start,init callFlag to HU
[2019-10-29 20:15:23]rescue-service start,init callFlag to HU
[2019-10-29 20:15:33]rescue-service start,init callFlag to HU
[2019-10-29 20:15:43]rescue-service start,init callFlag to HU
[2019-10-29 20:15:53]rescue-service start,init callFlag to HU
[2019-10-29 20:16:03]rescue-service start,init callFlag to HU
[2019-10-29 20:16:13]rescue-service start,init callFlag to HU
[2019-10-29 20:16:23]rescue-service start,init callFlag to HU
[2019-10-29 20:16:33]rescue-service start,init callFlag to HU
[2019-10-29 20:16:43]rescue-service start,init callFlag to HU
[2019-10-29 20:16:53]rescue-service start,init callFlag to HU
[2019-10-29 20:17:03]rescue-service start,init callFlag to HU
[2019-10-29 20:17:13]rescue-service start,init callFlag to HU
[2019-10-29 20:17:23]rescue-service start,init callFlag to HU
[2019-10-29 20:17:33]rescue-service start,init callFlag to HU
[2019-10-29 20:17:43]rescue-service start,init callFlag to HU
[2019-10-29 20:17:53]rescue-service start,init callFlag to HU
[2019-10-29 20:18:03]rescue-service start,init callFlag to HU
[2019-10-29 20:18:13]rescue-service start,init callFlag to HU
[2019-10-29 20:18:23]rescue-service start,init callFlag to HU
[2019-10-29 20:18:33]rescue-service start,init callFlag to HU
[2019-10-29 20:18:43]rescue-service start,init callFlag to HU
[2019-10-29 20:18:53]rescue-service start,init callFlag to HU
[2019-10-29 20:19:03]rescue-service start,init callFlag to HU
[2019-10-29 20:19:13]rescue-service start,init callFlag to HU
[2019-10-29 20:19:23]rescue-service start,init callFlag to HU
[2019-10-29 20:19:33]rescue-service start,init callFlag to HU
[2019-10-29 20:19:43]rescue-service start,init callFlag to HU
[2019-10-29 20:19:53]rescue-service start,init callFlag to HU
[2019-10-29 20:20:03]rescue-service start,init callFlag to HU
[2019-10-29 20:20:13]rescue-service start,init callFlag to HU
[2019-10-29 20:20:24]rescue-service start,init callFlag to HU
[2019-10-29 20:20:34]rescue-service start,init callFlag to HU
[2019-10-29 20:20:44]rescue-service start,init callFlag to HU
[2019-10-29 20:20:54]rescue-service start,init callFlag to HU
[2019-10-29 20:21:04]rescue-service start,init callFlag to HU
[2019-10-29 20:21:14]rescue-service start,init callFlag to HU
[2019-10-29 20:21:24]rescue-service start,init callFlag to HU
[2019-10-29 20:21:34]rescue-service start,init callFlag to HU
[2019-10-29 20:21:44]rescue-service start,init callFlag to HU
[2019-10-29 20:21:54]rescue-service start,init callFlag to HU
[2019-10-29 20:22:04]rescue-service start,init callFlag to HU
[2019-10-29 20:22:14]rescue-service start,init callFlag to HU
[2019-10-29 20:22:24]rescue-service start,init callFlag to HU
[2019-10-29 20:22:34]rescue-service start,init callFlag to HU
[2019-10-29 20:22:44]rescue-service start,init callFlag to HU
[2019-10-29 20:22:54]rescue-service start,init callFlag to HU
[2019-10-29 20:23:04]rescue-service start,init callFlag to HU
[2019-10-29 20:23:14]rescue-service start,init callFlag to HU
[2019-10-29 20:23:24]rescue-service start,init callFlag to HU
[2019-10-29 20:23:34]rescue-service start,init callFlag to HU
[2019-10-29 20:23:44]rescue-service start,init callFlag to HU
[2019-10-29 20:23:54]rescue-service start,init callFlag to HU
[2019-10-29 20:24:04]rescue-service start,init callFlag to HU
[2019-10-29 20:24:14]rescue-service start,init callFlag to HU
[2019-10-29 20:24:24]rescue-service start,init callFlag to HU
[2019-10-29 20:24:34]rescue-service start,init callFlag to HU
[2019-10-29 20:24:44]rescue-service start,init callFlag to HU
[2019-10-29 20:24:54]rescue-service start,init callFlag to HU
[2019-10-29 20:25:04]rescue-service start,init callFlag to HU
[2019-10-29 20:25:14]rescue-service start,init callFlag to HU
[2019-10-29 20:25:24]rescue-service start,init callFlag to HU
[2019-10-29 20:25:34]rescue-service start,init callFlag to HU
[2019-10-29 20:25:44]rescue-service start,init callFlag to HU
[2019-10-29 20:25:54]rescue-service start,init callFlag to HU
[2019-10-29 20:26:04]rescue-service start,init callFlag to HU
[2019-10-29 20:26:14]rescue-service start,init callFlag to HU
[2019-10-29 20:26:24]rescue-service start,init callFlag to HU
[2019-10-29 20:26:34]rescue-service start,init callFlag to HU
[2019-10-29 20:26:44]rescue-service start,init callFlag to HU
[2019-10-29 20:26:54]rescue-service start,init callFlag to HU
[2019-10-29 20:27:04]rescue-service start,init callFlag to HU
[2019-10-29 20:27:14]rescue-service start,init callFlag to HU
[2019-10-29 20:27:24]rescue-service start,init callFlag to HU
[2019-10-29 20:27:34]rescue-service start,init callFlag to HU
[2019-10-29 20:27:44]rescue-service start,init callFlag to HU
[2019-10-29 20:27:54]rescue-service start,init callFlag to HU
[2019-10-29 20:28:04]rescue-service start,init callFlag to HU
[2019-10-29 20:28:14]rescue-service start,init callFlag to HU
[2019-10-29 20:28:24]rescue-service start,init callFlag to HU
[2019-10-29 20:28:34]rescue-service start,init callFlag to HU
[2019-10-29 20:28:44]rescue-service start,init callFlag to HU
[2019-10-29 20:28:54]rescue-service start,init callFlag to HU
[2019-10-29 20:29:04]rescue-service start,init callFlag to HU
[2019-10-29 20:29:14]rescue-service start,init callFlag to HU
[2019-10-29 20:29:24]rescue-service start,init callFlag to HU
[2019-10-29 20:29:34]rescue-service start,init callFlag to HU
[2019-10-29 20:29:44]rescue-service start,init callFlag to HU
[2019-10-29 20:29:54]rescue-service start,init callFlag to HU
[2019-10-29 20:30:04]rescue-service start,init callFlag to HU
[2019-10-29 20:30:14]rescue-service start,init callFlag to HU
[2019-10-29 20:30:24]rescue-service start,init callFlag to HU
[2019-10-29 20:30:34]rescue-service start,init callFlag to HU
[2019-10-29 20:30:44]rescue-service start,init callFlag to HU
[2019-10-29 20:30:54]rescue-service start,init callFlag to HU
[2019-10-29 20:31:04]rescue-service start,init callFlag to HU
[2019-10-29 20:31:14]rescue-service start,init callFlag to HU
[2019-10-29 20:31:24]rescue-service start,init callFlag to HU
[2019-10-29 20:31:34]rescue-service start,init callFlag to HU
[2019-10-29 20:31:44]rescue-service start,init callFlag to HU
[2019-10-29 20:31:54]rescue-service start,init callFlag to HU
[2019-10-29 20:32:04]rescue-service start,init callFlag to HU
[2019-10-29 20:32:14]rescue-service start,init callFlag to HU
[2019-10-29 20:32:24]rescue-service start,init callFlag to HU
[2019-10-29 20:32:34]rescue-service start,init callFlag to HU
[2019-10-29 20:32:44]rescue-service start,init callFlag to HU
[2019-10-29 20:32:54]rescue-service start,init callFlag to HU
[2019-10-29 20:33:04]rescue-service start,init callFlag to HU
[2019-10-29 20:33:14]rescue-service start,init callFlag to HU
[2019-10-29 20:33:24]rescue-service start,init callFlag to HU
[2019-10-29 20:33:34]rescue-service start,init callFlag to HU
[2019-10-29 20:33:44]rescue-service start,init callFlag to HU
[2019-10-29 20:33:54]rescue-service start,init callFlag to HU
[2019-10-29 20:34:04]rescue-service start,init callFlag to HU
[2019-10-29 20:34:14]rescue-service start,init callFlag to HU
[2019-10-29 20:34:24]rescue-service start,init callFlag to HU
[2019-10-29 20:34:34]rescue-service start,init callFlag to HU
[2019-10-29 20:34:44]rescue-service start,init callFlag to HU
[2019-10-29 20:34:54]rescue-service start,init callFlag to HU
[2019-10-29 20:35:04]rescue-service start,init callFlag to HU
[2019-10-29 20:35:14]rescue-service start,init callFlag to HU
[2019-10-29 20:35:24]rescue-service start,init callFlag to HU
[2019-10-29 20:35:34]rescue-service start,init callFlag to HU
[2019-10-29 20:35:44]rescue-service start,init callFlag to HU
[2019-10-29 20:35:54]rescue-service start,init callFlag to HU
[2019-10-29 20:36:04]rescue-service start,init callFlag to HU
[2019-10-29 20:36:14]rescue-service start,init callFlag to HU
[2019-10-29 20:36:24]rescue-service start,init callFlag to HU
[2019-10-29 20:36:34]rescue-service start,init callFlag to HU
[2019-10-29 20:36:44]rescue-service start,init callFlag to HU
[2019-10-29 20:36:54]rescue-service start,init callFlag to HU
[2019-10-29 20:37:04]rescue-service start,init callFlag to HU
[2019-10-29 20:37:14]rescue-service start,init callFlag to HU
[2019-10-29 20:37:24]rescue-service start,init callFlag to HU
[2019-10-29 20:37:34]rescue-service start,init callFlag to HU
[2019-10-29 20:37:44]rescue-service start,init callFlag to HU
[2019-10-29 20:37:54]rescue-service start,init callFlag to HU
[2019-10-29 20:38:04]rescue-service start,init callFlag to HU
[2019-10-29 20:38:14]rescue-service start,init callFlag to HU
[2019-10-29 20:38:24]rescue-service start,init callFlag to HU
[2019-10-29 20:38:34]rescue-service start,init callFlag to HU
[2019-10-29 20:38:44]rescue-service start,init callFlag to HU
[2019-10-29 20:38:54]rescue-service start,init callFlag to HU
[2019-10-29 20:39:04]rescue-service start,init callFlag to HU
[2019-10-29 20:39:14]rescue-service start,init callFlag to HU
[2019-10-29 20:39:24]rescue-service start,init callFlag to HU
[2019-10-29 20:39:34]rescue-service start,init callFlag to HU
[2019-10-29 20:39:45]rescue-service start,init callFlag to HU
[2019-10-29 20:39:55]rescue-service start,init callFlag to HU
[2019-10-29 20:40:05]rescue-service start,init callFlag to HU
[2019-10-29 20:40:15]rescue-service start,init callFlag to HU
[2019-10-29 20:40:25]rescue-service start,init callFlag to HU
[2019-10-29 20:40:35]rescue-service start,init callFlag to HU
[2019-10-29 20:40:45]rescue-service start,init callFlag to HU
[2019-10-29 20:40:55]rescue-service start,init callFlag to HU
[2019-10-29 20:41:05]rescue-service start,init callFlag to HU
[2019-10-29 20:41:15]rescue-service start,init callFlag to HU
[2019-10-29 20:41:25]rescue-service start,init callFlag to HU
[2019-10-29 20:41:35]rescue-service start,init callFlag to HU
[2019-10-29 20:41:45]rescue-service start,init callFlag to HU
[2019-10-29 20:41:55]rescue-service start,init callFlag to HU
[2019-10-29 20:42:05]rescue-service start,init callFlag to HU
[2019-10-29 20:42:15]rescue-service start,init callFlag to HU
[2019-10-29 20:42:25]rescue-service start,init callFlag to HU
[2019-10-29 20:42:35]rescue-service start,init callFlag to HU
[2019-10-29 20:42:45]rescue-service start,init callFlag to HU
[2019-10-29 20:42:55]rescue-service start,init callFlag to HU
[2019-10-29 20:43:05]rescue-service start,init callFlag to HU
[2019-10-29 20:43:15]rescue-service start,init callFlag to HU
[2019-10-29 20:43:25]rescue-service start,init callFlag to HU
[2019-10-29 20:43:35]rescue-service start,init callFlag to HU
[2019-10-29 20:43:45]rescue-service start,init callFlag to HU
[2019-10-29 20:43:55]rescue-service start,init callFlag to HU
[2019-10-29 20:44:05]rescue-service start,init callFlag to HU
[2019-10-29 20:44:15]rescue-service start,init callFlag to HU
[2019-10-29 20:44:25]rescue-service start,init callFlag to HU
[2019-10-29 20:44:35]rescue-service start,init callFlag to HU
[2019-10-29 20:44:45]rescue-service start,init callFlag to HU
[2019-10-29 20:44:55]rescue-service start,init callFlag to HU
[2019-10-29 20:45:05]rescue-service start,init callFlag to HU
[2019-10-29 20:45:15]rescue-service start,init callFlag to HU
[2019-10-29 20:45:25]rescue-service start,init callFlag to HU
[2019-10-29 20:45:35]rescue-service start,init callFlag to HU
[2019-10-29 20:45:45]rescue-service start,init callFlag to HU
[2019-10-29 20:45:55]rescue-service start,init callFlag to HU
[2019-10-29 20:46:05]rescue-service start,init callFlag to HU
[2019-10-29 20:46:15]rescue-service start,init callFlag to HU
[2019-10-29 20:46:25]rescue-service start,init callFlag to HU
[2019-10-29 20:46:35]rescue-service start,init callFlag to HU
[2019-10-29 20:46:45]rescue-service start,init callFlag to HU
[2019-10-29 20:46:55]rescue-service start,init callFlag to HU
[2019-10-29 20:47:05]rescue-service start,init callFlag to HU
[2019-10-29 20:47:15]rescue-service start,init callFlag to HU
[2019-10-29 20:47:25]rescue-service start,init callFlag to HU
[2019-10-29 20:47:35]rescue-service start,init callFlag to HU
[2019-10-29 20:47:45]rescue-service start,init callFlag to HU
[2019-10-29 20:47:55]rescue-service start,init callFlag to HU
[2019-10-29 20:48:05]rescue-service start,init callFlag to HU
[2019-10-29 20:48:15]rescue-service start,init callFlag to HU
[2019-10-29 20:48:25]rescue-service start,init callFlag to HU
[2019-10-29 20:48:35]rescue-service start,init callFlag to HU
[2019-10-29 20:48:45]rescue-service start,init callFlag to HU
[2019-10-29 20:48:55]rescue-service start,init callFlag to HU
[2019-10-29 20:49:05]rescue-service start,init callFlag to HU
[2019-10-29 20:49:15]rescue-service start,init callFlag to HU
[2019-10-29 20:49:25]rescue-service start,init callFlag to HU
[2019-10-29 20:49:35]rescue-service start,init callFlag to HU
[2019-10-29 20:49:45]rescue-service start,init callFlag to HU
[2019-10-29 20:49:55]rescue-service start,init callFlag to HU
[2019-10-29 20:50:05]rescue-service start,init callFlag to HU
[2019-10-29 20:50:15]rescue-service start,init callFlag to HU
[2019-10-29 20:50:25]rescue-service start,init callFlag to HU
[2019-10-29 20:50:35]rescue-service start,init callFlag to HU
[2019-10-29 20:50:45]rescue-service start,init callFlag to HU
[2019-10-29 20:50:55]rescue-service start,init callFlag to HU
[2019-10-29 20:51:05]rescue-service start,init callFlag to HU
[2019-10-29 20:51:15]rescue-service start,init callFlag to HU
[2019-10-29 20:51:25]rescue-service start,init callFlag to HU
[2019-10-29 20:51:35]rescue-service start,init callFlag to HU
[2019-10-29 20:51:45]rescue-service start,init callFlag to HU
[2019-10-29 20:51:55]rescue-service start,init callFlag to HU
[2019-10-29 20:52:05]rescue-service start,init callFlag to HU
[2019-10-29 20:52:15]rescue-service start,init callFlag to HU
[2019-10-29 20:52:25]rescue-service start,init callFlag to HU
[2019-10-29 20:52:35]rescue-service start,init callFlag to HU
[2019-10-29 20:52:45]rescue-service start,init callFlag to HU
[2019-10-29 20:52:55]rescue-service start,init callFlag to HU
[2019-10-29 20:53:05]rescue-service start,init callFlag to HU
[2019-10-29 20:53:15]rescue-service start,init callFlag to HU
[2019-10-29 20:53:25]rescue-service start,init callFlag to HU
[2019-10-29 20:53:35]rescue-service start,init callFlag to HU
[2019-10-29 20:53:45]rescue-service start,init callFlag to HU
[2019-10-29 20:53:55]rescue-service start,init callFlag to HU
[2019-10-29 20:54:05]rescue-service start,init callFlag to HU
[2019-10-29 20:54:15]rescue-service start,init callFlag to HU
[2019-10-29 20:54:25]rescue-service start,init callFlag to HU
[2019-10-29 20:54:35]rescue-service start,init callFlag to HU
[2019-10-29 20:54:45]rescue-service start,init callFlag to HU
[2019-10-29 20:54:55]rescue-service start,init callFlag to HU
[2019-10-29 20:55:05]rescue-service start,init callFlag to HU
[2019-10-29 20:55:15]rescue-service start,init callFlag to HU
[2019-10-29 20:55:25]rescue-service start,init callFlag to HU
[2019-10-29 20:55:35]rescue-service start,init callFlag to HU
[2019-10-29 20:55:45]rescue-service start,init callFlag to HU
[2019-10-29 20:55:55]rescue-service start,init callFlag to HU
[2019-10-29 20:56:05]rescue-service start,init callFlag to HU
[2019-10-29 20:56:15]rescue-service start,init callFlag to HU
[2019-10-29 20:56:25]rescue-service start,init callFlag to HU
[2019-10-29 20:56:35]rescue-service start,init callFlag to HU
[2019-10-29 20:56:45]rescue-service start,init callFlag to HU
[2019-10-29 20:56:55]rescue-service start,init callFlag to HU
[2019-10-29 20:57:05]rescue-service start,init callFlag to HU
[2019-10-29 20:57:15]rescue-service start,init callFlag to HU
[2019-10-29 20:57:25]rescue-service start,init callFlag to HU
[2019-10-29 20:57:35]rescue-service start,init callFlag to HU
[2019-10-29 20:57:45]rescue-service start,init callFlag to HU
[2019-10-29 20:57:55]rescue-service start,init callFlag to HU
[2019-10-29 20:58:05]rescue-service start,init callFlag to HU
[2019-10-29 20:58:15]rescue-service start,init callFlag to HU
[2019-10-29 20:58:25]rescue-service start,init callFlag to HU
[2019-10-29 20:58:35]rescue-service start,init callFlag to HU
[2019-10-29 20:58:45]rescue-service start,init callFlag to HU
[2019-10-29 20:58:55]rescue-service start,init callFlag to HU
[2019-10-29 20:59:05]rescue-service start,init callFlag to HU
[2019-10-29 20:59:15]rescue-service start,init callFlag to HU
[2019-10-29 20:59:25]rescue-service start,init callFlag to HU
[2019-10-29 20:59:35]rescue-service start,init callFlag to HU
[2019-10-29 20:59:46]rescue-service start,init callFlag to HU
[2019-10-29 20:59:56]rescue-service start,init callFlag to HU
[2019-10-29 21:00:06]rescue-service start,init callFlag to HU
[2019-10-29 21:00:16]rescue-service start,init callFlag to HU
[2019-10-29 21:00:26]rescue-service start,init callFlag to HU
[2019-10-29 21:00:36]rescue-service start,init callFlag to HU
[2019-10-29 21:00:46]rescue-service start,init callFlag to HU
[2019-10-29 21:00:56]rescue-service start,init callFlag to HU
[2019-10-29 21:01:06]rescue-service start,init callFlag to HU
[2019-10-29 21:01:16]rescue-service start,init callFlag to HU
[2019-10-29 21:01:26]rescue-service start,init callFlag to HU
[2019-10-29 21:01:36]rescue-service start,init callFlag to HU
[2019-10-29 21:01:46]rescue-service start,init callFlag to HU
[2019-10-29 21:01:56]rescue-service start,init callFlag to HU
[2019-10-29 21:02:06]rescue-service start,init callFlag to HU
[2019-10-29 21:02:16]rescue-service start,init callFlag to HU
[2019-10-29 21:02:26]rescue-service start,init callFlag to HU
[2019-10-29 21:02:36]rescue-service start,init callFlag to HU
[2019-10-29 21:02:46]rescue-service start,init callFlag to HU
[2019-10-29 21:02:56]rescue-service start,init callFlag to HU
[2019-10-29 21:03:06]rescue-service start,init callFlag to HU
[2019-10-29 21:03:16]rescue-service start,init callFlag to HU
[2019-10-29 21:03:26]rescue-service start,init callFlag to HU
[2019-10-29 21:03:36]rescue-service start,init callFlag to HU
[2019-10-29 21:03:46]rescue-service start,init callFlag to HU
[2019-10-29 21:03:56]rescue-service start,init callFlag to HU
[2019-10-29 21:04:06]rescue-service start,init callFlag to HU
