1980-01-06 08:00:13: 27->mcu wakeup mpu,source:3FFC0
1980-01-06 08:00:13: 27->boot:reboot normal 0
1980-01-06 08:00:13: 27->boot:reboot normal 0
1980-01-06 08:00:22: 37->keep power off
2019-10-30 11:54:53: 103->keep power on
2019-10-30 11:55:00: 110->go to reboot
2019-10-30 11:55:00: 110->tsp ota
1980-01-06 08:00:13: 27->boot:reboot normal 8
1980-01-06 08:00:23: 37->keep power off
1980-01-06 08:00:12: 26->boot:reboot normal 0
1980-01-06 08:00:20: 34->keep power off
2019-10-30 14:59:14: 231->keep power on
2019-10-30 14:59:29: 246->go to reboot
2019-10-30 14:59:29: 246->loacl update
1980-01-06 08:00:19: 34->boot:reboot normal 22
1980-01-06 08:00:13: 27->boot:reboot normal 0
1980-01-06 08:00:22: 36->keep power off
1980-01-06 08:00:13: 29->boot:reboot normal 0
1980-01-06 08:00:21: 37->keep power off
2019-10-31 15:51:26: 805->keep power on
2019-10-31 15:51:41: 820->go to reboot
2019-10-31 15:51:41: 820->loacl update
1980-01-06 08:00:13: 29->boot:reboot normal 79
1980-01-06 08:00:13: 27->boot:reboot normal 0
1980-01-06 08:00:22: 36->keep power off
1980-01-06 08:00:13: 29->boot:reboot normal 0
1980-01-06 08:00:20: 37->keep power off
2019-10-31 17:23:00: 3938->go to reboot
2019-10-31 17:23:00: 3938->all retry timeout,mode:2
1980-01-06 08:00:13: 27->boot:reboot normal 134
1980-01-06 08:00:20: 34->keep power off
1980-01-06 08:00:13: 27->boot:reboot normal 0
1980-01-06 08:00:20: 35->keep power off
1980-01-06 08:00:13: 28->boot:reboot normal 0
1980-01-06 08:00:20: 36->keep power off
1980-01-06 08:00:13: 27->boot:reboot normal 0
1980-01-06 08:00:20: 35->keep power off
1980-01-06 08:00:12: 27->boot:reboot normal 0
1980-01-06 08:00:20: 35->keep power off
1980-01-06 08:00:12: 26->mcu wakeup mpu,source:3FFC0
1980-01-06 08:00:12: 26->boot:reboot normal 0
1980-01-06 08:00:12: 26->mcu wakeup mpu,source:0
1980-01-06 08:00:20: 34->keep power off
1980-01-06 08:00:12: 26->mcu wakeup mpu,source:3FFC0
1980-01-06 08:00:12: 26->boot:reboot normal 0
1980-01-06 08:00:20: 34->keep power off
1980-01-06 08:00:13: 27->boot:reboot normal 0
1980-01-06 08:00:20: 35->keep power off
1980-01-06 08:00:12: 26->mcu wakeup mpu,source:3FFC0
1980-01-06 08:00:12: 26->boot:reboot normal 0
1980-01-06 08:00:12: 26->mcu wakeup mpu,source:0
1980-01-06 08:00:20: 34->keep power off
1980-01-06 08:00:12: 26->mcu wakeup mpu,source:3FFC0
1980-01-06 08:00:12: 26->boot:reboot normal 0
1980-01-06 08:00:20: 34->keep power off
1980-01-06 08:00:12: 26->boot:reboot normal 0
1980-01-06 08:00:20: 34->keep power off
1980-01-06 08:00:12: 26->boot:reboot normal 0
1980-01-06 08:00:20: 34->keep power off
1980-01-06 08:00:13: 27->mcu wakeup mpu,source:3FFC0
1980-01-06 08:00:13: 27->boot:reboot normal 0
2019-11-06 17:30:52: 122->go to suspend
2019-11-06 17:31:03: 132->go to suspend
2019-11-06 17:31:12: 141->go to suspend
2019-11-06 17:31:29: 158->go to suspend
1980-01-06 08:00:13: 27->mcu wakeup mpu,source:3FFC0
1980-01-06 08:00:13: 27->boot:reboot normal 0
1980-01-06 08:00:13: 27->mcu wakeup mpu,source:3FFC0
1980-01-06 08:00:13: 27->boot:reboot normal 0
1980-01-06 08:00:21: 35->keep power off
1980-01-06 08:00:13: 27->mcu wakeup mpu,source:3FFC0
1980-01-06 08:00:13: 27->boot:reboot normal 0
1980-01-06 08:00:20: 35->keep power off
1980-01-06 08:00:13: 27->mcu wakeup mpu,source:3FFC0
1980-01-06 08:00:13: 27->boot:reboot normal 0
1980-01-06 08:00:13: 27->mcu wakeup mpu,source:0
1980-01-06 08:00:20: 35->keep power off
1980-01-06 08:00:13: 28->mcu wakeup mpu,source:3FFC0
1980-01-06 08:00:13: 28->boot:reboot normal 0
1980-01-06 08:00:20: 35->keep power off
1980-01-06 08:00:12: 26->mcu wakeup mpu,source:3FFC0
1980-01-06 08:00:12: 26->boot:reboot normal 0
1980-01-06 08:00:20: 34->keep power off
1980-01-06 08:00:13: 28->mcu wakeup mpu,source:3FFC0
1980-01-06 08:00:13: 28->boot:reboot normal 0
1980-01-06 08:00:20: 35->keep power off
1980-01-06 08:00:13: 27->mcu wakeup mpu,source:3FFC0
1980-01-06 08:00:13: 27->boot:reboot normal 0
1980-01-06 08:00:20: 35->keep power off
1980-01-06 08:00:12: 26->mcu wakeup mpu,source:3FFC0
1980-01-06 08:00:12: 26->boot:reboot normal 0
1980-01-06 08:00:20: 34->keep power off
1980-01-06 08:00:13: 27->mcu wakeup mpu,source:3FFC0
1980-01-06 08:00:13: 27->boot:reboot normal 0
1980-01-06 08:00:13: 27->mcu wakeup mpu,source:0
1980-01-06 08:00:20: 35->keep power off
1980-01-06 08:00:13: 27->mcu wakeup mpu,source:3FFC0
1980-01-06 08:00:13: 27->boot:reboot normal 0
1980-01-06 08:00:20: 35->keep power off
1980-01-06 08:00:13: 27->mcu wakeup mpu,source:3FFC0
1980-01-06 08:00:13: 27->boot:reboot normal 0
1980-01-06 08:00:20: 35->keep power off
1980-01-06 08:00:13: 27->mcu wakeup mpu,source:3FFC0
1980-01-06 08:00:13: 27->boot:reboot normal 0
1980-01-06 08:00:20: 35->keep power off
1980-01-06 08:00:13: 27->mcu wakeup mpu,source:3FFC0
1980-01-06 08:00:13: 27->boot:reboot normal 49
1980-01-06 08:00:13: 27->mcu wakeup mpu,source:40
1980-01-06 08:00:21: 35->keep power off
1980-01-06 08:00:13: 27->mcu wakeup mpu,source:3FFC0
1980-01-06 08:00:13: 27->boot:reboot normal 25
1980-01-06 08:00:13: 27->mcu wakeup mpu,source:40
1980-01-06 08:00:21: 35->keep power off
1980-01-06 08:00:13: 27->mcu wakeup mpu,source:3FFC0
1980-01-06 08:00:13: 27->boot:reboot normal 19
1980-01-06 08:00:13: 27->mcu wakeup mpu,source:40
1980-01-06 08:00:20: 35->keep power off
1980-01-06 08:00:13: 27->mcu wakeup mpu,source:3FFC0
1980-01-06 08:00:13: 27->boot:reboot normal 17
1980-01-06 08:00:13: 27->mcu wakeup mpu,source:40
1980-01-06 08:00:21: 35->keep power off
1980-01-06 08:00:13: 27->mcu wakeup mpu,source:3FFC0
1980-01-06 08:00:13: 27->boot:reboot normal 0
1980-01-06 08:00:20: 35->keep power off
2019-11-07 14:35:01: 600->go to suspend
2019-11-07 14:35:18: 617->go to suspend
2019-11-07 14:36:15: 674->go to suspend
2019-11-07 14:36:56: 715->go to suspend
2019-11-07 14:37:10: 730->go to suspend
2019-11-07 14:38:29: 809->go to suspend
2019-11-07 14:38:44: 824->invalid wakeup event
2019-11-07 14:38:44: 824->go to suspend
2019-11-07 14:38:51: 831->mcu wakeup mpu: 3
2019-11-07 14:38:51: 831->go to wakeup
2019-11-07 14:38:52: 832->mcu wakeup mpu,source:100
1980-01-06 08:00:12: 27->mcu wakeup mpu,source:3FFC0
1980-01-06 08:00:12: 27->boot:reboot normal 0
1980-01-06 08:00:20: 35->keep power off
1980-01-06 08:00:12: 27->mcu wakeup mpu,source:3FFC0
1980-01-06 08:00:12: 27->boot:reboot normal 0
1980-01-06 08:00:20: 35->keep power off
1980-01-06 08:00:12: 27->mcu wakeup mpu,source:3FFC0
1980-01-06 08:00:13: 27->boot:reboot normal 140
1980-01-06 08:00:13: 27->mcu wakeup mpu,source:40
1980-01-06 08:00:20: 35->keep power off
1980-01-06 08:00:12: 27->mcu wakeup mpu,source:3FFC0
1980-01-06 08:00:13: 27->boot:reboot normal 0
1980-01-06 08:00:13: 27->mcu wakeup mpu,source:40
1980-01-06 08:00:20: 35->keep power off
1980-01-06 08:00:12: 27->mcu wakeup mpu,source:3FFC0
1980-01-06 08:00:13: 27->boot:reboot normal 0
1980-01-06 08:00:20: 35->keep power off
1980-01-06 08:00:13: 27->mcu wakeup mpu,source:3FFC0
1980-01-06 08:00:13: 27->boot:reboot normal 0
1980-01-06 08:00:21: 35->keep power off
2019-11-07 17:04:20: 75->mcu wakeup mpu,source:40
2019-11-07 17:16:49: 828->go to suspend
2019-11-07 17:16:58: 836->mcu wakeup mpu: 2
2019-11-07 17:16:58: 836->go to wakeup
2019-11-07 17:17:09: 864->go to suspend
2019-11-07 17:17:26: 880->go to suspend
2019-11-07 17:17:35: 890->mcu wakeup mpu: 4
2019-11-07 17:17:35: 890->go to wakeup
1980-01-06 08:00:13: 27->mcu wakeup mpu,source:3FFC0
1980-01-06 08:00:13: 27->boot:reboot normal 0
1980-01-06 08:00:20: 35->keep power off
1980-01-06 08:00:12: 26->mcu wakeup mpu,source:3FFC0
1980-01-06 08:00:12: 26->boot:reboot normal 0
1980-01-06 08:00:20: 34->keep power off
2019-11-08 07:39:01: 88->go to suspend
2019-11-08 07:39:11: 98->go to suspend
2019-11-08 07:39:20: 107->go to suspend
2019-11-08 07:39:30: 117->go to suspend
2019-11-08 07:39:39: 126->go to suspend
2019-11-08 07:39:49: 135->go to suspend
2019-11-08 07:39:58: 145->invalid wakeup event
2019-11-08 07:39:58: 145->go to suspend
2019-11-08 07:40:02: 149->mcu wakeup mpu: 5
2019-11-08 07:40:02: 149->go to wakeup
1980-01-06 08:00:13: 27->mcu wakeup mpu,source:3FFC0
1980-01-06 08:00:13: 27->boot:reboot normal 60
1980-01-06 08:00:20: 35->keep power off
1980-01-06 08:00:13: 28->mcu wakeup mpu,source:3FFC0
1980-01-06 08:00:13: 28->boot:reboot normal 0
1980-01-06 08:00:21: 35->keep power off
1980-01-06 08:00:12: 27->mcu wakeup mpu,source:3FFC0
1980-01-06 08:00:12: 27->boot:reboot normal 0
1980-01-06 08:00:21: 35->keep power off
1980-01-06 08:00:13: 27->mcu wakeup mpu,source:3FFC0
1980-01-06 08:00:13: 27->boot:reboot normal 108
1980-01-06 08:00:13: 27->mcu wakeup mpu,source:40
1980-01-06 08:00:21: 35->keep power off
1980-01-06 08:00:13: 27->mcu wakeup mpu,source:3FFC0
1980-01-06 08:00:13: 27->boot:reboot no beartheart 38
1980-01-06 08:00:13: 27->mcu wakeup mpu,source:40
1980-01-06 08:00:21: 35->keep power off
2019-11-08 08:20:55: 158->go to suspend
2019-11-08 08:21:05: 168->go to suspend
2019-11-08 08:21:15: 178->go to suspend
2019-11-08 08:21:25: 187->go to suspend
2019-11-08 08:21:35: 198->go to suspend
2019-11-08 08:21:44: 207->go to suspend
2019-11-08 08:22:02: 225->invalid wakeup event
2019-11-08 08:22:02: 225->go to suspend
2019-11-08 08:22:15: 238->go to suspend
2019-11-08 08:22:23: 246->mcu wakeup mpu: 1
2019-11-08 08:22:23: 246->go to wakeup
1980-01-06 08:00:13: 27->mcu wakeup mpu,source:3FFC0
1980-01-06 08:00:13: 27->boot:reboot normal 0
1980-01-06 08:00:21: 35->keep power off
1980-01-06 08:00:13: 27->mcu wakeup mpu,source:3FFC0
1980-01-06 08:00:13: 27->boot:reboot normal 0
1980-01-06 08:00:22: 36->keep power off
1980-01-06 08:00:13: 27->mcu wakeup mpu,source:3FFC0
1980-01-06 08:00:13: 27->boot:reboot normal 0
1980-01-06 08:00:21: 35->keep power off
1980-01-06 08:00:12: 26->mcu wakeup mpu,source:3FFC0
1980-01-06 08:00:12: 26->boot:reboot normal 0
1980-01-06 08:00:20: 35->keep power off
