[1980-01-06 08:00:17]====================================================
[1980-01-06 08:00:17]* remote-service v2.0(20191031 14:27:53).
[1980-01-06 08:00:17]=====================================================
[1980-01-06 08:00:17]init config:engine:yes, airCtrl:yes, lock:yes, findCar:yes, charge:yes, disEngine:yes.
[1980-01-06 08:00:17]            windows:yes, trumpet:yes, flicker:yes, reardoor:yes, seatHot:yes, skyWindow:yes.
[2019-11-08 11:50:46]remoteDiag id[0], taskId: from source0, running........................
[2019-11-08 11:51:05]mcu response diag result(127):0 7a 1 1 7a 1 3 c1 86 87 8 c1 64 87 8 c2 64 87 9 2 5 c1 35 87 2f 90 1e 96 2f 93 10 96 6d 94 10 96 2f 95 10 96 2f 3 0 0 4 2 58 73 14 8 c1 22 87 8 5 9 da 30 87 8 c2 64 87 8 d1 59 87 8 c1 22 87 8 c1 1 87 8 c1 0 87 8 c1 40 87 8 c4 94 87 8 c0 73 0 8 6 0 0 7 0 0 8 0 0 9 0 0 a 0 0 b 0 0 c 0 0 d 3 c1 3 87 9 d1 59 87 9 c2 64 87 9 .
[2019-11-08 11:51:05]maxLen:122, maxNum:1, curNum:1, curLen:122.
[2019-11-08 11:51:05]convertDtcs(122):1 3 c1 86 87 8 c1 64 87 8 c2 64 87 9 2 5 c1 35 87 2f 90 1e 96 2f 93 10 96 6d 94 10 96 2f 95 10 96 2f 3 0 0 4 2 58 73 14 8 c1 22 87 8 5 9 da 30 87 8 c2 64 87 8 d1 59 87 8 c1 22 87 8 c1 1 87 8 c1 0 87 8 c1 40 87 8 c4 94 87 8 c0 73 0 8 6 0 0 7 0 0 8 0 0 9 0 0 a 0 0 b 0 0 c 0 0 d 3 c1 3 87 9 d1 59 87 9 c2 64 87 9 .
[2019-11-08 11:51:05]ecu id:1, dtcNum:3.
[2019-11-08 11:51:05]ecu id:2, dtcNum:5.
[2019-11-08 11:51:05]ecu id:3, dtcNum:0.
[2019-11-08 11:51:05]ecu id:4, dtcNum:2.
[2019-11-08 11:51:05]ecu id:5, dtcNum:9.
[2019-11-08 11:51:05]ecu id:6, dtcNum:0.
[2019-11-08 11:51:05]ecu id:7, dtcNum:0.
[2019-11-08 11:51:05]ecu id:8, dtcNum:0.
[2019-11-08 11:51:05]ecu id:9, dtcNum:0.
[2019-11-08 11:51:05]ecu id:10, dtcNum:0.
[2019-11-08 11:51:06]ecu id:11, dtcNum:0.
[2019-11-08 11:51:06]ecu id:12, dtcNum:0.
[2019-11-08 11:51:06]ecu id:13, dtcNum:3.
[2019-11-08 11:51:06]remoteDiag id[0], taskId: to source0 reponse----result:true
diagData(176):0 0 7 2 c1 86 87 8 0 0 7 2 c1 64 87 8 0 0 7 2 c2 64 87 9 0 0 7 1 c1 35 87 2f 0 0 7 1 90 1e 96 2f 0 0 7 1 93 10 96 6d 0 0 7 1 94 10 96 2f 0 0 7 1 95 10 96 2f 0 0 7 26 58 73 14 8 0 0 7 26 c1 22 87 8 0 0 7 25 da 30 87 8 0 0 7 25 c2 64 87 8 0 0 7 25 d1 59 87 8 0 0 7 25 c1 22 87 8 0 0 7 25 c1 1 87 8 0 0 7 25 c1 0 87 8 0 0 7 25 c1 40 87 8 0 0 7 25 c4 94 87 8 0 0 7 25 c0 73 0 8 0 0 7 28 c1 3 87 9 0 0 7 28 d1 59 87 9 0 0 7 28 c2 64 87 9 
[2019-11-08 11:58:43]remoteDiag id[104], taskId:task-157319613707784657 from source0, running........................
[2019-11-08 11:58:43]remoteDiag id[104] from source0, busy now!
[2019-11-08 11:58:43]remoteDiag id[104], taskId:task-157319613707784657 to source0 reponse----result:flase, errCode(2):53
[2019-11-08 11:58:56]mcu response diag result(102):0 61 1 1 61 1 3 c1 86 87 8 c1 64 87 8 c2 64 87 9 2 5 c1 35 87 2f 90 1e 96 2f 93 10 96 2c 94 10 96 2f 95 10 96 2f 3 0 0 5 9 da 30 87 8 c2 64 87 8 d1 59 87 8 c1 22 87 8 c1 1 87 8 c1 0 87 8 c1 40 87 8 c4 94 87 8 c0 73 0 8 b 0 0 c 0 0 d 3 c1 3 87 9 d1 59 87 9 c2 64 87 9 .
[2019-11-08 11:58:56]maxLen:97, maxNum:1, curNum:1, curLen:97.
[2019-11-08 11:58:56]convertDtcs(97):1 3 c1 86 87 8 c1 64 87 8 c2 64 87 9 2 5 c1 35 87 2f 90 1e 96 2f 93 10 96 2c 94 10 96 2f 95 10 96 2f 3 0 0 5 9 da 30 87 8 c2 64 87 8 d1 59 87 8 c1 22 87 8 c1 1 87 8 c1 0 87 8 c1 40 87 8 c4 94 87 8 c0 73 0 8 b 0 0 c 0 0 d 3 c1 3 87 9 d1 59 87 9 c2 64 87 9 .
[2019-11-08 11:58:56]ecu id:1, dtcNum:3.
[2019-11-08 11:58:56]ecu id:2, dtcNum:5.
[2019-11-08 11:58:56]ecu id:3, dtcNum:0.
[2019-11-08 11:58:56]ecu id:5, dtcNum:9.
[2019-11-08 11:58:56]ecu id:11, dtcNum:0.
[2019-11-08 11:58:56]ecu id:12, dtcNum:0.
[2019-11-08 11:58:56]ecu id:13, dtcNum:3.
[2019-11-08 11:58:56]remoteDiag id[104], taskId:task-157319613707784657 to source0 reponse----result:true
diagData(160):0 0 7 2 c1 86 87 8 0 0 7 2 c1 64 87 8 0 0 7 2 c2 64 87 9 0 0 7 1 c1 35 87 2f 0 0 7 1 90 1e 96 2f 0 0 7 1 93 10 96 2c 0 0 7 1 94 10 96 2f 0 0 7 1 95 10 96 2f 0 0 7 25 da 30 87 8 0 0 7 25 c2 64 87 8 0 0 7 25 d1 59 87 8 0 0 7 25 c1 22 87 8 0 0 7 25 c1 1 87 8 0 0 7 25 c1 0 87 8 0 0 7 25 c1 40 87 8 0 0 7 25 c4 94 87 8 0 0 7 25 c0 73 0 8 0 0 7 28 c1 3 87 9 0 0 7 28 d1 59 87 9 0 0 7 28 c2 64 87 9 
[2019-11-08 11:58:57]mcu response diag result(2):ff 9 .
[2019-11-08 12:00:24]remoteDiag id[104], taskId:task-157319623721899327 from source0, running........................
[2019-11-08 12:00:24]remoteDiag id[104] from source0, busy now!
[2019-11-08 12:00:24]remoteDiag id[104], taskId:task-157319623721899327 to source0 reponse----result:flase, errCode(2):53
[2019-11-08 12:00:47]mcu response diag result(113):0 6c 1 1 6c 1 3 c1 86 87 8 c1 64 87 8 c2 64 87 9 2 0 0 3 0 0 4 4 58 51 11 9 58 72 13 9 58 73 14 8 c1 22 87 9 5 9 da 30 87 9 c2 64 87 9 d1 59 87 9 c1 22 87 9 c1 1 87 8 c1 0 87 8 c1 40 87 8 c4 94 87 9 c0 73 0 8 7 0 0 8 0 0 9 0 0 a 0 0 b 0 0 c 0 0 d 3 c1 3 87 9 d1 59 87 9 c2 64 87 9 .
[2019-11-08 12:00:47]maxLen:108, maxNum:1, curNum:1, curLen:108.
[2019-11-08 12:00:47]convertDtcs(108):1 3 c1 86 87 8 c1 64 87 8 c2 64 87 9 2 0 0 3 0 0 4 4 58 51 11 9 58 72 13 9 58 73 14 8 c1 22 87 9 5 9 da 30 87 9 c2 64 87 9 d1 59 87 9 c1 22 87 9 c1 1 87 8 c1 0 87 8 c1 40 87 8 c4 94 87 9 c0 73 0 8 7 0 0 8 0 0 9 0 0 a 0 0 b 0 0 c 0 0 d 3 c1 3 87 9 d1 59 87 9 c2 64 87 9 .
[2019-11-08 12:00:47]ecu id:1, dtcNum:3.
[2019-11-08 12:00:47]ecu id:2, dtcNum:0.
[2019-11-08 12:00:47]ecu id:3, dtcNum:0.
[2019-11-08 12:00:47]ecu id:4, dtcNum:4.
[2019-11-08 12:00:47]ecu id:5, dtcNum:9.
[2019-11-08 12:00:47]ecu id:7, dtcNum:0.
[2019-11-08 12:00:47]ecu id:8, dtcNum:0.
[2019-11-08 12:00:47]ecu id:9, dtcNum:0.
[2019-11-08 12:00:47]ecu id:10, dtcNum:0.
[2019-11-08 12:00:47]ecu id:11, dtcNum:0.
[2019-11-08 12:00:47]ecu id:12, dtcNum:0.
[2019-11-08 12:00:47]ecu id:13, dtcNum:3.
[2019-11-08 12:00:47]remoteDiag id[104], taskId:task-157319623721899327 to source0 reponse----result:true
diagData(152):0 0 7 2 c1 86 87 8 0 0 7 2 c1 64 87 8 0 0 7 2 c2 64 87 9 0 0 7 26 58 51 11 9 0 0 7 26 58 72 13 9 0 0 7 26 58 73 14 8 0 0 7 26 c1 22 87 9 0 0 7 25 da 30 87 9 0 0 7 25 c2 64 87 9 0 0 7 25 d1 59 87 9 0 0 7 25 c1 22 87 9 0 0 7 25 c1 1 87 8 0 0 7 25 c1 0 87 8 0 0 7 25 c1 40 87 8 0 0 7 25 c4 94 87 9 0 0 7 25 c0 73 0 8 0 0 7 28 c1 3 87 9 0 0 7 28 d1 59 87 9 0 0 7 28 c2 64 87 9 
[2019-11-08 12:00:47]mcu response diag result(2):ff 9 .
[2019-11-08 12:02:36]remoteDiag id[104], taskId:task-157319637047213933 from source0, running........................
[2019-11-08 12:02:36]remoteDiag id[104] from source0, busy now!
[2019-11-08 12:02:36]remoteDiag id[104], taskId:task-157319637047213933 to source0 reponse----result:flase, errCode(2):53
[2019-11-08 12:02:59]mcu response diag result(124):0 77 1 1 77 1 0 0 2 5 c1 35 87 2f 90 1e 96 2f 93 10 96 2e 94 10 96 2f 95 10 96 2f 3 0 0 4 4 58 51 11 9 58 72 13 9 58 73 14 8 c1 22 87 9 5 9 da 30 87 9 c2 64 87 9 d1 59 87 9 c1 22 87 9 c1 1 87 8 c1 0 87 8 c1 40 87 8 c4 94 87 9 c0 73 0 8 6 0 0 7 0 0 8 0 0 9 0 0 a 0 0 b 0 0 c 0 0 d 3 c1 3 87 9 d1 59 87 9 c2 64 87 9 .
[2019-11-08 12:02:59]maxLen:119, maxNum:1, curNum:1, curLen:119.
[2019-11-08 12:02:59]convertDtcs(119):1 0 0 2 5 c1 35 87 2f 90 1e 96 2f 93 10 96 2e 94 10 96 2f 95 10 96 2f 3 0 0 4 4 58 51 11 9 58 72 13 9 58 73 14 8 c1 22 87 9 5 9 da 30 87 9 c2 64 87 9 d1 59 87 9 c1 22 87 9 c1 1 87 8 c1 0 87 8 c1 40 87 8 c4 94 87 9 c0 73 0 8 6 0 0 7 0 0 8 0 0 9 0 0 a 0 0 b 0 0 c 0 0 d 3 c1 3 87 9 d1 59 87 9 c2 64 87 9 .
[2019-11-08 12:02:59]ecu id:1, dtcNum:0.
[2019-11-08 12:02:59]ecu id:2, dtcNum:5.
[2019-11-08 12:02:59]ecu id:3, dtcNum:0.
[2019-11-08 12:02:59]ecu id:4, dtcNum:4.
[2019-11-08 12:02:59]ecu id:5, dtcNum:9.
[2019-11-08 12:02:59]ecu id:6, dtcNum:0.
[2019-11-08 12:02:59]ecu id:7, dtcNum:0.
[2019-11-08 12:02:59]ecu id:8, dtcNum:0.
[2019-11-08 12:02:59]ecu id:9, dtcNum:0.
[2019-11-08 12:02:59]ecu id:10, dtcNum:0.
[2019-11-08 12:02:59]ecu id:11, dtcNum:0.
[2019-11-08 12:02:59]ecu id:12, dtcNum:0.
[2019-11-08 12:02:59]ecu id:13, dtcNum:3.
[2019-11-08 12:03:00]remoteDiag id[104], taskId:task-157319637047213933 to source0 reponse----result:true
diagData(168):0 0 7 1 c1 35 87 2f 0 0 7 1 90 1e 96 2f 0 0 7 1 93 10 96 2e 0 0 7 1 94 10 96 2f 0 0 7 1 95 10 96 2f 0 0 7 26 58 51 11 9 0 0 7 26 58 72 13 9 0 0 7 26 58 73 14 8 0 0 7 26 c1 22 87 9 0 0 7 25 da 30 87 9 0 0 7 25 c2 64 87 9 0 0 7 25 d1 59 87 9 0 0 7 25 c1 22 87 9 0 0 7 25 c1 1 87 8 0 0 7 25 c1 0 87 8 0 0 7 25 c1 40 87 8 0 0 7 25 c4 94 87 9 0 0 7 25 c0 73 0 8 0 0 7 28 c1 3 87 9 0 0 7 28 d1 59 87 9 0 0 7 28 c2 64 87 9 
[2019-11-08 12:03:00]mcu response diag result(2):ff 9 .
[2019-11-08 12:05:03]remoteDiag id[104], taskId:task-157319651726943673 from source0, running........................
[2019-11-08 12:05:03]remoteDiag id[104] from source0, busy now!
[2019-11-08 12:05:03]remoteDiag id[104], taskId:task-157319651726943673 to source0 reponse----result:flase, errCode(2):53
[2019-11-08 12:05:23]mcu response diag result(132):0 7f 1 1 7f 1 3 c1 86 87 8 c1 64 87 8 c2 64 87 9 2 5 c1 35 87 2f 90 1e 96 2f 93 10 96 2f 94 10 96 2f 95 10 96 2f 3 0 0 4 4 58 51 11 9 58 72 13 9 58 73 14 8 c1 22 87 9 5 9 da 30 87 9 c2 64 87 9 d1 59 87 9 c1 22 87 9 c1 1 87 8 c1 0 87 8 c1 40 87 8 c4 94 87 9 c0 73 0 8 7 0 0 8 0 0 9 0 0 a 0 0 b 0 0 c 0 0 d 3 c1 3 87 9 d1 59 87 9 c2 64 87 9 .
[2019-11-08 12:05:23]maxLen:127, maxNum:1, curNum:1, curLen:127.
[2019-11-08 12:05:23]convertDtcs(127):1 3 c1 86 87 8 c1 64 87 8 c2 64 87 9 2 5 c1 35 87 2f 90 1e 96 2f 93 10 96 2f 94 10 96 2f 95 10 96 2f 3 0 0 4 4 58 51 11 9 58 72 13 9 58 73 14 8 c1 22 87 9 5 9 da 30 87 9 c2 64 87 9 d1 59 87 9 c1 22 87 9 c1 1 87 8 c1 0 87 8 c1 40 87 8 c4 94 87 9 c0 73 0 8 7 0 0 8 0 0 9 0 0 a 0 0 b 0 0 c 0 0 d 3 c1 3 87 9 d1 59 87 9 c2 64 87 9 .
[2019-11-08 12:05:23]ecu id:1, dtcNum:3.
[2019-11-08 12:05:23]ecu id:2, dtcNum:5.
[2019-11-08 12:05:23]ecu id:3, dtcNum:0.
[2019-11-08 12:05:23]ecu id:4, dtcNum:4.
[2019-11-08 12:05:23]ecu id:5, dtcNum:9.
[2019-11-08 12:05:23]ecu id:7, dtcNum:0.
[2019-11-08 12:05:23]ecu id:8, dtcNum:0.
[2019-11-08 12:05:23]ecu id:9, dtcNum:0.
[2019-11-08 12:05:23]ecu id:10, dtcNum:0.
[2019-11-08 12:05:23]ecu id:11, dtcNum:0.
[2019-11-08 12:05:23]ecu id:12, dtcNum:0.
[2019-11-08 12:05:23]ecu id:13, dtcNum:3.
[2019-11-08 12:05:23]remoteDiag id[104], taskId:task-157319651726943673 to source0 reponse----result:true
diagData(192):0 0 7 2 c1 86 87 8 0 0 7 2 c1 64 87 8 0 0 7 2 c2 64 87 9 0 0 7 1 c1 35 87 2f 0 0 7 1 90 1e 96 2f 0 0 7 1 93 10 96 2f 0 0 7 1 94 10 96 2f 0 0 7 1 95 10 96 2f 0 0 7 26 58 51 11 9 0 0 7 26 58 72 13 9 0 0 7 26 58 73 14 8 0 0 7 26 c1 22 87 9 0 0 7 25 da 30 87 9 0 0 7 25 c2 64 87 9 0 0 7 25 d1 59 87 9 0 0 7 25 c1 22 87 9 0 0 7 25 c1 1 87 8 0 0 7 25 c1 0 87 8 0 0 7 25 c1 40 87 8 0 0 7 25 c4 94 87 9 0 0 7 25 c0 73 0 8 0 0 7 28 c1 3 87 9 0 0 7 28 d1 59 87 9 0 0 7 28 c2 64 87 9 
[2019-11-08 12:05:23]mcu response diag result(2):ff 9 .
[2019-11-08 12:06:10]remoteDiag id[104], taskId:task-157319658372489246 from source0, running........................
[2019-11-08 12:06:10]remoteDiag id[104] from source0, busy now!
[2019-11-08 12:06:10]remoteDiag id[104], taskId:task-157319658372489246 to source0 reponse----result:flase, errCode(2):53
[2019-11-08 12:06:20]mcu response diag result(117):0 70 1 1 70 1 3 c1 86 87 8 c1 64 87 8 c2 64 87 9 2 5 c1 35 87 2f 90 1e 96 2f 93 10 96 2e 94 10 96 2f 95 10 96 2f 3 0 0 4 4 58 51 11 9 58 72 13 9 58 73 14 8 c1 22 87 9 5 9 da 30 87 8 c2 64 87 8 d1 59 87 8 c1 22 87 8 c1 1 87 8 c1 0 87 8 c1 40 87 8 c4 94 87 8 c0 73 0 8 c 0 0 d 3 c1 3 87 9 d1 59 87 9 c2 64 87 9 .
[2019-11-08 12:06:20]maxLen:112, maxNum:1, curNum:1, curLen:112.
[2019-11-08 12:06:20]convertDtcs(112):1 3 c1 86 87 8 c1 64 87 8 c2 64 87 9 2 5 c1 35 87 2f 90 1e 96 2f 93 10 96 2e 94 10 96 2f 95 10 96 2f 3 0 0 4 4 58 51 11 9 58 72 13 9 58 73 14 8 c1 22 87 9 5 9 da 30 87 8 c2 64 87 8 d1 59 87 8 c1 22 87 8 c1 1 87 8 c1 0 87 8 c1 40 87 8 c4 94 87 8 c0 73 0 8 c 0 0 d 3 c1 3 87 9 d1 59 87 9 c2 64 87 9 .
[2019-11-08 12:06:20]ecu id:1, dtcNum:3.
[2019-11-08 12:06:20]ecu id:2, dtcNum:5.
[2019-11-08 12:06:20]ecu id:3, dtcNum:0.
[2019-11-08 12:06:20]ecu id:4, dtcNum:4.
[2019-11-08 12:06:20]ecu id:5, dtcNum:9.
[2019-11-08 12:06:20]ecu id:12, dtcNum:0.
[2019-11-08 12:06:20]ecu id:13, dtcNum:3.
[2019-11-08 12:06:20]remoteDiag id[104], taskId:task-157319658372489246 to source0 reponse----result:true
diagData(192):0 0 7 2 c1 86 87 8 0 0 7 2 c1 64 87 8 0 0 7 2 c2 64 87 9 0 0 7 1 c1 35 87 2f 0 0 7 1 90 1e 96 2f 0 0 7 1 93 10 96 2e 0 0 7 1 94 10 96 2f 0 0 7 1 95 10 96 2f 0 0 7 26 58 51 11 9 0 0 7 26 58 72 13 9 0 0 7 26 58 73 14 8 0 0 7 26 c1 22 87 9 0 0 7 25 da 30 87 8 0 0 7 25 c2 64 87 8 0 0 7 25 d1 59 87 8 0 0 7 25 c1 22 87 8 0 0 7 25 c1 1 87 8 0 0 7 25 c1 0 87 8 0 0 7 25 c1 40 87 8 0 0 7 25 c4 94 87 8 0 0 7 25 c0 73 0 8 0 0 7 28 c1 3 87 9 0 0 7 28 d1 59 87 9 0 0 7 28 c2 64 87 9 
[2019-11-08 12:06:21]mcu response diag result(2):ff 9 .
[2019-11-08 12:06:42]remoteDiag id[104], taskId:task-157319661600468528 from source0, running........................
[2019-11-08 12:06:42]remoteDiag id[104] from source0, busy now!
[2019-11-08 12:06:42]remoteDiag id[104], taskId:task-157319661600468528 to source0 reponse----result:flase, errCode(2):53
[2019-11-08 12:06:45]mcu response diag result(2):ff 3 .
[2019-11-08 12:06:45]remoteDiag id[104], taskId:task-157319661600468528 to source0 reponse----result:flase, errCode(1):3
[2019-11-08 12:07:13]remoteDiag id[104], taskId:task-157319664713553936 from source0, running........................
[2019-11-08 12:07:13]remoteDiag id[104] from source0, busy now!
[2019-11-08 12:07:13]remoteDiag id[104], taskId:task-157319664713553936 to source0 reponse----result:flase, errCode(2):53
[2019-11-08 12:07:27]mcu response diag result(123):0 76 1 1 76 1 3 c1 86 87 8 c1 64 87 8 c2 64 87 9 2 5 c1 35 87 2f 90 1e 96 2f 93 10 96 2e 94 10 96 2f 95 10 96 2f 3 0 0 4 4 58 51 11 9 58 72 13 9 58 73 14 8 c1 22 87 9 5 9 da 30 87 9 c2 64 87 9 d1 59 87 9 c1 22 87 9 c1 1 87 8 c1 0 87 8 c1 40 87 8 c4 94 87 9 c0 73 0 8 a 0 0 b 0 0 c 0 0 d 3 c1 3 87 9 d1 59 87 9 c2 64 87 9 .
[2019-11-08 12:07:27]maxLen:118, maxNum:1, curNum:1, curLen:118.
[2019-11-08 12:07:27]convertDtcs(118):1 3 c1 86 87 8 c1 64 87 8 c2 64 87 9 2 5 c1 35 87 2f 90 1e 96 2f 93 10 96 2e 94 10 96 2f 95 10 96 2f 3 0 0 4 4 58 51 11 9 58 72 13 9 58 73 14 8 c1 22 87 9 5 9 da 30 87 9 c2 64 87 9 d1 59 87 9 c1 22 87 9 c1 1 87 8 c1 0 87 8 c1 40 87 8 c4 94 87 9 c0 73 0 8 a 0 0 b 0 0 c 0 0 d 3 c1 3 87 9 d1 59 87 9 c2 64 87 9 .
[2019-11-08 12:07:27]ecu id:1, dtcNum:3.
[2019-11-08 12:07:27]ecu id:2, dtcNum:5.
[2019-11-08 12:07:27]ecu id:3, dtcNum:0.
[2019-11-08 12:07:27]ecu id:4, dtcNum:4.
[2019-11-08 12:07:27]ecu id:5, dtcNum:9.
[2019-11-08 12:07:27]ecu id:10, dtcNum:0.
[2019-11-08 12:07:27]ecu id:11, dtcNum:0.
[2019-11-08 12:07:27]ecu id:12, dtcNum:0.
[2019-11-08 12:07:27]ecu id:13, dtcNum:3.
[2019-11-08 12:07:27]remoteDiag id[104], taskId:task-157319664713553936 to source0 reponse----result:true
diagData(192):0 0 7 2 c1 86 87 8 0 0 7 2 c1 64 87 8 0 0 7 2 c2 64 87 9 0 0 7 1 c1 35 87 2f 0 0 7 1 90 1e 96 2f 0 0 7 1 93 10 96 2e 0 0 7 1 94 10 96 2f 0 0 7 1 95 10 96 2f 0 0 7 26 58 51 11 9 0 0 7 26 58 72 13 9 0 0 7 26 58 73 14 8 0 0 7 26 c1 22 87 9 0 0 7 25 da 30 87 9 0 0 7 25 c2 64 87 9 0 0 7 25 d1 59 87 9 0 0 7 25 c1 22 87 9 0 0 7 25 c1 1 87 8 0 0 7 25 c1 0 87 8 0 0 7 25 c1 40 87 8 0 0 7 25 c4 94 87 9 0 0 7 25 c0 73 0 8 0 0 7 28 c1 3 87 9 0 0 7 28 d1 59 87 9 0 0 7 28 c2 64 87 9 
[2019-11-08 12:07:27]mcu response diag result(2):ff 9 .
