[1980-01-06 08:00:17]====================================================
[1980-01-06 08:00:17]* remote-service v2.0(20191031 14:27:53).
[1980-01-06 08:00:17]=====================================================
[1980-01-06 08:00:17]init config:engine:yes, airCtrl:yes, lock:yes, findCar:yes, charge:yes, disEngine:yes.
[1980-01-06 08:00:17]            windows:yes, trumpet:yes, flicker:yes, reardoor:yes, seatHot:yes, skyWindow:yes.
[2019-11-07 14:14:53]remoteDiag id[0], taskId: from source0, running........................
[2019-11-07 14:15:18]mcu response diag result(144):0 8b 1 1 8b 1 3 c1 86 87 8 c1 64 87 8 c2 64 87 9 2 5 c1 35 87 2f 90 1e 96 2f 93 10 96 2e 94 10 96 2f 95 10 96 2f 3 0 0 4 5 58 50 12 8 58 51 11 8 58 72 13 9 58 73 14 8 c1 22 87 8 5 9 da 30 87 9 c2 64 87 9 d1 59 87 9 c1 22 87 8 c1 1 87 8 c1 0 87 8 c1 40 87 8 c4 94 87 9 c0 73 0 8 7 0 0 8 0 0 9 0 0 a 0 0 b 0 0 c 0 0 d 5 c1 0 87 9 c1 1 87 9 c1 3 87 9 d1 59 87 9 c2 64 87 9 .
[2019-11-07 14:15:18]maxLen:139, maxNum:1, curNum:1, curLen:139.
[2019-11-07 14:15:18]convertDtcs(139):1 3 c1 86 87 8 c1 64 87 8 c2 64 87 9 2 5 c1 35 87 2f 90 1e 96 2f 93 10 96 2e 94 10 96 2f 95 10 96 2f 3 0 0 4 5 58 50 12 8 58 51 11 8 58 72 13 9 58 73 14 8 c1 22 87 8 5 9 da 30 87 9 c2 64 87 9 d1 59 87 9 c1 22 87 8 c1 1 87 8 c1 0 87 8 c1 40 87 8 c4 94 87 9 c0 73 0 8 7 0 0 8 0 0 9 0 0 a 0 0 b 0 0 c 0 0 d 5 c1 0 87 9 c1 1 87 9 c1 3 87 9 d1 59 87 9 c2 64 87 9 .
[2019-11-07 14:15:18]ecu id:1, dtcNum:3.
[2019-11-07 14:15:18]ecu id:2, dtcNum:5.
[2019-11-07 14:15:18]ecu id:3, dtcNum:0.
[2019-11-07 14:15:18]ecu id:4, dtcNum:5.
[2019-11-07 14:15:18]ecu id:5, dtcNum:9.
[2019-11-07 14:15:18]ecu id:7, dtcNum:0.
[2019-11-07 14:15:18]ecu id:8, dtcNum:0.
[2019-11-07 14:15:18]ecu id:9, dtcNum:0.
[2019-11-07 14:15:18]ecu id:10, dtcNum:0.
[2019-11-07 14:15:18]ecu id:11, dtcNum:0.
[2019-11-07 14:15:18]ecu id:12, dtcNum:0.
[2019-11-07 14:15:18]ecu id:13, dtcNum:5.
[2019-11-07 14:15:18]remoteDiag id[0], taskId: to source0 reponse----result:true
diagData(216):0 0 7 2 c1 86 87 8 0 0 7 2 c1 64 87 8 0 0 7 2 c2 64 87 9 0 0 7 1 c1 35 87 2f 0 0 7 1 90 1e 96 2f 0 0 7 1 93 10 96 2e 0 0 7 1 94 10 96 2f 0 0 7 1 95 10 96 2f 0 0 7 26 58 50 12 8 0 0 7 26 58 51 11 8 0 0 7 26 58 72 13 9 0 0 7 26 58 73 14 8 0 0 7 26 c1 22 87 8 0 0 7 25 da 30 87 9 0 0 7 25 c2 64 87 9 0 0 7 25 d1 59 87 9 0 0 7 25 c1 22 87 8 0 0 7 25 c1 1 87 8 0 0 7 25 c1 0 87 8 0 0 7 25 c1 40 87 8 0 0 7 25 c4 94 87 9 0 0 7 25 c0 73 0 8 0 0 7 28 c1 0 87 9 0 0 7 28 c1 1 87 9 0 0 7 28 c1 3 87 9 0 0 7 28 d1 59 87 9 0 0 7 28 c2 64 87 9 
[2019-11-07 14:15:25]controlCmd setEngine_switch : open
[2019-11-07 14:15:25]remoteCtrl id[11] from source0, busy now!
[2019-11-07 14:15:25]remoteCtrl id[11], taskId:task-157311776969814992 to source0 reponse----result:false, errCode:53
[2019-11-07 14:15:27]remoteCtrl id[11], taskId:task-157311776969814992 to source0 reponse----result:true, errCode:0
[2019-11-07 14:15:32]controlCmd setEngine_switch : close
[2019-11-07 14:15:32]remoteCtrl id[11] from source0, busy now!
[2019-11-07 14:15:32]remoteCtrl id[11], taskId:task-157311777725781385 to source0 reponse----result:false, errCode:53
[2019-11-07 14:15:33]remoteCtrl id[11], taskId:task-157311777725781385 to source0 reponse----result:true, errCode:0
[2019-11-07 14:15:40]remoteDiag id[104], taskId:task-157311778434353737 from source0, running........................
[2019-11-07 14:15:40]remoteDiag id[104] from source0, busy now!
[2019-11-07 14:15:40]remoteDiag id[104], taskId:task-157311778434353737 to source0 reponse----result:flase, errCode(2):53
[2019-11-07 14:15:51]remoteDiag id[104] from source0, busy now!
[2019-11-07 14:15:51]remoteDiag id[104], taskId:task-157311779557337598 to source0 reponse----result:flase, errCode(2):53
[2019-11-07 14:15:51]remoteDiag id[104] from source0, busy now!
[2019-11-07 14:15:51]remoteDiag id[104], taskId:task-157311779557337598 to source0 reponse----result:flase, errCode(2):53
[2019-11-07 14:15:55]mcu response diag result(127):0 7a 1 1 7a 1 3 c1 86 87 8 c1 64 87 8 c2 64 87 9 2 5 c1 35 87 2f 90 1e 96 2f 93 10 96 2e 94 10 96 2f 95 10 96 2f 3 0 0 4 5 58 50 12 8 58 51 11 8 58 72 13 9 58 73 14 8 c1 22 87 8 5 9 da 30 87 9 c2 64 87 9 d1 59 87 9 c1 22 87 9 c1 1 87 8 c1 0 87 8 c1 40 87 8 c4 94 87 9 c0 73 0 8 a 0 0 b 0 0 c 0 0 d 3 c1 3 87 9 d1 59 87 9 c2 64 87 9 .
[2019-11-07 14:15:55]maxLen:122, maxNum:1, curNum:1, curLen:122.
[2019-11-07 14:15:55]convertDtcs(122):1 3 c1 86 87 8 c1 64 87 8 c2 64 87 9 2 5 c1 35 87 2f 90 1e 96 2f 93 10 96 2e 94 10 96 2f 95 10 96 2f 3 0 0 4 5 58 50 12 8 58 51 11 8 58 72 13 9 58 73 14 8 c1 22 87 8 5 9 da 30 87 9 c2 64 87 9 d1 59 87 9 c1 22 87 9 c1 1 87 8 c1 0 87 8 c1 40 87 8 c4 94 87 9 c0 73 0 8 a 0 0 b 0 0 c 0 0 d 3 c1 3 87 9 d1 59 87 9 c2 64 87 9 .
[2019-11-07 14:15:55]ecu id:1, dtcNum:3.
[2019-11-07 14:15:55]ecu id:2, dtcNum:5.
[2019-11-07 14:15:55]ecu id:3, dtcNum:0.
[2019-11-07 14:15:55]ecu id:4, dtcNum:5.
[2019-11-07 14:15:55]ecu id:5, dtcNum:9.
[2019-11-07 14:15:55]ecu id:10, dtcNum:0.
[2019-11-07 14:15:55]ecu id:11, dtcNum:0.
[2019-11-07 14:15:55]ecu id:12, dtcNum:0.
[2019-11-07 14:15:55]ecu id:13, dtcNum:3.
[2019-11-07 14:15:55]remoteDiag id[104], taskId:task-157311778434353737 to source0 reponse----result:true
diagData(200):0 0 7 2 c1 86 87 8 0 0 7 2 c1 64 87 8 0 0 7 2 c2 64 87 9 0 0 7 1 c1 35 87 2f 0 0 7 1 90 1e 96 2f 0 0 7 1 93 10 96 2e 0 0 7 1 94 10 96 2f 0 0 7 1 95 10 96 2f 0 0 7 26 58 50 12 8 0 0 7 26 58 51 11 8 0 0 7 26 58 72 13 9 0 0 7 26 58 73 14 8 0 0 7 26 c1 22 87 8 0 0 7 25 da 30 87 9 0 0 7 25 c2 64 87 9 0 0 7 25 d1 59 87 9 0 0 7 25 c1 22 87 9 0 0 7 25 c1 1 87 8 0 0 7 25 c1 0 87 8 0 0 7 25 c1 40 87 8 0 0 7 25 c4 94 87 9 0 0 7 25 c0 73 0 8 0 0 7 28 c1 3 87 9 0 0 7 28 d1 59 87 9 0 0 7 28 c2 64 87 9 
[2019-11-07 14:15:55]mcu response diag result(2):ff 9 .
[2019-11-07 14:16:38]remoteDiag id[104], taskId:task-157311784444190047 from source0, running........................
[2019-11-07 14:16:38]remoteDiag id[104] from source0, busy now!
[2019-11-07 14:16:38]remoteDiag id[104], taskId:task-157311784444190047 to source0 reponse----result:flase, errCode(2):53
[2019-11-07 14:16:38]mcu response diag result(2):ff 3 .
[2019-11-07 14:16:38]remoteDiag id[104], taskId:task-157311784444190047 to source0 reponse----result:flase, errCode(1):3
[2019-11-07 14:16:50]remoteDiag id[104], taskId:task-157311785615655102 from source0, running........................
[2019-11-07 14:16:50]remoteDiag id[104] from source0, busy now!
[2019-11-07 14:16:50]remoteDiag id[104], taskId:task-157311785615655102 to source0 reponse----result:flase, errCode(2):53
[2019-11-07 14:16:50]mcu response diag result(2):ff 3 .
[2019-11-07 14:16:50]remoteDiag id[104], taskId:task-157311785615655102 to source0 reponse----result:flase, errCode(1):3
[2019-11-07 14:17:00]remoteDiag id[104], taskId:task-157311786592745175 from source0, running........................
[2019-11-07 14:17:00]mcu response diag result(2):ff 3 .
[2019-11-07 14:17:00]remoteDiag id[104], taskId:task-157311786592745175 to source0 reponse----result:flase, errCode(1):3
[2019-11-07 14:17:00]remoteDiag id[104], taskId:task-157311786592745175 from source0, running........................
[2019-11-07 14:17:00]mcu response diag result(2):ff 3 .
[2019-11-07 14:17:00]remoteDiag id[104], taskId:task-157311786592745175 to source0 reponse----result:flase, errCode(1):3
[2019-11-07 14:17:09]remoteDiag id[104], taskId:task-157311787488315758 from source0, running........................
[2019-11-07 14:17:09]remoteDiag id[104] from source0, busy now!
[2019-11-07 14:17:09]remoteDiag id[104], taskId:task-157311787488315758 to source0 reponse----result:flase, errCode(2):53
[2019-11-07 14:17:09]mcu response diag result(2):ff 3 .
[2019-11-07 14:17:09]remoteDiag id[104], taskId:task-157311787488315758 to source0 reponse----result:flase, errCode(1):3
[2019-11-07 14:19:37]init config:engine:yes, airCtrl:yes, lock:yes, findCar:yes, charge:yes, disEngine:yes.
[2019-11-07 14:19:37]            windows:yes, trumpet:yes, flicker:yes, reardoor:yes, seatHot:yes, skyWindow:yes.
[2019-11-07 14:19:40]init config:engine:yes, airCtrl:yes, lock:yes, findCar:yes, charge:yes, disEngine:yes.
[2019-11-07 14:19:40]            windows:yes, trumpet:yes, flicker:yes, reardoor:yes, seatHot:yes, skyWindow:yes.
[2019-11-07 14:19:43]init config:engine:yes, airCtrl:yes, lock:yes, findCar:yes, charge:yes, disEngine:yes.
[2019-11-07 14:19:43]            windows:yes, trumpet:yes, flicker:yes, reardoor:yes, seatHot:yes, skyWindow:yes.
[2019-11-07 14:19:46]init config:engine:yes, airCtrl:yes, lock:yes, findCar:yes, charge:yes, disEngine:yes.
[2019-11-07 14:19:46]            windows:yes, trumpet:yes, flicker:yes, reardoor:yes, seatHot:yes, skyWindow:yes.
