[1980-01-06 08:00:17]====================================================
[1980-01-06 08:00:17]* remote-service v2.0(20191031 14:27:53).
[1980-01-06 08:00:17]=====================================================
[1980-01-06 08:00:17]init config:engine:yes, airCtrl:yes, lock:yes, findCar:yes, charge:yes, disEngine:yes.
[1980-01-06 08:00:17]            windows:yes, trumpet:yes, flicker:yes, reardoor:yes, seatHot:yes, skyWindow:yes.
[2019-11-07 14:27:42]remoteDiag id[104], taskId:task-157311849317220782 from source0, running........................
[2019-11-07 14:27:42]remoteDiag id[104] from source0, busy now!
[2019-11-07 14:27:42]remoteDiag id[104], taskId:task-157311849317220782 to source0 reponse----result:flase, errCode(2):53
[2019-11-07 14:27:42]mcu response diag result(2):ff 3 .
[2019-11-07 14:27:42]remoteDiag id[104], taskId:task-157311849317220782 to source0 reponse----result:flase, errCode(1):3
[2019-11-07 14:27:53]remoteDiag id[104], taskId:task-157311850439712023 from source0, running........................
[2019-11-07 14:27:53]mcu response diag result(2):ff 3 .
[2019-11-07 14:27:53]remoteDiag id[104], taskId:task-157311850439712023 to source0 reponse----result:flase, errCode(1):3
[2019-11-07 14:27:53]remoteDiag id[104], taskId:task-157311850439712023 from source0, running........................
[2019-11-07 14:27:53]mcu response diag result(2):ff 3 .
[2019-11-07 14:27:53]remoteDiag id[104], taskId:task-157311850439712023 to source0 reponse----result:flase, errCode(1):3
[2019-11-07 14:28:02]remoteDiag id[104], taskId:task-157311851320318447 from source0, running........................
[2019-11-07 14:28:02]mcu response diag result(2):ff 3 .
[2019-11-07 14:28:02]remoteDiag id[104], taskId:task-157311851320318447 to source0 reponse----result:flase, errCode(1):3
[2019-11-07 14:28:02]remoteDiag id[104], taskId:task-157311851320318447 from source0, running........................
[2019-11-07 14:28:02]mcu response diag result(2):ff 3 .
[2019-11-07 14:28:02]remoteDiag id[104], taskId:task-157311851320318447 to source0 reponse----result:flase, errCode(1):3
[2019-11-07 14:28:09]remoteDiag id[104], taskId:task-157311852041620584 from source0, running........................
[2019-11-07 14:28:09]mcu response diag result(2):ff 3 .
[2019-11-07 14:28:09]remoteDiag id[104], taskId:task-157311852041620584 to source0 reponse----result:flase, errCode(1):3
[2019-11-07 14:28:09]remoteDiag id[104], taskId:task-157311852041620584 from source0, running........................
[2019-11-07 14:28:09]mcu response diag result(2):ff 3 .
[2019-11-07 14:28:09]remoteDiag id[104], taskId:task-157311852041620584 to source0 reponse----result:flase, errCode(1):3
[2019-11-07 14:28:17]controlCmd setEngine_switch : open
[2019-11-07 14:28:17]remoteCtrl id[11], taskId:task-157311852851557907 to source0 reponse----result:false, errCode:0
[2019-11-07 14:28:18]controlCmd setEngine_switch : open
[2019-11-07 14:28:18]remoteCtrl id[11], taskId:task-157311852851557907 to source0 reponse----result:false, errCode:0
[2019-11-07 14:28:23]controlCmd setEngine_switch : open
[2019-11-07 14:28:23]remoteCtrl id[11] from source0, busy now!
[2019-11-07 14:28:23]remoteCtrl id[11], taskId:task-157311853387285870 to source0 reponse----result:false, errCode:53
[2019-11-07 14:28:23]remoteCtrl id[11], taskId:task-157311853387285870 to source0 reponse----result:false, errCode:0
[2019-11-07 14:28:28]controlCmd setEngine_switch : open
[2019-11-07 14:28:28]remoteCtrl id[11] from source0, busy now!
[2019-11-07 14:28:28]remoteCtrl id[11], taskId:task-157311853890859635 to source0 reponse----result:false, errCode:53
[2019-11-07 14:28:28]remoteCtrl id[11], taskId:task-157311853890859635 to source0 reponse----result:false, errCode:0
[2019-11-07 14:29:26]remoteDiag id[104], taskId:task-157311859575621103 from source0, running........................
[2019-11-07 14:29:26]remoteDiag id[104] from source0, busy now!
[2019-11-07 14:29:26]remoteDiag id[104], taskId:task-157311859575621103 to source0 reponse----result:flase, errCode(2):53
[2019-11-07 14:29:26]mcu response diag result(2):ff 3 .
[2019-11-07 14:29:26]remoteDiag id[104], taskId:task-157311859575621103 to source0 reponse----result:flase, errCode(1):3
[2019-11-07 14:29:40]remoteDiag id[104], taskId:task-157311861010651211 from source0, running........................
[2019-11-07 14:29:40]mcu response diag result(2):ff 3 .
[2019-11-07 14:29:40]remoteDiag id[104], taskId:task-157311861010651211 to source0 reponse----result:flase, errCode(1):3
[2019-11-07 14:29:40]remoteDiag id[104], taskId:task-157311861010651211 from source0, running........................
[2019-11-07 14:29:40]mcu response diag result(2):ff 3 .
[2019-11-07 14:29:40]remoteDiag id[104], taskId:task-157311861010651211 to source0 reponse----result:flase, errCode(1):3
[2019-11-07 14:29:46]remoteDiag id[104], taskId:task-157311861732719238 from source0, running........................
[2019-11-07 14:29:46]remoteDiag id[104] from source0, busy now!
[2019-11-07 14:29:46]remoteDiag id[104], taskId:task-157311861732719238 to source0 reponse----result:flase, errCode(2):53
[2019-11-07 14:29:46]mcu response diag result(2):ff 3 .
[2019-11-07 14:29:46]remoteDiag id[104], taskId:task-157311861732719238 to source0 reponse----result:flase, errCode(1):3
[2019-11-07 14:29:56]remoteDiag id[104], taskId:task-157311862642540060 from source0, running........................
[2019-11-07 14:29:56]mcu response diag result(2):ff 3 .
[2019-11-07 14:29:56]remoteDiag id[104], taskId:task-157311862642540060 to source0 reponse----result:flase, errCode(1):3
[2019-11-07 14:29:56]remoteDiag id[104], taskId:task-157311862642540060 from source0, running........................
[2019-11-07 14:29:56]mcu response diag result(2):ff 3 .
[2019-11-07 14:29:56]remoteDiag id[104], taskId:task-157311862642540060 to source0 reponse----result:flase, errCode(1):3
[2019-11-07 14:30:04]remoteDiag id[104], taskId:task-157311863544983492 from source0, running........................
[2019-11-07 14:30:04]mcu response diag result(2):ff 3 .
[2019-11-07 14:30:04]remoteDiag id[104], taskId:task-157311863544983492 to source0 reponse----result:flase, errCode(1):3
[2019-11-07 14:30:05]remoteDiag id[104], taskId:task-157311863544983492 from source0, running........................
[2019-11-07 14:30:05]mcu response diag result(2):ff 3 .
[2019-11-07 14:30:05]remoteDiag id[104], taskId:task-157311863544983492 to source0 reponse----result:flase, errCode(1):3
[2019-11-07 14:38:52]mcu response diag result(2):ff 3 .
[2019-11-07 14:38:52]init config:engine:yes, airCtrl:yes, lock:yes, findCar:yes, charge:yes, disEngine:yes.
[2019-11-07 14:38:52]            windows:yes, trumpet:yes, flicker:yes, reardoor:yes, seatHot:yes, skyWindow:yes.
[2019-11-07 14:38:57]remoteDiag id[0], taskId: from source0, running........................
[2019-11-07 14:39:19]mcu response diag result(147):0 8e 1 1 8e 1 3 c1 86 87 8 c1 64 87 8 c2 64 87 9 2 5 c1 35 87 2f 90 1e 96 2f 93 10 96 2f 94 10 96 2f 95 10 96 2f 3 0 0 4 5 58 50 12 8 58 51 11 8 58 72 13 9 58 73 14 8 c1 22 87 9 5 9 da 30 87 9 c2 64 87 9 d1 59 87 9 c1 22 87 8 c1 1 87 8 c1 0 87 8 c1 40 87 8 c4 94 87 9 c0 73 0 8 6 0 0 7 0 0 8 0 0 9 0 0 a 0 0 b 0 0 c 0 0 d 5 c1 0 87 9 c1 1 87 9 c1 3 87 9 d1 59 87 9 c2 64 87 9 .
[2019-11-07 14:39:19]maxLen:142, maxNum:1, curNum:1, curLen:142.
[2019-11-07 14:39:19]convertDtcs(142):1 3 c1 86 87 8 c1 64 87 8 c2 64 87 9 2 5 c1 35 87 2f 90 1e 96 2f 93 10 96 2f 94 10 96 2f 95 10 96 2f 3 0 0 4 5 58 50 12 8 58 51 11 8 58 72 13 9 58 73 14 8 c1 22 87 9 5 9 da 30 87 9 c2 64 87 9 d1 59 87 9 c1 22 87 8 c1 1 87 8 c1 0 87 8 c1 40 87 8 c4 94 87 9 c0 73 0 8 6 0 0 7 0 0 8 0 0 9 0 0 a 0 0 b 0 0 c 0 0 d 5 c1 0 87 9 c1 1 87 9 c1 3 87 9 d1 59 87 9 c2 64 87 9 .
[2019-11-07 14:39:19]ecu id:1, dtcNum:3.
[2019-11-07 14:39:19]ecu id:2, dtcNum:5.
[2019-11-07 14:39:19]ecu id:3, dtcNum:0.
[2019-11-07 14:39:19]ecu id:4, dtcNum:5.
[2019-11-07 14:39:19]ecu id:5, dtcNum:9.
[2019-11-07 14:39:19]ecu id:6, dtcNum:0.
[2019-11-07 14:39:19]ecu id:7, dtcNum:0.
[2019-11-07 14:39:19]ecu id:8, dtcNum:0.
[2019-11-07 14:39:19]ecu id:9, dtcNum:0.
[2019-11-07 14:39:19]ecu id:10, dtcNum:0.
[2019-11-07 14:39:19]ecu id:11, dtcNum:0.
[2019-11-07 14:39:19]ecu id:12, dtcNum:0.
[2019-11-07 14:39:19]ecu id:13, dtcNum:5.
[2019-11-07 14:39:19]remoteDiag id[0], taskId: to source0 reponse----result:true
diagData(216):0 0 7 2 c1 86 87 8 0 0 7 2 c1 64 87 8 0 0 7 2 c2 64 87 9 0 0 7 1 c1 35 87 2f 0 0 7 1 90 1e 96 2f 0 0 7 1 93 10 96 2f 0 0 7 1 94 10 96 2f 0 0 7 1 95 10 96 2f 0 0 7 26 58 50 12 8 0 0 7 26 58 51 11 8 0 0 7 26 58 72 13 9 0 0 7 26 58 73 14 8 0 0 7 26 c1 22 87 9 0 0 7 25 da 30 87 9 0 0 7 25 c2 64 87 9 0 0 7 25 d1 59 87 9 0 0 7 25 c1 22 87 8 0 0 7 25 c1 1 87 8 0 0 7 25 c1 0 87 8 0 0 7 25 c1 40 87 8 0 0 7 25 c4 94 87 9 0 0 7 25 c0 73 0 8 0 0 7 28 c1 0 87 9 0 0 7 28 c1 1 87 9 0 0 7 28 c1 3 87 9 0 0 7 28 d1 59 87 9 0 0 7 28 c2 64 87 9 
[2019-11-07 14:40:31]remoteDiag id[0], taskId: from source0, running........................
[2019-11-07 14:40:34]mcu response diag result(2):ff 3 .
[2019-11-07 14:40:34]remoteDiag id[0], taskId: to source0 reponse----result:flase, errCode(1):3
[2019-11-07 14:40:56]remoteDiag id[0], taskId: from source0, running........................
[2019-11-07 14:41:05]mcu response diag result(2):ff 3 .
[2019-11-07 14:41:05]remoteDiag id[0], taskId: to source0 reponse----result:flase, errCode(1):3
[2019-11-07 14:41:19]remoteDiag id[0], taskId: from source0, running........................
[2019-11-07 14:41:25]mcu response diag result(2):ff 3 .
[2019-11-07 14:41:25]remoteDiag id[0], taskId: to source0 reponse----result:flase, errCode(1):3
[2019-11-07 14:41:42]remoteDiag id[0], taskId: from source0, running........................
[2019-11-07 14:41:51]mcu response diag result(2):ff 3 .
[2019-11-07 14:41:51]remoteDiag id[0], taskId: to source0 reponse----result:flase, errCode(1):3
[2019-11-07 14:42:06]remoteDiag id[0], taskId: from source0, running........................
[2019-11-07 14:42:10]mcu response diag result(2):ff 3 .
[2019-11-07 14:42:10]remoteDiag id[0], taskId: to source0 reponse----result:flase, errCode(1):3
[2019-11-07 14:42:32]remoteDiag id[0], taskId: from source0, running........................
[2019-11-07 14:42:35]mcu response diag result(2):ff 3 .
[2019-11-07 14:42:35]remoteDiag id[0], taskId: to source0 reponse----result:flase, errCode(1):3
[2019-11-07 14:48:05]remoteDiag id[0], taskId: from source0, running........................
[2019-11-07 14:48:09]mcu response diag result(2):ff 3 .
[2019-11-07 14:48:09]remoteDiag id[0], taskId: to source0 reponse----result:flase, errCode(1):3
