[1980-01-06 08:00:17]====================================================
[1980-01-06 08:00:17]* remote-service v2.0(20191031 14:27:53).
[1980-01-06 08:00:17]=====================================================
[1980-01-06 08:00:18]init config:engine:yes, airCtrl:yes, lock:yes, findCar:yes, charge:yes, disEngine:yes.
[1980-01-06 08:00:18]            windows:yes, trumpet:yes, flicker:yes, reardoor:yes, seatHot:yes, skyWindow:yes.
[2019-11-08 08:12:49]remoteDiag id[104], taskId:task-157318256852189711 from source0, running........................
[2019-11-08 08:12:49]remoteDiag id[104] from source0, busy now!
[2019-11-08 08:12:49]remoteDiag id[104], taskId:task-157318256852189711 to source0 reponse----result:flase, errCode(2):53
[2019-11-08 08:13:20]mcu response diag result(127):0 7a 1 1 7a 1 3 c1 86 87 8 c1 64 87 8 c2 64 87 9 2 5 c1 35 87 2f 90 1e 96 2f 93 10 96 2f 94 10 96 2f 95 10 96 2f 3 0 0 4 2 58 73 14 8 c1 22 87 9 5 9 da 30 87 9 c2 64 87 9 d1 59 87 9 c1 22 87 9 c1 1 87 8 c1 0 87 8 c1 40 87 8 c4 94 87 9 c0 73 0 8 6 0 0 7 0 0 8 0 0 9 0 0 a 0 0 b 0 0 c 0 0 d 3 c1 3 87 9 d1 59 87 9 c2 64 87 9 .
[2019-11-08 08:13:20]maxLen:122, maxNum:1, curNum:1, curLen:122.
[2019-11-08 08:13:20]convertDtcs(122):1 3 c1 86 87 8 c1 64 87 8 c2 64 87 9 2 5 c1 35 87 2f 90 1e 96 2f 93 10 96 2f 94 10 96 2f 95 10 96 2f 3 0 0 4 2 58 73 14 8 c1 22 87 9 5 9 da 30 87 9 c2 64 87 9 d1 59 87 9 c1 22 87 9 c1 1 87 8 c1 0 87 8 c1 40 87 8 c4 94 87 9 c0 73 0 8 6 0 0 7 0 0 8 0 0 9 0 0 a 0 0 b 0 0 c 0 0 d 3 c1 3 87 9 d1 59 87 9 c2 64 87 9 .
[2019-11-08 08:13:20]ecu id:1, dtcNum:3.
[2019-11-08 08:13:20]ecu id:2, dtcNum:5.
[2019-11-08 08:13:20]ecu id:3, dtcNum:0.
[2019-11-08 08:13:20]ecu id:4, dtcNum:2.
[2019-11-08 08:13:20]ecu id:5, dtcNum:9.
[2019-11-08 08:13:20]ecu id:6, dtcNum:0.
[2019-11-08 08:13:20]ecu id:7, dtcNum:0.
[2019-11-08 08:13:20]ecu id:8, dtcNum:0.
[2019-11-08 08:13:20]ecu id:9, dtcNum:0.
[2019-11-08 08:13:20]ecu id:10, dtcNum:0.
[2019-11-08 08:13:20]ecu id:11, dtcNum:0.
[2019-11-08 08:13:20]ecu id:12, dtcNum:0.
[2019-11-08 08:13:20]ecu id:13, dtcNum:3.
[2019-11-08 08:13:20]remoteDiag id[104], taskId:task-157318256852189711 to source0 reponse----result:true
diagData(176):0 0 7 2 c1 86 87 8 0 0 7 2 c1 64 87 8 0 0 7 2 c2 64 87 9 0 0 7 1 c1 35 87 2f 0 0 7 1 90 1e 96 2f 0 0 7 1 93 10 96 2f 0 0 7 1 94 10 96 2f 0 0 7 1 95 10 96 2f 0 0 7 26 58 73 14 8 0 0 7 26 c1 22 87 9 0 0 7 25 da 30 87 9 0 0 7 25 c2 64 87 9 0 0 7 25 d1 59 87 9 0 0 7 25 c1 22 87 9 0 0 7 25 c1 1 87 8 0 0 7 25 c1 0 87 8 0 0 7 25 c1 40 87 8 0 0 7 25 c4 94 87 9 0 0 7 25 c0 73 0 8 0 0 7 28 c1 3 87 9 0 0 7 28 d1 59 87 9 0 0 7 28 c2 64 87 9 
[2019-11-08 08:13:27]mcu response diag result(2):ff 9 .
