[1980-01-06 08:00:15]system-service:Oct 31 2019 14:27:00
[1980-01-06 08:00:15]mcu version:mcu_L_DFSK_F516-19_1.0.1_191031
[1980-01-06 08:00:15]device version:DFSK000100020026
[1980-01-06 08:00:15]project version:0000
[1980-01-06 08:00:15]software version:00000004
[1980-01-06 08:00:15]hardware version:0003
[1980-01-06 08:00:15]----------------manage_info_t start ------------------
[1980-01-06 08:00:15]ntp:  200.20.186.76
[1980-01-06 08:00:15]ntp:  223.65.211.46
[1980-01-06 08:00:15]ntp:  118.24.4.66
[1980-01-06 08:00:16]ntp:  202.108.6.95
[1980-01-06 08:00:16]



[1980-01-06 08:00:16]name:     /dev/ubi16_0
[1980-01-06 08:00:16]threshold:90
[1980-01-06 08:00:16]dir:      db
[1980-01-06 08:00:16]dir:      log
[1980-01-06 08:00:16]dir:      logs
[1980-01-06 08:00:16]dir:      configs
[1980-01-06 08:00:16]dir:      mcm-core
[1980-01-06 08:00:16]dir:      psm
[1980-01-06 08:00:16]file:     netmgr_log.txt
[1980-01-06 08:00:16]file:     .rnd
[1980-01-06 08:00:16]



[1980-01-06 08:00:16]name:     /dev/mmcblk0p1
[1980-01-06 08:00:16]threshold:95
[1980-01-06 08:00:16]dir:      db
[1980-01-06 08:00:16]dir:      log
[1980-01-06 08:00:16]



[1980-01-06 08:00:16]name:     tsp
[1980-01-06 08:00:16]source:   0
[1980-01-06 08:00:16]priority: 99
[1980-01-06 08:00:16]type:     0
[1980-01-06 08:00:16]threshold:0
[1980-01-06 08:00:16]time:     0
[1980-01-06 08:00:16]gtimes:   0
[1980-01-06 08:00:16]stimes:   0
[1980-01-06 08:00:16]



[1980-01-06 08:00:16]name:     gb
[1980-01-06 08:00:16]source:   1
[1980-01-06 08:00:16]priority: 98
[1980-01-06 08:00:16]type:     0
[1980-01-06 08:00:16]threshold:0
[1980-01-06 08:00:16]time:     0
[1980-01-06 08:00:16]gtimes:   0
[1980-01-06 08:00:16]stimes:   0
[1980-01-06 08:00:16]



[1980-01-06 08:00:16]name:     gnss
[1980-01-06 08:00:16]source:   2
[1980-01-06 08:00:16]priority: 97
[1980-01-06 08:00:16]type:     1
[1980-01-06 08:00:16]threshold:10
[1980-01-06 08:00:16]time:     0
[1980-01-06 08:00:16]gtimes:   0
[1980-01-06 08:00:16]stimes:   0
[1980-01-06 08:00:16]



[1980-01-06 08:00:16]name:     ntp
[1980-01-06 08:00:16]source:   3
[1980-01-06 08:00:16]priority: 96
[1980-01-06 08:00:16]type:     1
[1980-01-06 08:00:16]threshold:0
[1980-01-06 08:00:16]time:     0
[1980-01-06 08:00:16]gtimes:   0
[1980-01-06 08:00:16]stimes:   0
[1980-01-06 08:00:16]----------------manage_info_t end  ------------------


[1980-01-06 08:00:16]ipc system sucess
[1980-01-06 08:00:16]power loop:0
[1980-01-06 08:00:16]pwrmode_handler->seq:1 mode:1
[1980-01-06 08:00:16]init power sucess
[1980-01-06 08:00:16]init_sleep_timer
[1980-01-06 08:00:16]set sleep time 0
[1980-01-06 08:00:16]Caught signal 34
[1980-01-06 08:00:23]wkup_handler->wkup:0x00000001
[1980-01-06 08:00:29]setTime->source:0:time:1573181364
[1980-01-06 08:00:29]start tsp 1:1980-01-06 08:00:29----315964829:234753:0:0
[2019-11-08 10:49:24]end tsp 1:2019-11-08 10:49:24----1573181364:1409:0:0
[2019-11-08 10:49:24]get time:2019-11-08 10:49:24
[2019-11-08 10:49:28]setTime->source:0:time:1573181368
[2019-11-08 10:49:28]start tsp 2:2019-11-08 10:49:28----1573181368:65695:0:0
[2019-11-08 10:49:28]end tsp 2:2019-11-08 10:49:28----1573181368:54:0:0
[2019-11-08 10:49:28]get time:2019-11-08 10:49:28
[2019-11-08 10:49:43]wkup_handler->wkup:0x00000000
[2019-11-08 10:53:05]carmode_handler->mode:2
[2019-11-08 10:55:20]carmode_handler->mode:1
[2019-11-08 10:59:19]get time:2019-11-08 10:59:19
