[1980-01-06 08:00:16]system-service:Oct 31 2019 14:27:00
[1980-01-06 08:00:16]mcu version:mcu_L_DFSK_F516-19_1.0.1_191031
[1980-01-06 08:00:16]device version:DFSK000100020026
[1980-01-06 08:00:16]project version:0000
[1980-01-06 08:00:16]software version:00000004
[1980-01-06 08:00:16]hardware version:0003
[1980-01-06 08:00:16]----------------manage_info_t start ------------------
[1980-01-06 08:00:16]ntp:  200.20.186.76
[1980-01-06 08:00:16]ntp:  223.65.211.46
[1980-01-06 08:00:16]ntp:  118.24.4.66
[1980-01-06 08:00:16]ntp:  202.108.6.95
[1980-01-06 08:00:16]



[1980-01-06 08:00:16]name:     /dev/ubi16_0
[1980-01-06 08:00:16]threshold:90
[1980-01-06 08:00:16]dir:      db
[1980-01-06 08:00:16]dir:      log
[1980-01-06 08:00:16]dir:      logs
[1980-01-06 08:00:16]dir:      configs
[1980-01-06 08:00:16]dir:      mcm-core
[1980-01-06 08:00:16]dir:      psm
[1980-01-06 08:00:16]file:     netmgr_log.txt
[1980-01-06 08:00:16]file:     .rnd
[1980-01-06 08:00:16]



[1980-01-06 08:00:16]name:     /dev/mmcblk0p1
[1980-01-06 08:00:16]threshold:95
[1980-01-06 08:00:16]dir:      db
[1980-01-06 08:00:16]dir:      log
[1980-01-06 08:00:16]



[1980-01-06 08:00:16]name:     tsp
[1980-01-06 08:00:16]source:   0
[1980-01-06 08:00:16]priority: 99
[1980-01-06 08:00:16]type:     0
[1980-01-06 08:00:16]threshold:0
[1980-01-06 08:00:16]time:     0
[1980-01-06 08:00:16]gtimes:   0
[1980-01-06 08:00:16]stimes:   0
[1980-01-06 08:00:16]



[1980-01-06 08:00:16]name:     gb
[1980-01-06 08:00:16]source:   1
[1980-01-06 08:00:16]priority: 98
[1980-01-06 08:00:16]type:     0
[1980-01-06 08:00:16]threshold:0
[1980-01-06 08:00:16]time:     0
[1980-01-06 08:00:16]gtimes:   0
[1980-01-06 08:00:16]stimes:   0
[1980-01-06 08:00:16]



[1980-01-06 08:00:16]name:     gnss
[1980-01-06 08:00:16]source:   2
[1980-01-06 08:00:16]priority: 97
[1980-01-06 08:00:16]type:     1
[1980-01-06 08:00:16]threshold:10
[1980-01-06 08:00:16]time:     0
[1980-01-06 08:00:16]gtimes:   0
[1980-01-06 08:00:16]stimes:   0
[1980-01-06 08:00:16]



[1980-01-06 08:00:16]name:     ntp
[1980-01-06 08:00:16]source:   3
[1980-01-06 08:00:16]priority: 96
[1980-01-06 08:00:16]type:     1
[1980-01-06 08:00:16]threshold:0
[1980-01-06 08:00:16]time:     0
[1980-01-06 08:00:16]gtimes:   0
[1980-01-06 08:00:16]stimes:   0
[1980-01-06 08:00:16]----------------manage_info_t end  ------------------


[1980-01-06 08:00:16]ipc system sucess
[1980-01-06 08:00:16]power loop:0
[1980-01-06 08:00:16]pwrmode_handler->seq:1 mode:1
[1980-01-06 08:00:16]init power sucess
[1980-01-06 08:00:16]init_sleep_timer
[1980-01-06 08:00:16]set sleep time 0
[1980-01-06 08:00:16]Caught signal 34
[1980-01-06 08:00:22]wkup_handler->wkup:0x00000041
[1980-01-06 08:00:31]setTime->source:0:time:1573182483
[1980-01-06 08:00:31]start tsp 1:1980-01-06 08:00:31----315964831:164561:0:0
[2019-11-08 11:08:03]end tsp 1:2019-11-08 11:08:03----1573182483:1571:0:0
[2019-11-08 11:08:03]get time:2019-11-08 11:08:03
[2019-11-08 11:08:07]setTime->source:0:time:1573171909
[2019-11-08 11:08:07]start tsp 2:2019-11-08 11:08:07----1573182487:72842:0:0
[2019-11-08 08:11:49]end tsp 2:2019-11-08 08:11:49----1573171909:54:0:0
[2019-11-08 08:11:49]setTime->source:0:time:1573171891
[2019-11-08 08:11:49]start tsp 3:2019-11-08 08:11:49----1573171909:23050:0:0
[2019-11-08 08:11:31]end tsp 3:2019-11-08 08:11:31----1573171891:49:0:0
[2019-11-08 08:11:31]get time:2019-11-08 08:11:31
[2019-11-08 08:11:43]wkup_handler->wkup:0x00000040
[2019-11-08 08:15:19]setTime->source:0:time:1573172134
[2019-11-08 08:15:19]start tsp 4:2019-11-08 08:15:19----1573172119:111902:0:0
[2019-11-08 08:15:34]end tsp 4:2019-11-08 08:15:34----1573172134:52:0:0
[2019-11-08 08:15:34]setTime->source:0:time:1573172117
[2019-11-08 08:15:34]start tsp 5:2019-11-08 08:15:34----1573172134:24639:0:0
[2019-11-08 08:15:17]end tsp 5:2019-11-08 08:15:17----1573172117:78:0:0
[2019-11-08 08:15:17]get time:2019-11-08 08:15:17
