[1980-01-06 08:00:16]system-service:Oct 31 2019 14:27:00
[1980-01-06 08:00:16]mcu version:mcu_L_DFSK_F516-19_1.0.1_191031
[1980-01-06 08:00:16]device version:DFSK000100020026
[1980-01-06 08:00:16]project version:0000
[1980-01-06 08:00:16]software version:00000004
[1980-01-06 08:00:16]hardware version:0003
[1980-01-06 08:00:16]----------------manage_info_t start ------------------
[1980-01-06 08:00:16]ntp:  200.20.186.76
[1980-01-06 08:00:16]ntp:  223.65.211.46
[1980-01-06 08:00:16]ntp:  118.24.4.66
[1980-01-06 08:00:16]ntp:  202.108.6.95
[1980-01-06 08:00:16]



[1980-01-06 08:00:16]name:     /dev/ubi16_0
[1980-01-06 08:00:16]threshold:90
[1980-01-06 08:00:16]dir:      db
[1980-01-06 08:00:16]dir:      log
[1980-01-06 08:00:16]dir:      logs
[1980-01-06 08:00:16]dir:      configs
[1980-01-06 08:00:16]dir:      mcm-core
[1980-01-06 08:00:16]dir:      psm
[1980-01-06 08:00:16]file:     netmgr_log.txt
[1980-01-06 08:00:16]file:     .rnd
[1980-01-06 08:00:16]



[1980-01-06 08:00:16]name:     /dev/mmcblk0p1
[1980-01-06 08:00:16]threshold:95
[1980-01-06 08:00:16]dir:      db
[1980-01-06 08:00:16]dir:      log
[1980-01-06 08:00:16]



[1980-01-06 08:00:16]name:     tsp
[1980-01-06 08:00:16]source:   0
[1980-01-06 08:00:16]priority: 99
[1980-01-06 08:00:16]type:     0
[1980-01-06 08:00:16]threshold:0
[1980-01-06 08:00:16]time:     0
[1980-01-06 08:00:16]gtimes:   0
[1980-01-06 08:00:16]stimes:   0
[1980-01-06 08:00:16]



[1980-01-06 08:00:16]name:     gb
[1980-01-06 08:00:16]source:   1
[1980-01-06 08:00:16]priority: 98
[1980-01-06 08:00:16]type:     0
[1980-01-06 08:00:16]threshold:0
[1980-01-06 08:00:16]time:     0
[1980-01-06 08:00:16]gtimes:   0
[1980-01-06 08:00:16]stimes:   0
[1980-01-06 08:00:16]



[1980-01-06 08:00:16]name:     gnss
[1980-01-06 08:00:16]source:   2
[1980-01-06 08:00:16]priority: 97
[1980-01-06 08:00:16]type:     1
[1980-01-06 08:00:16]threshold:10
[1980-01-06 08:00:16]time:     0
[1980-01-06 08:00:16]gtimes:   0
[1980-01-06 08:00:16]stimes:   0
[1980-01-06 08:00:16]



[1980-01-06 08:00:16]name:     ntp
[1980-01-06 08:00:16]source:   3
[1980-01-06 08:00:16]priority: 96
[1980-01-06 08:00:16]type:     1
[1980-01-06 08:00:16]threshold:0
[1980-01-06 08:00:16]time:     0
[1980-01-06 08:00:16]gtimes:   0
[1980-01-06 08:00:16]stimes:   0
[1980-01-06 08:00:16]----------------manage_info_t end  ------------------


[1980-01-06 08:00:16]ipc system sucess
[1980-01-06 08:00:16]power loop:0
[1980-01-06 08:00:16]pwrmode_handler->seq:1 mode:1
[1980-01-06 08:00:16]init power sucess
[1980-01-06 08:00:16]init_sleep_timer
[1980-01-06 08:00:16]set sleep time 0
[1980-01-06 08:00:16]Caught signal 34
[1980-01-06 08:00:24]wkup_handler->wkup:0x00000001
[1980-01-06 08:00:30]setTime->source:0:time:1573174647
[1980-01-06 08:00:30]start tsp 1:1980-01-06 08:00:30----315964830:553401:0:0
[2019-11-08 08:57:27]end tsp 1:2019-11-08 08:57:27----1573174647:1399:0:0
[2019-11-08 08:57:27]setTime->source:0:time:1573174664
[2019-11-08 08:57:27]start tsp 2:2019-11-08 08:57:27----1573174647:28001:0:0
[2019-11-08 08:57:44]end tsp 2:2019-11-08 08:57:44----1573174664:51:0:0
[2019-11-08 08:57:44]get time:2019-11-08 08:57:44
[2019-11-08 08:57:51]setTime->source:0:time:1573174672
[2019-11-08 08:57:51]start tsp 3:2019-11-08 08:57:51----1573174671:622123:0:0
[2019-11-08 08:57:52]end tsp 3:2019-11-08 08:57:52----1573174672:53:0:0
[2019-11-08 08:57:52]setTime->source:0:time:1573174655
[2019-11-08 08:57:52]start tsp 4:2019-11-08 08:57:52----1573174672:18352:0:0
[2019-11-08 08:57:35]end tsp 4:2019-11-08 08:57:35----1573174655:50:0:0
[2019-11-08 08:57:35]get time:2019-11-08 08:57:35
[2019-11-08 08:57:45]wkup_handler->wkup:0x00000000
[2019-11-08 09:07:21]get time:2019-11-08 09:07:21
[2019-11-08 09:17:28]get time:2019-11-08 09:17:28
[2019-11-08 09:27:34]get time:2019-11-08 09:27:34
[2019-11-08 09:37:40]get time:2019-11-08 09:37:40
[2019-11-08 09:47:47]get time:2019-11-08 09:47:47
[2019-11-08 09:57:53]get time:2019-11-08 09:57:53
[2019-11-08 10:08:00]get time:2019-11-08 10:08:00
[2019-11-08 10:18:06]get time:2019-11-08 10:18:06
[2019-11-08 10:28:12]get time:2019-11-08 10:28:12
[2019-11-08 10:38:19]get time:2019-11-08 10:38:19
[2019-11-08 10:48:25]get time:2019-11-08 10:48:25
[2019-11-08 10:58:32]get time:2019-11-08 10:58:32
[2019-11-08 11:08:38]get time:2019-11-08 11:08:38
[2019-11-08 11:18:45]get time:2019-11-08 11:18:45
[2019-11-08 11:28:51]get time:2019-11-08 11:28:51
[2019-11-08 11:36:02]wkup_handler->wkup:0x00000002
[2019-11-08 11:38:57]get time:2019-11-08 11:38:57
[2019-11-08 11:39:30]wkup_handler->wkup:0x00000000
