[1980-01-06 08:00:15]system-service:Oct 31 2019 14:27:00
[1980-01-06 08:00:15]mcu version:mcu_L_DFSK_F516-19_1.0.1_191031
[1980-01-06 08:00:15]device version:DFSK000100020026
[1980-01-06 08:00:15]project version:0000
[1980-01-06 08:00:15]software version:00000004
[1980-01-06 08:00:15]hardware version:0003
[1980-01-06 08:00:15]----------------manage_info_t start ------------------
[1980-01-06 08:00:15]ntp:  200.20.186.76
[1980-01-06 08:00:15]ntp:  223.65.211.46
[1980-01-06 08:00:15]ntp:  118.24.4.66
[1980-01-06 08:00:15]ntp:  202.108.6.95
[1980-01-06 08:00:15]



[1980-01-06 08:00:15]name:     /dev/ubi16_0
[1980-01-06 08:00:15]threshold:90
[1980-01-06 08:00:15]dir:      db
[1980-01-06 08:00:15]dir:      log
[1980-01-06 08:00:15]dir:      logs
[1980-01-06 08:00:15]dir:      configs
[1980-01-06 08:00:15]dir:      mcm-core
[1980-01-06 08:00:15]dir:      psm
[1980-01-06 08:00:15]file:     netmgr_log.txt
[1980-01-06 08:00:15]file:     .rnd
[1980-01-06 08:00:15]



[1980-01-06 08:00:15]name:     /dev/mmcblk0p1
[1980-01-06 08:00:15]threshold:95
[1980-01-06 08:00:15]dir:      db
[1980-01-06 08:00:15]dir:      log
[1980-01-06 08:00:15]



[1980-01-06 08:00:15]name:     tsp
[1980-01-06 08:00:15]source:   0
[1980-01-06 08:00:15]priority: 99
[1980-01-06 08:00:15]type:     0
[1980-01-06 08:00:15]threshold:0
[1980-01-06 08:00:15]time:     0
[1980-01-06 08:00:15]gtimes:   0
[1980-01-06 08:00:15]stimes:   0
[1980-01-06 08:00:15]



[1980-01-06 08:00:15]name:     gb
[1980-01-06 08:00:15]source:   1
[1980-01-06 08:00:15]priority: 98
[1980-01-06 08:00:15]type:     0
[1980-01-06 08:00:15]threshold:0
[1980-01-06 08:00:15]time:     0
[1980-01-06 08:00:15]gtimes:   0
[1980-01-06 08:00:15]stimes:   0
[1980-01-06 08:00:15]



[1980-01-06 08:00:15]name:     gnss
[1980-01-06 08:00:15]source:   2
[1980-01-06 08:00:15]priority: 97
[1980-01-06 08:00:15]type:     1
[1980-01-06 08:00:15]threshold:10
[1980-01-06 08:00:15]time:     0
[1980-01-06 08:00:15]gtimes:   0
[1980-01-06 08:00:15]stimes:   0
[1980-01-06 08:00:15]



[1980-01-06 08:00:15]name:     ntp
[1980-01-06 08:00:15]source:   3
[1980-01-06 08:00:15]priority: 96
[1980-01-06 08:00:15]type:     1
[1980-01-06 08:00:15]threshold:0
[1980-01-06 08:00:15]time:     0
[1980-01-06 08:00:15]gtimes:   0
[1980-01-06 08:00:15]stimes:   0
[1980-01-06 08:00:15]----------------manage_info_t end  ------------------


[1980-01-06 08:00:15]ipc system sucess
[1980-01-06 08:00:15]power loop:0
[1980-01-06 08:00:15]pwrmode_handler->seq:1 mode:1
[1980-01-06 08:00:15]init power sucess
[1980-01-06 08:00:15]init_sleep_timer
[1980-01-06 08:00:15]set sleep time 0
[1980-01-06 08:00:15]Caught signal 34
[1980-01-06 08:00:22]wkup_handler->wkup:0x00000001
[1980-01-06 08:00:29]carmode_handler->mode:2
[1980-01-06 08:00:30]setTime->source:0:time:1573185059
[1980-01-06 08:00:30]start tsp 1:1980-01-06 08:00:30----315964830:574082:0:0
[2019-11-08 11:50:59]end tsp 1:2019-11-08 11:50:59----1573185059:1408:0:0
[2019-11-08 11:50:59]setTime->source:0:time:1573185042
[2019-11-08 11:50:59]start tsp 2:2019-11-08 11:50:59----1573185059:56721:0:0
[2019-11-08 11:50:42]end tsp 2:2019-11-08 11:50:42----1573185042:53:0:0
[2019-11-08 11:50:42]carmode_handler->mode:1
[2019-11-08 11:50:42]get time:2019-11-08 11:50:42
[2019-11-08 11:50:43]wkup_handler->wkup:0x00000000
[2019-11-08 11:50:43]carmode_handler->mode:2
[2019-11-08 11:51:28]setTime->source:0:time:1573185088
[2019-11-08 11:51:28]start tsp 3:2019-11-08 11:51:28----1573185088:65904:0:0
[2019-11-08 11:51:28]end tsp 3:2019-11-08 11:51:28----1573185088:56:0:0
[2019-11-08 11:51:28]setTime->source:0:time:1573185105
[2019-11-08 11:51:28]start tsp 4:2019-11-08 11:51:28----1573185088:16867:0:0
[2019-11-08 11:51:45]end tsp 4:2019-11-08 11:51:45----1573185105:56:0:0
[2019-11-08 11:51:45]get time:2019-11-08 11:51:45
[2019-11-08 11:59:27]carmode_handler->mode:1
[2019-11-08 12:00:53]get time:2019-11-08 12:00:53
[2019-11-08 12:10:59]get time:2019-11-08 12:10:59
