[1980-01-06 08:00:48]system-service:Sep 18 2019 10:00:33
[1980-01-06 08:00:48]mcu version:T4_KEEP_MPU_POWER_V0.01_163103_20190904
[1980-01-06 08:00:48]project version:DFXK000100020002
[1980-01-06 08:00:48]svnid version:00000001
[1980-01-06 08:00:48]software version:SW_010000_190720
[1980-01-06 08:00:48]hardware version:8638910683H03V00
[1980-01-06 08:00:48]----------------manage_info_t start ------------------
[1980-01-06 08:00:48]ntp:  200.20.186.76
[1980-01-06 08:00:48]ntp:  223.65.211.46
[1980-01-06 08:00:48]ntp:  118.24.4.66
[1980-01-06 08:00:48]ntp:  202.108.6.95
[1980-01-06 08:00:48]



[1980-01-06 08:00:48]name:     /dev/ubi16_0
[1980-01-06 08:00:48]threshold:90
[1980-01-06 08:00:48]dir:      db
[1980-01-06 08:00:48]dir:      log
[1980-01-06 08:00:48]dir:      logs
[1980-01-06 08:00:48]dir:      configs
[1980-01-06 08:00:48]dir:      mcm-core
[1980-01-06 08:00:48]dir:      psm
[1980-01-06 08:00:48]file:     netmgr_log.txt
[1980-01-06 08:00:48]file:     .rnd
[1980-01-06 08:00:48]



[1980-01-06 08:00:48]name:     /dev/mmcblk0p1
[1980-01-06 08:00:48]threshold:95
[1980-01-06 08:00:48]dir:      db
[1980-01-06 08:00:48]dir:      log
[1980-01-06 08:00:48]



[1980-01-06 08:00:48]name:     tsp
[1980-01-06 08:00:48]source:   0
[1980-01-06 08:00:48]priority: 99
[1980-01-06 08:00:48]type:     0
[1980-01-06 08:00:48]threshold:0
[1980-01-06 08:00:48]time:     0
[1980-01-06 08:00:48]gtimes:   0
[1980-01-06 08:00:48]stimes:   0
[1980-01-06 08:00:48]



[1980-01-06 08:00:48]name:     gb
[1980-01-06 08:00:48]source:   1
[1980-01-06 08:00:48]priority: 98
[1980-01-06 08:00:48]type:     0
[1980-01-06 08:00:48]threshold:0
[1980-01-06 08:00:48]time:     0
[1980-01-06 08:00:48]gtimes:   0
[1980-01-06 08:00:48]stimes:   0
[1980-01-06 08:00:48]



[1980-01-06 08:00:48]name:     gnss
[1980-01-06 08:00:48]source:   2
[1980-01-06 08:00:48]priority: 97
[1980-01-06 08:00:48]type:     1
[1980-01-06 08:00:48]threshold:10
[1980-01-06 08:00:48]time:     0
[1980-01-06 08:00:48]gtimes:   0
[1980-01-06 08:00:48]stimes:   0
[1980-01-06 08:00:48]



[1980-01-06 08:00:48]name:     ntp
[1980-01-06 08:00:48]source:   3
[1980-01-06 08:00:48]priority: 96
[1980-01-06 08:00:48]type:     1
[1980-01-06 08:00:48]threshold:0
[1980-01-06 08:00:48]time:     0
[1980-01-06 08:00:48]gtimes:   0
[1980-01-06 08:00:48]stimes:   0
[1980-01-06 08:00:48]----------------manage_info_t end  ------------------


[1980-01-06 08:00:49]ipc system sucess
[1980-01-06 08:00:49]power loop:0
[1980-01-06 08:00:49]pwrmode_handler->seq:1 mode:1
[1980-01-06 08:00:49]init power sucess
[1980-01-06 08:00:49]init_sleep_timer
[1980-01-06 08:00:49]set sleep time 0
[1980-01-06 08:00:49]Caught signal 34
[1980-01-06 08:00:49]audio monitor receive: DRIVER=tlv320aic3x-codec
OF_NAME=tlv320aic3x
OF_FULLNAME=/soc/i2c@78b8000/tlv320aic3x@18
OF_COMPATIBLE_0=ti,tlv320aic3x
OF_COMPATIBLE_N=1
MODALIAS=i2c:tlv320aic3x
[1980-01-06 08:00:50] deal ntp time 
[1980-01-06 08:00:50]get_ntp:200.20.186.76 3
[1980-01-06 08:00:50]send failed
[1980-01-06 08:00:50]get_ntp:223.65.211.46 3
[1980-01-06 08:00:50]send failed
[1980-01-06 08:00:50]get_ntp:118.24.4.66 3
[1980-01-06 08:00:50]send failed
[1980-01-06 08:00:50]get_ntp:202.108.6.95 3
[1980-01-06 08:00:50]send failed
[1980-01-06 08:00:55]wkup_handler->wkup:0x00000001
[1980-01-06 08:01:10] deal ntp time 
[1980-01-06 08:01:10]get_ntp:200.20.186.76 3
[1980-01-06 08:01:11]get_ntp:1572397792
[1980-01-06 08:01:11]start ntp 1:1980-01-06 08:01:11----315964871:408127:0:0
[2019-10-30 09:09:52]end ntp 1:2019-10-30 09:09:52----1572397792:279:0:0
[2019-10-30 09:10:01]wkup_handler->wkup:0x00000000
[2019-10-30 09:10:12] deal ntp time 
[2019-10-30 09:10:32] deal ntp time 
[2019-10-30 09:10:52] deal ntp time 
[2019-10-30 09:11:13] deal ntp time 
[2019-10-30 09:11:33] deal ntp time 
[2019-10-30 09:11:53] deal ntp time 
