[1980-01-06 08:00:16]system-service:Oct 31 2019 14:27:00
[1980-01-06 08:00:16]mcu version:mcu_L_DFSK_F516-19_1.0.1_191031
[1980-01-06 08:00:16]device version:DFSK000100020026
[1980-01-06 08:00:16]project version:0000
[1980-01-06 08:00:16]software version:00000004
[1980-01-06 08:00:16]hardware version:0003
[1980-01-06 08:00:16]----------------manage_info_t start ------------------
[1980-01-06 08:00:16]ntp:  200.20.186.76
[1980-01-06 08:00:16]ntp:  223.65.211.46
[1980-01-06 08:00:16]ntp:  118.24.4.66
[1980-01-06 08:00:16]ntp:  202.108.6.95
[1980-01-06 08:00:16]



[1980-01-06 08:00:16]name:     /dev/ubi16_0
[1980-01-06 08:00:16]threshold:90
[1980-01-06 08:00:16]dir:      db
[1980-01-06 08:00:16]dir:      log
[1980-01-06 08:00:16]dir:      logs
[1980-01-06 08:00:16]dir:      configs
[1980-01-06 08:00:16]dir:      mcm-core
[1980-01-06 08:00:16]dir:      psm
[1980-01-06 08:00:16]file:     netmgr_log.txt
[1980-01-06 08:00:16]file:     .rnd
[1980-01-06 08:00:16]



[1980-01-06 08:00:16]name:     /dev/mmcblk0p1
[1980-01-06 08:00:16]threshold:95
[1980-01-06 08:00:16]dir:      db
[1980-01-06 08:00:16]dir:      log
[1980-01-06 08:00:16]



[1980-01-06 08:00:16]name:     tsp
[1980-01-06 08:00:16]source:   0
[1980-01-06 08:00:16]priority: 99
[1980-01-06 08:00:16]type:     0
[1980-01-06 08:00:16]threshold:0
[1980-01-06 08:00:16]time:     0
[1980-01-06 08:00:16]gtimes:   0
[1980-01-06 08:00:16]stimes:   0
[1980-01-06 08:00:16]



[1980-01-06 08:00:16]name:     gb
[1980-01-06 08:00:16]source:   1
[1980-01-06 08:00:16]priority: 98
[1980-01-06 08:00:16]type:     0
[1980-01-06 08:00:16]threshold:0
[1980-01-06 08:00:16]time:     0
[1980-01-06 08:00:16]gtimes:   0
[1980-01-06 08:00:16]stimes:   0
[1980-01-06 08:00:16]



[1980-01-06 08:00:16]name:     gnss
[1980-01-06 08:00:16]source:   2
[1980-01-06 08:00:16]priority: 97
[1980-01-06 08:00:16]type:     1
[1980-01-06 08:00:16]threshold:10
[1980-01-06 08:00:16]time:     0
[1980-01-06 08:00:16]gtimes:   0
[1980-01-06 08:00:16]stimes:   0
[1980-01-06 08:00:16]



[1980-01-06 08:00:16]name:     ntp
[1980-01-06 08:00:16]source:   3
[1980-01-06 08:00:16]priority: 96
[1980-01-06 08:00:16]type:     1
[1980-01-06 08:00:16]threshold:0
[1980-01-06 08:00:16]time:     0
[1980-01-06 08:00:16]gtimes:   0
[1980-01-06 08:00:16]stimes:   0
[1980-01-06 08:00:16]----------------manage_info_t end  ------------------


[1980-01-06 08:00:16]ipc system sucess
[1980-01-06 08:00:16]power loop:0
[1980-01-06 08:00:16]pwrmode_handler->seq:1 mode:1
[1980-01-06 08:00:16]init power sucess
[1980-01-06 08:00:16]init_sleep_timer
[1980-01-06 08:00:16]set sleep time 0
[1980-01-06 08:00:16]Caught signal 34
[1980-01-06 08:00:22]wkup_handler->wkup:0x00000041
[1980-01-06 08:00:31]setTime->source:0:time:1573117729
[1980-01-06 08:00:31]start tsp 1:1980-01-06 08:00:31----315964831:152069:0:0
[2019-11-07 17:08:49]end tsp 1:2019-11-07 17:08:49----1573117729:4438:0:0
[2019-11-07 17:08:49]get time:2019-11-07 17:08:49
[2019-11-07 17:08:53]setTime->source:0:time:1573107307
[2019-11-07 17:08:53]start tsp 2:2019-11-07 17:08:53----1573117733:56488:0:0
[2019-11-07 14:15:07]end tsp 2:2019-11-07 14:15:07----1573107307:55:0:0
[2019-11-07 14:15:07]setTime->source:0:time:1573107290
[2019-11-07 14:15:07]start tsp 3:2019-11-07 14:15:07----1573107307:23629:0:0
[2019-11-07 14:14:50]end tsp 3:2019-11-07 14:14:50----1573107290:54:0:0
[2019-11-07 14:14:50]get time:2019-11-07 14:14:50
[2019-11-07 14:15:03]wkup_handler->wkup:0x00000040
[2019-11-07 14:16:34]carmode_handler->mode:1
[2019-11-07 14:16:35]wkup_handler->wkup:0x00000000
[2019-11-07 14:18:38]setTime->source:0:time:1573107533
[2019-11-07 14:18:38]start tsp 4:2019-11-07 14:18:38----1573107518:235008:0:0
[2019-11-07 14:18:53]end tsp 4:2019-11-07 14:18:53----1573107533:55:0:0
[2019-11-07 14:18:53]setTime->source:0:time:1573107516
[2019-11-07 14:18:53]start tsp 5:2019-11-07 14:18:53----1573107533:11662:0:0
[2019-11-07 14:18:36]end tsp 5:2019-11-07 14:18:36----1573107516:52:0:0
[2019-11-07 14:18:36]get time:2019-11-07 14:18:36
[2019-11-07 14:19:38]get time:2019-11-07 14:19:38
[2019-11-07 14:19:41]get time:2019-11-07 14:19:41
[2019-11-07 14:19:44]get time:2019-11-07 14:19:44
[2019-11-07 14:19:47]get time:2019-11-07 14:19:47
[2019-11-07 14:21:32]setTime->source:0:time:1573107692
[2019-11-07 14:21:32]start tsp 6:2019-11-07 14:21:32----1573107692:460144:0:0
[2019-11-07 14:21:32]end tsp 6:2019-11-07 14:21:32----1573107692:57:0:0
[2019-11-07 14:21:32]setTime->source:0:time:1573107709
[2019-11-07 14:21:32]start tsp 7:2019-11-07 14:21:32----1573107692:18589:0:0
[2019-11-07 14:21:49]end tsp 7:2019-11-07 14:21:49----1573107709:51:0:0
[2019-11-07 14:21:49]get time:2019-11-07 14:21:49
