[1980-01-06 08:00:16]system-service:Oct 31 2019 14:27:00
[1980-01-06 08:00:16]mcu version:mcu_L_DFSK_F516-19_1.0.1_191031
[1980-01-06 08:00:16]device version:DFSK000100020026
[1980-01-06 08:00:16]project version:0000
[1980-01-06 08:00:16]software version:00000004
[1980-01-06 08:00:16]hardware version:0003
[1980-01-06 08:00:16]----------------manage_info_t start ------------------
[1980-01-06 08:00:16]ntp:  200.20.186.76
[1980-01-06 08:00:16]ntp:  223.65.211.46
[1980-01-06 08:00:16]ntp:  118.24.4.66
[1980-01-06 08:00:16]ntp:  202.108.6.95
[1980-01-06 08:00:16]



[1980-01-06 08:00:16]name:     /dev/ubi16_0
[1980-01-06 08:00:16]threshold:90
[1980-01-06 08:00:16]dir:      db
[1980-01-06 08:00:16]dir:      log
[1980-01-06 08:00:16]dir:      logs
[1980-01-06 08:00:16]dir:      configs
[1980-01-06 08:00:16]dir:      mcm-core
[1980-01-06 08:00:16]dir:      psm
[1980-01-06 08:00:16]file:     netmgr_log.txt
[1980-01-06 08:00:16]file:     .rnd
[1980-01-06 08:00:16]



[1980-01-06 08:00:16]name:     /dev/mmcblk0p1
[1980-01-06 08:00:16]threshold:95
[1980-01-06 08:00:16]dir:      db
[1980-01-06 08:00:16]dir:      log
[1980-01-06 08:00:16]



[1980-01-06 08:00:16]name:     tsp
[1980-01-06 08:00:16]source:   0
[1980-01-06 08:00:16]priority: 99
[1980-01-06 08:00:16]type:     0
[1980-01-06 08:00:16]threshold:0
[1980-01-06 08:00:16]time:     0
[1980-01-06 08:00:16]gtimes:   0
[1980-01-06 08:00:16]stimes:   0
[1980-01-06 08:00:16]



[1980-01-06 08:00:16]name:     gb
[1980-01-06 08:00:16]source:   1
[1980-01-06 08:00:16]priority: 98
[1980-01-06 08:00:16]type:     0
[1980-01-06 08:00:16]threshold:0
[1980-01-06 08:00:16]time:     0
[1980-01-06 08:00:16]gtimes:   0
[1980-01-06 08:00:16]stimes:   0
[1980-01-06 08:00:16]



[1980-01-06 08:00:16]name:     gnss
[1980-01-06 08:00:16]source:   2
[1980-01-06 08:00:16]priority: 97
[1980-01-06 08:00:16]type:     1
[1980-01-06 08:00:16]threshold:10
[1980-01-06 08:00:16]time:     0
[1980-01-06 08:00:16]gtimes:   0
[1980-01-06 08:00:16]stimes:   0
[1980-01-06 08:00:16]



[1980-01-06 08:00:16]name:     ntp
[1980-01-06 08:00:16]source:   3
[1980-01-06 08:00:16]priority: 96
[1980-01-06 08:00:16]type:     1
[1980-01-06 08:00:16]threshold:0
[1980-01-06 08:00:16]time:     0
[1980-01-06 08:00:16]gtimes:   0
[1980-01-06 08:00:16]stimes:   0
[1980-01-06 08:00:16]----------------manage_info_t end  ------------------


[1980-01-06 08:00:16]ipc system sucess
[1980-01-06 08:00:16]power loop:0
[1980-01-06 08:00:16]pwrmode_handler->seq:1 mode:1
[1980-01-06 08:00:16]init power sucess
[1980-01-06 08:00:16]init_sleep_timer
[1980-01-06 08:00:16]set sleep time 0
[1980-01-06 08:00:16]Caught signal 34
[1980-01-06 08:00:22]wkup_handler->wkup:0x00000001
[1980-01-06 08:00:31]setTime->source:0:time:1573107929
[1980-01-06 08:00:31]start tsp 1:1980-01-06 08:00:31----315964831:10310:0:0
[2019-11-07 14:25:29]end tsp 1:2019-11-07 14:25:29----1573107929:1251:0:0
[2019-11-07 14:25:29]setTime->source:0:time:1573107945
[2019-11-07 14:25:29]start tsp 2:2019-11-07 14:25:29----1573107929:38986:0:0
[2019-11-07 14:25:45]end tsp 2:2019-11-07 14:25:45----1573107945:528:0:0
[2019-11-07 14:25:45]get time:2019-11-07 14:25:45
[2019-11-07 14:25:58]setTime->source:0:time:1573107942
[2019-11-07 14:25:58]start tsp 3:2019-11-07 14:25:58----1573107958:33437:0:0
[2019-11-07 14:25:42]end tsp 3:2019-11-07 14:25:42----1573107942:55:0:0
[2019-11-07 14:25:42]setTime->source:0:time:1573107959
[2019-11-07 14:25:42]start tsp 4:2019-11-07 14:25:42----1573107942:15099:0:0
[2019-11-07 14:25:59]end tsp 4:2019-11-07 14:25:59----1573107959:54:0:0
[2019-11-07 14:25:59]get time:2019-11-07 14:25:59
[2019-11-07 14:26:02]wkup_handler->wkup:0x00000000
[2019-11-07 14:32:45]carmode_handler->mode:2
[2019-11-07 14:32:46]carmode_handler->mode:1
[2019-11-07 14:34:52]pwrmode_handler->seq:2 mode:2
[2019-11-07 14:34:53]goto standby
[2019-11-07 14:34:55]pwrmode_handler->seq:3 mode:3
[2019-11-07 14:38:52]wkup_handler->wkup:0x00000100
[2019-11-07 14:38:52]pwrmode_handler->seq:4 mode:1
[2019-11-07 14:38:52]goto wakeup
[2019-11-07 14:38:53]get time:2019-11-07 14:38:53
[2019-11-07 14:38:56]carmode_handler->mode:2
[2019-11-07 14:38:56]setTime->source:0:time:1573108716
[2019-11-07 14:38:56]start tsp 1:2019-11-07 14:38:56----1573108736:876806:0:0
[2019-11-07 14:38:36]end tsp 1:2019-11-07 14:38:36----1573108716:54:0:0
[2019-11-07 14:38:36]setTime->source:0:time:1573108733
[2019-11-07 14:38:36]start tsp 2:2019-11-07 14:38:36----1573108716:16043:0:0
[2019-11-07 14:38:53]end tsp 2:2019-11-07 14:38:53----1573108733:476:0:0
[2019-11-07 14:38:53]get time:2019-11-07 14:38:53
[2019-11-07 14:38:53]carmode_handler->mode:1
[2019-11-07 14:38:54]wkup_handler->wkup:0x00000000
[2019-11-07 14:38:54]carmode_handler->mode:2
[2019-11-07 14:39:14]carmode_handler->mode:1
[2019-11-07 14:39:36]get time:2019-11-07 14:39:36
[2019-11-07 14:40:32]wkup_handler->wkup:0x00000004
[2019-11-07 14:42:18]setTime->source:0:time:1573108922
[2019-11-07 14:42:18]start tsp 3:2019-11-07 14:42:18----1573108938:116905:0:0
[2019-11-07 14:42:02]end tsp 3:2019-11-07 14:42:02----1573108922:57:0:0
[2019-11-07 14:42:02]setTime->source:0:time:1573108939
[2019-11-07 14:42:02]start tsp 4:2019-11-07 14:42:02----1573108922:11064:0:0
[2019-11-07 14:42:19]end tsp 4:2019-11-07 14:42:19----1573108939:55:0:0
[2019-11-07 14:42:19]get time:2019-11-07 14:42:19
[2019-11-07 14:46:24]wkup_handler->wkup:0x00000000
[2019-11-07 14:48:06]wkup_handler->wkup:0x00000004
