[1980-01-06 08:00:16]system-service:Oct 31 2019 14:27:00
[1980-01-06 08:00:16]mcu version:mcu_L_DFSK_F516-19_1.0.1_191031
[1980-01-06 08:00:16]device version:DFSK000100020026
[1980-01-06 08:00:16]project version:0000
[1980-01-06 08:00:16]software version:00000004
[1980-01-06 08:00:16]hardware version:0003
[1980-01-06 08:00:16]----------------manage_info_t start ------------------
[1980-01-06 08:00:16]ntp:  200.20.186.76
[1980-01-06 08:00:16]ntp:  223.65.211.46
[1980-01-06 08:00:16]ntp:  118.24.4.66
[1980-01-06 08:00:16]ntp:  202.108.6.95
[1980-01-06 08:00:16]



[1980-01-06 08:00:16]name:     /dev/ubi16_0
[1980-01-06 08:00:16]threshold:90
[1980-01-06 08:00:16]dir:      db
[1980-01-06 08:00:16]dir:      log
[1980-01-06 08:00:16]dir:      logs
[1980-01-06 08:00:16]dir:      configs
[1980-01-06 08:00:16]dir:      mcm-core
[1980-01-06 08:00:16]dir:      psm
[1980-01-06 08:00:16]file:     netmgr_log.txt
[1980-01-06 08:00:16]file:     .rnd
[1980-01-06 08:00:16]



[1980-01-06 08:00:16]name:     /dev/mmcblk0p1
[1980-01-06 08:00:16]threshold:95
[1980-01-06 08:00:16]dir:      db
[1980-01-06 08:00:16]dir:      log
[1980-01-06 08:00:16]



[1980-01-06 08:00:16]name:     tsp
[1980-01-06 08:00:16]source:   0
[1980-01-06 08:00:16]priority: 99
[1980-01-06 08:00:16]type:     0
[1980-01-06 08:00:16]threshold:0
[1980-01-06 08:00:16]time:     0
[1980-01-06 08:00:16]gtimes:   0
[1980-01-06 08:00:16]stimes:   0
[1980-01-06 08:00:16]



[1980-01-06 08:00:16]name:     gb
[1980-01-06 08:00:16]source:   1
[1980-01-06 08:00:16]priority: 98
[1980-01-06 08:00:16]type:     0
[1980-01-06 08:00:16]threshold:0
[1980-01-06 08:00:16]time:     0
[1980-01-06 08:00:16]gtimes:   0
[1980-01-06 08:00:16]stimes:   0
[1980-01-06 08:00:16]



[1980-01-06 08:00:16]name:     gnss
[1980-01-06 08:00:16]source:   2
[1980-01-06 08:00:16]priority: 97
[1980-01-06 08:00:16]type:     1
[1980-01-06 08:00:16]threshold:10
[1980-01-06 08:00:16]time:     0
[1980-01-06 08:00:16]gtimes:   0
[1980-01-06 08:00:16]stimes:   0
[1980-01-06 08:00:16]



[1980-01-06 08:00:16]name:     ntp
[1980-01-06 08:00:16]source:   3
[1980-01-06 08:00:16]priority: 96
[1980-01-06 08:00:16]type:     1
[1980-01-06 08:00:16]threshold:0
[1980-01-06 08:00:16]time:     0
[1980-01-06 08:00:16]gtimes:   0
[1980-01-06 08:00:16]stimes:   0
[1980-01-06 08:00:16]----------------manage_info_t end  ------------------


[1980-01-06 08:00:16]ipc system sucess
[1980-01-06 08:00:16]power loop:0
[1980-01-06 08:00:16]pwrmode_handler->seq:1 mode:1
[1980-01-06 08:00:16]init power sucess
[1980-01-06 08:00:16]init_sleep_timer
[1980-01-06 08:00:16]set sleep time 0
[1980-01-06 08:00:16]Caught signal 34
[1980-01-06 08:00:22]wkup_handler->wkup:0x00000001
[1980-01-06 08:00:30]setTime->source:0:time:1573115391
[1980-01-06 08:00:30]start tsp 1:1980-01-06 08:00:30----315964830:903081:0:0
[2019-11-07 16:29:51]end tsp 1:2019-11-07 16:29:51----1573115391:1226:0:0
[2019-11-07 16:29:51]setTime->source:0:time:1573115374
[2019-11-07 16:29:51]start tsp 2:2019-11-07 16:29:51----1573115391:55562:0:0
[2019-11-07 16:29:34]end tsp 2:2019-11-07 16:29:34----1573115374:50:0:0
[2019-11-07 16:29:34]get time:2019-11-07 16:29:34
[2019-11-07 16:29:38]setTime->source:0:time:1573115378
[2019-11-07 16:29:38]start tsp 3:2019-11-07 16:29:38----1573115378:55065:0:0
[2019-11-07 16:29:38]end tsp 3:2019-11-07 16:29:38----1573115378:53:0:0
[2019-11-07 16:29:38]setTime->source:0:time:1573115395
[2019-11-07 16:29:38]start tsp 4:2019-11-07 16:29:38----1573115378:22518:0:0
[2019-11-07 16:29:55]end tsp 4:2019-11-07 16:29:55----1573115395:52:0:0
[2019-11-07 16:29:55]get time:2019-11-07 16:29:55
[2019-11-07 16:30:07]wkup_handler->wkup:0x00000000
[2019-11-07 16:30:21]get time:2019-11-07 16:30:21
[2019-11-07 16:30:24]get time:2019-11-07 16:30:24
[2019-11-07 16:30:45]get time:2019-11-07 16:30:45
[2019-11-07 16:30:54]get time:2019-11-07 16:30:54
[2019-11-07 16:31:06]get time:2019-11-07 16:31:06
[2019-11-07 16:31:18]get time:2019-11-07 16:31:18
[2019-11-07 16:31:27]get time:2019-11-07 16:31:27
[2019-11-07 16:31:38]get time:2019-11-07 16:31:38
[2019-11-07 16:31:51]get time:2019-11-07 16:31:51
[2019-11-07 16:32:00]get time:2019-11-07 16:32:00
[2019-11-07 16:32:12]get time:2019-11-07 16:32:12
[2019-11-07 16:32:24]get time:2019-11-07 16:32:24
[2019-11-07 16:32:33]get time:2019-11-07 16:32:33
[2019-11-07 16:32:45]get time:2019-11-07 16:32:45
[2019-11-07 16:32:57]get time:2019-11-07 16:32:57
[2019-11-07 16:33:06]get time:2019-11-07 16:33:06
[2019-11-07 16:33:18]get time:2019-11-07 16:33:18
[2019-11-07 16:33:30]get time:2019-11-07 16:33:30
[2019-11-07 16:33:42]get time:2019-11-07 16:33:42
[2019-11-07 16:33:51]get time:2019-11-07 16:33:51
[2019-11-07 16:34:03]get time:2019-11-07 16:34:03
[2019-11-07 16:35:54]carmode_handler->mode:2
[2019-11-07 16:35:55]carmode_handler->mode:1
[2019-11-07 16:39:44]get time:2019-11-07 16:39:44
[2019-11-07 16:42:07]carmode_handler->mode:2
[2019-11-07 16:43:57]carmode_handler->mode:1
[2019-11-07 16:45:52]carmode_handler->mode:2
[2019-11-07 16:46:32]carmode_handler->mode:1
[2019-11-07 16:48:07]carmode_handler->mode:2
[2019-11-07 16:49:33]carmode_handler->mode:1
[2019-11-07 16:49:50]get time:2019-11-07 16:49:50
[2019-11-07 16:53:06]setTime->source:0:time:1573116766
[2019-11-07 16:53:06]start tsp 5:2019-11-07 16:53:06----1573116786:32750:0:0
[2019-11-07 16:52:46]end tsp 5:2019-11-07 16:52:46----1573116766:57:0:0
[2019-11-07 16:52:46]setTime->source:0:time:1573116783
[2019-11-07 16:52:46]start tsp 6:2019-11-07 16:52:46----1573116766:11307:0:0
[2019-11-07 16:53:03]end tsp 6:2019-11-07 16:53:03----1573116783:56:0:0
[2019-11-07 16:53:03]get time:2019-11-07 16:53:03
