[1980-01-06 08:00:16]system-service:Oct 31 2019 14:27:00
[1980-01-06 08:00:16]mcu version:mcu_L_DFSK_F516-19_1.0.1_191031
[1980-01-06 08:00:16]device version:DFSK000100020026
[1980-01-06 08:00:16]project version:0000
[1980-01-06 08:00:16]software version:00000004
[1980-01-06 08:00:16]hardware version:0003
[1980-01-06 08:00:16]----------------manage_info_t start ------------------
[1980-01-06 08:00:16]ntp:  200.20.186.76
[1980-01-06 08:00:16]ntp:  223.65.211.46
[1980-01-06 08:00:16]ntp:  118.24.4.66
[1980-01-06 08:00:16]ntp:  202.108.6.95
[1980-01-06 08:00:16]



[1980-01-06 08:00:16]name:     /dev/ubi16_0
[1980-01-06 08:00:16]threshold:90
[1980-01-06 08:00:16]dir:      db
[1980-01-06 08:00:16]dir:      log
[1980-01-06 08:00:16]dir:      logs
[1980-01-06 08:00:16]dir:      configs
[1980-01-06 08:00:16]dir:      mcm-core
[1980-01-06 08:00:16]dir:      psm
[1980-01-06 08:00:16]file:     netmgr_log.txt
[1980-01-06 08:00:16]file:     .rnd
[1980-01-06 08:00:16]



[1980-01-06 08:00:16]name:     /dev/mmcblk0p1
[1980-01-06 08:00:16]threshold:95
[1980-01-06 08:00:16]dir:      db
[1980-01-06 08:00:16]dir:      log
[1980-01-06 08:00:16]



[1980-01-06 08:00:16]name:     tsp
[1980-01-06 08:00:16]source:   0
[1980-01-06 08:00:16]priority: 99
[1980-01-06 08:00:16]type:     0
[1980-01-06 08:00:16]threshold:0
[1980-01-06 08:00:16]time:     0
[1980-01-06 08:00:16]gtimes:   0
[1980-01-06 08:00:16]stimes:   0
[1980-01-06 08:00:16]



[1980-01-06 08:00:16]name:     gb
[1980-01-06 08:00:16]source:   1
[1980-01-06 08:00:16]priority: 98
[1980-01-06 08:00:16]type:     0
[1980-01-06 08:00:16]threshold:0
[1980-01-06 08:00:16]time:     0
[1980-01-06 08:00:16]gtimes:   0
[1980-01-06 08:00:16]stimes:   0
[1980-01-06 08:00:16]



[1980-01-06 08:00:16]name:     gnss
[1980-01-06 08:00:16]source:   2
[1980-01-06 08:00:16]priority: 97
[1980-01-06 08:00:16]type:     1
[1980-01-06 08:00:16]threshold:10
[1980-01-06 08:00:16]time:     0
[1980-01-06 08:00:16]gtimes:   0
[1980-01-06 08:00:16]stimes:   0
[1980-01-06 08:00:16]



[1980-01-06 08:00:16]name:     ntp
[1980-01-06 08:00:16]source:   3
[1980-01-06 08:00:16]priority: 96
[1980-01-06 08:00:16]type:     1
[1980-01-06 08:00:16]threshold:0
[1980-01-06 08:00:16]time:     0
[1980-01-06 08:00:16]gtimes:   0
[1980-01-06 08:00:16]stimes:   0
[1980-01-06 08:00:16]----------------manage_info_t end  ------------------


[1980-01-06 08:00:16]ipc system sucess
[1980-01-06 08:00:16]power loop:0
[1980-01-06 08:00:16]pwrmode_handler->seq:1 mode:1
[1980-01-06 08:00:16]init power sucess
[1980-01-06 08:00:16]init_sleep_timer
[1980-01-06 08:00:16]set sleep time 0
[1980-01-06 08:00:16]Caught signal 34
[1980-01-06 08:00:22]wkup_handler->wkup:0x00000041
[1980-01-06 08:00:30]setTime->source:0:time:1573127360
[1980-01-06 08:00:30]start tsp 1:1980-01-06 08:00:30----315964830:961118:0:0
[2019-11-07 19:49:20]end tsp 1:2019-11-07 19:49:20----1573127360:1754:0:0
[2019-11-07 19:49:20]get time:2019-11-07 19:49:20
[2019-11-07 19:49:27]setTime->source:0:time:1573127366
[2019-11-07 19:49:27]start tsp 2:2019-11-07 19:49:27----1573127367:60417:0:0
[2019-11-07 19:49:26]end tsp 2:2019-11-07 19:49:26----1573127366:53:0:0
[2019-11-07 19:49:26]get time:2019-11-07 19:49:26
[2019-11-07 19:49:35]wkup_handler->wkup:0x00000040
[2019-11-07 19:54:14]setTime->source:0:time:1573127655
[2019-11-07 19:54:14]start tsp 3:2019-11-07 19:54:14----1573127654:874800:0:0
[2019-11-07 19:54:15]end tsp 3:2019-11-07 19:54:15----1573127655:53:0:0
[2019-11-07 19:54:15]get time:2019-11-07 19:54:15
[2019-11-07 19:55:22]setTime->source:0:time:1573127722
[2019-11-07 19:55:22]start tsp 4:2019-11-07 19:55:22----1573127722:391870:0:0
[2019-11-07 19:55:22]end tsp 4:2019-11-07 19:55:22----1573127722:54:0:0
[2019-11-07 19:55:22]get time:2019-11-07 19:55:22
