[1980-01-06 08:00:16]system-service:Oct 31 2019 14:27:00
[1980-01-06 08:00:16]mcu version:mcu_L_DFSK_F516-19_1.0.1_191031
[1980-01-06 08:00:16]device version:DFSK000100020026
[1980-01-06 08:00:16]project version:0000
[1980-01-06 08:00:16]software version:00000004
[1980-01-06 08:00:16]hardware version:0003
[1980-01-06 08:00:16]----------------manage_info_t start ------------------
[1980-01-06 08:00:16]ntp:  200.20.186.76
[1980-01-06 08:00:16]ntp:  223.65.211.46
[1980-01-06 08:00:16]ntp:  118.24.4.66
[1980-01-06 08:00:16]ntp:  202.108.6.95
[1980-01-06 08:00:16]



[1980-01-06 08:00:16]name:     /dev/ubi16_0
[1980-01-06 08:00:16]threshold:90
[1980-01-06 08:00:16]dir:      db
[1980-01-06 08:00:16]dir:      log
[1980-01-06 08:00:16]dir:      logs
[1980-01-06 08:00:16]dir:      configs
[1980-01-06 08:00:16]dir:      mcm-core
[1980-01-06 08:00:16]dir:      psm
[1980-01-06 08:00:16]file:     netmgr_log.txt
[1980-01-06 08:00:16]file:     .rnd
[1980-01-06 08:00:16]



[1980-01-06 08:00:16]name:     /dev/mmcblk0p1
[1980-01-06 08:00:16]threshold:95
[1980-01-06 08:00:16]dir:      db
[1980-01-06 08:00:16]dir:      log
[1980-01-06 08:00:16]



[1980-01-06 08:00:16]name:     tsp
[1980-01-06 08:00:16]source:   0
[1980-01-06 08:00:16]priority: 99
[1980-01-06 08:00:16]type:     0
[1980-01-06 08:00:16]threshold:0
[1980-01-06 08:00:16]time:     0
[1980-01-06 08:00:16]gtimes:   0
[1980-01-06 08:00:16]stimes:   0
[1980-01-06 08:00:16]



[1980-01-06 08:00:16]name:     gb
[1980-01-06 08:00:16]source:   1
[1980-01-06 08:00:16]priority: 98
[1980-01-06 08:00:16]type:     0
[1980-01-06 08:00:16]threshold:0
[1980-01-06 08:00:16]time:     0
[1980-01-06 08:00:16]gtimes:   0
[1980-01-06 08:00:16]stimes:   0
[1980-01-06 08:00:16]



[1980-01-06 08:00:16]name:     gnss
[1980-01-06 08:00:16]source:   2
[1980-01-06 08:00:16]priority: 97
[1980-01-06 08:00:16]type:     1
[1980-01-06 08:00:16]threshold:10
[1980-01-06 08:00:16]time:     0
[1980-01-06 08:00:16]gtimes:   0
[1980-01-06 08:00:16]stimes:   0
[1980-01-06 08:00:16]



[1980-01-06 08:00:16]name:     ntp
[1980-01-06 08:00:16]source:   3
[1980-01-06 08:00:16]priority: 96
[1980-01-06 08:00:16]type:     1
[1980-01-06 08:00:16]threshold:0
[1980-01-06 08:00:16]time:     0
[1980-01-06 08:00:16]gtimes:   0
[1980-01-06 08:00:16]stimes:   0
[1980-01-06 08:00:16]----------------manage_info_t end  ------------------


[1980-01-06 08:00:16]ipc system sucess
[1980-01-06 08:00:16]power loop:0
[1980-01-06 08:00:16]pwrmode_handler->seq:1 mode:1
[1980-01-06 08:00:16]init power sucess
[1980-01-06 08:00:16]init_sleep_timer
[1980-01-06 08:00:16]set sleep time 0
[1980-01-06 08:00:16]Caught signal 34
[1980-01-06 08:00:22]wkup_handler->wkup:0x00000001
[1980-01-06 08:00:31]setTime->source:0:time:1573127881
[1980-01-06 08:00:31]start tsp 1:1980-01-06 08:00:31----315964831:184727:0:0
[2019-11-07 19:58:01]end tsp 1:2019-11-07 19:58:01----1573127881:1665:0:0
[2019-11-07 19:58:05]setTime->source:0:time:1573117418
[2019-11-07 19:58:05]start tsp 2:2019-11-07 19:58:05----1573127885:66105:0:0
[2019-11-07 17:03:38]end tsp 2:2019-11-07 17:03:38----1573117418:55:0:0
[2019-11-07 17:03:38]setTime->source:0:time:1573117435
[2019-11-07 17:03:38]start tsp 3:2019-11-07 17:03:38----1573117418:16119:0:0
[2019-11-07 17:03:55]end tsp 3:2019-11-07 17:03:55----1573117435:51:0:0
[2019-11-07 17:04:07]wkup_handler->wkup:0x00000000
[2019-11-07 17:04:21]wkup_handler->wkup:0x00000040
[2019-11-07 17:04:21]get time:2019-11-07 17:04:21
[2019-11-07 17:10:38]setTime->source:0:time:1573117836
[2019-11-07 17:10:38]start tsp 4:2019-11-07 17:10:38----1573117838:86261:0:0
[2019-11-07 17:10:36]end tsp 4:2019-11-07 17:10:36----1573117836:55:0:0
[2019-11-07 17:10:36]setTime->source:0:time:1573117819
[2019-11-07 17:10:36]start tsp 5:2019-11-07 17:10:36----1573117836:14636:0:0
[2019-11-07 17:10:19]end tsp 5:2019-11-07 17:10:19----1573117819:57:0:0
[2019-11-07 17:10:19]get time:2019-11-07 17:10:19
[2019-11-07 17:13:25]get time:2019-11-07 17:13:25
[2019-11-07 17:15:21]setTime->source:0:time:1573118120
[2019-11-07 17:15:21]start tsp 6:2019-11-07 17:15:21----1573118121:611974:0:0
[2019-11-07 17:15:20]end tsp 6:2019-11-07 17:15:20----1573118120:60:0:0
[2019-11-07 17:15:20]setTime->source:0:time:1573118137
[2019-11-07 17:15:20]start tsp 7:2019-11-07 17:15:20----1573118120:10669:0:0
[2019-11-07 17:15:37]end tsp 7:2019-11-07 17:15:37----1573118137:54:0:0
[2019-11-07 17:15:37]get time:2019-11-07 17:15:37
[2019-11-07 17:16:41]pwrmode_handler->seq:2 mode:2
[2019-11-07 17:16:42]goto standby
[2019-11-07 17:16:42]wkup_handler->wkup:0x00000000
[2019-11-07 17:16:43]pwrmode_handler->seq:3 mode:3
[2019-11-07 17:16:58]carmode_handler->mode:2
[2019-11-07 17:16:59]pwrmode_handler->seq:4 mode:1
[2019-11-07 17:16:59]goto wakeup
[2019-11-07 17:17:00]get time:2019-11-07 17:17:00
[2019-11-07 17:17:02]setTime->source:0:time:1573118223
[2019-11-07 17:17:02]start tsp 1:2019-11-07 17:17:02----1573118222:159408:0:0
[2019-11-07 17:17:03]end tsp 1:2019-11-07 17:17:03----1573118223:51:0:0
[2019-11-07 17:17:03]setTime->source:0:time:1573118206
[2019-11-07 17:17:03]start tsp 2:2019-11-07 17:17:03----1573118223:11492:0:0
[2019-11-07 17:16:46]end tsp 2:2019-11-07 17:16:46----1573118206:52:0:0
[2019-11-07 17:16:46]get time:2019-11-07 17:16:46
[2019-11-07 17:17:01]pwrmode_handler->seq:5 mode:2
[2019-11-07 17:17:02]goto standby
[2019-11-07 17:17:04]pwrmode_handler->seq:6 mode:3
[2019-11-07 17:17:36]pwrmode_handler->seq:7 mode:1
[2019-11-07 17:17:36]goto wakeup
[2019-11-07 17:17:37]get time:2019-11-07 17:17:37
[2019-11-07 17:17:38]get time:2019-11-07 17:17:38
[2019-11-07 17:17:40]setTime->source:0:time:1573118260
[2019-11-07 17:17:40]start tsp 1:2019-11-07 17:17:40----1573118260:317498:0:0
[2019-11-07 17:17:40]end tsp 1:2019-11-07 17:17:40----1573118260:51:0:0
[2019-11-07 17:17:40]setTime->source:0:time:1573118277
[2019-11-07 17:17:40]start tsp 2:2019-11-07 17:17:40----1573118260:11653:0:0
[2019-11-07 17:17:57]end tsp 2:2019-11-07 17:17:57----1573118277:187:0:0
[2019-11-07 17:17:57]get time:2019-11-07 17:17:57
[2019-11-07 17:18:31]get time:2019-11-07 17:18:31
[2019-11-07 17:21:10]carmode_handler->mode:1
[2019-11-07 17:22:58]setTime->source:0:time:1573118560
[2019-11-07 17:22:58]start tsp 3:2019-11-07 17:22:58----1573118578:316889:0:0
[2019-11-07 17:22:40]end tsp 3:2019-11-07 17:22:40----1573118560:56:0:0
[2019-11-07 17:22:40]setTime->source:0:time:1573118577
[2019-11-07 17:22:40]start tsp 4:2019-11-07 17:22:40----1573118560:10865:0:0
[2019-11-07 17:22:57]end tsp 4:2019-11-07 17:22:57----1573118577:59:0:0
[2019-11-07 17:22:57]get time:2019-11-07 17:22:57
[2019-11-07 17:24:39]get time:2019-11-07 17:24:39
[2019-11-07 17:25:53]setTime->source:0:time:1573118737
[2019-11-07 17:25:53]start tsp 5:2019-11-07 17:25:53----1573118753:564740:0:0
[2019-11-07 17:25:37]end tsp 5:2019-11-07 17:25:37----1573118737:55:0:0
[2019-11-07 17:25:37]setTime->source:0:time:1573118753
[2019-11-07 17:25:37]start tsp 6:2019-11-07 17:25:37----1573118737:10594:0:0
[2019-11-07 17:25:53]end tsp 6:2019-11-07 17:25:53----1573118753:56:0:0
[2019-11-07 17:25:53]get time:2019-11-07 17:25:53
