[1980-01-06 08:00:15]system-service:Oct 31 2019 14:27:00
[1980-01-06 08:00:15]mcu version:mcu_L_DFSK_F516-19_1.0.1_191031
[1980-01-06 08:00:15]device version:DFSK000100020026
[1980-01-06 08:00:15]project version:0000
[1980-01-06 08:00:15]software version:00000004
[1980-01-06 08:00:15]hardware version:0003
[1980-01-06 08:00:15]----------------manage_info_t start ------------------
[1980-01-06 08:00:15]ntp:  200.20.186.76
[1980-01-06 08:00:15]ntp:  223.65.211.46
[1980-01-06 08:00:15]ntp:  118.24.4.66
[1980-01-06 08:00:15]ntp:  202.108.6.95
[1980-01-06 08:00:15]



[1980-01-06 08:00:15]name:     /dev/ubi16_0
[1980-01-06 08:00:15]threshold:90
[1980-01-06 08:00:15]dir:      db
[1980-01-06 08:00:15]dir:      log
[1980-01-06 08:00:15]dir:      logs
[1980-01-06 08:00:15]dir:      configs
[1980-01-06 08:00:15]dir:      mcm-core
[1980-01-06 08:00:15]dir:      psm
[1980-01-06 08:00:15]file:     netmgr_log.txt
[1980-01-06 08:00:15]file:     .rnd
[1980-01-06 08:00:15]



[1980-01-06 08:00:15]name:     /dev/mmcblk0p1
[1980-01-06 08:00:15]threshold:95
[1980-01-06 08:00:15]dir:      db
[1980-01-06 08:00:15]dir:      log
[1980-01-06 08:00:15]



[1980-01-06 08:00:15]name:     tsp
[1980-01-06 08:00:15]source:   0
[1980-01-06 08:00:15]priority: 99
[1980-01-06 08:00:15]type:     0
[1980-01-06 08:00:15]threshold:0
[1980-01-06 08:00:15]time:     0
[1980-01-06 08:00:15]gtimes:   0
[1980-01-06 08:00:15]stimes:   0
[1980-01-06 08:00:15]



[1980-01-06 08:00:15]name:     gb
[1980-01-06 08:00:15]source:   1
[1980-01-06 08:00:15]priority: 98
[1980-01-06 08:00:15]type:     0
[1980-01-06 08:00:15]threshold:0
[1980-01-06 08:00:15]time:     0
[1980-01-06 08:00:15]gtimes:   0
[1980-01-06 08:00:15]stimes:   0
[1980-01-06 08:00:15]



[1980-01-06 08:00:15]name:     gnss
[1980-01-06 08:00:15]source:   2
[1980-01-06 08:00:15]priority: 97
[1980-01-06 08:00:15]type:     1
[1980-01-06 08:00:15]threshold:10
[1980-01-06 08:00:15]time:     0
[1980-01-06 08:00:15]gtimes:   0
[1980-01-06 08:00:15]stimes:   0
[1980-01-06 08:00:15]



[1980-01-06 08:00:15]name:     ntp
[1980-01-06 08:00:15]source:   3
[1980-01-06 08:00:15]priority: 96
[1980-01-06 08:00:15]type:     1
[1980-01-06 08:00:15]threshold:0
[1980-01-06 08:00:15]time:     0
[1980-01-06 08:00:15]gtimes:   0
[1980-01-06 08:00:15]stimes:   0
[1980-01-06 08:00:15]----------------manage_info_t end  ------------------


[1980-01-06 08:00:15]ipc system sucess
[1980-01-06 08:00:15]power loop:0
[1980-01-06 08:00:15]pwrmode_handler->seq:1 mode:1
[1980-01-06 08:00:15]init power sucess
[1980-01-06 08:00:15]init_sleep_timer
[1980-01-06 08:00:15]set sleep time 0
[1980-01-06 08:00:15]Caught signal 34
[1980-01-06 08:00:22]wkup_handler->wkup:0x00000001
[1980-01-06 08:00:30]setTime->source:0:time:1573169881
[1980-01-06 08:00:30]start tsp 1:1980-01-06 08:00:30----315964830:376574:0:0
[2019-11-08 07:38:01]end tsp 1:2019-11-08 07:38:01----1573169881:1654:0:0
[2019-11-08 07:38:01]setTime->source:0:time:1573169898
[2019-11-08 07:38:01]start tsp 2:2019-11-08 07:38:01----1573169881:26424:0:0
[2019-11-08 07:38:18]end tsp 2:2019-11-08 07:38:18----1573169898:51:0:0
[2019-11-08 07:38:18]get time:2019-11-08 07:38:18
[2019-11-08 07:38:28]setTime->source:0:time:1573169891
[2019-11-08 07:38:28]start tsp 3:2019-11-08 07:38:28----1573169908:26750:0:0
[2019-11-08 07:38:11]end tsp 3:2019-11-08 07:38:11----1573169891:58:0:0
[2019-11-08 07:38:11]setTime->source:0:time:1573169908
[2019-11-08 07:38:11]start tsp 4:2019-11-08 07:38:11----1573169891:14609:0:0
[2019-11-08 07:38:28]end tsp 4:2019-11-08 07:38:28----1573169908:52:0:0
[2019-11-08 07:38:28]get time:2019-11-08 07:38:28
[2019-11-08 07:38:34]wkup_handler->wkup:0x00000000
[2019-11-08 07:38:36]get time:2019-11-08 07:38:36
[2019-11-08 07:38:39]get time:2019-11-08 07:38:39
[2019-11-08 07:38:53]pwrmode_handler->seq:2 mode:2
[2019-11-08 07:38:54]goto standby
[2019-11-08 07:38:55]pwrmode_handler->seq:3 mode:3
[2019-11-08 07:40:04]pwrmode_handler->seq:4 mode:1
[2019-11-08 07:40:04]goto wakeup
[2019-11-08 07:40:05]get time:2019-11-08 07:40:05
[2019-11-08 07:40:06]get time:2019-11-08 07:40:06
[2019-11-08 07:40:06]setTime->source:0:time:1573170007
[2019-11-08 07:40:06]start tsp 1:2019-11-08 07:40:06----1573170006:886270:0:0
[2019-11-08 07:40:07]end tsp 1:2019-11-08 07:40:07----1573170007:49:0:0
[2019-11-08 07:40:07]setTime->source:0:time:1573169990
[2019-11-08 07:40:07]start tsp 2:2019-11-08 07:40:07----1573170007:11235:0:0
[2019-11-08 07:39:50]end tsp 2:2019-11-08 07:39:50----1573169990:51:0:0
[2019-11-08 07:39:50]get time:2019-11-08 07:39:50
[2019-11-08 07:43:01]carmode_handler->mode:1
[2019-11-08 07:43:19]carmode_handler->mode:2
[2019-11-08 07:44:52]carmode_handler->mode:1
