[1980-01-06 08:00:39]process-service:Sep 18 2019 09:57:10
[1980-01-06 08:00:39]name:logcat
[1980-01-06 08:00:39]pos:0
[1980-01-06 08:00:39]mute:1
[1980-01-06 08:00:39]binary:logcat.sh
[1980-01-06 08:00:39]argument:(null)
[1980-01-06 08:00:39]cpulimit:0
[1980-01-06 08:00:39]execv[0]:logcat.sh
[1980-01-06 08:00:39]delay:0
[1980-01-06 08:00:39]type:2
[1980-01-06 08:00:39]state:0
[1980-01-06 08:00:39]pid:0
[1980-01-06 08:00:39]etimes:0
[1980-01-06 08:00:39]stimes:0
[1980-01-06 08:00:39]



[1980-01-06 08:00:39]name:aconf-service
[1980-01-06 08:00:39]pos:1
[1980-01-06 08:00:39]mute:1
[1980-01-06 08:00:39]binary:aconf-service
[1980-01-06 08:00:39]argument:(null)
[1980-01-06 08:00:39]cpulimit:0
[1980-01-06 08:00:39]execv[0]:aconf-service
[1980-01-06 08:00:39]delay:0
[1980-01-06 08:00:39]type:1
[1980-01-06 08:00:39]state:0
[1980-01-06 08:00:39]pid:0
[1980-01-06 08:00:39]etimes:0
[1980-01-06 08:00:39]stimes:0
[1980-01-06 08:00:39]



[1980-01-06 08:00:39]name:mcu-service
[1980-01-06 08:00:39]pos:2
[1980-01-06 08:00:39]mute:1
[1980-01-06 08:00:39]binary:mcu-service
[1980-01-06 08:00:39]argument:(null)
[1980-01-06 08:00:39]cpulimit:0
[1980-01-06 08:00:39]execv[0]:mcu-service
[1980-01-06 08:00:39]delay:0
[1980-01-06 08:00:39]type:1
[1980-01-06 08:00:39]state:0
[1980-01-06 08:00:39]pid:0
[1980-01-06 08:00:39]etimes:0
[1980-01-06 08:00:39]stimes:0
[1980-01-06 08:00:39]



[1980-01-06 08:00:39]name:update-mcu
[1980-01-06 08:00:39]pos:3
[1980-01-06 08:00:39]mute:1
[1980-01-06 08:00:39]binary:update-mcu
[1980-01-06 08:00:39]argument:(null)
[1980-01-06 08:00:39]cpulimit:0
[1980-01-06 08:00:39]execv[0]:update-mcu
[1980-01-06 08:00:39]delay:0
[1980-01-06 08:00:39]type:3
[1980-01-06 08:00:39]state:0
[1980-01-06 08:00:39]pid:0
[1980-01-06 08:00:39]etimes:0
[1980-01-06 08:00:39]stimes:0
[1980-01-06 08:00:39]



[1980-01-06 08:00:39]name:data-service
[1980-01-06 08:00:39]pos:4
[1980-01-06 08:00:39]mute:1
[1980-01-06 08:00:39]binary:data-service
[1980-01-06 08:00:39]argument:(null)
[1980-01-06 08:00:39]cpulimit:0
[1980-01-06 08:00:39]execv[0]:data-service
[1980-01-06 08:00:39]delay:0
[1980-01-06 08:00:39]type:0
[1980-01-06 08:00:39]state:0
[1980-01-06 08:00:39]pid:0
[1980-01-06 08:00:39]etimes:0
[1980-01-06 08:00:39]stimes:0
[1980-01-06 08:00:39]



[1980-01-06 08:00:39]name:power-service
[1980-01-06 08:00:39]pos:5
[1980-01-06 08:00:39]mute:1
[1980-01-06 08:00:39]binary:power-service
[1980-01-06 08:00:39]argument:(null)
[1980-01-06 08:00:39]cpulimit:0
[1980-01-06 08:00:39]execv[0]:power-service
[1980-01-06 08:00:39]delay:3
[1980-01-06 08:00:39]type:1
[1980-01-06 08:00:39]state:0
[1980-01-06 08:00:39]pid:0
[1980-01-06 08:00:39]etimes:0
[1980-01-06 08:00:39]stimes:0
[1980-01-06 08:00:39]



[1980-01-06 08:00:39]name:check-mmc
[1980-01-06 08:00:39]pos:6
[1980-01-06 08:00:39]mute:1
[1980-01-06 08:00:39]binary:check-mmc-partition
[1980-01-06 08:00:39]argument:(null)
[1980-01-06 08:00:39]cpulimit:0
[1980-01-06 08:00:39]execv[0]:check-mmc-partition
[1980-01-06 08:00:39]delay:0
[1980-01-06 08:00:39]type:3
[1980-01-06 08:00:39]state:0
[1980-01-06 08:00:39]pid:0
[1980-01-06 08:00:39]etimes:0
[1980-01-06 08:00:39]stimes:0
[1980-01-06 08:00:39]



[1980-01-06 08:00:39]name:system-service
[1980-01-06 08:00:39]pos:7
[1980-01-06 08:00:39]mute:1
[1980-01-06 08:00:39]binary:system-service
[1980-01-06 08:00:39]argument:(null)
[1980-01-06 08:00:39]cpulimit:0
[1980-01-06 08:00:39]execv[0]:system-service
[1980-01-06 08:00:39]delay:5
[1980-01-06 08:00:39]type:0
[1980-01-06 08:00:39]state:0
[1980-01-06 08:00:39]pid:0
[1980-01-06 08:00:39]etimes:0
[1980-01-06 08:00:39]stimes:0
[1980-01-06 08:00:39]



[1980-01-06 08:00:39]name:monitor-service
[1980-01-06 08:00:39]pos:8
[1980-01-06 08:00:39]mute:1
[1980-01-06 08:00:39]binary:monitor-service
[1980-01-06 08:00:39]argument:(null)
[1980-01-06 08:00:39]cpulimit:0
[1980-01-06 08:00:39]execv[0]:monitor-service
[1980-01-06 08:00:39]execv[1]:-c
[1980-01-06 08:00:39]execv[2]:-s
[1980-01-06 08:00:39]execv[3]:5
[1980-01-06 08:00:39]execv[4]:-m
[1980-01-06 08:00:39]execv[5]:5
[1980-01-06 08:00:39]execv[6]:-p
[1980-01-06 08:00:39]execv[7]:/vendor/log
[1980-01-06 08:00:39]delay:5
[1980-01-06 08:00:39]type:0
[1980-01-06 08:00:39]state:0
[1980-01-06 08:00:39]pid:0
[1980-01-06 08:00:39]etimes:0
[1980-01-06 08:00:39]stimes:0
[1980-01-06 08:00:39]



[1980-01-06 08:00:39]name:gnss-service
[1980-01-06 08:00:39]pos:9
[1980-01-06 08:00:39]mute:1
[1980-01-06 08:00:39]binary:gnss-service
[1980-01-06 08:00:39]argument:(null)
[1980-01-06 08:00:39]cpulimit:0
[1980-01-06 08:00:39]execv[0]:gnss-service
[1980-01-06 08:00:39]delay:6
[1980-01-06 08:00:39]required:QCMAP_ConnectionManager state:0
[1980-01-06 08:00:39]required:qti state:0
[1980-01-06 08:00:39]required:mcm_ril_service state:0
[1980-01-06 08:00:39]required:mcmlocserver state:0
[1980-01-06 08:00:39]type:0
[1980-01-06 08:00:39]state:0
[1980-01-06 08:00:39]pid:0
[1980-01-06 08:00:39]etimes:0
[1980-01-06 08:00:39]stimes:0
[1980-01-06 08:00:39]



[1980-01-06 08:00:39]name:modem-service
[1980-01-06 08:00:39]pos:10
[1980-01-06 08:00:39]mute:1
[1980-01-06 08:00:39]binary:modem-service
[1980-01-06 08:00:39]argument:(null)
[1980-01-06 08:00:39]cpulimit:0
[1980-01-06 08:00:39]execv[0]:modem-service
[1980-01-06 08:00:39]delay:6
[1980-01-06 08:00:39]required:QCMAP_ConnectionManager state:0
[1980-01-06 08:00:39]required:qti state:0
[1980-01-06 08:00:39]required:mcm_ril_service state:0
[1980-01-06 08:00:39]required:mcm_data_srv state:0
[1980-01-06 08:00:39]required:MCM_atcop_svc state:0
[1980-01-06 08:00:39]type:0
[1980-01-06 08:00:39]state:0
[1980-01-06 08:00:39]pid:0
[1980-01-06 08:00:39]etimes:0
[1980-01-06 08:00:39]stimes:0
[1980-01-06 08:00:39]



[1980-01-06 08:00:39]name:mfg-service
[1980-01-06 08:00:39]pos:11
[1980-01-06 08:00:39]mute:1
[1980-01-06 08:00:39]binary:mfg-service
[1980-01-06 08:00:39]argument:(null)
[1980-01-06 08:00:39]cpulimit:0
[1980-01-06 08:00:39]mode:mfg
[1980-01-06 08:00:39]execv[0]:mfg-service
[1980-01-06 08:00:39]delay:0
[1980-01-06 08:00:39]required:modem-service state:0
[1980-01-06 08:00:39]type:0
[1980-01-06 08:00:39]state:0
[1980-01-06 08:00:39]pid:0
[1980-01-06 08:00:39]etimes:0
[1980-01-06 08:00:39]stimes:0
[1980-01-06 08:00:39]



[1980-01-06 08:00:39]name:alarm-service
[1980-01-06 08:00:39]pos:12
[1980-01-06 08:00:39]mute:1
[1980-01-06 08:00:39]binary:alarm-service
[1980-01-06 08:00:39]argument:(null)
[1980-01-06 08:00:39]cpulimit:0
[1980-01-06 08:00:39]mode:activated
[1980-01-06 08:00:39]mode:unkown
[1980-01-06 08:00:39]execv[0]:alarm-service
[1980-01-06 08:00:39]delay:5
[1980-01-06 08:00:39]type:0
[1980-01-06 08:00:39]state:0
[1980-01-06 08:00:39]pid:0
[1980-01-06 08:00:39]etimes:0
[1980-01-06 08:00:39]stimes:0
[1980-01-06 08:00:39]



[1980-01-06 08:00:39]name:remote-service
[1980-01-06 08:00:39]pos:13
[1980-01-06 08:00:39]mute:1
[1980-01-06 08:00:39]binary:remote-service
[1980-01-06 08:00:39]argument:(null)
[1980-01-06 08:00:39]cpulimit:0
[1980-01-06 08:00:39]mode:activated
[1980-01-06 08:00:39]mode:unkown
[1980-01-06 08:00:39]execv[0]:remote-service
[1980-01-06 08:00:39]delay:0
[1980-01-06 08:00:39]type:0
[1980-01-06 08:00:39]state:0
[1980-01-06 08:00:39]pid:0
[1980-01-06 08:00:39]etimes:0
[1980-01-06 08:00:39]stimes:0
[1980-01-06 08:00:39]



[1980-01-06 08:00:39]name:rescue-service
[1980-01-06 08:00:39]pos:14
[1980-01-06 08:00:39]mute:1
[1980-01-06 08:00:39]binary:rescue-service
[1980-01-06 08:00:39]argument:(null)
[1980-01-06 08:00:39]cpulimit:0
[1980-01-06 08:00:39]mode:activated
[1980-01-06 08:00:39]mode:unkown
[1980-01-06 08:00:39]execv[0]:rescue-service
[1980-01-06 08:00:39]delay:10
[1980-01-06 08:00:39]required:modem-service state:0
[1980-01-06 08:00:39]type:0
[1980-01-06 08:00:39]state:0
[1980-01-06 08:00:39]pid:0
[1980-01-06 08:00:39]etimes:0
[1980-01-06 08:00:39]stimes:0
[1980-01-06 08:00:39]



[1980-01-06 08:00:39]name:tsp-service-gw
[1980-01-06 08:00:39]pos:15
[1980-01-06 08:00:39]mute:1
[1980-01-06 08:00:39]binary:tsp-service-gw
[1980-01-06 08:00:39]argument:(null)
[1980-01-06 08:00:39]cpulimit:0
[1980-01-06 08:00:39]mode:activated
[1980-01-06 08:00:39]mode:unkown
[1980-01-06 08:00:39]execv[0]:tsp-service-gw
[1980-01-06 08:00:39]delay:10
[1980-01-06 08:00:39]required:modem-service state:0
[1980-01-06 08:00:39]type:0
[1980-01-06 08:00:39]state:0
[1980-01-06 08:00:39]pid:0
[1980-01-06 08:00:39]etimes:0
[1980-01-06 08:00:39]stimes:0
[1980-01-06 08:00:39]



[1980-01-06 08:00:39]name:net_state
[1980-01-06 08:00:39]pos:16
[1980-01-06 08:00:39]mute:1
[1980-01-06 08:00:39]binary:net_state.sh
[1980-01-06 08:00:39]argument:(null)
[1980-01-06 08:00:39]cpulimit:0
[1980-01-06 08:00:39]execv[0]:net_state.sh
[1980-01-06 08:00:39]delay:10
[1980-01-06 08:00:39]required:modem-service state:0
[1980-01-06 08:00:39]type:0
[1980-01-06 08:00:39]state:0
[1980-01-06 08:00:39]pid:0
[1980-01-06 08:00:39]etimes:0
[1980-01-06 08:00:39]stimes:0
[1980-01-06 08:00:39]



[1980-01-06 08:00:39]name:test_tbox
[1980-01-06 08:00:39]pos:17
[1980-01-06 08:00:39]mute:1
[1980-01-06 08:00:39]binary:test_tbox.sh
[1980-01-06 08:00:39]argument:(null)
[1980-01-06 08:00:39]cpulimit:0
[1980-01-06 08:00:39]execv[0]:test_tbox.sh
[1980-01-06 08:00:39]delay:10
[1980-01-06 08:00:39]type:2
[1980-01-06 08:00:39]state:0
[1980-01-06 08:00:39]pid:0
[1980-01-06 08:00:39]etimes:0
[1980-01-06 08:00:39]stimes:0
[1980-01-06 08:00:39]



[1980-01-06 08:00:39]ret:1, ipc init sucess
[1980-01-06 08:00:40]logcat.sh starting
[1980-01-06 08:00:40]name:logcat
[1980-01-06 08:00:40]pos:0
[1980-01-06 08:00:40]mute:1
[1980-01-06 08:00:40]binary:logcat.sh
[1980-01-06 08:00:40]argument:(null)
[1980-01-06 08:00:40]cpulimit:0
[1980-01-06 08:00:40]execv[0]:logcat.sh
[1980-01-06 08:00:40]delay:0
[1980-01-06 08:00:40]type:2
[1980-01-06 08:00:40]state:3
[1980-01-06 08:00:40]pid:1465
[1980-01-06 08:00:40]etimes:0
[1980-01-06 08:00:40]stimes:1
[1980-01-06 08:00:40]



[1980-01-06 08:00:40]sigchld_handler:17
[1980-01-06 08:00:40]aconf-service starting
[1980-01-06 08:00:40]name:aconf-service
[1980-01-06 08:00:40]pos:1
[1980-01-06 08:00:40]mute:1
[1980-01-06 08:00:40]binary:aconf-service
[1980-01-06 08:00:40]argument:(null)
[1980-01-06 08:00:40]cpulimit:0
[1980-01-06 08:00:40]execv[0]:aconf-service
[1980-01-06 08:00:40]delay:0
[1980-01-06 08:00:40]type:1
[1980-01-06 08:00:40]state:3
[1980-01-06 08:00:40]pid:1488
[1980-01-06 08:00:40]etimes:0
[1980-01-06 08:00:40]stimes:1
[1980-01-06 08:00:40]



[1980-01-06 08:00:40]mcu-service starting
[1980-01-06 08:00:40]name:mcu-service
[1980-01-06 08:00:40]pos:2
[1980-01-06 08:00:40]mute:1
[1980-01-06 08:00:40]binary:mcu-service
[1980-01-06 08:00:40]argument:(null)
[1980-01-06 08:00:40]cpulimit:0
[1980-01-06 08:00:40]execv[0]:mcu-service
[1980-01-06 08:00:40]delay:0
[1980-01-06 08:00:40]type:1
[1980-01-06 08:00:40]state:3
[1980-01-06 08:00:40]pid:1507
[1980-01-06 08:00:40]etimes:0
[1980-01-06 08:00:40]stimes:1
[1980-01-06 08:00:40]



[1980-01-06 08:00:41]update-mcu starting
[1980-01-06 08:00:41]name:update-mcu
[1980-01-06 08:00:41]pos:3
[1980-01-06 08:00:41]mute:1
[1980-01-06 08:00:41]binary:update-mcu
[1980-01-06 08:00:41]argument:(null)
[1980-01-06 08:00:41]cpulimit:0
[1980-01-06 08:00:41]execv[0]:update-mcu
[1980-01-06 08:00:41]delay:0
[1980-01-06 08:00:41]type:3
[1980-01-06 08:00:41]state:3
[1980-01-06 08:00:41]pid:1508
[1980-01-06 08:00:41]etimes:0
[1980-01-06 08:00:41]stimes:1
[1980-01-06 08:00:41]



[1980-01-06 08:00:42]sigchld_handler:17
[1980-01-06 08:00:42]chld pid:1465
[1980-01-06 08:00:42]match chld:logcat
[1980-01-06 08:00:42]chld pid:1508
[1980-01-06 08:00:42]match chld:update-mcu
[1980-01-06 08:00:44]data-service starting
[1980-01-06 08:00:44]name:data-service
[1980-01-06 08:00:44]pos:4
[1980-01-06 08:00:44]mute:1
[1980-01-06 08:00:44]binary:data-service
[1980-01-06 08:00:44]argument:(null)
[1980-01-06 08:00:44]cpulimit:0
[1980-01-06 08:00:44]execv[0]:data-service
[1980-01-06 08:00:44]delay:0
[1980-01-06 08:00:44]type:0
[1980-01-06 08:00:44]state:3
[1980-01-06 08:00:44]pid:1541
[1980-01-06 08:00:44]etimes:0
[1980-01-06 08:00:44]stimes:1
[1980-01-06 08:00:44]



[1980-01-06 08:00:44]power-service starting
[1980-01-06 08:00:44]name:power-service
[1980-01-06 08:00:44]pos:5
[1980-01-06 08:00:44]mute:1
[1980-01-06 08:00:44]binary:power-service
[1980-01-06 08:00:44]argument:(null)
[1980-01-06 08:00:44]cpulimit:0
[1980-01-06 08:00:44]execv[0]:power-service
[1980-01-06 08:00:44]delay:0
[1980-01-06 08:00:44]type:1
[1980-01-06 08:00:44]state:3
[1980-01-06 08:00:44]pid:1542
[1980-01-06 08:00:44]etimes:0
[1980-01-06 08:00:44]stimes:1
[1980-01-06 08:00:44]



[1980-01-06 08:00:44]check-mmc-partition starting
[1980-01-06 08:00:44]name:check-mmc
[1980-01-06 08:00:44]pos:6
[1980-01-06 08:00:44]mute:1
[1980-01-06 08:00:44]binary:check-mmc-partition
[1980-01-06 08:00:44]argument:(null)
[1980-01-06 08:00:44]cpulimit:0
[1980-01-06 08:00:44]execv[0]:check-mmc-partition
[1980-01-06 08:00:44]delay:0
[1980-01-06 08:00:44]type:3
[1980-01-06 08:00:44]state:3
[1980-01-06 08:00:44]pid:1544
[1980-01-06 08:00:44]etimes:0
[1980-01-06 08:00:44]stimes:1
[1980-01-06 08:00:44]



[1980-01-06 08:00:44]sigchld_handler:17
[1980-01-06 08:00:45]chld pid:1544
[1980-01-06 08:00:45]match chld:check-mmc
[1980-01-06 08:00:47]system-service starting
[1980-01-06 08:00:47]name:system-service
[1980-01-06 08:00:47]pos:7
[1980-01-06 08:00:47]mute:1
[1980-01-06 08:00:47]binary:system-service
[1980-01-06 08:00:47]argument:(null)
[1980-01-06 08:00:47]cpulimit:0
[1980-01-06 08:00:47]execv[0]:system-service
[1980-01-06 08:00:47]delay:0
[1980-01-06 08:00:47]type:0
[1980-01-06 08:00:47]state:3
[1980-01-06 08:00:47]pid:1599
[1980-01-06 08:00:47]etimes:0
[1980-01-06 08:00:47]stimes:1
[1980-01-06 08:00:47]



[1980-01-06 08:00:48]monitor-service starting
[1980-01-06 08:00:48]name:monitor-service
[1980-01-06 08:00:48]pos:8
[1980-01-06 08:00:48]mute:1
[1980-01-06 08:00:48]binary:monitor-service
[1980-01-06 08:00:48]argument:(null)
[1980-01-06 08:00:48]cpulimit:0
[1980-01-06 08:00:48]execv[0]:monitor-service
[1980-01-06 08:00:48]execv[1]:-c
[1980-01-06 08:00:48]execv[2]:-s
[1980-01-06 08:00:48]execv[3]:5
[1980-01-06 08:00:48]execv[4]:-m
[1980-01-06 08:00:48]execv[5]:5
[1980-01-06 08:00:48]execv[6]:-p
[1980-01-06 08:00:48]execv[7]:/vendor/log
[1980-01-06 08:00:48]delay:0
[1980-01-06 08:00:48]type:0
[1980-01-06 08:00:48]state:3
[1980-01-06 08:00:48]pid:1600
[1980-01-06 08:00:48]etimes:0
[1980-01-06 08:00:48]stimes:1
[1980-01-06 08:00:48]



[1980-01-06 08:00:48]gnss-service starting
[1980-01-06 08:00:48]name:gnss-service
[1980-01-06 08:00:48]pos:9
[1980-01-06 08:00:48]mute:1
[1980-01-06 08:00:48]binary:gnss-service
[1980-01-06 08:00:48]argument:(null)
[1980-01-06 08:00:48]cpulimit:0
[1980-01-06 08:00:48]execv[0]:gnss-service
[1980-01-06 08:00:48]delay:0
[1980-01-06 08:00:48]required:QCMAP_ConnectionManager state:3
[1980-01-06 08:00:48]required:qti state:3
[1980-01-06 08:00:48]required:mcm_ril_service state:3
[1980-01-06 08:00:48]required:mcmlocserver state:3
[1980-01-06 08:00:48]type:0
[1980-01-06 08:00:48]state:3
[1980-01-06 08:00:48]pid:1601
[1980-01-06 08:00:48]etimes:0
[1980-01-06 08:00:48]stimes:1
[1980-01-06 08:00:48]



[1980-01-06 08:00:48]modem-service starting
[1980-01-06 08:00:48]name:modem-service
[1980-01-06 08:00:48]pos:10
[1980-01-06 08:00:48]mute:1
[1980-01-06 08:00:48]binary:modem-service
[1980-01-06 08:00:48]argument:(null)
[1980-01-06 08:00:48]cpulimit:0
[1980-01-06 08:00:48]execv[0]:modem-service
[1980-01-06 08:00:48]delay:0
[1980-01-06 08:00:48]required:QCMAP_ConnectionManager state:3
[1980-01-06 08:00:48]required:qti state:3
[1980-01-06 08:00:48]required:mcm_ril_service state:3
[1980-01-06 08:00:48]required:mcm_data_srv state:3
[1980-01-06 08:00:48]required:MCM_atcop_svc state:3
[1980-01-06 08:00:48]type:0
[1980-01-06 08:00:48]state:3
[1980-01-06 08:00:48]pid:1608
[1980-01-06 08:00:48]etimes:0
[1980-01-06 08:00:48]stimes:1
[1980-01-06 08:00:48]



[1980-01-06 08:00:49]alarm-service starting
[1980-01-06 08:00:49]name:alarm-service
[1980-01-06 08:00:49]pos:12
[1980-01-06 08:00:49]mute:1
[1980-01-06 08:00:49]binary:alarm-service
[1980-01-06 08:00:49]argument:(null)
[1980-01-06 08:00:49]cpulimit:0
[1980-01-06 08:00:49]mode:activated
[1980-01-06 08:00:49]mode:unkown
[1980-01-06 08:00:49]execv[0]:alarm-service
[1980-01-06 08:00:49]delay:0
[1980-01-06 08:00:49]type:0
[1980-01-06 08:00:49]state:3
[1980-01-06 08:00:49]pid:1609
[1980-01-06 08:00:49]etimes:0
[1980-01-06 08:00:49]stimes:1
[1980-01-06 08:00:49]



[1980-01-06 08:00:49]remote-service starting
[1980-01-06 08:00:49]name:remote-service
[1980-01-06 08:00:49]pos:13
[1980-01-06 08:00:49]mute:1
[1980-01-06 08:00:49]binary:remote-service
[1980-01-06 08:00:49]argument:(null)
[1980-01-06 08:00:49]cpulimit:0
[1980-01-06 08:00:49]mode:activated
[1980-01-06 08:00:49]mode:unkown
[1980-01-06 08:00:49]execv[0]:remote-service
[1980-01-06 08:00:49]delay:0
[1980-01-06 08:00:49]type:0
[1980-01-06 08:00:49]state:3
[1980-01-06 08:00:49]pid:1613
[1980-01-06 08:00:49]etimes:0
[1980-01-06 08:00:49]stimes:1
[1980-01-06 08:00:49]



[1980-01-06 08:00:51]rescue-service starting
[1980-01-06 08:00:51]name:rescue-service
[1980-01-06 08:00:51]pos:14
[1980-01-06 08:00:51]mute:1
[1980-01-06 08:00:51]binary:rescue-service
[1980-01-06 08:00:51]argument:(null)
[1980-01-06 08:00:51]cpulimit:0
[1980-01-06 08:00:51]mode:activated
[1980-01-06 08:00:51]mode:unkown
[1980-01-06 08:00:51]execv[0]:rescue-service
[1980-01-06 08:00:51]delay:0
[1980-01-06 08:00:51]required:modem-service state:3
[1980-01-06 08:00:51]type:0
[1980-01-06 08:00:51]state:3
[1980-01-06 08:00:51]pid:1672
[1980-01-06 08:00:51]etimes:0
[1980-01-06 08:00:51]stimes:1
[1980-01-06 08:00:51]



[1980-01-06 08:00:52]tsp-service-gw starting
[1980-01-06 08:00:52]name:tsp-service-gw
[1980-01-06 08:00:52]pos:15
[1980-01-06 08:00:52]mute:1
[1980-01-06 08:00:52]binary:tsp-service-gw
[1980-01-06 08:00:52]argument:(null)
[1980-01-06 08:00:52]cpulimit:0
[1980-01-06 08:00:52]mode:activated
[1980-01-06 08:00:52]mode:unkown
[1980-01-06 08:00:52]execv[0]:tsp-service-gw
[1980-01-06 08:00:52]delay:0
[1980-01-06 08:00:52]required:modem-service state:3
[1980-01-06 08:00:52]type:0
[1980-01-06 08:00:52]state:3
[1980-01-06 08:00:52]pid:1673
[1980-01-06 08:00:52]etimes:0
[1980-01-06 08:00:52]stimes:1
[1980-01-06 08:00:52]



[1980-01-06 08:00:52]net_state.sh starting
[1980-01-06 08:00:52]name:net_state
[1980-01-06 08:00:52]pos:16
[1980-01-06 08:00:52]mute:1
[1980-01-06 08:00:52]binary:net_state.sh
[1980-01-06 08:00:52]argument:(null)
[1980-01-06 08:00:52]cpulimit:0
[1980-01-06 08:00:52]execv[0]:net_state.sh
[1980-01-06 08:00:52]delay:0
[1980-01-06 08:00:52]required:modem-service state:3
[1980-01-06 08:00:52]type:0
[1980-01-06 08:00:52]state:3
[1980-01-06 08:00:52]pid:1674
[1980-01-06 08:00:52]etimes:0
[1980-01-06 08:00:52]stimes:1
[1980-01-06 08:00:52]



[1980-01-06 08:00:52]test_tbox.sh starting
[1980-01-06 08:00:52]name:test_tbox
[1980-01-06 08:00:52]pos:17
[1980-01-06 08:00:52]mute:1
[1980-01-06 08:00:52]binary:test_tbox.sh
[1980-01-06 08:00:52]argument:(null)
[1980-01-06 08:00:52]cpulimit:0
[1980-01-06 08:00:52]execv[0]:test_tbox.sh
[1980-01-06 08:00:52]delay:0
[1980-01-06 08:00:52]type:2
[1980-01-06 08:00:52]state:3
[1980-01-06 08:00:52]pid:1686
[1980-01-06 08:00:52]etimes:0
[1980-01-06 08:00:52]stimes:1
[1980-01-06 08:00:52]



