[1980-01-06 08:00:07]process-service:Oct 31 2019 14:30:14
[1980-01-06 08:00:07]name:logcat
[1980-01-06 08:00:07]pos:0
[1980-01-06 08:00:07]mute:1
[1980-01-06 08:00:07]binary:logcat.sh
[1980-01-06 08:00:07]argument:(null)
[1980-01-06 08:00:07]cpulimit:0
[1980-01-06 08:00:07]execv[0]:logcat.sh
[1980-01-06 08:00:07]delay:0
[1980-01-06 08:00:07]type:2
[1980-01-06 08:00:07]state:0
[1980-01-06 08:00:07]pid:0
[1980-01-06 08:00:07]etimes:0
[1980-01-06 08:00:07]stimes:0
[1980-01-06 08:00:07]



[1980-01-06 08:00:07]name:start_pcm
[1980-01-06 08:00:07]pos:1
[1980-01-06 08:00:07]mute:1
[1980-01-06 08:00:07]binary:start_pcm
[1980-01-06 08:00:07]argument:(null)
[1980-01-06 08:00:07]cpulimit:0
[1980-01-06 08:00:07]execv[0]:start_pcm
[1980-01-06 08:00:07]execv[1]:acdbload
[1980-01-06 08:00:07]delay:0
[1980-01-06 08:00:07]type:2
[1980-01-06 08:00:07]state:0
[1980-01-06 08:00:07]pid:0
[1980-01-06 08:00:07]etimes:0
[1980-01-06 08:00:07]stimes:0
[1980-01-06 08:00:07]



[1980-01-06 08:00:07]name:QCMAP_APCTL
[1980-01-06 08:00:07]pos:2
[1980-01-06 08:00:07]mute:1
[1980-01-06 08:00:07]binary:QCMAP_APCTL
[1980-01-06 08:00:07]argument:(null)
[1980-01-06 08:00:07]cpulimit:0
[1980-01-06 08:00:07]execv[0]:QCMAP_APCTL
[1980-01-06 08:00:07]delay:0
[1980-01-06 08:00:07]type:0
[1980-01-06 08:00:07]state:0
[1980-01-06 08:00:07]pid:0
[1980-01-06 08:00:07]etimes:0
[1980-01-06 08:00:07]stimes:0
[1980-01-06 08:00:07]



[1980-01-06 08:00:07]name:aconf-service
[1980-01-06 08:00:07]pos:3
[1980-01-06 08:00:07]mute:1
[1980-01-06 08:00:07]binary:aconf-service
[1980-01-06 08:00:07]argument:(null)
[1980-01-06 08:00:07]cpulimit:0
[1980-01-06 08:00:07]execv[0]:aconf-service
[1980-01-06 08:00:07]delay:0
[1980-01-06 08:00:07]type:1
[1980-01-06 08:00:07]state:0
[1980-01-06 08:00:07]pid:0
[1980-01-06 08:00:07]etimes:0
[1980-01-06 08:00:07]stimes:0
[1980-01-06 08:00:07]



[1980-01-06 08:00:07]name:data-service
[1980-01-06 08:00:07]pos:4
[1980-01-06 08:00:07]mute:1
[1980-01-06 08:00:07]binary:data-service
[1980-01-06 08:00:07]argument:(null)
[1980-01-06 08:00:07]cpulimit:0
[1980-01-06 08:00:07]execv[0]:data-service
[1980-01-06 08:00:07]delay:0
[1980-01-06 08:00:07]type:0
[1980-01-06 08:00:07]state:0
[1980-01-06 08:00:07]pid:0
[1980-01-06 08:00:07]etimes:0
[1980-01-06 08:00:07]stimes:0
[1980-01-06 08:00:07]



[1980-01-06 08:00:07]name:mcu-service
[1980-01-06 08:00:07]pos:5
[1980-01-06 08:00:07]mute:1
[1980-01-06 08:00:07]binary:mcu-service
[1980-01-06 08:00:07]argument:(null)
[1980-01-06 08:00:07]cpulimit:0
[1980-01-06 08:00:07]execv[0]:mcu-service
[1980-01-06 08:00:07]delay:0
[1980-01-06 08:00:07]type:1
[1980-01-06 08:00:07]state:0
[1980-01-06 08:00:07]pid:0
[1980-01-06 08:00:07]etimes:0
[1980-01-06 08:00:07]stimes:0
[1980-01-06 08:00:07]



[1980-01-06 08:00:07]name:power-service
[1980-01-06 08:00:07]pos:6
[1980-01-06 08:00:07]mute:1
[1980-01-06 08:00:07]binary:power-service
[1980-01-06 08:00:07]argument:(null)
[1980-01-06 08:00:07]cpulimit:0
[1980-01-06 08:00:07]execv[0]:power-service
[1980-01-06 08:00:07]delay:3
[1980-01-06 08:00:07]type:1
[1980-01-06 08:00:07]state:0
[1980-01-06 08:00:07]pid:0
[1980-01-06 08:00:07]etimes:0
[1980-01-06 08:00:07]stimes:0
[1980-01-06 08:00:07]



[1980-01-06 08:00:07]name:check-mmc
[1980-01-06 08:00:07]pos:7
[1980-01-06 08:00:07]mute:1
[1980-01-06 08:00:07]binary:check-mmc-partition
[1980-01-06 08:00:07]argument:(null)
[1980-01-06 08:00:07]cpulimit:0
[1980-01-06 08:00:07]execv[0]:check-mmc-partition
[1980-01-06 08:00:07]delay:0
[1980-01-06 08:00:07]type:3
[1980-01-06 08:00:07]state:0
[1980-01-06 08:00:07]pid:0
[1980-01-06 08:00:07]etimes:0
[1980-01-06 08:00:07]stimes:0
[1980-01-06 08:00:07]



[1980-01-06 08:00:07]name:system-service
[1980-01-06 08:00:07]pos:8
[1980-01-06 08:00:07]mute:1
[1980-01-06 08:00:07]binary:system-service
[1980-01-06 08:00:07]argument:(null)
[1980-01-06 08:00:07]cpulimit:0
[1980-01-06 08:00:07]execv[0]:system-service
[1980-01-06 08:00:07]delay:5
[1980-01-06 08:00:07]type:0
[1980-01-06 08:00:07]state:0
[1980-01-06 08:00:07]pid:0
[1980-01-06 08:00:07]etimes:0
[1980-01-06 08:00:07]stimes:0
[1980-01-06 08:00:07]



[1980-01-06 08:00:07]name:monitor-service
[1980-01-06 08:00:07]pos:9
[1980-01-06 08:00:07]mute:1
[1980-01-06 08:00:07]binary:monitor-service
[1980-01-06 08:00:07]argument:(null)
[1980-01-06 08:00:07]cpulimit:0
[1980-01-06 08:00:07]execv[0]:monitor-service
[1980-01-06 08:00:07]execv[1]:-c
[1980-01-06 08:00:07]execv[2]:-s
[1980-01-06 08:00:07]execv[3]:5
[1980-01-06 08:00:07]execv[4]:-m
[1980-01-06 08:00:07]execv[5]:5
[1980-01-06 08:00:07]execv[6]:-p
[1980-01-06 08:00:07]execv[7]:/data/log
[1980-01-06 08:00:07]delay:5
[1980-01-06 08:00:07]type:0
[1980-01-06 08:00:07]state:0
[1980-01-06 08:00:07]pid:0
[1980-01-06 08:00:07]etimes:0
[1980-01-06 08:00:07]stimes:0
[1980-01-06 08:00:07]



[1980-01-06 08:00:07]name:update-mcu
[1980-01-06 08:00:07]pos:10
[1980-01-06 08:00:07]mute:1
[1980-01-06 08:00:07]binary:update-mcu
[1980-01-06 08:00:07]argument:(null)
[1980-01-06 08:00:07]cpulimit:0
[1980-01-06 08:00:07]execv[0]:update-mcu
[1980-01-06 08:00:07]delay:0
[1980-01-06 08:00:07]type:3
[1980-01-06 08:00:07]state:0
[1980-01-06 08:00:07]pid:0
[1980-01-06 08:00:07]etimes:0
[1980-01-06 08:00:07]stimes:0
[1980-01-06 08:00:07]



[1980-01-06 08:00:07]name:gnss-service
[1980-01-06 08:00:07]pos:11
[1980-01-06 08:00:07]mute:1
[1980-01-06 08:00:07]binary:gnss-service
[1980-01-06 08:00:07]argument:(null)
[1980-01-06 08:00:07]cpulimit:0
[1980-01-06 08:00:07]execv[0]:gnss-service
[1980-01-06 08:00:07]delay:6
[1980-01-06 08:00:07]required:QCMAP_ConnectionManager state:0
[1980-01-06 08:00:07]required:qti state:0
[1980-01-06 08:00:07]required:mcm_ril_service state:0
[1980-01-06 08:00:07]required:mcmlocserver state:0
[1980-01-06 08:00:07]type:0
[1980-01-06 08:00:07]state:0
[1980-01-06 08:00:07]pid:0
[1980-01-06 08:00:07]etimes:0
[1980-01-06 08:00:07]stimes:0
[1980-01-06 08:00:07]



[1980-01-06 08:00:07]name:modem-service
[1980-01-06 08:00:07]pos:12
[1980-01-06 08:00:07]mute:1
[1980-01-06 08:00:07]binary:modem-service
[1980-01-06 08:00:07]argument:(null)
[1980-01-06 08:00:07]cpulimit:0
[1980-01-06 08:00:07]execv[0]:modem-service
[1980-01-06 08:00:07]delay:6
[1980-01-06 08:00:07]required:QCMAP_ConnectionManager state:0
[1980-01-06 08:00:07]required:qti state:0
[1980-01-06 08:00:07]required:mcm_ril_service state:0
[1980-01-06 08:00:07]required:mcm_data_srv state:0
[1980-01-06 08:00:07]required:MCM_atcop_svc state:0
[1980-01-06 08:00:07]type:0
[1980-01-06 08:00:07]state:0
[1980-01-06 08:00:07]pid:0
[1980-01-06 08:00:07]etimes:0
[1980-01-06 08:00:07]stimes:0
[1980-01-06 08:00:07]



[1980-01-06 08:00:07]name:mfg-service
[1980-01-06 08:00:07]pos:13
[1980-01-06 08:00:07]mute:1
[1980-01-06 08:00:07]binary:mfg-service
[1980-01-06 08:00:07]argument:(null)
[1980-01-06 08:00:07]cpulimit:0
[1980-01-06 08:00:07]mode:mfg
[1980-01-06 08:00:07]execv[0]:mfg-service
[1980-01-06 08:00:07]delay:0
[1980-01-06 08:00:07]required:modem-service state:0
[1980-01-06 08:00:07]type:0
[1980-01-06 08:00:07]state:0
[1980-01-06 08:00:07]pid:0
[1980-01-06 08:00:07]etimes:0
[1980-01-06 08:00:07]stimes:0
[1980-01-06 08:00:07]



[1980-01-06 08:00:07]name:alarm-service
[1980-01-06 08:00:07]pos:14
[1980-01-06 08:00:07]mute:1
[1980-01-06 08:00:07]binary:alarm-service
[1980-01-06 08:00:07]argument:(null)
[1980-01-06 08:00:07]cpulimit:0
[1980-01-06 08:00:07]mode:activated
[1980-01-06 08:00:07]mode:unkown
[1980-01-06 08:00:07]execv[0]:alarm-service
[1980-01-06 08:00:07]delay:5
[1980-01-06 08:00:07]type:0
[1980-01-06 08:00:07]state:0
[1980-01-06 08:00:07]pid:0
[1980-01-06 08:00:07]etimes:0
[1980-01-06 08:00:07]stimes:0
[1980-01-06 08:00:07]



[1980-01-06 08:00:07]name:remote-service
[1980-01-06 08:00:07]pos:15
[1980-01-06 08:00:07]mute:1
[1980-01-06 08:00:07]binary:remote-service
[1980-01-06 08:00:07]argument:(null)
[1980-01-06 08:00:07]cpulimit:0
[1980-01-06 08:00:07]mode:activated
[1980-01-06 08:00:07]mode:unkown
[1980-01-06 08:00:07]execv[0]:remote-service
[1980-01-06 08:00:07]delay:0
[1980-01-06 08:00:07]type:0
[1980-01-06 08:00:07]state:0
[1980-01-06 08:00:07]pid:0
[1980-01-06 08:00:07]etimes:0
[1980-01-06 08:00:07]stimes:0
[1980-01-06 08:00:07]



[1980-01-06 08:00:07]name:fota-service
[1980-01-06 08:00:07]pos:16
[1980-01-06 08:00:07]mute:1
[1980-01-06 08:00:07]binary:fota-service
[1980-01-06 08:00:07]argument:(null)
[1980-01-06 08:00:07]cpulimit:0
[1980-01-06 08:00:07]mode:activated
[1980-01-06 08:00:07]mode:unkown
[1980-01-06 08:00:07]execv[0]:fota-service
[1980-01-06 08:00:07]delay:10
[1980-01-06 08:00:07]type:0
[1980-01-06 08:00:07]state:0
[1980-01-06 08:00:07]pid:0
[1980-01-06 08:00:07]etimes:0
[1980-01-06 08:00:07]stimes:0
[1980-01-06 08:00:07]



[1980-01-06 08:00:07]name:hu-service
[1980-01-06 08:00:07]pos:17
[1980-01-06 08:00:07]mute:1
[1980-01-06 08:00:07]binary:hu-service
[1980-01-06 08:00:07]argument:(null)
[1980-01-06 08:00:07]cpulimit:0
[1980-01-06 08:00:07]mode:activated
[1980-01-06 08:00:07]mode:unkown
[1980-01-06 08:00:07]execv[0]:hu-service
[1980-01-06 08:00:07]delay:10
[1980-01-06 08:00:07]type:0
[1980-01-06 08:00:07]state:0
[1980-01-06 08:00:07]pid:0
[1980-01-06 08:00:07]etimes:0
[1980-01-06 08:00:07]stimes:0
[1980-01-06 08:00:07]



[1980-01-06 08:00:07]name:rescue-service
[1980-01-06 08:00:07]pos:18
[1980-01-06 08:00:07]mute:1
[1980-01-06 08:00:07]binary:rescue-service
[1980-01-06 08:00:07]argument:(null)
[1980-01-06 08:00:07]cpulimit:0
[1980-01-06 08:00:07]mode:activated
[1980-01-06 08:00:07]mode:unkown
[1980-01-06 08:00:07]execv[0]:rescue-service
[1980-01-06 08:00:07]delay:10
[1980-01-06 08:00:07]required:modem-service state:0
[1980-01-06 08:00:07]type:0
[1980-01-06 08:00:07]state:0
[1980-01-06 08:00:07]pid:0
[1980-01-06 08:00:07]etimes:0
[1980-01-06 08:00:07]stimes:0
[1980-01-06 08:00:07]



[1980-01-06 08:00:07]name:tspcomm-service
[1980-01-06 08:00:07]pos:19
[1980-01-06 08:00:07]mute:1
[1980-01-06 08:00:07]binary:tspcomm-service
[1980-01-06 08:00:07]argument:(null)
[1980-01-06 08:00:07]cpulimit:0
[1980-01-06 08:00:07]mode:activated
[1980-01-06 08:00:07]mode:unkown
[1980-01-06 08:00:07]execv[0]:tspcomm-service
[1980-01-06 08:00:07]delay:10
[1980-01-06 08:00:07]required:modem-service state:0
[1980-01-06 08:00:07]type:0
[1980-01-06 08:00:07]state:0
[1980-01-06 08:00:07]pid:0
[1980-01-06 08:00:07]etimes:0
[1980-01-06 08:00:07]stimes:0
[1980-01-06 08:00:07]



[1980-01-06 08:00:07]name:net_state
[1980-01-06 08:00:07]pos:20
[1980-01-06 08:00:07]mute:1
[1980-01-06 08:00:07]binary:net_state.sh
[1980-01-06 08:00:07]argument:(null)
[1980-01-06 08:00:07]cpulimit:0
[1980-01-06 08:00:07]execv[0]:net_state.sh
[1980-01-06 08:00:07]delay:10
[1980-01-06 08:00:07]required:modem-service state:0
[1980-01-06 08:00:07]type:0
[1980-01-06 08:00:07]state:0
[1980-01-06 08:00:07]pid:0
[1980-01-06 08:00:07]etimes:0
[1980-01-06 08:00:07]stimes:0
[1980-01-06 08:00:07]



[1980-01-06 08:00:07]name:test_tbox
[1980-01-06 08:00:07]pos:21
[1980-01-06 08:00:07]mute:1
[1980-01-06 08:00:07]binary:test_tbox.sh
[1980-01-06 08:00:07]argument:(null)
[1980-01-06 08:00:07]cpulimit:0
[1980-01-06 08:00:07]execv[0]:test_tbox.sh
[1980-01-06 08:00:07]delay:10
[1980-01-06 08:00:07]type:2
[1980-01-06 08:00:07]state:0
[1980-01-06 08:00:07]pid:0
[1980-01-06 08:00:07]etimes:0
[1980-01-06 08:00:07]stimes:0
[1980-01-06 08:00:07]



[1980-01-06 08:00:08]ipc init sucess
[1980-01-06 08:00:09]logcat.sh starting
[1980-01-06 08:00:09]name:logcat
[1980-01-06 08:00:09]pos:0
[1980-01-06 08:00:09]mute:1
[1980-01-06 08:00:09]binary:logcat.sh
[1980-01-06 08:00:09]argument:(null)
[1980-01-06 08:00:09]cpulimit:0
[1980-01-06 08:00:09]execv[0]:logcat.sh
[1980-01-06 08:00:09]delay:0
[1980-01-06 08:00:09]type:2
[1980-01-06 08:00:09]state:3
[1980-01-06 08:00:09]pid:1556
[1980-01-06 08:00:09]etimes:0
[1980-01-06 08:00:09]stimes:1
[1980-01-06 08:00:09]



[1980-01-06 08:00:09]start_pcm starting
[1980-01-06 08:00:09]name:start_pcm
[1980-01-06 08:00:09]pos:1
[1980-01-06 08:00:09]mute:1
[1980-01-06 08:00:09]binary:start_pcm
[1980-01-06 08:00:09]argument:(null)
[1980-01-06 08:00:09]cpulimit:0
[1980-01-06 08:00:09]execv[0]:start_pcm
[1980-01-06 08:00:09]execv[1]:acdbload
[1980-01-06 08:00:09]delay:0
[1980-01-06 08:00:09]type:2
[1980-01-06 08:00:09]state:3
[1980-01-06 08:00:09]pid:1562
[1980-01-06 08:00:09]etimes:0
[1980-01-06 08:00:09]stimes:1
[1980-01-06 08:00:09]



[1980-01-06 08:00:09]QCMAP_APCTL starting
[1980-01-06 08:00:09]name:QCMAP_APCTL
[1980-01-06 08:00:09]pos:2
[1980-01-06 08:00:09]mute:1
[1980-01-06 08:00:09]binary:QCMAP_APCTL
[1980-01-06 08:00:09]argument:(null)
[1980-01-06 08:00:09]cpulimit:0
[1980-01-06 08:00:09]execv[0]:QCMAP_APCTL
[1980-01-06 08:00:09]delay:0
[1980-01-06 08:00:09]type:0
[1980-01-06 08:00:09]state:3
[1980-01-06 08:00:09]pid:1565
[1980-01-06 08:00:09]etimes:0
[1980-01-06 08:00:09]stimes:1
[1980-01-06 08:00:09]



[1980-01-06 08:00:09]aconf-service starting
[1980-01-06 08:00:09]name:aconf-service
[1980-01-06 08:00:09]pos:3
[1980-01-06 08:00:09]mute:1
[1980-01-06 08:00:09]binary:aconf-service
[1980-01-06 08:00:09]argument:(null)
[1980-01-06 08:00:09]cpulimit:0
[1980-01-06 08:00:09]execv[0]:aconf-service
[1980-01-06 08:00:09]delay:0
[1980-01-06 08:00:09]type:1
[1980-01-06 08:00:09]state:3
[1980-01-06 08:00:09]pid:1581
[1980-01-06 08:00:09]etimes:0
[1980-01-06 08:00:09]stimes:1
[1980-01-06 08:00:09]



[1980-01-06 08:00:09]data-service starting
[1980-01-06 08:00:09]name:data-service
[1980-01-06 08:00:09]pos:4
[1980-01-06 08:00:09]mute:1
[1980-01-06 08:00:09]binary:data-service
[1980-01-06 08:00:09]argument:(null)
[1980-01-06 08:00:09]cpulimit:0
[1980-01-06 08:00:09]execv[0]:data-service
[1980-01-06 08:00:09]delay:0
[1980-01-06 08:00:09]type:0
[1980-01-06 08:00:09]state:3
[1980-01-06 08:00:09]pid:1584
[1980-01-06 08:00:09]etimes:0
[1980-01-06 08:00:09]stimes:1
[1980-01-06 08:00:09]



[1980-01-06 08:00:09]mcu-service starting
[1980-01-06 08:00:09]name:mcu-service
[1980-01-06 08:00:09]pos:5
[1980-01-06 08:00:09]mute:1
[1980-01-06 08:00:09]binary:mcu-service
[1980-01-06 08:00:09]argument:(null)
[1980-01-06 08:00:09]cpulimit:0
[1980-01-06 08:00:09]execv[0]:mcu-service
[1980-01-06 08:00:09]delay:0
[1980-01-06 08:00:09]type:1
[1980-01-06 08:00:09]state:3
[1980-01-06 08:00:09]pid:1585
[1980-01-06 08:00:09]etimes:0
[1980-01-06 08:00:09]stimes:1
[1980-01-06 08:00:09]



[1980-01-06 08:00:09]check-mmc-partition starting
[1980-01-06 08:00:09]name:check-mmc
[1980-01-06 08:00:09]pos:7
[1980-01-06 08:00:09]mute:1
[1980-01-06 08:00:09]binary:check-mmc-partition
[1980-01-06 08:00:09]argument:(null)
[1980-01-06 08:00:09]cpulimit:0
[1980-01-06 08:00:09]execv[0]:check-mmc-partition
[1980-01-06 08:00:09]delay:0
[1980-01-06 08:00:09]type:3
[1980-01-06 08:00:09]state:3
[1980-01-06 08:00:09]pid:1594
[1980-01-06 08:00:09]etimes:0
[1980-01-06 08:00:09]stimes:1
[1980-01-06 08:00:09]



[1980-01-06 08:00:09]sigchld_handler:17
[1980-01-06 08:00:11]chld pid:1594
[1980-01-06 08:00:11]match chld:check-mmc
[1980-01-06 08:00:12]power-service starting
[1980-01-06 08:00:12]name:power-service
[1980-01-06 08:00:12]pos:6
[1980-01-06 08:00:12]mute:1
[1980-01-06 08:00:12]binary:power-service
[1980-01-06 08:00:12]argument:(null)
[1980-01-06 08:00:12]cpulimit:0
[1980-01-06 08:00:12]execv[0]:power-service
[1980-01-06 08:00:12]delay:0
[1980-01-06 08:00:12]type:1
[1980-01-06 08:00:12]state:3
[1980-01-06 08:00:12]pid:1599
[1980-01-06 08:00:12]etimes:0
[1980-01-06 08:00:12]stimes:1
[1980-01-06 08:00:12]



[1980-01-06 08:00:13]update-mcu starting
[1980-01-06 08:00:13]name:update-mcu
[1980-01-06 08:00:13]pos:10
[1980-01-06 08:00:13]mute:1
[1980-01-06 08:00:13]binary:update-mcu
[1980-01-06 08:00:13]argument:(null)
[1980-01-06 08:00:13]cpulimit:0
[1980-01-06 08:00:13]execv[0]:update-mcu
[1980-01-06 08:00:13]delay:0
[1980-01-06 08:00:13]type:3
[1980-01-06 08:00:13]state:3
[1980-01-06 08:00:13]pid:1605
[1980-01-06 08:00:13]etimes:0
[1980-01-06 08:00:13]stimes:1
[1980-01-06 08:00:13]



[1980-01-06 08:00:13]sigchld_handler:17
[1980-01-06 08:00:14]chld pid:1605
[1980-01-06 08:00:14]match chld:update-mcu
[1980-01-06 08:00:14]sigchld_handler:17
[1980-01-06 08:00:14]chld pid:1562
[1980-01-06 08:00:14]match chld:start_pcm
[1980-01-06 08:00:15]system-service starting
[1980-01-06 08:00:15]name:system-service
[1980-01-06 08:00:15]pos:8
[1980-01-06 08:00:15]mute:1
[1980-01-06 08:00:15]binary:system-service
[1980-01-06 08:00:15]argument:(null)
[1980-01-06 08:00:15]cpulimit:0
[1980-01-06 08:00:15]execv[0]:system-service
[1980-01-06 08:00:15]delay:0
[1980-01-06 08:00:15]type:0
[1980-01-06 08:00:15]state:3
[1980-01-06 08:00:15]pid:1621
[1980-01-06 08:00:15]etimes:0
[1980-01-06 08:00:15]stimes:1
[1980-01-06 08:00:15]



[1980-01-06 08:00:16]monitor-service starting
[1980-01-06 08:00:16]name:monitor-service
[1980-01-06 08:00:16]pos:9
[1980-01-06 08:00:16]mute:1
[1980-01-06 08:00:16]binary:monitor-service
[1980-01-06 08:00:16]argument:(null)
[1980-01-06 08:00:16]cpulimit:0
[1980-01-06 08:00:16]execv[0]:monitor-service
[1980-01-06 08:00:16]execv[1]:-c
[1980-01-06 08:00:16]execv[2]:-s
[1980-01-06 08:00:16]execv[3]:5
[1980-01-06 08:00:16]execv[4]:-m
[1980-01-06 08:00:16]execv[5]:5
[1980-01-06 08:00:16]execv[6]:-p
[1980-01-06 08:00:16]execv[7]:/data/log
[1980-01-06 08:00:16]delay:0
[1980-01-06 08:00:16]type:0
[1980-01-06 08:00:16]state:3
[1980-01-06 08:00:16]pid:1622
[1980-01-06 08:00:16]etimes:0
[1980-01-06 08:00:16]stimes:1
[1980-01-06 08:00:16]



[1980-01-06 08:00:16]gnss-service starting
[1980-01-06 08:00:16]name:gnss-service
[1980-01-06 08:00:16]pos:11
[1980-01-06 08:00:16]mute:1
[1980-01-06 08:00:16]binary:gnss-service
[1980-01-06 08:00:16]argument:(null)
[1980-01-06 08:00:16]cpulimit:0
[1980-01-06 08:00:16]execv[0]:gnss-service
[1980-01-06 08:00:16]delay:0
[1980-01-06 08:00:16]required:QCMAP_ConnectionManager state:3
[1980-01-06 08:00:16]required:qti state:3
[1980-01-06 08:00:16]required:mcm_ril_service state:3
[1980-01-06 08:00:16]required:mcmlocserver state:3
[1980-01-06 08:00:16]type:0
[1980-01-06 08:00:16]state:3
[1980-01-06 08:00:16]pid:1629
[1980-01-06 08:00:16]etimes:0
[1980-01-06 08:00:16]stimes:1
[1980-01-06 08:00:16]



[1980-01-06 08:00:16]modem-service starting
[1980-01-06 08:00:16]name:modem-service
[1980-01-06 08:00:16]pos:12
[1980-01-06 08:00:16]mute:1
[1980-01-06 08:00:16]binary:modem-service
[1980-01-06 08:00:16]argument:(null)
[1980-01-06 08:00:16]cpulimit:0
[1980-01-06 08:00:16]execv[0]:modem-service
[1980-01-06 08:00:16]delay:0
[1980-01-06 08:00:16]required:QCMAP_ConnectionManager state:3
[1980-01-06 08:00:16]required:qti state:3
[1980-01-06 08:00:16]required:mcm_ril_service state:3
[1980-01-06 08:00:16]required:mcm_data_srv state:3
[1980-01-06 08:00:16]required:MCM_atcop_svc state:3
[1980-01-06 08:00:16]type:0
[1980-01-06 08:00:16]state:3
[1980-01-06 08:00:16]pid:1632
[1980-01-06 08:00:16]etimes:0
[1980-01-06 08:00:16]stimes:1
[1980-01-06 08:00:16]



[1980-01-06 08:00:16]alarm-service starting
[1980-01-06 08:00:16]name:alarm-service
[1980-01-06 08:00:16]pos:14
[1980-01-06 08:00:16]mute:1
[1980-01-06 08:00:16]binary:alarm-service
[1980-01-06 08:00:16]argument:(null)
[1980-01-06 08:00:16]cpulimit:0
[1980-01-06 08:00:16]mode:activated
[1980-01-06 08:00:16]mode:unkown
[1980-01-06 08:00:16]execv[0]:alarm-service
[1980-01-06 08:00:16]delay:0
[1980-01-06 08:00:16]type:0
[1980-01-06 08:00:16]state:3
[1980-01-06 08:00:16]pid:1645
[1980-01-06 08:00:16]etimes:0
[1980-01-06 08:00:16]stimes:1
[1980-01-06 08:00:16]



[1980-01-06 08:00:17]remote-service starting
[1980-01-06 08:00:17]name:remote-service
[1980-01-06 08:00:17]pos:15
[1980-01-06 08:00:17]mute:1
[1980-01-06 08:00:17]binary:remote-service
[1980-01-06 08:00:17]argument:(null)
[1980-01-06 08:00:17]cpulimit:0
[1980-01-06 08:00:17]mode:activated
[1980-01-06 08:00:17]mode:unkown
[1980-01-06 08:00:17]execv[0]:remote-service
[1980-01-06 08:00:17]delay:0
[1980-01-06 08:00:17]type:0
[1980-01-06 08:00:17]state:3
[1980-01-06 08:00:17]pid:1650
[1980-01-06 08:00:17]etimes:0
[1980-01-06 08:00:17]stimes:1
[1980-01-06 08:00:17]



[1980-01-06 08:00:19]fota-service starting
[1980-01-06 08:00:19]name:fota-service
[1980-01-06 08:00:19]pos:16
[1980-01-06 08:00:19]mute:1
[1980-01-06 08:00:19]binary:fota-service
[1980-01-06 08:00:19]argument:(null)
[1980-01-06 08:00:19]cpulimit:0
[1980-01-06 08:00:19]mode:activated
[1980-01-06 08:00:19]mode:unkown
[1980-01-06 08:00:19]execv[0]:fota-service
[1980-01-06 08:00:19]delay:0
[1980-01-06 08:00:19]type:0
[1980-01-06 08:00:19]state:3
[1980-01-06 08:00:19]pid:1761
[1980-01-06 08:00:19]etimes:0
[1980-01-06 08:00:19]stimes:1
[1980-01-06 08:00:19]



[1980-01-06 08:00:19]hu-service starting
[1980-01-06 08:00:19]name:hu-service
[1980-01-06 08:00:19]pos:17
[1980-01-06 08:00:19]mute:1
[1980-01-06 08:00:19]binary:hu-service
[1980-01-06 08:00:19]argument:(null)
[1980-01-06 08:00:19]cpulimit:0
[1980-01-06 08:00:19]mode:activated
[1980-01-06 08:00:19]mode:unkown
[1980-01-06 08:00:19]execv[0]:hu-service
[1980-01-06 08:00:19]delay:0
[1980-01-06 08:00:19]type:0
[1980-01-06 08:00:19]state:3
[1980-01-06 08:00:19]pid:1762
[1980-01-06 08:00:19]etimes:0
[1980-01-06 08:00:19]stimes:1
[1980-01-06 08:00:19]



[1980-01-06 08:00:20]rescue-service starting
[1980-01-06 08:00:20]name:rescue-service
[1980-01-06 08:00:20]pos:18
[1980-01-06 08:00:20]mute:1
[1980-01-06 08:00:20]binary:rescue-service
[1980-01-06 08:00:20]argument:(null)
[1980-01-06 08:00:20]cpulimit:0
[1980-01-06 08:00:20]mode:activated
[1980-01-06 08:00:20]mode:unkown
[1980-01-06 08:00:20]execv[0]:rescue-service
[1980-01-06 08:00:20]delay:0
[1980-01-06 08:00:20]required:modem-service state:3
[1980-01-06 08:00:20]type:0
[1980-01-06 08:00:20]state:3
[1980-01-06 08:00:20]pid:1763
[1980-01-06 08:00:20]etimes:0
[1980-01-06 08:00:20]stimes:1
[1980-01-06 08:00:20]



[1980-01-06 08:00:20]tspcomm-service starting
[1980-01-06 08:00:20]name:tspcomm-service
[1980-01-06 08:00:20]pos:19
[1980-01-06 08:00:20]mute:1
[1980-01-06 08:00:20]binary:tspcomm-service
[1980-01-06 08:00:20]argument:(null)
[1980-01-06 08:00:20]cpulimit:0
[1980-01-06 08:00:20]mode:activated
[1980-01-06 08:00:20]mode:unkown
[1980-01-06 08:00:20]execv[0]:tspcomm-service
[1980-01-06 08:00:20]delay:0
[1980-01-06 08:00:20]required:modem-service state:3
[1980-01-06 08:00:20]type:0
[1980-01-06 08:00:20]state:3
[1980-01-06 08:00:20]pid:1766
[1980-01-06 08:00:20]etimes:0
[1980-01-06 08:00:20]stimes:1
[1980-01-06 08:00:20]



[1980-01-06 08:00:20]net_state.sh starting
[1980-01-06 08:00:20]name:net_state
[1980-01-06 08:00:20]pos:20
[1980-01-06 08:00:20]mute:1
[1980-01-06 08:00:20]binary:net_state.sh
[1980-01-06 08:00:20]argument:(null)
[1980-01-06 08:00:20]cpulimit:0
[1980-01-06 08:00:20]execv[0]:net_state.sh
[1980-01-06 08:00:20]delay:0
[1980-01-06 08:00:20]required:modem-service state:3
[1980-01-06 08:00:20]type:0
[1980-01-06 08:00:20]state:3
[1980-01-06 08:00:20]pid:1769
[1980-01-06 08:00:20]etimes:0
[1980-01-06 08:00:20]stimes:1
[1980-01-06 08:00:20]



[1980-01-06 08:00:20]test_tbox.sh starting
[1980-01-06 08:00:20]name:test_tbox
[1980-01-06 08:00:20]pos:21
[1980-01-06 08:00:20]mute:1
[1980-01-06 08:00:20]binary:test_tbox.sh
[1980-01-06 08:00:20]argument:(null)
[1980-01-06 08:00:20]cpulimit:0
[1980-01-06 08:00:20]execv[0]:test_tbox.sh
[1980-01-06 08:00:20]delay:0
[1980-01-06 08:00:20]type:2
[1980-01-06 08:00:20]state:3
[1980-01-06 08:00:20]pid:1777
[1980-01-06 08:00:20]etimes:0
[1980-01-06 08:00:20]stimes:1
[1980-01-06 08:00:20]



