[1980-01-06 08:00:07]process-service:Oct 31 2019 14:30:14
[1980-01-06 08:00:08]name:logcat
[1980-01-06 08:00:08]pos:0
[1980-01-06 08:00:08]mute:1
[1980-01-06 08:00:08]binary:logcat.sh
[1980-01-06 08:00:08]argument:(null)
[1980-01-06 08:00:08]cpulimit:0
[1980-01-06 08:00:08]execv[0]:logcat.sh
[1980-01-06 08:00:08]delay:0
[1980-01-06 08:00:08]type:2
[1980-01-06 08:00:08]state:0
[1980-01-06 08:00:08]pid:0
[1980-01-06 08:00:08]etimes:0
[1980-01-06 08:00:08]stimes:0
[1980-01-06 08:00:08]



[1980-01-06 08:00:08]name:start_pcm
[1980-01-06 08:00:08]pos:1
[1980-01-06 08:00:08]mute:1
[1980-01-06 08:00:08]binary:start_pcm
[1980-01-06 08:00:08]argument:(null)
[1980-01-06 08:00:08]cpulimit:0
[1980-01-06 08:00:08]execv[0]:start_pcm
[1980-01-06 08:00:08]execv[1]:acdbload
[1980-01-06 08:00:08]delay:0
[1980-01-06 08:00:08]type:2
[1980-01-06 08:00:08]state:0
[1980-01-06 08:00:08]pid:0
[1980-01-06 08:00:08]etimes:0
[1980-01-06 08:00:08]stimes:0
[1980-01-06 08:00:08]



[1980-01-06 08:00:08]name:QCMAP_APCTL
[1980-01-06 08:00:08]pos:2
[1980-01-06 08:00:08]mute:1
[1980-01-06 08:00:08]binary:QCMAP_APCTL
[1980-01-06 08:00:08]argument:(null)
[1980-01-06 08:00:08]cpulimit:0
[1980-01-06 08:00:08]execv[0]:QCMAP_APCTL
[1980-01-06 08:00:08]delay:0
[1980-01-06 08:00:08]type:0
[1980-01-06 08:00:08]state:0
[1980-01-06 08:00:08]pid:0
[1980-01-06 08:00:08]etimes:0
[1980-01-06 08:00:08]stimes:0
[1980-01-06 08:00:08]



[1980-01-06 08:00:08]name:aconf-service
[1980-01-06 08:00:08]pos:3
[1980-01-06 08:00:08]mute:1
[1980-01-06 08:00:08]binary:aconf-service
[1980-01-06 08:00:08]argument:(null)
[1980-01-06 08:00:08]cpulimit:0
[1980-01-06 08:00:08]execv[0]:aconf-service
[1980-01-06 08:00:08]delay:0
[1980-01-06 08:00:08]type:1
[1980-01-06 08:00:08]state:0
[1980-01-06 08:00:08]pid:0
[1980-01-06 08:00:08]etimes:0
[1980-01-06 08:00:08]stimes:0
[1980-01-06 08:00:08]



[1980-01-06 08:00:08]name:data-service
[1980-01-06 08:00:08]pos:4
[1980-01-06 08:00:08]mute:1
[1980-01-06 08:00:08]binary:data-service
[1980-01-06 08:00:08]argument:(null)
[1980-01-06 08:00:08]cpulimit:0
[1980-01-06 08:00:08]execv[0]:data-service
[1980-01-06 08:00:08]delay:0
[1980-01-06 08:00:08]type:0
[1980-01-06 08:00:08]state:0
[1980-01-06 08:00:08]pid:0
[1980-01-06 08:00:08]etimes:0
[1980-01-06 08:00:08]stimes:0
[1980-01-06 08:00:08]



[1980-01-06 08:00:08]name:mcu-service
[1980-01-06 08:00:08]pos:5
[1980-01-06 08:00:08]mute:1
[1980-01-06 08:00:08]binary:mcu-service
[1980-01-06 08:00:08]argument:(null)
[1980-01-06 08:00:08]cpulimit:0
[1980-01-06 08:00:08]execv[0]:mcu-service
[1980-01-06 08:00:08]delay:0
[1980-01-06 08:00:08]type:1
[1980-01-06 08:00:08]state:0
[1980-01-06 08:00:08]pid:0
[1980-01-06 08:00:08]etimes:0
[1980-01-06 08:00:08]stimes:0
[1980-01-06 08:00:08]



[1980-01-06 08:00:08]name:power-service
[1980-01-06 08:00:08]pos:6
[1980-01-06 08:00:08]mute:1
[1980-01-06 08:00:08]binary:power-service
[1980-01-06 08:00:08]argument:(null)
[1980-01-06 08:00:08]cpulimit:0
[1980-01-06 08:00:08]execv[0]:power-service
[1980-01-06 08:00:08]delay:3
[1980-01-06 08:00:08]type:1
[1980-01-06 08:00:08]state:0
[1980-01-06 08:00:08]pid:0
[1980-01-06 08:00:08]etimes:0
[1980-01-06 08:00:08]stimes:0
[1980-01-06 08:00:08]



[1980-01-06 08:00:08]name:check-mmc
[1980-01-06 08:00:08]pos:7
[1980-01-06 08:00:08]mute:1
[1980-01-06 08:00:08]binary:check-mmc-partition
[1980-01-06 08:00:08]argument:(null)
[1980-01-06 08:00:08]cpulimit:0
[1980-01-06 08:00:08]execv[0]:check-mmc-partition
[1980-01-06 08:00:08]delay:0
[1980-01-06 08:00:08]type:3
[1980-01-06 08:00:08]state:0
[1980-01-06 08:00:08]pid:0
[1980-01-06 08:00:08]etimes:0
[1980-01-06 08:00:08]stimes:0
[1980-01-06 08:00:08]



[1980-01-06 08:00:08]name:system-service
[1980-01-06 08:00:08]pos:8
[1980-01-06 08:00:08]mute:1
[1980-01-06 08:00:08]binary:system-service
[1980-01-06 08:00:08]argument:(null)
[1980-01-06 08:00:08]cpulimit:0
[1980-01-06 08:00:08]execv[0]:system-service
[1980-01-06 08:00:08]delay:5
[1980-01-06 08:00:08]type:0
[1980-01-06 08:00:08]state:0
[1980-01-06 08:00:08]pid:0
[1980-01-06 08:00:08]etimes:0
[1980-01-06 08:00:08]stimes:0
[1980-01-06 08:00:08]



[1980-01-06 08:00:08]name:monitor-service
[1980-01-06 08:00:08]pos:9
[1980-01-06 08:00:08]mute:1
[1980-01-06 08:00:08]binary:monitor-service
[1980-01-06 08:00:08]argument:(null)
[1980-01-06 08:00:08]cpulimit:0
[1980-01-06 08:00:08]execv[0]:monitor-service
[1980-01-06 08:00:08]execv[1]:-c
[1980-01-06 08:00:08]execv[2]:-s
[1980-01-06 08:00:08]execv[3]:5
[1980-01-06 08:00:08]execv[4]:-m
[1980-01-06 08:00:08]execv[5]:5
[1980-01-06 08:00:08]execv[6]:-p
[1980-01-06 08:00:08]execv[7]:/data/log
[1980-01-06 08:00:08]delay:5
[1980-01-06 08:00:08]type:0
[1980-01-06 08:00:08]state:0
[1980-01-06 08:00:08]pid:0
[1980-01-06 08:00:08]etimes:0
[1980-01-06 08:00:08]stimes:0
[1980-01-06 08:00:08]



[1980-01-06 08:00:08]name:update-mcu
[1980-01-06 08:00:08]pos:10
[1980-01-06 08:00:08]mute:1
[1980-01-06 08:00:08]binary:update-mcu
[1980-01-06 08:00:08]argument:(null)
[1980-01-06 08:00:08]cpulimit:0
[1980-01-06 08:00:08]execv[0]:update-mcu
[1980-01-06 08:00:08]delay:0
[1980-01-06 08:00:08]type:3
[1980-01-06 08:00:08]state:0
[1980-01-06 08:00:08]pid:0
[1980-01-06 08:00:08]etimes:0
[1980-01-06 08:00:08]stimes:0
[1980-01-06 08:00:08]



[1980-01-06 08:00:08]name:gnss-service
[1980-01-06 08:00:08]pos:11
[1980-01-06 08:00:08]mute:1
[1980-01-06 08:00:08]binary:gnss-service
[1980-01-06 08:00:08]argument:(null)
[1980-01-06 08:00:08]cpulimit:0
[1980-01-06 08:00:08]execv[0]:gnss-service
[1980-01-06 08:00:08]delay:6
[1980-01-06 08:00:08]required:QCMAP_ConnectionManager state:0
[1980-01-06 08:00:08]required:qti state:0
[1980-01-06 08:00:08]required:mcm_ril_service state:0
[1980-01-06 08:00:08]required:mcmlocserver state:0
[1980-01-06 08:00:08]type:0
[1980-01-06 08:00:08]state:0
[1980-01-06 08:00:08]pid:0
[1980-01-06 08:00:08]etimes:0
[1980-01-06 08:00:08]stimes:0
[1980-01-06 08:00:08]



[1980-01-06 08:00:08]name:modem-service
[1980-01-06 08:00:08]pos:12
[1980-01-06 08:00:08]mute:1
[1980-01-06 08:00:08]binary:modem-service
[1980-01-06 08:00:08]argument:(null)
[1980-01-06 08:00:08]cpulimit:0
[1980-01-06 08:00:08]execv[0]:modem-service
[1980-01-06 08:00:08]delay:6
[1980-01-06 08:00:08]required:QCMAP_ConnectionManager state:0
[1980-01-06 08:00:08]required:qti state:0
[1980-01-06 08:00:08]required:mcm_ril_service state:0
[1980-01-06 08:00:08]required:mcm_data_srv state:0
[1980-01-06 08:00:08]required:MCM_atcop_svc state:0
[1980-01-06 08:00:08]type:0
[1980-01-06 08:00:08]state:0
[1980-01-06 08:00:08]pid:0
[1980-01-06 08:00:08]etimes:0
[1980-01-06 08:00:08]stimes:0
[1980-01-06 08:00:08]



[1980-01-06 08:00:08]name:mfg-service
[1980-01-06 08:00:08]pos:13
[1980-01-06 08:00:08]mute:1
[1980-01-06 08:00:08]binary:mfg-service
[1980-01-06 08:00:08]argument:(null)
[1980-01-06 08:00:08]cpulimit:0
[1980-01-06 08:00:08]mode:mfg
[1980-01-06 08:00:08]execv[0]:mfg-service
[1980-01-06 08:00:08]delay:0
[1980-01-06 08:00:08]required:modem-service state:0
[1980-01-06 08:00:08]type:0
[1980-01-06 08:00:08]state:0
[1980-01-06 08:00:08]pid:0
[1980-01-06 08:00:08]etimes:0
[1980-01-06 08:00:08]stimes:0
[1980-01-06 08:00:08]



[1980-01-06 08:00:08]name:alarm-service
[1980-01-06 08:00:08]pos:14
[1980-01-06 08:00:08]mute:1
[1980-01-06 08:00:08]binary:alarm-service
[1980-01-06 08:00:08]argument:(null)
[1980-01-06 08:00:08]cpulimit:0
[1980-01-06 08:00:08]mode:activated
[1980-01-06 08:00:08]mode:unkown
[1980-01-06 08:00:08]execv[0]:alarm-service
[1980-01-06 08:00:08]delay:5
[1980-01-06 08:00:08]type:0
[1980-01-06 08:00:08]state:0
[1980-01-06 08:00:08]pid:0
[1980-01-06 08:00:08]etimes:0
[1980-01-06 08:00:08]stimes:0
[1980-01-06 08:00:08]



[1980-01-06 08:00:08]name:remote-service
[1980-01-06 08:00:08]pos:15
[1980-01-06 08:00:08]mute:1
[1980-01-06 08:00:08]binary:remote-service
[1980-01-06 08:00:08]argument:(null)
[1980-01-06 08:00:08]cpulimit:0
[1980-01-06 08:00:08]mode:activated
[1980-01-06 08:00:08]mode:unkown
[1980-01-06 08:00:08]execv[0]:remote-service
[1980-01-06 08:00:08]delay:0
[1980-01-06 08:00:08]type:0
[1980-01-06 08:00:08]state:0
[1980-01-06 08:00:08]pid:0
[1980-01-06 08:00:08]etimes:0
[1980-01-06 08:00:08]stimes:0
[1980-01-06 08:00:08]



[1980-01-06 08:00:08]name:fota-service
[1980-01-06 08:00:08]pos:16
[1980-01-06 08:00:08]mute:1
[1980-01-06 08:00:08]binary:fota-service
[1980-01-06 08:00:08]argument:(null)
[1980-01-06 08:00:08]cpulimit:0
[1980-01-06 08:00:08]mode:activated
[1980-01-06 08:00:08]mode:unkown
[1980-01-06 08:00:08]execv[0]:fota-service
[1980-01-06 08:00:08]delay:10
[1980-01-06 08:00:08]type:0
[1980-01-06 08:00:08]state:0
[1980-01-06 08:00:08]pid:0
[1980-01-06 08:00:08]etimes:0
[1980-01-06 08:00:08]stimes:0
[1980-01-06 08:00:08]



[1980-01-06 08:00:08]name:hu-service
[1980-01-06 08:00:08]pos:17
[1980-01-06 08:00:08]mute:1
[1980-01-06 08:00:08]binary:hu-service
[1980-01-06 08:00:08]argument:(null)
[1980-01-06 08:00:08]cpulimit:0
[1980-01-06 08:00:08]mode:activated
[1980-01-06 08:00:08]mode:unkown
[1980-01-06 08:00:08]execv[0]:hu-service
[1980-01-06 08:00:08]delay:10
[1980-01-06 08:00:08]type:0
[1980-01-06 08:00:08]state:0
[1980-01-06 08:00:08]pid:0
[1980-01-06 08:00:08]etimes:0
[1980-01-06 08:00:08]stimes:0
[1980-01-06 08:00:08]



[1980-01-06 08:00:08]name:rescue-service
[1980-01-06 08:00:08]pos:18
[1980-01-06 08:00:08]mute:1
[1980-01-06 08:00:08]binary:rescue-service
[1980-01-06 08:00:08]argument:(null)
[1980-01-06 08:00:08]cpulimit:0
[1980-01-06 08:00:08]mode:activated
[1980-01-06 08:00:08]mode:unkown
[1980-01-06 08:00:08]execv[0]:rescue-service
[1980-01-06 08:00:08]delay:10
[1980-01-06 08:00:08]required:modem-service state:0
[1980-01-06 08:00:08]type:0
[1980-01-06 08:00:08]state:0
[1980-01-06 08:00:08]pid:0
[1980-01-06 08:00:08]etimes:0
[1980-01-06 08:00:08]stimes:0
[1980-01-06 08:00:08]



[1980-01-06 08:00:08]name:tspcomm-service
[1980-01-06 08:00:08]pos:19
[1980-01-06 08:00:08]mute:1
[1980-01-06 08:00:08]binary:tspcomm-service
[1980-01-06 08:00:08]argument:(null)
[1980-01-06 08:00:08]cpulimit:0
[1980-01-06 08:00:08]mode:activated
[1980-01-06 08:00:08]mode:unkown
[1980-01-06 08:00:08]execv[0]:tspcomm-service
[1980-01-06 08:00:08]delay:10
[1980-01-06 08:00:08]required:modem-service state:0
[1980-01-06 08:00:08]type:0
[1980-01-06 08:00:08]state:0
[1980-01-06 08:00:08]pid:0
[1980-01-06 08:00:08]etimes:0
[1980-01-06 08:00:08]stimes:0
[1980-01-06 08:00:08]



[1980-01-06 08:00:08]name:net_state
[1980-01-06 08:00:08]pos:20
[1980-01-06 08:00:08]mute:1
[1980-01-06 08:00:08]binary:net_state.sh
[1980-01-06 08:00:08]argument:(null)
[1980-01-06 08:00:08]cpulimit:0
[1980-01-06 08:00:08]execv[0]:net_state.sh
[1980-01-06 08:00:08]delay:10
[1980-01-06 08:00:08]required:modem-service state:0
[1980-01-06 08:00:08]type:0
[1980-01-06 08:00:08]state:0
[1980-01-06 08:00:08]pid:0
[1980-01-06 08:00:08]etimes:0
[1980-01-06 08:00:08]stimes:0
[1980-01-06 08:00:08]



[1980-01-06 08:00:08]name:test_tbox
[1980-01-06 08:00:08]pos:21
[1980-01-06 08:00:08]mute:1
[1980-01-06 08:00:08]binary:test_tbox.sh
[1980-01-06 08:00:08]argument:(null)
[1980-01-06 08:00:08]cpulimit:0
[1980-01-06 08:00:08]execv[0]:test_tbox.sh
[1980-01-06 08:00:08]delay:10
[1980-01-06 08:00:08]type:2
[1980-01-06 08:00:08]state:0
[1980-01-06 08:00:08]pid:0
[1980-01-06 08:00:08]etimes:0
[1980-01-06 08:00:08]stimes:0
[1980-01-06 08:00:08]



[1980-01-06 08:00:08]ipc init sucess
[1980-01-06 08:00:09]logcat.sh starting
[1980-01-06 08:00:09]name:logcat
[1980-01-06 08:00:09]pos:0
[1980-01-06 08:00:09]mute:1
[1980-01-06 08:00:09]binary:logcat.sh
[1980-01-06 08:00:09]argument:(null)
[1980-01-06 08:00:09]cpulimit:0
[1980-01-06 08:00:09]execv[0]:logcat.sh
[1980-01-06 08:00:09]delay:0
[1980-01-06 08:00:09]type:2
[1980-01-06 08:00:09]state:3
[1980-01-06 08:00:09]pid:1506
[1980-01-06 08:00:09]etimes:0
[1980-01-06 08:00:09]stimes:1
[1980-01-06 08:00:09]



[1980-01-06 08:00:09]start_pcm starting
[1980-01-06 08:00:09]name:start_pcm
[1980-01-06 08:00:09]pos:1
[1980-01-06 08:00:09]mute:1
[1980-01-06 08:00:09]binary:start_pcm
[1980-01-06 08:00:09]argument:(null)
[1980-01-06 08:00:09]cpulimit:0
[1980-01-06 08:00:09]execv[0]:start_pcm
[1980-01-06 08:00:09]execv[1]:acdbload
[1980-01-06 08:00:09]delay:0
[1980-01-06 08:00:09]type:2
[1980-01-06 08:00:09]state:3
[1980-01-06 08:00:09]pid:1512
[1980-01-06 08:00:09]etimes:0
[1980-01-06 08:00:09]stimes:1
[1980-01-06 08:00:09]



[1980-01-06 08:00:09]QCMAP_APCTL starting
[1980-01-06 08:00:09]name:QCMAP_APCTL
[1980-01-06 08:00:09]pos:2
[1980-01-06 08:00:09]mute:1
[1980-01-06 08:00:09]binary:QCMAP_APCTL
[1980-01-06 08:00:09]argument:(null)
[1980-01-06 08:00:09]cpulimit:0
[1980-01-06 08:00:09]execv[0]:QCMAP_APCTL
[1980-01-06 08:00:09]delay:0
[1980-01-06 08:00:09]type:0
[1980-01-06 08:00:09]state:3
[1980-01-06 08:00:09]pid:1515
[1980-01-06 08:00:09]etimes:0
[1980-01-06 08:00:09]stimes:1
[1980-01-06 08:00:09]



[1980-01-06 08:00:09]aconf-service starting
[1980-01-06 08:00:09]name:aconf-service
[1980-01-06 08:00:09]pos:3
[1980-01-06 08:00:09]mute:1
[1980-01-06 08:00:09]binary:aconf-service
[1980-01-06 08:00:09]argument:(null)
[1980-01-06 08:00:09]cpulimit:0
[1980-01-06 08:00:09]execv[0]:aconf-service
[1980-01-06 08:00:09]delay:0
[1980-01-06 08:00:09]type:1
[1980-01-06 08:00:09]state:3
[1980-01-06 08:00:09]pid:1529
[1980-01-06 08:00:09]etimes:0
[1980-01-06 08:00:09]stimes:1
[1980-01-06 08:00:09]



[1980-01-06 08:00:09]data-service starting
[1980-01-06 08:00:09]name:data-service
[1980-01-06 08:00:09]pos:4
[1980-01-06 08:00:09]mute:1
[1980-01-06 08:00:09]binary:data-service
[1980-01-06 08:00:09]argument:(null)
[1980-01-06 08:00:09]cpulimit:0
[1980-01-06 08:00:09]execv[0]:data-service
[1980-01-06 08:00:09]delay:0
[1980-01-06 08:00:09]type:0
[1980-01-06 08:00:09]state:3
[1980-01-06 08:00:09]pid:1534
[1980-01-06 08:00:09]etimes:0
[1980-01-06 08:00:09]stimes:1
[1980-01-06 08:00:09]



[1980-01-06 08:00:09]mcu-service starting
[1980-01-06 08:00:09]name:mcu-service
[1980-01-06 08:00:09]pos:5
[1980-01-06 08:00:09]mute:1
[1980-01-06 08:00:09]binary:mcu-service
[1980-01-06 08:00:09]argument:(null)
[1980-01-06 08:00:09]cpulimit:0
[1980-01-06 08:00:09]execv[0]:mcu-service
[1980-01-06 08:00:09]delay:0
[1980-01-06 08:00:09]type:1
[1980-01-06 08:00:09]state:3
[1980-01-06 08:00:09]pid:1535
[1980-01-06 08:00:09]etimes:0
[1980-01-06 08:00:09]stimes:1
[1980-01-06 08:00:09]



[1980-01-06 08:00:09]check-mmc-partition starting
[1980-01-06 08:00:09]name:check-mmc
[1980-01-06 08:00:09]pos:7
[1980-01-06 08:00:09]mute:1
[1980-01-06 08:00:09]binary:check-mmc-partition
[1980-01-06 08:00:09]argument:(null)
[1980-01-06 08:00:09]cpulimit:0
[1980-01-06 08:00:09]execv[0]:check-mmc-partition
[1980-01-06 08:00:09]delay:0
[1980-01-06 08:00:09]type:3
[1980-01-06 08:00:09]state:3
[1980-01-06 08:00:09]pid:1545
[1980-01-06 08:00:09]etimes:0
[1980-01-06 08:00:09]stimes:1
[1980-01-06 08:00:09]



[1980-01-06 08:00:09]sigchld_handler:17
[1980-01-06 08:00:11]chld pid:1545
[1980-01-06 08:00:11]match chld:check-mmc
[1980-01-06 08:00:12]power-service starting
[1980-01-06 08:00:12]name:power-service
[1980-01-06 08:00:12]pos:6
[1980-01-06 08:00:12]mute:1
[1980-01-06 08:00:12]binary:power-service
[1980-01-06 08:00:12]argument:(null)
[1980-01-06 08:00:12]cpulimit:0
[1980-01-06 08:00:12]execv[0]:power-service
[1980-01-06 08:00:12]delay:0
[1980-01-06 08:00:12]type:1
[1980-01-06 08:00:12]state:3
[1980-01-06 08:00:12]pid:1549
[1980-01-06 08:00:12]etimes:0
[1980-01-06 08:00:12]stimes:1
[1980-01-06 08:00:12]



[1980-01-06 08:00:13]update-mcu starting
[1980-01-06 08:00:13]name:update-mcu
[1980-01-06 08:00:13]pos:10
[1980-01-06 08:00:13]mute:1
[1980-01-06 08:00:13]binary:update-mcu
[1980-01-06 08:00:13]argument:(null)
[1980-01-06 08:00:13]cpulimit:0
[1980-01-06 08:00:13]execv[0]:update-mcu
[1980-01-06 08:00:13]delay:0
[1980-01-06 08:00:13]type:3
[1980-01-06 08:00:13]state:3
[1980-01-06 08:00:13]pid:1555
[1980-01-06 08:00:13]etimes:0
[1980-01-06 08:00:13]stimes:1
[1980-01-06 08:00:13]



[1980-01-06 08:00:13]sigchld_handler:17
[1980-01-06 08:00:14]chld pid:1555
[1980-01-06 08:00:14]match chld:update-mcu
[1980-01-06 08:00:14]sigchld_handler:17
[1980-01-06 08:00:14]chld pid:1512
[1980-01-06 08:00:14]match chld:start_pcm
[1980-01-06 08:00:15]system-service starting
[1980-01-06 08:00:15]name:system-service
[1980-01-06 08:00:15]pos:8
[1980-01-06 08:00:15]mute:1
[1980-01-06 08:00:15]binary:system-service
[1980-01-06 08:00:15]argument:(null)
[1980-01-06 08:00:15]cpulimit:0
[1980-01-06 08:00:15]execv[0]:system-service
[1980-01-06 08:00:15]delay:0
[1980-01-06 08:00:15]type:0
[1980-01-06 08:00:15]state:3
[1980-01-06 08:00:15]pid:1571
[1980-01-06 08:00:15]etimes:0
[1980-01-06 08:00:15]stimes:1
[1980-01-06 08:00:15]



[1980-01-06 08:00:16]monitor-service starting
[1980-01-06 08:00:16]name:monitor-service
[1980-01-06 08:00:16]pos:9
[1980-01-06 08:00:16]mute:1
[1980-01-06 08:00:16]binary:monitor-service
[1980-01-06 08:00:16]argument:(null)
[1980-01-06 08:00:16]cpulimit:0
[1980-01-06 08:00:16]execv[0]:monitor-service
[1980-01-06 08:00:16]execv[1]:-c
[1980-01-06 08:00:16]execv[2]:-s
[1980-01-06 08:00:16]execv[3]:5
[1980-01-06 08:00:16]execv[4]:-m
[1980-01-06 08:00:16]execv[5]:5
[1980-01-06 08:00:16]execv[6]:-p
[1980-01-06 08:00:16]execv[7]:/data/log
[1980-01-06 08:00:16]delay:0
[1980-01-06 08:00:16]type:0
[1980-01-06 08:00:16]state:3
[1980-01-06 08:00:16]pid:1572
[1980-01-06 08:00:16]etimes:0
[1980-01-06 08:00:16]stimes:1
[1980-01-06 08:00:16]



[1980-01-06 08:00:16]gnss-service starting
[1980-01-06 08:00:16]name:gnss-service
[1980-01-06 08:00:16]pos:11
[1980-01-06 08:00:16]mute:1
[1980-01-06 08:00:16]binary:gnss-service
[1980-01-06 08:00:16]argument:(null)
[1980-01-06 08:00:16]cpulimit:0
[1980-01-06 08:00:16]execv[0]:gnss-service
[1980-01-06 08:00:16]delay:0
[1980-01-06 08:00:16]required:QCMAP_ConnectionManager state:3
[1980-01-06 08:00:16]required:qti state:3
[1980-01-06 08:00:16]required:mcm_ril_service state:3
[1980-01-06 08:00:16]required:mcmlocserver state:3
[1980-01-06 08:00:16]type:0
[1980-01-06 08:00:16]state:3
[1980-01-06 08:00:16]pid:1579
[1980-01-06 08:00:16]etimes:0
[1980-01-06 08:00:16]stimes:1
[1980-01-06 08:00:16]



[1980-01-06 08:00:16]modem-service starting
[1980-01-06 08:00:16]name:modem-service
[1980-01-06 08:00:16]pos:12
[1980-01-06 08:00:16]mute:1
[1980-01-06 08:00:16]binary:modem-service
[1980-01-06 08:00:16]argument:(null)
[1980-01-06 08:00:16]cpulimit:0
[1980-01-06 08:00:16]execv[0]:modem-service
[1980-01-06 08:00:16]delay:0
[1980-01-06 08:00:16]required:QCMAP_ConnectionManager state:3
[1980-01-06 08:00:16]required:qti state:3
[1980-01-06 08:00:16]required:mcm_ril_service state:3
[1980-01-06 08:00:16]required:mcm_data_srv state:3
[1980-01-06 08:00:16]required:MCM_atcop_svc state:3
[1980-01-06 08:00:16]type:0
[1980-01-06 08:00:16]state:3
[1980-01-06 08:00:16]pid:1587
[1980-01-06 08:00:16]etimes:0
[1980-01-06 08:00:16]stimes:1
[1980-01-06 08:00:16]



[1980-01-06 08:00:16]alarm-service starting
[1980-01-06 08:00:16]name:alarm-service
[1980-01-06 08:00:16]pos:14
[1980-01-06 08:00:16]mute:1
[1980-01-06 08:00:16]binary:alarm-service
[1980-01-06 08:00:16]argument:(null)
[1980-01-06 08:00:16]cpulimit:0
[1980-01-06 08:00:16]mode:activated
[1980-01-06 08:00:16]mode:unkown
[1980-01-06 08:00:16]execv[0]:alarm-service
[1980-01-06 08:00:16]delay:0
[1980-01-06 08:00:16]type:0
[1980-01-06 08:00:16]state:3
[1980-01-06 08:00:16]pid:1595
[1980-01-06 08:00:16]etimes:0
[1980-01-06 08:00:16]stimes:1
[1980-01-06 08:00:16]



[1980-01-06 08:00:16]remote-service starting
[1980-01-06 08:00:16]name:remote-service
[1980-01-06 08:00:16]pos:15
[1980-01-06 08:00:16]mute:1
[1980-01-06 08:00:16]binary:remote-service
[1980-01-06 08:00:16]argument:(null)
[1980-01-06 08:00:16]cpulimit:0
[1980-01-06 08:00:16]mode:activated
[1980-01-06 08:00:16]mode:unkown
[1980-01-06 08:00:16]execv[0]:remote-service
[1980-01-06 08:00:16]delay:0
[1980-01-06 08:00:16]type:0
[1980-01-06 08:00:16]state:3
[1980-01-06 08:00:16]pid:1601
[1980-01-06 08:00:16]etimes:0
[1980-01-06 08:00:16]stimes:1
[1980-01-06 08:00:16]



[1980-01-06 08:00:20]fota-service starting
[1980-01-06 08:00:20]name:fota-service
[1980-01-06 08:00:20]pos:16
[1980-01-06 08:00:20]mute:1
[1980-01-06 08:00:20]binary:fota-service
[1980-01-06 08:00:20]argument:(null)
[1980-01-06 08:00:20]cpulimit:0
[1980-01-06 08:00:20]mode:activated
[1980-01-06 08:00:20]mode:unkown
[1980-01-06 08:00:20]execv[0]:fota-service
[1980-01-06 08:00:20]delay:0
[1980-01-06 08:00:20]type:0
[1980-01-06 08:00:20]state:3
[1980-01-06 08:00:20]pid:1711
[1980-01-06 08:00:20]etimes:0
[1980-01-06 08:00:20]stimes:1
[1980-01-06 08:00:20]



[1980-01-06 08:00:20]hu-service starting
[1980-01-06 08:00:20]name:hu-service
[1980-01-06 08:00:20]pos:17
[1980-01-06 08:00:20]mute:1
[1980-01-06 08:00:20]binary:hu-service
[1980-01-06 08:00:20]argument:(null)
[1980-01-06 08:00:20]cpulimit:0
[1980-01-06 08:00:20]mode:activated
[1980-01-06 08:00:20]mode:unkown
[1980-01-06 08:00:20]execv[0]:hu-service
[1980-01-06 08:00:20]delay:0
[1980-01-06 08:00:20]type:0
[1980-01-06 08:00:20]state:3
[1980-01-06 08:00:20]pid:1712
[1980-01-06 08:00:20]etimes:0
[1980-01-06 08:00:20]stimes:1
[1980-01-06 08:00:20]



[1980-01-06 08:00:20]rescue-service starting
[1980-01-06 08:00:20]name:rescue-service
[1980-01-06 08:00:20]pos:18
[1980-01-06 08:00:20]mute:1
[1980-01-06 08:00:20]binary:rescue-service
[1980-01-06 08:00:20]argument:(null)
[1980-01-06 08:00:20]cpulimit:0
[1980-01-06 08:00:20]mode:activated
[1980-01-06 08:00:20]mode:unkown
[1980-01-06 08:00:20]execv[0]:rescue-service
[1980-01-06 08:00:20]delay:0
[1980-01-06 08:00:20]required:modem-service state:3
[1980-01-06 08:00:20]type:0
[1980-01-06 08:00:20]state:3
[1980-01-06 08:00:20]pid:1713
[1980-01-06 08:00:20]etimes:0
[1980-01-06 08:00:20]stimes:1
[1980-01-06 08:00:20]



[1980-01-06 08:00:20]tspcomm-service starting
[1980-01-06 08:00:20]name:tspcomm-service
[1980-01-06 08:00:20]pos:19
[1980-01-06 08:00:20]mute:1
[1980-01-06 08:00:20]binary:tspcomm-service
[1980-01-06 08:00:20]argument:(null)
[1980-01-06 08:00:20]cpulimit:0
[1980-01-06 08:00:20]mode:activated
[1980-01-06 08:00:20]mode:unkown
[1980-01-06 08:00:20]execv[0]:tspcomm-service
[1980-01-06 08:00:20]delay:0
[1980-01-06 08:00:20]required:modem-service state:3
[1980-01-06 08:00:20]type:0
[1980-01-06 08:00:20]state:3
[1980-01-06 08:00:20]pid:1716
[1980-01-06 08:00:20]etimes:0
[1980-01-06 08:00:20]stimes:1
[1980-01-06 08:00:20]



[1980-01-06 08:00:20]net_state.sh starting
[1980-01-06 08:00:20]name:net_state
[1980-01-06 08:00:20]pos:20
[1980-01-06 08:00:20]mute:1
[1980-01-06 08:00:20]binary:net_state.sh
[1980-01-06 08:00:20]argument:(null)
[1980-01-06 08:00:20]cpulimit:0
[1980-01-06 08:00:20]execv[0]:net_state.sh
[1980-01-06 08:00:20]delay:0
[1980-01-06 08:00:20]required:modem-service state:3
[1980-01-06 08:00:20]type:0
[1980-01-06 08:00:20]state:3
[1980-01-06 08:00:20]pid:1719
[1980-01-06 08:00:20]etimes:0
[1980-01-06 08:00:20]stimes:1
[1980-01-06 08:00:20]



[1980-01-06 08:00:20]test_tbox.sh starting
[1980-01-06 08:00:20]name:test_tbox
[1980-01-06 08:00:20]pos:21
[1980-01-06 08:00:20]mute:1
[1980-01-06 08:00:20]binary:test_tbox.sh
[1980-01-06 08:00:20]argument:(null)
[1980-01-06 08:00:20]cpulimit:0
[1980-01-06 08:00:20]execv[0]:test_tbox.sh
[1980-01-06 08:00:20]delay:0
[1980-01-06 08:00:20]type:2
[1980-01-06 08:00:20]state:3
[1980-01-06 08:00:20]pid:1727
[1980-01-06 08:00:20]etimes:0
[1980-01-06 08:00:20]stimes:1
[1980-01-06 08:00:20]



