[1980-01-06 08:00:10]               /\  /\                
[1980-01-06 08:00:10]***************  \/  *****************
[1980-01-06 08:00:10]                                      
[1980-01-06 08:00:10] data-service start!!!!               
[1980-01-06 08:00:10] build: Oct 31 2019 14:30:24 
[1980-01-06 08:00:10] build: 05 14 2019 10:50:18           
[1980-01-06 08:00:10]                                      
[1980-01-06 08:00:10]**************************************
[1980-01-06 08:00:10]class VehicleDataServiceStubImpl construction
[1980-01-06 08:00:10]VehicleDataService registerService Done
[1980-01-06 08:00:10]new VDDataModel()
[1980-01-06 08:00:10]VDDataModel is constructed
[1980-01-06 08:00:10]initACStatus done
[1980-01-06 08:00:10]initVehicleData done
[1980-01-06 08:00:10]initCrashData done
[1980-01-06 08:00:10]initTyrePressData done
[1980-01-06 08:00:10]initGValData done
[1980-01-06 08:00:10]initRadarData done
[1980-01-06 08:00:10]initBigData1 done
[1980-01-06 08:00:10]initBigData2 done
[1980-01-06 08:00:10]initNomalFaultData done
[1980-01-06 08:00:10]initElecChgeData done
[1980-01-06 08:00:10]initVehicleData1 done
[1980-01-06 08:00:10]initCarCFGData done
[1980-01-06 08:00:10]registerVehicleDataChangeCb Done
[1980-01-06 08:00:10]registerVehicleData1ChangeCb Done
[1980-01-06 08:00:10]registerHvacDataChangeCb Done
[1980-01-06 08:00:10]registerCrashChangeCb Done
[1980-01-06 08:00:10]registerPhoneCallChangeCb Done
[1980-01-06 08:00:10]registerCtrlResultChangeCb Done
[1980-01-06 08:00:10]new VDDataModelElec()
[1980-01-06 08:00:10]VDDataModelElec is constructed
[1980-01-06 08:00:10]initVcuData done
[1980-01-06 08:00:10]initMotorData done
[1980-01-06 08:00:10]initExtremumData done
[1980-01-06 08:00:10]initFaultData done
[1980-01-06 08:00:10]initChargeStorData done
[1980-01-06 08:00:10]initN1DTCData done
[1980-01-06 08:00:10]initN2DTCData done
[1980-01-06 08:00:10]initChargeStorTempData done
[1980-01-06 08:00:10]initCellSysNumData done
[1980-01-06 08:00:10]initDefineData done
[1980-01-06 08:00:10]registerVcuChangeCb Done
[1980-01-06 08:00:10]registerMotorChangeCb Done
[1980-01-06 08:00:10]registerExtremumChangeCb Done
[1980-01-06 08:00:10]registerFaultChangeCb Done
[1980-01-06 08:00:10]registerChargeStorChangeCb Done
[1980-01-06 08:00:10]registerTyreChangeCb Done
[1980-01-06 08:00:10]registerDTCChangeCb Done
[1980-01-06 08:00:10]registerGValChangeCb Done
[1980-01-06 08:00:10]registerRadarChangeCb Done
[1980-01-06 08:00:10]registerBigData1Cb Done
[1980-01-06 08:00:10]registerBigData2Cb Done
[1980-01-06 08:00:10]registerNomalFaultCb Done
[1980-01-06 08:00:10]registerCarCfgDataCb Done
[1980-01-06 08:00:10]autolinkMcuParseDataPThread -> start
[1980-01-06 08:00:10]MCU SERVICE IS AVAILABLE!
[1980-01-06 08:00:10]notify mcu service handshake sucessful
[1980-01-06 08:00:12]G:: D0 03 06 64 06 64 06 64 06 64 03 64 
[1980-01-06 08:00:13]G:: D0 01 40 00 00 
[1980-01-06 08:00:13]G:: D0 02 80 14 01 02 9E 80 D2 00 00 
[1980-01-06 08:00:13]G:: D0 03 06 64 06 64 06 64 06 64 03 64 
[1980-01-06 08:00:13]G:: D0 05 00 02 FF 03 0A 
[1980-01-06 08:00:13]G:: D0 06 00 
[1980-01-06 08:00:13]G:: D0 07 00 
[1980-01-06 08:00:13]G:: D0 08 00 00 03 E9 00 00 00 00 00 00 
[1980-01-06 08:00:13]G:: D0 09 00 00 00 00 00 00 
[1980-01-06 08:00:13]G:: D0 0A 01 33 00 00 00 01 86 D5 2E FF FF 00 68 
[1980-01-06 08:00:13]G:: D0 0B 03 08 FF FF FF FF 00 00 
[1980-01-06 08:00:13]G:: D0 0C 00 00 00 
[1980-01-06 08:00:13]G:: D0 0D 0F 
[1980-01-06 08:00:13]G:: D0 0E 00 
[1980-01-06 08:00:13]G:: D0 0F 00 00 
[1980-01-06 08:00:13]G:: D0 11 00 00 00 00 00 00 00 00 00 00 00 00 00 00 00 00 00 00 00 00 00 00 00 00 00 
[1980-01-06 08:00:13]G:: D0 12 00 
[1980-01-06 08:00:13]G:: 50 1C 44 46 53 4B 30 30 30 31 30 30 30 32 30 30 32 36 31 39 31 30 31 36 30 30 30 31 30 30 30 30 31 30 
[1980-01-06 08:00:13]G:: D0 14 00 00 00 00 00 15 14 15 15 42 46 3D 40 
[1980-01-06 08:00:13]G:: D0 15 00 
[1980-01-06 08:00:13]G:: D0 16 00 
[1980-01-06 08:00:13]G:: D0 1B 00 FF 
[1980-01-06 08:00:13]G:: 50 06 31 32 33 34 35 54 30 37 30 33 54 30 30 30 31 31 30 
[1980-01-06 08:00:13]G:: 50 0C A7 AA 69 46 67 5F 5F 24 
[1980-01-06 08:00:13]G:: D0 19 FF 
[1980-01-06 08:00:13]G:: D0 1D 00 00 00 4B B0 00 00 4E 20 00 00 4A B6 07 9E 
[1980-01-06 08:00:13]G:: D0 13 02 
[1980-01-06 08:00:13]G:: D0 1E 00 
[1980-01-06 08:00:13]G:: D0 1F 00 
[1980-01-06 08:00:13]G:: D0 2A FF 00 02 00 00 02 02 02 02 02 
[1980-01-06 08:00:13]ecall invalid
[1980-01-06 08:00:13]bcall invalid
[1980-01-06 08:00:13]icall invalid
[1980-01-06 08:00:13]return ctrl default
[1980-01-06 08:00:13]result: default
[1980-01-06 08:00:13]car cfg CAR_CFG_PEPS
[1980-01-06 08:00:13]car type F_506S
[1980-01-06 08:00:16]G:: D0 03 04 64 04 64 01 64 01 64 03 64 
[1980-01-06 08:00:22]new VDDataModelCtrl()
[1980-01-06 08:00:22]VDDataModelCtrl is constructed
[1980-01-06 08:00:24]G:: D0 03 06 64 06 64 06 64 06 64 03 64 
[1980-01-06 08:00:28]G:: D0 03 04 64 04 64 01 64 01 64 03 64 
[2019-11-08 10:48:01]G:: D0 03 06 64 06 64 06 64 06 64 03 64 
[2019-11-08 10:48:05]G:: D0 03 04 64 04 64 01 64 01 64 03 64 
[2019-11-08 10:48:13]G:: D0 03 06 64 06 64 06 64 06 64 03 64 
[2019-11-08 10:48:17]G:: D0 03 04 64 04 64 01 64 01 64 03 64 
[2019-11-08 10:48:24]G:: D0 03 06 64 06 64 06 64 06 64 03 64 
[2019-11-08 10:48:28]G:: D0 03 04 64 04 64 01 64 01 64 03 64 
[2019-11-08 10:48:36]G:: D0 03 06 64 06 64 06 64 06 64 03 64 
