[1980-01-06 08:00:09]               /\  /\                
[1980-01-06 08:00:09]***************  \/  *****************
[1980-01-06 08:00:09]                                      
[1980-01-06 08:00:09] data-service start!!!!               
[1980-01-06 08:00:09] build: Oct 31 2019 14:30:24 
[1980-01-06 08:00:09] build: 05 14 2019 10:50:18           
[1980-01-06 08:00:09]                                      
[1980-01-06 08:00:09]**************************************
[1980-01-06 08:00:09]class VehicleDataServiceStubImpl construction
[1980-01-06 08:00:09]VehicleDataService registerService Done
[1980-01-06 08:00:09]new VDDataModel()
[1980-01-06 08:00:09]VDDataModel is constructed
[1980-01-06 08:00:09]initACStatus done
[1980-01-06 08:00:09]initVehicleData done
[1980-01-06 08:00:09]initCrashData done
[1980-01-06 08:00:09]initTyrePressData done
[1980-01-06 08:00:09]initGValData done
[1980-01-06 08:00:09]initRadarData done
[1980-01-06 08:00:09]initBigData1 done
[1980-01-06 08:00:09]initBigData2 done
[1980-01-06 08:00:09]initNomalFaultData done
[1980-01-06 08:00:09]initElecChgeData done
[1980-01-06 08:00:09]initVehicleData1 done
[1980-01-06 08:00:09]initCarCFGData done
[1980-01-06 08:00:09]registerVehicleDataChangeCb Done
[1980-01-06 08:00:09]registerVehicleData1ChangeCb Done
[1980-01-06 08:00:09]registerHvacDataChangeCb Done
[1980-01-06 08:00:09]registerCrashChangeCb Done
[1980-01-06 08:00:09]registerPhoneCallChangeCb Done
[1980-01-06 08:00:09]registerCtrlResultChangeCb Done
[1980-01-06 08:00:09]new VDDataModelElec()
[1980-01-06 08:00:09]VDDataModelElec is constructed
[1980-01-06 08:00:09]initVcuData done
[1980-01-06 08:00:09]initMotorData done
[1980-01-06 08:00:09]initExtremumData done
[1980-01-06 08:00:09]initFaultData done
[1980-01-06 08:00:09]initChargeStorData done
[1980-01-06 08:00:09]initN1DTCData done
[1980-01-06 08:00:09]initN2DTCData done
[1980-01-06 08:00:09]initChargeStorTempData done
[1980-01-06 08:00:09]initCellSysNumData done
[1980-01-06 08:00:09]initDefineData done
[1980-01-06 08:00:09]registerVcuChangeCb Done
[1980-01-06 08:00:09]registerMotorChangeCb Done
[1980-01-06 08:00:09]registerExtremumChangeCb Done
[1980-01-06 08:00:09]registerFaultChangeCb Done
[1980-01-06 08:00:09]registerChargeStorChangeCb Done
[1980-01-06 08:00:09]registerTyreChangeCb Done
[1980-01-06 08:00:09]registerDTCChangeCb Done
[1980-01-06 08:00:09]registerGValChangeCb Done
[1980-01-06 08:00:09]registerRadarChangeCb Done
[1980-01-06 08:00:09]registerBigData1Cb Done
[1980-01-06 08:00:09]registerBigData2Cb Done
[1980-01-06 08:00:09]registerNomalFaultCb Done
[1980-01-06 08:00:09]registerCarCfgDataCb Done
[1980-01-06 08:00:09]autolinkMcuParseDataPThread -> start
[1980-01-06 08:00:10]MCU SERVICE IS AVAILABLE!
[1980-01-06 08:00:10]notify mcu service handshake sucessful
[1980-01-06 08:00:13]G:: D0 01 40 00 00 
[1980-01-06 08:00:13]G:: D0 02 80 14 01 02 9E 80 D2 00 00 
[1980-01-06 08:00:13]G:: D0 03 04 64 04 64 01 64 01 64 03 64 
[1980-01-06 08:00:13]G:: D0 05 00 02 FF 03 0A 
[1980-01-06 08:00:13]G:: D0 06 00 
[1980-01-06 08:00:13]G:: D0 07 00 
[1980-01-06 08:00:13]G:: D0 08 00 00 03 E9 00 00 00 00 00 00 
[1980-01-06 08:00:13]G:: D0 09 00 00 00 00 00 00 
[1980-01-06 08:00:13]G:: D0 0A 01 33 00 00 00 01 86 D5 2E FF FF 00 68 
[1980-01-06 08:00:13]G:: D0 0B 03 08 FF FF FF FF 00 00 
[1980-01-06 08:00:13]G:: D0 0C 00 00 00 
[1980-01-06 08:00:13]G:: D0 0D 0F 
[1980-01-06 08:00:13]G:: D0 0E 00 
[1980-01-06 08:00:13]G:: D0 0F 00 00 
[1980-01-06 08:00:13]G:: D0 11 00 00 00 00 00 00 00 00 00 00 00 00 00 00 00 00 00 00 00 00 00 00 00 00 00 
[1980-01-06 08:00:13]G:: D0 12 00 
[1980-01-06 08:00:13]G:: 50 1C 44 46 53 4B 30 30 30 31 30 30 30 32 30 30 32 36 31 39 31 30 31 36 30 30 30 31 30 30 30 30 31 30 
[1980-01-06 08:00:13]G:: D0 14 00 00 00 00 00 15 14 15 15 42 46 3D 40 
[1980-01-06 08:00:13]G:: D0 15 00 
[1980-01-06 08:00:13]G:: D0 16 00 
[1980-01-06 08:00:13]G:: D0 1B 00 FF 
[1980-01-06 08:00:13]G:: 50 06 31 32 33 34 35 54 30 37 30 33 54 30 30 30 31 31 30 
[1980-01-06 08:00:13]G:: 50 0C A7 AA 69 46 67 5F 5F 24 
[1980-01-06 08:00:13]G:: D0 19 FF 
[1980-01-06 08:00:13]G:: D0 1D 02 00 00 4A 39 00 00 4D 27 00 00 4B B0 08 0E 
[1980-01-06 08:00:13]G:: D0 13 02 
[1980-01-06 08:00:13]G:: D0 1E 00 
[1980-01-06 08:00:13]G:: D0 1F 00 
[1980-01-06 08:00:13]G:: D0 2A FF 00 02 00 00 02 02 02 02 02 
[1980-01-06 08:00:13]ecall invalid
[1980-01-06 08:00:13]bcall invalid
[1980-01-06 08:00:13]icall invalid
[1980-01-06 08:00:13]return ctrl default
[1980-01-06 08:00:13]result: default
[1980-01-06 08:00:13]car cfg CAR_CFG_PEPS
[1980-01-06 08:00:13]car type F_506S
[1980-01-06 08:00:16]G:: D0 03 06 64 06 64 06 64 06 64 03 64 
[1980-01-06 08:00:20]G:: D0 05 02 02 FF 03 0A 
[1980-01-06 08:00:20]G:: D0 01 C0 00 00 
[1980-01-06 08:00:20]G:: D0 02 01 14 01 02 A3 80 D2 00 00 
[1980-01-06 08:00:20]G:: D0 05 02 02 FF 03 00 
[1980-01-06 08:00:20]G:: D0 05 02 02 FF 03 00 
[1980-01-06 08:00:20]G:: D0 02 81 14 01 02 A3 80 D2 00 00 
[1980-01-06 08:00:20]G:: D0 05 02 02 FF 03 0A 
[1980-01-06 08:00:20]G:: D0 03 04 64 04 64 04 64 04 64 03 64 
[1980-01-06 08:00:20]G:: D0 02 81 14 01 02 A8 80 D2 00 00 
[1980-01-06 08:00:20]G:: D0 05 02 02 FF 03 03 
[1980-01-06 08:00:20]G:: D0 05 02 02 FF 03 01 
[1980-01-06 08:00:20]G:: D0 05 03 02 FF 03 10 
[1980-01-06 08:00:20]G:: D0 05 03 02 FF 03 32 
[1980-01-06 08:00:20]G:: D0 05 03 02 FF 03 31 
[1980-01-06 08:00:20]G:: D0 05 03 02 FF 03 31 
[1980-01-06 08:00:20]G:: D0 05 03 02 FF 03 08 
[1980-01-06 08:00:20]G:: D0 05 03 02 FF 03 02 
[1980-01-06 08:00:20]G:: D0 05 03 02 FF 03 00 
[1980-01-06 08:00:21]G:: D0 05 03 02 FF 03 0D 
[1980-01-06 08:00:21]G:: D0 05 03 02 FF 03 0B 
[1980-01-06 08:00:21]G:: D0 05 03 02 FF 03 0A 
[1980-01-06 08:00:21]G:: D0 05 03 02 FF 03 0B 
[1980-01-06 08:00:21]G:: D0 05 03 02 FF 03 0B 
[1980-01-06 08:00:21]G:: D0 02 81 14 01 02 D0 80 D2 00 00 
[1980-01-06 08:00:21]G:: D0 05 03 02 FF 03 0A 
[1980-01-06 08:00:21]G:: D0 05 03 02 FF 03 0A 
[1980-01-06 08:00:21]G:: D0 05 03 02 FF 03 0A 
[1980-01-06 08:00:21]G:: D0 05 03 02 FF 03 0A 
[1980-01-06 08:00:21]G:: D0 05 03 02 FF 03 09 
[1980-01-06 08:00:21]G:: D0 05 03 02 FF 03 08 
[1980-01-06 08:00:21]G:: D0 05 03 02 FF 03 08 
[1980-01-06 08:00:21]G:: D0 05 03 01 FF 03 08 
[1980-01-06 08:00:21]G:: D0 05 03 01 FF 03 09 
[1980-01-06 08:00:21]G:: D0 05 03 01 FF 03 0A 
[1980-01-06 08:00:21]G:: D0 05 03 01 FF 03 0A 
[1980-01-06 08:00:21]G:: D0 05 02 01 FF 03 0A 
[1980-01-06 08:00:21]G:: D0 05 02 01 FF 03 0A 
[1980-01-06 08:00:22]G:: D0 05 02 01 FF 03 0A 
[1980-01-06 08:00:22]G:: D0 05 02 01 FF 03 0A 
[1980-01-06 08:00:22]G:: D0 05 02 01 FF 03 0A 
[1980-01-06 08:00:22]G:: D0 05 02 01 FF 03 0A 
[1980-01-06 08:00:22]new VDDataModelCtrl()
[1980-01-06 08:00:22]VDDataModelCtrl is constructed
[1980-01-06 08:00:22]G:: D0 05 02 01 FF 03 0A 
[1980-01-06 08:00:22]G:: D0 05 02 01 FF 03 0A 
[1980-01-06 08:00:22]G:: D0 02 81 14 01 02 A8 80 D2 00 00 
[1980-01-06 08:00:22]G:: D0 05 02 01 FF 03 0A 
[1980-01-06 08:00:22]G:: D0 05 02 01 FF 03 0A 
[1980-01-06 08:00:22]G:: D0 05 02 01 FF 03 0A 
[1980-01-06 08:00:22]G:: D0 02 81 14 01 02 A8 80 D2 00 00 
[1980-01-06 08:00:22]G:: D0 09 00 00 05 62 00 00 
[1980-01-06 08:00:22]G:: D0 0B 03 08 FF FF FF FF 00 00 
[1980-01-06 08:00:23]G:: D0 05 02 01 FF 03 09 
[1980-01-06 08:00:23]G:: D0 05 02 01 FF 03 08 
[1980-01-06 08:00:23]G:: D0 05 02 01 FF 03 09 
[1980-01-06 08:00:23]G:: D0 05 02 01 FF 03 08 
[1980-01-06 08:00:23]G:: D0 05 02 01 FF 03 08 
[1980-01-06 08:00:24]G:: D0 05 02 01 FF 03 08 
[1980-01-06 08:00:24]G:: D0 0A 01 33 00 00 00 01 86 D5 2E FF FF 00 86 
[1980-01-06 08:00:25]G:: D0 05 02 01 FF 03 09 
[1980-01-06 08:00:25]G:: D0 05 02 01 FF 03 0A 
[1980-01-06 08:00:25]G:: D0 05 02 01 FF 03 08 
[1980-01-06 08:00:25]G:: D0 05 02 01 FF 03 09 
[1980-01-06 08:00:25]G:: D0 05 02 01 FF 03 08 
[1980-01-06 08:00:25]G:: D0 05 02 01 FF 03 08 
[1980-01-06 08:00:25]G:: D0 05 02 01 FF 03 08 
[1980-01-06 08:00:26]G:: D0 05 02 01 FF 03 09 
[1980-01-06 08:00:26]G:: D0 05 02 01 FF 03 09 
[1980-01-06 08:00:26]G:: D0 05 02 01 FF 03 09 
[1980-01-06 08:00:26]G:: D0 05 02 01 FF 03 09 
[1980-01-06 08:00:26]G:: D0 05 02 01 FF 03 09 
[1980-01-06 08:00:26]G:: D0 05 02 01 FF 03 09 
[1980-01-06 08:00:26]G:: D0 05 02 01 FF 03 09 
[1980-01-06 08:00:26]G:: D0 05 02 01 FF 03 09 
[1980-01-06 08:00:26]G:: D0 05 02 01 FF 03 09 
[1980-01-06 08:00:26]G:: D0 05 02 01 FF 03 09 
[1980-01-06 08:00:27]G:: D0 05 02 01 FF 03 08 
[1980-01-06 08:00:27]G:: D0 05 02 01 FF 03 09 
[1980-01-06 08:00:27]G:: D0 05 02 01 FF 03 09 
[1980-01-06 08:00:27]G:: D0 05 02 01 FF 03 09 
[1980-01-06 08:00:28]G:: D0 05 02 01 FF 03 09 
[1980-01-06 08:00:28]G:: D0 05 02 01 FF 03 09 
[1980-01-06 08:00:28]G:: D0 05 02 01 FF 03 09 
[1980-01-06 08:00:28]G:: D0 05 02 01 FF 03 09 
[1980-01-06 08:00:28]G:: D0 09 00 00 03 CB 00 00 
[1980-01-06 08:00:28]G:: D0 0B 03 08 FF FF FF FF 00 00 
[1980-01-06 08:00:28]G:: D0 05 02 01 FF 03 09 
[1980-01-06 08:00:28]G:: D0 05 02 01 FF 03 09 
[1980-01-06 08:00:28]G:: D0 05 02 01 FF 03 09 
[1980-01-06 08:00:28]G:: D0 05 02 01 FF 03 09 
[1980-01-06 08:00:28]G:: D0 05 02 01 FF 03 09 
[1980-01-06 08:00:28]G:: D0 05 02 01 FF 03 09 
[1980-01-06 08:00:28]G:: D0 05 02 01 FF 03 09 
[1980-01-06 08:00:29]G:: D0 05 02 01 FF 03 09 
[1980-01-06 08:00:29]G:: D0 05 02 01 FF 03 09 
[1980-01-06 08:00:29]G:: D0 05 02 01 FF 03 09 
[2019-11-08 10:49:24]G:: D0 05 02 01 FF 03 09 
[2019-11-08 10:49:24]G:: D0 05 02 01 FF 03 09 
[2019-11-08 10:49:24]G:: D0 03 04 64 04 64 01 64 01 64 03 64 
[2019-11-08 10:49:24]G:: D0 05 02 01 FF 03 08 
[2019-11-08 10:49:24]G:: D0 05 02 01 FF 03 08 
[2019-11-08 10:49:24]G:: D0 05 02 01 FF 03 09 
[2019-11-08 10:49:24]G:: D0 05 02 01 FF 03 08 
[2019-11-08 10:49:24]G:: D0 05 02 01 FF 03 09 
[2019-11-08 10:49:24]G:: D0 05 02 01 FF 03 09 
[2019-11-08 10:49:24]G:: D0 05 02 01 FF 03 09 
[2019-11-08 10:49:24]G:: D0 05 02 01 FF 03 08 
[2019-11-08 10:49:24]G:: D0 05 02 01 FF 03 09 
[2019-11-08 10:49:24]G:: D0 05 02 01 FF 03 09 
[2019-11-08 10:49:24]G:: D0 05 02 01 FF 03 09 
[2019-11-08 10:49:25]G:: D0 05 02 01 FF 03 08 
[2019-11-08 10:49:25]G:: D0 05 02 01 FF 03 09 
[2019-11-08 10:49:25]G:: D0 05 02 01 FF 03 09 
[2019-11-08 10:49:25]G:: D0 05 02 01 FF 03 08 
[2019-11-08 10:49:25]G:: D0 05 02 01 FF 03 09 
[2019-11-08 10:49:25]G:: D0 05 02 01 FF 03 08 
[2019-11-08 10:49:25]G:: D0 05 02 01 FF 03 08 
[2019-11-08 10:49:25]G:: D0 05 02 01 FF 03 08 
[2019-11-08 10:49:25]G:: D0 05 02 01 FF 03 09 
[2019-11-08 10:49:25]G:: D0 05 02 01 FF 03 08 
[2019-11-08 10:49:25]G:: D0 05 02 01 FF 03 08 
[2019-11-08 10:49:25]G:: D0 05 02 01 FF 03 08 
[2019-11-08 10:49:26]G:: D0 05 02 01 FF 03 08 
[2019-11-08 10:49:26]G:: D0 05 02 01 FF 03 08 
[2019-11-08 10:49:26]G:: D0 05 02 01 FF 03 08 
[2019-11-08 10:49:26]G:: D0 05 02 01 FF 03 08 
[2019-11-08 10:49:26]G:: D0 05 02 01 FF 03 08 
[2019-11-08 10:49:26]G:: D0 05 02 01 FF 03 08 
[2019-11-08 10:49:26]G:: D0 05 02 01 FF 03 08 
[2019-11-08 10:49:26]G:: D0 05 02 01 FF 03 08 
[2019-11-08 10:49:26]G:: D0 05 02 01 FF 03 08 
[2019-11-08 10:49:26]G:: D0 05 02 01 FF 03 08 
[2019-11-08 10:49:26]G:: D0 05 02 01 FF 03 08 
[2019-11-08 10:49:26]G:: D0 05 02 01 FF 03 08 
[2019-11-08 10:49:26]G:: D0 05 02 01 FF 03 08 
[2019-11-08 10:49:27]G:: D0 05 02 01 FF 03 08 
[2019-11-08 10:49:27]G:: D0 05 02 01 FF 03 08 
[2019-11-08 10:49:27]G:: D0 05 02 01 FF 03 08 
[2019-11-08 10:49:27]G:: D0 05 02 01 FF 03 08 
[2019-11-08 10:49:27]G:: D0 05 02 01 FF 03 08 
[2019-11-08 10:49:27]G:: D0 05 02 01 FF 03 08 
[2019-11-08 10:49:27]G:: D0 05 02 01 FF 03 08 
[2019-11-08 10:49:27]G:: D0 05 02 01 FF 03 08 
[2019-11-08 10:49:27]G:: D0 05 02 01 FF 03 08 
[2019-11-08 10:49:27]G:: D0 05 02 01 FF 03 08 
[2019-11-08 10:49:27]G:: D0 05 02 01 FF 03 08 
[2019-11-08 10:49:27]G:: D0 05 02 01 FF 03 08 
[2019-11-08 10:49:27]G:: D0 05 02 01 FF 03 08 
[2019-11-08 10:49:28]G:: D0 05 02 01 FF 03 08 
[2019-11-08 10:49:28]G:: D0 05 02 01 FF 03 08 
[2019-11-08 10:49:28]G:: D0 05 02 01 FF 03 08 
[2019-11-08 10:49:28]G:: D0 05 02 01 FF 03 08 
[2019-11-08 10:49:28]G:: D0 05 02 01 FF 03 08 
[2019-11-08 10:49:28]G:: D0 05 02 01 FF 03 08 
[2019-11-08 10:49:28]G:: D0 05 02 01 FF 03 08 
[2019-11-08 10:49:28]G:: D0 05 02 01 FF 03 08 
[2019-11-08 10:49:28]G:: D0 05 02 01 FF 03 08 
[2019-11-08 10:49:28]G:: D0 05 02 01 FF 03 08 
[2019-11-08 10:49:28]G:: D0 05 02 01 FF 03 08 
[2019-11-08 10:49:28]G:: D0 05 02 01 FF 03 08 
[2019-11-08 10:49:28]G:: D0 05 02 01 FF 03 08 
[2019-11-08 10:49:28]G:: D0 05 02 01 FF 03 08 
[2019-11-08 10:49:28]G:: D0 05 02 01 FF 03 08 
[2019-11-08 10:49:28]G:: D0 05 02 01 FF 03 08 
[2019-11-08 10:49:29]G:: D0 05 02 01 FF 03 08 
[2019-11-08 10:49:29]G:: D0 05 02 01 FF 03 08 
[2019-11-08 10:49:29]G:: D0 05 02 01 FF 03 08 
[2019-11-08 10:49:29]G:: D0 05 02 01 FF 03 08 
[2019-11-08 10:49:29]G:: D0 05 02 01 FF 03 08 
[2019-11-08 10:49:29]G:: D0 05 02 01 FF 03 08 
[2019-11-08 10:49:29]G:: D0 05 02 01 FF 03 08 
[2019-11-08 10:49:29]G:: D0 05 02 01 FF 03 08 
[2019-11-08 10:49:29]G:: D0 05 02 01 FF 03 08 
[2019-11-08 10:49:29]G:: D0 05 02 01 FF 03 08 
[2019-11-08 10:49:29]G:: D0 05 02 01 FF 03 08 
[2019-11-08 10:49:29]G:: D0 05 02 01 FF 03 08 
[2019-11-08 10:49:29]G:: D0 05 02 01 FF 03 08 
[2019-11-08 10:49:29]G:: D0 05 02 01 FF 03 08 
[2019-11-08 10:49:29]G:: D0 05 02 01 FF 03 08 
[2019-11-08 10:49:29]G:: D0 05 02 01 FF 03 08 
[2019-11-08 10:49:30]G:: D0 05 02 01 FF 03 09 
[2019-11-08 10:49:30]G:: D0 05 02 01 FF 03 09 
[2019-11-08 10:49:30]G:: D0 05 02 01 FF 03 09 
[2019-11-08 10:49:30]G:: D0 05 02 01 FF 03 09 
[2019-11-08 10:49:30]G:: D0 05 02 01 FF 03 09 
[2019-11-08 10:49:30]G:: D0 05 02 01 FF 03 09 
[2019-11-08 10:49:30]G:: D0 05 02 01 FF 03 09 
[2019-11-08 10:49:30]G:: D0 05 02 01 FF 03 0C 
[2019-11-08 10:49:30]G:: D0 05 02 01 FF 03 0C 
[2019-11-08 10:49:30]G:: D0 05 02 01 FF 03 0C 
[2019-11-08 10:49:30]G:: D0 05 02 01 FF 03 0C 
[2019-11-08 10:49:30]G:: D0 05 02 01 FF 03 0C 
[2019-11-08 10:49:30]G:: D0 05 02 01 FF 03 0C 
[2019-11-08 10:49:30]G:: D0 05 02 01 FF 03 0C 
[2019-11-08 10:49:30]G:: D0 05 02 01 FF 03 0C 
[2019-11-08 10:49:30]G:: D0 05 02 01 FF 03 0C 
[2019-11-08 10:49:30]G:: D0 05 02 01 FF 03 0C 
[2019-11-08 10:49:30]G:: D0 05 02 01 FF 03 0C 
[2019-11-08 10:49:31]G:: D0 05 02 01 FF 03 0C 
[2019-11-08 10:49:31]G:: D0 05 02 01 FF 03 0C 
[2019-11-08 10:49:31]G:: D0 05 02 01 FF 03 0C 
[2019-11-08 10:49:31]G:: D0 05 02 01 FF 03 0C 
[2019-11-08 10:49:31]G:: D0 05 02 01 FF 03 0B 
[2019-11-08 10:49:31]G:: D0 05 02 01 FF 03 0B 
[2019-11-08 10:49:31]G:: D0 05 02 01 FF 03 0B 
[2019-11-08 10:49:31]G:: D0 05 02 01 FF 03 0B 
[2019-11-08 10:49:31]G:: D0 05 02 01 FF 03 0B 
[2019-11-08 10:49:31]G:: D0 05 02 01 FF 03 0B 
[2019-11-08 10:49:31]G:: D0 09 00 00 04 1C 00 00 
[2019-11-08 10:49:31]G:: D0 0B 03 08 FF FF FF FF 00 00 
[2019-11-08 10:49:31]G:: D0 05 02 01 FF 03 0B 
[2019-11-08 10:49:31]G:: D0 05 02 01 FF 03 0B 
[2019-11-08 10:49:31]G:: D0 05 02 01 FF 03 0B 
[2019-11-08 10:49:31]G:: D0 05 02 01 FF 03 0B 
[2019-11-08 10:49:32]G:: D0 05 02 01 FF 03 0B 
[2019-11-08 10:49:32]G:: D0 07 01 
[2019-11-08 10:49:32]G:: D0 05 02 01 FF 03 0B 
[2019-11-08 10:49:32]G:: D0 05 02 01 FF 03 0B 
[2019-11-08 10:49:32]G:: D0 05 02 01 FF 03 0B 
[2019-11-08 10:49:32]G:: D0 05 02 01 FF 03 0B 
[2019-11-08 10:49:32]G:: D0 05 02 01 FF 03 0B 
[2019-11-08 10:49:32]G:: D0 05 02 01 FF 03 0B 
[2019-11-08 10:49:32]G:: D0 05 02 01 FF 03 0B 
[2019-11-08 10:49:32]G:: D0 05 02 01 FF 03 0B 
[2019-11-08 10:49:32]G:: D0 05 02 01 FF 03 0B 
[2019-11-08 10:49:32]G:: D0 05 02 01 FF 03 0B 
[2019-11-08 10:49:32]G:: D0 05 02 01 FF 03 0C 
[2019-11-08 10:49:32]G:: D0 05 02 01 FF 03 0C 
[2019-11-08 10:49:32]G:: D0 05 02 01 FF 03 0C 
[2019-11-08 10:49:32]G:: D0 05 02 01 FF 03 0C 
[2019-11-08 10:49:32]G:: D0 05 02 01 FF 03 0D 
[2019-11-08 10:49:33]G:: D0 05 02 01 FF 03 0D 
[2019-11-08 10:49:33]G:: D0 05 02 01 FF 03 0D 
[2019-11-08 10:49:33]G:: D0 05 02 01 FF 03 0D 
[2019-11-08 10:49:33]G:: D0 05 02 01 FF 03 0D 
[2019-11-08 10:49:33]G:: D0 09 00 00 03 C2 00 00 
[2019-11-08 10:49:33]G:: D0 0B 03 08 FF FF FF FF 00 00 
[2019-11-08 10:49:33]G:: D0 05 02 01 FF 03 0D 
[2019-11-08 10:49:33]G:: D0 05 02 01 FF 03 0D 
[2019-11-08 10:49:33]G:: D0 05 02 01 FF 03 0C 
[2019-11-08 10:49:33]G:: D0 05 02 01 FF 03 0C 
[2019-11-08 10:49:33]G:: D0 05 02 01 FF 03 0D 
[2019-11-08 10:49:33]G:: D0 05 02 01 FF 03 0C 
[2019-11-08 10:49:33]G:: D0 05 02 01 FF 03 0C 
[2019-11-08 10:49:33]G:: D0 05 02 01 FF 03 0C 
[2019-11-08 10:49:34]G:: D0 05 02 01 FF 03 0C 
[2019-11-08 10:49:34]G:: D0 05 02 01 FF 03 0C 
[2019-11-08 10:49:34]G:: D0 05 02 01 FF 03 0C 
[2019-11-08 10:49:34]G:: D0 05 02 01 FF 03 0C 
[2019-11-08 10:49:34]G:: D0 05 02 01 FF 03 0C 
[2019-11-08 10:49:35]G:: D0 05 02 01 FF 03 0B 
[2019-11-08 10:49:35]G:: D0 05 02 01 FF 03 0C 
[2019-11-08 10:49:36]G:: D0 01 80 00 00 
[2019-11-08 10:49:36]G:: D0 0A 01 33 00 00 00 01 86 D5 2E FF FF 00 8A 
[2019-11-08 10:49:36]G:: D0 05 02 01 FF 03 0B 
[2019-11-08 10:49:36]G:: D0 05 02 01 FF 03 0B 
[2019-11-08 10:49:36]G:: D0 05 02 01 FF 03 0C 
[2019-11-08 10:49:36]G:: D0 05 02 01 FF 03 0B 
[2019-11-08 10:49:37]G:: D0 05 02 01 FF 03 0C 
[2019-11-08 10:49:37]G:: D0 05 02 01 FF 03 0C 
[2019-11-08 10:49:37]G:: D0 05 02 01 FF 03 0C 
[2019-11-08 10:49:37]G:: D0 05 02 01 FF 03 0C 
[2019-11-08 10:49:37]G:: D0 05 02 01 FF 03 0C 
[2019-11-08 10:49:37]G:: D0 05 02 01 FF 03 0C 
[2019-11-08 10:49:37]G:: D0 05 02 01 FF 03 0C 
[2019-11-08 10:49:37]G:: D0 05 02 01 FF 03 0C 
[2019-11-08 10:49:37]G:: D0 05 02 01 FF 03 0C 
[2019-11-08 10:49:37]G:: D0 05 02 01 FF 03 0C 
[2019-11-08 10:49:37]G:: D0 05 02 01 FF 03 0B 
[2019-11-08 10:49:37]G:: D0 05 02 01 FF 03 0B 
[2019-11-08 10:49:38]G:: D0 05 02 01 FF 03 0B 
[2019-11-08 10:49:38]G:: D0 05 02 01 FF 03 0B 
[2019-11-08 10:49:38]G:: D0 05 02 01 FF 03 0B 
[2019-11-08 10:49:38]G:: D0 05 02 01 FF 03 0B 
[2019-11-08 10:49:38]G:: D0 05 02 01 FF 03 0B 
[2019-11-08 10:49:38]G:: D0 05 02 01 FF 03 0B 
[2019-11-08 10:49:38]G:: D0 05 02 01 FF 03 0B 
[2019-11-08 10:49:38]G:: D0 05 02 01 FF 03 0A 
[2019-11-08 10:49:38]G:: D0 05 02 01 FF 03 0A 
[2019-11-08 10:49:38]G:: D0 05 02 01 FF 03 0A 
[2019-11-08 10:49:38]G:: D0 05 02 01 FF 03 0A 
[2019-11-08 10:49:38]G:: D0 05 02 01 FF 03 0A 
[2019-11-08 10:49:38]G:: D0 05 02 01 FF 03 0A 
[2019-11-08 10:49:38]G:: D0 05 02 01 FF 03 0A 
[2019-11-08 10:49:39]G:: D0 05 02 01 FF 03 0A 
[2019-11-08 10:49:39]G:: D0 05 02 01 FF 03 0A 
[2019-11-08 10:49:39]G:: D0 09 00 00 03 DC 00 00 
[2019-11-08 10:49:39]G:: D0 0B 03 98 FF FF FF FF 00 00 
[2019-11-08 10:49:39]G:: D0 05 02 01 FF 03 0A 
[2019-11-08 10:49:39]G:: D0 05 02 01 FF 03 0A 
[2019-11-08 10:49:39]G:: D0 05 02 01 FF 03 0A 
[2019-11-08 10:49:39]G:: D0 05 02 01 FF 03 0A 
[2019-11-08 10:49:39]G:: D0 05 02 01 FF 03 0A 
[2019-11-08 10:49:39]G:: D0 05 02 01 FF 03 0A 
[2019-11-08 10:49:39]G:: D0 05 02 01 FF 03 0A 
[2019-11-08 10:49:39]G:: D0 05 02 01 FF 03 0A 
[2019-11-08 10:49:39]G:: D0 05 02 01 FF 03 0A 
[2019-11-08 10:49:40]G:: D0 05 02 01 FF 03 0A 
[2019-11-08 10:49:40]G:: D0 05 02 01 FF 03 0B 
[2019-11-08 10:49:40]G:: D0 05 02 01 FF 03 0C 
[2019-11-08 10:49:40]G:: D0 05 02 01 FF 03 0D 
[2019-11-08 10:49:41]G:: D0 05 02 01 FF 03 0C 
[2019-11-08 10:49:41]G:: D0 05 02 01 FF 03 0B 
[2019-11-08 10:49:41]G:: D0 05 02 01 FF 03 0A 
[2019-11-08 10:49:41]G:: D0 05 02 01 FF 03 0A 
[2019-11-08 10:49:41]G:: D0 05 02 01 FF 03 0B 
[2019-11-08 10:49:42]G:: D0 05 02 01 FF 03 0A 
[2019-11-08 10:49:42]G:: D0 05 02 01 FF 03 0A 
[2019-11-08 10:49:42]G:: D0 05 02 01 FF 03 0A 
[2019-11-08 10:49:42]G:: D0 05 02 01 FF 03 0A 
[2019-11-08 10:49:42]G:: D0 05 02 01 FF 03 0A 
[2019-11-08 10:49:42]G:: D0 05 02 01 FF 03 0A 
[2019-11-08 10:49:42]G:: D0 05 02 01 FF 03 0A 
[2019-11-08 10:49:42]G:: D0 05 02 01 FF 03 0A 
[2019-11-08 10:49:42]G:: D0 09 00 00 03 DB 00 00 
[2019-11-08 10:49:42]G:: D0 0B 03 1D FF FF FF FF 00 00 
[2019-11-08 10:49:43]G:: D0 05 02 01 FF 03 0B 
[2019-11-08 10:49:43]G:: D0 05 02 01 FF 03 0C 
[2019-11-08 10:49:43]G:: D0 05 02 01 FF 03 0D 
[2019-11-08 10:49:43]G:: D0 05 02 01 FF 03 0C 
[2019-11-08 10:49:44]G:: D0 05 02 01 FF 03 0B 
[2019-11-08 10:49:44]G:: D0 05 02 01 FF 03 0C 
[2019-11-08 10:49:44]G:: D0 05 02 01 FF 03 0C 
[2019-11-08 10:49:44]G:: D0 05 02 01 FF 03 0C 
[2019-11-08 10:49:44]G:: D0 05 02 01 FF 03 0C 
[2019-11-08 10:49:44]G:: D0 05 02 01 FF 03 0C 
[2019-11-08 10:49:44]G:: D0 05 02 01 FF 03 0C 
[2019-11-08 10:49:44]G:: D0 05 02 01 FF 03 0B 
[2019-11-08 10:49:44]G:: D0 05 02 01 FF 03 0B 
[2019-11-08 10:49:44]G:: D0 05 02 01 FF 03 0A 
[2019-11-08 10:49:44]G:: D0 14 00 00 00 00 00 15 14 15 16 42 46 3D 47 
[2019-11-08 10:49:44]G:: D0 05 02 01 FF 03 0A 
[2019-11-08 10:49:44]G:: D0 05 02 01 FF 03 0A 
[2019-11-08 10:49:45]G:: D0 05 02 01 FF 03 0A 
[2019-11-08 10:49:45]G:: D0 05 02 01 FF 03 0A 
[2019-11-08 10:49:45]G:: D0 05 02 01 FF 03 0A 
[2019-11-08 10:49:45]G:: D0 05 02 01 FF 03 0A 
[2019-11-08 10:49:45]G:: D0 05 02 01 FF 03 0A 
[2019-11-08 10:49:45]G:: D0 05 02 01 FF 03 0A 
[2019-11-08 10:49:45]G:: D0 05 02 01 FF 03 0A 
[2019-11-08 10:49:45]G:: D0 05 02 01 FF 03 0A 
[2019-11-08 10:49:45]G:: D0 05 02 01 FF 03 0A 
[2019-11-08 10:49:45]G:: D0 05 02 01 FF 03 0A 
[2019-11-08 10:49:45]G:: D0 05 02 01 FF 03 0A 
[2019-11-08 10:49:45]G:: D0 05 02 01 FF 03 0A 
[2019-11-08 10:49:45]G:: D0 05 02 01 FF 03 0A 
[2019-11-08 10:49:46]G:: D0 05 02 01 FF 03 0A 
[2019-11-08 10:49:47]G:: D0 09 00 00 03 EC 00 00 
[2019-11-08 10:49:47]G:: D0 0B 04 46 FF FF FF FF 00 00 
[2019-11-08 10:49:50]G:: D0 07 0F 
[2019-11-08 10:49:50]G:: D0 07 02 
[2019-11-08 10:49:50]G:: D0 07 10 
[2019-11-08 10:49:50]G:: D0 07 03 
[2019-11-08 10:49:50]G:: D0 05 02 01 FF 03 0A 
[2019-11-08 10:49:50]G:: D0 05 02 01 FF 03 0A 
[2019-11-08 10:49:50]G:: D0 05 02 01 FF 03 0B 
[2019-11-08 10:49:50]G:: D0 05 02 01 FF 03 0B 
[2019-11-08 10:49:50]G:: D0 05 02 01 FF 03 0B 
[2019-11-08 10:49:50]G:: D0 05 02 01 FF 03 0C 
[2019-11-08 10:49:50]G:: D0 05 02 01 FF 03 0B 
[2019-11-08 10:49:52]G:: D0 05 02 01 FF 03 0C 
[2019-11-08 10:49:52]G:: D0 05 02 01 FF 03 0D 
[2019-11-08 10:49:52]G:: D0 09 00 00 03 A7 00 00 
[2019-11-08 10:49:52]G:: D0 0B 04 EB FF FF FF FF 00 00 
[2019-11-08 10:49:53]G:: D0 05 02 01 FF 03 0C 
[2019-11-08 10:49:53]G:: D0 05 02 01 FF 03 0B 
[2019-11-08 10:49:53]G:: D0 05 02 01 FF 03 0C 
[2019-11-08 10:49:53]G:: D0 05 02 01 FF 03 0C 
[2019-11-08 10:49:53]G:: D0 05 02 01 FF 03 0B 
[2019-11-08 10:49:53]G:: D0 05 02 01 FF 03 0B 
[2019-11-08 10:49:54]G:: D0 05 02 01 FF 03 0A 
[2019-11-08 10:49:54]G:: D0 05 02 01 FF 03 0A 
[2019-11-08 10:49:54]G:: D0 05 02 01 FF 03 0A 
[2019-11-08 10:49:54]G:: D0 05 02 01 FF 03 0A 
[2019-11-08 10:49:54]G:: D0 05 02 01 FF 03 0A 
[2019-11-08 10:49:55]G:: D0 05 02 01 FF 03 0B 
[2019-11-08 10:49:55]G:: D0 05 02 01 FF 03 0C 
[2019-11-08 10:49:55]G:: D0 05 02 01 FF 03 0C 
[2019-11-08 10:49:55]G:: D0 05 02 01 FF 03 0D 
[2019-11-08 10:49:55]G:: D0 05 02 01 FF 03 0C 
[2019-11-08 10:49:55]G:: D0 05 02 01 FF 03 0C 
[2019-11-08 10:49:55]G:: D0 05 02 01 FF 03 0C 
[2019-11-08 10:49:56]G:: D0 05 02 01 FF 03 0C 
[2019-11-08 10:49:56]G:: D0 05 02 01 FF 03 0B 
[2019-11-08 10:49:56]G:: D0 05 02 01 FF 03 0B 
[2019-11-08 10:49:56]G:: D0 05 02 01 FF 03 0B 
[2019-11-08 10:49:56]G:: D0 05 02 01 FF 03 0B 
[2019-11-08 10:49:56]G:: D0 05 02 01 FF 03 0B 
[2019-11-08 10:49:56]G:: D0 05 02 01 FF 03 0B 
[2019-11-08 10:49:56]G:: D0 05 02 01 FF 03 0B 
[2019-11-08 10:49:56]G:: D0 05 02 01 FF 03 0A 
[2019-11-08 10:49:56]G:: D0 05 02 01 FF 03 0A 
[2019-11-08 10:49:56]G:: D0 05 02 01 FF 03 0A 
[2019-11-08 10:49:56]G:: D0 05 02 01 FF 03 0A 
[2019-11-08 10:49:56]G:: D0 05 02 01 FF 03 0A 
[2019-11-08 10:49:56]G:: D0 05 02 01 FF 03 0A 
[2019-11-08 10:49:56]G:: D0 05 02 01 FF 03 0A 
[2019-11-08 10:49:57]G:: D0 05 02 01 FF 03 0A 
[2019-11-08 10:49:57]G:: D0 05 02 01 FF 03 0A 
[2019-11-08 10:49:57]G:: D0 05 02 01 FF 03 0A 
[2019-11-08 10:49:57]G:: D0 05 02 01 FF 03 0A 
[2019-11-08 10:49:57]G:: D0 09 00 01 03 95 00 00 
[2019-11-08 10:49:57]G:: D0 0B 02 27 FF FF FF FF 00 00 
[2019-11-08 10:49:58]G:: D0 05 02 01 FF 03 0B 
[2019-11-08 10:49:58]G:: D0 05 02 01 FF 03 0C 
[2019-11-08 10:49:58]G:: D0 05 02 01 FF 03 0D 
[2019-11-08 10:49:59]G:: D0 05 02 01 FF 03 0C 
[2019-11-08 10:49:59]G:: D0 05 02 01 FF 03 0C 
[2019-11-08 10:49:59]G:: D0 05 02 01 FF 03 0C 
[2019-11-08 10:49:59]G:: D0 05 02 01 FF 03 0B 
[2019-11-08 10:49:59]G:: D0 05 02 01 FF 03 0B 
[2019-11-08 10:49:59]G:: D0 05 02 01 FF 03 0B 
[2019-11-08 10:49:59]G:: D0 05 02 01 FF 03 0B 
[2019-11-08 10:49:59]G:: D0 05 02 01 FF 03 0B 
[2019-11-08 10:49:59]G:: D0 05 02 01 FF 03 0B 
[2019-11-08 10:49:59]G:: D0 05 02 01 FF 03 0A 
[2019-11-08 10:49:59]G:: D0 05 02 01 FF 03 0A 
[2019-11-08 10:50:01]G:: D0 07 10 
[2019-11-08 10:50:01]G:: D0 07 02 
[2019-11-08 10:50:01]G:: D0 07 0F 
[2019-11-08 10:50:01]G:: D0 07 01 
[2019-11-08 10:50:01]G:: D0 05 02 01 FF 03 0A 
[2019-11-08 10:50:01]G:: D0 05 02 01 FF 03 0A 
[2019-11-08 10:50:01]G:: D0 05 02 01 FF 03 0A 
[2019-11-08 10:50:01]G:: D0 05 02 01 FF 03 0A 
[2019-11-08 10:50:01]G:: D0 05 02 01 FF 03 0A 
[2019-11-08 10:50:01]G:: D0 05 02 01 FF 03 0A 
[2019-11-08 10:50:01]G:: D0 05 02 01 FF 03 0B 
[2019-11-08 10:50:01]G:: D0 05 02 01 FF 03 0B 
[2019-11-08 10:50:02]G:: D0 05 02 01 FF 03 0B 
[2019-11-08 10:50:02]G:: D0 05 02 01 FF 03 0A 
[2019-11-08 10:50:02]G:: D0 05 02 01 FF 03 0B 
[2019-11-08 10:50:02]G:: D0 09 00 01 03 7F 00 00 
[2019-11-08 10:50:02]G:: D0 0B 03 E3 FF FF FF FF 00 00 
[2019-11-08 10:50:03]G:: D0 05 02 01 FF 03 0A 
[2019-11-08 10:50:03]G:: D0 05 02 01 FF 03 0A 
[2019-11-08 10:50:03]G:: D0 05 02 01 FF 03 0A 
[2019-11-08 10:50:03]G:: D0 05 02 01 FF 03 0B 
[2019-11-08 10:50:03]G:: D0 05 02 01 FF 03 0C 
[2019-11-08 10:50:03]G:: D0 05 02 01 FF 03 0D 
[2019-11-08 10:50:04]G:: D0 05 02 01 FF 03 0C 
[2019-11-08 10:50:04]G:: D0 02 81 14 01 02 A3 80 D2 00 00 
[2019-11-08 10:50:04]G:: D0 02 81 14 01 02 A8 80 D2 00 00 
[2019-11-08 10:50:04]G:: D0 02 81 14 01 02 A3 80 D2 00 00 
[2019-11-08 10:50:04]G:: D0 05 02 01 FF 03 0B 
[2019-11-08 10:50:05]G:: D0 05 02 01 FF 03 0A 
[2019-11-08 10:50:06]G:: D0 05 02 01 FF 03 0B 
[2019-11-08 10:50:06]G:: D0 05 02 01 FF 03 0C 
[2019-11-08 10:50:06]G:: D0 05 02 01 FF 03 0D 
[2019-11-08 10:50:06]G:: D0 05 02 01 FF 03 0C 
[2019-11-08 10:50:06]G:: D0 05 02 01 FF 03 0B 
[2019-11-08 10:50:06]G:: D0 05 02 01 FF 03 0C 
[2019-11-08 10:50:06]G:: D0 05 02 01 FF 03 0B 
[2019-11-08 10:50:06]G:: D0 05 02 01 FF 03 0B 
[2019-11-08 10:50:07]G:: D0 05 02 01 FF 03 0B 
[2019-11-08 10:50:07]G:: D0 05 02 01 FF 03 0B 
[2019-11-08 10:50:07]G:: D0 05 02 01 FF 03 0B 
[2019-11-08 10:50:07]G:: D0 05 02 01 FF 03 0B 
[2019-11-08 10:50:07]G:: D0 05 02 01 FF 03 0A 
[2019-11-08 10:50:07]G:: D0 05 02 01 FF 03 0A 
[2019-11-08 10:50:07]G:: D0 05 02 01 FF 03 0A 
[2019-11-08 10:50:07]G:: D0 05 02 01 FF 03 0A 
[2019-11-08 10:50:07]G:: D0 05 02 01 FF 03 0A 
[2019-11-08 10:50:07]G:: D0 05 02 01 FF 03 0A 
[2019-11-08 10:50:07]G:: D0 09 00 00 03 C8 00 00 
[2019-11-08 10:50:07]G:: D0 0B 03 F9 FF FF FF FF 00 00 
[2019-11-08 10:50:08]G:: D0 05 02 01 FF 03 09 
[2019-11-08 10:50:08]G:: D0 05 02 01 FF 03 08 
[2019-11-08 10:50:08]G:: D0 05 02 01 FF 03 09 
[2019-11-08 10:50:09]G:: D0 05 02 01 FF 03 08 
[2019-11-08 10:50:09]G:: D0 05 02 01 FF 03 08 
[2019-11-08 10:50:09]G:: D0 05 02 01 FF 03 08 
[2019-11-08 10:50:09]G:: D0 05 02 01 FF 03 08 
[2019-11-08 10:50:09]G:: D0 05 02 01 FF 03 08 
[2019-11-08 10:50:09]G:: D0 05 02 01 FF 03 08 
[2019-11-08 10:50:09]G:: D0 05 02 01 FF 03 08 
[2019-11-08 10:50:09]G:: D0 05 02 01 FF 03 08 
[2019-11-08 10:50:09]G:: D0 05 02 01 FF 03 08 
[2019-11-08 10:50:10]G:: D0 05 02 01 FF 03 07 
[2019-11-08 10:50:10]G:: D0 05 02 01 FF 03 08 
[2019-11-08 10:50:10]G:: D0 05 02 01 FF 03 08 
[2019-11-08 10:50:10]G:: D0 05 02 01 FF 03 08 
[2019-11-08 10:50:12]G:: D0 09 00 00 03 4F 00 00 
[2019-11-08 10:50:12]G:: D0 0B 05 1C FF FF FF FF 00 00 
[2019-11-08 10:50:12]G:: D0 05 02 01 FF 03 09 
[2019-11-08 10:50:13]G:: D0 05 02 01 FF 03 08 
[2019-11-08 10:50:13]G:: D0 05 02 01 FF 03 08 
[2019-11-08 10:50:13]G:: D0 05 02 01 FF 03 09 
[2019-11-08 10:50:13]G:: D0 05 02 01 FF 03 0A 
[2019-11-08 10:50:13]G:: D0 05 02 01 FF 03 0A 
[2019-11-08 10:50:13]G:: D0 05 02 01 FF 03 09 
[2019-11-08 10:50:13]G:: D0 05 02 01 FF 03 09 
[2019-11-08 10:50:13]G:: D0 05 02 01 FF 03 09 
[2019-11-08 10:50:13]G:: D0 05 02 01 FF 03 09 
[2019-11-08 10:50:13]G:: D0 05 02 01 FF 03 09 
[2019-11-08 10:50:13]G:: D0 05 02 01 FF 03 09 
[2019-11-08 10:50:13]G:: D0 05 02 01 FF 03 08 
[2019-11-08 10:50:14]G:: D0 05 02 01 FF 03 09 
[2019-11-08 10:50:14]G:: D0 05 02 01 FF 03 09 
[2019-11-08 10:50:14]G:: D0 05 02 01 FF 03 08 
[2019-11-08 10:50:14]G:: D0 05 02 01 FF 03 09 
[2019-11-08 10:50:14]G:: D0 05 02 01 FF 03 09 
[2019-11-08 10:50:14]G:: D0 05 02 01 FF 03 09 
[2019-11-08 10:50:14]G:: D0 05 02 01 FF 03 09 
[2019-11-08 10:50:14]G:: D0 05 02 01 FF 03 09 
[2019-11-08 10:50:14]G:: D0 05 02 01 FF 03 09 
[2019-11-08 10:50:14]G:: D0 05 02 01 FF 03 09 
[2019-11-08 10:50:14]G:: D0 05 02 01 FF 03 09 
[2019-11-08 10:50:14]G:: D0 05 02 01 FF 03 08 
[2019-11-08 10:50:14]G:: D0 05 02 01 FF 03 08 
[2019-11-08 10:50:15]G:: D0 05 02 01 FF 03 08 
[2019-11-08 10:50:15]G:: D0 05 02 01 FF 03 08 
[2019-11-08 10:50:15]G:: D0 05 02 01 FF 03 08 
[2019-11-08 10:50:15]G:: D0 05 02 01 FF 03 08 
[2019-11-08 10:50:15]G:: D0 05 02 01 FF 03 07 
[2019-11-08 10:50:15]G:: D0 05 02 01 FF 03 07 
[2019-11-08 10:50:15]G:: D0 05 02 01 FF 03 07 
[2019-11-08 10:50:15]G:: D0 05 02 01 FF 03 07 
[2019-11-08 10:50:15]G:: D0 05 02 01 FF 03 07 
[2019-11-08 10:50:15]G:: D0 05 02 01 FF 03 07 
[2019-11-08 10:50:15]G:: D0 05 02 01 FF 03 08 
[2019-11-08 10:50:15]G:: D0 05 02 01 FF 03 08 
[2019-11-08 10:50:15]G:: D0 05 02 01 FF 03 08 
[2019-11-08 10:50:15]G:: D0 05 02 01 FF 03 08 
[2019-11-08 10:50:16]G:: D0 05 02 01 FF 03 08 
[2019-11-08 10:50:16]G:: D0 05 02 01 FF 03 08 
[2019-11-08 10:50:16]G:: D0 05 02 01 FF 03 08 
[2019-11-08 10:50:16]G:: D0 05 02 01 FF 03 08 
[2019-11-08 10:50:16]G:: D0 05 02 01 FF 03 08 
[2019-11-08 10:50:16]G:: D0 05 02 01 FF 03 08 
[2019-11-08 10:50:16]G:: D0 05 02 01 FF 03 08 
[2019-11-08 10:50:16]G:: D0 05 02 01 FF 03 08 
[2019-11-08 10:50:16]G:: D0 05 02 01 FF 03 08 
[2019-11-08 10:50:16]G:: D0 05 02 01 FF 03 08 
[2019-11-08 10:50:16]G:: D0 05 02 01 FF 03 08 
[2019-11-08 10:50:16]G:: D0 05 02 01 FF 03 08 
[2019-11-08 10:50:16]G:: D0 05 02 01 FF 03 08 
[2019-11-08 10:50:16]G:: D0 05 02 01 FF 03 08 
[2019-11-08 10:50:17]G:: D0 05 02 01 FF 03 08 
[2019-11-08 10:50:17]G:: D0 05 02 01 FF 03 08 
[2019-11-08 10:50:17]G:: D0 05 02 01 FF 03 08 
[2019-11-08 10:50:17]G:: D0 05 02 01 FF 03 08 
[2019-11-08 10:50:17]G:: D0 05 02 01 FF 03 08 
[2019-11-08 10:50:17]G:: D0 05 02 01 FF 03 08 
[2019-11-08 10:50:17]G:: D0 05 02 01 FF 03 08 
[2019-11-08 10:50:17]G:: D0 05 02 01 FF 03 08 
[2019-11-08 10:50:17]G:: D0 05 02 01 FF 03 08 
[2019-11-08 10:50:17]G:: D0 05 02 01 FF 03 08 
[2019-11-08 10:50:17]G:: D0 09 00 01 03 4E 00 00 
[2019-11-08 10:50:17]G:: D0 0B 04 6D FF FF FF FF 00 00 
[2019-11-08 10:50:18]G:: D0 07 0F 
[2019-11-08 10:50:18]G:: D0 07 02 
[2019-11-08 10:50:18]G:: D0 05 02 01 FF 03 07 
[2019-11-08 10:50:18]G:: D0 07 03 
[2019-11-08 10:50:18]G:: D0 05 02 01 FF 03 08 
[2019-11-08 10:50:18]G:: D0 07 03 
[2019-11-08 10:50:18]G:: D0 05 02 01 FF 03 08 
[2019-11-08 10:50:18]G:: D0 05 02 01 FF 03 08 
[2019-11-08 10:50:20]G:: D0 05 02 01 FF 03 09 
[2019-11-08 10:50:21]G:: D0 05 02 01 FF 03 08 
[2019-11-08 10:50:21]G:: D0 05 02 01 FF 03 08 
[2019-11-08 10:50:21]G:: D0 05 02 01 FF 03 08 
[2019-11-08 10:50:22]G:: D0 09 00 01 03 5D 00 00 
[2019-11-08 10:50:22]G:: D0 0B 05 22 FF FF FF FF 00 00 
[2019-11-08 10:50:22]G:: D0 05 02 01 FF 03 08 
[2019-11-08 10:50:22]G:: D0 05 02 01 FF 03 08 
[2019-11-08 10:50:22]G:: D0 05 02 01 FF 03 08 
[2019-11-08 10:50:22]G:: D0 05 02 01 FF 03 08 
[2019-11-08 10:50:25]G:: D0 05 02 01 FF 03 0A 
[2019-11-08 10:50:25]G:: D0 05 02 01 FF 03 0A 
[2019-11-08 10:50:25]G:: D0 05 02 01 FF 03 0A 
[2019-11-08 10:50:26]G:: D0 07 10 
[2019-11-08 10:50:26]G:: D0 07 02 
[2019-11-08 10:50:26]G:: D0 05 02 01 FF 03 09 
[2019-11-08 10:50:26]G:: D0 07 0F 
[2019-11-08 10:50:26]G:: D0 07 01 
[2019-11-08 10:50:26]G:: D0 05 02 01 FF 03 0B 
[2019-11-08 10:50:26]G:: D0 05 02 01 FF 03 0A 
[2019-11-08 10:50:26]G:: D0 05 02 01 FF 03 0B 
[2019-11-08 10:50:26]G:: D0 05 02 01 FF 03 0B 
[2019-11-08 10:50:26]G:: D0 05 02 01 FF 03 0B 
[2019-11-08 10:50:27]G:: D0 05 02 01 FF 03 0B 
[2019-11-08 10:50:27]G:: D0 05 02 01 FF 03 0B 
[2019-11-08 10:50:27]G:: D0 05 02 01 FF 03 0B 
[2019-11-08 10:50:27]G:: D0 05 02 01 FF 03 0B 
[2019-11-08 10:50:27]G:: D0 05 02 01 FF 03 0B 
[2019-11-08 10:50:27]G:: D0 05 02 01 FF 03 0B 
[2019-11-08 10:50:27]G:: D0 05 02 01 FF 03 0B 
[2019-11-08 10:50:27]G:: D0 05 02 01 FF 03 0B 
[2019-11-08 10:50:27]G:: D0 05 02 01 FF 03 0A 
[2019-11-08 10:50:27]G:: D0 05 02 01 FF 03 0B 
[2019-11-08 10:50:27]G:: D0 05 02 01 FF 03 0B 
[2019-11-08 10:50:27]G:: D0 05 02 01 FF 03 0A 
[2019-11-08 10:50:27]G:: D0 05 02 01 FF 03 0B 
[2019-11-08 10:50:28]G:: D0 05 02 01 FF 03 0B 
[2019-11-08 10:50:28]G:: D0 05 02 01 FF 03 0B 
[2019-11-08 10:50:28]G:: D0 05 02 01 FF 03 0A 
[2019-11-08 10:50:28]G:: D0 05 02 01 FF 03 0A 
[2019-11-08 10:50:28]G:: D0 09 00 01 03 B2 00 00 
[2019-11-08 10:50:28]G:: D0 0B 03 0D FF FF FF FF 00 00 
[2019-11-08 10:50:28]G:: D0 05 02 01 FF 03 0A 
[2019-11-08 10:50:28]G:: D0 05 02 01 FF 03 0A 
[2019-11-08 10:50:28]G:: D0 05 02 01 FF 03 0D 
[2019-11-08 10:50:28]G:: D0 05 02 01 FF 03 0D 
[2019-11-08 10:50:28]G:: D0 05 02 01 FF 03 0D 
[2019-11-08 10:50:28]G:: D0 05 02 01 FF 03 0D 
[2019-11-08 10:50:29]G:: D0 05 02 01 FF 03 0D 
[2019-11-08 10:50:29]G:: D0 05 02 01 FF 03 0D 
[2019-11-08 10:50:29]G:: D0 05 02 01 FF 03 0C 
[2019-11-08 10:50:29]G:: D0 05 02 01 FF 03 0C 
[2019-11-08 10:50:29]G:: D0 05 02 01 FF 03 0C 
[2019-11-08 10:50:29]G:: D0 05 02 01 FF 03 0C 
[2019-11-08 10:50:29]G:: D0 05 02 01 FF 03 0B 
[2019-11-08 10:50:29]G:: D0 05 02 01 FF 03 0B 
[2019-11-08 10:50:29]G:: D0 05 02 01 FF 03 0A 
[2019-11-08 10:50:29]G:: D0 05 02 01 FF 03 0A 
[2019-11-08 10:50:29]G:: D0 05 02 01 FF 03 0A 
[2019-11-08 10:50:29]G:: D0 05 02 01 FF 03 0A 
[2019-11-08 10:50:29]G:: D0 05 02 01 FF 03 0A 
[2019-11-08 10:50:29]G:: D0 05 02 01 FF 03 0A 
[2019-11-08 10:50:30]G:: D0 05 02 01 FF 03 0A 
[2019-11-08 10:50:30]G:: D0 05 02 01 FF 03 0A 
[2019-11-08 10:50:30]G:: D0 05 02 01 FF 03 0A 
[2019-11-08 10:50:30]G:: D0 05 02 01 FF 03 0A 
[2019-11-08 10:50:30]G:: D0 05 02 01 FF 03 0A 
[2019-11-08 10:50:30]G:: D0 05 02 01 FF 03 0A 
[2019-11-08 10:50:30]G:: D0 05 02 01 FF 03 0A 
[2019-11-08 10:50:30]G:: D0 05 02 01 FF 03 0A 
[2019-11-08 10:50:30]G:: D0 05 02 01 FF 03 0A 
[2019-11-08 10:50:30]G:: D0 05 02 01 FF 03 0A 
[2019-11-08 10:50:30]G:: D0 05 02 01 FF 03 0A 
[2019-11-08 10:50:30]G:: D0 05 02 01 FF 03 0A 
[2019-11-08 10:50:30]G:: D0 05 02 01 FF 03 0A 
[2019-11-08 10:50:31]G:: D0 05 02 01 FF 03 0A 
[2019-11-08 10:50:31]G:: D0 05 02 01 FF 03 0A 
[2019-11-08 10:50:31]G:: D0 05 02 01 FF 03 0A 
[2019-11-08 10:50:31]G:: D0 05 02 01 FF 03 0A 
[2019-11-08 10:50:31]G:: D0 05 02 01 FF 03 0A 
[2019-11-08 10:50:31]G:: D0 05 02 01 FF 03 0A 
[2019-11-08 10:50:32]G:: D0 09 00 00 03 AF 00 00 
[2019-11-08 10:50:32]G:: D0 0B 03 10 FF FF FF FF 00 00 
[2019-11-08 10:50:33]G:: D0 07 0F 
[2019-11-08 10:50:33]G:: D0 07 02 
[2019-11-08 10:50:33]G:: D0 05 02 01 FF 03 09 
[2019-11-08 10:50:33]G:: D0 07 03 
[2019-11-08 10:50:33]G:: D0 05 02 01 FF 03 0A 
[2019-11-08 10:50:34]G:: D0 05 02 01 FF 03 0B 
[2019-11-08 10:50:34]G:: D0 05 02 01 FF 03 0A 
[2019-11-08 10:50:34]G:: D0 05 02 01 FF 03 0B 
[2019-11-08 10:50:34]G:: D0 05 02 01 FF 03 0B 
[2019-11-08 10:50:34]G:: D0 05 02 01 FF 03 0B 
[2019-11-08 10:50:34]G:: D0 05 02 01 FF 03 0B 
[2019-11-08 10:50:34]G:: D0 05 02 01 FF 03 0A 
[2019-11-08 10:50:35]G:: D0 05 02 01 FF 03 0A 
[2019-11-08 10:50:35]G:: D0 05 02 01 FF 03 0A 
[2019-11-08 10:50:35]G:: D0 05 02 01 FF 03 0A 
[2019-11-08 10:50:35]G:: D0 05 02 01 FF 03 0A 
[2019-11-08 10:50:35]G:: D0 05 02 01 FF 03 0A 
[2019-11-08 10:50:35]G:: D0 05 02 01 FF 03 0A 
[2019-11-08 10:50:35]G:: D0 05 02 01 FF 03 0A 
[2019-11-08 10:50:35]G:: D0 05 02 01 FF 03 0A 
[2019-11-08 10:50:35]G:: D0 05 02 01 FF 03 0A 
[2019-11-08 10:50:35]G:: D0 05 02 01 FF 03 0A 
[2019-11-08 10:50:35]G:: D0 05 02 01 FF 03 0A 
[2019-11-08 10:50:35]G:: D0 07 01 
[2019-11-08 10:50:35]G:: D0 07 01 
[2019-11-08 10:50:36]G:: D0 05 02 01 FF 03 0A 
[2019-11-08 10:50:36]G:: D0 05 02 01 FF 03 0A 
[2019-11-08 10:50:36]G:: D0 05 02 01 FF 03 0B 
[2019-11-08 10:50:36]G:: D0 05 02 01 FF 03 0C 
[2019-11-08 10:50:36]G:: D0 05 02 01 FF 03 0C 
[2019-11-08 10:50:36]G:: D0 05 02 01 FF 03 0C 
[2019-11-08 10:50:36]G:: D0 05 02 01 FF 03 0B 
[2019-11-08 10:50:37]G:: D0 09 00 00 03 A8 00 00 
[2019-11-08 10:50:37]G:: D0 0B 02 40 FF FF FF FF 00 00 
[2019-11-08 10:50:37]G:: D0 05 02 01 FF 03 0A 
[2019-11-08 10:50:37]G:: D0 05 02 01 FF 03 0A 
[2019-11-08 10:50:37]G:: D0 05 02 01 FF 03 0A 
[2019-11-08 10:50:38]G:: D0 05 02 01 FF 03 0A 
[2019-11-08 10:50:38]G:: D0 05 02 01 FF 03 0B 
[2019-11-08 10:50:38]G:: D0 05 02 01 FF 03 0B 
[2019-11-08 10:50:38]G:: D0 05 02 01 FF 03 0B 
[2019-11-08 10:50:38]G:: D0 05 02 01 FF 03 0B 
[2019-11-08 10:50:38]G:: D0 05 02 01 FF 03 0B 
[2019-11-08 10:50:38]G:: D0 05 02 01 FF 03 0A 
[2019-11-08 10:50:38]G:: D0 05 02 01 FF 03 0A 
[2019-11-08 10:50:38]G:: D0 05 02 01 FF 03 0A 
[2019-11-08 10:50:38]G:: D0 05 02 01 FF 03 0A 
[2019-11-08 10:50:38]G:: D0 05 02 01 FF 03 0B 
[2019-11-08 10:50:39]G:: D0 05 02 01 FF 03 0C 
[2019-11-08 10:50:39]G:: D0 05 02 01 FF 03 0D 
[2019-11-08 10:50:39]G:: D0 05 02 01 FF 03 0C 
[2019-11-08 10:50:39]G:: D0 05 02 01 FF 03 0B 
[2019-11-08 10:50:39]G:: D0 05 02 01 FF 03 0A 
[2019-11-08 10:50:40]G:: D0 05 02 01 FF 03 0B 
[2019-11-08 10:50:40]G:: D0 05 02 01 FF 03 0A 
[2019-11-08 10:50:40]G:: D0 05 02 01 FF 03 0A 
[2019-11-08 10:50:40]G:: D0 05 02 01 FF 03 0A 
[2019-11-08 10:50:40]G:: D0 05 02 01 FF 03 0A 
[2019-11-08 10:50:40]G:: D0 05 02 01 FF 03 0A 
[2019-11-08 10:50:40]G:: D0 05 02 01 FF 03 0A 
[2019-11-08 10:50:40]G:: D0 05 02 01 FF 03 0A 
[2019-11-08 10:50:40]G:: D0 05 02 01 FF 03 0A 
[2019-11-08 10:50:40]G:: D0 05 02 01 FF 03 0A 
[2019-11-08 10:50:41]G:: D0 05 02 01 FF 03 0B 
[2019-11-08 10:50:41]G:: D0 05 02 01 FF 03 0C 
[2019-11-08 10:50:41]G:: D0 05 02 01 FF 03 0D 
[2019-11-08 10:50:41]G:: D0 05 02 01 FF 03 0C 
[2019-11-08 10:50:41]G:: D0 05 02 01 FF 03 0B 
[2019-11-08 10:50:42]G:: D0 05 02 01 FF 03 0B 
[2019-11-08 10:50:42]G:: D0 05 02 01 FF 03 0B 
[2019-11-08 10:50:42]G:: D0 05 02 01 FF 03 0B 
[2019-11-08 10:50:42]G:: D0 05 02 01 FF 03 0B 
[2019-11-08 10:50:42]G:: D0 05 02 01 FF 03 0B 
[2019-11-08 10:50:42]G:: D0 05 02 01 FF 03 0B 
[2019-11-08 10:50:42]G:: D0 05 02 01 FF 03 0B 
[2019-11-08 10:50:42]G:: D0 05 02 01 FF 03 0A 
[2019-11-08 10:50:42]G:: D0 05 02 01 FF 03 0A 
[2019-11-08 10:50:42]G:: D0 05 02 01 FF 03 0A 
[2019-11-08 10:50:42]G:: D0 05 02 01 FF 03 0A 
[2019-11-08 10:50:42]G:: D0 09 00 00 03 AE 00 00 
[2019-11-08 10:50:43]G:: D0 0B 01 CF FF FF FF FF 00 00 
[2019-11-08 10:50:43]G:: D0 05 02 01 FF 03 09 
[2019-11-08 10:50:43]G:: D0 05 02 01 FF 03 08 
[2019-11-08 10:50:43]G:: D0 07 02 
[2019-11-08 10:50:43]G:: D0 07 03 
[2019-11-08 10:50:44]G:: D0 05 02 01 FF 03 09 
[2019-11-08 10:50:45]G:: D0 05 02 01 FF 03 0A 
[2019-11-08 10:50:45]G:: D0 05 02 01 FF 03 09 
[2019-11-08 10:50:45]G:: D0 05 02 01 FF 03 08 
[2019-11-08 10:50:45]G:: D0 05 02 01 FF 03 08 
[2019-11-08 10:50:45]G:: D0 05 02 01 FF 03 08 
[2019-11-08 10:50:45]G:: D0 05 02 01 FF 03 09 
[2019-11-08 10:50:45]G:: D0 05 02 01 FF 03 09 
[2019-11-08 10:50:45]G:: D0 05 02 01 FF 03 09 
[2019-11-08 10:50:45]G:: D0 05 02 01 FF 03 0A 
[2019-11-08 10:50:45]G:: D0 05 02 01 FF 03 0A 
[2019-11-08 10:50:45]G:: D0 05 02 01 FF 03 0A 
[2019-11-08 10:50:45]G:: D0 05 02 01 FF 03 0A 
[2019-11-08 10:50:46]G:: D0 05 02 01 FF 03 0A 
[2019-11-08 10:50:46]G:: D0 05 02 01 FF 03 0A 
[2019-11-08 10:50:46]G:: D0 05 02 01 FF 03 0A 
[2019-11-08 10:50:46]G:: D0 05 02 01 FF 03 09 
[2019-11-08 10:50:46]G:: D0 05 02 01 FF 03 09 
[2019-11-08 10:50:46]G:: D0 05 02 01 FF 03 09 
[2019-11-08 10:50:46]G:: D0 05 02 01 FF 03 09 
[2019-11-08 10:50:46]G:: D0 05 02 01 FF 03 09 
[2019-11-08 10:50:46]G:: D0 05 02 01 FF 03 09 
[2019-11-08 10:50:46]G:: D0 05 02 01 FF 03 08 
[2019-11-08 10:50:46]G:: D0 05 02 01 FF 03 08 
[2019-11-08 10:50:46]G:: D0 05 02 01 FF 03 08 
[2019-11-08 10:50:47]G:: D0 05 02 01 FF 03 08 
[2019-11-08 10:50:47]G:: D0 05 02 01 FF 03 07 
[2019-11-08 10:50:47]G:: D0 05 02 01 FF 03 07 
[2019-11-08 10:50:47]G:: D0 09 00 00 03 32 00 00 
[2019-11-08 10:50:47]G:: D0 0B 05 0B FF FF FF FF 00 00 
[2019-11-08 10:50:47]G:: D0 05 02 01 FF 03 07 
[2019-11-08 10:50:48]G:: D0 05 02 01 FF 03 08 
[2019-11-08 10:50:48]G:: D0 05 02 01 FF 03 07 
[2019-11-08 10:50:48]G:: D0 05 02 01 FF 03 07 
[2019-11-08 10:50:48]G:: D0 05 02 01 FF 03 08 
[2019-11-08 10:50:48]G:: D0 05 02 01 FF 03 08 
[2019-11-08 10:50:48]G:: D0 05 02 01 FF 03 08 
[2019-11-08 10:50:48]G:: D0 05 02 01 FF 03 07 
[2019-11-08 10:50:48]G:: D0 05 02 01 FF 03 07 
[2019-11-08 10:50:48]G:: D0 05 02 01 FF 03 08 
[2019-11-08 10:50:48]G:: D0 05 02 01 FF 03 08 
[2019-11-08 10:50:48]G:: D0 05 02 01 FF 03 08 
[2019-11-08 10:50:48]G:: D0 05 02 01 FF 03 08 
[2019-11-08 10:50:48]G:: D0 05 02 01 FF 03 08 
[2019-11-08 10:50:49]G:: D0 05 02 01 FF 03 08 
[2019-11-08 10:50:49]G:: D0 05 02 01 FF 03 08 
[2019-11-08 10:50:49]G:: D0 05 02 01 FF 03 08 
[2019-11-08 10:50:49]G:: D0 05 02 01 FF 03 08 
[2019-11-08 10:50:49]G:: D0 05 02 01 FF 03 08 
[2019-11-08 10:50:49]G:: D0 05 02 01 FF 03 08 
[2019-11-08 10:50:49]G:: D0 05 02 01 FF 03 08 
[2019-11-08 10:50:49]G:: D0 05 02 01 FF 03 07 
[2019-11-08 10:50:49]G:: D0 05 02 01 FF 03 07 
[2019-11-08 10:50:49]G:: D0 05 02 01 FF 03 08 
[2019-11-08 10:50:49]G:: D0 05 02 01 FF 03 08 
[2019-11-08 10:50:49]G:: D0 05 02 01 FF 03 08 
[2019-11-08 10:50:50]G:: D0 05 02 01 FF 03 08 
[2019-11-08 10:50:50]G:: D0 05 02 01 FF 03 08 
[2019-11-08 10:50:50]G:: D0 05 02 01 FF 03 09 
[2019-11-08 10:50:50]G:: D0 05 02 01 FF 03 08 
[2019-11-08 10:50:50]G:: D0 05 02 01 FF 03 08 
[2019-11-08 10:50:50]G:: D0 05 02 01 FF 03 08 
[2019-11-08 10:50:50]G:: D0 05 02 01 FF 03 08 
[2019-11-08 10:50:50]G:: D0 05 02 01 FF 03 09 
[2019-11-08 10:50:50]G:: D0 05 02 01 FF 03 09 
[2019-11-08 10:50:50]G:: D0 05 02 01 FF 03 09 
[2019-11-08 10:50:50]G:: D0 05 02 01 FF 03 09 
[2019-11-08 10:50:50]G:: D0 05 02 01 FF 03 09 
[2019-11-08 10:50:51]G:: D0 05 02 01 FF 03 09 
[2019-11-08 10:50:51]G:: D0 05 02 01 FF 03 09 
[2019-11-08 10:50:51]G:: D0 05 02 01 FF 03 09 
[2019-11-08 10:50:51]G:: D0 05 02 01 FF 03 08 
[2019-11-08 10:50:51]G:: D0 05 02 01 FF 03 08 
[2019-11-08 10:50:51]G:: D0 05 02 01 FF 03 08 
[2019-11-08 10:50:51]G:: D0 05 02 01 FF 03 08 
[2019-11-08 10:50:51]G:: D0 05 02 01 FF 03 08 
[2019-11-08 10:50:51]G:: D0 05 02 01 FF 03 08 
[2019-11-08 10:50:51]G:: D0 05 02 01 FF 03 08 
[2019-11-08 10:50:51]G:: D0 05 02 01 FF 03 08 
[2019-11-08 10:50:51]G:: D0 05 02 01 FF 03 08 
[2019-11-08 10:50:51]G:: D0 05 02 01 FF 03 07 
[2019-11-08 10:50:52]G:: D0 05 02 01 FF 03 07 
[2019-11-08 10:50:52]G:: D0 05 02 01 FF 03 07 
[2019-11-08 10:50:52]G:: D0 05 02 01 FF 03 07 
[2019-11-08 10:50:52]G:: D0 05 02 01 FF 03 07 
[2019-11-08 10:50:52]G:: D0 05 02 01 FF 03 07 
[2019-11-08 10:50:52]G:: D0 05 02 01 FF 03 07 
[2019-11-08 10:50:52]G:: D0 05 02 01 FF 03 07 
[2019-11-08 10:50:52]G:: D0 05 02 01 FF 03 07 
[2019-11-08 10:50:52]G:: D0 05 02 01 FF 03 07 
[2019-11-08 10:50:52]G:: D0 05 02 01 FF 03 07 
[2019-11-08 10:50:52]G:: D0 05 02 01 FF 03 07 
[2019-11-08 10:50:52]G:: D0 05 02 01 FF 03 07 
[2019-11-08 10:50:52]G:: D0 05 02 01 FF 03 07 
[2019-11-08 10:50:53]G:: D0 05 02 01 FF 03 08 
[2019-11-08 10:50:53]G:: D0 05 02 01 FF 03 09 
[2019-11-08 10:50:53]G:: D0 05 02 01 FF 03 09 
[2019-11-08 10:50:53]G:: D0 05 02 01 FF 03 08 
[2019-11-08 10:50:53]G:: D0 05 02 01 FF 03 08 
[2019-11-08 10:50:53]G:: D0 05 02 01 FF 03 08 
[2019-11-08 10:50:53]G:: D0 05 02 01 FF 03 09 
[2019-11-08 10:50:53]G:: D0 05 02 01 FF 03 09 
[2019-11-08 10:50:53]G:: D0 05 02 01 FF 03 09 
[2019-11-08 10:50:53]G:: D0 09 00 00 03 7D 00 00 
[2019-11-08 10:50:53]G:: D0 0B 03 06 FF FF FF FF 00 00 
[2019-11-08 10:50:53]G:: D0 05 02 01 FF 03 09 
[2019-11-08 10:50:54]G:: D0 05 02 01 FF 03 09 
[2019-11-08 10:50:54]G:: D0 05 02 01 FF 03 08 
[2019-11-08 10:50:54]G:: D0 05 02 01 FF 03 08 
[2019-11-08 10:50:54]G:: D0 05 02 01 FF 03 08 
[2019-11-08 10:50:54]G:: D0 05 02 01 FF 03 08 
[2019-11-08 10:50:54]G:: D0 05 02 01 FF 03 08 
[2019-11-08 10:50:54]G:: D0 05 02 01 FF 03 07 
[2019-11-08 10:50:55]G:: D0 07 10 
[2019-11-08 10:50:55]G:: D0 07 02 
[2019-11-08 10:50:55]G:: D0 05 02 01 FF 03 06 
[2019-11-08 10:50:55]G:: D0 07 0F 
[2019-11-08 10:50:55]G:: D0 07 01 
[2019-11-08 10:50:55]G:: D0 05 02 01 FF 03 07 
[2019-11-08 10:50:55]G:: D0 05 02 01 FF 03 08 
[2019-11-08 10:50:55]G:: D0 05 02 01 FF 03 08 
[2019-11-08 10:50:55]G:: D0 05 02 01 FF 03 08 
[2019-11-08 10:50:55]G:: D0 05 02 01 FF 03 08 
[2019-11-08 10:50:55]G:: D0 05 02 01 FF 03 08 
[2019-11-08 10:50:56]G:: D0 05 02 01 FF 03 09 
[2019-11-08 10:50:56]G:: D0 05 02 01 FF 03 08 
[2019-11-08 10:50:56]G:: D0 05 02 01 FF 03 09 
[2019-11-08 10:50:56]G:: D0 05 02 01 FF 03 0A 
[2019-11-08 10:50:57]G:: D0 05 02 01 FF 03 09 
[2019-11-08 10:50:57]G:: D0 09 00 00 03 70 00 00 
[2019-11-08 10:50:57]G:: D0 0B 02 B8 FF FF FF FF 00 00 
[2019-11-08 10:50:58]G:: D0 05 02 01 FF 03 08 
[2019-11-08 10:50:58]G:: D0 05 02 01 FF 03 08 
[2019-11-08 10:50:58]G:: D0 05 02 01 FF 03 08 
[2019-11-08 10:50:58]G:: D0 05 02 01 FF 03 07 
[2019-11-08 10:50:59]G:: D0 05 02 01 FF 03 08 
[2019-11-08 10:50:59]G:: D0 05 02 01 FF 03 07 
[2019-11-08 10:50:59]G:: D0 05 02 01 FF 03 07 
[2019-11-08 10:50:59]G:: D0 05 02 01 FF 03 07 
[2019-11-08 10:50:59]G:: D0 05 02 01 FF 03 07 
[2019-11-08 10:50:59]G:: D0 05 02 01 FF 03 07 
[2019-11-08 10:50:59]G:: D0 05 02 01 FF 03 07 
[2019-11-08 10:50:59]G:: D0 05 02 01 FF 03 07 
[2019-11-08 10:50:59]G:: D0 05 02 01 FF 03 07 
[2019-11-08 10:50:59]G:: D0 05 02 01 FF 03 07 
[2019-11-08 10:50:59]G:: D0 05 02 01 FF 03 07 
[2019-11-08 10:50:59]G:: D0 05 02 01 FF 03 07 
[2019-11-08 10:50:59]G:: D0 05 02 01 FF 03 07 
[2019-11-08 10:51:00]G:: D0 05 02 01 FF 03 07 
[2019-11-08 10:51:00]G:: D0 05 02 01 FF 03 07 
[2019-11-08 10:51:00]G:: D0 05 02 01 FF 03 07 
[2019-11-08 10:51:00]G:: D0 05 02 01 FF 03 07 
[2019-11-08 10:51:00]G:: D0 05 02 01 FF 03 07 
[2019-11-08 10:51:00]G:: D0 05 02 01 FF 03 07 
[2019-11-08 10:51:00]G:: D0 05 02 01 FF 03 07 
[2019-11-08 10:51:00]G:: D0 05 02 01 FF 03 07 
[2019-11-08 10:51:00]G:: D0 05 02 01 FF 03 07 
[2019-11-08 10:51:00]G:: D0 05 02 01 FF 03 08 
[2019-11-08 10:51:00]G:: D0 05 02 01 FF 03 08 
[2019-11-08 10:51:00]G:: D0 05 02 01 FF 03 08 
[2019-11-08 10:51:00]G:: D0 05 02 01 FF 03 09 
[2019-11-08 10:51:00]G:: D0 05 02 01 FF 03 08 
[2019-11-08 10:51:01]G:: D0 05 02 01 FF 03 0B 
[2019-11-08 10:51:01]G:: D0 05 02 01 FF 03 0B 
[2019-11-08 10:51:01]G:: D0 05 02 01 FF 03 0C 
[2019-11-08 10:51:01]G:: D0 05 02 01 FF 03 0C 
[2019-11-08 10:51:01]G:: D0 05 02 01 FF 03 0C 
[2019-11-08 10:51:01]G:: D0 05 02 01 FF 03 0B 
[2019-11-08 10:51:01]G:: D0 05 02 01 FF 03 0B 
[2019-11-08 10:51:01]G:: D0 05 02 01 FF 03 0B 
[2019-11-08 10:51:01]G:: D0 05 02 01 FF 03 0B 
[2019-11-08 10:51:01]G:: D0 05 02 01 FF 03 0B 
[2019-11-08 10:51:01]G:: D0 05 02 01 FF 03 0B 
[2019-11-08 10:51:01]G:: D0 05 02 01 FF 03 0B 
[2019-11-08 10:51:01]G:: D0 05 02 01 FF 03 0B 
[2019-11-08 10:51:02]G:: D0 09 00 00 03 61 00 00 
[2019-11-08 10:51:02]G:: D0 0B 00 F6 FF FF FF FF 00 00 
[2019-11-08 10:51:03]G:: D0 05 02 01 FF 03 0A 
[2019-11-08 10:51:03]G:: D0 05 02 01 FF 03 0B 
[2019-11-08 10:51:03]G:: D0 05 02 01 FF 03 0B 
[2019-11-08 10:51:03]G:: D0 05 02 01 FF 03 0B 
[2019-11-08 10:51:03]G:: D0 05 02 01 FF 03 0B 
[2019-11-08 10:51:03]G:: D0 05 02 01 FF 03 0B 
[2019-11-08 10:51:03]G:: D0 05 02 01 FF 03 0B 
[2019-11-08 10:51:04]G:: D0 05 02 01 FF 03 0A 
[2019-11-08 10:51:04]G:: D0 05 02 01 FF 03 0A 
[2019-11-08 10:51:04]G:: D0 05 02 01 FF 03 0A 
[2019-11-08 10:51:04]G:: D0 05 02 01 FF 03 0A 
[2019-11-08 10:51:04]G:: D0 05 02 01 FF 03 0A 
[2019-11-08 10:51:04]G:: D0 05 02 01 FF 03 0A 
[2019-11-08 10:51:04]G:: D0 05 02 01 FF 03 0A 
[2019-11-08 10:51:04]G:: D0 05 02 01 FF 03 0A 
[2019-11-08 10:51:04]G:: D0 05 02 01 FF 03 0A 
[2019-11-08 10:51:04]G:: D0 05 02 01 FF 03 0A 
[2019-11-08 10:51:04]G:: D0 05 02 01 FF 03 0A 
[2019-11-08 10:51:04]G:: D0 05 02 01 FF 03 0A 
[2019-11-08 10:51:05]G:: D0 05 02 01 FF 03 0A 
[2019-11-08 10:51:05]G:: D0 05 02 01 FF 03 0B 
[2019-11-08 10:51:05]G:: D0 05 02 01 FF 03 0C 
[2019-11-08 10:51:05]G:: D0 05 02 01 FF 03 0C 
[2019-11-08 10:51:05]G:: D0 05 02 01 FF 03 0C 
[2019-11-08 10:51:05]G:: D0 05 02 01 FF 03 0C 
[2019-11-08 10:51:05]G:: D0 05 02 01 FF 03 0C 
[2019-11-08 10:51:05]G:: D0 05 02 01 FF 03 0C 
[2019-11-08 10:51:05]G:: D0 05 02 01 FF 03 0B 
[2019-11-08 10:51:05]G:: D0 05 02 01 FF 03 0B 
[2019-11-08 10:51:05]G:: D0 05 02 01 FF 03 0B 
[2019-11-08 10:51:05]G:: D0 05 02 01 FF 03 0B 
[2019-11-08 10:51:05]G:: D0 05 02 01 FF 03 0B 
[2019-11-08 10:51:06]G:: D0 05 02 01 FF 03 0B 
[2019-11-08 10:51:06]G:: D0 05 02 01 FF 03 0B 
[2019-11-08 10:51:06]G:: D0 05 02 01 FF 03 0B 
[2019-11-08 10:51:06]G:: D0 05 02 01 FF 03 0A 
[2019-11-08 10:51:06]G:: D0 05 02 01 FF 03 0A 
[2019-11-08 10:51:06]G:: D0 05 02 01 FF 03 0A 
[2019-11-08 10:51:06]G:: D0 05 02 01 FF 03 0A 
[2019-11-08 10:51:06]G:: D0 05 02 01 FF 03 0A 
[2019-11-08 10:51:06]G:: D0 05 02 01 FF 03 0A 
[2019-11-08 10:51:06]G:: D0 05 02 01 FF 03 0A 
[2019-11-08 10:51:06]G:: D0 05 02 01 FF 03 0A 
[2019-11-08 10:51:06]G:: D0 05 02 01 FF 03 0A 
[2019-11-08 10:51:07]G:: D0 05 02 01 FF 03 0A 
[2019-11-08 10:51:07]G:: D0 07 0F 
[2019-11-08 10:51:07]G:: D0 07 02 
[2019-11-08 10:51:07]G:: D0 05 02 01 FF 03 09 
[2019-11-08 10:51:07]G:: D0 07 03 
[2019-11-08 10:51:07]G:: D0 07 03 
[2019-11-08 10:51:07]G:: D0 05 02 01 FF 03 0B 
[2019-11-08 10:51:07]G:: D0 09 00 00 03 60 00 00 
[2019-11-08 10:51:07]G:: D0 0B 01 71 FF FF FF FF 00 00 
[2019-11-08 10:51:07]G:: D0 05 02 01 FF 03 0B 
[2019-11-08 10:51:08]G:: D0 05 02 01 FF 03 0A 
[2019-11-08 10:51:08]G:: D0 05 02 01 FF 03 0B 
[2019-11-08 10:51:08]G:: D0 05 02 01 FF 03 0B 
[2019-11-08 10:51:08]G:: D0 05 02 01 FF 03 0B 
[2019-11-08 10:51:08]G:: D0 05 02 01 FF 03 0B 
[2019-11-08 10:51:08]G:: D0 05 02 01 FF 03 0B 
[2019-11-08 10:51:08]G:: D0 05 02 01 FF 03 0A 
[2019-11-08 10:51:08]G:: D0 05 02 01 FF 03 0B 
[2019-11-08 10:51:08]G:: D0 05 02 01 FF 03 0B 
[2019-11-08 10:51:08]G:: D0 05 02 01 FF 03 0D 
[2019-11-08 10:51:09]G:: D0 05 02 01 FF 03 0D 
[2019-11-08 10:51:09]G:: D0 05 02 01 FF 03 0D 
[2019-11-08 10:51:09]G:: D0 05 02 01 FF 03 0D 
[2019-11-08 10:51:09]G:: D0 05 02 01 FF 03 0D 
[2019-11-08 10:51:09]G:: D0 05 02 01 FF 03 0C 
[2019-11-08 10:51:09]G:: D0 05 02 01 FF 03 0C 
[2019-11-08 10:51:09]G:: D0 05 02 01 FF 03 0C 
[2019-11-08 10:51:09]G:: D0 05 02 01 FF 03 0C 
[2019-11-08 10:51:09]G:: D0 05 02 01 FF 03 0C 
[2019-11-08 10:51:09]G:: D0 05 02 01 FF 03 0C 
[2019-11-08 10:51:09]G:: D0 05 02 01 FF 03 0D 
[2019-11-08 10:51:09]G:: D0 05 02 01 FF 03 0D 
[2019-11-08 10:51:09]G:: D0 05 02 01 FF 03 0D 
[2019-11-08 10:51:10]G:: D0 05 02 01 FF 03 0C 
[2019-11-08 10:51:10]G:: D0 05 02 01 FF 03 0C 
[2019-11-08 10:51:10]G:: D0 05 02 01 FF 03 0C 
[2019-11-08 10:51:10]G:: D0 05 02 01 FF 03 0C 
[2019-11-08 10:51:10]G:: D0 05 02 01 FF 03 0C 
[2019-11-08 10:51:10]G:: D0 05 02 01 FF 03 0C 
[2019-11-08 10:51:10]G:: D0 05 02 01 FF 03 0C 
[2019-11-08 10:51:10]G:: D0 05 02 01 FF 03 0B 
[2019-11-08 10:51:10]G:: D0 05 02 01 FF 03 0B 
[2019-11-08 10:51:10]G:: D0 05 02 01 FF 03 0B 
[2019-11-08 10:51:10]G:: D0 05 02 01 FF 03 0B 
[2019-11-08 10:51:10]G:: D0 05 02 01 FF 03 0C 
[2019-11-08 10:51:10]G:: D0 05 02 01 FF 03 0B 
[2019-11-08 10:51:11]G:: D0 05 02 01 FF 03 0B 
[2019-11-08 10:51:11]G:: D0 05 02 01 FF 03 0B 
[2019-11-08 10:51:11]G:: D0 05 02 01 FF 03 0B 
[2019-11-08 10:51:11]G:: D0 05 02 01 FF 03 0B 
[2019-11-08 10:51:11]G:: D0 05 02 01 FF 03 0B 
[2019-11-08 10:51:11]G:: D0 05 02 01 FF 03 0B 
[2019-11-08 10:51:11]G:: D0 05 02 01 FF 03 0B 
[2019-11-08 10:51:11]G:: D0 05 02 01 FF 03 0B 
[2019-11-08 10:51:11]G:: D0 05 02 01 FF 03 0B 
[2019-11-08 10:51:11]G:: D0 05 02 01 FF 03 0B 
[2019-11-08 10:51:11]G:: D0 05 02 01 FF 03 0B 
[2019-11-08 10:51:11]G:: D0 05 02 01 FF 03 0B 
[2019-11-08 10:51:11]G:: D0 05 02 01 FF 03 0B 
[2019-11-08 10:51:12]G:: D0 05 02 01 FF 03 0A 
[2019-11-08 10:51:12]G:: D0 05 02 01 FF 03 0A 
[2019-11-08 10:51:12]G:: D0 05 02 01 FF 03 0A 
[2019-11-08 10:51:12]G:: D0 05 02 01 FF 03 0A 
[2019-11-08 10:51:12]G:: D0 05 02 01 FF 03 0A 
[2019-11-08 10:51:12]G:: D0 05 02 01 FF 03 0A 
[2019-11-08 10:51:12]G:: D0 05 02 01 FF 03 0A 
[2019-11-08 10:51:12]G:: D0 05 02 01 FF 03 0A 
[2019-11-08 10:51:12]G:: D0 05 02 01 FF 03 0A 
[2019-11-08 10:51:12]G:: D0 05 02 01 FF 03 0A 
[2019-11-08 10:51:12]G:: D0 05 02 01 FF 03 0A 
[2019-11-08 10:51:12]G:: D0 05 02 01 FF 03 0A 
[2019-11-08 10:51:12]G:: D0 05 02 01 FF 03 0A 
[2019-11-08 10:51:12]G:: D0 05 02 01 FF 03 0A 
[2019-11-08 10:51:12]G:: D0 05 02 01 FF 03 0A 
[2019-11-08 10:51:13]G:: D0 05 02 01 FF 03 0A 
[2019-11-08 10:51:13]G:: D0 05 02 01 FF 03 0A 
[2019-11-08 10:51:13]G:: D0 05 02 01 FF 03 0A 
[2019-11-08 10:51:13]G:: D0 05 02 01 FF 03 0B 
[2019-11-08 10:51:13]G:: D0 05 02 01 FF 03 0A 
[2019-11-08 10:51:13]G:: D0 05 02 01 FF 03 0A 
[2019-11-08 10:51:13]G:: D0 05 02 01 FF 03 0A 
[2019-11-08 10:51:13]G:: D0 09 00 00 03 49 00 00 
[2019-11-08 10:51:13]G:: D0 0B 02 D5 FF FF FF FF 00 00 
[2019-11-08 10:51:13]G:: D0 05 02 01 FF 03 0A 
[2019-11-08 10:51:13]G:: D0 05 02 01 FF 03 0A 
[2019-11-08 10:51:13]G:: D0 05 02 01 FF 03 0A 
[2019-11-08 10:51:13]G:: D0 05 02 01 FF 03 0A 
[2019-11-08 10:51:13]G:: D0 05 02 01 FF 03 0A 
[2019-11-08 10:51:14]G:: D0 05 02 01 FF 03 0A 
[2019-11-08 10:51:14]G:: D0 05 02 01 FF 03 0A 
[2019-11-08 10:51:14]G:: D0 05 02 01 FF 03 0A 
[2019-11-08 10:51:14]G:: D0 05 02 01 FF 03 0A 
[2019-11-08 10:51:14]G:: D0 05 02 01 FF 03 0A 
[2019-11-08 10:51:14]G:: D0 05 02 01 FF 03 0A 
[2019-11-08 10:51:14]G:: D0 05 02 01 FF 03 0A 
[2019-11-08 10:51:14]G:: D0 05 02 01 FF 03 0A 
[2019-11-08 10:51:14]G:: D0 05 02 01 FF 03 0A 
[2019-11-08 10:51:14]G:: D0 05 02 01 FF 03 0A 
[2019-11-08 10:51:14]G:: D0 05 02 01 FF 03 0A 
[2019-11-08 10:51:15]G:: D0 07 10 
[2019-11-08 10:51:15]G:: D0 07 02 
[2019-11-08 10:51:15]G:: D0 05 02 01 FF 03 09 
[2019-11-08 10:51:15]G:: D0 05 02 01 FF 03 08 
[2019-11-08 10:51:15]G:: D0 05 02 01 FF 03 08 
[2019-11-08 10:51:15]G:: D0 05 02 01 FF 03 09 
[2019-11-08 10:51:16]G:: D0 05 02 01 FF 03 09 
[2019-11-08 10:51:16]G:: D0 05 02 01 FF 03 09 
[2019-11-08 10:51:16]G:: D0 05 02 01 FF 03 0B 
[2019-11-08 10:51:16]G:: D0 05 02 01 FF 03 0B 
[2019-11-08 10:51:16]G:: D0 05 02 01 FF 03 0B 
[2019-11-08 10:51:16]G:: D0 07 01 
[2019-11-08 10:51:16]G:: D0 05 02 01 FF 03 0B 
[2019-11-08 10:51:16]G:: D0 05 02 01 FF 03 0B 
[2019-11-08 10:51:16]G:: D0 05 02 01 FF 03 0B 
[2019-11-08 10:51:16]G:: D0 05 02 01 FF 03 0B 
[2019-11-08 10:51:16]G:: D0 05 02 01 FF 03 0B 
[2019-11-08 10:51:16]G:: D0 05 02 01 FF 03 0B 
[2019-11-08 10:51:16]G:: D0 05 02 01 FF 03 0B 
[2019-11-08 10:51:17]G:: D0 05 02 01 FF 03 0B 
[2019-11-08 10:51:17]G:: D0 05 02 01 FF 03 0B 
[2019-11-08 10:51:17]G:: D0 05 02 01 FF 03 0A 
[2019-11-08 10:51:17]G:: D0 05 02 01 FF 03 0A 
[2019-11-08 10:51:17]G:: D0 05 02 01 FF 03 0B 
[2019-11-08 10:51:17]G:: D0 05 02 01 FF 03 0D 
[2019-11-08 10:51:17]G:: D0 05 02 01 FF 03 0D 
[2019-11-08 10:51:17]G:: D0 05 02 01 FF 03 0D 
[2019-11-08 10:51:17]G:: D0 05 02 01 FF 03 0D 
[2019-11-08 10:51:17]G:: D0 05 02 01 FF 03 0D 
[2019-11-08 10:51:17]G:: D0 05 02 01 FF 03 0D 
[2019-11-08 10:51:17]G:: D0 05 02 01 FF 03 0D 
[2019-11-08 10:51:17]G:: D0 05 02 01 FF 03 0D 
[2019-11-08 10:51:18]G:: D0 05 02 01 FF 03 0D 
[2019-11-08 10:51:18]G:: D0 05 02 01 FF 03 0C 
[2019-11-08 10:51:18]G:: D0 05 02 01 FF 03 0C 
[2019-11-08 10:51:18]G:: D0 05 02 01 FF 03 0C 
[2019-11-08 10:51:18]G:: D0 05 02 01 FF 03 0C 
[2019-11-08 10:51:18]G:: D0 05 02 01 FF 03 0C 
[2019-11-08 10:51:18]G:: D0 09 00 00 03 76 00 00 
[2019-11-08 10:51:18]G:: D0 0B 03 04 FF FF FF FF 00 00 
[2019-11-08 10:51:18]G:: D0 05 02 01 FF 03 0C 
[2019-11-08 10:51:18]G:: D0 05 02 01 FF 03 0C 
[2019-11-08 10:51:18]G:: D0 05 02 01 FF 03 0C 
[2019-11-08 10:51:18]G:: D0 05 02 01 FF 03 0B 
[2019-11-08 10:51:18]G:: D0 05 02 01 FF 03 0B 
[2019-11-08 10:51:19]G:: D0 05 02 01 FF 03 0A 
[2019-11-08 10:51:19]G:: D0 05 02 01 FF 03 0A 
[2019-11-08 10:51:19]G:: D0 05 02 01 FF 03 09 
[2019-11-08 10:51:19]G:: D0 05 02 01 FF 03 07 
[2019-11-08 10:51:19]G:: D0 05 02 01 FF 03 07 
[2019-11-08 10:51:19]G:: D0 05 02 01 FF 03 08 
[2019-11-08 10:51:19]G:: D0 05 02 01 FF 03 07 
[2019-11-08 10:51:19]G:: D0 05 02 01 FF 03 08 
[2019-11-08 10:51:19]G:: D0 05 02 01 FF 03 08 
[2019-11-08 10:51:19]G:: D0 05 02 01 FF 03 08 
[2019-11-08 10:51:20]G:: D0 05 02 01 FF 03 07 
[2019-11-08 10:51:21]G:: D0 07 0F 
[2019-11-08 10:51:21]G:: D0 07 02 
[2019-11-08 10:51:21]G:: D0 07 03 
[2019-11-08 10:51:21]G:: D0 07 03 
[2019-11-08 10:51:21]G:: D0 05 02 01 FF 03 08 
[2019-11-08 10:51:22]G:: D0 05 02 01 FF 03 09 
[2019-11-08 10:51:22]G:: D0 09 00 00 03 7D 00 00 
[2019-11-08 10:51:22]G:: D0 0B 03 04 FF FF FF FF 00 00 
[2019-11-08 10:51:22]G:: D0 05 02 01 FF 03 08 
[2019-11-08 10:51:22]G:: D0 05 02 01 FF 03 08 
[2019-11-08 10:51:22]G:: D0 05 02 01 FF 03 08 
[2019-11-08 10:51:22]G:: D0 05 02 01 FF 03 08 
[2019-11-08 10:51:23]G:: D0 05 02 01 FF 03 08 
[2019-11-08 10:51:23]G:: D0 05 02 01 FF 03 09 
[2019-11-08 10:51:23]G:: D0 05 02 01 FF 03 0A 
[2019-11-08 10:51:23]G:: D0 05 02 01 FF 03 0A 
[2019-11-08 10:51:23]G:: D0 05 02 01 FF 03 0A 
[2019-11-08 10:51:23]G:: D0 05 02 01 FF 03 09 
[2019-11-08 10:51:23]G:: D0 05 02 01 FF 03 0A 
[2019-11-08 10:51:23]G:: D0 05 02 01 FF 03 09 
[2019-11-08 10:51:24]G:: D0 05 02 01 FF 03 09 
[2019-11-08 10:51:24]G:: D0 05 02 01 FF 03 09 
[2019-11-08 10:51:24]G:: D0 05 02 01 FF 03 08 
[2019-11-08 10:51:24]G:: D0 05 02 01 FF 03 09 
[2019-11-08 10:51:24]G:: D0 05 02 01 FF 03 09 
[2019-11-08 10:51:24]G:: D0 05 02 01 FF 03 08 
[2019-11-08 10:51:24]G:: D0 05 02 01 FF 03 08 
[2019-11-08 10:51:25]G:: D0 05 02 01 FF 03 08 
[2019-11-08 10:51:25]G:: D0 05 02 01 FF 03 08 
[2019-11-08 10:51:25]G:: D0 05 02 01 FF 03 08 
[2019-11-08 10:51:25]G:: D0 05 02 01 FF 03 08 
[2019-11-08 10:51:25]G:: D0 05 02 01 FF 03 07 
[2019-11-08 10:51:25]G:: D0 05 02 01 FF 03 07 
[2019-11-08 10:51:25]G:: D0 05 02 01 FF 03 07 
[2019-11-08 10:51:25]G:: D0 05 02 01 FF 03 07 
[2019-11-08 10:51:25]G:: D0 05 02 01 FF 03 07 
[2019-11-08 10:51:25]G:: D0 05 02 01 FF 03 07 
[2019-11-08 10:51:25]G:: D0 05 02 01 FF 03 07 
[2019-11-08 10:51:26]G:: D0 05 02 01 FF 03 07 
[2019-11-08 10:51:26]G:: D0 05 02 01 FF 03 07 
[2019-11-08 10:51:26]G:: D0 05 02 01 FF 03 07 
[2019-11-08 10:51:26]G:: D0 05 02 01 FF 03 07 
[2019-11-08 10:51:26]G:: D0 05 02 01 FF 03 08 
[2019-11-08 10:51:26]G:: D0 05 02 01 FF 03 08 
[2019-11-08 10:51:26]G:: D0 05 02 01 FF 03 07 
[2019-11-08 10:51:26]G:: D0 05 02 01 FF 03 08 
[2019-11-08 10:51:26]G:: D0 05 02 01 FF 03 07 
[2019-11-08 10:51:26]G:: D0 05 02 01 FF 03 07 
[2019-11-08 10:51:26]G:: D0 05 02 01 FF 03 07 
[2019-11-08 10:51:26]G:: D0 05 02 01 FF 03 07 
[2019-11-08 10:51:26]G:: D0 05 02 01 FF 03 07 
[2019-11-08 10:51:27]G:: D0 05 02 01 FF 03 07 
[2019-11-08 10:51:27]G:: D0 05 02 01 FF 03 07 
[2019-11-08 10:51:27]G:: D0 05 02 01 FF 03 07 
[2019-11-08 10:51:27]G:: D0 05 02 01 FF 03 07 
[2019-11-08 10:51:27]G:: D0 05 02 01 FF 03 07 
[2019-11-08 10:51:27]G:: D0 09 00 05 03 27 00 00 
[2019-11-08 10:51:27]G:: D0 0B 03 07 FF FF FF FF 00 00 
[2019-11-08 10:51:30]G:: D0 05 02 01 FF 03 08 
[2019-11-08 10:51:30]G:: D0 05 02 01 FF 03 07 
[2019-11-08 10:51:32]G:: D0 09 00 05 03 1B 00 00 
[2019-11-08 10:51:32]G:: D0 0B 04 4D FF FF FF FF 00 00 
[2019-11-08 10:51:32]G:: D0 05 02 01 FF 03 07 
[2019-11-08 10:51:32]G:: D0 05 02 01 FF 03 07 
[2019-11-08 10:51:32]G:: D0 05 02 01 FF 03 08 
[2019-11-08 10:51:33]G:: D0 05 02 01 FF 03 07 
[2019-11-08 10:51:33]G:: D0 05 02 01 FF 03 07 
[2019-11-08 10:51:33]G:: D0 05 02 01 FF 03 07 
[2019-11-08 10:51:33]G:: D0 05 02 01 FF 03 07 
[2019-11-08 10:51:33]G:: D0 05 02 01 FF 03 08 
[2019-11-08 10:51:33]G:: D0 05 02 01 FF 03 08 
[2019-11-08 10:51:33]G:: D0 05 02 01 FF 03 08 
[2019-11-08 10:51:33]G:: D0 05 02 01 FF 03 08 
[2019-11-08 10:51:33]G:: D0 05 02 01 FF 03 07 
[2019-11-08 10:51:33]G:: D0 05 02 01 FF 03 08 
[2019-11-08 10:51:33]G:: D0 05 02 01 FF 03 08 
[2019-11-08 10:51:33]G:: D0 05 02 01 FF 03 07 
[2019-11-08 10:51:34]G:: D0 05 02 01 FF 03 07 
[2019-11-08 10:51:34]G:: D0 05 02 01 FF 03 07 
[2019-11-08 10:51:34]G:: D0 05 02 01 FF 03 07 
[2019-11-08 10:51:34]G:: D0 05 02 01 FF 03 07 
[2019-11-08 10:51:34]G:: D0 05 02 01 FF 03 07 
[2019-11-08 10:51:34]G:: D0 05 02 01 FF 03 07 
[2019-11-08 10:51:34]G:: D0 05 02 01 FF 03 07 
[2019-11-08 10:51:34]G:: D0 05 02 01 FF 03 07 
[2019-11-08 10:51:34]G:: D0 05 02 01 FF 03 07 
[2019-11-08 10:51:34]G:: D0 05 02 01 FF 03 08 
[2019-11-08 10:51:34]G:: D0 05 02 01 FF 03 08 
[2019-11-08 10:51:34]G:: D0 05 02 01 FF 03 08 
[2019-11-08 10:51:34]G:: D0 05 02 01 FF 03 08 
[2019-11-08 10:51:35]G:: D0 05 02 01 FF 03 08 
[2019-11-08 10:51:35]G:: D0 05 02 01 FF 03 08 
[2019-11-08 10:51:35]G:: D0 05 02 01 FF 03 08 
[2019-11-08 10:51:35]G:: D0 05 02 01 FF 03 08 
[2019-11-08 10:51:35]G:: D0 05 02 01 FF 03 08 
[2019-11-08 10:51:35]G:: D0 05 02 01 FF 03 08 
[2019-11-08 10:51:35]G:: D0 05 02 01 FF 03 08 
[2019-11-08 10:51:35]G:: D0 05 02 01 FF 03 08 
[2019-11-08 10:51:35]G:: D0 05 02 01 FF 03 08 
[2019-11-08 10:51:35]G:: D0 05 02 01 FF 03 08 
[2019-11-08 10:51:35]G:: D0 05 02 01 FF 03 09 
[2019-11-08 10:51:35]G:: D0 05 02 01 FF 03 08 
[2019-11-08 10:51:35]G:: D0 05 02 01 FF 03 08 
[2019-11-08 10:51:35]G:: D0 05 02 01 FF 03 08 
[2019-11-08 10:51:36]G:: D0 05 02 01 FF 03 08 
[2019-11-08 10:51:36]G:: D0 05 02 01 FF 03 08 
[2019-11-08 10:51:36]G:: D0 05 02 01 FF 03 08 
[2019-11-08 10:51:36]G:: D0 05 02 01 FF 03 08 
[2019-11-08 10:51:36]G:: D0 05 02 01 FF 03 08 
[2019-11-08 10:51:36]G:: D0 05 02 01 FF 03 07 
[2019-11-08 10:51:36]G:: D0 05 02 01 FF 03 07 
[2019-11-08 10:51:36]G:: D0 05 02 01 FF 03 07 
[2019-11-08 10:51:36]G:: D0 05 02 01 FF 03 07 
[2019-11-08 10:51:36]G:: D0 05 02 01 FF 03 08 
[2019-11-08 10:51:36]G:: D0 05 02 01 FF 03 0A 
[2019-11-08 10:51:36]G:: D0 05 02 01 FF 03 0A 
[2019-11-08 10:51:36]G:: D0 05 02 01 FF 03 0A 
[2019-11-08 10:51:36]G:: D0 05 02 01 FF 03 0A 
[2019-11-08 10:51:37]G:: D0 05 02 01 FF 03 0A 
[2019-11-08 10:51:37]G:: D0 05 02 01 FF 03 0A 
[2019-11-08 10:51:37]G:: D0 05 02 01 FF 03 0A 
[2019-11-08 10:51:37]G:: D0 05 02 01 FF 03 0A 
[2019-11-08 10:51:37]G:: D0 05 02 01 FF 03 0A 
[2019-11-08 10:51:37]G:: D0 05 02 01 FF 03 0A 
[2019-11-08 10:51:37]G:: D0 05 02 01 FF 03 0A 
[2019-11-08 10:51:37]G:: D0 05 02 01 FF 03 0A 
[2019-11-08 10:51:37]G:: D0 05 02 01 FF 03 0A 
[2019-11-08 10:51:37]G:: D0 05 02 01 FF 03 0A 
[2019-11-08 10:51:37]G:: D0 05 02 01 FF 03 0A 
[2019-11-08 10:51:37]G:: D0 05 02 01 FF 03 0A 
[2019-11-08 10:51:38]G:: D0 05 02 01 FF 03 0A 
[2019-11-08 10:51:38]G:: D0 05 02 01 FF 03 0A 
[2019-11-08 10:51:38]G:: D0 05 02 01 FF 03 0A 
[2019-11-08 10:51:38]G:: D0 05 02 01 FF 03 0A 
[2019-11-08 10:51:38]G:: D0 05 02 01 FF 03 0A 
[2019-11-08 10:51:38]G:: D0 05 02 01 FF 03 0A 
[2019-11-08 10:51:38]G:: D0 05 02 01 FF 03 0A 
[2019-11-08 10:51:38]G:: D0 05 02 01 FF 03 0A 
[2019-11-08 10:51:38]G:: D0 05 02 01 FF 03 0A 
[2019-11-08 10:51:38]G:: D0 05 02 01 FF 03 0A 
[2019-11-08 10:51:38]G:: D0 05 02 01 FF 03 0A 
[2019-11-08 10:51:38]G:: D0 05 02 01 FF 03 0A 
[2019-11-08 10:51:38]G:: D0 09 00 02 03 40 00 00 
[2019-11-08 10:51:38]G:: D0 0B 02 52 FF FF FF FF 00 00 
[2019-11-08 10:51:42]G:: D0 09 00 02 03 90 00 00 
[2019-11-08 10:51:42]G:: D0 0B 01 6F FF FF FF FF 00 00 
[2019-11-08 10:51:44]G:: D0 05 02 01 FF 03 0B 
[2019-11-08 10:51:44]G:: D0 05 02 01 FF 03 0A 
[2019-11-08 10:51:44]G:: D0 05 02 01 FF 03 0A 
[2019-11-08 10:51:44]G:: D0 05 02 01 FF 03 0A 
[2019-11-08 10:51:44]G:: D0 05 02 01 FF 03 0A 
[2019-11-08 10:51:45]G:: D0 05 02 01 FF 03 0A 
[2019-11-08 10:51:45]G:: D0 05 02 01 FF 03 0A 
[2019-11-08 10:51:45]G:: D0 05 02 01 FF 03 0A 
[2019-11-08 10:51:45]G:: D0 05 02 01 FF 03 0A 
[2019-11-08 10:51:45]G:: D0 05 02 01 FF 03 0A 
[2019-11-08 10:51:45]G:: D0 05 02 01 FF 03 0A 
[2019-11-08 10:51:45]G:: D0 05 02 01 FF 03 0A 
[2019-11-08 10:51:45]G:: D0 05 02 01 FF 03 09 
[2019-11-08 10:51:45]G:: D0 05 02 01 FF 03 0A 
[2019-11-08 10:51:47]G:: D0 05 02 01 FF 03 09 
[2019-11-08 10:51:47]G:: D0 05 02 01 FF 03 0A 
[2019-11-08 10:51:47]G:: D0 05 02 01 FF 03 09 
[2019-11-08 10:51:47]G:: D0 05 02 01 FF 03 0A 
[2019-11-08 10:51:47]G:: D0 05 02 01 FF 03 0A 
[2019-11-08 10:51:47]G:: D0 05 02 01 FF 03 0A 
[2019-11-08 10:51:47]G:: D0 05 02 01 FF 03 09 
[2019-11-08 10:51:47]G:: D0 05 02 01 FF 03 0A 
[2019-11-08 10:51:47]G:: D0 05 02 01 FF 03 0A 
[2019-11-08 10:51:47]G:: D0 05 02 01 FF 03 0A 
[2019-11-08 10:51:48]G:: D0 05 02 01 FF 03 0A 
[2019-11-08 10:51:48]G:: D0 05 02 01 FF 03 0A 
[2019-11-08 10:51:48]G:: D0 05 02 01 FF 03 09 
[2019-11-08 10:51:48]G:: D0 09 00 00 03 99 00 00 
[2019-11-08 10:51:48]G:: D0 0B 03 04 FF FF FF FF 00 00 
[2019-11-08 10:51:48]G:: D0 05 02 01 FF 03 0A 
[2019-11-08 10:51:48]G:: D0 05 02 01 FF 03 0A 
[2019-11-08 10:51:48]G:: D0 05 02 01 FF 03 0A 
[2019-11-08 10:51:48]G:: D0 05 02 01 FF 03 0A 
[2019-11-08 10:51:48]G:: D0 05 02 01 FF 03 0A 
[2019-11-08 10:51:48]G:: D0 05 02 01 FF 03 0A 
[2019-11-08 10:51:48]G:: D0 05 02 01 FF 03 0A 
[2019-11-08 10:51:48]G:: D0 05 02 01 FF 03 0A 
[2019-11-08 10:51:49]G:: D0 05 02 01 FF 03 0A 
[2019-11-08 10:51:49]G:: D0 05 02 01 FF 03 0A 
[2019-11-08 10:51:49]G:: D0 05 02 01 FF 03 0A 
[2019-11-08 10:51:50]G:: D0 05 02 01 FF 03 0B 
[2019-11-08 10:51:50]G:: D0 05 02 01 FF 03 0C 
[2019-11-08 10:51:51]G:: D0 05 02 01 FF 03 0B 
[2019-11-08 10:51:51]G:: D0 05 02 01 FF 03 0A 
[2019-11-08 10:51:51]G:: D0 05 02 01 FF 03 0B 
[2019-11-08 10:51:51]G:: D0 05 02 01 FF 03 0B 
[2019-11-08 10:51:51]G:: D0 05 02 01 FF 03 0B 
[2019-11-08 10:51:51]G:: D0 05 02 01 FF 03 0B 
[2019-11-08 10:51:51]G:: D0 05 02 01 FF 03 0A 
[2019-11-08 10:51:51]G:: D0 05 02 01 FF 03 0A 
[2019-11-08 10:51:51]G:: D0 05 02 01 FF 03 0A 
[2019-11-08 10:51:51]G:: D0 05 02 01 FF 03 0A 
[2019-11-08 10:51:52]G:: D0 05 02 01 FF 03 0A 
[2019-11-08 10:51:52]G:: D0 05 02 01 FF 03 0A 
[2019-11-08 10:51:52]G:: D0 05 02 01 FF 03 0A 
[2019-11-08 10:51:52]G:: D0 05 02 01 FF 03 0A 
[2019-11-08 10:51:52]G:: D0 09 00 00 03 78 00 00 
[2019-11-08 10:51:52]G:: D0 0B 00 F9 FF FF FF FF 00 00 
[2019-11-08 10:51:53]G:: D0 05 02 01 FF 03 09 
[2019-11-08 10:51:53]G:: D0 05 02 01 FF 03 0A 
[2019-11-08 10:51:53]G:: D0 05 02 01 FF 03 0A 
[2019-11-08 10:51:53]G:: D0 05 02 01 FF 03 0A 
[2019-11-08 10:51:53]G:: D0 05 02 01 FF 03 0A 
[2019-11-08 10:51:53]G:: D0 05 02 01 FF 03 0A 
[2019-11-08 10:51:53]G:: D0 05 02 01 FF 03 0A 
[2019-11-08 10:51:54]G:: D0 05 02 01 FF 03 0A 
[2019-11-08 10:51:54]G:: D0 05 02 01 FF 03 0A 
[2019-11-08 10:51:54]G:: D0 05 02 01 FF 03 0A 
[2019-11-08 10:51:54]G:: D0 05 02 01 FF 03 0A 
[2019-11-08 10:51:54]G:: D0 05 02 01 FF 03 0A 
[2019-11-08 10:51:54]G:: D0 05 02 01 FF 03 0A 
[2019-11-08 10:51:54]G:: D0 05 02 01 FF 03 07 
[2019-11-08 10:51:54]G:: D0 05 02 01 FF 03 07 
[2019-11-08 10:51:54]G:: D0 05 02 01 FF 03 07 
[2019-11-08 10:51:54]G:: D0 05 02 01 FF 03 07 
[2019-11-08 10:51:54]G:: D0 05 02 01 FF 03 08 
[2019-11-08 10:51:54]G:: D0 05 02 01 FF 03 08 
[2019-11-08 10:51:54]G:: D0 05 02 01 FF 03 08 
[2019-11-08 10:51:55]G:: D0 05 02 01 FF 03 08 
[2019-11-08 10:51:55]G:: D0 05 02 01 FF 03 08 
[2019-11-08 10:51:55]G:: D0 05 02 01 FF 03 07 
[2019-11-08 10:51:55]G:: D0 05 02 01 FF 03 07 
[2019-11-08 10:51:55]G:: D0 05 02 01 FF 03 07 
[2019-11-08 10:51:55]G:: D0 05 02 01 FF 03 08 
[2019-11-08 10:51:55]G:: D0 05 02 01 FF 03 07 
[2019-11-08 10:51:55]G:: D0 05 02 01 FF 03 07 
[2019-11-08 10:51:55]G:: D0 05 02 01 FF 03 07 
[2019-11-08 10:51:56]G:: D0 05 02 01 FF 03 07 
[2019-11-08 10:51:56]G:: D0 05 02 01 FF 03 08 
[2019-11-08 10:51:56]G:: D0 05 02 01 FF 03 08 
[2019-11-08 10:51:56]G:: D0 05 02 01 FF 03 07 
[2019-11-08 10:51:56]G:: D0 05 02 01 FF 03 08 
[2019-11-08 10:51:56]G:: D0 05 02 01 FF 03 08 
[2019-11-08 10:51:56]G:: D0 05 02 01 FF 03 07 
[2019-11-08 10:51:56]G:: D0 05 02 01 FF 03 07 
[2019-11-08 10:51:56]G:: D0 05 02 01 FF 03 07 
[2019-11-08 10:51:56]G:: D0 05 02 01 FF 03 08 
[2019-11-08 10:51:56]G:: D0 05 02 01 FF 03 07 
[2019-11-08 10:51:56]G:: D0 05 02 01 FF 03 07 
[2019-11-08 10:51:56]G:: D0 05 02 01 FF 03 07 
[2019-11-08 10:51:57]G:: D0 05 02 01 FF 03 07 
[2019-11-08 10:51:57]G:: D0 05 02 01 FF 03 07 
[2019-11-08 10:51:57]G:: D0 05 02 01 FF 03 07 
[2019-11-08 10:51:57]G:: D0 05 02 01 FF 03 07 
[2019-11-08 10:51:57]G:: D0 05 02 01 FF 03 07 
[2019-11-08 10:51:57]G:: D0 05 02 01 FF 03 07 
[2019-11-08 10:51:57]G:: D0 05 02 01 FF 03 07 
[2019-11-08 10:51:57]G:: D0 05 02 01 FF 03 07 
[2019-11-08 10:51:57]G:: D0 05 02 01 FF 03 07 
[2019-11-08 10:51:57]G:: D0 05 02 01 FF 03 07 
[2019-11-08 10:51:57]G:: D0 05 02 01 FF 03 07 
[2019-11-08 10:51:57]G:: D0 05 02 01 FF 03 07 
[2019-11-08 10:51:58]G:: D0 05 02 01 FF 03 07 
[2019-11-08 10:51:58]G:: D0 05 02 01 FF 03 07 
[2019-11-08 10:51:58]G:: D0 05 02 01 FF 03 07 
[2019-11-08 10:51:58]G:: D0 05 02 01 FF 03 07 
[2019-11-08 10:51:58]G:: D0 05 02 01 FF 03 07 
[2019-11-08 10:51:58]G:: D0 05 02 01 FF 03 07 
[2019-11-08 10:51:58]G:: D0 05 02 01 FF 03 07 
[2019-11-08 10:51:58]G:: D0 05 02 01 FF 03 07 
[2019-11-08 10:51:58]G:: D0 05 02 01 FF 03 07 
[2019-11-08 10:51:58]G:: D0 05 02 01 FF 03 07 
[2019-11-08 10:51:58]G:: D0 05 02 01 FF 03 07 
[2019-11-08 10:51:58]G:: D0 05 02 01 FF 03 07 
[2019-11-08 10:51:58]G:: D0 05 02 01 FF 03 07 
[2019-11-08 10:51:59]G:: D0 05 02 01 FF 03 07 
[2019-11-08 10:51:59]G:: D0 05 02 01 FF 03 07 
[2019-11-08 10:51:59]G:: D0 09 00 00 03 11 00 00 
[2019-11-08 10:51:59]G:: D0 0B 03 09 FF FF FF FF 00 00 
[2019-11-08 10:52:02]G:: D0 09 00 00 03 23 00 00 
[2019-11-08 10:52:02]G:: D0 0B 03 09 FF FF FF FF 00 00 
[2019-11-08 10:52:02]G:: D0 05 02 01 FF 03 06 
[2019-11-08 10:52:02]G:: D0 05 02 01 FF 03 07 
[2019-11-08 10:52:03]G:: D0 05 02 01 FF 03 08 
[2019-11-08 10:52:03]G:: D0 07 01 
[2019-11-08 10:52:05]G:: D0 05 02 01 FF 03 09 
[2019-11-08 10:52:05]G:: D0 05 02 01 FF 03 09 
[2019-11-08 10:52:05]G:: D0 05 02 01 FF 03 08 
[2019-11-08 10:52:05]G:: D0 05 02 01 FF 03 08 
[2019-11-08 10:52:05]G:: D0 05 02 01 FF 03 09 
[2019-11-08 10:52:05]G:: D0 05 02 01 FF 03 09 
[2019-11-08 10:52:05]G:: D0 05 02 01 FF 03 09 
[2019-11-08 10:52:05]G:: D0 05 02 01 FF 03 09 
[2019-11-08 10:52:05]G:: D0 05 02 01 FF 03 09 
[2019-11-08 10:52:05]G:: D0 05 02 01 FF 03 08 
[2019-11-08 10:52:06]G:: D0 05 02 01 FF 03 07 
[2019-11-08 10:52:06]G:: D0 05 02 01 FF 03 08 
[2019-11-08 10:52:06]G:: D0 05 02 01 FF 03 08 
[2019-11-08 10:52:06]G:: D0 05 02 01 FF 03 08 
[2019-11-08 10:52:06]G:: D0 05 02 01 FF 03 08 
[2019-11-08 10:52:06]G:: D0 05 02 01 FF 03 08 
[2019-11-08 10:52:06]G:: D0 05 02 01 FF 03 07 
[2019-11-08 10:52:06]G:: D0 05 02 01 FF 03 07 
[2019-11-08 10:52:07]G:: D0 05 02 01 FF 03 07 
[2019-11-08 10:52:07]G:: D0 05 02 01 FF 03 07 
[2019-11-08 10:52:07]G:: D0 05 02 01 FF 03 07 
[2019-11-08 10:52:07]G:: D0 05 02 01 FF 03 07 
[2019-11-08 10:52:07]G:: D0 05 02 01 FF 03 07 
[2019-11-08 10:52:07]G:: D0 05 02 01 FF 03 07 
[2019-11-08 10:52:07]G:: D0 05 02 01 FF 03 07 
[2019-11-08 10:52:07]G:: D0 09 00 00 03 22 00 00 
[2019-11-08 10:52:07]G:: D0 0B 03 05 FF FF FF FF 00 00 
[2019-11-08 10:52:11]G:: D0 05 02 01 FF 03 06 
[2019-11-08 10:52:11]G:: D0 07 00 
[2019-11-08 10:52:12]G:: D0 05 02 01 FF 03 08 
[2019-11-08 10:52:12]G:: D0 05 02 01 FF 03 08 
[2019-11-08 10:52:12]G:: D0 05 02 01 FF 03 08 
[2019-11-08 10:52:12]G:: D0 09 00 00 03 50 00 00 
[2019-11-08 10:52:12]G:: D0 0B 02 FF FF FF FF FF 00 00 
[2019-11-08 10:52:13]G:: D0 01 C0 00 00 
[2019-11-08 10:52:13]G:: D0 05 02 01 FF 03 09 
[2019-11-08 10:52:13]G:: D0 05 02 01 FF 03 08 
[2019-11-08 10:52:13]G:: D0 05 02 01 FF 03 08 
[2019-11-08 10:52:13]G:: D0 05 02 01 FF 03 08 
[2019-11-08 10:52:13]G:: D0 05 02 01 FF 03 08 
[2019-11-08 10:52:13]G:: D0 05 02 01 FF 03 08 
[2019-11-08 10:52:17]G:: D0 09 00 00 03 85 00 00 
[2019-11-08 10:52:17]G:: D0 0B 03 03 FF FF FF FF 00 00 
[2019-11-08 10:52:20]G:: D0 03 03 64 04 64 01 64 01 64 03 64 
[2019-11-08 10:52:20]G:: D0 03 01 64 04 64 01 64 01 64 03 64 
[2019-11-08 10:52:22]G:: D0 09 00 00 03 71 00 00 
[2019-11-08 10:52:27]G:: D0 09 00 00 03 60 00 00 
[2019-11-08 10:52:42]G:: D0 05 02 01 FF 03 06 
[2019-11-08 10:52:42]G:: D0 05 02 01 FF 03 05 
[2019-11-08 10:52:42]G:: D0 05 02 01 FF 03 06 
[2019-11-08 10:52:43]G:: D0 05 02 01 FF 03 05 
[2019-11-08 10:52:43]G:: D0 05 02 01 FF 03 05 
[2019-11-08 10:52:43]G:: D0 05 02 01 FF 03 06 
[2019-11-08 10:52:43]G:: D0 05 02 01 FF 03 05 
[2019-11-08 10:52:43]G:: D0 05 02 01 FF 03 05 
[2019-11-08 10:52:43]G:: D0 05 02 01 FF 03 05 
[2019-11-08 10:52:43]G:: D0 05 02 01 FF 03 05 
[2019-11-08 10:52:43]G:: D0 05 02 01 FF 03 05 
[2019-11-08 10:52:43]G:: D0 05 02 01 FF 03 05 
[2019-11-08 10:52:43]G:: D0 05 02 01 FF 03 05 
[2019-11-08 10:52:44]G:: D0 05 02 01 FF 03 05 
[2019-11-08 10:52:44]G:: D0 05 02 01 FF 03 06 
[2019-11-08 10:52:44]G:: D0 05 02 01 FF 03 05 
[2019-11-08 10:52:44]G:: D0 05 02 01 FF 03 05 
[2019-11-08 10:52:44]G:: D0 05 02 01 FF 03 05 
[2019-11-08 10:52:44]G:: D0 05 02 01 FF 03 06 
[2019-11-08 10:52:44]G:: D0 05 02 01 FF 03 05 
[2019-11-08 10:52:44]G:: D0 05 02 01 FF 03 06 
[2019-11-08 10:52:44]G:: D0 05 02 01 FF 03 05 
[2019-11-08 10:52:44]G:: D0 05 02 01 FF 03 06 
[2019-11-08 10:52:44]G:: D0 05 02 01 FF 03 05 
[2019-11-08 10:52:45]G:: D0 05 02 01 FF 03 05 
[2019-11-08 10:52:45]G:: D0 05 02 01 FF 03 05 
[2019-11-08 10:52:45]G:: D0 05 02 01 FF 03 05 
[2019-11-08 10:52:45]G:: D0 05 02 01 FF 03 05 
[2019-11-08 10:52:45]G:: D0 05 02 01 FF 03 05 
[2019-11-08 10:52:45]G:: D0 05 02 01 FF 03 05 
[2019-11-08 10:52:45]G:: D0 05 02 01 FF 03 05 
[2019-11-08 10:52:45]G:: D0 05 02 01 FF 03 05 
[2019-11-08 10:52:46]G:: D0 05 02 01 FF 03 06 
[2019-11-08 10:52:46]G:: D0 05 02 01 FF 03 05 
[2019-11-08 10:52:46]G:: D0 05 02 01 FF 03 05 
[2019-11-08 10:52:46]G:: D0 05 02 01 FF 03 05 
[2019-11-08 10:52:46]G:: D0 05 02 01 FF 03 05 
[2019-11-08 10:52:46]G:: D0 05 02 01 FF 03 05 
[2019-11-08 10:52:46]G:: D0 05 02 01 FF 03 06 
[2019-11-08 10:52:46]G:: D0 05 02 01 FF 03 05 
[2019-11-08 10:52:46]G:: D0 05 02 01 FF 03 05 
[2019-11-08 10:52:47]G:: D0 05 02 01 FF 03 05 
[2019-11-08 10:52:47]G:: D0 05 02 01 FF 03 05 
[2019-11-08 10:52:47]G:: D0 05 02 01 FF 03 05 
[2019-11-08 10:52:47]G:: D0 05 02 01 FF 03 06 
[2019-11-08 10:52:47]G:: D0 05 02 01 FF 03 05 
[2019-11-08 10:52:47]G:: D0 05 02 01 FF 03 06 
[2019-11-08 10:52:47]G:: D0 05 02 01 FF 03 06 
[2019-11-08 10:52:47]G:: D0 05 02 01 FF 03 05 
[2019-11-08 10:52:47]G:: D0 05 02 01 FF 03 05 
[2019-11-08 10:52:47]G:: D0 05 02 01 FF 03 05 
[2019-11-08 10:52:47]G:: D0 05 02 01 FF 03 05 
[2019-11-08 10:52:47]G:: D0 05 02 01 FF 03 05 
[2019-11-08 10:52:47]G:: D0 05 02 01 FF 03 05 
[2019-11-08 10:52:48]G:: D0 05 02 01 FF 03 06 
[2019-11-08 10:52:48]G:: D0 05 02 01 FF 03 05 
[2019-11-08 10:52:48]G:: D0 05 02 01 FF 03 05 
[2019-11-08 10:52:48]G:: D0 05 02 01 FF 03 05 
[2019-11-08 10:52:48]G:: D0 05 02 01 FF 03 05 
[2019-11-08 10:52:48]G:: D0 05 02 01 FF 03 05 
[2019-11-08 10:52:48]G:: D0 05 02 01 FF 03 05 
[2019-11-08 10:52:48]G:: D0 05 02 01 FF 03 05 
[2019-11-08 10:52:48]G:: D0 05 02 01 FF 03 06 
[2019-11-08 10:52:48]G:: D0 05 02 01 FF 03 05 
[2019-11-08 10:52:48]G:: D0 05 02 01 FF 03 05 
[2019-11-08 10:52:49]G:: D0 05 02 01 FF 03 05 
[2019-11-08 10:52:49]G:: D0 05 02 01 FF 03 05 
[2019-11-08 10:52:49]G:: D0 05 02 01 FF 03 05 
[2019-11-08 10:52:49]G:: D0 05 02 01 FF 03 05 
[2019-11-08 10:52:49]G:: D0 05 02 01 FF 03 05 
[2019-11-08 10:52:49]G:: D0 05 02 01 FF 03 06 
[2019-11-08 10:52:49]G:: D0 05 02 01 FF 03 08 
[2019-11-08 10:52:49]G:: D0 05 02 01 FF 03 08 
[2019-11-08 10:52:49]G:: D0 05 02 01 FF 03 08 
[2019-11-08 10:52:49]G:: D0 05 02 01 FF 03 08 
[2019-11-08 10:52:49]G:: D0 05 02 01 FF 03 08 
[2019-11-08 10:52:49]G:: D0 05 02 01 FF 03 08 
[2019-11-08 10:52:50]G:: D0 05 02 01 FF 03 08 
[2019-11-08 10:52:50]G:: D0 05 02 01 FF 03 08 
[2019-11-08 10:52:52]G:: D0 09 00 00 03 63 00 00 
[2019-11-08 10:52:57]G:: D0 09 00 00 03 75 00 00 
[2019-11-08 10:52:58]G:: D0 05 02 02 FF 03 08 
[2019-11-08 10:52:58]G:: D0 05 01 02 FF 03 00 
[2019-11-08 10:52:58]G:: D0 05 01 02 FF 03 00 
[2019-11-08 10:52:58]G:: D0 05 01 02 FF 03 00 
[2019-11-08 10:52:58]G:: D0 05 01 02 FF 03 00 
[2019-11-08 10:52:58]G:: D0 01 40 00 00 
[2019-11-08 10:52:58]G:: D0 02 80 14 01 02 A3 80 D2 00 00 
[2019-11-08 10:52:58]G:: D0 05 00 02 FF 03 00 
[2019-11-08 10:52:58]G:: D0 05 00 02 FF 03 00 
[2019-11-08 10:52:58]G:: D0 05 00 02 FF 03 00 
[2019-11-08 10:53:00]G:: D0 0A 01 33 00 00 00 01 86 D5 2E FF FF 00 83 
[2019-11-08 10:53:02]G:: D0 09 00 00 01 75 00 00 
[2019-11-08 10:53:16]G:: D0 0A 01 33 00 00 00 01 86 D5 2E FF FF 00 7F 
[2019-11-08 10:53:32]G:: D0 05 02 02 FF 03 00 
[2019-11-08 10:53:32]G:: D0 01 C0 00 00 
[2019-11-08 10:53:32]G:: D0 02 81 14 01 02 A3 80 D2 00 00 
[2019-11-08 10:53:32]G:: D0 05 02 02 FF 03 00 
[2019-11-08 10:53:32]G:: D0 05 02 02 FF 03 0A 
[2019-11-08 10:53:32]G:: D0 03 04 64 04 64 04 64 04 64 03 64 
[2019-11-08 10:53:32]G:: D0 09 00 00 00 00 00 00 
[2019-11-08 10:53:32]G:: D0 0B 03 0C FF FF FF FF 00 00 
[2019-11-08 10:53:32]G:: D0 05 02 02 FF 03 01 
[2019-11-08 10:53:32]G:: D0 05 02 02 FF 03 02 
[2019-11-08 10:53:32]G:: D0 05 02 02 FF 03 31 
[2019-11-08 10:53:32]G:: D0 05 02 02 FF 03 2A 
[2019-11-08 10:53:33]G:: D0 05 02 02 FF 03 0B 
[2019-11-08 10:53:33]G:: D0 05 02 02 FF 03 00 
[2019-11-08 10:53:33]G:: D0 05 02 02 FF 03 01 
[2019-11-08 10:53:33]G:: D0 05 02 02 FF 03 09 
[2019-11-08 10:53:33]G:: D0 05 02 02 FF 03 0A 
[2019-11-08 10:53:33]G:: D0 05 02 02 FF 03 0A 
[2019-11-08 10:53:33]G:: D0 05 02 02 FF 03 0A 
[2019-11-08 10:53:33]G:: D0 05 02 02 FF 03 0A 
[2019-11-08 10:53:33]G:: D0 05 02 02 FF 03 0A 
[2019-11-08 10:53:36]G:: D0 02 81 14 01 02 A8 80 D2 00 00 
[2019-11-08 10:53:37]G:: D0 05 02 02 FF 03 0A 
[2019-11-08 10:53:37]G:: D0 0B 03 02 FF FF FF FF 00 00 
[2019-11-08 10:53:50]G:: D0 0A 01 33 00 00 00 01 86 D5 2E FF FF 00 7B 
[2019-11-08 10:53:57]G:: D0 03 01 64 04 64 01 64 01 64 03 64 
[2019-11-08 10:54:13]G:: D0 02 80 14 01 02 A8 80 D2 00 00 
[2019-11-08 10:54:13]G:: D0 05 00 02 FF 03 0A 
[2019-11-08 10:54:13]G:: D0 05 00 02 FF 03 0A 
[2019-11-08 10:54:13]G:: D0 01 40 00 00 
[2019-11-08 10:54:13]G:: D0 01 40 00 00 
[2019-11-08 10:55:15]G:: D0 03 06 64 06 64 06 64 06 64 03 64 
[2019-11-08 10:55:24]G:: D0 03 01 64 04 64 01 64 01 64 03 64 
[2019-11-08 10:55:30]G:: D0 03 06 64 06 64 06 64 06 64 03 64 
[2019-11-08 10:55:32]G:: D0 05 02 02 FF 03 0A 
[2019-11-08 10:55:32]G:: D0 01 C0 00 00 
[2019-11-08 10:55:32]G:: D0 02 81 14 01 02 A8 80 D2 00 00 
[2019-11-08 10:55:32]G:: D0 03 04 64 04 64 04 64 04 64 03 64 
[2019-11-08 10:55:32]G:: D0 05 02 02 FF 03 0A 
[2019-11-08 10:55:32]G:: D0 05 02 02 FF 03 0A 
[2019-11-08 10:55:32]G:: D0 05 02 02 FF 03 0A 
[2019-11-08 10:55:32]G:: D0 0B 03 0C FF FF FF FF 00 00 
[2019-11-08 10:55:32]G:: D0 05 02 02 FF 03 06 
[2019-11-08 10:55:32]G:: D0 05 02 02 FF 03 01 
[2019-11-08 10:55:32]G:: D0 05 02 02 FF 03 01 
[2019-11-08 10:55:32]G:: D0 05 02 02 FF 03 09 
[2019-11-08 10:55:32]G:: D0 05 02 02 FF 03 26 
[2019-11-08 10:55:32]G:: D0 05 02 02 FF 03 33 
[2019-11-08 10:55:33]G:: D0 05 02 02 FF 03 21 
[2019-11-08 10:55:33]G:: D0 05 02 02 FF 03 0A 
[2019-11-08 10:55:33]G:: D0 05 02 02 FF 03 00 
[2019-11-08 10:55:33]G:: D0 05 02 02 FF 03 0A 
[2019-11-08 10:55:33]G:: D0 05 02 02 FF 03 0A 
[2019-11-08 10:55:33]G:: D0 05 02 02 FF 03 0A 
[2019-11-08 10:55:33]G:: D0 05 02 02 FF 03 0A 
[2019-11-08 10:55:35]G:: D0 0A 01 33 00 00 00 01 86 D5 2E FF FF 00 67 
[2019-11-08 10:55:37]G:: D0 0B 03 02 FF FF FF FF 00 00 
[2019-11-08 10:55:44]G:: D0 03 01 64 04 64 01 64 01 64 03 64 
[2019-11-08 10:55:45]G:: D0 02 81 14 01 02 AD 80 D2 00 00 
[2019-11-08 10:56:02]G:: D0 02 80 14 01 02 AD 80 D2 00 00 
[2019-11-08 10:56:02]G:: D0 05 00 02 FF 03 0A 
[2019-11-08 10:56:02]G:: D0 05 00 02 FF 03 0A 
[2019-11-08 10:56:02]G:: D0 01 40 00 00 
[2019-11-08 10:57:03]G:: D0 03 06 64 06 64 06 64 06 64 03 64 
[2019-11-08 10:57:08]G:: D0 03 01 64 04 64 01 64 01 64 03 64 
[2019-11-08 10:57:13]G:: D0 01 40 00 00 
[2019-11-08 10:57:14]G:: D0 03 06 64 06 64 06 64 06 64 03 64 
[2019-11-08 10:57:18]G:: D0 03 01 64 04 64 01 64 01 64 03 64 
[2019-11-08 10:57:27]G:: D0 03 06 64 06 64 06 64 06 64 03 64 
[2019-11-08 10:57:31]G:: D0 03 01 64 04 64 01 64 01 64 03 64 
[2019-11-08 10:57:41]G:: D0 03 06 64 06 64 06 64 06 64 03 64 
[2019-11-08 10:57:45]G:: D0 03 01 64 04 64 01 64 01 64 03 64 
[2019-11-08 10:57:54]G:: D0 03 06 64 06 64 06 64 06 64 03 64 
[2019-11-08 10:57:57]G:: D0 05 02 02 FF 03 0A 
[2019-11-08 10:57:57]G:: D0 05 02 02 FF 03 0A 
[2019-11-08 10:57:58]G:: D0 05 02 02 FF 03 0B 
[2019-11-08 10:57:58]G:: D0 01 C0 00 00 
[2019-11-08 10:57:58]G:: D0 05 02 02 FF 03 0C 
[2019-11-08 10:57:58]G:: D0 02 01 14 01 02 A8 80 D2 00 00 
[2019-11-08 10:57:58]G:: D0 05 02 02 FF 03 0B 
[2019-11-08 10:57:58]G:: D0 05 02 02 FF 03 0B 
[2019-11-08 10:57:58]G:: D0 05 02 02 FF 03 0B 
[2019-11-08 10:57:58]G:: D0 05 02 02 FF 03 0A 
[2019-11-08 10:57:58]G:: D0 02 81 14 01 02 AD 80 D2 00 00 
[2019-11-08 10:58:02]G:: D0 0B 03 01 FF FF FF FF 00 00 
[2019-11-08 10:58:27]G:: D0 05 02 02 FF 03 0A 
[2019-11-08 10:58:27]G:: D0 02 80 14 01 02 AD 80 D2 00 00 
[2019-11-08 10:58:28]G:: D0 05 00 02 FF 03 0A 
[2019-11-08 10:58:28]G:: D0 01 40 00 00 
[2019-11-08 10:58:28]G:: D0 03 01 64 04 64 01 64 01 64 03 64 
[2019-11-08 10:59:29]G:: D0 03 06 64 06 64 06 64 06 64 03 64 
[2019-11-08 10:59:33]G:: D0 03 01 64 04 64 01 64 01 64 03 64 
[2019-11-08 10:59:39]G:: D0 03 06 64 06 64 06 64 06 64 03 64 
[2019-11-08 10:59:42]G:: D0 03 01 64 04 64 01 64 01 64 03 64 
[2019-11-08 10:59:51]G:: D0 03 06 64 06 64 06 64 06 64 03 64 
[2019-11-08 10:59:55]G:: D0 03 01 64 04 64 01 64 01 64 03 64 
[2019-11-08 11:00:04]G:: D0 03 06 64 06 64 06 64 06 64 03 64 
[2019-11-08 11:00:08]G:: D0 03 01 64 04 64 01 64 01 64 03 64 
[2019-11-08 11:00:17]G:: D0 03 06 64 06 64 06 64 06 64 03 64 
[2019-11-08 11:00:21]G:: D0 03 01 64 04 64 01 64 01 64 03 64 
[2019-11-08 11:00:30]G:: D0 03 06 64 06 64 06 64 06 64 03 64 
[2019-11-08 11:00:34]G:: D0 03 01 64 04 64 01 64 01 64 03 64 
[2019-11-08 11:00:43]G:: D0 03 06 64 06 64 06 64 06 64 03 64 
[2019-11-08 11:00:47]G:: D0 03 01 64 04 64 01 64 01 64 03 64 
[2019-11-08 11:00:55]G:: D0 03 06 64 06 64 06 64 06 64 03 64 
[2019-11-08 11:00:59]G:: D0 03 01 64 04 64 01 64 01 64 03 64 
[2019-11-08 11:01:08]G:: D0 03 06 64 06 64 06 64 06 64 03 64 
[2019-11-08 11:01:12]G:: D0 03 01 64 04 64 01 64 01 64 03 64 
[2019-11-08 11:01:21]G:: D0 03 06 64 06 64 06 64 06 64 03 64 
[2019-11-08 11:01:25]G:: D0 03 01 64 04 64 01 64 01 64 03 64 
[2019-11-08 11:01:34]G:: D0 03 06 64 06 64 06 64 06 64 03 64 
[2019-11-08 11:01:38]G:: D0 03 01 64 04 64 01 64 01 64 03 64 
[2019-11-08 11:01:47]G:: D0 03 06 64 06 64 06 64 06 64 03 64 
[2019-11-08 11:01:51]G:: D0 03 01 64 04 64 01 64 01 64 03 64 
[2019-11-08 11:02:00]G:: D0 03 06 64 06 64 06 64 06 64 03 64 
[2019-11-08 11:02:04]G:: D0 03 01 64 04 64 01 64 01 64 03 64 
[2019-11-08 11:02:12]G:: D0 03 06 64 06 64 06 64 06 64 03 64 
[2019-11-08 11:02:16]G:: D0 03 01 64 04 64 01 64 01 64 03 64 
[2019-11-08 11:02:25]G:: D0 03 06 64 06 64 06 64 06 64 03 64 
[2019-11-08 11:02:29]G:: D0 03 01 64 04 64 01 64 01 64 03 64 
[2019-11-08 11:02:37]G:: D0 03 06 64 06 64 06 64 06 64 03 64 
[2019-11-08 11:02:41]G:: D0 03 01 64 04 64 01 64 01 64 03 64 
[2019-11-08 11:02:50]G:: D0 03 06 64 06 64 06 64 06 64 03 64 
[2019-11-08 11:02:54]G:: D0 03 01 64 04 64 01 64 01 64 03 64 
[2019-11-08 11:03:03]G:: D0 03 06 64 06 64 06 64 06 64 03 64 
[2019-11-08 11:03:07]G:: D0 03 01 64 04 64 01 64 01 64 03 64 
[2019-11-08 11:03:16]G:: D0 03 06 64 06 64 06 64 06 64 03 64 
[2019-11-08 11:03:20]G:: D0 03 01 64 04 64 01 64 01 64 03 64 
[2019-11-08 11:03:29]G:: D0 03 06 64 06 64 06 64 06 64 03 64 
[2019-11-08 11:03:33]G:: D0 03 01 64 04 64 01 64 01 64 03 64 
[2019-11-08 11:03:42]G:: D0 03 06 64 06 64 06 64 06 64 03 64 
[2019-11-08 11:03:46]G:: D0 03 01 64 04 64 01 64 01 64 03 64 
[2019-11-08 11:03:55]G:: D0 03 06 64 06 64 06 64 06 64 03 64 
[2019-11-08 11:03:59]G:: D0 03 01 64 04 64 01 64 01 64 03 64 
[2019-11-08 11:04:08]G:: D0 03 06 64 06 64 06 64 06 64 03 64 
[2019-11-08 11:04:12]G:: D0 03 01 64 04 64 01 64 01 64 03 64 
[2019-11-08 11:04:19]G:: D0 1B 00 00 
[2019-11-08 11:04:19]return ctrl default
[2019-11-08 11:04:19]result: fail unknown error
[2019-11-08 11:04:21]G:: D0 03 06 64 06 64 06 64 06 64 03 64 
[2019-11-08 11:04:25]G:: D0 03 01 64 04 64 01 64 01 64 03 64 
[2019-11-08 11:04:34]G:: D0 03 06 64 06 64 06 64 06 64 03 64 
[2019-11-08 11:04:38]G:: D0 03 01 64 04 64 01 64 01 64 03 64 
[2019-11-08 11:04:47]G:: D0 03 06 64 06 64 06 64 06 64 03 64 
[2019-11-08 11:04:51]G:: D0 03 01 64 04 64 01 64 01 64 03 64 
[2019-11-08 11:05:00]G:: D0 03 06 64 06 64 06 64 06 64 03 64 
[2019-11-08 11:05:04]G:: D0 03 01 64 04 64 01 64 01 64 03 64 
[2019-11-08 11:05:12]G:: D0 03 06 64 06 64 06 64 06 64 03 64 
[2019-11-08 11:05:17]G:: D0 03 01 64 04 64 01 64 01 64 03 64 
[2019-11-08 11:05:26]G:: D0 03 06 64 06 64 06 64 06 64 03 64 
[2019-11-08 11:05:28]G:: D0 05 02 02 FF 03 0A 
[2019-11-08 11:05:28]G:: D0 05 02 02 FF 03 0A 
[2019-11-08 11:05:28]G:: D0 05 02 02 FF 03 0B 
[2019-11-08 11:05:28]G:: D0 05 02 02 FF 03 0C 
[2019-11-08 11:05:28]G:: D0 01 C0 00 00 
[2019-11-08 11:05:28]G:: D0 02 81 14 01 02 B2 80 D2 00 00 
[2019-11-08 11:05:28]G:: D0 05 02 02 FF 03 0C 
[2019-11-08 11:05:28]G:: D0 05 02 02 FF 03 0B 
[2019-11-08 11:05:28]G:: D0 05 02 02 FF 03 0B 
[2019-11-08 11:05:28]G:: D0 05 02 02 FF 03 0B 
[2019-11-08 11:05:28]G:: D0 05 02 02 FF 03 0B 
[2019-11-08 11:05:28]G:: D0 03 04 64 04 64 04 64 04 64 03 64 
[2019-11-08 11:05:29]G:: D0 05 02 02 FF 03 0A 
[2019-11-08 11:05:29]G:: D0 05 02 02 FF 03 0B 
[2019-11-08 11:05:29]G:: D0 05 02 02 FF 03 0B 
[2019-11-08 11:05:29]G:: D0 05 02 02 FF 03 0A 
[2019-11-08 11:05:29]G:: D0 05 02 02 FF 03 0A 
[2019-11-08 11:05:29]G:: D0 05 02 02 FF 03 0A 
[2019-11-08 11:05:29]G:: D0 05 02 02 FF 03 0A 
[2019-11-08 11:05:29]G:: D0 05 02 02 FF 03 0B 
[2019-11-08 11:05:29]G:: D0 05 02 02 FF 03 0B 
[2019-11-08 11:05:29]G:: D0 05 02 02 FF 03 0A 
[2019-11-08 11:05:29]G:: D0 05 02 02 FF 03 0A 
[2019-11-08 11:05:29]G:: D0 05 02 02 FF 03 0A 
[2019-11-08 11:05:29]G:: D0 05 02 02 FF 03 0A 
[2019-11-08 11:05:29]G:: D0 05 02 02 FF 03 0A 
[2019-11-08 11:05:30]G:: D0 05 02 02 FF 03 0B 
[2019-11-08 11:05:30]G:: D0 05 02 02 FF 03 0A 
[2019-11-08 11:05:30]G:: D0 05 02 02 FF 03 0A 
[2019-11-08 11:05:30]G:: D0 05 02 02 FF 03 0A 
[2019-11-08 11:05:30]G:: D0 05 02 02 FF 03 0A 
[2019-11-08 11:05:30]G:: D0 05 02 02 FF 03 0A 
[2019-11-08 11:05:30]G:: D0 05 02 02 FF 03 0A 
[2019-11-08 11:05:30]G:: D0 05 02 02 FF 03 0A 
[2019-11-08 11:05:30]G:: D0 05 02 02 FF 03 0A 
[2019-11-08 11:05:30]G:: D0 05 02 02 FF 03 0A 
[2019-11-08 11:05:30]G:: D0 05 02 02 FF 03 0A 
[2019-11-08 11:05:30]G:: D0 05 02 02 FF 03 0B 
[2019-11-08 11:05:30]G:: D0 05 02 02 FF 03 0B 
[2019-11-08 11:05:30]G:: D0 05 02 02 FF 03 0A 
[2019-11-08 11:05:30]G:: D0 05 02 02 FF 03 0B 
[2019-11-08 11:05:30]G:: D0 05 02 02 FF 03 0A 
[2019-11-08 11:05:30]G:: D0 05 02 02 FF 03 0A 
[2019-11-08 11:05:30]G:: D0 05 02 02 FF 03 0B 
[2019-11-08 11:05:30]G:: D0 05 02 02 FF 03 0A 
[2019-11-08 11:05:30]G:: D0 05 02 02 FF 03 0B 
[2019-11-08 11:05:31]G:: D0 05 02 02 FF 03 0A 
[2019-11-08 11:05:31]G:: D0 05 02 02 FF 03 0B 
[2019-11-08 11:05:31]G:: D0 05 02 02 FF 03 0B 
[2019-11-08 11:05:31]G:: D0 05 02 02 FF 03 0A 
[2019-11-08 11:05:31]G:: D0 05 02 02 FF 03 0A 
[2019-11-08 11:05:31]G:: D0 05 02 02 FF 03 0A 
[2019-11-08 11:05:31]G:: D0 05 02 02 FF 03 0B 
[2019-11-08 11:05:31]G:: D0 05 02 02 FF 03 0B 
[2019-11-08 11:05:31]G:: D0 05 02 02 FF 03 0A 
[2019-11-08 11:05:31]G:: D0 05 02 02 FF 03 0A 
[2019-11-08 11:05:31]G:: D0 05 02 02 FF 03 0A 
[2019-11-08 11:05:31]G:: D0 05 02 02 FF 03 0A 
[2019-11-08 11:05:31]G:: D0 05 02 02 FF 03 0B 
[2019-11-08 11:05:31]G:: D0 05 02 02 FF 03 0B 
[2019-11-08 11:05:31]G:: D0 05 02 02 FF 03 0B 
[2019-11-08 11:05:31]G:: D0 05 02 02 FF 03 0B 
[2019-11-08 11:05:32]G:: D0 05 02 02 FF 03 0A 
[2019-11-08 11:05:32]G:: D0 05 02 02 FF 03 0A 
[2019-11-08 11:05:32]G:: D0 05 02 02 FF 03 0B 
[2019-11-08 11:05:32]G:: D0 05 02 02 FF 03 0A 
[2019-11-08 11:05:32]G:: D0 05 02 02 FF 03 0A 
[2019-11-08 11:05:32]G:: D0 05 02 02 FF 03 0A 
[2019-11-08 11:05:32]G:: D0 05 02 02 FF 03 0B 
[2019-11-08 11:05:32]G:: D0 05 02 02 FF 03 0A 
[2019-11-08 11:05:32]G:: D0 05 02 02 FF 03 0A 
[2019-11-08 11:05:32]G:: D0 05 02 02 FF 03 0A 
[2019-11-08 11:05:33]G:: D0 05 02 02 FF 03 0A 
[2019-11-08 11:05:33]G:: D0 05 02 02 FF 03 0B 
[2019-11-08 11:05:33]G:: D0 05 02 02 FF 03 0A 
[2019-11-08 11:05:33]G:: D0 05 02 02 FF 03 0A 
[2019-11-08 11:05:33]G:: D0 05 02 02 FF 03 0A 
[2019-11-08 11:05:33]G:: D0 05 02 02 FF 03 0A 
[2019-11-08 11:05:33]G:: D0 05 02 02 FF 03 0A 
[2019-11-08 11:05:33]G:: D0 05 02 02 FF 03 0A 
[2019-11-08 11:05:33]G:: D0 05 02 02 FF 03 0A 
[2019-11-08 11:05:33]G:: D0 05 02 02 FF 03 0A 
[2019-11-08 11:05:33]G:: D0 05 02 02 FF 03 0A 
[2019-11-08 11:05:33]G:: D0 02 81 14 01 02 B7 80 D2 00 00 
[2019-11-08 11:05:37]G:: D0 03 01 64 04 64 01 64 01 64 03 64 
[2019-11-08 11:06:10]G:: D0 02 80 14 01 02 B7 80 D2 00 00 
[2019-11-08 11:06:10]G:: D0 05 00 02 FF 03 0A 
[2019-11-08 11:06:10]G:: D0 05 00 02 FF 03 0A 
[2019-11-08 11:06:10]G:: D0 0A 01 33 00 00 00 01 86 D5 2F FF FF 00 64 
[2019-11-08 11:06:10]G:: D0 01 40 00 00 
[2019-11-08 11:07:11]G:: D0 03 06 64 06 64 06 64 06 64 03 64 
[2019-11-08 11:07:15]G:: D0 03 01 64 04 64 01 64 01 64 03 64 
