[1980-01-06 08:00:10]               /\  /\                
[1980-01-06 08:00:10]***************  \/  *****************
[1980-01-06 08:00:10]                                      
[1980-01-06 08:00:10] data-service start!!!!               
[1980-01-06 08:00:10] build: Oct 31 2019 14:30:24 
[1980-01-06 08:00:10] build: 05 14 2019 10:50:18           
[1980-01-06 08:00:10]                                      
[1980-01-06 08:00:10]**************************************
[1980-01-06 08:00:10]class VehicleDataServiceStubImpl construction
[1980-01-06 08:00:10]VehicleDataService registerService Done
[1980-01-06 08:00:10]new VDDataModel()
[1980-01-06 08:00:10]VDDataModel is constructed
[1980-01-06 08:00:10]initACStatus done
[1980-01-06 08:00:10]initVehicleData done
[1980-01-06 08:00:10]initCrashData done
[1980-01-06 08:00:10]initTyrePressData done
[1980-01-06 08:00:10]initGValData done
[1980-01-06 08:00:10]initRadarData done
[1980-01-06 08:00:10]initBigData1 done
[1980-01-06 08:00:10]initBigData2 done
[1980-01-06 08:00:10]initNomalFaultData done
[1980-01-06 08:00:10]initElecChgeData done
[1980-01-06 08:00:10]initVehicleData1 done
[1980-01-06 08:00:10]initCarCFGData done
[1980-01-06 08:00:10]registerVehicleDataChangeCb Done
[1980-01-06 08:00:10]registerVehicleData1ChangeCb Done
[1980-01-06 08:00:10]registerHvacDataChangeCb Done
[1980-01-06 08:00:10]registerCrashChangeCb Done
[1980-01-06 08:00:10]registerPhoneCallChangeCb Done
[1980-01-06 08:00:10]registerCtrlResultChangeCb Done
[1980-01-06 08:00:10]new VDDataModelElec()
[1980-01-06 08:00:10]VDDataModelElec is constructed
[1980-01-06 08:00:10]initVcuData done
[1980-01-06 08:00:10]initMotorData done
[1980-01-06 08:00:10]initExtremumData done
[1980-01-06 08:00:10]initFaultData done
[1980-01-06 08:00:10]initChargeStorData done
[1980-01-06 08:00:10]initN1DTCData done
[1980-01-06 08:00:10]initN2DTCData done
[1980-01-06 08:00:10]initChargeStorTempData done
[1980-01-06 08:00:10]initCellSysNumData done
[1980-01-06 08:00:10]initDefineData done
[1980-01-06 08:00:10]registerVcuChangeCb Done
[1980-01-06 08:00:10]registerMotorChangeCb Done
[1980-01-06 08:00:10]registerExtremumChangeCb Done
[1980-01-06 08:00:10]registerFaultChangeCb Done
[1980-01-06 08:00:10]registerChargeStorChangeCb Done
[1980-01-06 08:00:10]registerTyreChangeCb Done
[1980-01-06 08:00:10]registerDTCChangeCb Done
[1980-01-06 08:00:10]registerGValChangeCb Done
[1980-01-06 08:00:10]registerRadarChangeCb Done
[1980-01-06 08:00:10]registerBigData1Cb Done
[1980-01-06 08:00:10]registerBigData2Cb Done
[1980-01-06 08:00:10]registerNomalFaultCb Done
[1980-01-06 08:00:10]registerCarCfgDataCb Done
[1980-01-06 08:00:10]autolinkMcuParseDataPThread -> start
[1980-01-06 08:00:10]MCU SERVICE IS AVAILABLE!
[1980-01-06 08:00:10]notify mcu service handshake sucessful
[1980-01-06 08:00:13]G:: D0 01 40 00 00 
[1980-01-06 08:00:13]G:: D0 02 80 14 01 02 B7 80 D2 00 00 
[1980-01-06 08:00:13]G:: D0 03 01 64 04 64 01 64 01 64 03 64 
[1980-01-06 08:00:13]G:: D0 05 00 02 FF 03 0A 
[1980-01-06 08:00:13]G:: D0 06 00 
[1980-01-06 08:00:13]G:: D0 07 00 
[1980-01-06 08:00:13]G:: D0 08 00 00 03 E9 00 00 00 00 00 00 
[1980-01-06 08:00:13]G:: D0 09 00 00 00 00 00 00 
[1980-01-06 08:00:13]G:: D0 0A 01 33 00 00 00 01 86 D5 2F FF FF 00 67 
[1980-01-06 08:00:13]G:: D0 0B 02 FC FF FF FF FF 00 00 
[1980-01-06 08:00:13]G:: D0 0C 00 00 00 
[1980-01-06 08:00:13]G:: D0 0D 0F 
[1980-01-06 08:00:13]G:: D0 0E 00 
[1980-01-06 08:00:13]G:: D0 0F 00 00 
[1980-01-06 08:00:13]G:: D0 11 00 00 00 00 00 00 00 00 00 00 00 00 00 00 00 00 00 00 00 00 00 00 00 00 00 
[1980-01-06 08:00:13]G:: D0 12 00 
[1980-01-06 08:00:13]G:: 50 1C 44 46 53 4B 30 30 30 31 30 30 30 32 30 30 32 36 31 39 31 30 31 36 30 30 30 31 30 30 30 30 31 30 
[1980-01-06 08:00:13]G:: D0 14 00 00 00 00 00 15 14 15 16 42 46 3D 47 
[1980-01-06 08:00:13]G:: D0 15 00 
[1980-01-06 08:00:13]G:: D0 16 00 
[1980-01-06 08:00:13]G:: D0 1B 00 FF 
[1980-01-06 08:00:13]G:: 50 06 31 32 33 34 35 54 30 37 30 33 54 30 30 30 31 31 30 
[1980-01-06 08:00:13]G:: 50 0C A7 AA 69 46 67 5F 5F 24 
[1980-01-06 08:00:13]G:: D0 19 FF 
[1980-01-06 08:00:13]G:: D0 1D 02 00 00 4A B6 00 00 4D A4 00 00 4D A4 06 8F 
[1980-01-06 08:00:13]G:: D0 13 02 
[1980-01-06 08:00:13]G:: D0 1E 00 
[1980-01-06 08:00:13]G:: D0 1F 00 
[1980-01-06 08:00:13]G:: D0 2A FF 00 02 00 00 02 02 02 02 02 
[1980-01-06 08:00:13]ecall invalid
[1980-01-06 08:00:13]bcall invalid
[1980-01-06 08:00:13]icall invalid
[1980-01-06 08:00:13]return ctrl default
[1980-01-06 08:00:13]result: default
[1980-01-06 08:00:13]car cfg CAR_CFG_PEPS
[1980-01-06 08:00:13]car type F_506S
[1980-01-06 08:00:14]G:: D0 03 06 64 06 64 06 64 06 64 03 64 
[1980-01-06 08:00:18]G:: D0 03 01 64 04 64 01 64 01 64 03 64 
[1980-01-06 08:00:21]new VDDataModelCtrl()
[1980-01-06 08:00:21]VDDataModelCtrl is constructed
[1980-01-06 08:00:27]G:: D0 03 06 64 06 64 06 64 06 64 03 64 
[2019-11-08 11:08:03]G:: D0 03 01 64 04 64 01 64 01 64 03 64 
[2019-11-08 08:11:36]G:: D0 03 06 64 06 64 06 64 06 64 03 64 
[2019-11-08 08:11:40]G:: D0 03 01 64 04 64 01 64 01 64 03 64 
[2019-11-08 08:11:50]G:: D0 03 06 64 06 64 06 64 06 64 03 64 
[2019-11-08 08:11:54]G:: D0 03 01 64 04 64 01 64 01 64 03 64 
[2019-11-08 08:12:03]G:: D0 03 06 64 06 64 06 64 06 64 03 64 
[2019-11-08 08:12:08]G:: D0 03 01 64 04 64 01 64 01 64 03 64 
[2019-11-08 08:12:17]G:: D0 03 06 64 06 64 06 64 06 64 03 64 
[2019-11-08 08:12:21]G:: D0 03 01 64 04 64 01 64 01 64 03 64 
[2019-11-08 08:12:30]G:: D0 03 06 64 06 64 06 64 06 64 03 64 
[2019-11-08 08:12:34]G:: D0 03 01 64 04 64 01 64 01 64 03 64 
[2019-11-08 08:12:43]G:: D0 03 06 64 06 64 06 64 06 64 03 64 
[2019-11-08 08:12:47]G:: D0 03 01 64 04 64 01 64 01 64 03 64 
[2019-11-08 08:12:49]G:: D0 05 02 02 FF 03 0A 
[2019-11-08 08:12:49]G:: D0 05 02 02 FF 03 0A 
[2019-11-08 08:12:50]G:: D0 01 C0 00 00 
[2019-11-08 08:12:50]G:: D0 05 02 02 FF 03 0C 
[2019-11-08 08:12:50]G:: D0 05 02 02 FF 03 0C 
[2019-11-08 08:12:50]G:: D0 02 01 14 01 02 AD 80 D2 00 00 
[2019-11-08 08:12:50]G:: D0 05 02 02 FF 03 0C 
[2019-11-08 08:12:50]G:: D0 05 02 02 FF 03 0C 
[2019-11-08 08:12:50]G:: D0 05 02 02 FF 03 0B 
[2019-11-08 08:12:50]G:: D0 02 81 14 01 02 B2 80 D2 00 00 
[2019-11-08 08:12:50]G:: D0 05 02 02 FF 03 0B 
[2019-11-08 08:12:50]G:: D0 05 02 02 FF 03 0B 
[2019-11-08 08:12:50]G:: D0 03 04 64 04 64 04 64 04 64 03 64 
[2019-11-08 08:12:51]G:: D0 05 02 02 FF 03 0A 
[2019-11-08 08:12:51]G:: D0 05 02 02 FF 03 0B 
[2019-11-08 08:12:54]G:: D0 0B 02 FC FF FF FF FF 00 00 
[2019-11-08 08:12:55]G:: D0 05 02 02 FF 03 0A 
[2019-11-08 08:13:01]G:: D0 03 01 64 04 64 01 64 01 64 03 64 
[2019-11-08 08:13:27]G:: D0 02 80 14 01 02 B2 80 D2 00 00 
[2019-11-08 08:13:27]G:: D0 05 00 02 FF 03 0A 
[2019-11-08 08:13:27]G:: D0 05 00 02 FF 03 0A 
[2019-11-08 08:13:27]G:: D0 02 00 04 00 02 B2 80 D2 00 00 
[2019-11-08 08:13:27]G:: D0 01 40 00 00 
[2019-11-08 08:14:30]G:: D0 03 06 64 06 64 06 64 06 64 03 64 
[2019-11-08 08:14:35]G:: D0 03 01 64 04 64 01 64 01 64 03 64 
[2019-11-08 08:14:44]G:: D0 14 00 00 00 00 00 15 14 15 16 42 46 43 47 
[2019-11-08 08:14:45]G:: D0 03 06 64 06 64 06 64 06 64 03 64 
[2019-11-08 08:14:47]G:: D0 14 00 00 00 00 00 15 15 15 16 42 46 43 47 
[2019-11-08 08:14:47]G:: D0 14 00 00 00 00 00 15 15 15 16 42 48 43 47 
[2019-11-08 08:14:49]G:: D0 03 01 64 04 64 01 64 01 64 03 64 
[2019-11-08 08:14:59]G:: D0 03 06 64 06 64 06 64 06 64 03 64 
[2019-11-08 08:15:03]G:: D0 03 01 64 04 64 01 64 01 64 03 64 
[2019-11-08 08:15:13]G:: D0 03 06 64 06 64 06 64 06 64 03 64 
[2019-11-08 08:15:17]G:: D0 03 01 64 04 64 01 64 01 64 03 64 
[2019-11-08 08:15:25]G:: D0 03 06 64 06 64 06 64 06 64 03 64 
[2019-11-08 08:15:29]G:: D0 03 01 64 04 64 01 64 01 64 03 64 
[2019-11-08 08:15:38]G:: D0 03 06 64 06 64 06 64 06 64 03 64 
[2019-11-08 08:15:42]G:: D0 03 01 64 04 64 01 64 01 64 03 64 
[2019-11-08 08:15:52]G:: D0 03 06 64 06 64 06 64 06 64 03 64 
[2019-11-08 08:15:56]G:: D0 03 01 64 04 64 01 64 01 64 03 64 
[2019-11-08 08:16:07]G:: D0 03 06 64 06 64 06 64 06 64 03 64 
[2019-11-08 08:16:11]G:: D0 03 01 64 04 64 01 64 01 64 03 64 
[2019-11-08 08:16:14]G:: D0 05 01 02 FF 03 0A 
[2019-11-08 08:16:15]G:: D0 05 02 02 FF 03 0A 
[2019-11-08 08:16:15]G:: D0 05 02 02 FF 03 0A 
[2019-11-08 08:16:15]G:: D0 05 02 02 FF 03 0B 
[2019-11-08 08:16:15]G:: D0 05 02 02 FF 03 0C 
[2019-11-08 08:16:15]G:: D0 02 81 14 01 02 AD 80 D2 00 00 
[2019-11-08 08:16:15]G:: D0 01 C0 00 00 
[2019-11-08 08:16:15]G:: D0 05 02 02 FF 03 0E 
[2019-11-08 08:16:16]G:: D0 05 02 02 FF 03 0D 
[2019-11-08 08:16:16]G:: D0 03 04 64 04 64 04 64 04 64 03 64 
[2019-11-08 08:16:16]G:: D0 05 02 02 FF 03 0C 
[2019-11-08 08:16:16]G:: D0 05 02 02 FF 03 0B 
[2019-11-08 08:16:16]G:: D0 05 02 02 FF 03 0B 
[2019-11-08 08:16:16]G:: D0 02 81 14 01 02 B2 80 D2 00 00 
[2019-11-08 08:16:17]G:: D0 0B 03 0C FF FF FF FF 00 00 
[2019-11-08 08:16:18]G:: D0 0A 01 33 00 00 00 01 86 D5 2F FF FF 00 62 
[2019-11-08 08:16:21]G:: D0 05 02 02 FF 03 0A 
[2019-11-08 08:16:22]G:: D0 0B 02 FC FF FF FF FF 00 00 
[2019-11-08 08:16:24]G:: D0 03 01 64 04 64 01 64 01 64 03 64 
