[1980-01-06 08:00:10]               /\  /\                
[1980-01-06 08:00:10]***************  \/  *****************
[1980-01-06 08:00:10]                                      
[1980-01-06 08:00:10] data-service start!!!!               
[1980-01-06 08:00:10] build: Oct 31 2019 14:30:24 
[1980-01-06 08:00:10] build: 05 14 2019 10:50:18           
[1980-01-06 08:00:10]                                      
[1980-01-06 08:00:10]**************************************
[1980-01-06 08:00:10]class VehicleDataServiceStubImpl construction
[1980-01-06 08:00:10]VehicleDataService registerService Done
[1980-01-06 08:00:10]new VDDataModel()
[1980-01-06 08:00:10]VDDataModel is constructed
[1980-01-06 08:00:10]initACStatus done
[1980-01-06 08:00:10]initVehicleData done
[1980-01-06 08:00:10]initCrashData done
[1980-01-06 08:00:10]initTyrePressData done
[1980-01-06 08:00:10]initGValData done
[1980-01-06 08:00:10]initRadarData done
[1980-01-06 08:00:10]initBigData1 done
[1980-01-06 08:00:10]initBigData2 done
[1980-01-06 08:00:10]initNomalFaultData done
[1980-01-06 08:00:10]initElecChgeData done
[1980-01-06 08:00:10]initVehicleData1 done
[1980-01-06 08:00:10]initCarCFGData done
[1980-01-06 08:00:10]registerVehicleDataChangeCb Done
[1980-01-06 08:00:10]registerVehicleData1ChangeCb Done
[1980-01-06 08:00:10]registerHvacDataChangeCb Done
[1980-01-06 08:00:10]registerCrashChangeCb Done
[1980-01-06 08:00:10]registerPhoneCallChangeCb Done
[1980-01-06 08:00:10]registerCtrlResultChangeCb Done
[1980-01-06 08:00:10]new VDDataModelElec()
[1980-01-06 08:00:10]VDDataModelElec is constructed
[1980-01-06 08:00:10]initVcuData done
[1980-01-06 08:00:10]initMotorData done
[1980-01-06 08:00:10]initExtremumData done
[1980-01-06 08:00:10]initFaultData done
[1980-01-06 08:00:10]initChargeStorData done
[1980-01-06 08:00:10]initN1DTCData done
[1980-01-06 08:00:10]initN2DTCData done
[1980-01-06 08:00:10]initChargeStorTempData done
[1980-01-06 08:00:10]initCellSysNumData done
[1980-01-06 08:00:10]initDefineData done
[1980-01-06 08:00:10]registerVcuChangeCb Done
[1980-01-06 08:00:10]registerMotorChangeCb Done
[1980-01-06 08:00:10]registerExtremumChangeCb Done
[1980-01-06 08:00:10]registerFaultChangeCb Done
[1980-01-06 08:00:10]registerChargeStorChangeCb Done
[1980-01-06 08:00:10]registerTyreChangeCb Done
[1980-01-06 08:00:10]registerDTCChangeCb Done
[1980-01-06 08:00:10]registerGValChangeCb Done
[1980-01-06 08:00:10]registerRadarChangeCb Done
[1980-01-06 08:00:10]registerBigData1Cb Done
[1980-01-06 08:00:10]registerBigData2Cb Done
[1980-01-06 08:00:10]registerNomalFaultCb Done
[1980-01-06 08:00:10]registerCarCfgDataCb Done
[1980-01-06 08:00:10]autolinkMcuParseDataPThread -> start
[1980-01-06 08:00:10]MCU SERVICE IS AVAILABLE!
[1980-01-06 08:00:10]notify mcu service handshake sucessful
[1980-01-06 08:00:13]G:: D0 01 00 00 00 
[1980-01-06 08:00:13]G:: D0 02 00 0F FF 00 00 80 00 00 00 
[1980-01-06 08:00:13]G:: D0 03 FF 64 FF 64 FF 64 FF 64 FF 64 
[1980-01-06 08:00:13]G:: D0 05 FF FF FF 03 00 
[1980-01-06 08:00:13]G:: D0 06 02 
[1980-01-06 08:00:13]G:: D0 07 00 
[1980-01-06 08:00:13]G:: D0 08 00 00 00 00 00 00 00 00 00 00 
[1980-01-06 08:00:13]G:: D0 09 FF FF 00 00 00 00 
[1980-01-06 08:00:13]G:: D0 0A 00 00 00 00 FF FF FF FF 00 FF FF 00 78 
[1980-01-06 08:00:13]G:: D0 0B FF FF FF FF FF FF 00 00 
[1980-01-06 08:00:13]G:: D0 0C FF 00 00 
[1980-01-06 08:00:13]G:: D0 0D 0F 
[1980-01-06 08:00:13]G:: D0 0E FF 
[1980-01-06 08:00:13]G:: D0 0F 00 00 
[1980-01-06 08:00:13]G:: D0 11 00 00 00 00 00 00 00 00 00 00 00 00 00 00 00 00 00 00 00 00 00 00 00 00 00 
[1980-01-06 08:00:13]G:: D0 12 00 
[1980-01-06 08:00:13]G:: 50 1C 44 46 53 4B 30 30 30 31 30 30 30 32 30 30 32 36 31 39 31 30 31 36 30 30 30 31 30 30 30 30 31 30 
[1980-01-06 08:00:13]G:: D0 14 00 00 00 00 00 00 00 00 00 00 00 00 00 
[1980-01-06 08:00:13]G:: D0 15 00 
[1980-01-06 08:00:13]G:: D0 16 00 
[1980-01-06 08:00:13]G:: D0 1B 00 FF 
[1980-01-06 08:00:13]G:: 50 06 31 32 33 34 35 54 30 37 30 33 54 30 30 30 31 31 30 
[1980-01-06 08:00:13]G:: 50 0C A7 AA 69 46 67 5F 5F 24 
[1980-01-06 08:00:13]G:: D0 19 FF 
[1980-01-06 08:00:13]G:: D0 1D 01 00 00 4E 20 00 00 4D 27 00 00 4A 39 06 DD 
[1980-01-06 08:00:13]G:: D0 13 02 
[1980-01-06 08:00:13]G:: D0 1E 00 
[1980-01-06 08:00:13]G:: D0 1F 00 
[1980-01-06 08:00:13]G:: D0 2A 00 00 00 00 00 00 00 00 00 00 
[1980-01-06 08:00:13]ecall invalid
[1980-01-06 08:00:13]bcall invalid
[1980-01-06 08:00:13]icall invalid
[1980-01-06 08:00:13]return ctrl default
[1980-01-06 08:00:13]result: default
[1980-01-06 08:00:13]car cfg CAR_CFG_PEPS
[1980-01-06 08:00:13]car type F_506S
[1980-01-06 08:00:24]new VDDataModelCtrl()
[1980-01-06 08:00:24]VDDataModelCtrl is constructed
