[1980-01-06 08:00:09]               /\  /\                
[1980-01-06 08:00:09]***************  \/  *****************
[1980-01-06 08:00:09]                                      
[1980-01-06 08:00:09] data-service start!!!!               
[1980-01-06 08:00:09] build: Oct 31 2019 14:30:24 
[1980-01-06 08:00:09] build: 05 14 2019 10:50:18           
[1980-01-06 08:00:09]                                      
[1980-01-06 08:00:09]**************************************
[1980-01-06 08:00:09]class VehicleDataServiceStubImpl construction
[1980-01-06 08:00:09]VehicleDataService registerService Done
[1980-01-06 08:00:09]new VDDataModel()
[1980-01-06 08:00:09]VDDataModel is constructed
[1980-01-06 08:00:09]initACStatus done
[1980-01-06 08:00:09]initVehicleData done
[1980-01-06 08:00:09]initCrashData done
[1980-01-06 08:00:09]initTyrePressData done
[1980-01-06 08:00:09]initGValData done
[1980-01-06 08:00:09]initRadarData done
[1980-01-06 08:00:09]initBigData1 done
[1980-01-06 08:00:09]initBigData2 done
[1980-01-06 08:00:09]initNomalFaultData done
[1980-01-06 08:00:09]initElecChgeData done
[1980-01-06 08:00:09]initVehicleData1 done
[1980-01-06 08:00:09]initCarCFGData done
[1980-01-06 08:00:09]registerVehicleDataChangeCb Done
[1980-01-06 08:00:09]registerVehicleData1ChangeCb Done
[1980-01-06 08:00:09]registerHvacDataChangeCb Done
[1980-01-06 08:00:09]registerCrashChangeCb Done
[1980-01-06 08:00:09]registerPhoneCallChangeCb Done
[1980-01-06 08:00:09]registerCtrlResultChangeCb Done
[1980-01-06 08:00:09]new VDDataModelElec()
[1980-01-06 08:00:09]VDDataModelElec is constructed
[1980-01-06 08:00:09]initVcuData done
[1980-01-06 08:00:09]initMotorData done
[1980-01-06 08:00:09]initExtremumData done
[1980-01-06 08:00:09]initFaultData done
[1980-01-06 08:00:09]initChargeStorData done
[1980-01-06 08:00:09]initN1DTCData done
[1980-01-06 08:00:09]initN2DTCData done
[1980-01-06 08:00:09]initChargeStorTempData done
[1980-01-06 08:00:09]initCellSysNumData done
[1980-01-06 08:00:09]initDefineData done
[1980-01-06 08:00:09]registerVcuChangeCb Done
[1980-01-06 08:00:09]registerMotorChangeCb Done
[1980-01-06 08:00:09]registerExtremumChangeCb Done
[1980-01-06 08:00:09]registerFaultChangeCb Done
[1980-01-06 08:00:09]registerChargeStorChangeCb Done
[1980-01-06 08:00:09]registerTyreChangeCb Done
[1980-01-06 08:00:09]registerDTCChangeCb Done
[1980-01-06 08:00:09]registerGValChangeCb Done
[1980-01-06 08:00:09]registerRadarChangeCb Done
[1980-01-06 08:00:09]registerBigData1Cb Done
[1980-01-06 08:00:09]registerBigData2Cb Done
[1980-01-06 08:00:09]registerNomalFaultCb Done
[1980-01-06 08:00:09]registerCarCfgDataCb Done
[1980-01-06 08:00:09]autolinkMcuParseDataPThread -> start
[1980-01-06 08:00:09]MCU SERVICE IS AVAILABLE!
[1980-01-06 08:00:09]notify mcu service handshake sucessful
[1980-01-06 08:00:12]G:: D0 01 01 00 00 
[1980-01-06 08:00:12]G:: D0 02 00 0F FF 00 00 80 00 00 00 
[1980-01-06 08:00:12]G:: D0 03 00 64 00 64 00 64 00 64 03 64 
[1980-01-06 08:00:12]G:: D0 05 00 FF FF 03 00 
[1980-01-06 08:00:12]G:: D0 06 00 
[1980-01-06 08:00:12]G:: D0 07 00 
[1980-01-06 08:00:12]G:: D0 08 00 00 03 E9 00 00 00 00 00 00 
[1980-01-06 08:00:12]G:: D0 09 FF FF 00 00 00 00 
[1980-01-06 08:00:12]G:: D0 0A 01 2F 00 00 00 01 86 DC 2C FF FF 00 67 
[1980-01-06 08:00:12]G:: D0 0B FF FF FF FF FF FF 00 00 
[1980-01-06 08:00:12]G:: D0 0C 00 00 00 
[1980-01-06 08:00:12]G:: D0 0D 0F 
[1980-01-06 08:00:12]G:: D0 0E 00 
[1980-01-06 08:00:12]G:: D0 0F 00 00 
[1980-01-06 08:00:12]G:: D0 11 00 00 00 00 00 00 00 00 00 00 00 00 00 00 00 00 00 00 00 00 00 00 00 00 00 
[1980-01-06 08:00:12]G:: D0 12 00 
[1980-01-06 08:00:12]G:: 50 1C 44 46 53 4B 30 30 30 31 30 30 30 32 30 30 32 36 31 39 31 30 31 36 30 30 30 31 30 30 30 30 31 30 
[1980-01-06 08:00:12]G:: D0 14 00 00 00 00 00 16 14 15 15 46 44 43 44 
[1980-01-06 08:00:12]G:: D0 15 00 
[1980-01-06 08:00:12]G:: D0 16 00 
[1980-01-06 08:00:12]G:: D0 1B 00 FF 
[1980-01-06 08:00:12]G:: 50 06 31 32 33 34 35 54 30 37 30 33 54 30 30 30 31 31 30 
[1980-01-06 08:00:12]G:: 50 0C A7 AA 69 46 67 5F 5F 24 
[1980-01-06 08:00:12]G:: D0 19 FF 
[1980-01-06 08:00:12]G:: D0 1D 02 00 00 4D 27 00 00 50 13 00 00 4A 39 07 75 
[1980-01-06 08:00:12]G:: D0 13 02 
[1980-01-06 08:00:12]G:: D0 1E 00 
[1980-01-06 08:00:12]G:: D0 1F 00 
[1980-01-06 08:00:12]G:: D0 2A 00 00 00 00 00 00 00 00 00 00 
[1980-01-06 08:00:12]ecall invalid
[1980-01-06 08:00:12]bcall invalid
[1980-01-06 08:00:12]icall invalid
[1980-01-06 08:00:12]return ctrl default
[1980-01-06 08:00:12]result: default
[1980-01-06 08:00:12]car cfg CAR_CFG_PEPS
[1980-01-06 08:00:12]car type F_506S
[1980-01-06 08:00:19]G:: D0 03 06 64 06 64 06 64 06 64 03 64 
[1980-01-06 08:00:21]new VDDataModelCtrl()
[1980-01-06 08:00:21]VDDataModelCtrl is constructed
[1980-01-06 08:00:23]G:: D0 03 00 64 00 64 00 64 00 64 03 64 
[1980-01-06 08:00:25]G:: D0 03 06 64 06 64 06 64 06 64 03 64 
[1980-01-06 08:00:29]G:: D0 03 00 64 00 64 00 64 00 64 03 64 
[1980-01-06 08:00:29]G:: D0 05 02 FF FF 03 00 
[1980-01-06 08:00:29]G:: D0 2A FF 00 02 00 00 02 02 02 02 02 
[1980-01-06 08:00:29]G:: D0 08 00 00 01 2C 00 00 00 00 00 00 
[1980-01-06 08:00:29]G:: D0 01 81 00 00 
[1980-01-06 08:00:29]G:: D0 02 00 00 FF 01 90 81 B8 00 00 
[1980-01-06 08:00:29]G:: D0 01 C1 00 00 
[1980-01-06 08:00:29]G:: D0 05 02 02 FF 03 00 
[1980-01-06 08:00:29]G:: D0 08 00 00 03 E9 00 00 00 00 00 00 
[1980-01-06 08:00:29]G:: D0 05 02 02 FF 03 0A 
[1980-01-06 08:00:29]G:: D0 03 04 64 04 64 04 64 04 64 03 64 
[1980-01-06 08:00:29]G:: D0 08 00 00 01 2C 00 00 00 00 00 00 
[1980-01-06 08:00:29]G:: D0 05 02 02 FF 03 09 
[1980-01-06 08:00:29]G:: D0 0A 01 2F 00 00 00 01 86 DC 2C FF FF 00 63 
[1980-01-06 08:00:29]G:: D0 05 02 02 FF 03 06 
[1980-01-06 08:00:30]G:: D0 05 02 02 FF 03 03 
[1980-01-06 08:00:30]G:: D0 05 02 02 FF 03 01 
[1980-01-06 08:00:30]G:: D0 05 03 02 FF 03 01 
[1980-01-06 08:00:30]G:: D0 05 03 02 FF 03 02 
[1980-01-06 08:00:30]G:: D0 05 03 02 FF 03 08 
[1980-01-06 08:00:30]G:: D0 05 03 02 FF 03 10 
[1980-01-06 08:00:30]G:: D0 05 03 02 FF 03 18 
[1980-01-06 08:00:30]G:: D0 05 03 02 FF 03 21 
[1980-01-06 08:00:30]G:: D0 05 03 02 FF 03 29 
[1980-01-06 08:00:30]G:: D0 05 03 02 FF 03 2E 
[1980-01-06 08:00:30]G:: D0 05 03 02 FF 03 31 
[1980-01-06 08:00:30]G:: D0 05 03 02 FF 03 32 
[1980-01-06 08:00:30]G:: D0 08 00 00 03 E9 00 00 00 00 00 00 
[1980-01-06 08:00:30]G:: D0 05 03 02 FF 03 08 
[1980-01-06 08:00:30]G:: D0 05 03 02 FF 03 06 
[1980-01-06 08:00:30]G:: D0 05 03 02 FF 03 05 
[1980-01-06 08:00:30]G:: D0 01 C3 00 00 
[1980-01-06 08:00:30]G:: D0 05 03 02 FF 03 02 
[1980-01-06 08:00:30]G:: D0 05 03 02 FF 03 00 
[1980-01-06 08:00:30]G:: D0 05 03 02 FF 03 05 
[1980-01-06 08:00:30]G:: D0 05 03 02 FF 03 0A 
[1980-01-06 08:00:30]G:: D0 05 03 02 FF 03 0F 
[1980-01-06 08:00:30]G:: D0 05 03 02 FF 03 0E 
[1980-01-06 08:00:30]G:: D0 05 03 02 FF 03 0C 
[2019-11-08 11:50:59]G:: D0 08 00 00 01 2C 00 00 00 00 00 00 
[2019-11-08 11:50:42]G:: D0 0A 01 2F 00 00 00 01 86 DC 2C FF FF 00 51 
[2019-11-08 11:50:42]G:: D0 05 03 02 FF 03 0D 
[2019-11-08 11:50:42]G:: D0 05 03 02 FF 03 0D 
[2019-11-08 11:50:42]G:: D0 05 03 02 FF 03 0C 
[2019-11-08 11:50:42]G:: D0 05 03 02 FF 03 0B 
[2019-11-08 11:50:42]G:: D0 05 03 02 FF 03 0A 
[2019-11-08 11:50:42]G:: D0 05 03 01 FF 03 0A 
[2019-11-08 11:50:42]G:: D0 05 02 01 FF 03 0A 
[2019-11-08 11:50:43]G:: D0 09 00 00 05 D7 00 00 
[2019-11-08 11:50:43]G:: D0 0B 03 07 FF FF FF FF 00 00 
[2019-11-08 11:50:43]G:: D0 0A 01 2F 00 00 00 01 86 DC 2C FF FF 00 7F 
[2019-11-08 11:50:43]G:: D0 05 02 01 FF 03 0B 
[2019-11-08 11:50:43]G:: D0 05 02 01 FF 03 0A 
[2019-11-08 11:50:43]G:: D0 05 02 01 FF 03 0B 
[2019-11-08 11:50:43]G:: D0 05 02 01 FF 03 0A 
[2019-11-08 11:50:43]G:: D0 05 02 01 FF 03 0B 
[2019-11-08 11:50:43]G:: D0 05 02 01 FF 03 0A 
[2019-11-08 11:50:43]G:: D0 05 02 01 FF 03 0B 
[2019-11-08 11:50:43]G:: D0 05 02 01 FF 03 0A 
[2019-11-08 11:50:43]G:: D0 05 02 01 FF 03 0B 
[2019-11-08 11:50:43]G:: D0 05 02 01 FF 03 0A 
[2019-11-08 11:50:43]G:: D0 05 02 01 FF 03 0B 
[2019-11-08 11:50:43]G:: D0 05 02 01 FF 03 0A 
[2019-11-08 11:50:43]G:: D0 05 02 01 FF 03 0B 
[2019-11-08 11:50:43]G:: D0 05 02 01 FF 03 0A 
[2019-11-08 11:50:43]G:: D0 05 02 01 FF 03 0B 
[2019-11-08 11:50:43]G:: D0 05 02 01 FF 03 0A 
[2019-11-08 11:50:43]G:: D0 05 02 01 FF 03 0B 
[2019-11-08 11:50:43]G:: D0 05 02 01 FF 03 0A 
[2019-11-08 11:50:44]G:: D0 0A 01 2F 00 00 00 01 86 DC 2C FF FF 00 89 
[2019-11-08 11:50:44]G:: D0 05 02 01 FF 03 09 
[2019-11-08 11:50:44]G:: D0 05 02 01 FF 03 0A 
[2019-11-08 11:50:44]G:: D0 05 02 01 FF 03 09 
[2019-11-08 11:50:45]G:: D0 05 02 01 FF 03 08 
[2019-11-08 11:50:45]G:: D0 05 02 01 FF 03 09 
[2019-11-08 11:50:45]G:: D0 05 02 01 FF 03 08 
[2019-11-08 11:50:45]G:: D0 05 02 01 FF 03 09 
[2019-11-08 11:50:45]G:: D0 05 02 01 FF 03 08 
[2019-11-08 11:50:45]G:: D0 02 00 05 FF 02 AD 80 D2 00 00 
[2019-11-08 11:50:45]G:: D0 05 02 01 FF 03 09 
[2019-11-08 11:50:45]G:: D0 01 C1 00 00 
[2019-11-08 11:50:46]G:: D0 05 02 01 FF 03 08 
[2019-11-08 11:50:46]G:: D0 05 02 01 FF 03 09 
[2019-11-08 11:50:46]G:: D0 05 02 01 FF 03 08 
[2019-11-08 11:50:48]G:: D0 09 00 00 04 72 00 00 
[2019-11-08 11:50:48]G:: D0 0B 03 07 FF FF FF FF 00 00 
[2019-11-08 11:50:49]G:: D0 03 00 64 00 64 00 64 00 64 03 64 
[2019-11-08 11:50:50]G:: D0 05 02 01 FF 03 07 
[2019-11-08 11:50:50]G:: D0 05 02 01 FF 03 08 
[2019-11-08 11:50:51]G:: D0 05 02 01 FF 03 07 
[2019-11-08 11:50:51]G:: D0 05 02 01 FF 03 08 
[2019-11-08 11:50:51]G:: D0 05 02 01 FF 03 07 
[2019-11-08 11:50:51]G:: D0 05 02 01 FF 03 08 
[2019-11-08 11:50:51]G:: D0 05 02 01 FF 03 07 
[2019-11-08 11:50:51]G:: D0 05 02 01 FF 03 08 
[2019-11-08 11:50:51]G:: D0 05 02 01 FF 03 07 
[2019-11-08 11:50:51]G:: D0 05 02 01 FF 03 08 
[2019-11-08 11:50:51]G:: D0 05 02 01 FF 03 07 
[2019-11-08 11:50:51]G:: D0 05 02 01 FF 03 08 
[2019-11-08 11:50:51]G:: D0 05 02 01 FF 03 07 
[2019-11-08 11:50:51]G:: D0 05 02 01 FF 03 08 
[2019-11-08 11:50:51]G:: D0 05 02 01 FF 03 07 
[2019-11-08 11:50:51]G:: D0 05 02 01 FF 03 08 
[2019-11-08 11:50:51]G:: D0 05 02 01 FF 03 07 
[2019-11-08 11:50:51]G:: D0 05 02 01 FF 03 08 
[2019-11-08 11:50:51]G:: D0 05 02 01 FF 03 07 
[2019-11-08 11:50:51]G:: D0 05 02 01 FF 03 08 
[2019-11-08 11:50:51]G:: D0 05 02 01 FF 03 07 
[2019-11-08 11:50:51]G:: D0 05 02 01 FF 03 08 
[2019-11-08 11:50:51]G:: D0 05 02 01 FF 03 07 
[2019-11-08 11:50:51]G:: D0 05 02 01 FF 03 08 
[2019-11-08 11:50:51]G:: D0 05 02 01 FF 03 07 
[2019-11-08 11:50:51]G:: D0 05 02 01 FF 03 08 
[2019-11-08 11:50:51]G:: D0 05 02 01 FF 03 07 
[2019-11-08 11:50:51]G:: D0 05 02 01 FF 03 08 
[2019-11-08 11:50:51]G:: D0 05 02 01 FF 03 07 
[2019-11-08 11:50:51]G:: D0 05 02 01 FF 03 08 
[2019-11-08 11:50:51]G:: D0 05 02 01 FF 03 07 
[2019-11-08 11:50:51]G:: D0 05 02 01 FF 03 08 
[2019-11-08 11:50:51]G:: D0 05 02 01 FF 03 07 
[2019-11-08 11:50:51]G:: D0 05 02 01 FF 03 08 
[2019-11-08 11:50:51]G:: D0 05 02 01 FF 03 07 
[2019-11-08 11:50:51]G:: D0 05 02 01 FF 03 08 
[2019-11-08 11:50:51]G:: D0 05 02 01 FF 03 07 
[2019-11-08 11:50:53]G:: D0 09 00 00 04 22 00 00 
[2019-11-08 11:50:53]G:: D0 0B 03 07 FF FF FF FF 00 00 
[2019-11-08 11:50:58]G:: D0 09 00 00 04 00 00 00 
[2019-11-08 11:50:58]G:: D0 0B 03 07 FF FF FF FF 00 00 
[2019-11-08 11:51:01]G:: D0 05 02 01 FF 03 06 
[2019-11-08 11:51:01]G:: D0 05 02 01 FF 03 07 
[2019-11-08 11:51:03]G:: D0 09 00 00 03 E6 00 00 
[2019-11-08 11:51:03]G:: D0 0B 03 07 FF FF FF FF 00 00 
[2019-11-08 11:51:03]G:: D0 05 02 01 FF 03 06 
[2019-11-08 11:51:03]G:: D0 05 02 01 FF 03 07 
[2019-11-08 11:51:06]G:: D0 05 02 01 FF 03 06 
[2019-11-08 11:51:06]G:: D0 05 02 01 FF 03 07 
[2019-11-08 11:51:06]G:: D0 05 02 01 FF 03 06 
[2019-11-08 11:51:06]G:: D0 05 02 01 FF 03 07 
[2019-11-08 11:51:06]G:: D0 05 02 01 FF 03 06 
[2019-11-08 11:51:06]G:: D0 05 02 01 FF 03 07 
[2019-11-08 11:51:06]G:: D0 05 02 01 FF 03 06 
[2019-11-08 11:51:06]G:: D0 05 02 01 FF 03 07 
[2019-11-08 11:51:06]G:: D0 05 02 01 FF 03 06 
[2019-11-08 11:51:06]G:: D0 05 02 01 FF 03 07 
[2019-11-08 11:51:06]G:: D0 05 02 01 FF 03 06 
[2019-11-08 11:51:06]G:: D0 05 02 01 FF 03 07 
[2019-11-08 11:51:06]G:: D0 05 02 01 FF 03 06 
[2019-11-08 11:51:06]G:: D0 05 02 01 FF 03 07 
[2019-11-08 11:51:06]G:: D0 05 02 01 FF 03 06 
[2019-11-08 11:51:07]G:: D0 05 02 01 FF 03 07 
[2019-11-08 11:51:07]G:: D0 05 02 01 FF 03 06 
[2019-11-08 11:51:07]G:: D0 05 02 01 FF 03 07 
[2019-11-08 11:51:07]G:: D0 05 02 01 FF 03 06 
[2019-11-08 11:51:07]G:: D0 05 02 01 FF 03 07 
[2019-11-08 11:51:07]G:: D0 05 02 01 FF 03 06 
[2019-11-08 11:51:07]G:: D0 05 02 01 FF 03 07 
[2019-11-08 11:51:07]G:: D0 05 02 01 FF 03 06 
[2019-11-08 11:51:07]G:: D0 05 02 01 FF 03 07 
[2019-11-08 11:51:07]G:: D0 05 02 01 FF 03 06 
[2019-11-08 11:51:07]G:: D0 05 02 01 FF 03 07 
[2019-11-08 11:51:08]G:: D0 05 02 01 FF 03 06 
[2019-11-08 11:51:08]G:: D0 05 02 01 FF 03 07 
[2019-11-08 11:51:08]G:: D0 09 00 00 03 DF 00 00 
[2019-11-08 11:51:08]G:: D0 0B 03 07 FF FF FF FF 00 00 
[2019-11-08 11:51:08]G:: D0 05 02 01 FF 03 06 
[2019-11-08 11:51:08]G:: D0 05 02 01 FF 03 07 
[2019-11-08 11:51:09]G:: D0 05 02 01 FF 03 06 
[2019-11-08 11:51:09]G:: D0 05 02 01 FF 03 07 
[2019-11-08 11:51:09]G:: D0 05 02 01 FF 03 06 
[2019-11-08 11:51:09]G:: D0 05 02 01 FF 03 07 
[2019-11-08 11:51:09]G:: D0 05 02 01 FF 03 06 
[2019-11-08 11:51:09]G:: D0 05 02 01 FF 03 07 
[2019-11-08 11:51:09]G:: D0 05 02 01 FF 03 06 
[2019-11-08 11:51:09]G:: D0 05 02 01 FF 03 07 
[2019-11-08 11:51:09]G:: D0 05 02 01 FF 03 06 
[2019-11-08 11:51:09]G:: D0 05 02 01 FF 03 07 
[2019-11-08 11:51:10]G:: D0 05 02 01 FF 03 06 
[2019-11-08 11:51:10]G:: D0 05 02 01 FF 03 07 
[2019-11-08 11:51:10]G:: D0 05 02 01 FF 03 06 
[2019-11-08 11:51:10]G:: D0 05 02 01 FF 03 07 
[2019-11-08 11:51:10]G:: D0 05 02 01 FF 03 06 
[2019-11-08 11:51:10]G:: D0 05 02 01 FF 03 07 
[2019-11-08 11:51:10]G:: D0 05 02 01 FF 03 06 
[2019-11-08 11:51:10]G:: D0 05 02 01 FF 03 07 
[2019-11-08 11:51:10]G:: D0 05 02 01 FF 03 06 
[2019-11-08 11:51:10]G:: D0 05 02 01 FF 03 07 
[2019-11-08 11:51:10]G:: D0 05 02 01 FF 03 06 
[2019-11-08 11:51:10]G:: D0 05 02 01 FF 03 07 
[2019-11-08 11:51:10]G:: D0 05 02 01 FF 03 06 
[2019-11-08 11:51:10]G:: D0 05 02 01 FF 03 07 
[2019-11-08 11:51:10]G:: D0 05 02 01 FF 03 06 
[2019-11-08 11:51:10]G:: D0 05 02 01 FF 03 07 
[2019-11-08 11:51:10]G:: D0 05 02 01 FF 03 06 
[2019-11-08 11:51:10]G:: D0 05 02 01 FF 03 07 
[2019-11-08 11:51:10]G:: D0 05 02 01 FF 03 06 
[2019-11-08 11:51:10]G:: D0 05 02 01 FF 03 07 
[2019-11-08 11:51:10]G:: D0 05 02 01 FF 03 06 
[2019-11-08 11:51:10]G:: D0 05 02 01 FF 03 07 
[2019-11-08 11:51:10]G:: D0 05 02 01 FF 03 06 
[2019-11-08 11:51:10]G:: D0 05 02 01 FF 03 07 
[2019-11-08 11:51:10]G:: D0 05 02 01 FF 03 06 
[2019-11-08 11:51:10]G:: D0 05 02 01 FF 03 07 
[2019-11-08 11:51:10]G:: D0 05 02 01 FF 03 06 
[2019-11-08 11:51:10]G:: D0 05 02 01 FF 03 07 
[2019-11-08 11:51:10]G:: D0 05 02 01 FF 03 06 
[2019-11-08 11:51:10]G:: D0 05 02 01 FF 03 07 
[2019-11-08 11:51:10]G:: D0 05 02 01 FF 03 06 
[2019-11-08 11:51:10]G:: D0 05 02 01 FF 03 07 
[2019-11-08 11:51:10]G:: D0 05 02 01 FF 03 06 
[2019-11-08 11:51:10]G:: D0 05 02 01 FF 03 07 
[2019-11-08 11:51:11]G:: D0 05 02 01 FF 03 06 
[2019-11-08 11:51:11]G:: D0 05 02 01 FF 03 07 
[2019-11-08 11:51:11]G:: D0 05 02 01 FF 03 06 
[2019-11-08 11:51:11]G:: D0 05 02 01 FF 03 07 
[2019-11-08 11:51:11]G:: D0 05 02 01 FF 03 06 
[2019-11-08 11:51:11]G:: D0 05 02 01 FF 03 07 
[2019-11-08 11:51:11]G:: D0 05 02 01 FF 03 06 
[2019-11-08 11:51:11]G:: D0 05 02 01 FF 03 07 
[2019-11-08 11:51:11]G:: D0 05 02 01 FF 03 06 
[2019-11-08 11:51:11]G:: D0 05 02 01 FF 03 07 
[2019-11-08 11:51:11]G:: D0 05 02 01 FF 03 06 
[2019-11-08 11:51:11]G:: D0 05 02 01 FF 03 07 
[2019-11-08 11:51:11]G:: D0 05 02 01 FF 03 06 
[2019-11-08 11:51:11]G:: D0 05 02 01 FF 03 07 
[2019-11-08 11:51:11]G:: D0 05 02 01 FF 03 06 
[2019-11-08 11:51:11]G:: D0 05 02 01 FF 03 07 
[2019-11-08 11:51:11]G:: D0 05 02 01 FF 03 06 
[2019-11-08 11:51:11]G:: D0 05 02 01 FF 03 07 
[2019-11-08 11:51:11]G:: D0 05 02 01 FF 03 06 
[2019-11-08 11:51:11]G:: D0 05 02 01 FF 03 07 
[2019-11-08 11:51:11]G:: D0 05 02 01 FF 03 06 
[2019-11-08 11:51:11]G:: D0 05 02 01 FF 03 07 
[2019-11-08 11:51:11]G:: D0 05 02 01 FF 03 06 
[2019-11-08 11:51:11]G:: D0 05 02 01 FF 03 07 
[2019-11-08 11:51:11]G:: D0 05 02 01 FF 03 06 
[2019-11-08 11:51:11]G:: D0 05 02 01 FF 03 07 
[2019-11-08 11:51:11]G:: D0 05 02 01 FF 03 06 
[2019-11-08 11:51:11]G:: D0 05 02 01 FF 03 07 
[2019-11-08 11:51:11]G:: D0 05 02 01 FF 03 06 
[2019-11-08 11:51:11]G:: D0 05 02 01 FF 03 07 
[2019-11-08 11:51:11]G:: D0 05 02 01 FF 03 06 
[2019-11-08 11:51:11]G:: D0 05 02 01 FF 03 07 
[2019-11-08 11:51:11]G:: D0 05 02 01 FF 03 06 
[2019-11-08 11:51:11]G:: D0 05 02 01 FF 03 07 
[2019-11-08 11:51:11]G:: D0 05 02 01 FF 03 06 
[2019-11-08 11:51:11]G:: D0 05 02 01 FF 03 07 
[2019-11-08 11:51:11]G:: D0 05 02 01 FF 03 06 
[2019-11-08 11:51:11]G:: D0 05 02 01 FF 03 07 
[2019-11-08 11:51:11]G:: D0 05 02 01 FF 03 06 
[2019-11-08 11:51:11]G:: D0 05 02 01 FF 03 07 
[2019-11-08 11:51:11]G:: D0 05 02 01 FF 03 06 
[2019-11-08 11:51:11]G:: D0 05 02 01 FF 03 07 
[2019-11-08 11:51:11]G:: D0 05 02 01 FF 03 06 
[2019-11-08 11:51:11]G:: D0 05 02 01 FF 03 07 
[2019-11-08 11:51:11]G:: D0 05 02 01 FF 03 06 
[2019-11-08 11:51:11]G:: D0 05 02 01 FF 03 07 
[2019-11-08 11:51:11]G:: D0 05 02 01 FF 03 06 
[2019-11-08 11:51:11]G:: D0 05 02 01 FF 03 07 
[2019-11-08 11:51:11]G:: D0 05 02 01 FF 03 06 
[2019-11-08 11:51:11]G:: D0 05 02 01 FF 03 07 
[2019-11-08 11:51:12]G:: D0 05 02 01 FF 03 06 
[2019-11-08 11:51:12]G:: D0 05 02 01 FF 03 07 
[2019-11-08 11:51:12]G:: D0 05 02 01 FF 03 06 
[2019-11-08 11:51:12]G:: D0 05 02 01 FF 03 07 
[2019-11-08 11:51:12]G:: D0 05 02 01 FF 03 06 
[2019-11-08 11:51:12]G:: D0 05 02 01 FF 03 07 
[2019-11-08 11:51:12]G:: D0 05 02 01 FF 03 06 
[2019-11-08 11:51:12]G:: D0 05 02 01 FF 03 07 
[2019-11-08 11:51:12]G:: D0 05 02 01 FF 03 06 
[2019-11-08 11:51:12]G:: D0 05 02 01 FF 03 07 
[2019-11-08 11:51:12]G:: D0 05 02 01 FF 03 07 
[2019-11-08 11:51:12]G:: D0 05 02 01 FF 03 07 
[2019-11-08 11:51:12]G:: D0 05 02 01 FF 03 06 
[2019-11-08 11:51:12]G:: D0 05 02 01 FF 03 07 
[2019-11-08 11:51:12]G:: D0 05 02 01 FF 03 06 
[2019-11-08 11:51:12]G:: D0 05 02 01 FF 03 07 
[2019-11-08 11:51:12]G:: D0 05 02 01 FF 03 07 
[2019-11-08 11:51:12]G:: D0 05 02 01 FF 03 07 
[2019-11-08 11:51:12]G:: D0 05 02 01 FF 03 06 
[2019-11-08 11:51:12]G:: D0 05 02 01 FF 03 07 
[2019-11-08 11:51:12]G:: D0 05 02 01 FF 03 06 
[2019-11-08 11:51:12]G:: D0 05 02 01 FF 03 07 
[2019-11-08 11:51:12]G:: D0 05 02 01 FF 03 06 
[2019-11-08 11:51:12]G:: D0 05 02 01 FF 03 07 
[2019-11-08 11:51:12]G:: D0 05 02 01 FF 03 06 
[2019-11-08 11:51:12]G:: D0 05 02 01 FF 03 07 
[2019-11-08 11:51:12]G:: D0 05 02 01 FF 03 06 
[2019-11-08 11:51:12]G:: D0 05 02 01 FF 03 07 
[2019-11-08 11:51:12]G:: D0 05 02 01 FF 03 06 
[2019-11-08 11:51:12]G:: D0 05 02 01 FF 03 07 
[2019-11-08 11:51:12]G:: D0 05 02 01 FF 03 06 
[2019-11-08 11:51:12]G:: D0 05 02 01 FF 03 07 
[2019-11-08 11:51:12]G:: D0 05 02 01 FF 03 06 
[2019-11-08 11:51:12]G:: D0 05 02 01 FF 03 07 
[2019-11-08 11:51:12]G:: D0 05 02 01 FF 03 06 
[2019-11-08 11:51:12]G:: D0 05 02 01 FF 03 07 
[2019-11-08 11:51:12]G:: D0 05 02 01 FF 03 06 
[2019-11-08 11:51:12]G:: D0 05 02 01 FF 03 07 
[2019-11-08 11:51:12]G:: D0 05 02 01 FF 03 06 
[2019-11-08 11:51:12]G:: D0 05 02 01 FF 03 07 
[2019-11-08 11:51:12]G:: D0 05 02 01 FF 03 06 
[2019-11-08 11:51:12]G:: D0 05 02 01 FF 03 07 
[2019-11-08 11:51:12]G:: D0 05 02 01 FF 03 06 
[2019-11-08 11:51:12]G:: D0 05 02 01 FF 03 07 
[2019-11-08 11:51:13]G:: D0 05 02 01 FF 03 06 
[2019-11-08 11:51:13]G:: D0 05 02 01 FF 03 07 
[2019-11-08 11:51:13]G:: D0 05 02 01 FF 03 06 
[2019-11-08 11:51:13]G:: D0 05 02 01 FF 03 07 
[2019-11-08 11:51:13]G:: D0 05 02 01 FF 03 06 
[2019-11-08 11:51:13]G:: D0 05 02 01 FF 03 07 
[2019-11-08 11:51:13]G:: D0 05 02 01 FF 03 06 
[2019-11-08 11:51:13]G:: D0 05 02 01 FF 03 07 
[2019-11-08 11:51:13]G:: D0 05 02 01 FF 03 06 
[2019-11-08 11:51:13]G:: D0 05 02 01 FF 03 07 
[2019-11-08 11:51:13]G:: D0 05 02 01 FF 03 06 
[2019-11-08 11:51:13]G:: D0 09 00 00 03 D5 00 00 
[2019-11-08 11:51:13]G:: D0 0B 03 08 FF FF FF FF 00 00 
[2019-11-08 11:51:13]G:: D0 05 02 01 FF 03 06 
[2019-11-08 11:51:13]G:: D0 05 02 01 FF 03 06 
[2019-11-08 11:51:13]G:: D0 05 02 01 FF 03 07 
[2019-11-08 11:51:13]G:: D0 05 02 01 FF 03 06 
[2019-11-08 11:51:13]G:: D0 05 02 01 FF 03 07 
[2019-11-08 11:51:13]G:: D0 05 02 01 FF 03 06 
[2019-11-08 11:51:13]G:: D0 05 02 01 FF 03 07 
[2019-11-08 11:51:13]G:: D0 05 02 01 FF 03 06 
[2019-11-08 11:51:13]G:: D0 05 02 01 FF 03 07 
[2019-11-08 11:51:13]G:: D0 05 02 01 FF 03 06 
[2019-11-08 11:51:13]G:: D0 05 02 01 FF 03 07 
[2019-11-08 11:51:13]G:: D0 05 02 01 FF 03 06 
[2019-11-08 11:51:13]G:: D0 05 02 01 FF 03 07 
[2019-11-08 11:51:13]G:: D0 05 02 01 FF 03 06 
[2019-11-08 11:51:13]G:: D0 05 02 01 FF 03 07 
[2019-11-08 11:51:13]G:: D0 05 02 01 FF 03 06 
[2019-11-08 11:51:13]G:: D0 05 02 01 FF 03 07 
[2019-11-08 11:51:13]G:: D0 05 02 01 FF 03 06 
[2019-11-08 11:51:13]G:: D0 05 02 01 FF 03 07 
[2019-11-08 11:51:13]G:: D0 05 02 01 FF 03 06 
[2019-11-08 11:51:13]G:: D0 05 02 01 FF 03 07 
[2019-11-08 11:51:13]G:: D0 05 02 01 FF 03 06 
[2019-11-08 11:51:13]G:: D0 05 02 01 FF 03 07 
[2019-11-08 11:51:13]G:: D0 05 02 01 FF 03 06 
[2019-11-08 11:51:13]G:: D0 05 02 01 FF 03 07 
[2019-11-08 11:51:13]G:: D0 05 02 01 FF 03 06 
[2019-11-08 11:51:14]G:: D0 05 02 01 FF 03 07 
[2019-11-08 11:51:14]G:: D0 05 02 01 FF 03 06 
[2019-11-08 11:51:14]G:: D0 05 02 01 FF 03 07 
[2019-11-08 11:51:14]G:: D0 05 02 01 FF 03 06 
[2019-11-08 11:51:14]G:: D0 05 02 01 FF 03 07 
[2019-11-08 11:51:14]G:: D0 05 02 01 FF 03 06 
[2019-11-08 11:51:14]G:: D0 05 02 01 FF 03 07 
[2019-11-08 11:51:14]G:: D0 05 02 01 FF 03 06 
[2019-11-08 11:51:14]G:: D0 05 02 01 FF 03 07 
[2019-11-08 11:51:14]G:: D0 05 02 01 FF 03 06 
[2019-11-08 11:51:14]G:: D0 05 02 01 FF 03 07 
[2019-11-08 11:51:14]G:: D0 05 02 01 FF 03 06 
[2019-11-08 11:51:14]G:: D0 05 02 01 FF 03 07 
[2019-11-08 11:51:14]G:: D0 05 02 01 FF 03 06 
[2019-11-08 11:51:14]G:: D0 05 02 01 FF 03 07 
[2019-11-08 11:51:14]G:: D0 05 02 01 FF 03 06 
[2019-11-08 11:51:14]G:: D0 05 02 01 FF 03 07 
[2019-11-08 11:51:14]G:: D0 05 02 01 FF 03 06 
[2019-11-08 11:51:14]G:: D0 05 02 01 FF 03 07 
[2019-11-08 11:51:14]G:: D0 05 02 01 FF 03 06 
[2019-11-08 11:51:14]G:: D0 05 02 01 FF 03 07 
[2019-11-08 11:51:14]G:: D0 05 02 01 FF 03 06 
[2019-11-08 11:51:14]G:: D0 05 02 01 FF 03 07 
[2019-11-08 11:51:14]G:: D0 05 02 01 FF 03 06 
[2019-11-08 11:51:14]G:: D0 05 02 01 FF 03 07 
[2019-11-08 11:51:14]G:: D0 05 02 01 FF 03 06 
[2019-11-08 11:51:14]G:: D0 05 02 01 FF 03 07 
[2019-11-08 11:51:14]G:: D0 05 02 01 FF 03 06 
[2019-11-08 11:51:15]G:: D0 05 02 01 FF 03 07 
[2019-11-08 11:51:15]G:: D0 05 02 01 FF 03 06 
[2019-11-08 11:51:15]G:: D0 05 02 01 FF 03 07 
[2019-11-08 11:51:15]G:: D0 05 02 01 FF 03 06 
[2019-11-08 11:51:15]G:: D0 05 02 01 FF 03 07 
[2019-11-08 11:51:15]G:: D0 05 02 01 FF 03 06 
[2019-11-08 11:51:15]G:: D0 05 02 01 FF 03 07 
[2019-11-08 11:51:15]G:: D0 05 02 01 FF 03 06 
[2019-11-08 11:51:15]G:: D0 05 02 01 FF 03 07 
[2019-11-08 11:51:15]G:: D0 05 02 01 FF 03 06 
[2019-11-08 11:51:15]G:: D0 05 02 01 FF 03 07 
[2019-11-08 11:51:15]G:: D0 05 02 01 FF 03 06 
[2019-11-08 11:51:15]G:: D0 05 02 01 FF 03 07 
[2019-11-08 11:51:15]G:: D0 05 02 01 FF 03 06 
[2019-11-08 11:51:15]G:: D0 05 02 01 FF 03 07 
[2019-11-08 11:51:15]G:: D0 05 02 01 FF 03 06 
[2019-11-08 11:51:15]G:: D0 05 02 01 FF 03 07 
[2019-11-08 11:51:15]G:: D0 05 02 01 FF 03 06 
[2019-11-08 11:51:15]G:: D0 05 02 01 FF 03 07 
[2019-11-08 11:51:15]G:: D0 05 02 01 FF 03 06 
[2019-11-08 11:51:15]G:: D0 05 02 01 FF 03 07 
[2019-11-08 11:51:15]G:: D0 05 02 01 FF 03 06 
[2019-11-08 11:51:15]G:: D0 05 02 01 FF 03 07 
[2019-11-08 11:51:15]G:: D0 05 02 01 FF 03 06 
[2019-11-08 11:51:15]G:: D0 05 02 01 FF 03 07 
[2019-11-08 11:51:15]G:: D0 05 02 01 FF 03 06 
[2019-11-08 11:51:15]G:: D0 05 02 01 FF 03 07 
[2019-11-08 11:51:15]G:: D0 05 02 01 FF 03 06 
[2019-11-08 11:51:15]G:: D0 05 02 01 FF 03 07 
[2019-11-08 11:51:15]G:: D0 05 02 01 FF 03 06 
[2019-11-08 11:51:15]G:: D0 05 02 01 FF 03 07 
[2019-11-08 11:51:15]G:: D0 05 02 01 FF 03 06 
[2019-11-08 11:51:15]G:: D0 05 02 01 FF 03 07 
[2019-11-08 11:51:15]G:: D0 05 02 01 FF 03 06 
[2019-11-08 11:51:15]G:: D0 05 02 01 FF 03 07 
[2019-11-08 11:51:15]G:: D0 05 02 01 FF 03 06 
[2019-11-08 11:51:15]G:: D0 05 02 01 FF 03 07 
[2019-11-08 11:51:16]G:: D0 05 02 01 FF 03 06 
[2019-11-08 11:51:16]G:: D0 05 02 01 FF 03 07 
[2019-11-08 11:51:16]G:: D0 05 02 01 FF 03 06 
[2019-11-08 11:51:16]G:: D0 05 02 01 FF 03 07 
[2019-11-08 11:51:16]G:: D0 05 02 01 FF 03 06 
[2019-11-08 11:51:16]G:: D0 05 02 01 FF 03 07 
[2019-11-08 11:51:16]G:: D0 05 02 01 FF 03 06 
[2019-11-08 11:51:16]G:: D0 05 02 01 FF 03 07 
[2019-11-08 11:51:16]G:: D0 05 02 01 FF 03 06 
[2019-11-08 11:51:16]G:: D0 05 02 01 FF 03 07 
[2019-11-08 11:51:16]G:: D0 05 02 01 FF 03 06 
[2019-11-08 11:51:16]G:: D0 05 02 01 FF 03 07 
[2019-11-08 11:51:16]G:: D0 05 02 01 FF 03 06 
[2019-11-08 11:51:16]G:: D0 05 02 01 FF 03 07 
[2019-11-08 11:51:16]G:: D0 05 02 01 FF 03 06 
[2019-11-08 11:51:16]G:: D0 05 02 01 FF 03 07 
[2019-11-08 11:51:16]G:: D0 05 02 01 FF 03 06 
[2019-11-08 11:51:16]G:: D0 05 02 01 FF 03 07 
[2019-11-08 11:51:16]G:: D0 05 02 01 FF 03 06 
[2019-11-08 11:51:16]G:: D0 05 02 01 FF 03 07 
[2019-11-08 11:51:16]G:: D0 05 02 01 FF 03 06 
[2019-11-08 11:51:16]G:: D0 05 02 01 FF 03 07 
[2019-11-08 11:51:16]G:: D0 05 02 01 FF 03 06 
[2019-11-08 11:51:16]G:: D0 05 02 01 FF 03 07 
[2019-11-08 11:51:16]G:: D0 05 02 01 FF 03 06 
[2019-11-08 11:51:16]G:: D0 05 02 01 FF 03 07 
[2019-11-08 11:51:16]G:: D0 05 02 01 FF 03 06 
[2019-11-08 11:51:17]G:: D0 05 02 01 FF 03 07 
[2019-11-08 11:51:17]G:: D0 05 02 01 FF 03 06 
[2019-11-08 11:51:17]G:: D0 05 02 01 FF 03 07 
[2019-11-08 11:51:17]G:: D0 05 02 01 FF 03 06 
[2019-11-08 11:51:17]G:: D0 05 02 01 FF 03 07 
[2019-11-08 11:51:17]G:: D0 05 02 01 FF 03 06 
[2019-11-08 11:51:17]G:: D0 05 02 01 FF 03 07 
[2019-11-08 11:51:17]G:: D0 05 02 01 FF 03 06 
[2019-11-08 11:51:17]G:: D0 05 02 01 FF 03 07 
[2019-11-08 11:51:17]G:: D0 05 02 01 FF 03 06 
[2019-11-08 11:51:17]G:: D0 05 02 01 FF 03 07 
[2019-11-08 11:51:17]G:: D0 05 02 01 FF 03 06 
[2019-11-08 11:51:17]G:: D0 05 02 01 FF 03 07 
[2019-11-08 11:51:17]G:: D0 05 02 01 FF 03 06 
[2019-11-08 11:51:17]G:: D0 05 02 01 FF 03 07 
[2019-11-08 11:51:17]G:: D0 05 02 01 FF 03 06 
[2019-11-08 11:51:17]G:: D0 05 02 01 FF 03 07 
[2019-11-08 11:51:17]G:: D0 05 02 01 FF 03 06 
[2019-11-08 11:51:17]G:: D0 05 02 01 FF 03 07 
[2019-11-08 11:51:17]G:: D0 05 02 01 FF 03 06 
[2019-11-08 11:51:17]G:: D0 05 02 01 FF 03 07 
[2019-11-08 11:51:17]G:: D0 05 02 01 FF 03 06 
[2019-11-08 11:51:17]G:: D0 05 02 01 FF 03 06 
[2019-11-08 11:51:17]G:: D0 05 02 01 FF 03 06 
[2019-11-08 11:51:17]G:: D0 05 02 01 FF 03 07 
[2019-11-08 11:51:17]G:: D0 05 02 01 FF 03 06 
[2019-11-08 11:51:17]G:: D0 05 02 01 FF 03 07 
[2019-11-08 11:51:17]G:: D0 05 02 01 FF 03 06 
[2019-11-08 11:51:17]G:: D0 05 02 01 FF 03 07 
[2019-11-08 11:51:17]G:: D0 05 02 01 FF 03 06 
[2019-11-08 11:51:17]G:: D0 05 02 01 FF 03 07 
[2019-11-08 11:51:17]G:: D0 05 02 01 FF 03 06 
[2019-11-08 11:51:17]G:: D0 05 02 01 FF 03 07 
[2019-11-08 11:51:17]G:: D0 05 02 01 FF 03 06 
[2019-11-08 11:51:17]G:: D0 05 02 01 FF 03 07 
[2019-11-08 11:51:18]G:: D0 09 00 00 03 B3 00 00 
[2019-11-08 11:51:18]G:: D0 0B 03 07 FF FF FF FF 00 00 
[2019-11-08 11:51:18]G:: D0 05 02 01 FF 03 06 
[2019-11-08 11:51:18]G:: D0 05 02 01 FF 03 07 
[2019-11-08 11:51:18]G:: D0 05 02 01 FF 03 06 
[2019-11-08 11:51:19]G:: D0 05 02 01 FF 03 07 
[2019-11-08 11:51:19]G:: D0 05 02 01 FF 03 06 
[2019-11-08 11:51:19]G:: D0 05 02 01 FF 03 07 
[2019-11-08 11:51:19]G:: D0 05 02 01 FF 03 06 
[2019-11-08 11:51:19]G:: D0 05 02 01 FF 03 07 
[2019-11-08 11:51:19]G:: D0 05 02 01 FF 03 06 
[2019-11-08 11:51:20]G:: D0 05 02 01 FF 03 07 
[2019-11-08 11:51:20]G:: D0 05 02 01 FF 03 06 
[2019-11-08 11:51:20]G:: D0 05 02 01 FF 03 07 
[2019-11-08 11:51:20]G:: D0 05 02 01 FF 03 06 
[2019-11-08 11:51:20]G:: D0 05 02 01 FF 03 07 
[2019-11-08 11:51:21]G:: D0 05 02 01 FF 03 06 
[2019-11-08 11:51:21]G:: D0 05 02 01 FF 03 07 
[2019-11-08 11:51:21]G:: D0 05 02 01 FF 03 06 
[2019-11-08 11:51:21]G:: D0 05 02 01 FF 03 07 
[2019-11-08 11:51:21]G:: D0 05 02 01 FF 03 06 
[2019-11-08 11:51:21]G:: D0 05 02 01 FF 03 07 
[2019-11-08 11:51:21]G:: D0 05 02 01 FF 03 06 
[2019-11-08 11:51:21]G:: D0 05 02 01 FF 03 07 
[2019-11-08 11:51:21]G:: D0 05 02 01 FF 03 06 
[2019-11-08 11:51:21]G:: D0 05 02 01 FF 03 07 
[2019-11-08 11:51:21]G:: D0 05 02 01 FF 03 06 
[2019-11-08 11:51:21]G:: D0 05 02 01 FF 03 07 
[2019-11-08 11:51:21]G:: D0 05 02 01 FF 03 06 
[2019-11-08 11:51:21]G:: D0 05 02 01 FF 03 07 
[2019-11-08 11:51:22]G:: D0 05 02 01 FF 03 06 
[2019-11-08 11:51:22]G:: D0 05 02 01 FF 03 07 
[2019-11-08 11:51:22]G:: D0 05 02 01 FF 03 06 
[2019-11-08 11:51:22]G:: D0 05 02 01 FF 03 07 
[2019-11-08 11:51:22]G:: D0 05 02 01 FF 03 06 
[2019-11-08 11:51:22]G:: D0 05 02 01 FF 03 07 
[2019-11-08 11:51:22]G:: D0 05 02 01 FF 03 06 
[2019-11-08 11:51:22]G:: D0 05 02 01 FF 03 07 
[2019-11-08 11:51:22]G:: D0 05 02 01 FF 03 06 
[2019-11-08 11:51:22]G:: D0 05 02 01 FF 03 07 
[2019-11-08 11:51:22]G:: D0 05 02 01 FF 03 06 
[2019-11-08 11:51:23]G:: D0 09 00 00 03 AA 00 00 
[2019-11-08 11:51:23]G:: D0 0B 03 07 FF FF FF FF 00 00 
[2019-11-08 11:51:23]G:: D0 05 02 01 FF 03 06 
[2019-11-08 11:51:23]G:: D0 05 02 01 FF 03 06 
[2019-11-08 11:51:23]G:: D0 05 02 01 FF 03 07 
[2019-11-08 11:51:24]G:: D0 05 02 01 FF 03 06 
[2019-11-08 11:51:24]G:: D0 05 02 01 FF 03 07 
[2019-11-08 11:51:24]G:: D0 05 02 01 FF 03 06 
[2019-11-08 11:51:24]G:: D0 05 02 01 FF 03 07 
[2019-11-08 11:51:24]G:: D0 05 02 01 FF 03 06 
[2019-11-08 11:51:24]G:: D0 05 02 01 FF 03 07 
[2019-11-08 11:51:24]G:: D0 05 02 01 FF 03 06 
[2019-11-08 11:51:24]G:: D0 05 02 01 FF 03 07 
[2019-11-08 11:51:24]G:: D0 05 02 01 FF 03 06 
[2019-11-08 11:51:24]G:: D0 05 02 01 FF 03 07 
[2019-11-08 11:51:24]G:: D0 05 02 01 FF 03 06 
[2019-11-08 11:51:24]G:: D0 05 02 01 FF 03 07 
[2019-11-08 11:51:24]G:: D0 05 02 01 FF 03 06 
[2019-11-08 11:51:24]G:: D0 05 02 01 FF 03 07 
[2019-11-08 11:51:24]G:: D0 05 02 01 FF 03 06 
[2019-11-08 11:51:24]G:: D0 05 02 01 FF 03 07 
[2019-11-08 11:51:24]G:: D0 05 02 01 FF 03 06 
[2019-11-08 11:51:24]G:: D0 05 02 01 FF 03 07 
[2019-11-08 11:51:24]G:: D0 05 02 01 FF 03 06 
[2019-11-08 11:51:24]G:: D0 05 02 01 FF 03 07 
[2019-11-08 11:51:24]G:: D0 05 02 01 FF 03 06 
[2019-11-08 11:51:25]G:: D0 05 02 01 FF 03 07 
[2019-11-08 11:51:25]G:: D0 05 02 01 FF 03 06 
[2019-11-08 11:51:26]G:: D0 05 02 01 FF 03 07 
[2019-11-08 11:51:26]G:: D0 05 02 01 FF 03 06 
[2019-11-08 11:51:26]G:: D0 05 02 01 FF 03 07 
[2019-11-08 11:51:26]G:: D0 05 02 01 FF 03 06 
[2019-11-08 11:51:26]G:: D0 05 02 01 FF 03 07 
[2019-11-08 11:51:26]G:: D0 05 02 01 FF 03 06 
[2019-11-08 11:51:26]G:: D0 05 02 01 FF 03 07 
[2019-11-08 11:51:26]G:: D0 05 02 01 FF 03 06 
[2019-11-08 11:51:26]G:: D0 05 02 01 FF 03 07 
[2019-11-08 11:51:26]G:: D0 05 02 01 FF 03 06 
[2019-11-08 11:51:26]G:: D0 05 02 01 FF 03 07 
[2019-11-08 11:51:26]G:: D0 05 02 01 FF 03 06 
[2019-11-08 11:51:26]G:: D0 05 02 01 FF 03 07 
[2019-11-08 11:51:26]G:: D0 05 02 01 FF 03 06 
[2019-11-08 11:51:26]G:: D0 05 02 01 FF 03 07 
[2019-11-08 11:51:26]G:: D0 05 02 01 FF 03 06 
[2019-11-08 11:51:26]G:: D0 05 02 01 FF 03 07 
[2019-11-08 11:51:26]G:: D0 05 02 01 FF 03 06 
[2019-11-08 11:51:26]G:: D0 05 02 01 FF 03 07 
[2019-11-08 11:51:26]G:: D0 05 02 01 FF 03 06 
[2019-11-08 11:51:26]G:: D0 05 02 01 FF 03 07 
[2019-11-08 11:51:26]G:: D0 05 02 01 FF 03 06 
[2019-11-08 11:51:26]G:: D0 05 02 01 FF 03 07 
[2019-11-08 11:51:26]G:: D0 05 02 01 FF 03 06 
[2019-11-08 11:51:26]G:: D0 05 02 01 FF 03 06 
[2019-11-08 11:51:26]G:: D0 05 02 01 FF 03 06 
[2019-11-08 11:51:26]G:: D0 05 02 01 FF 03 07 
[2019-11-08 11:51:26]G:: D0 05 02 01 FF 03 06 
[2019-11-08 11:51:26]G:: D0 05 02 01 FF 03 07 
[2019-11-08 11:51:26]G:: D0 05 02 01 FF 03 06 
[2019-11-08 11:51:26]G:: D0 05 02 01 FF 03 07 
[2019-11-08 11:51:26]G:: D0 05 02 01 FF 03 06 
[2019-11-08 11:51:26]G:: D0 05 02 01 FF 03 07 
[2019-11-08 11:51:26]G:: D0 05 02 01 FF 03 06 
[2019-11-08 11:51:26]G:: D0 05 02 01 FF 03 07 
[2019-11-08 11:51:26]G:: D0 05 02 01 FF 03 06 
[2019-11-08 11:51:26]G:: D0 05 02 01 FF 03 07 
[2019-11-08 11:51:26]G:: D0 05 02 01 FF 03 06 
[2019-11-08 11:51:26]G:: D0 05 02 01 FF 03 07 
[2019-11-08 11:51:26]G:: D0 05 02 01 FF 03 06 
[2019-11-08 11:51:26]G:: D0 05 02 01 FF 03 07 
[2019-11-08 11:51:26]G:: D0 05 02 01 FF 03 06 
[2019-11-08 11:51:26]G:: D0 05 02 01 FF 03 07 
[2019-11-08 11:51:26]G:: D0 05 02 01 FF 03 06 
[2019-11-08 11:51:26]G:: D0 05 02 01 FF 03 07 
[2019-11-08 11:51:26]G:: D0 05 02 01 FF 03 06 
[2019-11-08 11:51:45]G:: D0 09 00 00 03 BD 00 00 
[2019-11-08 11:51:45]G:: D0 0B 03 07 FF FF FF FF 00 00 
[2019-11-08 11:51:45]G:: D0 05 02 01 FF 03 07 
[2019-11-08 11:51:45]G:: D0 05 02 01 FF 03 06 
[2019-11-08 11:51:45]G:: D0 05 02 01 FF 03 07 
[2019-11-08 11:51:45]G:: D0 05 02 01 FF 03 06 
[2019-11-08 11:51:45]G:: D0 05 02 01 FF 03 07 
[2019-11-08 11:51:46]G:: D0 05 02 01 FF 03 06 
[2019-11-08 11:51:46]G:: D0 05 02 01 FF 03 07 
[2019-11-08 11:51:46]G:: D0 05 02 01 FF 03 06 
[2019-11-08 11:51:46]G:: D0 05 02 01 FF 03 07 
[2019-11-08 11:51:46]G:: D0 05 02 01 FF 03 06 
[2019-11-08 11:51:46]G:: D0 05 02 01 FF 03 07 
[2019-11-08 11:51:46]G:: D0 05 02 01 FF 03 06 
[2019-11-08 11:51:46]G:: D0 05 02 01 FF 03 07 
[2019-11-08 11:51:46]G:: D0 05 02 01 FF 03 06 
[2019-11-08 11:51:46]G:: D0 05 02 01 FF 03 07 
[2019-11-08 11:51:46]G:: D0 05 02 01 FF 03 06 
[2019-11-08 11:51:50]G:: D0 09 00 00 03 A5 00 00 
[2019-11-08 11:51:50]G:: D0 0B 03 07 FF FF FF FF 00 00 
[2019-11-08 11:51:50]G:: D0 05 02 01 FF 03 07 
[2019-11-08 11:51:50]G:: D0 05 02 01 FF 03 06 
[2019-11-08 11:51:50]G:: D0 05 02 01 FF 03 07 
[2019-11-08 11:51:51]G:: D0 05 02 01 FF 03 06 
[2019-11-08 11:51:51]G:: D0 05 02 01 FF 03 07 
[2019-11-08 11:51:51]G:: D0 05 02 01 FF 03 06 
[2019-11-08 11:51:51]G:: D0 05 02 01 FF 03 07 
[2019-11-08 11:51:51]G:: D0 05 02 01 FF 03 06 
[2019-11-08 11:51:51]G:: D0 05 02 01 FF 03 07 
[2019-11-08 11:51:51]G:: D0 05 02 01 FF 03 06 
[2019-11-08 11:51:51]G:: D0 05 02 01 FF 03 07 
[2019-11-08 11:51:51]G:: D0 05 02 01 FF 03 06 
[2019-11-08 11:51:51]G:: D0 05 02 01 FF 03 07 
[2019-11-08 11:51:51]G:: D0 05 02 01 FF 03 06 
[2019-11-08 11:51:51]G:: D0 05 02 01 FF 03 07 
[2019-11-08 11:51:51]G:: D0 05 02 01 FF 03 06 
[2019-11-08 11:51:51]G:: D0 05 02 01 FF 03 07 
[2019-11-08 11:51:51]G:: D0 05 02 01 FF 03 06 
[2019-11-08 11:51:51]G:: D0 05 02 01 FF 03 07 
[2019-11-08 11:51:51]G:: D0 05 02 01 FF 03 06 
[2019-11-08 11:51:51]G:: D0 05 02 01 FF 03 07 
[2019-11-08 11:51:51]G:: D0 05 02 01 FF 03 06 
[2019-11-08 11:51:51]G:: D0 05 02 01 FF 03 07 
[2019-11-08 11:51:51]G:: D0 05 02 01 FF 03 06 
[2019-11-08 11:51:51]G:: D0 05 02 01 FF 03 07 
[2019-11-08 11:51:51]G:: D0 05 02 01 FF 03 06 
[2019-11-08 11:51:51]G:: D0 05 02 01 FF 03 07 
[2019-11-08 11:51:51]G:: D0 05 02 01 FF 03 06 
[2019-11-08 11:51:53]G:: D0 05 02 01 FF 03 07 
[2019-11-08 11:51:53]G:: D0 05 02 01 FF 03 06 
[2019-11-08 11:51:53]G:: D0 05 02 01 FF 03 07 
[2019-11-08 11:51:53]G:: D0 05 02 01 FF 03 06 
[2019-11-08 11:51:53]G:: D0 05 02 01 FF 03 07 
[2019-11-08 11:51:53]G:: D0 05 02 01 FF 03 06 
[2019-11-08 11:51:53]G:: D0 05 02 01 FF 03 07 
[2019-11-08 11:51:53]G:: D0 05 02 01 FF 03 06 
[2019-11-08 11:51:53]G:: D0 05 02 01 FF 03 07 
[2019-11-08 11:51:53]G:: D0 05 02 01 FF 03 06 
[2019-11-08 11:51:53]G:: D0 05 02 01 FF 03 07 
[2019-11-08 11:51:53]G:: D0 05 02 01 FF 03 06 
[2019-11-08 11:51:53]G:: D0 05 02 01 FF 03 07 
[2019-11-08 11:51:53]G:: D0 05 02 01 FF 03 06 
[2019-11-08 11:51:53]G:: D0 05 02 01 FF 03 07 
[2019-11-08 11:51:53]G:: D0 05 02 01 FF 03 06 
[2019-11-08 11:51:53]G:: D0 05 02 01 FF 03 07 
[2019-11-08 11:51:53]G:: D0 05 02 01 FF 03 06 
[2019-11-08 11:51:53]G:: D0 05 02 01 FF 03 07 
[2019-11-08 11:51:53]G:: D0 05 02 01 FF 03 06 
[2019-11-08 11:51:53]G:: D0 05 02 01 FF 03 07 
[2019-11-08 11:51:53]G:: D0 05 02 01 FF 03 06 
[2019-11-08 11:51:55]G:: D0 05 02 01 FF 03 07 
[2019-11-08 11:51:55]G:: D0 05 02 01 FF 03 06 
[2019-11-08 11:51:55]G:: D0 09 00 00 03 91 00 00 
[2019-11-08 11:51:55]G:: D0 0B 03 08 FF FF FF FF 00 00 
[2019-11-08 11:51:55]G:: D0 05 02 01 FF 03 07 
[2019-11-08 11:51:55]G:: D0 05 02 01 FF 03 06 
[2019-11-08 11:51:55]G:: D0 05 02 01 FF 03 07 
[2019-11-08 11:51:55]G:: D0 05 02 01 FF 03 06 
[2019-11-08 11:51:55]G:: D0 05 02 01 FF 03 07 
[2019-11-08 11:51:55]G:: D0 05 02 01 FF 03 06 
[2019-11-08 11:51:55]G:: D0 05 02 01 FF 03 07 
[2019-11-08 11:51:55]G:: D0 05 02 01 FF 03 06 
[2019-11-08 11:51:55]G:: D0 05 02 01 FF 03 07 
[2019-11-08 11:51:55]G:: D0 05 02 01 FF 03 06 
[2019-11-08 11:51:55]G:: D0 05 02 01 FF 03 07 
[2019-11-08 11:51:55]G:: D0 05 02 01 FF 03 06 
[2019-11-08 11:51:55]G:: D0 05 02 01 FF 03 07 
[2019-11-08 11:51:55]G:: D0 05 02 01 FF 03 06 
[2019-11-08 11:51:55]G:: D0 05 02 01 FF 03 07 
[2019-11-08 11:51:55]G:: D0 05 02 01 FF 03 06 
[2019-11-08 11:51:55]G:: D0 05 02 01 FF 03 07 
[2019-11-08 11:51:55]G:: D0 05 02 01 FF 03 06 
[2019-11-08 11:51:58]G:: D0 05 02 01 FF 03 07 
[2019-11-08 11:51:58]G:: D0 05 02 01 FF 03 06 
[2019-11-08 11:51:58]G:: D0 05 02 01 FF 03 07 
[2019-11-08 11:51:58]G:: D0 05 02 01 FF 03 06 
[2019-11-08 11:51:58]G:: D0 05 02 01 FF 03 07 
[2019-11-08 11:51:58]G:: D0 05 02 01 FF 03 06 
[2019-11-08 11:51:58]G:: D0 05 02 01 FF 03 07 
[2019-11-08 11:51:58]G:: D0 05 02 01 FF 03 06 
[2019-11-08 11:51:58]G:: D0 05 02 01 FF 03 07 
[2019-11-08 11:51:58]G:: D0 05 02 01 FF 03 06 
[2019-11-08 11:51:58]G:: D0 05 02 01 FF 03 07 
[2019-11-08 11:51:58]G:: D0 05 02 01 FF 03 06 
[2019-11-08 11:51:58]G:: D0 05 02 01 FF 03 07 
[2019-11-08 11:51:58]G:: D0 05 02 01 FF 03 06 
[2019-11-08 11:51:58]G:: D0 05 02 01 FF 03 07 
[2019-11-08 11:51:58]G:: D0 05 02 01 FF 03 06 
[2019-11-08 11:52:00]G:: D0 09 00 00 03 9B 00 00 
[2019-11-08 11:52:00]G:: D0 0B 03 07 FF FF FF FF 00 00 
[2019-11-08 11:52:01]G:: D0 05 02 01 FF 03 07 
[2019-11-08 11:52:01]G:: D0 05 02 01 FF 03 06 
[2019-11-08 11:52:03]G:: D0 05 02 01 FF 03 07 
[2019-11-08 11:52:03]G:: D0 05 02 01 FF 03 06 
[2019-11-08 11:52:03]G:: D0 05 02 01 FF 03 07 
[2019-11-08 11:52:03]G:: D0 05 02 01 FF 03 06 
[2019-11-08 11:52:04]G:: D0 05 02 01 FF 03 07 
[2019-11-08 11:52:04]G:: D0 05 02 01 FF 03 06 
[2019-11-08 11:52:05]G:: D0 09 00 00 03 A0 00 00 
[2019-11-08 11:52:05]G:: D0 0B 03 07 FF FF FF FF 00 00 
[2019-11-08 11:52:06]G:: D0 05 02 01 FF 03 07 
[2019-11-08 11:52:06]G:: D0 05 02 01 FF 03 06 
[2019-11-08 11:52:06]G:: D0 05 02 01 FF 03 07 
[2019-11-08 11:52:06]G:: D0 05 02 01 FF 03 06 
[2019-11-08 11:52:06]G:: D0 05 02 01 FF 03 07 
[2019-11-08 11:52:06]G:: D0 05 02 01 FF 03 06 
[2019-11-08 11:52:06]G:: D0 05 02 01 FF 03 07 
[2019-11-08 11:52:06]G:: D0 05 02 01 FF 03 06 
[2019-11-08 11:52:06]G:: D0 05 02 01 FF 03 06 
[2019-11-08 11:52:06]G:: D0 05 02 01 FF 03 06 
[2019-11-08 11:52:06]G:: D0 05 02 01 FF 03 07 
[2019-11-08 11:52:06]G:: D0 05 02 01 FF 03 06 
[2019-11-08 11:52:06]G:: D0 05 02 01 FF 03 07 
[2019-11-08 11:52:06]G:: D0 05 02 01 FF 03 06 
[2019-11-08 11:52:06]G:: D0 05 02 01 FF 03 07 
[2019-11-08 11:52:06]G:: D0 05 02 01 FF 03 06 
[2019-11-08 11:52:06]G:: D0 05 02 01 FF 03 07 
[2019-11-08 11:52:06]G:: D0 05 02 01 FF 03 06 
[2019-11-08 11:52:06]G:: D0 05 02 01 FF 03 07 
[2019-11-08 11:52:06]G:: D0 05 02 01 FF 03 06 
[2019-11-08 11:52:06]G:: D0 05 02 01 FF 03 07 
[2019-11-08 11:52:06]G:: D0 05 02 01 FF 03 06 
[2019-11-08 11:52:10]G:: D0 09 00 00 03 92 00 00 
[2019-11-08 11:52:10]G:: D0 0B 03 07 FF FF FF FF 00 00 
[2019-11-08 11:52:15]G:: D0 09 00 00 03 7A 00 00 
[2019-11-08 11:52:15]G:: D0 0B 03 07 FF FF FF FF 00 00 
[2019-11-08 11:52:20]G:: D0 09 00 00 03 7D 00 00 
[2019-11-08 11:52:20]G:: D0 0B 03 07 FF FF FF FF 00 00 
[2019-11-08 11:52:25]G:: D0 09 00 00 03 86 00 00 
[2019-11-08 11:52:25]G:: D0 0B 03 08 FF FF FF FF 00 00 
[2019-11-08 11:52:30]G:: D0 09 00 00 03 73 00 00 
[2019-11-08 11:52:30]G:: D0 0B 03 07 FF FF FF FF 00 00 
[2019-11-08 11:52:30]G:: D0 05 02 01 FF 03 07 
[2019-11-08 11:52:30]G:: D0 05 02 01 FF 03 06 
[2019-11-08 11:52:30]G:: D0 05 02 01 FF 03 07 
[2019-11-08 11:52:30]G:: D0 05 02 01 FF 03 06 
[2019-11-08 11:52:35]G:: D0 09 00 00 03 84 00 00 
[2019-11-08 11:52:35]G:: D0 0B 03 07 FF FF FF FF 00 00 
[2019-11-08 11:52:40]G:: D0 09 00 00 03 84 00 00 
[2019-11-08 11:52:40]G:: D0 0B 03 08 FF FF FF FF 00 00 
[2019-11-08 11:52:45]G:: D0 09 00 00 03 83 00 00 
[2019-11-08 11:52:45]G:: D0 0B 03 07 FF FF FF FF 00 00 
[2019-11-08 11:52:50]G:: D0 09 00 00 03 77 00 00 
[2019-11-08 11:52:50]G:: D0 0B 03 07 FF FF FF FF 00 00 
[2019-11-08 11:52:55]G:: D0 09 00 00 03 86 00 00 
[2019-11-08 11:52:55]G:: D0 0B 03 07 FF FF FF FF 00 00 
[2019-11-08 11:53:00]G:: D0 09 00 00 03 82 00 00 
[2019-11-08 11:53:00]G:: D0 0B 03 07 FF FF FF FF 00 00 
[2019-11-08 11:53:05]G:: D0 09 00 00 03 85 00 00 
[2019-11-08 11:53:05]G:: D0 0B 03 07 FF FF FF FF 00 00 
[2019-11-08 11:53:10]G:: D0 09 00 00 03 8A 00 00 
[2019-11-08 11:53:10]G:: D0 0B 03 07 FF FF FF FF 00 00 
[2019-11-08 11:53:15]G:: D0 09 00 00 03 8D 00 00 
[2019-11-08 11:53:15]G:: D0 0B 03 07 FF FF FF FF 00 00 
[2019-11-08 11:53:20]G:: D0 09 00 00 03 73 00 00 
[2019-11-08 11:53:20]G:: D0 0B 03 07 FF FF FF FF 00 00 
[2019-11-08 11:53:25]G:: D0 09 00 00 03 83 00 00 
[2019-11-08 11:53:30]G:: D0 09 00 00 03 8A 00 00 
[2019-11-08 11:53:30]G:: D0 0B 03 08 FF FF FF FF 00 00 
[2019-11-08 11:53:35]G:: D0 09 00 00 03 7A 00 00 
[2019-11-08 11:53:35]G:: D0 0B 03 07 FF FF FF FF 00 00 
[2019-11-08 11:53:40]G:: D0 09 00 00 03 87 00 00 
[2019-11-08 11:53:40]G:: D0 0B 03 07 FF FF FF FF 00 00 
[2019-11-08 11:53:45]G:: D0 09 00 00 03 89 00 00 
[2019-11-08 11:53:45]G:: D0 0B 03 08 FF FF FF FF 00 00 
[2019-11-08 11:53:50]G:: D0 09 00 00 03 86 00 00 
[2019-11-08 11:53:50]G:: D0 0B 03 07 FF FF FF FF 00 00 
[2019-11-08 11:53:55]G:: D0 09 00 00 03 85 00 00 
[2019-11-08 11:53:55]G:: D0 0B 03 07 FF FF FF FF 00 00 
[2019-11-08 11:54:00]G:: D0 09 00 00 03 84 00 00 
[2019-11-08 11:54:00]G:: D0 0B 03 07 FF FF FF FF 00 00 
[2019-11-08 11:54:05]G:: D0 09 00 00 03 85 00 00 
[2019-11-08 11:54:05]G:: D0 0B 03 07 FF FF FF FF 00 00 
[2019-11-08 11:54:10]G:: D0 09 00 00 03 80 00 00 
[2019-11-08 11:54:10]G:: D0 0B 03 07 FF FF FF FF 00 00 
[2019-11-08 11:54:15]G:: D0 09 00 00 03 86 00 00 
[2019-11-08 11:54:15]G:: D0 0B 03 07 FF FF FF FF 00 00 
[2019-11-08 11:54:20]G:: D0 09 00 00 03 7F 00 00 
[2019-11-08 11:54:20]G:: D0 0B 03 07 FF FF FF FF 00 00 
[2019-11-08 11:54:25]G:: D0 09 00 00 03 90 00 00 
[2019-11-08 11:54:25]G:: D0 0B 03 07 FF FF FF FF 00 00 
[2019-11-08 11:54:30]G:: D0 09 00 00 03 88 00 00 
[2019-11-08 11:54:35]G:: D0 09 00 00 03 89 00 00 
[2019-11-08 11:54:35]G:: D0 0B 03 07 FF FF FF FF 00 00 
[2019-11-08 11:54:40]G:: D0 09 00 00 03 89 00 00 
[2019-11-08 11:54:40]G:: D0 0B 03 07 FF FF FF FF 00 00 
[2019-11-08 11:54:45]G:: D0 09 00 00 03 85 00 00 
[2019-11-08 11:54:45]G:: D0 0B 03 09 FF FF FF FF 00 00 
[2019-11-08 11:54:50]G:: D0 09 00 00 03 82 00 00 
[2019-11-08 11:54:55]G:: D0 09 00 00 03 7A 00 00 
[2019-11-08 11:55:00]G:: D0 09 00 00 03 7E 00 00 
[2019-11-08 11:55:05]G:: D0 09 00 00 03 87 00 00 
[2019-11-08 11:55:10]G:: D0 09 00 00 03 73 00 00 
[2019-11-08 11:55:15]G:: D0 09 00 00 03 6D 00 00 
[2019-11-08 11:55:20]G:: D0 09 00 00 03 7A 00 00 
[2019-11-08 11:55:25]G:: D0 09 00 00 03 71 00 00 
[2019-11-08 11:55:30]G:: D0 09 00 00 03 70 00 00 
[2019-11-08 11:55:35]G:: D0 09 00 00 03 64 00 00 
[2019-11-08 11:55:40]G:: D0 09 00 00 03 67 00 00 
[2019-11-08 11:55:45]G:: D0 09 00 00 03 63 00 00 
[2019-11-08 11:55:50]G:: D0 09 00 00 03 5C 00 00 
[2019-11-08 11:55:55]G:: D0 09 00 00 03 5D 00 00 
[2019-11-08 11:56:00]G:: D0 09 00 00 03 59 00 00 
[2019-11-08 11:56:05]G:: D0 09 00 00 03 59 00 00 
[2019-11-08 11:56:10]G:: D0 09 00 00 03 5B 00 00 
[2019-11-08 11:56:15]G:: D0 09 00 00 03 51 00 00 
[2019-11-08 11:56:20]G:: D0 09 00 00 03 5C 00 00 
[2019-11-08 11:56:25]G:: D0 09 00 00 03 5C 00 00 
[2019-11-08 11:56:30]G:: D0 09 00 00 03 4D 00 00 
[2019-11-08 11:56:35]G:: D0 09 00 00 03 43 00 00 
[2019-11-08 11:56:40]G:: D0 09 00 00 03 4C 00 00 
[2019-11-08 11:56:45]G:: D0 09 00 00 03 47 00 00 
[2019-11-08 11:56:50]G:: D0 09 00 00 03 2F 00 00 
[2019-11-08 11:56:55]G:: D0 09 00 00 03 3D 00 00 
[2019-11-08 11:57:00]G:: D0 09 00 00 03 45 00 00 
[2019-11-08 11:57:05]G:: D0 09 00 00 03 2E 00 00 
[2019-11-08 11:57:08]G:: D0 02 00 05 FF 02 B2 80 D2 00 00 
[2019-11-08 11:57:10]G:: D0 09 00 00 03 36 00 00 
[2019-11-08 11:57:10]G:: D0 02 00 05 FF 02 AD 80 D2 00 00 
[2019-11-08 11:57:11]G:: D0 02 00 05 FF 02 B2 80 D2 00 00 
[2019-11-08 11:57:11]G:: D0 02 00 05 FF 02 AD 80 D2 00 00 
[2019-11-08 11:57:15]G:: D0 09 00 00 03 2D 00 00 
[2019-11-08 11:57:18]G:: D0 02 00 05 FF 02 B2 80 D2 00 00 
[2019-11-08 11:57:20]G:: D0 09 00 00 03 38 00 00 
[2019-11-08 11:57:20]G:: D0 02 00 05 FF 02 AD 80 D2 00 00 
[2019-11-08 11:57:22]G:: D0 02 00 05 FF 02 B2 80 D2 00 00 
[2019-11-08 11:57:24]G:: D0 02 00 05 FF 02 AD 80 D2 00 00 
[2019-11-08 11:57:25]G:: D0 09 00 00 03 34 00 00 
[2019-11-08 11:57:25]G:: D0 02 00 05 FF 02 B2 80 D2 00 00 
[2019-11-08 11:57:30]G:: D0 09 00 00 03 2F 00 00 
[2019-11-08 11:57:30]G:: D0 0B 03 08 FF FF FF FF 00 00 
[2019-11-08 11:57:35]G:: D0 09 00 00 03 33 00 00 
[2019-11-08 11:57:40]G:: D0 09 00 00 03 3A 00 00 
[2019-11-08 11:57:45]G:: D0 09 00 00 03 2D 00 00 
[2019-11-08 11:57:50]G:: D0 09 00 00 03 30 00 00 
[2019-11-08 11:57:55]G:: D0 09 00 00 03 1A 00 00 
[2019-11-08 11:58:00]G:: D0 09 00 00 03 26 00 00 
[2019-11-08 11:58:01]G:: D0 05 02 01 FF 03 05 
[2019-11-08 11:58:01]G:: D0 05 02 01 FF 03 06 
[2019-11-08 11:58:05]G:: D0 09 00 00 03 1A 00 00 
[2019-11-08 11:58:05]G:: D0 05 02 01 FF 03 05 
[2019-11-08 11:58:05]G:: D0 05 02 01 FF 03 06 
[2019-11-08 11:58:10]G:: D0 09 00 00 03 1E 00 00 
[2019-11-08 11:58:15]G:: D0 09 00 00 03 21 00 00 
[2019-11-08 11:58:15]G:: D0 08 00 1E 03 E9 00 00 00 00 00 00 
[2019-11-08 11:58:15]G:: D0 01 41 00 00 
[2019-11-08 11:58:15]G:: D0 05 02 02 FF 03 05 
[2019-11-08 11:58:15]G:: D0 05 02 02 FF 03 05 
[2019-11-08 11:58:15]G:: D0 05 02 02 FF 03 02 
[2019-11-08 11:58:15]G:: D0 05 02 02 FF 03 00 
[2019-11-08 11:58:15]G:: D0 05 01 02 FF 03 00 
[2019-11-08 11:58:15]G:: D0 05 00 02 FF 03 00 
[2019-11-08 11:58:16]G:: D0 0A 01 2F 00 00 00 01 86 DC 2C FF FF 00 85 
[2019-11-08 11:58:16]G:: D0 03 04 64 04 64 00 64 00 64 03 64 
[2019-11-08 11:58:16]G:: D0 03 03 64 03 64 00 64 00 64 03 64 
[2019-11-08 11:58:17]G:: D0 03 03 64 03 64 04 64 04 64 03 64 
[2019-11-08 11:58:17]G:: D0 03 03 64 03 64 03 64 03 64 03 64 
[2019-11-08 11:58:18]G:: D0 0A 01 2F 00 00 00 01 86 DC 2C FF FF 00 80 
[2019-11-08 11:58:18]G:: D0 03 01 64 01 64 03 64 03 64 03 64 
[2019-11-08 11:58:19]G:: D0 01 40 00 00 
[2019-11-08 11:58:19]G:: D0 03 01 64 01 64 01 64 01 64 03 64 
[2019-11-08 11:58:20]G:: D0 09 00 00 01 70 00 00 
[2019-11-08 11:58:44]G:: D0 05 02 02 FF 03 00 
[2019-11-08 11:58:44]G:: D0 02 00 05 FF 02 AD 80 D2 00 00 
[2019-11-08 11:58:44]G:: D0 08 00 00 01 2C 00 00 00 00 00 00 
[2019-11-08 11:58:44]G:: D0 01 C0 00 00 
[2019-11-08 11:58:44]G:: D0 05 02 02 FF 03 00 
[2019-11-08 11:58:44]G:: D0 05 02 02 FF 03 0A 
[2019-11-08 11:58:45]G:: D0 03 04 64 04 64 04 64 04 64 03 64 
[2019-11-08 11:58:45]G:: D0 09 00 00 00 00 00 00 
[2019-11-08 11:58:45]G:: D0 0B 03 0C FF FF FF FF 00 00 
[2019-11-08 11:58:45]G:: D0 05 02 02 FF 03 09 
[2019-11-08 11:58:45]G:: D0 05 02 02 FF 03 06 
[2019-11-08 11:58:45]G:: D0 05 02 02 FF 03 03 
[2019-11-08 11:58:45]G:: D0 05 02 02 FF 03 02 
[2019-11-08 11:58:45]G:: D0 05 02 02 FF 03 01 
[2019-11-08 11:58:45]G:: D0 05 02 02 FF 03 02 
[2019-11-08 11:58:45]G:: D0 05 02 02 FF 03 0A 
[2019-11-08 11:58:45]G:: D0 05 02 02 FF 03 14 
[2019-11-08 11:58:45]G:: D0 05 02 02 FF 03 20 
[2019-11-08 11:58:45]G:: D0 05 02 02 FF 03 2A 
[2019-11-08 11:58:45]G:: D0 05 02 02 FF 03 31 
[2019-11-08 11:58:45]G:: D0 05 02 02 FF 03 33 
[2019-11-08 11:58:45]G:: D0 05 02 02 FF 03 32 
[2019-11-08 11:58:45]G:: D0 05 02 02 FF 03 30 
[2019-11-08 11:58:45]G:: D0 05 02 02 FF 03 2E 
[2019-11-08 11:58:45]G:: D0 05 02 02 FF 03 2A 
[2019-11-08 11:58:45]G:: D0 05 02 02 FF 03 27 
[2019-11-08 11:58:45]G:: D0 05 02 02 FF 03 24 
[2019-11-08 11:58:45]G:: D0 05 02 02 FF 03 22 
[2019-11-08 11:58:45]G:: D0 05 02 02 FF 03 20 
[2019-11-08 11:58:45]G:: D0 05 02 02 FF 03 1E 
[2019-11-08 11:58:45]G:: D0 05 02 02 FF 03 1A 
[2019-11-08 11:58:45]G:: D0 05 02 02 FF 03 17 
[2019-11-08 11:58:45]G:: D0 05 02 02 FF 03 16 
[2019-11-08 11:58:45]G:: D0 05 02 02 FF 03 14 
[2019-11-08 11:58:45]G:: D0 05 02 02 FF 03 10 
[2019-11-08 11:58:45]G:: D0 05 02 02 FF 03 0C 
[2019-11-08 11:58:45]G:: D0 05 02 02 FF 03 0B 
[2019-11-08 11:58:45]G:: D0 05 02 02 FF 03 0A 
[2019-11-08 11:58:45]G:: D0 05 02 02 FF 03 08 
[2019-11-08 11:58:45]G:: D0 05 02 02 FF 03 06 
[2019-11-08 11:58:45]G:: D0 05 02 02 FF 03 03 
[2019-11-08 11:58:45]G:: D0 05 02 02 FF 03 00 
[2019-11-08 11:58:45]G:: D0 05 02 02 FF 03 01 
[2019-11-08 11:58:45]G:: D0 05 02 02 FF 03 05 
[2019-11-08 11:58:45]G:: D0 05 02 02 FF 03 0A 
[2019-11-08 11:58:45]G:: D0 05 02 02 FF 03 0C 
[2019-11-08 11:58:45]G:: D0 05 02 02 FF 03 0A 
[2019-11-08 11:58:46]G:: D0 05 02 02 FF 03 0B 
[2019-11-08 11:58:46]G:: D0 05 02 02 FF 03 0A 
[2019-11-08 11:58:46]G:: D0 05 02 02 FF 03 0B 
[2019-11-08 11:58:46]G:: D0 05 02 02 FF 03 0A 
[2019-11-08 11:58:46]G:: D0 05 02 02 FF 03 0B 
[2019-11-08 11:58:46]G:: D0 05 02 02 FF 03 0A 
[2019-11-08 11:58:46]G:: D0 05 02 02 FF 03 0B 
[2019-11-08 11:58:46]G:: D0 05 02 02 FF 03 0A 
[2019-11-08 11:58:46]G:: D0 05 02 02 FF 03 0B 
[2019-11-08 11:58:46]G:: D0 05 02 02 FF 03 0A 
[2019-11-08 11:58:46]G:: D0 05 02 02 FF 03 0B 
[2019-11-08 11:58:46]G:: D0 05 02 02 FF 03 0A 
[2019-11-08 11:58:46]G:: D0 05 02 02 FF 03 0B 
[2019-11-08 11:58:46]G:: D0 05 02 02 FF 03 0A 
[2019-11-08 11:58:46]G:: D0 05 02 02 FF 03 0B 
[2019-11-08 11:58:46]G:: D0 05 02 02 FF 03 0A 
[2019-11-08 11:58:46]G:: D0 05 02 02 FF 03 0B 
[2019-11-08 11:58:47]G:: D0 08 00 00 03 E9 00 00 00 00 00 00 
[2019-11-08 11:58:47]G:: D0 05 02 02 FF 03 0A 
[2019-11-08 11:58:47]G:: D0 05 02 02 FF 03 0B 
[2019-11-08 11:58:48]G:: D0 05 02 02 FF 03 0A 
[2019-11-08 11:58:48]G:: D0 05 02 02 FF 03 0B 
[2019-11-08 11:58:49]G:: D0 05 02 02 FF 03 0A 
[2019-11-08 11:58:49]G:: D0 05 02 02 FF 03 0B 
[2019-11-08 11:58:50]G:: D0 0B 03 08 FF FF FF FF 00 00 
[2019-11-08 11:58:50]G:: D0 05 02 02 FF 03 0A 
[2019-11-08 11:58:50]G:: D0 02 00 05 FF 02 B2 80 D2 00 00 
[2019-11-08 11:58:53]G:: D0 03 01 64 01 64 01 64 01 64 03 64 
[2019-11-08 11:58:57]G:: D0 05 02 02 FF 03 0A 
[2019-11-08 11:58:57]G:: D0 05 00 02 FF 03 0A 
[2019-11-08 11:58:57]G:: D0 01 40 00 00 
[2019-11-08 11:58:58]G:: D0 0A 01 2F 00 00 00 01 86 DC 2C FF FF 00 7C 
[2019-11-08 12:00:12]G:: D0 03 06 64 06 64 06 64 06 64 03 64 
[2019-11-08 12:00:21]G:: D0 03 01 64 01 64 01 64 01 64 03 64 
[2019-11-08 12:00:23]G:: D0 03 06 64 06 64 06 64 06 64 03 64 
[2019-11-08 12:00:24]G:: D0 05 02 02 FF 03 0A 
[2019-11-08 12:00:24]G:: D0 01 C0 00 00 
[2019-11-08 12:00:24]G:: D0 02 00 05 FF 02 AD 80 D2 00 00 
[2019-11-08 12:00:24]G:: D0 03 04 64 04 64 04 64 04 64 03 64 
[2019-11-08 12:00:24]G:: D0 05 02 02 FF 03 00 
[2019-11-08 12:00:24]G:: D0 05 02 02 FF 03 00 
[2019-11-08 12:00:24]G:: D0 05 02 02 FF 03 0A 
[2019-11-08 12:00:24]G:: D0 05 02 02 FF 03 06 
[2019-11-08 12:00:24]G:: D0 05 02 02 FF 03 03 
[2019-11-08 12:00:24]G:: D0 05 02 02 FF 03 01 
[2019-11-08 12:00:25]G:: D0 05 02 02 FF 03 02 
[2019-11-08 12:00:25]G:: D0 05 02 02 FF 03 0A 
[2019-11-08 12:00:25]G:: D0 0B 03 0C FF FF FF FF 00 00 
[2019-11-08 12:00:25]G:: D0 05 02 02 FF 03 14 
[2019-11-08 12:00:25]G:: D0 05 02 02 FF 03 1F 
[2019-11-08 12:00:25]G:: D0 05 02 02 FF 03 2A 
[2019-11-08 12:00:25]G:: D0 05 02 02 FF 03 31 
[2019-11-08 12:00:25]G:: D0 05 02 02 FF 03 34 
[2019-11-08 12:00:25]G:: D0 05 02 02 FF 03 33 
[2019-11-08 12:00:25]G:: D0 05 02 02 FF 03 32 
[2019-11-08 12:00:25]G:: D0 05 02 02 FF 03 31 
[2019-11-08 12:00:25]G:: D0 05 02 02 FF 03 30 
[2019-11-08 12:00:25]G:: D0 05 02 02 FF 03 2E 
[2019-11-08 12:00:25]G:: D0 05 02 02 FF 03 2B 
[2019-11-08 12:00:25]G:: D0 05 02 02 FF 03 27 
[2019-11-08 12:00:25]G:: D0 05 02 02 FF 03 24 
[2019-11-08 12:00:25]G:: D0 05 02 02 FF 03 22 
[2019-11-08 12:00:25]G:: D0 05 02 02 FF 03 21 
[2019-11-08 12:00:25]G:: D0 05 02 02 FF 03 1E 
[2019-11-08 12:00:25]G:: D0 05 02 02 FF 03 1A 
[2019-11-08 12:00:25]G:: D0 05 02 02 FF 03 17 
[2019-11-08 12:00:25]G:: D0 05 02 02 FF 03 16 
[2019-11-08 12:00:25]G:: D0 05 02 02 FF 03 14 
[2019-11-08 12:00:25]G:: D0 05 02 02 FF 03 10 
[2019-11-08 12:00:25]G:: D0 05 02 02 FF 03 0D 
[2019-11-08 12:00:25]G:: D0 05 02 02 FF 03 0B 
[2019-11-08 12:00:25]G:: D0 05 02 02 FF 03 0A 
[2019-11-08 12:00:25]G:: D0 05 02 02 FF 03 08 
[2019-11-08 12:00:25]G:: D0 05 02 02 FF 03 06 
[2019-11-08 12:00:25]G:: D0 05 02 02 FF 03 03 
[2019-11-08 12:00:25]G:: D0 05 02 02 FF 03 00 
[2019-11-08 12:00:25]G:: D0 05 02 02 FF 03 01 
[2019-11-08 12:00:25]G:: D0 05 02 02 FF 03 04 
[2019-11-08 12:00:25]G:: D0 05 02 02 FF 03 09 
[2019-11-08 12:00:25]G:: D0 05 02 02 FF 03 0A 
[2019-11-08 12:00:26]G:: D0 05 02 02 FF 03 0B 
[2019-11-08 12:00:26]G:: D0 05 02 02 FF 03 0A 
[2019-11-08 12:00:26]G:: D0 05 02 02 FF 03 0B 
[2019-11-08 12:00:26]G:: D0 05 02 02 FF 03 0A 
[2019-11-08 12:00:26]G:: D0 05 02 02 FF 03 0B 
[2019-11-08 12:00:26]G:: D0 05 02 02 FF 03 0A 
[2019-11-08 12:00:26]G:: D0 05 02 02 FF 03 0B 
[2019-11-08 12:00:26]G:: D0 05 02 02 FF 03 0B 
[2019-11-08 12:00:26]G:: D0 05 02 02 FF 03 0B 
[2019-11-08 12:00:26]G:: D0 05 02 02 FF 03 0A 
[2019-11-08 12:00:26]G:: D0 05 02 02 FF 03 0B 
[2019-11-08 12:00:26]G:: D0 05 02 02 FF 03 0A 
[2019-11-08 12:00:26]G:: D0 05 02 02 FF 03 0B 
[2019-11-08 12:00:26]G:: D0 05 02 02 FF 03 0A 
[2019-11-08 12:00:26]G:: D0 05 02 02 FF 03 0B 
[2019-11-08 12:00:26]G:: D0 05 02 02 FF 03 0A 
[2019-11-08 12:00:26]G:: D0 05 02 02 FF 03 0B 
[2019-11-08 12:00:26]G:: D0 05 02 02 FF 03 0A 
[2019-11-08 12:00:26]G:: D0 05 02 02 FF 03 0B 
[2019-11-08 12:00:26]G:: D0 05 02 02 FF 03 0A 
[2019-11-08 12:00:26]G:: D0 05 02 02 FF 03 0B 
[2019-11-08 12:00:26]G:: D0 05 02 02 FF 03 0A 
[2019-11-08 12:00:26]G:: D0 05 02 02 FF 03 0B 
[2019-11-08 12:00:26]G:: D0 05 02 02 FF 03 0A 
[2019-11-08 12:00:26]G:: D0 05 02 02 FF 03 0B 
[2019-11-08 12:00:26]G:: D0 05 02 02 FF 03 0A 
[2019-11-08 12:00:26]G:: D0 05 02 02 FF 03 0B 
[2019-11-08 12:00:26]G:: D0 05 02 02 FF 03 0A 
[2019-11-08 12:00:26]G:: D0 05 02 02 FF 03 0B 
[2019-11-08 12:00:26]G:: D0 05 02 02 FF 03 0A 
[2019-11-08 12:00:26]G:: D0 05 02 02 FF 03 0B 
[2019-11-08 12:00:27]G:: D0 05 02 02 FF 03 0A 
[2019-11-08 12:00:27]G:: D0 05 02 02 FF 03 0B 
[2019-11-08 12:00:27]G:: D0 05 02 02 FF 03 0A 
[2019-11-08 12:00:27]G:: D0 05 02 02 FF 03 0B 
[2019-11-08 12:00:27]G:: D0 05 02 02 FF 03 0A 
[2019-11-08 12:00:27]G:: D0 05 02 02 FF 03 0B 
[2019-11-08 12:00:27]G:: D0 05 02 02 FF 03 0A 
[2019-11-08 12:00:27]G:: D0 05 02 02 FF 03 0B 
[2019-11-08 12:00:27]G:: D0 05 02 02 FF 03 0A 
[2019-11-08 12:00:27]G:: D0 05 02 02 FF 03 0B 
[2019-11-08 12:00:27]G:: D0 05 02 02 FF 03 0A 
[2019-11-08 12:00:27]G:: D0 05 02 02 FF 03 0B 
[2019-11-08 12:00:27]G:: D0 05 02 02 FF 03 0A 
[2019-11-08 12:00:27]G:: D0 05 02 02 FF 03 0B 
[2019-11-08 12:00:27]G:: D0 05 02 02 FF 03 0A 
[2019-11-08 12:00:27]G:: D0 05 02 02 FF 03 0B 
[2019-11-08 12:00:27]G:: D0 05 02 02 FF 03 0A 
[2019-11-08 12:00:27]G:: D0 05 02 02 FF 03 0B 
[2019-11-08 12:00:27]G:: D0 05 02 02 FF 03 0A 
[2019-11-08 12:00:27]G:: D0 05 02 02 FF 03 0B 
[2019-11-08 12:00:27]G:: D0 05 02 02 FF 03 0A 
[2019-11-08 12:00:27]G:: D0 05 02 02 FF 03 0B 
[2019-11-08 12:00:27]G:: D0 05 02 02 FF 03 0A 
[2019-11-08 12:00:27]G:: D0 05 02 02 FF 03 0B 
[2019-11-08 12:00:27]G:: D0 05 02 02 FF 03 0A 
[2019-11-08 12:00:27]G:: D0 05 02 02 FF 03 0B 
[2019-11-08 12:00:27]G:: D0 05 02 02 FF 03 0A 
[2019-11-08 12:00:27]G:: D0 05 02 02 FF 03 0B 
[2019-11-08 12:00:27]G:: D0 05 02 02 FF 03 0A 
[2019-11-08 12:00:27]G:: D0 05 02 02 FF 03 0B 
[2019-11-08 12:00:27]G:: D0 05 02 02 FF 03 0A 
[2019-11-08 12:00:27]G:: D0 05 02 02 FF 03 0B 
[2019-11-08 12:00:27]G:: D0 05 02 02 FF 03 0A 
[2019-11-08 12:00:27]G:: D0 05 02 02 FF 03 0B 
[2019-11-08 12:00:27]G:: D0 05 02 02 FF 03 0A 
[2019-11-08 12:00:27]G:: D0 05 02 02 FF 03 0B 
[2019-11-08 12:00:27]G:: D0 05 02 02 FF 03 0A 
[2019-11-08 12:00:27]G:: D0 05 02 02 FF 03 0B 
[2019-11-08 12:00:27]G:: D0 05 02 02 FF 03 0A 
[2019-11-08 12:00:27]G:: D0 05 02 02 FF 03 0B 
[2019-11-08 12:00:27]G:: D0 05 02 02 FF 03 0A 
[2019-11-08 12:00:27]G:: D0 05 02 02 FF 03 0B 
[2019-11-08 12:00:27]G:: D0 05 02 02 FF 03 0A 
[2019-11-08 12:00:27]G:: D0 05 02 02 FF 03 0B 
[2019-11-08 12:00:27]G:: D0 05 02 02 FF 03 0A 
[2019-11-08 12:00:27]G:: D0 05 02 02 FF 03 0B 
[2019-11-08 12:00:27]G:: D0 05 02 02 FF 03 0A 
[2019-11-08 12:00:27]G:: D0 05 02 02 FF 03 0B 
[2019-11-08 12:00:27]G:: D0 05 02 02 FF 03 0A 
[2019-11-08 12:00:27]G:: D0 05 02 02 FF 03 0B 
[2019-11-08 12:00:27]G:: D0 05 02 02 FF 03 0A 
[2019-11-08 12:00:27]G:: D0 05 02 02 FF 03 0B 
[2019-11-08 12:00:28]G:: D0 05 02 02 FF 03 0A 
[2019-11-08 12:00:28]G:: D0 05 02 02 FF 03 0B 
[2019-11-08 12:00:28]G:: D0 05 02 02 FF 03 0A 
[2019-11-08 12:00:28]G:: D0 05 02 02 FF 03 0A 
[2019-11-08 12:00:28]G:: D0 05 02 02 FF 03 0A 
[2019-11-08 12:00:28]G:: D0 05 02 02 FF 03 0B 
[2019-11-08 12:00:28]G:: D0 05 02 02 FF 03 0A 
[2019-11-08 12:00:28]G:: D0 05 02 02 FF 03 0B 
[2019-11-08 12:00:28]G:: D0 05 02 02 FF 03 0A 
[2019-11-08 12:00:28]G:: D0 05 02 02 FF 03 0B 
[2019-11-08 12:00:28]G:: D0 05 02 02 FF 03 0A 
[2019-11-08 12:00:28]G:: D0 05 02 02 FF 03 0B 
[2019-11-08 12:00:28]G:: D0 05 02 02 FF 03 0A 
[2019-11-08 12:00:28]G:: D0 05 02 02 FF 03 0B 
[2019-11-08 12:00:28]G:: D0 05 02 02 FF 03 0A 
[2019-11-08 12:00:28]G:: D0 05 02 02 FF 03 0B 
[2019-11-08 12:00:28]G:: D0 05 02 02 FF 03 0A 
[2019-11-08 12:00:28]G:: D0 05 02 02 FF 03 0B 
[2019-11-08 12:00:28]G:: D0 05 02 02 FF 03 0A 
[2019-11-08 12:00:28]G:: D0 05 02 02 FF 03 0B 
[2019-11-08 12:00:28]G:: D0 05 02 02 FF 03 0A 
[2019-11-08 12:00:28]G:: D0 05 02 02 FF 03 0B 
[2019-11-08 12:00:28]G:: D0 05 02 02 FF 03 0A 
[2019-11-08 12:00:28]G:: D0 05 02 02 FF 03 0B 
[2019-11-08 12:00:28]G:: D0 05 02 02 FF 03 0A 
[2019-11-08 12:00:28]G:: D0 05 02 02 FF 03 0B 
[2019-11-08 12:00:28]G:: D0 05 02 02 FF 03 0A 
[2019-11-08 12:00:28]G:: D0 05 02 02 FF 03 0B 
[2019-11-08 12:00:28]G:: D0 05 02 02 FF 03 0A 
[2019-11-08 12:00:28]G:: D0 05 02 02 FF 03 0B 
[2019-11-08 12:00:28]G:: D0 05 02 02 FF 03 0A 
[2019-11-08 12:00:28]G:: D0 05 02 02 FF 03 0B 
[2019-11-08 12:00:28]G:: D0 05 02 02 FF 03 0A 
[2019-11-08 12:00:28]G:: D0 05 02 02 FF 03 0B 
[2019-11-08 12:00:28]G:: D0 05 02 02 FF 03 0A 
[2019-11-08 12:00:28]G:: D0 05 02 02 FF 03 0B 
[2019-11-08 12:00:28]G:: D0 05 02 02 FF 03 0A 
[2019-11-08 12:00:28]G:: D0 05 02 02 FF 03 0B 
[2019-11-08 12:00:28]G:: D0 05 02 02 FF 03 0A 
[2019-11-08 12:00:28]G:: D0 05 02 02 FF 03 0B 
[2019-11-08 12:00:28]G:: D0 05 02 02 FF 03 0A 
[2019-11-08 12:00:28]G:: D0 05 02 02 FF 03 0B 
[2019-11-08 12:00:28]G:: D0 05 02 02 FF 03 0A 
[2019-11-08 12:00:28]G:: D0 05 02 02 FF 03 0B 
[2019-11-08 12:00:28]G:: D0 05 02 02 FF 03 0A 
[2019-11-08 12:00:28]G:: D0 05 02 02 FF 03 0B 
[2019-11-08 12:00:28]G:: D0 05 02 02 FF 03 0A 
[2019-11-08 12:00:28]G:: D0 05 02 02 FF 03 0B 
[2019-11-08 12:00:28]G:: D0 05 02 02 FF 03 0A 
[2019-11-08 12:00:28]G:: D0 05 02 02 FF 03 0B 
[2019-11-08 12:00:29]G:: D0 05 02 02 FF 03 0A 
[2019-11-08 12:00:29]G:: D0 05 02 02 FF 03 0B 
[2019-11-08 12:00:29]G:: D0 05 02 02 FF 03 0A 
[2019-11-08 12:00:29]G:: D0 05 02 02 FF 03 0B 
[2019-11-08 12:00:29]G:: D0 05 02 02 FF 03 0A 
[2019-11-08 12:00:29]G:: D0 05 02 02 FF 03 0B 
[2019-11-08 12:00:29]G:: D0 05 02 02 FF 03 0A 
[2019-11-08 12:00:29]G:: D0 05 02 02 FF 03 0B 
[2019-11-08 12:00:29]G:: D0 05 02 02 FF 03 0A 
[2019-11-08 12:00:29]G:: D0 05 02 02 FF 03 0B 
[2019-11-08 12:00:29]G:: D0 02 00 05 FF 02 B2 80 D2 00 00 
[2019-11-08 12:00:29]G:: D0 05 02 02 FF 03 0A 
[2019-11-08 12:00:29]G:: D0 05 02 02 FF 03 0B 
[2019-11-08 12:00:29]G:: D0 05 02 02 FF 03 0A 
[2019-11-08 12:00:29]G:: D0 05 02 02 FF 03 0B 
[2019-11-08 12:00:29]G:: D0 05 02 02 FF 03 0A 
[2019-11-08 12:00:29]G:: D0 05 02 02 FF 03 0B 
[2019-11-08 12:00:29]G:: D0 05 02 02 FF 03 0A 
[2019-11-08 12:00:29]G:: D0 05 02 02 FF 03 0B 
[2019-11-08 12:00:29]G:: D0 05 02 02 FF 03 0A 
[2019-11-08 12:00:29]G:: D0 05 02 02 FF 03 0B 
[2019-11-08 12:00:29]G:: D0 05 02 02 FF 03 0A 
[2019-11-08 12:00:29]G:: D0 05 02 02 FF 03 0B 
[2019-11-08 12:00:29]G:: D0 05 02 02 FF 03 0A 
[2019-11-08 12:00:29]G:: D0 05 02 02 FF 03 0B 
[2019-11-08 12:00:29]G:: D0 05 02 02 FF 03 0A 
[2019-11-08 12:00:29]G:: D0 05 02 02 FF 03 0B 
[2019-11-08 12:00:29]G:: D0 05 02 02 FF 03 0A 
[2019-11-08 12:00:29]G:: D0 05 02 02 FF 03 0B 
[2019-11-08 12:00:29]G:: D0 05 02 02 FF 03 0A 
[2019-11-08 12:00:29]G:: D0 05 02 02 FF 03 0B 
[2019-11-08 12:00:29]G:: D0 05 02 02 FF 03 0A 
[2019-11-08 12:00:29]G:: D0 05 02 02 FF 03 0B 
[2019-11-08 12:00:29]G:: D0 05 02 02 FF 03 0A 
[2019-11-08 12:00:29]G:: D0 05 02 02 FF 03 0B 
[2019-11-08 12:00:29]G:: D0 05 02 02 FF 03 0A 
[2019-11-08 12:00:29]G:: D0 05 02 02 FF 03 0B 
[2019-11-08 12:00:29]G:: D0 05 02 02 FF 03 0A 
[2019-11-08 12:00:29]G:: D0 05 02 02 FF 03 0B 
[2019-11-08 12:00:29]G:: D0 05 02 02 FF 03 0A 
[2019-11-08 12:00:29]G:: D0 05 02 02 FF 03 0B 
[2019-11-08 12:00:29]G:: D0 05 02 02 FF 03 0A 
[2019-11-08 12:00:29]G:: D0 05 02 02 FF 03 0B 
[2019-11-08 12:00:29]G:: D0 05 02 02 FF 03 0A 
[2019-11-08 12:00:29]G:: D0 05 02 02 FF 03 0B 
[2019-11-08 12:00:29]G:: D0 05 02 02 FF 03 0A 
[2019-11-08 12:00:29]G:: D0 05 02 02 FF 03 0B 
[2019-11-08 12:00:29]G:: D0 05 02 02 FF 03 0A 
[2019-11-08 12:00:30]G:: D0 0B 03 08 FF FF FF FF 00 00 
[2019-11-08 12:00:33]G:: D0 03 01 64 01 64 01 64 01 64 03 64 
[2019-11-08 12:00:42]G:: D0 0A 01 2F 00 00 00 01 86 DC 2B FF FF 00 7C 
[2019-11-08 12:00:47]G:: D0 05 00 02 FF 03 0A 
[2019-11-08 12:00:47]G:: D0 05 00 02 FF 03 0A 
[2019-11-08 12:00:48]G:: D0 01 40 00 00 
[2019-11-08 12:02:04]G:: D0 03 06 64 06 64 06 64 06 64 03 64 
[2019-11-08 12:02:13]G:: D0 03 01 64 01 64 01 64 01 64 03 64 
[2019-11-08 12:02:14]G:: D0 03 06 64 06 64 06 64 06 64 03 64 
[2019-11-08 12:02:18]G:: D0 03 01 64 01 64 01 64 01 64 03 64 
[2019-11-08 12:02:22]G:: D0 03 06 64 06 64 06 64 06 64 03 64 
[2019-11-08 12:02:26]G:: D0 03 01 64 01 64 01 64 01 64 03 64 
[2019-11-08 12:02:36]G:: D0 05 02 02 FF 03 0A 
[2019-11-08 12:02:36]G:: D0 01 C0 00 00 
[2019-11-08 12:02:36]G:: D0 02 00 05 FF 02 AD 80 D2 00 00 
[2019-11-08 12:02:36]G:: D0 05 02 02 FF 03 00 
[2019-11-08 12:02:36]G:: D0 05 02 02 FF 03 00 
[2019-11-08 12:02:36]G:: D0 05 02 02 FF 03 0A 
[2019-11-08 12:02:36]G:: D0 03 04 64 04 64 04 64 04 64 03 64 
[2019-11-08 12:02:37]G:: D0 05 02 02 FF 03 06 
[2019-11-08 12:02:37]G:: D0 05 02 02 FF 03 03 
[2019-11-08 12:02:37]G:: D0 05 02 02 FF 03 01 
[2019-11-08 12:02:37]G:: D0 05 02 02 FF 03 02 
[2019-11-08 12:02:37]G:: D0 05 02 02 FF 03 0A 
[2019-11-08 12:02:37]G:: D0 05 02 02 FF 03 14 
[2019-11-08 12:02:37]G:: D0 05 02 02 FF 03 1F 
[2019-11-08 12:02:37]G:: D0 05 02 02 FF 03 2A 
[2019-11-08 12:02:37]G:: D0 05 02 02 FF 03 31 
[2019-11-08 12:02:37]G:: D0 05 02 02 FF 03 34 
[2019-11-08 12:02:37]G:: D0 05 02 02 FF 03 33 
[2019-11-08 12:02:37]G:: D0 05 02 02 FF 03 32 
[2019-11-08 12:02:37]G:: D0 05 02 02 FF 03 31 
[2019-11-08 12:02:37]G:: D0 05 02 02 FF 03 30 
[2019-11-08 12:02:37]G:: D0 05 02 02 FF 03 2E 
[2019-11-08 12:02:37]G:: D0 05 02 02 FF 03 2B 
[2019-11-08 12:02:37]G:: D0 05 02 02 FF 03 27 
[2019-11-08 12:02:37]G:: D0 05 02 02 FF 03 24 
[2019-11-08 12:02:37]G:: D0 05 02 02 FF 03 22 
[2019-11-08 12:02:37]G:: D0 05 02 02 FF 03 21 
[2019-11-08 12:02:37]G:: D0 05 02 02 FF 03 1E 
[2019-11-08 12:02:37]G:: D0 05 02 02 FF 03 1A 
[2019-11-08 12:02:37]G:: D0 05 02 02 FF 03 18 
[2019-11-08 12:02:37]G:: D0 05 02 02 FF 03 16 
[2019-11-08 12:02:37]G:: D0 05 02 02 FF 03 14 
[2019-11-08 12:02:37]G:: D0 05 02 02 FF 03 10 
[2019-11-08 12:02:37]G:: D0 05 02 02 FF 03 0D 
[2019-11-08 12:02:37]G:: D0 05 02 02 FF 03 0B 
[2019-11-08 12:02:37]G:: D0 05 02 02 FF 03 0A 
[2019-11-08 12:02:37]G:: D0 05 02 02 FF 03 08 
[2019-11-08 12:02:37]G:: D0 05 02 02 FF 03 05 
[2019-11-08 12:02:37]G:: D0 05 02 02 FF 03 03 
[2019-11-08 12:02:37]G:: D0 05 02 02 FF 03 00 
[2019-11-08 12:02:37]G:: D0 05 02 02 FF 03 01 
[2019-11-08 12:02:37]G:: D0 05 02 02 FF 03 05 
[2019-11-08 12:02:37]G:: D0 05 02 02 FF 03 09 
[2019-11-08 12:02:37]G:: D0 05 02 02 FF 03 0A 
[2019-11-08 12:02:38]G:: D0 05 02 02 FF 03 0B 
[2019-11-08 12:02:38]G:: D0 05 02 02 FF 03 0A 
[2019-11-08 12:02:38]G:: D0 05 02 02 FF 03 0B 
[2019-11-08 12:02:38]G:: D0 05 02 02 FF 03 0A 
[2019-11-08 12:02:38]G:: D0 05 02 02 FF 03 0B 
[2019-11-08 12:02:38]G:: D0 05 02 02 FF 03 0A 
[2019-11-08 12:02:38]G:: D0 05 02 02 FF 03 0B 
[2019-11-08 12:02:38]G:: D0 05 02 02 FF 03 0A 
[2019-11-08 12:02:38]G:: D0 05 02 02 FF 03 0B 
[2019-11-08 12:02:38]G:: D0 05 02 02 FF 03 0A 
[2019-11-08 12:02:38]G:: D0 05 02 02 FF 03 0B 
[2019-11-08 12:02:38]G:: D0 05 02 02 FF 03 0A 
[2019-11-08 12:02:38]G:: D0 05 02 02 FF 03 0B 
[2019-11-08 12:02:38]G:: D0 05 02 02 FF 03 0A 
[2019-11-08 12:02:38]G:: D0 05 02 02 FF 03 0B 
[2019-11-08 12:02:38]G:: D0 05 02 02 FF 03 0A 
[2019-11-08 12:02:38]G:: D0 05 02 02 FF 03 0A 
[2019-11-08 12:02:38]G:: D0 05 02 02 FF 03 0A 
[2019-11-08 12:02:38]G:: D0 05 02 02 FF 03 0B 
[2019-11-08 12:02:38]G:: D0 05 02 02 FF 03 0A 
[2019-11-08 12:02:38]G:: D0 05 02 02 FF 03 0B 
[2019-11-08 12:02:38]G:: D0 05 02 02 FF 03 0A 
[2019-11-08 12:02:38]G:: D0 05 02 02 FF 03 0B 
[2019-11-08 12:02:38]G:: D0 05 02 02 FF 03 0A 
[2019-11-08 12:02:38]G:: D0 05 02 02 FF 03 0B 
[2019-11-08 12:02:38]G:: D0 05 02 02 FF 03 0A 
[2019-11-08 12:02:38]G:: D0 05 02 02 FF 03 0B 
[2019-11-08 12:02:38]G:: D0 05 02 02 FF 03 0A 
[2019-11-08 12:02:38]G:: D0 05 02 02 FF 03 0B 
[2019-11-08 12:02:39]G:: D0 05 02 02 FF 03 0A 
[2019-11-08 12:02:39]G:: D0 05 02 02 FF 03 0B 
[2019-11-08 12:02:39]G:: D0 05 02 02 FF 03 0A 
[2019-11-08 12:02:39]G:: D0 05 02 02 FF 03 0B 
[2019-11-08 12:02:39]G:: D0 05 02 02 FF 03 0A 
[2019-11-08 12:02:39]G:: D0 05 02 02 FF 03 0B 
[2019-11-08 12:02:40]G:: D0 0B 03 08 FF FF FF FF 00 00 
[2019-11-08 12:02:40]G:: D0 05 02 02 FF 03 0A 
[2019-11-08 12:02:40]G:: D0 05 02 02 FF 03 0B 
[2019-11-08 12:02:40]G:: D0 05 02 02 FF 03 0A 
[2019-11-08 12:02:40]G:: D0 05 02 02 FF 03 0B 
[2019-11-08 12:02:40]G:: D0 05 02 02 FF 03 0A 
[2019-11-08 12:02:40]G:: D0 05 02 02 FF 03 0B 
[2019-11-08 12:02:40]G:: D0 05 02 02 FF 03 0A 
[2019-11-08 12:02:41]G:: D0 05 02 02 FF 03 0B 
[2019-11-08 12:02:41]G:: D0 05 02 02 FF 03 0A 
[2019-11-08 12:02:41]G:: D0 05 02 02 FF 03 0B 
[2019-11-08 12:02:41]G:: D0 05 02 02 FF 03 0A 
[2019-11-08 12:02:41]G:: D0 05 02 02 FF 03 0B 
[2019-11-08 12:02:41]G:: D0 05 02 02 FF 03 0A 
[2019-11-08 12:02:41]G:: D0 05 02 02 FF 03 0B 
[2019-11-08 12:02:41]G:: D0 05 02 02 FF 03 0A 
[2019-11-08 12:02:41]G:: D0 05 02 02 FF 03 0B 
[2019-11-08 12:02:41]G:: D0 05 02 02 FF 03 0A 
[2019-11-08 12:02:41]G:: D0 05 02 02 FF 03 0B 
[2019-11-08 12:02:41]G:: D0 05 02 02 FF 03 0A 
[2019-11-08 12:02:41]G:: D0 05 02 02 FF 03 0B 
[2019-11-08 12:02:42]G:: D0 05 02 02 FF 03 0A 
[2019-11-08 12:02:51]G:: D0 02 00 05 FF 02 B2 80 D2 00 00 
[2019-11-08 12:02:51]G:: D0 03 01 64 01 64 01 64 01 64 03 64 
[2019-11-08 12:03:00]G:: D0 05 02 02 FF 03 0A 
[2019-11-08 12:03:00]G:: D0 01 40 00 00 
[2019-11-08 12:03:00]G:: D0 05 00 02 FF 03 0A 
[2019-11-08 12:03:41]G:: D0 0A 01 2F 00 00 00 01 86 DC 2B FF FF 00 78 
[2019-11-08 12:04:05]G:: D0 03 06 64 06 64 06 64 06 64 03 64 
[2019-11-08 12:04:19]G:: D0 03 01 64 01 64 01 64 01 64 03 64 
[2019-11-08 12:04:22]G:: D0 03 06 64 06 64 06 64 06 64 03 64 
[2019-11-08 12:04:26]G:: D0 03 01 64 01 64 01 64 01 64 03 64 
[2019-11-08 12:04:28]G:: D0 0A 01 2F 00 00 00 01 86 DC 2B FF FF 00 74 
[2019-11-08 12:04:42]G:: D0 03 06 64 06 64 06 64 06 64 03 64 
[2019-11-08 12:04:52]G:: D0 0A 01 2F 00 00 00 01 86 DC 2B FF FF 00 70 
[2019-11-08 12:04:56]G:: D0 03 01 64 01 64 01 64 01 64 03 64 
[2019-11-08 12:04:59]G:: D0 03 06 64 06 64 06 64 06 64 03 64 
[2019-11-08 12:05:03]G:: D0 05 02 02 FF 03 0A 
[2019-11-08 12:05:03]G:: D0 01 C0 00 00 
[2019-11-08 12:05:03]G:: D0 03 01 64 01 64 01 64 01 64 03 64 
[2019-11-08 12:05:03]G:: D0 02 00 05 FF 02 AD 80 D2 00 00 
[2019-11-08 12:05:03]G:: D0 05 02 02 FF 03 00 
[2019-11-08 12:05:03]G:: D0 05 02 02 FF 03 00 
[2019-11-08 12:05:03]G:: D0 03 04 64 04 64 04 64 04 64 03 64 
[2019-11-08 12:05:03]G:: D0 05 02 02 FF 03 0A 
[2019-11-08 12:05:03]G:: D0 05 02 02 FF 03 06 
[2019-11-08 12:05:03]G:: D0 05 02 02 FF 03 03 
[2019-11-08 12:05:03]G:: D0 05 02 02 FF 03 01 
[2019-11-08 12:05:04]G:: D0 05 02 02 FF 03 02 
[2019-11-08 12:05:04]G:: D0 05 02 02 FF 03 08 
[2019-11-08 12:05:04]G:: D0 05 02 02 FF 03 11 
[2019-11-08 12:05:04]G:: D0 05 02 02 FF 03 1A 
[2019-11-08 12:05:04]G:: D0 05 02 02 FF 03 23 
[2019-11-08 12:05:04]G:: D0 05 02 02 FF 03 2B 
[2019-11-08 12:05:04]G:: D0 05 02 02 FF 03 30 
[2019-11-08 12:05:04]G:: D0 05 02 02 FF 03 32 
[2019-11-08 12:05:04]G:: D0 05 02 02 FF 03 31 
[2019-11-08 12:05:04]G:: D0 05 02 02 FF 03 2E 
[2019-11-08 12:05:04]G:: D0 05 02 02 FF 03 2B 
[2019-11-08 12:05:04]G:: D0 05 02 02 FF 03 28 
[2019-11-08 12:05:04]G:: D0 05 02 02 FF 03 25 
[2019-11-08 12:05:04]G:: D0 05 02 02 FF 03 23 
[2019-11-08 12:05:04]G:: D0 05 02 02 FF 03 21 
[2019-11-08 12:05:04]G:: D0 05 02 02 FF 03 1E 
[2019-11-08 12:05:04]G:: D0 05 02 02 FF 03 1B 
[2019-11-08 12:05:04]G:: D0 05 02 02 FF 03 18 
[2019-11-08 12:05:04]G:: D0 05 02 02 FF 03 16 
[2019-11-08 12:05:04]G:: D0 05 02 02 FF 03 14 
[2019-11-08 12:05:04]G:: D0 05 02 02 FF 03 11 
[2019-11-08 12:05:04]G:: D0 05 02 02 FF 03 0E 
[2019-11-08 12:05:04]G:: D0 05 02 02 FF 03 0B 
[2019-11-08 12:05:04]G:: D0 05 02 02 FF 03 0A 
[2019-11-08 12:05:04]G:: D0 05 02 02 FF 03 09 
[2019-11-08 12:05:04]G:: D0 05 02 02 FF 03 07 
[2019-11-08 12:05:04]G:: D0 05 02 02 FF 03 04 
[2019-11-08 12:05:04]G:: D0 05 02 02 FF 03 02 
[2019-11-08 12:05:04]G:: D0 0A 01 2F 00 00 00 01 86 DC 2B FF FF 00 6A 
[2019-11-08 12:05:04]G:: D0 05 02 02 FF 03 00 
[2019-11-08 12:05:04]G:: D0 05 02 02 FF 03 09 
[2019-11-08 12:05:04]G:: D0 05 02 02 FF 03 0B 
[2019-11-08 12:05:04]G:: D0 05 02 02 FF 03 0D 
[2019-11-08 12:05:04]G:: D0 05 02 02 FF 03 0C 
[2019-11-08 12:05:04]G:: D0 05 02 02 FF 03 0A 
[2019-11-08 12:05:04]G:: D0 05 02 02 FF 03 09 
[2019-11-08 12:05:04]G:: D0 05 02 02 FF 03 08 
[2019-11-08 12:05:04]G:: D0 05 02 02 FF 03 07 
[2019-11-08 12:05:04]G:: D0 05 02 02 FF 03 08 
[2019-11-08 12:05:04]G:: D0 05 02 02 FF 03 07 
[2019-11-08 12:05:04]G:: D0 05 02 02 FF 03 08 
[2019-11-08 12:05:04]G:: D0 05 02 02 FF 03 07 
[2019-11-08 12:05:04]G:: D0 05 02 02 FF 03 08 
[2019-11-08 12:05:04]G:: D0 05 02 02 FF 03 07 
[2019-11-08 12:05:04]G:: D0 05 02 02 FF 03 08 
[2019-11-08 12:05:04]G:: D0 05 02 02 FF 03 07 
[2019-11-08 12:05:04]G:: D0 05 02 02 FF 03 08 
[2019-11-08 12:05:04]G:: D0 05 02 02 FF 03 07 
[2019-11-08 12:05:04]G:: D0 05 02 02 FF 03 08 
[2019-11-08 12:05:04]G:: D0 05 02 02 FF 03 07 
[2019-11-08 12:05:04]G:: D0 05 02 02 FF 03 08 
[2019-11-08 12:05:04]G:: D0 05 02 02 FF 03 07 
[2019-11-08 12:05:04]G:: D0 05 02 02 FF 03 08 
[2019-11-08 12:05:05]G:: D0 05 02 02 FF 03 07 
[2019-11-08 12:05:05]G:: D0 05 02 02 FF 03 08 
[2019-11-08 12:05:05]G:: D0 05 02 02 FF 03 00 
[2019-11-08 12:05:05]G:: D0 05 02 02 FF 03 04 
[2019-11-08 12:05:05]G:: D0 05 02 02 FF 03 0A 
[2019-11-08 12:05:05]G:: D0 05 02 02 FF 03 0C 
[2019-11-08 12:05:05]G:: D0 0B 03 0C FF FF FF FF 00 00 
[2019-11-08 12:05:05]G:: D0 05 02 02 FF 03 0A 
[2019-11-08 12:05:05]G:: D0 05 02 02 FF 03 0B 
[2019-11-08 12:05:05]G:: D0 05 02 02 FF 03 0A 
[2019-11-08 12:05:05]G:: D0 05 02 02 FF 03 0B 
[2019-11-08 12:05:05]G:: D0 05 02 02 FF 03 0A 
[2019-11-08 12:05:05]G:: D0 05 02 02 FF 03 0B 
[2019-11-08 12:05:05]G:: D0 05 02 02 FF 03 0A 
[2019-11-08 12:05:05]G:: D0 05 02 02 FF 03 0B 
[2019-11-08 12:05:05]G:: D0 02 00 05 FF 02 B2 80 D2 00 00 
[2019-11-08 12:05:08]G:: D0 05 02 02 FF 03 0A 
[2019-11-08 12:05:08]G:: D0 05 02 02 FF 03 0B 
[2019-11-08 12:05:08]G:: D0 05 02 02 FF 03 0A 
[2019-11-08 12:05:10]G:: D0 0B 03 08 FF FF FF FF 00 00 
[2019-11-08 12:05:13]G:: D0 03 01 64 01 64 01 64 01 64 03 64 
[2019-11-08 12:05:23]G:: D0 05 02 02 FF 03 0A 
[2019-11-08 12:05:23]G:: D0 05 00 02 FF 03 0A 
[2019-11-08 12:05:23]G:: D0 01 40 00 00 
[2019-11-08 12:06:10]G:: D0 05 02 02 FF 03 0A 
[2019-11-08 12:06:10]G:: D0 05 02 02 FF 03 0A 
[2019-11-08 12:06:10]G:: D0 05 02 02 FF 03 0B 
[2019-11-08 12:06:10]G:: D0 05 02 02 FF 03 0C 
[2019-11-08 12:06:10]G:: D0 01 C0 00 00 
[2019-11-08 12:06:10]G:: D0 05 02 02 FF 03 0D 
[2019-11-08 12:06:10]G:: D0 05 02 02 FF 03 0E 
[2019-11-08 12:06:10]G:: D0 03 04 64 04 64 04 64 04 64 03 64 
[2019-11-08 12:06:10]G:: D0 05 02 02 FF 03 0D 
[2019-11-08 12:06:10]G:: D0 05 02 02 FF 03 0C 
[2019-11-08 12:06:10]G:: D0 05 02 02 FF 03 0B 
[2019-11-08 12:06:15]G:: D0 0B 03 08 FF FF FF FF 00 00 
[2019-11-08 12:06:15]G:: D0 05 02 02 FF 03 0A 
[2019-11-08 12:06:21]G:: D0 05 02 02 FF 03 0A 
[2019-11-08 12:06:21]G:: D0 05 00 02 FF 03 0A 
[2019-11-08 12:06:21]G:: D0 01 40 00 00 
[2019-11-08 12:06:21]G:: D0 03 01 64 01 64 01 64 01 64 03 64 
[2019-11-08 12:07:13]G:: D0 05 02 02 FF 03 0A 
[2019-11-08 12:07:13]G:: D0 05 02 02 FF 03 0A 
[2019-11-08 12:07:13]G:: D0 05 02 02 FF 03 0B 
[2019-11-08 12:07:13]G:: D0 01 C0 00 00 
[2019-11-08 12:07:13]G:: D0 05 02 02 FF 03 0C 
[2019-11-08 12:07:13]G:: D0 05 02 02 FF 03 0D 
[2019-11-08 12:07:13]G:: D0 05 02 02 FF 03 0E 
[2019-11-08 12:07:13]G:: D0 03 04 64 04 64 04 64 04 64 03 64 
[2019-11-08 12:07:13]G:: D0 05 02 02 FF 03 0D 
[2019-11-08 12:07:13]G:: D0 05 02 02 FF 03 0C 
[2019-11-08 12:07:13]G:: D0 05 02 02 FF 03 0B 
[2019-11-08 12:07:15]G:: D0 0B 03 0C FF FF FF FF 00 00 
[2019-11-08 12:07:16]G:: D0 0A 01 2F 00 00 00 01 86 DC 2B FF FF 00 66 
[2019-11-08 12:07:18]G:: D0 05 02 02 FF 03 0A 
[2019-11-08 12:07:20]G:: D0 0B 03 08 FF FF FF FF 00 00 
[2019-11-08 12:07:23]G:: D0 03 01 64 01 64 01 64 01 64 03 64 
[2019-11-08 12:07:27]G:: D0 05 00 02 FF 03 0A 
[2019-11-08 12:07:27]G:: D0 01 40 00 00 
[2019-11-08 12:08:29]G:: D0 03 06 64 06 64 06 64 06 64 03 64 
[2019-11-08 12:08:43]G:: D0 03 01 64 01 64 01 64 01 64 03 64 
[2019-11-08 12:08:45]G:: D0 03 06 64 06 64 06 64 06 64 03 64 
[2019-11-08 12:08:49]G:: D0 03 01 64 01 64 01 64 01 64 03 64 
[2019-11-08 12:09:05]G:: D0 03 06 64 06 64 06 64 06 64 03 64 
[2019-11-08 12:09:19]G:: D0 03 01 64 01 64 01 64 01 64 03 64 
[2019-11-08 12:09:22]G:: D0 03 06 64 06 64 06 64 06 64 03 64 
[2019-11-08 12:09:26]G:: D0 03 01 64 01 64 01 64 01 64 03 64 
[2019-11-08 12:09:40]G:: D0 03 06 64 06 64 06 64 06 64 03 64 
[2019-11-08 12:09:54]G:: D0 03 01 64 01 64 01 64 01 64 03 64 
[2019-11-08 12:09:58]G:: D0 03 06 64 06 64 06 64 06 64 03 64 
[2019-11-08 12:10:02]G:: D0 03 01 64 01 64 01 64 01 64 03 64 
[2019-11-08 12:10:20]G:: D0 03 06 64 06 64 06 64 06 64 03 64 
[2019-11-08 12:10:29]G:: D0 03 01 64 01 64 01 64 01 64 03 64 
[2019-11-08 12:10:31]G:: D0 03 06 64 06 64 06 64 06 64 03 64 
[2019-11-08 12:10:35]G:: D0 03 01 64 01 64 01 64 01 64 03 64 
[2019-11-08 12:10:37]G:: D0 03 06 64 06 64 06 64 06 64 03 64 
[2019-11-08 12:10:41]G:: D0 03 01 64 01 64 01 64 01 64 03 64 
[2019-11-08 12:10:58]G:: D0 03 06 64 06 64 06 64 06 64 03 64 
[2019-11-08 12:11:07]G:: D0 03 01 64 01 64 01 64 01 64 03 64 
[2019-11-08 12:11:08]G:: D0 03 06 64 06 64 06 64 06 64 03 64 
[2019-11-08 12:11:17]G:: D0 03 01 64 01 64 01 64 01 64 03 64 
[2019-11-08 12:11:20]G:: D0 03 06 64 06 64 06 64 06 64 03 64 
[2019-11-08 12:11:24]G:: D0 03 01 64 01 64 01 64 01 64 03 64 
[2019-11-08 12:11:43]G:: D0 03 06 64 06 64 06 64 06 64 03 64 
