[1980-01-06 08:00:09]               /\  /\                
[1980-01-06 08:00:09]***************  \/  *****************
[1980-01-06 08:00:09]                                      
[1980-01-06 08:00:09] data-service start!!!!               
[1980-01-06 08:00:09] build: Oct 13 2019 15:12:36 
[1980-01-06 08:00:09] build: 05 14 2019 10:50:18           
[1980-01-06 08:00:09]                                      
[1980-01-06 08:00:09]**************************************
[1980-01-06 08:00:09]class VehicleDataServiceStubImpl construction
[1980-01-06 08:00:09]VehicleDataService registerService Done
[1980-01-06 08:00:09]new VDDataModel()
[1980-01-06 08:00:09]VDDataModel is constructed
[1980-01-06 08:00:09]initACStatus done
[1980-01-06 08:00:09]initVehicleData done
[1980-01-06 08:00:09]initCrashData done
[1980-01-06 08:00:09]initTyrePressData done
[1980-01-06 08:00:09]initGValData done
[1980-01-06 08:00:09]initRadarData done
[1980-01-06 08:00:09]initBigData1 done
[1980-01-06 08:00:09]initBigData2 done
[1980-01-06 08:00:09]initNomalFaultData done
[1980-01-06 08:00:09]initElecChgeData done
[1980-01-06 08:00:09]initVehicleData1 done
[1980-01-06 08:00:09]initCarCFGData done
[1980-01-06 08:00:09]registerVehicleDataChangeCb Done
[1980-01-06 08:00:09]registerVehicleData1ChangeCb Done
[1980-01-06 08:00:09]registerHvacDataChangeCb Done
[1980-01-06 08:00:09]registerCrashChangeCb Done
[1980-01-06 08:00:09]registerPhoneCallChangeCb Done
[1980-01-06 08:00:09]registerCtrlResultChangeCb Done
[1980-01-06 08:00:09]new VDDataModelElec()
[1980-01-06 08:00:09]VDDataModelElec is constructed
[1980-01-06 08:00:09]initVcuData done
[1980-01-06 08:00:09]initMotorData done
[1980-01-06 08:00:09]initExtremumData done
[1980-01-06 08:00:09]initFaultData done
[1980-01-06 08:00:09]initChargeStorData done
[1980-01-06 08:00:09]initN1DTCData done
[1980-01-06 08:00:09]initN2DTCData done
[1980-01-06 08:00:09]initChargeStorTempData done
[1980-01-06 08:00:09]initCellSysNumData done
[1980-01-06 08:00:09]initDefineData done
[1980-01-06 08:00:09]registerVcuChangeCb Done
[1980-01-06 08:00:09]registerMotorChangeCb Done
[1980-01-06 08:00:09]registerExtremumChangeCb Done
[1980-01-06 08:00:09]registerFaultChangeCb Done
[1980-01-06 08:00:09]registerChargeStorChangeCb Done
[1980-01-06 08:00:09]registerTyreChangeCb Done
[1980-01-06 08:00:09]registerDTCChangeCb Done
[1980-01-06 08:00:09]registerGValChangeCb Done
[1980-01-06 08:00:09]registerRadarChangeCb Done
[1980-01-06 08:00:09]registerBigData1Cb Done
[1980-01-06 08:00:09]registerBigData2Cb Done
[1980-01-06 08:00:09]registerNomalFaultCb Done
[1980-01-06 08:00:09]registerCarCfgDataCb Done
[1980-01-06 08:00:09]autolinkMcuParseDataPThread -> start
[1980-01-06 08:00:14]MCU SERVICE IS NOT AVAILABLE!
[1980-01-06 08:00:14]MCU SERVICE IS AVAILABLE!
[1980-01-06 08:00:14]notify mcu service handshake sucessful
