[1980-01-06 08:00:09]               /\  /\                
[1980-01-06 08:00:09]***************  \/  *****************
[1980-01-06 08:00:09]                                      
[1980-01-06 08:00:09] data-service start!!!!               
[1980-01-06 08:00:09] build: Oct 31 2019 14:30:24 
[1980-01-06 08:00:09] build: 05 14 2019 10:50:18           
[1980-01-06 08:00:09]                                      
[1980-01-06 08:00:09]**************************************
[1980-01-06 08:00:09]class VehicleDataServiceStubImpl construction
[1980-01-06 08:00:09]VehicleDataService registerService Done
[1980-01-06 08:00:09]new VDDataModel()
[1980-01-06 08:00:09]VDDataModel is constructed
[1980-01-06 08:00:09]initACStatus done
[1980-01-06 08:00:09]initVehicleData done
[1980-01-06 08:00:09]initCrashData done
[1980-01-06 08:00:09]initTyrePressData done
[1980-01-06 08:00:09]initGValData done
[1980-01-06 08:00:09]initRadarData done
[1980-01-06 08:00:09]initBigData1 done
[1980-01-06 08:00:09]initBigData2 done
[1980-01-06 08:00:09]initNomalFaultData done
[1980-01-06 08:00:09]initElecChgeData done
[1980-01-06 08:00:09]initVehicleData1 done
[1980-01-06 08:00:09]initCarCFGData done
[1980-01-06 08:00:09]registerVehicleDataChangeCb Done
[1980-01-06 08:00:09]registerVehicleData1ChangeCb Done
[1980-01-06 08:00:09]registerHvacDataChangeCb Done
[1980-01-06 08:00:09]registerCrashChangeCb Done
[1980-01-06 08:00:09]registerPhoneCallChangeCb Done
[1980-01-06 08:00:09]registerCtrlResultChangeCb Done
[1980-01-06 08:00:09]new VDDataModelElec()
[1980-01-06 08:00:09]VDDataModelElec is constructed
[1980-01-06 08:00:09]initVcuData done
[1980-01-06 08:00:09]initMotorData done
[1980-01-06 08:00:09]initExtremumData done
[1980-01-06 08:00:09]initFaultData done
[1980-01-06 08:00:09]initChargeStorData done
[1980-01-06 08:00:09]initN1DTCData done
[1980-01-06 08:00:09]initN2DTCData done
[1980-01-06 08:00:09]initChargeStorTempData done
[1980-01-06 08:00:09]initCellSysNumData done
[1980-01-06 08:00:09]initDefineData done
[1980-01-06 08:00:09]registerVcuChangeCb Done
[1980-01-06 08:00:09]registerMotorChangeCb Done
[1980-01-06 08:00:09]registerExtremumChangeCb Done
[1980-01-06 08:00:09]registerFaultChangeCb Done
[1980-01-06 08:00:09]registerChargeStorChangeCb Done
[1980-01-06 08:00:09]registerTyreChangeCb Done
[1980-01-06 08:00:09]registerDTCChangeCb Done
[1980-01-06 08:00:09]registerGValChangeCb Done
[1980-01-06 08:00:09]registerRadarChangeCb Done
[1980-01-06 08:00:09]registerBigData1Cb Done
[1980-01-06 08:00:09]registerBigData2Cb Done
[1980-01-06 08:00:09]registerNomalFaultCb Done
[1980-01-06 08:00:09]registerCarCfgDataCb Done
[1980-01-06 08:00:09]autolinkMcuParseDataPThread -> start
[1980-01-06 08:00:09]MCU SERVICE IS AVAILABLE!
[1980-01-06 08:00:10]notify mcu service handshake sucessful
[1980-01-06 08:00:10]G:: D0 01 00 00 00 
[1980-01-06 08:00:10]G:: D0 02 00 0F FF 00 00 80 00 00 00 
[1980-01-06 08:00:10]G:: D0 03 FF 64 FF 64 FF 64 FF 64 FF 64 
[1980-01-06 08:00:10]G:: D0 05 FF FF FF 03 00 
[1980-01-06 08:00:10]G:: D0 06 02 
[1980-01-06 08:00:10]G:: D0 07 00 
[1980-01-06 08:00:10]G:: D0 08 00 00 00 00 00 00 00 00 00 00 
[1980-01-06 08:00:10]G:: D0 09 FF FF 00 00 00 00 
[1980-01-06 08:00:10]G:: D0 0A 00 00 00 00 FF FF FF FF 00 FF FF 00 6E 
[1980-01-06 08:00:10]G:: D0 0B FF FF FF FF FF FF 00 00 
[1980-01-06 08:00:10]G:: D0 0C FF 00 00 
[1980-01-06 08:00:10]G:: D0 0D 0F 
[1980-01-06 08:00:10]G:: D0 0E FF 
[1980-01-06 08:00:10]G:: D0 0F 00 00 
[1980-01-06 08:00:10]G:: D0 11 00 00 00 00 00 00 00 00 00 00 00 00 00 00 00 00 00 00 00 00 00 00 00 00 00 
[1980-01-06 08:00:10]G:: D0 12 00 
[1980-01-06 08:00:10]G:: 50 1C 44 46 53 4B 30 30 30 31 30 30 30 32 30 30 32 36 31 39 31 30 31 36 30 30 30 31 30 30 30 30 31 30 
[1980-01-06 08:00:10]G:: D0 14 00 00 00 00 00 00 00 00 00 00 00 00 00 
[1980-01-06 08:00:10]G:: D0 15 00 
[1980-01-06 08:00:10]G:: D0 16 00 
[1980-01-06 08:00:10]G:: D0 1B 00 FF 
[1980-01-06 08:00:10]G:: 50 06 31 32 33 34 35 54 30 37 30 33 54 30 30 30 31 31 30 
[1980-01-06 08:00:10]G:: 50 0C 83 E0 E5 E7 FF 00 D3 3D 
[1980-01-06 08:00:10]G:: D0 19 FF 
[1980-01-06 08:00:10]G:: D0 1D 00 00 00 4D A4 00 00 4D A4 00 00 4A 39 06 FF 
[1980-01-06 08:00:10]G:: D0 13 02 
[1980-01-06 08:00:10]G:: D0 1E 00 
[1980-01-06 08:00:10]G:: D0 1F 00 
[1980-01-06 08:00:10]G:: D0 2A 00 00 00 00 00 00 00 00 00 00 
[1980-01-06 08:00:10]ecall invalid
[1980-01-06 08:00:10]bcall invalid
[1980-01-06 08:00:10]icall invalid
[1980-01-06 08:00:10]return ctrl default
[1980-01-06 08:00:10]result: default
[1980-01-06 08:00:10]car cfg CAR_CFG_PEPS
[1980-01-06 08:00:21]new VDDataModelCtrl()
[1980-01-06 08:00:21]VDDataModelCtrl is constructed
[1980-01-06 08:00:27]G:: D0 0A 00 00 00 00 FF FF FF FF 00 FF FF 00 68 
[1980-01-06 08:00:30]G:: D0 0A 00 00 00 00 FF FF FF FF 00 FF FF 00 64 
[2019-10-31 16:18:41]G:: D0 0A 00 00 00 00 FF FF FF FF 00 FF FF 00 60 
[2019-10-31 16:19:07]G:: D0 0A 00 00 00 00 FF FF FF FF 00 FF FF 00 5A 
[2019-10-31 16:19:39]G:: D0 0A 00 00 00 00 FF FF FF FF 00 FF FF 00 5E 
[2019-10-31 16:19:45]G:: D0 0A 00 00 00 00 FF FF FF FF 00 FF FF 00 66 
[2019-10-31 16:19:46]G:: D0 0A 00 00 00 00 FF FF FF FF 00 FF FF 00 6E 
[2019-10-31 16:19:51]G:: D0 0A 00 00 00 00 FF FF FF FF 00 FF FF 00 67 
[2019-10-31 16:19:53]G:: D0 0A 00 00 00 00 FF FF FF FF 00 FF FF 00 60 
[2019-10-31 16:19:54]G:: D0 0A 00 00 00 00 FF FF FF FF 00 FF FF 00 5C 
[2019-10-31 16:21:38]G:: D0 0A 00 00 00 00 FF FF FF FF 00 FF FF 00 58 
[2019-10-31 16:21:48]G:: D0 0A 00 00 00 00 FF FF FF FF 00 FF FF 00 53 
[2019-10-31 16:21:52]G:: D0 0A 00 00 00 00 FF FF FF FF 00 FF FF 00 4F 
[2019-10-31 16:21:54]G:: D0 0A 00 00 00 00 FF FF FF FF 00 FF FF 00 53 
[2019-10-31 16:21:58]G:: D0 0A 00 00 00 00 FF FF FF FF 00 FF FF 00 57 
[2019-10-31 16:21:58]G:: D0 0A 00 00 00 00 FF FF FF FF 00 FF FF 00 5B 
[2019-10-31 16:22:05]G:: D0 0A 00 00 00 00 FF FF FF FF 00 FF FF 00 60 
[2019-10-31 16:22:24]G:: D0 0A 00 00 00 00 FF FF FF FF 00 FF FF 00 5B 
[2019-10-31 16:22:34]G:: D0 0A 00 00 00 00 FF FF FF FF 00 FF FF 00 57 
[2019-10-31 16:22:42]G:: D0 0A 00 00 00 00 FF FF FF FF 00 FF FF 00 5D 
[2019-10-31 16:22:44]G:: D0 0A 00 00 00 00 FF FF FF FF 00 FF FF 00 61 
[2019-10-31 16:23:06]G:: D0 0A 00 00 00 00 FF FF FF FF 00 FF FF 00 66 
[2019-10-31 16:23:07]G:: D0 0A 00 00 00 00 FF FF FF FF 00 FF FF 00 6A 
[2019-10-31 16:23:07]G:: D0 0A 00 00 00 00 FF FF FF FF 00 FF FF 00 6E 
[2019-10-31 16:23:11]G:: D0 0A 00 00 00 00 FF FF FF FF 00 FF FF 00 73 
[2019-10-31 16:23:12]G:: D0 0A 00 00 00 00 FF FF FF FF 00 FF FF 00 77 
[2019-10-31 16:23:13]G:: D0 0A 00 00 00 00 FF FF FF FF 00 FF FF 00 7D 
[2019-10-31 16:23:19]G:: D0 0A 00 00 00 00 FF FF FF FF 00 FF FF 00 83 
[2019-10-31 16:23:19]G:: D0 0A 00 00 00 00 FF FF FF FF 00 FF FF 00 89 
[2019-10-31 16:23:25]G:: D0 0A 00 00 00 00 FF FF FF FF 00 FF FF 00 8F 
[2019-10-31 16:23:25]G:: D0 0A 00 00 00 00 FF FF FF FF 00 FF FF 00 94 
[2019-10-31 16:23:26]G:: D0 0A 00 00 00 00 FF FF FF FF 00 FF FF 00 99 
[2019-10-31 16:23:27]G:: D0 0A 00 00 00 00 FF FF FF FF 00 FF FF 00 9D 
[2019-10-31 16:23:35]G:: D0 0A 00 00 00 00 FF FF FF FF 00 FF FF 00 98 
[2019-10-31 16:23:43]G:: D0 0A 00 00 00 00 FF FF FF FF 00 FF FF 00 94 
[2019-10-31 16:23:59]G:: D0 0A 00 00 00 00 FF FF FF FF 00 FF FF 00 9B 
[2019-10-31 16:24:00]G:: D0 0A 00 00 00 00 FF FF FF FF 00 FF FF 00 9F 
[2019-10-31 16:24:05]G:: D0 0A 00 00 00 00 FF FF FF FF 00 FF FF 00 95 
[2019-10-31 16:24:06]G:: D0 0A 00 00 00 00 FF FF FF FF 00 FF FF 00 8F 
[2019-10-31 16:24:07]G:: D0 0A 00 00 00 00 FF FF FF FF 00 FF FF 00 89 
[2019-10-31 16:24:07]G:: D0 0A 00 00 00 00 FF FF FF FF 00 FF FF 00 81 
[2019-10-31 16:24:08]G:: D0 0A 00 00 00 00 FF FF FF FF 00 FF FF 00 7C 
[2019-10-31 16:24:09]G:: D0 0A 00 00 00 00 FF FF FF FF 00 FF FF 00 78 
[2019-10-31 16:24:56]G:: D0 05 02 FF FF 03 00 
[2019-10-31 16:27:13]G:: D0 02 00 00 FF 00 00 80 00 00 00 
[2019-10-31 16:27:13]G:: D0 0A 00 32 00 00 FF FF FF FF 00 FF FF 00 76 
[2019-10-31 16:27:13]G:: D0 2A FF 00 02 00 00 02 02 02 02 02 
[2019-10-31 16:27:13]G:: D0 19 00 
[2019-10-31 16:27:13]G:: D0 19 00 
[2019-10-31 16:27:17]G:: D0 09 00 00 00 00 00 00 
[2019-10-31 16:31:41]G:: D0 0A 00 32 00 00 FF FF FF FF 00 FF FF 00 73 
[2019-10-31 16:31:48]G:: D0 0A 00 32 00 00 FF FF FF FF 00 FF FF 00 78 
[2019-10-31 16:43:23]G:: D0 05 02 FF FF 03 00 
[2019-10-31 16:50:52]G:: D0 05 02 FF FF 03 00 
[2019-10-31 17:01:34]G:: D0 05 02 FF FF 03 00 
[2019-10-31 17:12:22]G:: D0 05 02 FF FF 03 00 
