[1980-01-06 08:00:09]               /\  /\                
[1980-01-06 08:00:09]***************  \/  *****************
[1980-01-06 08:00:09]                                      
[1980-01-06 08:00:09] data-service start!!!!               
[1980-01-06 08:00:09] build: Oct 31 2019 14:30:24 
[1980-01-06 08:00:09] build: 05 14 2019 10:50:18           
[1980-01-06 08:00:09]                                      
[1980-01-06 08:00:09]**************************************
[1980-01-06 08:00:09]class VehicleDataServiceStubImpl construction
[1980-01-06 08:00:09]VehicleDataService registerService Done
[1980-01-06 08:00:09]new VDDataModel()
[1980-01-06 08:00:09]VDDataModel is constructed
[1980-01-06 08:00:09]initACStatus done
[1980-01-06 08:00:09]initVehicleData done
[1980-01-06 08:00:09]initCrashData done
[1980-01-06 08:00:09]initTyrePressData done
[1980-01-06 08:00:09]initGValData done
[1980-01-06 08:00:09]initRadarData done
[1980-01-06 08:00:09]initBigData1 done
[1980-01-06 08:00:09]initBigData2 done
[1980-01-06 08:00:09]initNomalFaultData done
[1980-01-06 08:00:09]initElecChgeData done
[1980-01-06 08:00:09]initVehicleData1 done
[1980-01-06 08:00:09]initCarCFGData done
[1980-01-06 08:00:09]registerVehicleDataChangeCb Done
[1980-01-06 08:00:09]registerVehicleData1ChangeCb Done
[1980-01-06 08:00:09]registerHvacDataChangeCb Done
[1980-01-06 08:00:09]registerCrashChangeCb Done
[1980-01-06 08:00:09]registerPhoneCallChangeCb Done
[1980-01-06 08:00:09]registerCtrlResultChangeCb Done
[1980-01-06 08:00:09]new VDDataModelElec()
[1980-01-06 08:00:09]VDDataModelElec is constructed
[1980-01-06 08:00:09]initVcuData done
[1980-01-06 08:00:09]initMotorData done
[1980-01-06 08:00:09]initExtremumData done
[1980-01-06 08:00:09]initFaultData done
[1980-01-06 08:00:09]initChargeStorData done
[1980-01-06 08:00:09]initN1DTCData done
[1980-01-06 08:00:09]initN2DTCData done
[1980-01-06 08:00:09]initChargeStorTempData done
[1980-01-06 08:00:09]initCellSysNumData done
[1980-01-06 08:00:09]initDefineData done
[1980-01-06 08:00:09]registerVcuChangeCb Done
[1980-01-06 08:00:09]registerMotorChangeCb Done
[1980-01-06 08:00:09]registerExtremumChangeCb Done
[1980-01-06 08:00:09]registerFaultChangeCb Done
[1980-01-06 08:00:09]registerChargeStorChangeCb Done
[1980-01-06 08:00:09]registerTyreChangeCb Done
[1980-01-06 08:00:09]registerDTCChangeCb Done
[1980-01-06 08:00:09]registerGValChangeCb Done
[1980-01-06 08:00:09]registerRadarChangeCb Done
[1980-01-06 08:00:09]registerBigData1Cb Done
[1980-01-06 08:00:09]registerBigData2Cb Done
[1980-01-06 08:00:09]registerNomalFaultCb Done
[1980-01-06 08:00:09]registerCarCfgDataCb Done
[1980-01-06 08:00:09]autolinkMcuParseDataPThread -> start
[1980-01-06 08:00:09]MCU SERVICE IS AVAILABLE!
[1980-01-06 08:00:09]notify mcu service handshake sucessful
[1980-01-06 08:00:12]G:: D0 01 00 00 00 
[1980-01-06 08:00:12]G:: D0 02 00 0F FF 00 00 80 00 00 00 
[1980-01-06 08:00:12]G:: D0 03 FF 64 FF 64 FF 64 FF 64 FF 64 
[1980-01-06 08:00:12]G:: D0 05 FF FF FF 03 00 
[1980-01-06 08:00:12]G:: D0 06 02 
[1980-01-06 08:00:12]G:: D0 07 00 
[1980-01-06 08:00:12]G:: D0 08 00 00 00 00 00 00 00 00 00 00 
[1980-01-06 08:00:12]G:: D0 09 FF FF 00 00 00 00 
[1980-01-06 08:00:12]G:: D0 0A 00 00 00 00 FF FF FF FF 00 FF FF 00 76 
[1980-01-06 08:00:12]G:: D0 0B FF FF FF FF FF FF 00 00 
[1980-01-06 08:00:12]G:: D0 0C FF 00 00 
[1980-01-06 08:00:12]G:: D0 0D 0F 
[1980-01-06 08:00:12]G:: D0 0E FF 
[1980-01-06 08:00:12]G:: D0 0F 00 00 
[1980-01-06 08:00:12]G:: D0 11 00 00 00 00 00 00 00 00 00 00 00 00 00 00 00 00 00 00 00 00 00 00 00 00 00 
[1980-01-06 08:00:12]G:: D0 12 00 
[1980-01-06 08:00:12]G:: 50 1C 44 46 53 4B 30 30 30 31 30 30 30 32 30 30 32 36 31 39 31 30 31 36 30 30 30 31 30 30 30 30 31 30 
[1980-01-06 08:00:12]G:: D0 14 00 00 00 00 00 00 00 00 00 00 00 00 00 
[1980-01-06 08:00:12]G:: D0 15 00 
[1980-01-06 08:00:12]G:: D0 16 00 
[1980-01-06 08:00:12]G:: D0 1B 00 FF 
[1980-01-06 08:00:12]G:: 50 06 31 32 33 34 35 54 30 37 30 33 54 30 30 30 31 31 30 
[1980-01-06 08:00:12]G:: 50 0C A7 AA 69 46 67 5F 5F 24 
[1980-01-06 08:00:12]G:: D0 19 FF 
[1980-01-06 08:00:12]G:: D0 1D 00 00 00 4D A4 00 00 4D 27 00 00 4A 39 07 0C 
[1980-01-06 08:00:12]G:: D0 13 02 
[1980-01-06 08:00:12]G:: D0 1E 00 
[1980-01-06 08:00:12]G:: D0 1F 00 
[1980-01-06 08:00:12]G:: D0 2A 00 00 00 00 00 00 00 00 00 00 
[1980-01-06 08:00:12]ecall invalid
[1980-01-06 08:00:12]bcall invalid
[1980-01-06 08:00:12]icall invalid
[1980-01-06 08:00:12]return ctrl default
[1980-01-06 08:00:12]result: default
[1980-01-06 08:00:12]car cfg CAR_CFG_PEPS
[1980-01-06 08:00:12]car type F_506S
[1980-01-06 08:00:21]new VDDataModelCtrl()
[1980-01-06 08:00:21]VDDataModelCtrl is constructed
[2019-11-05 17:03:56]G:: D0 0A 00 00 00 00 FF FF FF FF 00 FF FF 00 74 
