[1980-01-06 08:00:10]               /\  /\                
[1980-01-06 08:00:10]***************  \/  *****************
[1980-01-06 08:00:10]                                      
[1980-01-06 08:00:10] data-service start!!!!               
[1980-01-06 08:00:10] build: Oct 31 2019 14:30:24 
[1980-01-06 08:00:10] build: 05 14 2019 10:50:18           
[1980-01-06 08:00:10]                                      
[1980-01-06 08:00:10]**************************************
[1980-01-06 08:00:10]class VehicleDataServiceStubImpl construction
[1980-01-06 08:00:10]VehicleDataService registerService Done
[1980-01-06 08:00:10]new VDDataModel()
[1980-01-06 08:00:10]VDDataModel is constructed
[1980-01-06 08:00:10]initACStatus done
[1980-01-06 08:00:10]initVehicleData done
[1980-01-06 08:00:10]initCrashData done
[1980-01-06 08:00:10]initTyrePressData done
[1980-01-06 08:00:10]initGValData done
[1980-01-06 08:00:10]initRadarData done
[1980-01-06 08:00:10]initBigData1 done
[1980-01-06 08:00:10]initBigData2 done
[1980-01-06 08:00:10]initNomalFaultData done
[1980-01-06 08:00:10]initElecChgeData done
[1980-01-06 08:00:10]initVehicleData1 done
[1980-01-06 08:00:10]initCarCFGData done
[1980-01-06 08:00:10]registerVehicleDataChangeCb Done
[1980-01-06 08:00:10]registerVehicleData1ChangeCb Done
[1980-01-06 08:00:10]registerHvacDataChangeCb Done
[1980-01-06 08:00:10]registerCrashChangeCb Done
[1980-01-06 08:00:10]registerPhoneCallChangeCb Done
[1980-01-06 08:00:10]registerCtrlResultChangeCb Done
[1980-01-06 08:00:10]new VDDataModelElec()
[1980-01-06 08:00:10]VDDataModelElec is constructed
[1980-01-06 08:00:10]initVcuData done
[1980-01-06 08:00:10]initMotorData done
[1980-01-06 08:00:10]initExtremumData done
[1980-01-06 08:00:10]initFaultData done
[1980-01-06 08:00:10]initChargeStorData done
[1980-01-06 08:00:10]initN1DTCData done
[1980-01-06 08:00:10]initN2DTCData done
[1980-01-06 08:00:10]initChargeStorTempData done
[1980-01-06 08:00:10]initCellSysNumData done
[1980-01-06 08:00:10]initDefineData done
[1980-01-06 08:00:10]registerVcuChangeCb Done
[1980-01-06 08:00:10]registerMotorChangeCb Done
[1980-01-06 08:00:10]registerExtremumChangeCb Done
[1980-01-06 08:00:10]registerFaultChangeCb Done
[1980-01-06 08:00:10]registerChargeStorChangeCb Done
[1980-01-06 08:00:10]registerTyreChangeCb Done
[1980-01-06 08:00:10]registerDTCChangeCb Done
[1980-01-06 08:00:10]registerGValChangeCb Done
[1980-01-06 08:00:10]registerRadarChangeCb Done
[1980-01-06 08:00:10]registerBigData1Cb Done
[1980-01-06 08:00:10]registerBigData2Cb Done
[1980-01-06 08:00:10]registerNomalFaultCb Done
[1980-01-06 08:00:10]registerCarCfgDataCb Done
[1980-01-06 08:00:10]autolinkMcuParseDataPThread -> start
[1980-01-06 08:00:10]MCU SERVICE IS AVAILABLE!
[1980-01-06 08:00:10]notify mcu service handshake sucessful
[1980-01-06 08:00:13]G:: D0 01 00 00 00 
[1980-01-06 08:00:13]G:: D0 02 00 0F FF 00 00 80 00 00 00 
[1980-01-06 08:00:13]G:: D0 03 FF 64 FF 64 FF 64 FF 64 FF 64 
[1980-01-06 08:00:13]G:: D0 05 FF FF FF 03 00 
[1980-01-06 08:00:13]G:: D0 06 02 
[1980-01-06 08:00:13]G:: D0 07 00 
[1980-01-06 08:00:13]G:: D0 08 00 00 00 00 00 00 00 00 00 00 
[1980-01-06 08:00:13]G:: D0 09 FF FF 00 00 00 00 
[1980-01-06 08:00:13]G:: D0 0A 00 00 00 00 FF FF FF FF 00 FF FF 00 85 
[1980-01-06 08:00:13]G:: D0 0B FF FF FF FF FF FF 00 00 
[1980-01-06 08:00:13]G:: D0 0C FF 00 00 
[1980-01-06 08:00:13]G:: D0 0D 0F 
[1980-01-06 08:00:13]G:: D0 0E FF 
[1980-01-06 08:00:13]G:: D0 0F 00 00 
[1980-01-06 08:00:13]G:: D0 11 00 00 00 00 00 00 00 00 00 00 00 00 00 00 00 00 00 00 00 00 00 00 00 00 00 
[1980-01-06 08:00:13]G:: D0 12 00 
[1980-01-06 08:00:13]G:: 50 1C 44 46 53 4B 30 30 30 31 30 30 30 32 30 30 32 36 31 39 31 30 31 36 30 30 30 31 30 30 30 30 31 30 
[1980-01-06 08:00:13]G:: D0 14 00 00 00 00 00 00 00 00 00 00 00 00 00 
[1980-01-06 08:00:13]G:: D0 15 00 
[1980-01-06 08:00:13]G:: D0 16 00 
[1980-01-06 08:00:13]G:: D0 1B 00 FF 
[1980-01-06 08:00:13]G:: 50 06 31 32 33 34 35 54 30 37 30 33 54 30 30 30 31 31 30 
[1980-01-06 08:00:13]G:: 50 0C A7 AA 69 46 67 5F 5F 24 
[1980-01-06 08:00:13]G:: D0 19 FF 
[1980-01-06 08:00:13]G:: D0 1D 00 00 00 4D A4 00 00 4D A4 00 00 4A 39 06 FF 
[1980-01-06 08:00:13]G:: D0 13 02 
[1980-01-06 08:00:13]G:: D0 1E 00 
[1980-01-06 08:00:13]G:: D0 1F 00 
[1980-01-06 08:00:13]G:: D0 2A 00 00 00 00 00 00 00 00 00 00 
[1980-01-06 08:00:13]ecall invalid
[1980-01-06 08:00:13]bcall invalid
[1980-01-06 08:00:13]icall invalid
[1980-01-06 08:00:13]return ctrl default
[1980-01-06 08:00:13]result: default
[1980-01-06 08:00:13]car cfg CAR_CFG_PEPS
[1980-01-06 08:00:13]car type F_506S
[1980-01-06 08:00:45]G:: DE 0D 01 
[1980-01-06 08:00:46]G:: DE 0D 01 
[1980-01-06 08:00:46]G:: DE 01 01 
[1980-01-06 08:00:46]G:: DE 02 01 
[1980-01-06 08:00:46]G:: DE 03 01 
[1980-01-06 08:00:46]G:: DE 04 01 
[1980-01-06 08:00:48]G:: DE 01 01 
[1980-01-06 08:00:48]G:: DE 02 01 
[1980-01-06 08:00:48]G:: DE 03 01 
[1980-01-06 08:00:48]G:: DE 04 01 
[1980-01-06 08:00:50]G:: DE 01 01 
[1980-01-06 08:00:50]G:: DE 02 01 
[1980-01-06 08:00:50]G:: DE 03 01 
[1980-01-06 08:00:50]G:: DE 04 01 
[1980-01-06 08:00:52]G:: DE 01 01 
[1980-01-06 08:00:52]G:: DE 02 01 
[1980-01-06 08:00:52]G:: DE 03 01 
[1980-01-06 08:00:52]G:: DE 04 01 
[1980-01-06 08:00:53]G:: DE 01 01 
[1980-01-06 08:00:53]G:: DE 02 01 
[1980-01-06 08:00:53]G:: DE 03 01 
[1980-01-06 08:00:53]G:: DE 04 01 
[1980-01-06 08:00:55]G:: DE 01 01 
[1980-01-06 08:00:55]G:: DE 02 01 
[1980-01-06 08:00:55]G:: DE 03 01 
[1980-01-06 08:00:55]G:: DE 04 01 
[1980-01-06 08:00:57]G:: DE 01 01 
[1980-01-06 08:00:57]G:: DE 02 01 
[1980-01-06 08:00:57]G:: DE 03 01 
[1980-01-06 08:00:57]G:: DE 04 01 
[1980-01-06 08:00:59]G:: DE 01 01 
[1980-01-06 08:00:59]G:: DE 02 01 
[1980-01-06 08:00:59]G:: DE 03 01 
[1980-01-06 08:00:59]G:: DE 04 01 
[1980-01-06 08:01:01]G:: DE 01 01 
[1980-01-06 08:01:01]G:: DE 02 01 
[1980-01-06 08:01:01]G:: DE 03 01 
[1980-01-06 08:01:01]G:: DE 04 01 
[1980-01-06 08:01:03]G:: DE 01 01 
[1980-01-06 08:01:03]G:: DE 02 01 
[1980-01-06 08:01:03]G:: DE 03 01 
[1980-01-06 08:01:03]G:: DE 04 01 
[2019-11-06 17:30:10]G:: DE 06 01 
[2019-11-06 17:30:10]G:: DE 07 01 
[2019-11-06 17:30:13]G:: DE 0C 01 
[2019-11-06 17:30:21]G:: DE 08 00 
[2019-11-06 17:30:22]G:: DE 08 00 
[2019-11-06 17:30:23]G:: DE 08 00 
[2019-11-06 17:30:23]G:: DE 08 00 
[2019-11-06 17:30:24]G:: DE 08 00 
[2019-11-06 17:30:25]G:: DE 08 00 
[2019-11-06 17:30:26]G:: DE 08 00 
[2019-11-06 17:30:26]G:: DE 08 00 
[2019-11-06 17:30:27]G:: DE 08 00 
[2019-11-06 17:30:28]G:: DE 08 00 
[2019-11-06 17:30:28]G:: DE 08 00 
[2019-11-06 17:30:29]G:: DE 08 00 
[2019-11-06 17:30:30]G:: DE 08 00 
[2019-11-06 17:30:31]G:: DE 08 00 
[2019-11-06 17:30:31]G:: DE 08 00 
[2019-11-06 17:30:32]G:: DE 08 00 
[2019-11-06 17:30:33]G:: DE 08 00 
[2019-11-06 17:30:34]G:: DE 08 00 
[2019-11-06 17:30:34]G:: DE 08 00 
[2019-11-06 17:30:35]G:: DE 08 00 
[2019-11-06 17:30:36]G:: DE 0F 00 
[2019-11-06 17:30:37]G:: DE 0F 00 
[2019-11-06 17:30:38]G:: DE 0F 00 
[2019-11-06 17:30:39]G:: DE 05 01 
