[1980-01-06 08:00:09]               /\  /\                
[1980-01-06 08:00:09]***************  \/  *****************
[1980-01-06 08:00:09]                                      
[1980-01-06 08:00:09] data-service start!!!!               
[1980-01-06 08:00:09] build: Oct 31 2019 14:30:24 
[1980-01-06 08:00:09] build: 05 14 2019 10:50:18           
[1980-01-06 08:00:09]                                      
[1980-01-06 08:00:09]**************************************
[1980-01-06 08:00:09]class VehicleDataServiceStubImpl construction
[1980-01-06 08:00:09]VehicleDataService registerService Done
[1980-01-06 08:00:09]new VDDataModel()
[1980-01-06 08:00:09]VDDataModel is constructed
[1980-01-06 08:00:09]initACStatus done
[1980-01-06 08:00:09]initVehicleData done
[1980-01-06 08:00:09]initCrashData done
[1980-01-06 08:00:09]initTyrePressData done
[1980-01-06 08:00:09]initGValData done
[1980-01-06 08:00:09]initRadarData done
[1980-01-06 08:00:09]initBigData1 done
[1980-01-06 08:00:09]initBigData2 done
[1980-01-06 08:00:09]initNomalFaultData done
[1980-01-06 08:00:09]initElecChgeData done
[1980-01-06 08:00:09]initVehicleData1 done
[1980-01-06 08:00:09]initCarCFGData done
[1980-01-06 08:00:09]registerVehicleDataChangeCb Done
[1980-01-06 08:00:09]registerVehicleData1ChangeCb Done
[1980-01-06 08:00:09]registerHvacDataChangeCb Done
[1980-01-06 08:00:09]registerCrashChangeCb Done
[1980-01-06 08:00:09]registerPhoneCallChangeCb Done
[1980-01-06 08:00:09]registerCtrlResultChangeCb Done
[1980-01-06 08:00:09]new VDDataModelElec()
[1980-01-06 08:00:09]VDDataModelElec is constructed
[1980-01-06 08:00:09]initVcuData done
[1980-01-06 08:00:09]initMotorData done
[1980-01-06 08:00:09]initExtremumData done
[1980-01-06 08:00:09]initFaultData done
[1980-01-06 08:00:09]initChargeStorData done
[1980-01-06 08:00:09]initN1DTCData done
[1980-01-06 08:00:09]initN2DTCData done
[1980-01-06 08:00:09]initChargeStorTempData done
[1980-01-06 08:00:09]initCellSysNumData done
[1980-01-06 08:00:09]initDefineData done
[1980-01-06 08:00:09]registerVcuChangeCb Done
[1980-01-06 08:00:09]registerMotorChangeCb Done
[1980-01-06 08:00:09]registerExtremumChangeCb Done
[1980-01-06 08:00:09]registerFaultChangeCb Done
[1980-01-06 08:00:09]registerChargeStorChangeCb Done
[1980-01-06 08:00:09]registerTyreChangeCb Done
[1980-01-06 08:00:09]registerDTCChangeCb Done
[1980-01-06 08:00:09]registerGValChangeCb Done
[1980-01-06 08:00:09]registerRadarChangeCb Done
[1980-01-06 08:00:09]registerBigData1Cb Done
[1980-01-06 08:00:09]registerBigData2Cb Done
[1980-01-06 08:00:09]registerNomalFaultCb Done
[1980-01-06 08:00:09]registerCarCfgDataCb Done
[1980-01-06 08:00:09]autolinkMcuParseDataPThread -> start
[1980-01-06 08:00:10]MCU SERVICE IS AVAILABLE!
[1980-01-06 08:00:10]notify mcu service handshake sucessful
[1980-01-06 08:00:13]G:: D0 01 40 00 00 
[1980-01-06 08:00:13]G:: D0 02 01 14 FF 02 D5 80 D7 00 00 
[1980-01-06 08:00:13]G:: D0 03 01 64 01 64 00 64 00 64 03 64 
[1980-01-06 08:00:13]G:: D0 05 02 01 FF 03 06 
[1980-01-06 08:00:13]G:: D0 06 00 
[1980-01-06 08:00:13]G:: D0 07 00 
[1980-01-06 08:00:13]G:: D0 08 00 14 03 E9 00 00 00 00 00 00 
[1980-01-06 08:00:13]G:: D0 09 00 00 02 EC 00 00 
[1980-01-06 08:00:13]G:: D0 0A 01 48 00 00 00 01 86 D3 34 FF FF 00 8A 
[1980-01-06 08:00:13]G:: D0 0B 03 09 FF FF FF FF 00 00 
[1980-01-06 08:00:13]G:: D0 0C 00 00 00 
[1980-01-06 08:00:13]G:: D0 0D 0F 
[1980-01-06 08:00:13]G:: D0 0E 00 
[1980-01-06 08:00:13]G:: D0 0F 00 00 
[1980-01-06 08:00:13]G:: D0 11 00 00 00 00 00 00 00 00 00 00 00 00 00 00 00 00 00 00 00 00 00 00 00 00 00 
[1980-01-06 08:00:13]G:: D0 12 00 
[1980-01-06 08:00:13]G:: 50 1C 44 46 53 4B 30 30 30 31 30 30 30 32 30 30 32 36 31 39 31 30 31 36 30 30 30 31 30 30 30 30 31 30 
[1980-01-06 08:00:13]G:: D0 14 00 00 00 00 00 16 14 15 16 47 45 43 44 
[1980-01-06 08:00:13]G:: D0 15 00 
[1980-01-06 08:00:13]G:: D0 16 00 
[1980-01-06 08:00:13]G:: D0 1B 00 FF 
[1980-01-06 08:00:13]G:: 50 06 31 32 33 34 35 54 30 37 30 33 54 30 30 30 31 31 30 
[1980-01-06 08:00:13]G:: 50 0C A7 AA 69 46 67 5F 5F 24 
[1980-01-06 08:00:13]G:: D0 19 FF 
[1980-01-06 08:00:13]G:: D0 1D 00 00 00 4A 39 00 00 4D A4 00 00 4C 2D 07 BA 
[1980-01-06 08:00:13]G:: D0 13 02 
[1980-01-06 08:00:13]G:: D0 1E 00 
[1980-01-06 08:00:13]G:: D0 1F 00 
[1980-01-06 08:00:13]G:: D0 2A FF 00 02 00 00 02 02 02 02 02 
[1980-01-06 08:00:13]ecall invalid
[1980-01-06 08:00:13]bcall invalid
[1980-01-06 08:00:13]icall invalid
[1980-01-06 08:00:13]return ctrl default
[1980-01-06 08:00:13]result: default
[1980-01-06 08:00:13]car cfg CAR_CFG_PEPS
[1980-01-06 08:00:13]car type F_506S
[1980-01-06 08:00:16]G:: D0 09 00 00 02 F1 00 00 
[1980-01-06 08:00:21]new VDDataModelCtrl()
[1980-01-06 08:00:21]VDDataModelCtrl is constructed
[1980-01-06 08:00:21]G:: D0 09 00 00 02 F0 00 00 
[1980-01-06 08:00:26]G:: D0 09 00 00 02 F3 00 00 
[1980-01-06 08:00:29]G:: D0 05 02 01 FF 03 05 
[1980-01-06 08:00:29]G:: D0 05 02 01 FF 03 06 
[1980-01-06 08:00:29]G:: D0 05 02 01 FF 03 05 
[1980-01-06 08:00:29]G:: D0 05 02 01 FF 03 06 
[1980-01-06 08:00:29]G:: D0 05 02 01 FF 03 05 
[1980-01-06 08:00:30]G:: D0 05 02 01 FF 03 06 
[1980-01-06 08:00:30]G:: D0 05 02 01 FF 03 05 
[1980-01-06 08:00:30]G:: D0 05 02 01 FF 03 06 
[1980-01-06 08:00:30]G:: D0 05 02 01 FF 03 05 
[1980-01-06 08:00:30]G:: D0 05 02 01 FF 03 06 
[1980-01-06 08:00:30]G:: D0 05 02 01 FF 03 05 
[1980-01-06 08:00:30]G:: D0 05 02 01 FF 03 06 
[1980-01-06 08:00:30]G:: D0 05 02 01 FF 03 05 
[1980-01-06 08:00:30]G:: D0 05 02 01 FF 03 06 
[1980-01-06 08:00:30]G:: D0 05 02 01 FF 03 05 
[1980-01-06 08:00:30]G:: D0 05 02 01 FF 03 06 
[1980-01-06 08:00:30]G:: D0 05 02 01 FF 03 05 
[1980-01-06 08:00:30]G:: D0 05 02 01 FF 03 06 
[1980-01-06 08:00:30]G:: D0 05 02 01 FF 03 05 
[1980-01-06 08:00:30]G:: D0 05 02 01 FF 03 06 
[1980-01-06 08:00:30]G:: D0 05 02 01 FF 03 05 
[1980-01-06 08:00:30]G:: D0 05 02 01 FF 03 06 
[1980-01-06 08:00:30]G:: D0 05 02 01 FF 03 05 
[1980-01-06 08:00:30]G:: D0 05 02 01 FF 03 06 
[1980-01-06 08:00:30]G:: D0 05 02 01 FF 03 05 
[1980-01-06 08:00:30]G:: D0 05 02 01 FF 03 06 
[1980-01-06 08:00:30]G:: D0 05 02 01 FF 03 05 
[1980-01-06 08:00:30]G:: D0 05 02 01 FF 03 06 
[1980-01-06 08:00:30]G:: D0 05 02 01 FF 03 05 
[1980-01-06 08:00:30]G:: D0 05 02 01 FF 03 06 
[1980-01-06 08:00:30]G:: D0 05 02 01 FF 03 05 
[1980-01-06 08:00:30]G:: D0 05 02 01 FF 03 06 
[1980-01-06 08:00:31]G:: D0 05 02 01 FF 03 05 
[1980-01-06 08:00:31]G:: D0 05 02 01 FF 03 06 
[1980-01-06 08:00:31]G:: D0 05 02 01 FF 03 05 
[1980-01-06 08:00:31]G:: D0 05 02 01 FF 03 06 
[1980-01-06 08:00:31]G:: D0 05 02 01 FF 03 05 
[1980-01-06 08:00:31]G:: D0 05 02 01 FF 03 06 
[1980-01-06 08:00:31]G:: D0 05 02 01 FF 03 05 
[1980-01-06 08:00:31]G:: D0 05 02 01 FF 03 06 
[1980-01-06 08:00:31]G:: D0 05 02 01 FF 03 05 
[1980-01-06 08:00:31]G:: D0 05 02 01 FF 03 06 
[1980-01-06 08:00:31]G:: D0 05 02 01 FF 03 05 
[1980-01-06 08:00:31]G:: D0 05 02 01 FF 03 06 
[1980-01-06 08:00:31]G:: D0 05 02 01 FF 03 05 
[1980-01-06 08:00:31]G:: D0 05 02 01 FF 03 06 
[1980-01-06 08:00:31]G:: D0 05 02 01 FF 03 05 
[1980-01-06 08:00:31]G:: D0 05 02 01 FF 03 06 
[1980-01-06 08:00:31]G:: D0 05 02 01 FF 03 05 
[1980-01-06 08:00:31]G:: D0 09 00 00 03 07 00 00 
[1980-01-06 08:00:31]G:: D0 05 02 01 FF 03 06 
[1980-01-06 08:00:31]G:: D0 05 02 01 FF 03 05 
[1980-01-06 08:00:31]G:: D0 05 02 01 FF 03 06 
[1980-01-06 08:00:31]G:: D0 05 02 01 FF 03 05 
[1980-01-06 08:00:32]G:: D0 05 02 01 FF 03 06 
[1980-01-06 08:00:32]G:: D0 05 02 01 FF 03 05 
[1980-01-06 08:00:32]G:: D0 05 02 01 FF 03 06 
[1980-01-06 08:00:32]G:: D0 05 02 01 FF 03 05 
[1980-01-06 08:00:36]G:: D0 09 00 00 02 E9 00 00 
[1980-01-06 08:00:41]G:: D0 09 00 00 02 EF 00 00 
[1980-01-06 08:00:46]G:: D0 09 00 00 02 EA 00 00 
[2019-11-06 19:00:47]G:: D0 09 00 00 02 EC 00 00 
[2019-11-06 19:00:52]G:: D0 09 00 00 02 F0 00 00 
[2019-11-06 19:00:57]G:: D0 09 00 00 02 E9 00 00 
[2019-11-06 19:01:02]G:: D0 09 00 00 02 E3 00 00 
[2019-11-06 19:01:04]G:: D0 02 01 14 FF 02 D0 80 D7 00 00 
[2019-11-06 19:01:07]G:: D0 09 00 00 02 FF 00 00 
[2019-11-06 19:01:12]G:: D0 09 00 00 02 F2 00 00 
[2019-11-06 19:01:17]G:: D0 09 00 00 02 F4 00 00 
[2019-11-06 19:01:22]G:: D0 09 00 00 02 FC 00 00 
[2019-11-06 19:01:27]G:: D0 09 00 00 02 EC 00 00 
