[1980-01-06 08:00:09]               /\  /\                
[1980-01-06 08:00:09]***************  \/  *****************
[1980-01-06 08:00:09]                                      
[1980-01-06 08:00:09] data-service start!!!!               
[1980-01-06 08:00:09] build: Oct 31 2019 14:30:24 
[1980-01-06 08:00:09] build: 05 14 2019 10:50:18           
[1980-01-06 08:00:09]                                      
[1980-01-06 08:00:09]**************************************
[1980-01-06 08:00:09]class VehicleDataServiceStubImpl construction
[1980-01-06 08:00:09]VehicleDataService registerService Done
[1980-01-06 08:00:09]new VDDataModel()
[1980-01-06 08:00:09]VDDataModel is constructed
[1980-01-06 08:00:09]initACStatus done
[1980-01-06 08:00:09]initVehicleData done
[1980-01-06 08:00:09]initCrashData done
[1980-01-06 08:00:09]initTyrePressData done
[1980-01-06 08:00:09]initGValData done
[1980-01-06 08:00:09]initRadarData done
[1980-01-06 08:00:09]initBigData1 done
[1980-01-06 08:00:09]initBigData2 done
[1980-01-06 08:00:09]initNomalFaultData done
[1980-01-06 08:00:09]initElecChgeData done
[1980-01-06 08:00:09]initVehicleData1 done
[1980-01-06 08:00:09]initCarCFGData done
[1980-01-06 08:00:09]registerVehicleDataChangeCb Done
[1980-01-06 08:00:09]registerVehicleData1ChangeCb Done
[1980-01-06 08:00:09]registerHvacDataChangeCb Done
[1980-01-06 08:00:09]registerCrashChangeCb Done
[1980-01-06 08:00:09]registerPhoneCallChangeCb Done
[1980-01-06 08:00:09]registerCtrlResultChangeCb Done
[1980-01-06 08:00:09]new VDDataModelElec()
[1980-01-06 08:00:09]VDDataModelElec is constructed
[1980-01-06 08:00:09]initVcuData done
[1980-01-06 08:00:09]initMotorData done
[1980-01-06 08:00:09]initExtremumData done
[1980-01-06 08:00:09]initFaultData done
[1980-01-06 08:00:09]initChargeStorData done
[1980-01-06 08:00:09]initN1DTCData done
[1980-01-06 08:00:09]initN2DTCData done
[1980-01-06 08:00:09]initChargeStorTempData done
[1980-01-06 08:00:09]initCellSysNumData done
[1980-01-06 08:00:09]initDefineData done
[1980-01-06 08:00:09]registerVcuChangeCb Done
[1980-01-06 08:00:09]registerMotorChangeCb Done
[1980-01-06 08:00:10]registerExtremumChangeCb Done
[1980-01-06 08:00:10]registerFaultChangeCb Done
[1980-01-06 08:00:10]registerChargeStorChangeCb Done
[1980-01-06 08:00:10]registerTyreChangeCb Done
[1980-01-06 08:00:10]registerDTCChangeCb Done
[1980-01-06 08:00:10]registerGValChangeCb Done
[1980-01-06 08:00:10]registerRadarChangeCb Done
[1980-01-06 08:00:10]registerBigData1Cb Done
[1980-01-06 08:00:10]registerBigData2Cb Done
[1980-01-06 08:00:10]registerNomalFaultCb Done
[1980-01-06 08:00:10]registerCarCfgDataCb Done
[1980-01-06 08:00:10]autolinkMcuParseDataPThread -> start
[1980-01-06 08:00:10]MCU SERVICE IS AVAILABLE!
[1980-01-06 08:00:10]notify mcu service handshake sucessful
[1980-01-06 08:00:12]G:: D0 02 A1 34 FF 02 F8 80 D2 00 00 
[1980-01-06 08:00:12]G:: D0 0A 01 33 00 00 00 01 86 D5 30 FF FF 00 88 
[1980-01-06 08:00:13]G:: D0 01 C0 00 00 
[1980-01-06 08:00:13]G:: D0 02 A1 34 FF 02 F8 80 D2 00 00 
[1980-01-06 08:00:13]G:: D0 03 01 64 04 64 04 64 01 64 03 64 
[1980-01-06 08:00:13]G:: D0 05 02 01 FF 03 09 
[1980-01-06 08:00:13]G:: D0 06 00 
[1980-01-06 08:00:13]G:: D0 07 00 
[1980-01-06 08:00:13]G:: D0 08 00 37 03 E9 00 00 00 00 00 00 
[1980-01-06 08:00:13]G:: D0 09 00 00 03 7F 00 00 
[1980-01-06 08:00:13]G:: D0 0A 01 33 00 00 00 01 86 D5 30 FF FF 00 88 
[1980-01-06 08:00:13]G:: D0 0B 03 09 00 00 FF FF 00 00 
[1980-01-06 08:00:13]G:: D0 0C 00 00 00 
[1980-01-06 08:00:13]G:: D0 0D 0F 
[1980-01-06 08:00:13]G:: D0 0E 00 
[1980-01-06 08:00:13]G:: D0 0F 00 00 
[1980-01-06 08:00:13]G:: D0 11 00 00 00 00 00 00 00 00 00 00 00 00 00 00 00 00 00 00 00 00 00 00 00 00 00 
[1980-01-06 08:00:13]G:: D0 12 00 
[1980-01-06 08:00:13]G:: 50 1C 44 46 53 4B 30 30 30 31 30 30 30 32 30 30 32 36 31 39 31 30 31 36 30 30 30 31 30 30 30 30 31 30 
[1980-01-06 08:00:13]G:: D0 14 00 00 00 00 00 16 15 16 16 4B 4B 46 46 
[1980-01-06 08:00:13]ecall invalid
[1980-01-06 08:00:13]bcall invalid
[1980-01-06 08:00:13]icall invalid
[1980-01-06 08:00:13]G:: D0 15 00 
[1980-01-06 08:00:13]G:: D0 16 00 
[1980-01-06 08:00:13]G:: D0 1B 00 FF 
[1980-01-06 08:00:13]G:: 50 06 31 32 33 34 35 54 30 37 30 33 54 30 30 30 31 31 30 
[1980-01-06 08:00:13]G:: 50 0C A7 AA 69 46 67 5F 5F 24 
[1980-01-06 08:00:13]G:: D0 19 FF 
[1980-01-06 08:00:13]G:: D0 1D 02 00 00 4D A4 00 00 4D A4 00 00 4D A4 04 29 
[1980-01-06 08:00:13]G:: D0 13 02 
[1980-01-06 08:00:13]car cfg CAR_CFG_PEPS
[1980-01-06 08:00:13]car type F_506S
[1980-01-06 08:00:13]G:: D0 1E 00 
[1980-01-06 08:00:13]G:: D0 1F 00 
[1980-01-06 08:00:13]return ctrl default
[1980-01-06 08:00:13]result: default
[1980-01-06 08:00:13]G:: D0 2A FF 00 02 00 00 02 02 02 02 02 
[1980-01-06 08:00:13]G:: D0 09 00 00 03 8C 00 00 
[1980-01-06 08:00:17]G:: D0 02 A1 34 FF 02 F3 80 D2 00 00 
[1980-01-06 08:00:17]G:: D0 02 A1 34 FF 02 F8 80 D2 00 00 
[1980-01-06 08:00:18]G:: D0 02 A1 34 FF 02 F3 80 D2 00 00 
[1980-01-06 08:00:18]G:: D0 09 00 00 03 6F 00 00 
[1980-01-06 08:00:19]G:: D0 05 02 01 FF 03 08 
[1980-01-06 08:00:19]G:: D0 05 02 01 FF 03 09 
[1980-01-06 08:00:19]G:: D0 05 02 01 FF 03 08 
[1980-01-06 08:00:19]G:: D0 05 02 01 FF 03 09 
[1980-01-06 08:00:19]G:: D0 05 02 01 FF 03 08 
[1980-01-06 08:00:19]G:: D0 05 02 01 FF 03 09 
[1980-01-06 08:00:19]G:: D0 05 02 01 FF 03 08 
[1980-01-06 08:00:19]G:: D0 05 02 01 FF 03 09 
[1980-01-06 08:00:19]G:: D0 05 02 01 FF 03 08 
[1980-01-06 08:00:19]G:: D0 05 02 01 FF 03 09 
[1980-01-06 08:00:19]G:: D0 05 02 01 FF 03 08 
[1980-01-06 08:00:19]G:: D0 05 02 01 FF 03 09 
[1980-01-06 08:00:19]G:: D0 05 02 01 FF 03 08 
[1980-01-06 08:00:19]G:: D0 05 02 01 FF 03 08 
[1980-01-06 08:00:19]G:: D0 05 02 01 FF 03 09 
[1980-01-06 08:00:19]G:: D0 05 02 01 FF 03 09 
[1980-01-06 08:00:19]G:: D0 05 02 01 FF 03 08 
[1980-01-06 08:00:19]G:: D0 05 02 01 FF 03 09 
[1980-01-06 08:00:19]G:: D0 05 02 01 FF 03 08 
[1980-01-06 08:00:19]G:: D0 05 02 01 FF 03 09 
[1980-01-06 08:00:19]G:: D0 05 02 01 FF 03 08 
[1980-01-06 08:00:19]G:: D0 05 02 01 FF 03 09 
[1980-01-06 08:00:19]G:: D0 05 02 01 FF 03 08 
[1980-01-06 08:00:19]G:: D0 05 02 01 FF 03 09 
[1980-01-06 08:00:19]G:: D0 05 02 01 FF 03 08 
[1980-01-06 08:00:19]G:: D0 05 02 01 FF 03 09 
[1980-01-06 08:00:19]G:: D0 05 02 01 FF 03 08 
[1980-01-06 08:00:19]G:: D0 05 02 01 FF 03 09 
[1980-01-06 08:00:19]G:: D0 05 02 01 FF 03 08 
[1980-01-06 08:00:19]G:: D0 05 02 01 FF 03 09 
[1980-01-06 08:00:19]G:: D0 05 02 01 FF 03 08 
[1980-01-06 08:00:19]G:: D0 05 02 01 FF 03 09 
[1980-01-06 08:00:19]G:: D0 05 02 01 FF 03 08 
[1980-01-06 08:00:19]G:: D0 05 02 01 FF 03 09 
[1980-01-06 08:00:19]G:: D0 05 02 01 FF 03 08 
[1980-01-06 08:00:19]G:: D0 05 02 01 FF 03 09 
[1980-01-06 08:00:19]G:: D0 05 02 01 FF 03 08 
[1980-01-06 08:00:19]G:: D0 05 02 01 FF 03 09 
[1980-01-06 08:00:19]G:: D0 05 02 01 FF 03 08 
[1980-01-06 08:00:19]G:: D0 05 02 01 FF 03 09 
[1980-01-06 08:00:19]G:: D0 05 02 01 FF 03 08 
[1980-01-06 08:00:19]G:: D0 05 02 01 FF 03 09 
[1980-01-06 08:00:19]G:: D0 05 02 01 FF 03 08 
[1980-01-06 08:00:19]G:: D0 05 02 01 FF 03 09 
[1980-01-06 08:00:19]G:: D0 05 02 01 FF 03 09 
[1980-01-06 08:00:20]G:: D0 05 02 01 FF 03 08 
[1980-01-06 08:00:20]G:: D0 05 02 01 FF 03 08 
[1980-01-06 08:00:20]G:: D0 05 02 01 FF 03 09 
[1980-01-06 08:00:20]G:: D0 05 02 01 FF 03 08 
[1980-01-06 08:00:20]G:: D0 05 02 01 FF 03 09 
[1980-01-06 08:00:20]G:: D0 05 02 01 FF 03 08 
[1980-01-06 08:00:20]G:: D0 05 02 01 FF 03 09 
[1980-01-06 08:00:20]G:: D0 05 02 01 FF 03 08 
[1980-01-06 08:00:20]G:: D0 05 02 01 FF 03 09 
[1980-01-06 08:00:20]G:: D0 05 02 01 FF 03 08 
[1980-01-06 08:00:20]G:: D0 05 02 01 FF 03 09 
[1980-01-06 08:00:20]G:: D0 05 02 01 FF 03 08 
[1980-01-06 08:00:20]G:: D0 05 02 01 FF 03 09 
[1980-01-06 08:00:20]G:: D0 05 02 01 FF 03 08 
[1980-01-06 08:00:20]G:: D0 05 02 01 FF 03 09 
[1980-01-06 08:00:20]G:: D0 05 02 01 FF 03 08 
[1980-01-06 08:00:20]G:: D0 05 02 01 FF 03 09 
[1980-01-06 08:00:20]G:: D0 05 02 01 FF 03 08 
[1980-01-06 08:00:20]G:: D0 05 02 01 FF 03 09 
[1980-01-06 08:00:20]G:: D0 05 02 01 FF 03 08 
[1980-01-06 08:00:20]G:: D0 05 02 01 FF 03 09 
[1980-01-06 08:00:20]G:: D0 05 02 01 FF 03 08 
[1980-01-06 08:00:20]G:: D0 05 02 01 FF 03 09 
[1980-01-06 08:00:20]G:: D0 05 02 01 FF 03 08 
[1980-01-06 08:00:20]G:: D0 05 02 01 FF 03 09 
[1980-01-06 08:00:20]G:: D0 05 02 01 FF 03 08 
[1980-01-06 08:00:21]G:: D0 05 02 01 FF 03 09 
[1980-01-06 08:00:21]G:: D0 05 02 01 FF 03 08 
[1980-01-06 08:00:21]G:: D0 05 02 01 FF 03 09 
[1980-01-06 08:00:21]new VDDataModelCtrl()
[1980-01-06 08:00:21]VDDataModelCtrl is constructed
[1980-01-06 08:00:22]G:: D0 05 02 01 FF 03 08 
[1980-01-06 08:00:22]G:: D0 05 02 01 FF 03 09 
[1980-01-06 08:00:22]G:: D0 05 02 01 FF 03 08 
[1980-01-06 08:00:22]G:: D0 05 02 01 FF 03 09 
[1980-01-06 08:00:22]G:: D0 05 02 01 FF 03 08 
[1980-01-06 08:00:22]G:: D0 05 02 01 FF 03 09 
[1980-01-06 08:00:23]G:: D0 05 02 01 FF 03 08 
[1980-01-06 08:00:23]G:: D0 05 02 01 FF 03 09 
[1980-01-06 08:00:23]G:: D0 05 02 01 FF 03 08 
[1980-01-06 08:00:23]G:: D0 05 02 01 FF 03 09 
[1980-01-06 08:00:23]G:: D0 09 00 00 03 5E 00 00 
[1980-01-06 08:00:23]G:: D0 05 02 01 FF 03 08 
[1980-01-06 08:00:23]G:: D0 05 02 01 FF 03 09 
[1980-01-06 08:00:23]G:: D0 05 02 01 FF 03 08 
[1980-01-06 08:00:23]G:: D0 05 02 01 FF 03 09 
[1980-01-06 08:00:23]G:: D0 05 02 01 FF 03 08 
[1980-01-06 08:00:23]G:: D0 05 02 01 FF 03 09 
[1980-01-06 08:00:23]G:: D0 05 02 01 FF 03 08 
[1980-01-06 08:00:23]G:: D0 05 02 01 FF 03 09 
[1980-01-06 08:00:23]G:: D0 05 02 01 FF 03 08 
[1980-01-06 08:00:23]G:: D0 05 02 01 FF 03 09 
[1980-01-06 08:00:23]G:: D0 05 02 01 FF 03 08 
[1980-01-06 08:00:23]G:: D0 05 02 01 FF 03 09 
[1980-01-06 08:00:23]G:: D0 05 02 01 FF 03 08 
[1980-01-06 08:00:23]G:: D0 05 02 01 FF 03 09 
[1980-01-06 08:00:23]G:: D0 05 02 01 FF 03 08 
[1980-01-06 08:00:23]G:: D0 05 02 01 FF 03 09 
[1980-01-06 08:00:23]G:: D0 05 02 01 FF 03 08 
[1980-01-06 08:00:24]G:: D0 05 02 01 FF 03 09 
[1980-01-06 08:00:24]G:: D0 05 02 01 FF 03 09 
[1980-01-06 08:00:24]G:: D0 05 02 01 FF 03 09 
[1980-01-06 08:00:24]G:: D0 05 02 01 FF 03 08 
[1980-01-06 08:00:24]G:: D0 05 02 01 FF 03 09 
[1980-01-06 08:00:24]G:: D0 05 02 01 FF 03 09 
[1980-01-06 08:00:24]G:: D0 05 02 01 FF 03 09 
[1980-01-06 08:00:24]G:: D0 05 02 01 FF 03 08 
[1980-01-06 08:00:24]G:: D0 05 02 01 FF 03 09 
[1980-01-06 08:00:24]G:: D0 05 02 01 FF 03 08 
[1980-01-06 08:00:24]G:: D0 05 02 01 FF 03 09 
[1980-01-06 08:00:24]G:: D0 05 02 01 FF 03 08 
[1980-01-06 08:00:24]G:: D0 05 02 01 FF 03 09 
[1980-01-06 08:00:24]G:: D0 05 02 01 FF 03 08 
[1980-01-06 08:00:24]G:: D0 05 02 01 FF 03 09 
[1980-01-06 08:00:24]G:: D0 05 02 01 FF 03 08 
[1980-01-06 08:00:24]G:: D0 05 02 01 FF 03 09 
[1980-01-06 08:00:24]G:: D0 05 02 01 FF 03 08 
[1980-01-06 08:00:24]G:: D0 05 02 01 FF 03 09 
[1980-01-06 08:00:24]G:: D0 05 02 01 FF 03 08 
[1980-01-06 08:00:24]G:: D0 05 02 01 FF 03 09 
[1980-01-06 08:00:25]G:: D0 05 02 01 FF 03 08 
[1980-01-06 08:00:25]G:: D0 05 02 01 FF 03 09 
[1980-01-06 08:00:25]G:: D0 05 02 01 FF 03 08 
[1980-01-06 08:00:25]G:: D0 05 02 01 FF 03 09 
[1980-01-06 08:00:25]G:: D0 05 02 01 FF 03 08 
[1980-01-06 08:00:25]G:: D0 05 02 01 FF 03 09 
[1980-01-06 08:00:25]G:: D0 05 02 01 FF 03 08 
[1980-01-06 08:00:25]G:: D0 05 02 01 FF 03 09 
[1980-01-06 08:00:25]G:: D0 05 02 01 FF 03 08 
[1980-01-06 08:00:25]G:: D0 05 02 01 FF 03 09 
[1980-01-06 08:00:25]G:: D0 05 02 01 FF 03 08 
[1980-01-06 08:00:25]G:: D0 05 02 01 FF 03 09 
[1980-01-06 08:00:25]G:: D0 05 02 01 FF 03 08 
[1980-01-06 08:00:26]G:: D0 05 02 01 FF 03 09 
[1980-01-06 08:00:26]G:: D0 05 02 01 FF 03 08 
[1980-01-06 08:00:26]G:: D0 05 02 01 FF 03 09 
[1980-01-06 08:00:26]G:: D0 05 02 01 FF 03 08 
[1980-01-06 08:00:26]G:: D0 05 02 01 FF 03 09 
[1980-01-06 08:00:26]G:: D0 05 02 01 FF 03 08 
[1980-01-06 08:00:26]G:: D0 05 02 01 FF 03 09 
[1980-01-06 08:00:26]G:: D0 05 02 01 FF 03 08 
[1980-01-06 08:00:26]G:: D0 05 02 01 FF 03 09 
[1980-01-06 08:00:26]G:: D0 05 02 01 FF 03 08 
[1980-01-06 08:00:26]G:: D0 05 02 01 FF 03 09 
[1980-01-06 08:00:27]G:: D0 05 02 01 FF 03 08 
[1980-01-06 08:00:27]G:: D0 05 02 01 FF 03 09 
[1980-01-06 08:00:27]G:: D0 05 02 01 FF 03 08 
[1980-01-06 08:00:27]G:: D0 05 02 01 FF 03 09 
[1980-01-06 08:00:27]G:: D0 05 02 01 FF 03 08 
[1980-01-06 08:00:27]G:: D0 05 02 01 FF 03 09 
[1980-01-06 08:00:27]G:: D0 05 02 01 FF 03 08 
[1980-01-06 08:00:27]G:: D0 05 02 01 FF 03 09 
[1980-01-06 08:00:27]G:: D0 05 02 01 FF 03 08 
[1980-01-06 08:00:27]G:: D0 05 02 01 FF 03 09 
[1980-01-06 08:00:27]G:: D0 05 02 01 FF 03 08 
[1980-01-06 08:00:27]G:: D0 05 02 01 FF 03 09 
[1980-01-06 08:00:27]G:: D0 05 02 01 FF 03 08 
[1980-01-06 08:00:27]G:: D0 05 02 01 FF 03 09 
[1980-01-06 08:00:27]G:: D0 05 02 01 FF 03 08 
[1980-01-06 08:00:27]G:: D0 05 02 01 FF 03 09 
[1980-01-06 08:00:28]G:: D0 05 02 01 FF 03 08 
[1980-01-06 08:00:28]G:: D0 05 02 01 FF 03 09 
[1980-01-06 08:00:28]G:: D0 05 02 01 FF 03 08 
[1980-01-06 08:00:28]G:: D0 05 02 01 FF 03 09 
[1980-01-06 08:00:28]G:: D0 09 00 00 03 57 00 00 
[1980-01-06 08:00:28]G:: D0 05 02 01 FF 03 08 
[1980-01-06 08:00:28]G:: D0 05 02 01 FF 03 09 
[1980-01-06 08:00:28]G:: D0 05 02 01 FF 03 08 
[1980-01-06 08:00:28]G:: D0 05 02 01 FF 03 09 
[1980-01-06 08:00:29]G:: D0 05 02 01 FF 03 08 
[1980-01-06 08:00:29]G:: D0 05 02 01 FF 03 09 
[1980-01-06 08:00:29]G:: D0 05 02 01 FF 03 08 
[1980-01-06 08:00:29]G:: D0 05 02 01 FF 03 09 
[1980-01-06 08:00:29]G:: D0 05 02 01 FF 03 08 
[1980-01-06 08:00:29]G:: D0 05 02 01 FF 03 09 
[1980-01-06 08:00:29]G:: D0 05 02 01 FF 03 08 
[1980-01-06 08:00:29]G:: D0 05 02 01 FF 03 09 
[1980-01-06 08:00:29]G:: D0 05 02 01 FF 03 08 
[1980-01-06 08:00:29]G:: D0 05 02 01 FF 03 09 
[1980-01-06 08:00:29]G:: D0 05 02 01 FF 03 08 
[1980-01-06 08:00:29]G:: D0 05 02 01 FF 03 09 
[1980-01-06 08:00:29]G:: D0 05 02 01 FF 03 08 
[1980-01-06 08:00:29]G:: D0 05 02 01 FF 03 09 
[1980-01-06 08:00:29]G:: D0 05 02 01 FF 03 08 
[1980-01-06 08:00:29]G:: D0 05 02 01 FF 03 09 
[1980-01-06 08:00:29]G:: D0 05 02 01 FF 03 08 
[1980-01-06 08:00:29]G:: D0 05 02 01 FF 03 09 
[1980-01-06 08:00:29]G:: D0 05 02 01 FF 03 08 
[1980-01-06 08:00:29]G:: D0 05 02 01 FF 03 09 
[1980-01-06 08:00:29]G:: D0 05 02 01 FF 03 08 
[1980-01-06 08:00:29]G:: D0 05 02 01 FF 03 09 
[1980-01-06 08:00:30]G:: D0 05 02 01 FF 03 08 
[1980-01-06 08:00:30]G:: D0 05 02 01 FF 03 09 
[1980-01-06 08:00:30]G:: D0 05 02 01 FF 03 08 
[1980-01-06 08:00:30]G:: D0 05 02 01 FF 03 09 
[1980-01-06 08:00:30]G:: D0 05 02 01 FF 03 08 
[1980-01-06 08:00:30]G:: D0 05 02 01 FF 03 09 
[1980-01-06 08:00:30]G:: D0 05 02 01 FF 03 08 
[1980-01-06 08:00:30]G:: D0 05 02 01 FF 03 09 
[1980-01-06 08:00:30]G:: D0 05 02 01 FF 03 08 
[1980-01-06 08:00:30]G:: D0 05 02 01 FF 03 09 
[1980-01-06 08:00:30]G:: D0 05 02 01 FF 03 08 
[1980-01-06 08:00:30]G:: D0 05 02 01 FF 03 09 
[1980-01-06 08:00:30]G:: D0 05 02 01 FF 03 08 
[1980-01-06 08:00:30]G:: D0 05 02 01 FF 03 09 
[1980-01-06 08:00:30]G:: D0 05 02 01 FF 03 08 
[1980-01-06 08:00:30]G:: D0 05 02 01 FF 03 09 
[1980-01-06 08:00:30]G:: D0 05 02 01 FF 03 08 
[1980-01-06 08:00:30]G:: D0 05 02 01 FF 03 09 
[1980-01-06 08:00:30]G:: D0 05 02 01 FF 03 08 
[1980-01-06 08:00:30]G:: D0 05 02 01 FF 03 09 
[1980-01-06 08:00:30]G:: D0 05 02 01 FF 03 08 
[1980-01-06 08:00:30]G:: D0 05 02 01 FF 03 09 
[1980-01-06 08:00:30]G:: D0 05 02 01 FF 03 08 
[1980-01-06 08:00:30]G:: D0 05 02 01 FF 03 09 
[1980-01-06 08:00:30]G:: D0 05 02 01 FF 03 08 
[1980-01-06 08:00:30]G:: D0 05 02 01 FF 03 09 
[1980-01-06 08:00:30]G:: D0 05 02 01 FF 03 08 
[1980-01-06 08:00:30]G:: D0 05 02 01 FF 03 09 
[1980-01-06 08:00:31]G:: D0 05 02 01 FF 03 08 
[1980-01-06 08:00:31]G:: D0 05 02 01 FF 03 09 
[1980-01-06 08:00:31]G:: D0 05 02 01 FF 03 08 
[1980-01-06 08:00:31]G:: D0 05 02 01 FF 03 09 
[1980-01-06 08:00:31]G:: D0 05 02 01 FF 03 08 
[1980-01-06 08:00:31]G:: D0 05 02 01 FF 03 09 
[1980-01-06 08:00:31]G:: D0 05 02 01 FF 03 08 
[1980-01-06 08:00:31]G:: D0 05 02 01 FF 03 09 
[1980-01-06 08:00:31]G:: D0 05 02 01 FF 03 08 
[1980-01-06 08:00:31]G:: D0 05 02 01 FF 03 09 
[1980-01-06 08:00:31]G:: D0 05 02 01 FF 03 08 
[1980-01-06 08:00:31]G:: D0 05 02 01 FF 03 09 
[1980-01-06 08:00:31]G:: D0 05 02 01 FF 03 08 
[1980-01-06 08:00:31]G:: D0 05 02 01 FF 03 09 
[1980-01-06 08:00:31]G:: D0 05 02 01 FF 03 08 
[1980-01-06 08:00:31]G:: D0 05 02 01 FF 03 09 
[1980-01-06 08:00:31]G:: D0 01 C2 00 00 
[1980-01-06 08:00:31]G:: D0 05 02 01 FF 03 08 
[1980-01-06 08:00:31]G:: D0 05 02 01 FF 03 09 
[1980-01-06 08:00:31]G:: D0 05 02 01 FF 03 08 
[1980-01-06 08:00:31]G:: D0 05 02 01 FF 03 09 
[1980-01-06 08:00:31]G:: D0 05 02 01 FF 03 08 
[1980-01-06 08:00:31]G:: D0 05 02 01 FF 03 09 
[1980-01-06 08:00:32]G:: D0 05 02 01 FF 03 08 
[1980-01-06 08:00:32]G:: D0 05 02 01 FF 03 09 
[1980-01-06 08:00:32]G:: D0 05 02 01 FF 03 08 
[1980-01-06 08:00:32]G:: D0 05 02 01 FF 03 09 
[1980-01-06 08:00:32]G:: D0 05 02 01 FF 03 08 
[1980-01-06 08:00:32]G:: D0 05 02 01 FF 03 09 
[1980-01-06 08:00:32]G:: D0 05 02 01 FF 03 08 
[1980-01-06 08:00:32]G:: D0 05 02 01 FF 03 09 
[1980-01-06 08:00:32]G:: D0 05 02 01 FF 03 08 
[1980-01-06 08:00:32]G:: D0 05 02 01 FF 03 09 
[1980-01-06 08:00:32]G:: D0 05 02 01 FF 03 08 
[1980-01-06 08:00:32]G:: D0 05 02 01 FF 03 09 
[1980-01-06 08:00:32]G:: D0 05 02 01 FF 03 08 
[1980-01-06 08:00:32]G:: D0 05 02 01 FF 03 09 
[1980-01-06 08:00:32]G:: D0 05 02 01 FF 03 08 
[1980-01-06 08:00:32]G:: D0 05 02 01 FF 03 09 
[1980-01-06 08:00:32]G:: D0 05 02 01 FF 03 08 
[1980-01-06 08:00:32]G:: D0 05 02 01 FF 03 09 
[1980-01-06 08:00:32]G:: D0 05 02 01 FF 03 08 
[1980-01-06 08:00:32]G:: D0 05 02 01 FF 03 09 
[1980-01-06 08:00:32]G:: D0 05 02 01 FF 03 08 
[1980-01-06 08:00:32]G:: D0 05 02 01 FF 03 09 
[1980-01-06 08:00:32]G:: D0 05 02 01 FF 03 08 
[1980-01-06 08:00:32]G:: D0 05 02 01 FF 03 09 
[1980-01-06 08:00:33]G:: D0 05 02 01 FF 03 08 
[1980-01-06 08:00:33]G:: D0 05 02 01 FF 03 09 
[1980-01-06 08:00:33]G:: D0 05 02 01 FF 03 08 
[1980-01-06 08:00:33]G:: D0 05 02 01 FF 03 09 
[1980-01-06 08:00:33]G:: D0 05 02 01 FF 03 08 
[1980-01-06 08:00:33]G:: D0 05 02 01 FF 03 09 
[1980-01-06 08:00:33]G:: D0 09 00 00 03 42 00 00 
[1980-01-06 08:00:33]G:: D0 05 02 01 FF 03 08 
[1980-01-06 08:00:33]G:: D0 05 02 01 FF 03 09 
[1980-01-06 08:00:33]G:: D0 05 02 01 FF 03 08 
[1980-01-06 08:00:33]G:: D0 05 02 01 FF 03 09 
[1980-01-06 08:00:33]G:: D0 05 02 01 FF 03 08 
[1980-01-06 08:00:33]G:: D0 05 02 01 FF 03 09 
[1980-01-06 08:00:33]G:: D0 05 02 01 FF 03 08 
[1980-01-06 08:00:33]G:: D0 05 02 01 FF 03 09 
[1980-01-06 08:00:33]G:: D0 05 02 01 FF 03 08 
[1980-01-06 08:00:33]G:: D0 05 02 01 FF 03 09 
[1980-01-06 08:00:33]G:: D0 05 02 01 FF 03 08 
[1980-01-06 08:00:33]G:: D0 05 02 01 FF 03 09 
[1980-01-06 08:00:34]G:: D0 05 02 01 FF 03 08 
[1980-01-06 08:00:34]G:: D0 05 02 01 FF 03 09 
[1980-01-06 08:00:34]G:: D0 05 02 01 FF 03 08 
[1980-01-06 08:00:34]G:: D0 05 02 01 FF 03 09 
[1980-01-06 08:00:34]G:: D0 05 02 01 FF 03 08 
[1980-01-06 08:00:34]G:: D0 05 02 01 FF 03 09 
[1980-01-06 08:00:34]G:: D0 05 02 01 FF 03 08 
[1980-01-06 08:00:34]G:: D0 05 02 01 FF 03 09 
[1980-01-06 08:00:34]G:: D0 05 02 01 FF 03 08 
[1980-01-06 08:00:34]G:: D0 05 02 01 FF 03 09 
[1980-01-06 08:00:34]G:: D0 05 02 01 FF 03 08 
[1980-01-06 08:00:34]G:: D0 05 02 01 FF 03 09 
[1980-01-06 08:00:34]G:: D0 05 02 01 FF 03 08 
[1980-01-06 08:00:34]G:: D0 05 02 01 FF 03 09 
[1980-01-06 08:00:34]G:: D0 05 02 01 FF 03 08 
[1980-01-06 08:00:34]G:: D0 05 02 01 FF 03 09 
[1980-01-06 08:00:34]G:: D0 05 02 01 FF 03 08 
[1980-01-06 08:00:34]G:: D0 05 02 01 FF 03 09 
[1980-01-06 08:00:34]G:: D0 05 02 01 FF 03 08 
[1980-01-06 08:00:34]G:: D0 05 02 01 FF 03 09 
[1980-01-06 08:00:35]G:: D0 05 02 01 FF 03 08 
[1980-01-06 08:00:35]G:: D0 05 02 01 FF 03 09 
[1980-01-06 08:00:35]G:: D0 05 02 01 FF 03 08 
[1980-01-06 08:00:35]G:: D0 05 02 01 FF 03 09 
[1980-01-06 08:00:35]G:: D0 05 02 01 FF 03 08 
[1980-01-06 08:00:35]G:: D0 05 02 01 FF 03 09 
[1980-01-06 08:00:35]G:: D0 05 02 01 FF 03 08 
[1980-01-06 08:00:35]G:: D0 05 02 01 FF 03 09 
[1980-01-06 08:00:35]G:: D0 05 02 01 FF 03 08 
[1980-01-06 08:00:35]G:: D0 05 02 01 FF 03 09 
[1980-01-06 08:00:35]G:: D0 05 02 01 FF 03 08 
[1980-01-06 08:00:35]G:: D0 05 02 01 FF 03 09 
[1980-01-06 08:00:35]G:: D0 05 02 01 FF 03 08 
[1980-01-06 08:00:35]G:: D0 05 02 01 FF 03 09 
[1980-01-06 08:00:35]G:: D0 05 02 01 FF 03 08 
[1980-01-06 08:00:35]G:: D0 05 02 01 FF 03 09 
[1980-01-06 08:00:35]G:: D0 05 02 01 FF 03 08 
[1980-01-06 08:00:35]G:: D0 05 02 01 FF 03 09 
[1980-01-06 08:00:35]G:: D0 05 02 01 FF 03 08 
[1980-01-06 08:00:35]G:: D0 05 02 01 FF 03 09 
[1980-01-06 08:00:35]G:: D0 05 02 01 FF 03 08 
[1980-01-06 08:00:35]G:: D0 05 02 01 FF 03 09 
[1980-01-06 08:00:36]G:: D0 05 02 01 FF 03 08 
[1980-01-06 08:00:36]G:: D0 05 02 01 FF 03 09 
[1980-01-06 08:00:36]G:: D0 05 02 01 FF 03 08 
[1980-01-06 08:00:36]G:: D0 05 02 01 FF 03 09 
[1980-01-06 08:00:36]G:: D0 05 02 01 FF 03 08 
[1980-01-06 08:00:36]G:: D0 05 02 01 FF 03 09 
[1980-01-06 08:00:37]G:: D0 05 02 01 FF 03 08 
[1980-01-06 08:00:37]G:: D0 05 02 01 FF 03 09 
[1980-01-06 08:00:37]G:: D0 05 02 01 FF 03 08 
[1980-01-06 08:00:37]G:: D0 05 02 01 FF 03 09 
[1980-01-06 08:00:37]G:: D0 05 02 01 FF 03 08 
[1980-01-06 08:00:37]G:: D0 05 02 01 FF 03 09 
[1980-01-06 08:00:37]G:: D0 05 02 01 FF 03 08 
[1980-01-06 08:00:37]G:: D0 05 02 01 FF 03 09 
[1980-01-06 08:00:37]G:: D0 05 02 01 FF 03 08 
[1980-01-06 08:00:37]G:: D0 05 02 01 FF 03 09 
[1980-01-06 08:00:37]G:: D0 05 02 01 FF 03 08 
[1980-01-06 08:00:37]G:: D0 05 02 01 FF 03 09 
[1980-01-06 08:00:38]G:: D0 09 00 00 03 45 00 00 
[1980-01-06 08:00:39]G:: D0 05 02 01 FF 03 08 
[1980-01-06 08:00:39]G:: D0 05 02 01 FF 03 09 
[1980-01-06 08:00:39]G:: D0 05 02 01 FF 03 08 
[1980-01-06 08:00:39]G:: D0 05 02 01 FF 03 09 
[1980-01-06 08:00:39]G:: D0 05 02 01 FF 03 08 
[1980-01-06 08:00:39]G:: D0 05 02 01 FF 03 09 
[1980-01-06 08:00:39]G:: D0 05 02 01 FF 03 08 
[1980-01-06 08:00:39]G:: D0 05 02 01 FF 03 09 
[1980-01-06 08:00:39]G:: D0 05 02 01 FF 03 08 
[1980-01-06 08:00:39]G:: D0 05 02 01 FF 03 09 
[1980-01-06 08:00:39]G:: D0 05 02 01 FF 03 08 
[1980-01-06 08:00:39]G:: D0 05 02 01 FF 03 09 
[1980-01-06 08:00:40]G:: D0 05 02 01 FF 03 08 
[1980-01-06 08:00:40]G:: D0 05 02 01 FF 03 09 
[1980-01-06 08:00:40]G:: D0 05 02 01 FF 03 08 
[1980-01-06 08:00:40]G:: D0 05 02 01 FF 03 09 
[1980-01-06 08:00:40]G:: D0 01 C0 00 00 
[1980-01-06 08:00:41]G:: D0 05 02 01 FF 03 08 
[1980-01-06 08:00:41]G:: D0 05 02 01 FF 03 09 
[1980-01-06 08:00:42]G:: D0 05 02 01 FF 03 08 
[1980-01-06 08:00:42]G:: D0 05 02 01 FF 03 09 
[1980-01-06 08:00:42]G:: D0 05 02 01 FF 03 08 
[1980-01-06 08:00:42]G:: D0 05 02 01 FF 03 09 
[1980-01-06 08:00:43]G:: D0 05 02 01 FF 03 08 
[1980-01-06 08:00:43]G:: D0 05 02 01 FF 03 09 
[1980-01-06 08:00:43]G:: D0 09 00 00 03 4D 00 00 
[1980-01-06 08:00:44]G:: D0 05 02 01 FF 03 08 
[1980-01-06 08:00:44]G:: D0 05 02 01 FF 03 09 
[1980-01-06 08:00:45]G:: D0 05 02 01 FF 03 08 
[1980-01-06 08:00:45]G:: D0 05 02 01 FF 03 09 
[2019-11-07 16:44:36]G:: D0 05 02 01 FF 03 08 
[2019-11-07 16:44:36]G:: D0 05 02 01 FF 03 09 
[2019-11-07 16:44:36]G:: D0 05 02 01 FF 03 08 
[2019-11-07 16:44:36]G:: D0 05 02 01 FF 03 09 
[2019-11-07 16:44:38]G:: D0 09 00 00 03 4C 00 00 
[2019-11-07 16:44:40]G:: D0 05 02 01 FF 03 08 
[2019-11-07 16:44:40]G:: D0 05 02 01 FF 03 09 
[2019-11-07 16:44:40]G:: D0 05 02 01 FF 03 08 
[2019-11-07 16:44:40]G:: D0 05 02 01 FF 03 09 
[2019-11-07 16:44:41]G:: D0 05 02 01 FF 03 08 
[2019-11-07 16:44:41]G:: D0 05 02 01 FF 03 09 
[2019-11-07 16:44:41]G:: D0 05 02 01 FF 03 08 
[2019-11-07 16:44:41]G:: D0 05 02 01 FF 03 09 
[2019-11-07 16:44:43]G:: D0 09 00 00 03 4D 00 00 
[2019-11-07 16:44:45]G:: D0 05 02 01 FF 03 08 
[2019-11-07 16:44:45]G:: D0 05 02 01 FF 03 09 
[2019-11-07 16:44:48]G:: D0 09 00 00 03 49 00 00 
[2019-11-07 16:44:53]G:: D0 09 00 00 03 56 00 00 
[2019-11-07 16:44:58]G:: D0 09 00 00 03 50 00 00 
[2019-11-07 16:45:03]G:: D0 09 00 00 03 53 00 00 
[2019-11-07 16:45:08]G:: D0 09 00 00 03 49 00 00 
[2019-11-07 16:45:08]G:: D0 0B 03 09 00 00 FF FF 00 00 
[2019-11-07 16:45:08]G:: D0 05 02 01 FF 03 08 
[2019-11-07 16:45:08]G:: D0 05 02 01 FF 03 09 
[2019-11-07 16:45:10]G:: D0 02 A1 34 FF 02 EE 80 D2 00 00 
[2019-11-07 16:45:13]G:: D0 09 00 00 03 54 00 00 
[2019-11-07 16:45:18]G:: D0 09 00 00 03 4E 00 00 
[2019-11-07 16:45:23]G:: D0 09 00 00 03 4E 00 00 
[2019-11-07 16:45:28]G:: D0 09 00 00 03 57 00 00 
[2019-11-07 16:45:31]G:: D0 05 02 01 FF 03 08 
[2019-11-07 16:45:31]G:: D0 05 02 01 FF 03 09 
[2019-11-07 16:45:33]G:: D0 09 00 00 03 4B 00 00 
[2019-11-07 16:45:38]G:: D0 09 00 00 03 55 00 00 
[2019-11-07 16:45:40]G:: D0 02 A1 34 FF 02 F3 80 D2 00 00 
[2019-11-07 16:45:43]G:: D0 09 00 00 03 53 00 00 
[2019-11-07 16:45:48]G:: D0 09 00 00 03 56 00 00 
[2019-11-07 16:45:53]G:: D0 09 00 00 03 5D 00 00 
[2019-11-07 16:45:58]G:: D0 09 00 00 03 4D 00 00 
[2019-11-07 16:46:03]G:: D0 09 00 00 03 57 00 00 
[2019-11-07 16:46:08]G:: D0 09 00 00 03 59 00 00 
[2019-11-07 16:46:13]G:: D0 09 00 00 03 5B 00 00 
[2019-11-07 16:46:18]G:: D0 09 00 00 03 56 00 00 
