[1980-01-06 08:00:09]               /\  /\                
[1980-01-06 08:00:09]***************  \/  *****************
[1980-01-06 08:00:09]                                      
[1980-01-06 08:00:09] data-service start!!!!               
[1980-01-06 08:00:09] build: Oct 31 2019 14:30:24 
[1980-01-06 08:00:09] build: 05 14 2019 10:50:18           
[1980-01-06 08:00:09]                                      
[1980-01-06 08:00:09]**************************************
[1980-01-06 08:00:09]class VehicleDataServiceStubImpl construction
[1980-01-06 08:00:09]VehicleDataService registerService Done
[1980-01-06 08:00:09]new VDDataModel()
[1980-01-06 08:00:09]VDDataModel is constructed
[1980-01-06 08:00:09]initACStatus done
[1980-01-06 08:00:09]initVehicleData done
[1980-01-06 08:00:09]initCrashData done
[1980-01-06 08:00:09]initTyrePressData done
[1980-01-06 08:00:09]initGValData done
[1980-01-06 08:00:09]initRadarData done
[1980-01-06 08:00:09]initBigData1 done
[1980-01-06 08:00:09]initBigData2 done
[1980-01-06 08:00:09]initNomalFaultData done
[1980-01-06 08:00:09]initElecChgeData done
[1980-01-06 08:00:09]initVehicleData1 done
[1980-01-06 08:00:09]initCarCFGData done
[1980-01-06 08:00:09]registerVehicleDataChangeCb Done
[1980-01-06 08:00:09]registerVehicleData1ChangeCb Done
[1980-01-06 08:00:09]registerHvacDataChangeCb Done
[1980-01-06 08:00:09]registerCrashChangeCb Done
[1980-01-06 08:00:09]registerPhoneCallChangeCb Done
[1980-01-06 08:00:09]registerCtrlResultChangeCb Done
[1980-01-06 08:00:09]new VDDataModelElec()
[1980-01-06 08:00:09]VDDataModelElec is constructed
[1980-01-06 08:00:09]initVcuData done
[1980-01-06 08:00:09]initMotorData done
[1980-01-06 08:00:09]initExtremumData done
[1980-01-06 08:00:09]initFaultData done
[1980-01-06 08:00:09]initChargeStorData done
[1980-01-06 08:00:09]initN1DTCData done
[1980-01-06 08:00:09]initN2DTCData done
[1980-01-06 08:00:09]initChargeStorTempData done
[1980-01-06 08:00:09]initCellSysNumData done
[1980-01-06 08:00:09]initDefineData done
[1980-01-06 08:00:09]registerVcuChangeCb Done
[1980-01-06 08:00:09]registerMotorChangeCb Done
[1980-01-06 08:00:09]registerExtremumChangeCb Done
[1980-01-06 08:00:09]registerFaultChangeCb Done
[1980-01-06 08:00:09]registerChargeStorChangeCb Done
[1980-01-06 08:00:09]registerTyreChangeCb Done
[1980-01-06 08:00:09]registerDTCChangeCb Done
[1980-01-06 08:00:09]registerGValChangeCb Done
[1980-01-06 08:00:09]registerRadarChangeCb Done
[1980-01-06 08:00:09]registerBigData1Cb Done
[1980-01-06 08:00:09]registerBigData2Cb Done
[1980-01-06 08:00:09]registerNomalFaultCb Done
[1980-01-06 08:00:09]registerCarCfgDataCb Done
[1980-01-06 08:00:10]autolinkMcuParseDataPThread -> start
[1980-01-06 08:00:10]MCU SERVICE IS AVAILABLE!
[1980-01-06 08:00:10]notify mcu service handshake sucessful
[1980-01-06 08:00:13]G:: D0 01 40 00 00 
[1980-01-06 08:00:13]G:: D0 02 00 0F FF 00 00 80 00 00 00 
[1980-01-06 08:00:13]G:: D0 03 01 64 04 64 04 64 01 64 03 64 
[1980-01-06 08:00:13]G:: D0 05 FF FF FF 03 00 
[1980-01-06 08:00:13]G:: D0 06 00 
[1980-01-06 08:00:13]G:: D0 07 00 
[1980-01-06 08:00:13]G:: D0 08 00 00 03 E9 00 00 00 00 00 00 
[1980-01-06 08:00:13]G:: D0 09 FF FF 00 00 00 00 
[1980-01-06 08:00:13]G:: D0 0A 00 00 00 00 00 01 86 D5 2F FF FF 00 67 
[1980-01-06 08:00:13]G:: D0 0B FF FF FF FF FF FF 00 00 
[1980-01-06 08:00:13]G:: D0 0C 00 00 00 
[1980-01-06 08:00:13]G:: D0 0D 0F 
[1980-01-06 08:00:13]G:: D0 0E 00 
[1980-01-06 08:00:13]G:: D0 0F 00 00 
[1980-01-06 08:00:13]G:: D0 11 00 00 00 00 00 00 00 00 00 00 00 00 00 00 00 00 00 00 00 00 00 00 00 00 00 
[1980-01-06 08:00:13]G:: D0 12 00 
[1980-01-06 08:00:13]G:: 50 1C 44 46 53 4B 30 30 30 31 30 30 30 32 30 30 32 36 31 39 31 30 31 36 30 30 30 31 30 30 30 30 31 30 
[1980-01-06 08:00:13]G:: D0 14 00 00 00 00 00 16 15 16 16 4B 4B 46 46 
[1980-01-06 08:00:13]G:: D0 15 00 
[1980-01-06 08:00:13]G:: D0 16 00 
[1980-01-06 08:00:13]G:: D0 1B 00 FF 
[1980-01-06 08:00:13]G:: 50 06 31 32 33 34 35 54 30 37 30 33 54 30 30 30 31 31 30 
[1980-01-06 08:00:13]G:: 50 0C A7 AA 69 46 67 5F 5F 24 
[1980-01-06 08:00:13]G:: D0 19 FF 
[1980-01-06 08:00:13]G:: D0 1D 00 00 00 4D 27 00 00 4E 20 00 00 4A 39 07 33 
[1980-01-06 08:00:13]G:: D0 13 02 
[1980-01-06 08:00:13]G:: D0 1E 00 
[1980-01-06 08:00:13]G:: D0 1F 00 
[1980-01-06 08:00:13]G:: D0 2A 00 00 00 00 00 00 00 00 00 00 
[1980-01-06 08:00:13]ecall invalid
[1980-01-06 08:00:13]bcall invalid
[1980-01-06 08:00:13]icall invalid
[1980-01-06 08:00:13]return ctrl default
[1980-01-06 08:00:13]result: default
[1980-01-06 08:00:13]car cfg CAR_CFG_PEPS
[1980-01-06 08:00:13]car type F_506S
[1980-01-06 08:00:21]new VDDataModelCtrl()
[1980-01-06 08:00:21]VDDataModelCtrl is constructed
[1980-01-06 08:00:23]G:: D0 03 06 64 06 64 06 64 06 64 03 64 
[2019-11-07 14:25:46]G:: D0 03 01 64 04 64 04 64 01 64 03 64 
[2019-11-07 14:25:47]G:: D0 03 06 64 06 64 06 64 06 64 03 64 
[2019-11-07 14:25:51]G:: D0 03 01 64 04 64 04 64 01 64 03 64 
[2019-11-07 14:25:57]G:: D0 03 06 64 06 64 06 64 06 64 03 64 
[2019-11-07 14:26:03]G:: D0 03 01 64 04 64 04 64 01 64 03 64 
[2019-11-07 14:26:23]G:: D0 03 06 64 06 64 06 64 06 64 03 64 
[2019-11-07 14:26:23]G:: D0 03 01 64 04 64 04 64 01 64 03 64 
[2019-11-07 14:26:25]G:: D0 03 06 64 06 64 06 64 06 64 03 64 
[2019-11-07 14:26:29]G:: D0 03 01 64 04 64 04 64 01 64 03 64 
[2019-11-07 14:26:30]G:: D0 03 06 64 06 64 06 64 06 64 03 64 
[2019-11-07 14:26:39]G:: D0 03 01 64 04 64 04 64 01 64 03 64 
[2019-11-07 14:26:47]G:: D0 03 06 64 06 64 06 64 06 64 03 64 
[2019-11-07 14:26:51]G:: D0 03 01 64 04 64 04 64 01 64 03 64 
[2019-11-07 14:27:11]G:: D0 03 06 64 06 64 06 64 06 64 03 64 
[2019-11-07 14:27:15]G:: D0 03 01 64 04 64 04 64 01 64 03 64 
[2019-11-07 14:27:16]G:: D0 03 06 64 06 64 06 64 06 64 03 64 
[2019-11-07 14:27:25]G:: D0 03 01 64 04 64 04 64 01 64 03 64 
[2019-11-07 14:27:30]G:: D0 03 06 64 06 64 06 64 06 64 03 64 
[2019-11-07 14:27:34]G:: D0 03 01 64 04 64 04 64 01 64 03 64 
[2019-11-07 14:27:56]G:: D0 03 06 64 06 64 06 64 06 64 03 64 
[2019-11-07 14:28:01]G:: D0 03 01 64 04 64 04 64 01 64 03 64 
[2019-11-07 14:28:02]G:: D0 03 06 64 06 64 06 64 06 64 03 64 
[2019-11-07 14:28:06]G:: D0 03 01 64 04 64 04 64 01 64 03 64 
[2019-11-07 14:28:08]G:: D0 03 06 64 06 64 06 64 06 64 03 64 
[2019-11-07 14:28:12]G:: D0 03 01 64 04 64 04 64 01 64 03 64 
[2019-11-07 14:28:17]G:: D0 1B 01 00 
[2019-11-07 14:28:17]ctrl engin
[2019-11-07 14:28:17]result: fail unknown error
[2019-11-07 14:28:18]G:: D0 1B 01 00 
[2019-11-07 14:28:18]ctrl engin
[2019-11-07 14:28:18]result: fail unknown error
[2019-11-07 14:28:19]G:: D0 03 06 64 06 64 06 64 06 64 03 64 
[2019-11-07 14:28:23]G:: D0 03 01 64 04 64 04 64 01 64 03 64 
[2019-11-07 14:28:23]G:: D0 1B 01 00 
[2019-11-07 14:28:23]ctrl engin
[2019-11-07 14:28:23]result: fail unknown error
[2019-11-07 14:28:28]G:: D0 1B 01 00 
[2019-11-07 14:28:28]ctrl engin
[2019-11-07 14:28:28]result: fail unknown error
[2019-11-07 14:28:44]G:: D0 03 06 64 06 64 06 64 06 64 03 64 
[2019-11-07 14:28:53]G:: D0 03 01 64 04 64 04 64 01 64 03 64 
[2019-11-07 14:28:55]G:: D0 03 06 64 06 64 06 64 06 64 03 64 
[2019-11-07 14:28:59]G:: D0 03 01 64 04 64 04 64 01 64 03 64 
[2019-11-07 14:29:06]G:: D0 03 06 64 06 64 06 64 06 64 03 64 
[2019-11-07 14:29:10]G:: D0 03 01 64 04 64 04 64 01 64 03 64 
[2019-11-07 14:29:35]G:: D0 03 06 64 06 64 06 64 06 64 03 64 
[2019-11-07 14:29:39]G:: D0 03 01 64 04 64 04 64 01 64 03 64 
[2019-11-07 14:29:41]G:: D0 03 06 64 06 64 06 64 06 64 03 64 
[2019-11-07 14:29:45]G:: D0 03 01 64 04 64 04 64 01 64 03 64 
[2019-11-07 14:29:47]G:: D0 03 06 64 06 64 06 64 06 64 03 64 
[2019-11-07 14:29:55]G:: D0 03 01 64 04 64 04 64 01 64 03 64 
[2019-11-07 14:29:58]G:: D0 03 06 64 06 64 06 64 06 64 03 64 
[2019-11-07 14:30:02]G:: D0 03 01 64 04 64 04 64 01 64 03 64 
[2019-11-07 14:30:24]G:: D0 03 06 64 06 64 06 64 06 64 03 64 
[2019-11-07 14:30:39]G:: D0 03 01 64 04 64 04 64 01 64 03 64 
[2019-11-07 14:30:41]G:: D0 03 06 64 06 64 06 64 06 64 03 64 
[2019-11-07 14:30:45]G:: D0 03 01 64 04 64 04 64 01 64 03 64 
[2019-11-07 14:30:50]G:: D0 03 06 64 06 64 06 64 06 64 03 64 
[2019-11-07 14:30:50]G:: D0 01 48 00 00 
[2019-11-07 14:30:54]G:: D0 03 01 64 04 64 04 64 01 64 03 64 
[2019-11-07 14:31:04]G:: D0 01 40 00 00 
[2019-11-07 14:31:21]G:: D0 03 06 64 06 64 06 64 06 64 03 64 
[2019-11-07 14:31:30]G:: D0 03 01 64 04 64 04 64 01 64 03 64 
[2019-11-07 14:31:32]G:: D0 03 06 64 06 64 06 64 06 64 03 64 
[2019-11-07 14:31:46]G:: D0 03 01 64 04 64 04 64 01 64 03 64 
[2019-11-07 14:31:51]G:: D0 03 06 64 06 64 06 64 06 64 03 64 
[2019-11-07 14:31:55]G:: D0 03 01 64 04 64 04 64 01 64 03 64 
[2019-11-07 14:32:24]G:: D0 03 06 64 06 64 06 64 06 64 03 64 
[2019-11-07 14:32:44]G:: D0 2A FF 00 02 00 00 02 02 02 02 02 
[2019-11-07 14:32:44]G:: D0 05 02 FF FF 03 00 
[2019-11-07 14:32:44]G:: D0 05 02 FF FF 03 0A 
[2019-11-07 14:32:44]G:: D0 05 02 02 FF 03 0A 
[2019-11-07 14:32:44]G:: D0 02 21 34 FF 02 EE 80 D2 00 00 
[2019-11-07 14:32:44]G:: D0 05 02 02 FF 03 0B 
[2019-11-07 14:32:44]G:: D0 01 C0 00 00 
[2019-11-07 14:32:44]G:: D0 05 02 02 FF 03 0A 
[2019-11-07 14:32:44]G:: D0 05 02 02 FF 03 0B 
[2019-11-07 14:32:44]G:: D0 01 C0 00 00 
[2019-11-07 14:32:44]G:: D0 05 02 02 FF 03 0C 
[2019-11-07 14:32:45]G:: D0 02 A1 34 FF 02 EE 80 D2 00 00 
[2019-11-07 14:32:45]G:: D0 05 02 02 FF 03 0B 
[2019-11-07 14:32:45]G:: D0 03 04 64 04 64 04 64 04 64 03 64 
[2019-11-07 14:32:45]G:: D0 05 02 02 FF 03 0A 
[2019-11-07 14:32:45]G:: D0 05 02 02 FF 03 0B 
[2019-11-07 14:32:45]G:: D0 05 02 02 FF 03 0A 
[2019-11-07 14:32:45]G:: D0 0A 00 00 00 00 00 01 86 D5 2F FF FF 00 63 
[2019-11-07 14:32:46]G:: D0 02 A0 34 FF 02 EE 80 D2 00 00 
[2019-11-07 14:32:46]G:: D0 05 00 02 FF 03 0A 
[2019-11-07 14:32:46]G:: D0 05 00 02 FF 03 0A 
[2019-11-07 14:32:46]G:: D0 0A 01 33 00 00 00 01 86 D5 2F FF FF 00 63 
[2019-11-07 14:32:46]G:: D0 01 40 00 00 
[2019-11-07 14:32:46]G:: D0 03 01 64 04 64 04 64 01 64 03 64 
[2019-11-07 14:32:46]G:: D0 02 00 24 FF 02 EE 80 D2 00 00 
[2019-11-07 14:32:46]G:: D0 09 00 00 00 00 00 00 
[2019-11-07 14:32:46]G:: D0 0B 03 0C FF FF FF FF 00 00 
[2019-11-07 14:32:51]G:: D0 01 41 00 00 
[2019-11-07 14:32:55]G:: D0 01 40 00 00 
[2019-11-07 14:32:55]G:: D0 0A 01 33 00 00 00 01 86 D5 2F FF FF 00 67 
[2019-11-07 14:32:57]G:: D0 06 01 
[2019-11-07 14:32:57]G:: D0 01 40 00 03 
[2019-11-07 14:32:57]G:: D0 0C 02 00 00 
[2019-11-07 14:32:57]G:: D0 01 40 00 00 
[2019-11-07 14:33:02]G:: D0 01 40 00 03 
[2019-11-07 14:33:02]G:: D0 01 40 00 00 
[2019-11-07 14:33:03]G:: D0 03 02 64 02 64 04 64 01 64 03 64 
[2019-11-07 14:33:03]G:: D0 03 02 64 02 64 02 64 02 64 03 64 
[2019-11-07 14:33:04]G:: D0 0A 01 33 00 00 00 01 86 D5 2F FF FF 00 63 
[2019-11-07 14:33:05]G:: D0 03 02 64 02 64 00 64 02 64 03 64 
[2019-11-07 14:33:06]G:: D0 03 02 64 00 64 00 64 02 64 03 64 
[2019-11-07 14:33:07]G:: D0 03 02 64 00 64 00 64 00 64 03 64 
[2019-11-07 14:33:07]G:: D0 03 00 64 00 64 00 64 00 64 03 64 
[2019-11-07 14:33:08]G:: D0 0A 01 33 00 00 00 01 86 D5 2F FF FF 00 67 
[2019-11-07 14:34:00]G:: D0 03 06 64 06 64 06 64 06 64 03 64 
[2019-11-07 14:34:00]G:: D0 03 00 64 00 64 00 64 00 64 03 64 
[2019-11-07 14:34:01]G:: D0 03 06 64 06 64 06 64 06 64 03 64 
[2019-11-07 14:34:07]G:: D0 03 00 64 00 64 00 64 00 64 03 64 
[2019-11-07 14:34:08]G:: D0 03 06 64 06 64 06 64 06 64 03 64 
[2019-11-07 14:34:33]G:: D0 03 00 64 00 64 00 64 00 64 03 64 
[2019-11-07 14:34:34]G:: D0 03 06 64 06 64 06 64 06 64 03 64 
[2019-11-07 14:38:52]G:: D0 01 41 00 00 
[2019-11-07 14:38:52]G:: D0 02 00 24 FF 02 EE 80 D2 00 00 
[2019-11-07 14:38:52]G:: D0 03 06 64 06 64 06 64 06 64 03 64 
[2019-11-07 14:38:52]G:: D0 05 00 02 FF 03 0A 
[2019-11-07 14:38:52]G:: D0 06 00 
[2019-11-07 14:38:52]G:: D0 07 00 
[2019-11-07 14:38:52]G:: D0 08 00 00 03 E9 00 00 00 00 00 00 
[2019-11-07 14:38:52]G:: D0 09 00 00 00 00 00 00 
[2019-11-07 14:38:52]G:: D0 0A 01 33 00 00 00 01 86 D5 2F FF FF 00 67 
[2019-11-07 14:38:52]G:: D0 0B 03 0C FF FF FF FF 00 00 
[2019-11-07 14:38:52]G:: D0 0C 00 00 00 
[2019-11-07 14:38:52]G:: D0 0D 0F 
[2019-11-07 14:38:52]G:: D0 0E 00 
[2019-11-07 14:38:52]G:: D0 0F 00 00 
[2019-11-07 14:38:52]G:: D0 11 00 00 00 00 00 00 00 00 00 00 00 00 00 00 00 00 00 00 00 00 00 00 00 00 00 
[2019-11-07 14:38:52]G:: D0 12 00 
[2019-11-07 14:38:52]G:: 50 1C 44 46 53 4B 30 30 30 31 30 30 30 32 30 30 32 36 31 39 31 30 31 36 30 30 30 31 30 30 30 30 31 30 
[2019-11-07 14:38:52]G:: D0 14 00 00 00 00 00 16 15 16 16 4B 4B 46 46 
[2019-11-07 14:38:52]G:: D0 15 00 
[2019-11-07 14:38:52]G:: D0 16 00 
[2019-11-07 14:38:52]G:: D0 1B 01 FF 
[2019-11-07 14:38:52]G:: 50 06 31 32 33 34 35 54 30 37 30 33 54 30 30 30 31 31 30 
[2019-11-07 14:38:52]G:: 50 0C A7 AA 69 46 67 5F 5F 24 
[2019-11-07 14:38:52]G:: D0 19 FF 
[2019-11-07 14:38:52]G:: D0 1D 00 00 00 4D 27 00 00 4E 20 00 00 4A 39 07 33 
[2019-11-07 14:38:52]G:: D0 13 02 
[2019-11-07 14:38:52]ecall invalid
[2019-11-07 14:38:52]bcall invalid
[2019-11-07 14:38:52]icall invalid
[2019-11-07 14:38:52]G:: D0 1E 00 
[2019-11-07 14:38:52]G:: D0 1F 00 
[2019-11-07 14:38:52]G:: D0 2A FF 00 02 00 00 02 02 02 02 02 
[2019-11-07 14:38:52]ctrl engin
[2019-11-07 14:38:52]result: default
[2019-11-07 14:38:52]car cfg CAR_CFG_PEPS
[2019-11-07 14:38:52]car type F_506S
[2019-11-07 14:38:56]G:: D0 05 02 02 FF 03 0A 
[2019-11-07 14:38:56]G:: D0 05 02 02 FF 03 0A 
[2019-11-07 14:38:56]G:: D0 02 21 34 FF 02 EE 80 D2 00 00 
[2019-11-07 14:38:56]G:: D0 01 C1 00 00 
[2019-11-07 14:38:56]G:: D0 05 02 02 FF 03 0B 
[2019-11-07 14:38:56]G:: D0 02 21 34 FF 02 F3 80 D2 00 00 
[2019-11-07 14:38:56]G:: D0 05 02 02 FF 03 0A 
[2019-11-07 14:38:56]G:: D0 03 04 64 04 64 04 64 04 64 03 64 
[2019-11-07 14:38:56]G:: D0 02 A1 34 FF 02 F3 80 D2 00 00 
[2019-11-07 14:38:56]G:: D0 05 03 02 FF 03 0A 
[2019-11-07 14:38:56]G:: D0 02 A1 34 FF 03 1B 80 D2 00 00 
[2019-11-07 14:38:53]G:: D0 02 A1 34 FF 02 F3 80 D2 00 00 
[2019-11-07 14:38:53]G:: D0 0A 01 33 00 00 00 01 86 D5 2F FF FF 00 57 
[2019-11-07 14:38:53]G:: D0 01 C3 00 00 
[2019-11-07 14:38:53]G:: D0 05 03 02 FF 03 0A 
[2019-11-07 14:38:53]G:: D0 05 03 02 FF 03 09 
[2019-11-07 14:38:53]G:: D0 05 03 02 FF 03 08 
[2019-11-07 14:38:53]G:: D0 05 03 02 FF 03 07 
[2019-11-07 14:38:53]G:: D0 05 03 02 FF 03 06 
[2019-11-07 14:38:53]G:: D0 05 03 FF FF 03 06 
[2019-11-07 14:38:53]G:: D0 05 03 01 FF 03 06 
[2019-11-07 14:38:53]G:: D0 05 03 01 FF 03 07 
[2019-11-07 14:38:53]G:: D0 05 03 01 FF 03 08 
[2019-11-07 14:38:53]G:: D0 05 03 01 FF 03 09 
[2019-11-07 14:38:53]G:: D0 05 03 01 FF 03 0A 
[2019-11-07 14:38:54]G:: D0 05 03 01 FF 03 09 
[2019-11-07 14:38:54]G:: D0 05 03 01 FF 03 08 
[2019-11-07 14:38:54]G:: D0 05 03 01 FF 03 09 
[2019-11-07 14:38:54]G:: D0 05 03 01 FF 03 08 
[2019-11-07 14:38:54]G:: D0 05 03 01 FF 03 09 
[2019-11-07 14:38:54]G:: D0 0A 01 33 00 00 00 01 86 D5 2F FF FF 00 6F 
[2019-11-07 14:38:54]G:: D0 05 03 01 FF 03 08 
[2019-11-07 14:38:54]G:: D0 05 03 01 FF 03 09 
[2019-11-07 14:38:54]G:: D0 05 03 01 FF 03 08 
[2019-11-07 14:38:54]G:: D0 05 03 01 FF 03 09 
[2019-11-07 14:38:55]G:: D0 0A 01 33 00 00 00 01 86 D5 2F FF FF 00 7C 
[2019-11-07 14:38:55]G:: D0 05 03 01 FF 03 08 
[2019-11-07 14:38:55]G:: D0 05 03 01 FF 03 09 
[2019-11-07 14:38:55]G:: D0 05 03 01 FF 03 08 
[2019-11-07 14:38:55]G:: D0 05 03 01 FF 03 09 
[2019-11-07 14:38:55]G:: D0 05 03 01 FF 03 08 
[2019-11-07 14:38:55]G:: D0 0A 01 33 00 00 00 01 86 D5 2F FF FF 00 84 
[2019-11-07 14:38:56]G:: D0 09 00 00 04 12 00 00 
[2019-11-07 14:38:56]G:: D0 0B 03 06 FF FF FF FF 00 00 
[2019-11-07 14:38:56]G:: D0 05 03 01 FF 03 07 
[2019-11-07 14:38:56]G:: D0 05 03 01 FF 03 08 
[2019-11-07 14:38:56]G:: D0 01 C1 00 00 
[2019-11-07 14:38:56]G:: D0 05 02 01 FF 03 08 
[2019-11-07 14:38:56]G:: D0 05 02 01 FF 03 07 
[2019-11-07 14:38:56]G:: D0 05 02 01 FF 03 08 
[2019-11-07 14:38:56]G:: D0 0A 01 33 00 00 00 01 86 D5 2F FF FF 00 88 
[2019-11-07 14:38:57]G:: D0 05 02 01 FF 03 07 
[2019-11-07 14:38:58]G:: D0 05 02 01 FF 03 06 
[2019-11-07 14:38:58]G:: D0 05 02 01 FF 03 07 
[2019-11-07 14:38:58]G:: D0 05 02 01 FF 03 06 
[2019-11-07 14:38:58]G:: D0 05 02 01 FF 03 07 
[2019-11-07 14:38:58]G:: D0 05 02 01 FF 03 06 
[2019-11-07 14:38:58]G:: D0 05 02 01 FF 03 07 
[2019-11-07 14:38:58]G:: D0 05 02 01 FF 03 06 
[2019-11-07 14:38:58]G:: D0 05 02 01 FF 03 07 
[2019-11-07 14:38:58]G:: D0 05 02 01 FF 03 06 
[2019-11-07 14:38:58]G:: D0 05 02 01 FF 03 07 
[2019-11-07 14:38:58]G:: D0 05 02 01 FF 03 06 
[2019-11-07 14:38:58]G:: D0 05 02 01 FF 03 07 
[2019-11-07 14:38:58]G:: D0 05 02 01 FF 03 08 
[2019-11-07 14:38:58]G:: D0 05 02 01 FF 03 0A 
[2019-11-07 14:38:58]G:: D0 05 02 01 FF 03 0B 
[2019-11-07 14:38:58]G:: D0 05 02 01 FF 03 0A 
[2019-11-07 14:38:59]G:: D0 05 02 01 FF 03 09 
[2019-11-07 14:38:59]G:: D0 0A 01 33 00 00 00 01 86 D5 2F FF FF 00 81 
[2019-11-07 14:39:00]G:: D0 05 02 01 FF 03 0A 
[2019-11-07 14:39:00]G:: D0 05 02 01 FF 03 09 
[2019-11-07 14:39:00]G:: D0 05 02 01 FF 03 0A 
[2019-11-07 14:39:00]G:: D0 05 02 01 FF 03 09 
[2019-11-07 14:39:00]G:: D0 05 02 01 FF 03 0A 
[2019-11-07 14:39:00]G:: D0 05 02 01 FF 03 09 
[2019-11-07 14:39:01]G:: D0 0A 01 33 00 00 00 01 86 D5 2E FF FF 00 81 
[2019-11-07 14:39:01]G:: D0 09 00 00 03 2C 00 00 
[2019-11-07 14:39:01]G:: D0 03 00 64 00 64 00 64 00 64 03 64 
[2019-11-07 14:39:03]G:: D0 0A 01 33 00 00 00 01 86 D5 2E FF FF 00 87 
[2019-11-07 14:39:06]G:: D0 09 00 00 03 2F 00 00 
[2019-11-07 14:39:11]G:: D0 09 00 00 03 31 00 00 
[2019-11-07 14:39:13]G:: D0 05 02 02 FF 03 09 
[2019-11-07 14:39:13]G:: D0 05 02 02 FF 03 06 
[2019-11-07 14:39:13]G:: D0 05 02 02 FF 03 04 
[2019-11-07 14:39:13]G:: D0 05 02 02 FF 03 02 
[2019-11-07 14:39:13]G:: D0 02 01 24 FF 02 F3 80 D2 00 00 
[2019-11-07 14:39:13]G:: D0 05 02 02 FF 03 00 
[2019-11-07 14:39:13]G:: D0 01 41 00 00 
[2019-11-07 14:39:13]G:: D0 02 00 24 FF 02 F3 80 D2 00 00 
[2019-11-07 14:39:13]G:: D0 05 00 02 FF 03 00 
[2019-11-07 14:39:15]G:: D0 0A 01 33 00 00 00 01 86 D5 2E FF FF 00 7F 
[2019-11-07 14:39:16]G:: D0 09 00 00 01 3D 00 00 
[2019-11-07 14:39:17]G:: D0 0A 01 33 00 00 00 01 86 D5 2E FF FF 00 71 
[2019-11-07 14:39:20]G:: D0 0A 01 33 00 00 00 01 86 D5 2E FF FF 00 6D 
[2019-11-07 14:39:22]G:: D0 14 00 00 00 00 00 16 15 16 16 4B 4B 45 46 
[2019-11-07 14:39:28]G:: D0 05 01 02 FF 03 00 
[2019-11-07 14:39:29]G:: D0 01 40 00 00 
[2019-11-07 14:39:30]G:: D0 03 04 64 00 64 00 64 00 64 03 64 
[2019-11-07 14:39:30]G:: D0 03 03 64 04 64 00 64 00 64 03 64 
[2019-11-07 14:39:31]G:: D0 03 03 64 03 64 00 64 00 64 03 64 
[2019-11-07 14:39:31]G:: D0 0A 01 33 00 00 00 01 86 D5 2E FF FF 00 69 
[2019-11-07 14:39:33]G:: D0 03 01 64 03 64 00 64 00 64 03 64 
[2019-11-07 14:39:33]G:: D0 03 01 64 01 64 00 64 00 64 03 64 
[2019-11-07 14:40:14]G:: D0 03 06 64 06 64 06 64 06 64 03 64 
[2019-11-07 14:40:24]G:: D0 03 01 64 01 64 00 64 00 64 03 64 
[2019-11-07 14:40:25]G:: D0 03 06 64 06 64 06 64 06 64 03 64 
[2019-11-07 14:40:36]G:: D0 03 01 64 01 64 00 64 00 64 03 64 
[2019-11-07 14:40:38]G:: D0 03 06 64 06 64 06 64 06 64 03 64 
[2019-11-07 14:41:02]G:: D0 03 01 64 01 64 00 64 00 64 03 64 
[2019-11-07 14:41:20]G:: D0 03 06 64 06 64 06 64 06 64 03 64 
[2019-11-07 14:41:24]G:: D0 03 01 64 01 64 00 64 00 64 03 64 
[2019-11-07 14:42:26]G:: D0 03 06 64 06 64 06 64 06 64 03 64 
[2019-11-07 14:42:27]G:: D0 03 01 64 01 64 00 64 00 64 03 64 
[2019-11-07 14:42:29]G:: D0 03 06 64 06 64 06 64 06 64 03 64 
[2019-11-07 14:42:33]G:: D0 03 01 64 01 64 00 64 00 64 03 64 
[2019-11-07 14:42:35]G:: D0 03 06 64 06 64 06 64 06 64 03 64 
[2019-11-07 14:42:37]G:: D0 03 01 64 01 64 00 64 00 64 03 64 
[2019-11-07 14:42:39]G:: D0 03 06 64 06 64 06 64 06 64 03 64 
[2019-11-07 14:42:59]G:: D0 03 01 64 01 64 00 64 00 64 03 64 
[2019-11-07 14:43:04]G:: D0 03 06 64 06 64 06 64 06 64 03 64 
[2019-11-07 14:43:28]G:: D0 03 01 64 01 64 00 64 00 64 03 64 
[2019-11-07 14:43:31]G:: D0 03 06 64 06 64 06 64 06 64 03 64 
[2019-11-07 14:43:35]G:: D0 03 01 64 01 64 00 64 00 64 03 64 
[2019-11-07 14:43:36]G:: D0 03 06 64 06 64 06 64 06 64 03 64 
[2019-11-07 14:43:47]G:: D0 03 01 64 01 64 00 64 00 64 03 64 
[2019-11-07 14:43:49]G:: D0 03 06 64 06 64 06 64 06 64 03 64 
[2019-11-07 14:44:24]G:: D0 03 01 64 01 64 00 64 00 64 03 64 
[2019-11-07 14:44:29]G:: D0 03 06 64 06 64 06 64 06 64 03 64 
[2019-11-07 14:44:33]G:: D0 03 01 64 01 64 00 64 00 64 03 64 
[2019-11-07 14:44:35]G:: D0 03 06 64 06 64 06 64 06 64 03 64 
[2019-11-07 14:44:39]G:: D0 03 01 64 01 64 00 64 00 64 03 64 
[2019-11-07 14:44:42]G:: D0 03 06 64 06 64 06 64 06 64 03 64 
[2019-11-07 14:44:57]G:: D0 1D 01 00 00 4C AA 00 00 4A B6 00 00 50 13 05 34 
[2019-11-07 14:45:02]G:: D0 03 01 64 01 64 00 64 00 64 03 64 
[2019-11-07 14:45:23]G:: D0 03 06 64 06 64 06 64 06 64 03 64 
[2019-11-07 14:45:23]G:: D0 03 01 64 01 64 00 64 00 64 03 64 
[2019-11-07 14:45:48]G:: D0 03 06 64 06 64 06 64 06 64 03 64 
[2019-11-07 14:45:52]G:: D0 03 01 64 01 64 00 64 00 64 03 64 
[2019-11-07 14:47:23]G:: D0 01 41 00 00 
[2019-11-07 14:47:28]G:: D0 01 40 00 00 
[2019-11-07 14:47:30]G:: D0 01 50 00 00 
[2019-11-07 14:47:34]G:: D0 01 40 00 00 
[2019-11-07 14:47:43]G:: D0 01 42 00 00 
[2019-11-07 14:47:43]G:: D0 03 06 64 06 64 06 64 06 64 03 64 
[2019-11-07 14:47:46]G:: D0 03 01 64 01 64 00 64 00 64 03 64 
[2019-11-07 14:47:47]G:: D0 03 06 64 06 64 06 64 06 64 03 64 
[2019-11-07 14:47:59]G:: D0 03 01 64 01 64 00 64 00 64 03 64 
[2019-11-07 14:48:02]G:: D0 03 06 64 06 64 06 64 06 64 03 64 
[2019-11-07 14:48:05]G:: D0 1D 02 00 00 4D 27 00 00 4C 2D 00 00 49 3F 08 4E 
[2019-11-07 14:48:13]G:: D0 03 01 64 01 64 00 64 00 64 03 64 
[2019-11-07 14:48:16]G:: D0 03 06 64 06 64 06 64 06 64 03 64 
[2019-11-07 14:48:25]G:: D0 03 01 64 01 64 00 64 00 64 03 64 
[2019-11-07 14:48:26]G:: D0 03 06 64 06 64 06 64 06 64 03 64 
[2019-11-07 14:48:32]G:: D0 03 01 64 01 64 00 64 00 64 03 64 
