[2019-11-07 16:41:22]G:: D0 03 06 64 06 64 06 64 06 64 03 64 
[2019-11-07 16:41:36]G:: D0 03 01 64 01 64 01 64 04 64 03 64 
[2019-11-07 16:41:42]G:: D0 03 06 64 06 64 06 64 06 64 03 64 
[2019-11-07 16:41:46]G:: D0 03 01 64 01 64 01 64 04 64 03 64 
[2019-11-07 16:42:04]G:: D0 05 01 02 FF 03 0A 
[2019-11-07 16:42:04]G:: D0 03 06 64 06 64 06 64 06 64 03 64 
[2019-11-07 16:42:07]G:: D0 05 02 02 FF 03 0A 
[2019-11-07 16:42:07]G:: D0 05 02 02 FF 03 0A 
[2019-11-07 16:42:07]G:: D0 05 02 02 FF 03 0B 
[2019-11-07 16:42:07]G:: D0 05 02 02 FF 03 0C 
[2019-11-07 16:42:07]G:: D0 01 C0 00 00 
[2019-11-07 16:42:07]G:: D0 02 00 00 FF 01 90 81 B8 00 00 
[2019-11-07 16:42:07]G:: D0 05 02 02 FF 03 0D 
[2019-11-07 16:42:07]G:: D0 05 02 02 FF 03 0E 
[2019-11-07 16:42:07]G:: D0 05 02 02 FF 03 0D 
[2019-11-07 16:42:07]G:: D0 03 04 64 04 64 04 64 04 64 03 64 
[2019-11-07 16:42:07]G:: D0 05 02 02 FF 03 0C 
[2019-11-07 16:42:07]G:: D0 05 02 02 FF 03 0B 
[2019-11-07 16:42:11]G:: D0 05 02 02 FF 03 0C 
[2019-11-07 16:42:11]G:: D0 05 02 02 FF 03 0B 
[2019-11-07 16:42:11]G:: D0 0B 03 04 FF FF FF FF 00 00 
[2019-11-07 16:42:11]G:: D0 05 02 02 FF 03 0C 
[2019-11-07 16:42:11]G:: D0 05 02 02 FF 03 0B 
[2019-11-07 16:42:11]G:: D0 05 02 02 FF 03 0C 
[2019-11-07 16:42:11]G:: D0 05 02 02 FF 03 0B 
[2019-11-07 16:42:11]G:: D0 05 02 02 FF 03 0C 
[2019-11-07 16:42:11]G:: D0 05 02 02 FF 03 0B 
[2019-11-07 16:42:11]G:: D0 05 02 02 FF 03 0C 
[2019-11-07 16:42:11]G:: D0 05 02 02 FF 03 0B 
[2019-11-07 16:42:11]G:: D0 02 00 05 FF 02 B2 80 D2 00 00 
[2019-11-07 16:42:12]G:: D0 05 02 02 FF 03 0C 
[2019-11-07 16:42:12]G:: D0 05 02 02 FF 03 0B 
[2019-11-07 16:42:12]G:: D0 05 02 02 FF 03 0C 
[2019-11-07 16:42:12]G:: D0 05 02 02 FF 03 0B 
[2019-11-07 16:42:12]G:: D0 05 02 02 FF 03 0C 
[2019-11-07 16:42:12]G:: D0 05 02 02 FF 03 0B 
[2019-11-07 16:42:12]G:: D0 05 02 02 FF 03 0A 
[2019-11-07 16:42:16]G:: D0 0B 03 04 FF FF FF FF 00 00 
[2019-11-07 16:42:16]G:: D0 03 01 64 01 64 01 64 04 64 03 64 
[2019-11-07 16:42:21]G:: D0 0B 03 04 FF FF FF FF 00 00 
[2019-11-07 16:42:26]G:: D0 0B 03 04 FF FF FF FF 00 00 
[2019-11-07 16:42:31]G:: D0 0B 03 04 FF FF FF FF 00 00 
[2019-11-07 16:42:36]G:: D0 0B 03 04 FF FF FF FF 00 00 
[2019-11-07 16:42:41]G:: D0 0B 03 03 FF FF FF FF 00 00 
[2019-11-07 16:42:46]G:: D0 0B 03 03 FF FF FF FF 00 00 
[2019-11-07 16:42:51]G:: D0 0B 03 04 FF FF FF FF 00 00 
[2019-11-07 16:42:56]G:: D0 0B 03 04 FF FF FF FF 00 00 
[2019-11-07 16:43:01]G:: D0 0B 03 04 FF FF FF FF 00 00 
[2019-11-07 16:43:06]G:: D0 0B 03 04 FF FF FF FF 00 00 
[2019-11-07 16:43:11]G:: D0 0B 03 04 FF FF FF FF 00 00 
[2019-11-07 16:43:16]G:: D0 0B 03 03 FF FF FF FF 00 00 
[2019-11-07 16:43:21]G:: D0 0B 03 03 FF FF FF FF 00 00 
[2019-11-07 16:43:23]G:: 50 0C A7 AA 69 46 67 5F 5E 24 
[2019-11-07 16:43:23]G:: D0 03 01 64 01 64 01 64 04 64 03 64 
[2019-11-07 16:43:23]car cfg CAR_CFG_NO_PEPS
[2019-11-07 16:43:23]car type F_506S
[2019-11-07 16:43:26]G:: D0 0B 03 03 FF FF FF FF 00 00 
[2019-11-07 16:43:26]G:: D0 14 00 00 00 00 00 16 15 15 16 4B 4B 42 45 
[2019-11-07 16:43:31]G:: D0 0B 03 03 FF FF FF FF 00 00 
[2019-11-07 16:43:31]G:: D0 05 02 02 FF 03 0A 
[2019-11-07 16:43:36]G:: D0 0B 03 03 FF FF FF FF 00 00 
[2019-11-07 16:43:41]G:: D0 0B 03 04 FF FF FF FF 00 00 
[2019-11-07 16:43:46]G:: D0 0B 03 03 FF FF FF FF 00 00 
[2019-11-07 16:43:51]G:: D0 0B 03 03 FF FF FF FF 00 00 
[2019-11-07 16:43:56]G:: D0 0B 03 03 FF FF FF FF 00 00 
[2019-11-07 16:43:56]G:: D0 05 00 02 FF 03 0A 
[2019-11-07 16:43:56]G:: D0 01 40 00 00 
[2019-11-07 16:44:01]G:: D0 0B 03 03 FF FF FF FF 00 00 
[2019-11-07 16:45:15]G:: D0 03 06 64 06 64 06 64 06 64 03 64 
[2019-11-07 16:45:30]G:: D0 03 01 64 01 64 01 64 04 64 03 64 
[2019-11-07 16:45:33]G:: D0 03 06 64 06 64 06 64 06 64 03 64 
[2019-11-07 16:45:37]G:: D0 03 01 64 01 64 01 64 04 64 03 64 
[2019-11-07 16:45:50]G:: D0 05 01 02 FF 03 0A 
[2019-11-07 16:45:51]G:: D0 01 C0 00 00 
[2019-11-07 16:45:51]G:: D0 05 01 02 FF 03 0B 
[2019-11-07 16:45:51]G:: D0 05 01 02 FF 03 0C 
[2019-11-07 16:45:51]G:: D0 05 02 02 FF 03 0C 
[2019-11-07 16:45:51]G:: D0 05 02 02 FF 03 0D 
[2019-11-07 16:45:51]G:: D0 05 02 02 FF 03 0E 
[2019-11-07 16:45:51]G:: D0 05 02 02 FF 03 0D 
[2019-11-07 16:45:51]G:: D0 03 04 64 04 64 04 64 04 64 03 64 
[2019-11-07 16:45:51]G:: D0 05 02 02 FF 03 0C 
[2019-11-07 16:45:51]G:: D0 05 02 02 FF 03 0B 
[2019-11-07 16:45:52]G:: D0 05 02 02 FF 03 0C 
[2019-11-07 16:45:52]G:: D0 05 02 02 FF 03 0B 
[2019-11-07 16:45:52]G:: D0 05 02 02 FF 03 0C 
[2019-11-07 16:45:52]G:: D0 05 02 02 FF 03 0B 
[2019-11-07 16:45:52]G:: D0 05 02 02 FF 03 0C 
[2019-11-07 16:45:52]G:: D0 05 02 02 FF 03 0B 
[2019-11-07 16:45:52]G:: D0 05 02 02 FF 03 0C 
[2019-11-07 16:45:52]G:: D0 05 02 02 FF 03 0B 
[2019-11-07 16:45:52]G:: D0 05 02 02 FF 03 0C 
[2019-11-07 16:45:52]G:: D0 05 02 02 FF 03 0B 
[2019-11-07 16:45:52]G:: D0 05 02 02 FF 03 0C 
[2019-11-07 16:45:52]G:: D0 05 02 02 FF 03 0B 
[2019-11-07 16:45:53]G:: D0 05 02 02 FF 03 0C 
[2019-11-07 16:45:53]G:: D0 05 02 02 FF 03 0B 
[2019-11-07 16:45:53]G:: D0 05 02 02 FF 03 0C 
[2019-11-07 16:45:53]G:: D0 05 02 02 FF 03 0B 
[2019-11-07 16:45:53]G:: D0 05 02 02 FF 03 0C 
[2019-11-07 16:45:53]G:: D0 05 02 02 FF 03 0B 
[2019-11-07 16:45:53]G:: D0 05 02 02 FF 03 0C 
[2019-11-07 16:45:53]G:: D0 05 02 02 FF 03 0B 
[2019-11-07 16:45:53]G:: D0 05 02 02 FF 03 0C 
[2019-11-07 16:45:53]G:: D0 05 02 02 FF 03 0B 
[2019-11-07 16:45:53]G:: D0 05 02 02 FF 03 0C 
[2019-11-07 16:45:53]G:: D0 05 02 02 FF 03 0B 
[2019-11-07 16:45:53]G:: D0 05 02 02 FF 03 0C 
[2019-11-07 16:45:53]G:: D0 05 02 02 FF 03 0B 
[2019-11-07 16:45:53]G:: D0 05 02 02 FF 03 0C 
[2019-11-07 16:45:53]G:: D0 05 02 02 FF 03 0B 
[2019-11-07 16:45:53]G:: D0 05 02 02 FF 03 0C 
[2019-11-07 16:45:53]G:: D0 05 02 02 FF 03 0B 
[2019-11-07 16:45:53]G:: D0 05 02 02 FF 03 0C 
[2019-11-07 16:45:53]G:: D0 05 02 02 FF 03 0B 
[2019-11-07 16:45:53]G:: D0 05 02 02 FF 03 0C 
[2019-11-07 16:45:53]G:: D0 05 02 02 FF 03 0B 
[2019-11-07 16:45:53]G:: D0 05 02 02 FF 03 0C 
[2019-11-07 16:45:53]G:: D0 05 02 02 FF 03 0B 
[2019-11-07 16:45:53]G:: D0 05 02 02 FF 03 0C 
[2019-11-07 16:45:53]G:: D0 05 02 02 FF 03 0B 
[2019-11-07 16:45:54]G:: D0 05 02 02 FF 03 0C 
[2019-11-07 16:45:54]G:: D0 05 02 02 FF 03 0B 
[2019-11-07 16:45:54]G:: D0 05 02 02 FF 03 0C 
[2019-11-07 16:45:54]G:: D0 05 02 02 FF 03 0B 
[2019-11-07 16:45:54]G:: D0 05 02 02 FF 03 0C 
[2019-11-07 16:45:54]G:: D0 05 02 02 FF 03 0B 
[2019-11-07 16:45:54]G:: D0 05 02 02 FF 03 0C 
[2019-11-07 16:45:54]G:: D0 05 02 02 FF 03 0B 
[2019-11-07 16:45:54]G:: D0 05 02 02 FF 03 0C 
[2019-11-07 16:45:54]G:: D0 05 02 02 FF 03 0B 
[2019-11-07 16:45:54]G:: D0 05 02 02 FF 03 0C 
[2019-11-07 16:45:54]G:: D0 05 02 02 FF 03 0B 
[2019-11-07 16:45:54]G:: D0 05 02 02 FF 03 0C 
[2019-11-07 16:45:54]G:: D0 05 02 02 FF 03 0B 
[2019-11-07 16:45:54]G:: D0 05 02 02 FF 03 0C 
[2019-11-07 16:45:54]G:: D0 05 02 02 FF 03 0B 
[2019-11-07 16:45:54]G:: D0 05 02 02 FF 03 0C 
[2019-11-07 16:45:54]G:: D0 05 02 02 FF 03 0B 
[2019-11-07 16:45:54]G:: D0 05 02 02 FF 03 0C 
[2019-11-07 16:45:54]G:: D0 05 02 02 FF 03 0B 
[2019-11-07 16:45:54]G:: D0 05 02 02 FF 03 0C 
[2019-11-07 16:45:54]G:: D0 05 02 02 FF 03 0B 
[2019-11-07 16:45:54]G:: D0 05 02 02 FF 03 0C 
[2019-11-07 16:45:54]G:: D0 05 02 02 FF 03 0B 
[2019-11-07 16:45:54]G:: D0 05 02 02 FF 03 0C 
[2019-11-07 16:45:54]G:: D0 05 02 02 FF 03 0B 
[2019-11-07 16:45:55]G:: D0 05 02 02 FF 03 0C 
[2019-11-07 16:45:55]G:: D0 05 02 02 FF 03 0B 
[2019-11-07 16:45:55]G:: D0 05 02 02 FF 03 0C 
[2019-11-07 16:45:55]G:: D0 05 02 02 FF 03 0B 
[2019-11-07 16:45:55]G:: D0 05 02 02 FF 03 0C 
[2019-11-07 16:45:55]G:: D0 05 02 02 FF 03 0B 
[2019-11-07 16:45:55]G:: D0 05 02 02 FF 03 0C 
[2019-11-07 16:45:55]G:: D0 05 02 02 FF 03 0B 
[2019-11-07 16:45:56]G:: D0 05 02 02 FF 03 0C 
[2019-11-07 16:45:56]G:: D0 05 02 02 FF 03 0B 
[2019-11-07 16:45:56]G:: D0 05 02 02 FF 03 0C 
[2019-11-07 16:45:56]G:: D0 05 02 02 FF 03 0B 
[2019-11-07 16:45:56]G:: D0 0B 03 04 FF FF FF FF 00 00 
[2019-11-07 16:45:56]G:: D0 05 02 02 FF 03 0C 
[2019-11-07 16:45:56]G:: D0 05 02 02 FF 03 0B 
[2019-11-07 16:45:56]G:: D0 05 02 02 FF 03 0C 
[2019-11-07 16:45:56]G:: D0 05 02 02 FF 03 0B 
[2019-11-07 16:45:56]G:: D0 05 02 02 FF 03 0A 
[2019-11-07 16:46:00]G:: D0 03 01 64 01 64 01 64 04 64 03 64 
[2019-11-07 16:46:01]G:: D0 0B 03 04 FF FF FF FF 00 00 
[2019-11-07 16:46:06]G:: D0 0B 03 04 FF FF FF FF 00 00 
[2019-11-07 16:46:11]G:: D0 0B 03 03 FF FF FF FF 00 00 
[2019-11-07 16:46:16]G:: D0 0B 03 04 FF FF FF FF 00 00 
[2019-11-07 16:46:21]G:: D0 0B 03 04 FF FF FF FF 00 00 
[2019-11-07 16:46:26]G:: D0 0B 03 03 FF FF FF FF 00 00 
[2019-11-07 16:46:31]G:: D0 0B 03 04 FF FF FF FF 00 00 
[2019-11-07 16:46:31]G:: D0 01 40 00 00 
[2019-11-07 16:46:31]G:: D0 05 02 02 FF 03 0A 
[2019-11-07 16:46:32]G:: D0 05 00 02 FF 03 0A 
[2019-11-07 16:46:36]G:: D0 0B 03 03 FF FF FF FF 00 00 
[2019-11-07 16:46:54]G:: 50 0C A7 AA 69 46 67 5F 5F 24 
[2019-11-07 16:46:54]G:: D0 03 01 64 01 64 01 64 04 64 03 64 
[2019-11-07 16:46:54]car cfg CAR_CFG_PEPS
[2019-11-07 16:46:54]car type F_506S
[2019-11-07 16:47:35]G:: D0 03 06 64 06 64 06 64 06 64 03 64 
[2019-11-07 16:47:39]G:: D0 03 01 64 01 64 01 64 04 64 03 64 
[2019-11-07 16:47:56]G:: D0 03 06 64 06 64 06 64 06 64 03 64 
[2019-11-07 16:48:05]G:: D0 03 01 64 01 64 01 64 04 64 03 64 
[2019-11-07 16:48:06]G:: D0 03 06 64 06 64 06 64 06 64 03 64 
[2019-11-07 16:48:07]G:: D0 05 02 02 FF 03 0A 
[2019-11-07 16:48:07]G:: D0 05 02 02 FF 03 0A 
[2019-11-07 16:48:07]G:: D0 01 C0 00 00 
[2019-11-07 16:48:07]G:: D0 05 02 02 FF 03 0B 
[2019-11-07 16:48:07]G:: D0 05 02 02 FF 03 0C 
[2019-11-07 16:48:07]G:: D0 05 02 02 FF 03 0D 
[2019-11-07 16:48:07]G:: D0 05 02 02 FF 03 0E 
[2019-11-07 16:48:07]G:: D0 05 02 02 FF 03 0D 
[2019-11-07 16:48:07]G:: D0 05 02 02 FF 03 0C 
[2019-11-07 16:48:07]G:: D0 03 04 64 04 64 04 64 04 64 03 64 
[2019-11-07 16:48:07]G:: D0 05 02 02 FF 03 0B 
[2019-11-07 16:48:08]G:: D0 05 02 02 FF 03 0C 
[2019-11-07 16:48:08]G:: D0 05 02 02 FF 03 0B 
[2019-11-07 16:48:08]G:: D0 05 02 02 FF 03 0C 
[2019-11-07 16:48:08]G:: D0 05 02 02 FF 03 0B 
[2019-11-07 16:48:08]G:: D0 05 02 02 FF 03 0C 
[2019-11-07 16:48:08]G:: D0 05 02 02 FF 03 0B 
[2019-11-07 16:48:08]G:: D0 05 02 02 FF 03 0C 
[2019-11-07 16:48:08]G:: D0 05 02 02 FF 03 0B 
[2019-11-07 16:48:08]G:: D0 05 02 02 FF 03 0C 
[2019-11-07 16:48:08]G:: D0 05 02 02 FF 03 0B 
[2019-11-07 16:48:09]G:: D0 05 02 02 FF 03 0C 
[2019-11-07 16:48:09]G:: D0 05 02 02 FF 03 0B 
[2019-11-07 16:48:09]G:: D0 05 02 02 FF 03 0C 
[2019-11-07 16:48:09]G:: D0 05 02 02 FF 03 0B 
[2019-11-07 16:48:09]G:: D0 05 02 02 FF 03 0C 
[2019-11-07 16:48:09]G:: D0 05 02 02 FF 03 0B 
[2019-11-07 16:48:09]G:: D0 05 02 02 FF 03 0C 
[2019-11-07 16:48:09]G:: D0 05 02 02 FF 03 0B 
[2019-11-07 16:48:09]G:: D0 05 02 02 FF 03 0C 
[2019-11-07 16:48:09]G:: D0 05 02 02 FF 03 0B 
[2019-11-07 16:48:09]G:: D0 05 02 02 FF 03 0C 
[2019-11-07 16:48:09]G:: D0 05 02 02 FF 03 0B 
[2019-11-07 16:48:09]G:: D0 05 02 02 FF 03 0C 
[2019-11-07 16:48:09]G:: D0 05 02 02 FF 03 0B 
[2019-11-07 16:48:09]G:: D0 05 02 02 FF 03 0C 
[2019-11-07 16:48:09]G:: D0 05 02 02 FF 03 0B 
[2019-11-07 16:48:09]G:: D0 05 02 02 FF 03 0C 
[2019-11-07 16:48:09]G:: D0 05 02 02 FF 03 0B 
[2019-11-07 16:48:09]G:: D0 05 02 02 FF 03 0C 
[2019-11-07 16:48:09]G:: D0 05 02 02 FF 03 0B 
[2019-11-07 16:48:09]G:: D0 05 02 02 FF 03 0C 
[2019-11-07 16:48:09]G:: D0 05 02 02 FF 03 0B 
[2019-11-07 16:48:10]G:: D0 05 02 02 FF 03 0C 
[2019-11-07 16:48:10]G:: D0 05 02 02 FF 03 0B 
[2019-11-07 16:48:10]G:: D0 05 02 02 FF 03 0C 
[2019-11-07 16:48:10]G:: D0 05 02 02 FF 03 0B 
[2019-11-07 16:48:10]G:: D0 05 02 02 FF 03 0C 
[2019-11-07 16:48:10]G:: D0 05 02 02 FF 03 0B 
[2019-11-07 16:48:10]G:: D0 05 02 02 FF 03 0C 
[2019-11-07 16:48:10]G:: D0 05 02 02 FF 03 0B 
[2019-11-07 16:48:10]G:: D0 05 02 02 FF 03 0C 
[2019-11-07 16:48:10]G:: D0 05 02 02 FF 03 0B 
[2019-11-07 16:48:10]G:: D0 05 02 02 FF 03 0C 
[2019-11-07 16:48:10]G:: D0 05 02 02 FF 03 0B 
[2019-11-07 16:48:10]G:: D0 05 02 02 FF 03 0C 
[2019-11-07 16:48:10]G:: D0 05 02 02 FF 03 0B 
[2019-11-07 16:48:10]G:: D0 05 02 02 FF 03 0C 
[2019-11-07 16:48:10]G:: D0 05 02 02 FF 03 0B 
[2019-11-07 16:48:10]G:: D0 05 02 02 FF 03 0C 
[2019-11-07 16:48:10]G:: D0 05 02 02 FF 03 0B 
[2019-11-07 16:48:10]G:: D0 05 02 02 FF 03 0C 
[2019-11-07 16:48:10]G:: D0 05 02 02 FF 03 0B 
[2019-11-07 16:48:10]G:: D0 05 02 02 FF 03 0C 
[2019-11-07 16:48:10]G:: D0 05 02 02 FF 03 0B 
[2019-11-07 16:48:10]G:: D0 05 02 02 FF 03 0C 
[2019-11-07 16:48:10]G:: D0 05 02 02 FF 03 0B 
[2019-11-07 16:48:10]G:: D0 05 02 02 FF 03 0C 
[2019-11-07 16:48:10]G:: D0 05 02 02 FF 03 0B 
[2019-11-07 16:48:10]G:: D0 05 02 02 FF 03 0C 
[2019-11-07 16:48:10]G:: D0 05 02 02 FF 03 0B 
[2019-11-07 16:48:10]G:: D0 05 02 02 FF 03 0C 
[2019-11-07 16:48:10]G:: D0 05 02 02 FF 03 0B 
[2019-11-07 16:48:10]G:: D0 05 02 02 FF 03 0C 
[2019-11-07 16:48:10]G:: D0 05 02 02 FF 03 0B 
[2019-11-07 16:48:10]G:: D0 05 02 02 FF 03 0C 
[2019-11-07 16:48:10]G:: D0 05 02 02 FF 03 0B 
[2019-11-07 16:48:10]G:: D0 05 02 02 FF 03 0C 
[2019-11-07 16:48:10]G:: D0 05 02 02 FF 03 0B 
[2019-11-07 16:48:10]G:: D0 05 02 02 FF 03 0C 
[2019-11-07 16:48:10]G:: D0 05 02 02 FF 03 0B 
[2019-11-07 16:48:10]G:: D0 05 02 02 FF 03 0C 
[2019-11-07 16:48:10]G:: D0 05 02 02 FF 03 0B 
[2019-11-07 16:48:10]G:: D0 05 02 02 FF 03 0C 
[2019-11-07 16:48:10]G:: D0 05 02 02 FF 03 0B 
[2019-11-07 16:48:10]G:: D0 05 02 02 FF 03 0C 
[2019-11-07 16:48:10]G:: D0 05 02 02 FF 03 0B 
[2019-11-07 16:48:11]G:: D0 05 02 02 FF 03 0C 
[2019-11-07 16:48:11]G:: D0 05 02 02 FF 03 0B 
[2019-11-07 16:48:11]G:: D0 05 02 02 FF 03 0C 
[2019-11-07 16:48:11]G:: D0 05 02 02 FF 03 0B 
[2019-11-07 16:48:11]G:: D0 05 02 02 FF 03 0C 
[2019-11-07 16:48:11]G:: D0 05 02 02 FF 03 0B 
[2019-11-07 16:48:11]G:: D0 0B 03 04 FF FF FF FF 00 00 
[2019-11-07 16:48:11]G:: D0 05 02 02 FF 03 0C 
[2019-11-07 16:48:11]G:: D0 05 02 02 FF 03 0B 
[2019-11-07 16:48:11]G:: D0 05 02 02 FF 03 0C 
[2019-11-07 16:48:11]G:: D0 05 02 02 FF 03 0B 
[2019-11-07 16:48:11]G:: D0 05 02 02 FF 03 0B 
[2019-11-07 16:48:11]G:: D0 05 02 02 FF 03 0B 
[2019-11-07 16:48:11]G:: D0 05 02 02 FF 03 0C 
[2019-11-07 16:48:11]G:: D0 05 02 02 FF 03 0B 
[2019-11-07 16:48:11]G:: D0 05 02 02 FF 03 0C 
[2019-11-07 16:48:11]G:: D0 05 02 02 FF 03 0B 
[2019-11-07 16:48:11]G:: D0 05 02 02 FF 03 0C 
[2019-11-07 16:48:11]G:: D0 05 02 02 FF 03 0B 
[2019-11-07 16:48:11]G:: D0 05 02 02 FF 03 0C 
[2019-11-07 16:48:11]G:: D0 05 02 02 FF 03 0B 
[2019-11-07 16:48:11]G:: D0 05 02 02 FF 03 0C 
[2019-11-07 16:48:11]G:: D0 05 02 02 FF 03 0B 
[2019-11-07 16:48:11]G:: D0 05 02 02 FF 03 0C 
[2019-11-07 16:48:11]G:: D0 05 02 02 FF 03 0B 
[2019-11-07 16:48:11]G:: D0 05 02 02 FF 03 0C 
[2019-11-07 16:48:11]G:: D0 05 02 02 FF 03 0B 
[2019-11-07 16:48:11]G:: D0 05 02 02 FF 03 0C 
[2019-11-07 16:48:11]G:: D0 05 02 02 FF 03 0B 
[2019-11-07 16:48:11]G:: D0 05 02 02 FF 03 0C 
[2019-11-07 16:48:11]G:: D0 05 02 02 FF 03 0B 
[2019-11-07 16:48:11]G:: D0 05 02 02 FF 03 0C 
[2019-11-07 16:48:11]G:: D0 05 02 02 FF 03 0B 
[2019-11-07 16:48:11]G:: D0 05 02 02 FF 03 0C 
[2019-11-07 16:48:11]G:: D0 05 02 02 FF 03 0B 
[2019-11-07 16:48:11]G:: D0 05 02 02 FF 03 0C 
[2019-11-07 16:48:11]G:: D0 05 02 02 FF 03 0B 
[2019-11-07 16:48:11]G:: D0 05 02 02 FF 03 0C 
[2019-11-07 16:48:11]G:: D0 05 02 02 FF 03 0B 
[2019-11-07 16:48:12]G:: D0 05 02 02 FF 03 0C 
[2019-11-07 16:48:12]G:: D0 05 02 02 FF 03 0B 
[2019-11-07 16:48:12]G:: D0 05 02 02 FF 03 0C 
[2019-11-07 16:48:12]G:: D0 05 02 02 FF 03 0B 
[2019-11-07 16:48:12]G:: D0 05 02 02 FF 03 0C 
[2019-11-07 16:48:12]G:: D0 05 02 02 FF 03 0B 
[2019-11-07 16:48:12]G:: D0 05 02 02 FF 03 0C 
[2019-11-07 16:48:12]G:: D0 05 02 02 FF 03 0B 
[2019-11-07 16:48:12]G:: D0 05 02 02 FF 03 0C 
[2019-11-07 16:48:12]G:: D0 05 02 02 FF 03 0B 
[2019-11-07 16:48:12]G:: D0 05 02 02 FF 03 0C 
[2019-11-07 16:48:12]G:: D0 05 02 02 FF 03 0B 
[2019-11-07 16:48:12]G:: D0 05 02 02 FF 03 0C 
[2019-11-07 16:48:12]G:: D0 05 02 02 FF 03 0B 
[2019-11-07 16:48:12]G:: D0 05 02 02 FF 03 0C 
[2019-11-07 16:48:12]G:: D0 05 02 02 FF 03 0B 
[2019-11-07 16:48:12]G:: D0 05 02 02 FF 03 0C 
[2019-11-07 16:48:12]G:: D0 05 02 02 FF 03 0B 
[2019-11-07 16:48:12]G:: D0 05 02 02 FF 03 0B 
[2019-11-07 16:48:12]G:: D0 05 02 02 FF 03 0C 
[2019-11-07 16:48:12]G:: D0 05 02 02 FF 03 0B 
[2019-11-07 16:48:12]G:: D0 05 02 02 FF 03 0B 
[2019-11-07 16:48:12]G:: D0 05 02 02 FF 03 0C 
[2019-11-07 16:48:12]G:: D0 05 02 02 FF 03 0B 
[2019-11-07 16:48:12]G:: D0 05 02 02 FF 03 0B 
[2019-11-07 16:48:12]G:: D0 05 02 02 FF 03 0B 
[2019-11-07 16:48:12]G:: D0 05 02 02 FF 03 0C 
[2019-11-07 16:48:12]G:: D0 05 02 02 FF 03 0B 
[2019-11-07 16:48:12]G:: D0 05 02 02 FF 03 0C 
[2019-11-07 16:48:12]G:: D0 05 02 02 FF 03 0B 
[2019-11-07 16:48:12]G:: D0 05 02 02 FF 03 0C 
[2019-11-07 16:48:12]G:: D0 05 02 02 FF 03 0B 
[2019-11-07 16:48:12]G:: D0 05 02 02 FF 03 0C 
[2019-11-07 16:48:12]G:: D0 05 02 02 FF 03 0B 
[2019-11-07 16:48:12]G:: D0 05 02 02 FF 03 0C 
[2019-11-07 16:48:12]G:: D0 05 02 02 FF 03 0B 
[2019-11-07 16:48:12]G:: D0 05 02 02 FF 03 0A 
[2019-11-07 16:48:16]G:: D0 0B 03 04 FF FF FF FF 00 00 
[2019-11-07 16:48:20]G:: D0 03 01 64 01 64 01 64 04 64 03 64 
[2019-11-07 16:48:21]G:: D0 0B 03 04 FF FF FF FF 00 00 
[2019-11-07 16:48:26]G:: D0 0B 03 04 FF FF FF FF 00 00 
[2019-11-07 16:48:31]G:: D0 0B 03 04 FF FF FF FF 00 00 
[2019-11-07 16:48:33]G:: D0 05 02 02 FF 03 0A 
[2019-11-07 16:48:33]G:: D0 05 00 02 FF 03 0A 
[2019-11-07 16:48:33]G:: D0 01 40 00 00 
[2019-11-07 16:48:36]G:: D0 0B 03 04 FF FF FF FF 00 00 
[2019-11-07 16:49:16]G:: D0 14 00 00 00 00 00 16 15 15 15 4B 4B 42 42 
[2019-11-07 16:49:35]G:: D0 03 06 64 06 64 06 64 06 64 03 64 
[2019-11-07 16:49:39]G:: D0 03 01 64 01 64 01 64 04 64 03 64 
[2019-11-07 16:50:02]G:: D0 03 06 64 06 64 06 64 06 64 03 64 
[2019-11-07 16:50:06]G:: D0 03 01 64 01 64 01 64 04 64 03 64 
[2019-11-07 16:50:08]G:: D0 03 06 64 06 64 06 64 06 64 03 64 
[2019-11-07 16:50:12]G:: D0 03 01 64 01 64 01 64 04 64 03 64 
[2019-11-07 16:50:13]G:: D0 03 06 64 06 64 06 64 06 64 03 64 
[2019-11-07 16:50:17]G:: D0 03 01 64 01 64 01 64 04 64 03 64 
[2019-11-07 16:50:24]G:: D0 03 06 64 06 64 06 64 06 64 03 64 
[2019-11-07 16:50:28]G:: D0 03 01 64 01 64 01 64 04 64 03 64 
[2019-11-07 16:50:49]G:: D0 03 06 64 06 64 06 64 06 64 03 64 
[2019-11-07 16:51:03]G:: D0 03 01 64 01 64 01 64 04 64 03 64 
[2019-11-07 16:51:11]G:: D0 03 06 64 06 64 06 64 06 64 03 64 
[2019-11-07 16:51:15]G:: D0 03 01 64 01 64 01 64 04 64 03 64 
[2019-11-07 16:51:36]G:: D0 03 06 64 06 64 06 64 06 64 03 64 
[2019-11-07 16:51:40]G:: D0 03 01 64 01 64 01 64 04 64 03 64 
[2019-11-07 16:51:42]G:: D0 03 06 64 06 64 06 64 06 64 03 64 
[2019-11-07 16:51:46]G:: D0 03 01 64 01 64 01 64 04 64 03 64 
[2019-11-07 16:51:47]G:: D0 03 06 64 06 64 06 64 06 64 03 64 
[2019-11-07 16:51:52]G:: D0 03 01 64 01 64 01 64 04 64 03 64 
[2019-11-07 16:51:59]G:: D0 03 06 64 06 64 06 64 06 64 03 64 
[2019-11-07 16:52:03]G:: D0 03 01 64 01 64 01 64 04 64 03 64 
[2019-11-07 16:52:28]G:: D0 03 06 64 06 64 06 64 06 64 03 64 
[2019-11-07 16:52:47]G:: D0 03 01 64 01 64 01 64 04 64 03 64 
[2019-11-07 16:52:53]G:: D0 03 06 64 06 64 06 64 06 64 03 64 
[2019-11-07 16:52:58]G:: D0 03 01 64 01 64 01 64 04 64 03 64 
