[1980-01-06 08:00:09]               /\  /\                
[1980-01-06 08:00:09]***************  \/  *****************
[1980-01-06 08:00:09]                                      
[1980-01-06 08:00:09] data-service start!!!!               
[1980-01-06 08:00:09] build: Oct 31 2019 14:30:24 
[1980-01-06 08:00:09] build: 05 14 2019 10:50:18           
[1980-01-06 08:00:09]                                      
[1980-01-06 08:00:09]**************************************
[1980-01-06 08:00:09]class VehicleDataServiceStubImpl construction
[1980-01-06 08:00:09]VehicleDataService registerService Done
[1980-01-06 08:00:09]new VDDataModel()
[1980-01-06 08:00:09]VDDataModel is constructed
[1980-01-06 08:00:09]initACStatus done
[1980-01-06 08:00:09]initVehicleData done
[1980-01-06 08:00:09]initCrashData done
[1980-01-06 08:00:09]initTyrePressData done
[1980-01-06 08:00:09]initGValData done
[1980-01-06 08:00:09]initRadarData done
[1980-01-06 08:00:09]initBigData1 done
[1980-01-06 08:00:09]initBigData2 done
[1980-01-06 08:00:09]initNomalFaultData done
[1980-01-06 08:00:09]initElecChgeData done
[1980-01-06 08:00:09]initVehicleData1 done
[1980-01-06 08:00:09]initCarCFGData done
[1980-01-06 08:00:09]registerVehicleDataChangeCb Done
[1980-01-06 08:00:09]registerVehicleData1ChangeCb Done
[1980-01-06 08:00:09]registerHvacDataChangeCb Done
[1980-01-06 08:00:09]registerCrashChangeCb Done
[1980-01-06 08:00:09]registerPhoneCallChangeCb Done
[1980-01-06 08:00:09]registerCtrlResultChangeCb Done
[1980-01-06 08:00:09]new VDDataModelElec()
[1980-01-06 08:00:09]VDDataModelElec is constructed
[1980-01-06 08:00:09]initVcuData done
[1980-01-06 08:00:09]initMotorData done
[1980-01-06 08:00:09]initExtremumData done
[1980-01-06 08:00:09]initFaultData done
[1980-01-06 08:00:09]initChargeStorData done
[1980-01-06 08:00:09]initN1DTCData done
[1980-01-06 08:00:09]initN2DTCData done
[1980-01-06 08:00:09]initChargeStorTempData done
[1980-01-06 08:00:09]initCellSysNumData done
[1980-01-06 08:00:09]initDefineData done
[1980-01-06 08:00:09]registerVcuChangeCb Done
[1980-01-06 08:00:09]registerMotorChangeCb Done
[1980-01-06 08:00:09]registerExtremumChangeCb Done
[1980-01-06 08:00:09]registerFaultChangeCb Done
[1980-01-06 08:00:09]registerChargeStorChangeCb Done
[1980-01-06 08:00:09]registerTyreChangeCb Done
[1980-01-06 08:00:09]registerDTCChangeCb Done
[1980-01-06 08:00:09]registerGValChangeCb Done
[1980-01-06 08:00:09]registerRadarChangeCb Done
[1980-01-06 08:00:09]registerBigData1Cb Done
[1980-01-06 08:00:09]registerBigData2Cb Done
[1980-01-06 08:00:09]registerNomalFaultCb Done
[1980-01-06 08:00:09]registerCarCfgDataCb Done
[1980-01-06 08:00:09]autolinkMcuParseDataPThread -> start
[1980-01-06 08:00:09]MCU SERVICE IS AVAILABLE!
[1980-01-06 08:00:09]notify mcu service handshake sucessful
[1980-01-06 08:00:12]G:: D0 01 C1 00 00 
[1980-01-06 08:00:12]G:: D0 02 A1 14 FF 02 8F 80 D2 00 00 
[1980-01-06 08:00:12]G:: D0 03 04 64 04 64 01 64 01 64 03 64 
[1980-01-06 08:00:12]G:: D0 05 02 01 FF 03 0D 
[1980-01-06 08:00:12]G:: D0 06 00 
[1980-01-06 08:00:12]G:: D0 07 00 
[1980-01-06 08:00:12]G:: D0 08 00 37 03 E9 00 00 00 00 00 00 
[1980-01-06 08:00:12]G:: D0 09 00 00 04 E1 00 00 
[1980-01-06 08:00:12]G:: D0 0A 01 33 00 00 00 01 86 D5 2E FF FF 00 8A 
[1980-01-06 08:00:12]G:: D0 0B 03 0A FF FF FF FF 00 00 
[1980-01-06 08:00:12]G:: D0 0C 00 00 00 
[1980-01-06 08:00:12]G:: D0 0D 0F 
[1980-01-06 08:00:12]G:: D0 0E 00 
[1980-01-06 08:00:12]G:: D0 0F 00 00 
[1980-01-06 08:00:12]G:: D0 11 00 00 00 00 00 00 00 00 00 00 00 00 00 00 00 00 00 00 00 00 00 00 00 00 00 
[1980-01-06 08:00:12]G:: D0 12 00 
[1980-01-06 08:00:12]G:: 50 1C 44 46 53 4B 30 30 30 31 30 30 30 32 30 30 32 36 31 39 31 30 31 36 30 30 30 31 30 30 30 30 31 30 
[1980-01-06 08:00:12]G:: D0 14 00 00 00 00 00 15 14 15 15 42 46 3D 40 
[1980-01-06 08:00:12]G:: D0 15 00 
[1980-01-06 08:00:12]G:: D0 16 00 
[1980-01-06 08:00:12]G:: D0 1B 00 FF 
[1980-01-06 08:00:12]G:: 50 06 31 32 33 34 35 54 30 37 30 33 54 30 30 30 31 31 30 
[1980-01-06 08:00:12]G:: 50 0C A7 AA 69 46 67 5F 5F 24 
[1980-01-06 08:00:12]G:: D0 19 FF 
[1980-01-06 08:00:12]G:: D0 1D 01 00 00 4D 27 00 00 4D 27 00 00 4A 39 07 44 
[1980-01-06 08:00:12]G:: D0 13 02 
[1980-01-06 08:00:12]G:: D0 1E 00 
[1980-01-06 08:00:12]G:: D0 1F 00 
[1980-01-06 08:00:12]G:: D0 2A FF 00 02 00 00 02 02 02 02 02 
[1980-01-06 08:00:12]G:: D0 05 02 01 FF 03 0C 
[1980-01-06 08:00:12]G:: D0 05 02 01 FF 03 0D 
[1980-01-06 08:00:12]G:: D0 05 02 01 FF 03 0C 
[1980-01-06 08:00:12]G:: D0 05 02 01 FF 03 0D 
[1980-01-06 08:00:12]ecall invalid
[1980-01-06 08:00:12]bcall invalid
[1980-01-06 08:00:12]icall invalid
[1980-01-06 08:00:12]return ctrl default
[1980-01-06 08:00:12]result: default
[1980-01-06 08:00:12]G:: D0 05 02 01 FF 03 0C 
[1980-01-06 08:00:12]G:: D0 05 02 01 FF 03 0D 
[1980-01-06 08:00:12]car cfg CAR_CFG_PEPS
[1980-01-06 08:00:12]car type F_506S
[1980-01-06 08:00:12]G:: D0 05 02 01 FF 03 0C 
[1980-01-06 08:00:12]G:: D0 05 02 01 FF 03 0D 
[1980-01-06 08:00:12]G:: D0 05 02 01 FF 03 0C 
[1980-01-06 08:00:12]G:: D0 05 02 01 FF 03 0D 
[1980-01-06 08:00:12]G:: D0 05 02 01 FF 03 0C 
[1980-01-06 08:00:12]G:: D0 05 02 01 FF 03 0D 
[1980-01-06 08:00:12]G:: D0 05 02 01 FF 03 0C 
[1980-01-06 08:00:12]G:: D0 05 02 01 FF 03 0D 
[1980-01-06 08:00:12]G:: D0 05 02 01 FF 03 0C 
[1980-01-06 08:00:12]G:: D0 05 02 01 FF 03 0D 
[1980-01-06 08:00:12]G:: D0 05 02 01 FF 03 0C 
[1980-01-06 08:00:12]G:: D0 05 02 01 FF 03 0D 
[1980-01-06 08:00:12]G:: D0 05 02 01 FF 03 0C 
[1980-01-06 08:00:12]G:: D0 05 02 01 FF 03 0D 
[1980-01-06 08:00:13]G:: D0 05 02 01 FF 03 0C 
[1980-01-06 08:00:13]G:: D0 05 02 01 FF 03 0D 
[1980-01-06 08:00:13]G:: D0 05 02 01 FF 03 0C 
[1980-01-06 08:00:13]G:: D0 05 02 01 FF 03 0D 
[1980-01-06 08:00:13]G:: D0 05 02 01 FF 03 0C 
[1980-01-06 08:00:13]G:: D0 05 02 01 FF 03 0D 
[1980-01-06 08:00:13]G:: D0 05 02 01 FF 03 0C 
[1980-01-06 08:00:13]G:: D0 05 02 01 FF 03 0D 
[1980-01-06 08:00:13]G:: D0 05 02 01 FF 03 0C 
[1980-01-06 08:00:13]G:: D0 05 02 01 FF 03 0D 
[1980-01-06 08:00:13]G:: D0 05 02 01 FF 03 0C 
[1980-01-06 08:00:13]G:: D0 05 02 01 FF 03 0D 
[1980-01-06 08:00:13]G:: D0 05 02 01 FF 03 0C 
[1980-01-06 08:00:13]G:: D0 05 02 01 FF 03 0D 
[1980-01-06 08:00:13]G:: D0 05 02 01 FF 03 0C 
[1980-01-06 08:00:13]G:: D0 05 02 01 FF 03 0D 
[1980-01-06 08:00:13]G:: D0 05 02 01 FF 03 0C 
[1980-01-06 08:00:13]G:: D0 05 02 01 FF 03 0D 
[1980-01-06 08:00:13]G:: D0 05 02 01 FF 03 0C 
[1980-01-06 08:00:13]G:: D0 05 02 01 FF 03 0D 
[1980-01-06 08:00:13]G:: D0 05 02 01 FF 03 0C 
[1980-01-06 08:00:13]G:: D0 05 02 01 FF 03 0D 
[1980-01-06 08:00:13]G:: D0 05 02 01 FF 03 0C 
[1980-01-06 08:00:13]G:: D0 05 02 01 FF 03 0D 
[1980-01-06 08:00:13]G:: D0 05 02 01 FF 03 0C 
[1980-01-06 08:00:13]G:: D0 05 02 01 FF 03 0D 
[1980-01-06 08:00:13]G:: D0 05 02 01 FF 03 0C 
[1980-01-06 08:00:13]G:: D0 05 02 01 FF 03 0D 
[1980-01-06 08:00:13]G:: D0 05 02 01 FF 03 0C 
[1980-01-06 08:00:13]G:: D0 05 02 01 FF 03 0D 
[1980-01-06 08:00:13]G:: D0 05 02 01 FF 03 0C 
[1980-01-06 08:00:13]G:: D0 05 02 01 FF 03 0D 
[1980-01-06 08:00:13]G:: D0 05 02 01 FF 03 0C 
[1980-01-06 08:00:13]G:: D0 05 02 01 FF 03 0D 
[1980-01-06 08:00:13]G:: D0 05 02 01 FF 03 0C 
[1980-01-06 08:00:13]G:: D0 05 02 01 FF 03 0D 
[1980-01-06 08:00:13]G:: D0 05 02 01 FF 03 0C 
[1980-01-06 08:00:13]G:: D0 05 02 01 FF 03 0D 
[1980-01-06 08:00:13]G:: D0 05 02 01 FF 03 0C 
[1980-01-06 08:00:13]G:: D0 05 02 01 FF 03 0D 
[1980-01-06 08:00:14]G:: D0 05 02 01 FF 03 0C 
[1980-01-06 08:00:14]G:: D0 05 02 01 FF 03 0D 
[1980-01-06 08:00:14]G:: D0 05 02 01 FF 03 0C 
[1980-01-06 08:00:14]G:: D0 05 02 01 FF 03 0D 
[1980-01-06 08:00:14]G:: D0 05 02 01 FF 03 0C 
[1980-01-06 08:00:14]G:: D0 05 02 01 FF 03 0D 
[1980-01-06 08:00:14]G:: D0 05 02 01 FF 03 0C 
[1980-01-06 08:00:14]G:: D0 05 02 01 FF 03 0D 
[1980-01-06 08:00:14]G:: D0 05 02 01 FF 03 0C 
[1980-01-06 08:00:14]G:: D0 05 02 01 FF 03 0D 
[1980-01-06 08:00:14]G:: D0 05 02 01 FF 03 0C 
[1980-01-06 08:00:14]G:: D0 05 02 01 FF 03 0D 
[1980-01-06 08:00:14]G:: D0 05 02 01 FF 03 0C 
[1980-01-06 08:00:14]G:: D0 05 02 01 FF 03 0D 
[1980-01-06 08:00:14]G:: D0 05 02 01 FF 03 0C 
[1980-01-06 08:00:14]G:: D0 05 02 01 FF 03 0D 
[1980-01-06 08:00:14]G:: D0 05 02 01 FF 03 0C 
[1980-01-06 08:00:14]G:: D0 05 02 01 FF 03 0D 
[1980-01-06 08:00:14]G:: D0 05 02 01 FF 03 0C 
[1980-01-06 08:00:14]G:: D0 05 02 01 FF 03 0D 
[1980-01-06 08:00:14]G:: D0 05 02 01 FF 03 0C 
[1980-01-06 08:00:14]G:: D0 05 02 01 FF 03 0D 
[1980-01-06 08:00:14]G:: D0 05 02 01 FF 03 0C 
[1980-01-06 08:00:14]G:: D0 05 02 01 FF 03 0D 
[1980-01-06 08:00:14]G:: D0 05 02 01 FF 03 0C 
[1980-01-06 08:00:14]G:: D0 05 02 01 FF 03 0D 
[1980-01-06 08:00:14]G:: D0 05 02 01 FF 03 0C 
[1980-01-06 08:00:14]G:: D0 05 02 01 FF 03 0D 
[1980-01-06 08:00:14]G:: D0 05 02 01 FF 03 0C 
[1980-01-06 08:00:14]G:: D0 05 02 01 FF 03 0D 
[1980-01-06 08:00:14]G:: D0 05 02 01 FF 03 0C 
[1980-01-06 08:00:14]G:: D0 05 02 01 FF 03 0D 
[1980-01-06 08:00:14]G:: D0 05 02 01 FF 03 0C 
[1980-01-06 08:00:14]G:: D0 05 02 01 FF 03 0D 
[1980-01-06 08:00:14]G:: D0 05 02 01 FF 03 0C 
[1980-01-06 08:00:14]G:: D0 05 02 01 FF 03 0D 
[1980-01-06 08:00:14]G:: D0 05 02 01 FF 03 0C 
[1980-01-06 08:00:14]G:: D0 05 02 01 FF 03 0D 
[1980-01-06 08:00:14]G:: D0 05 02 01 FF 03 0C 
[1980-01-06 08:00:14]G:: D0 05 02 01 FF 03 0D 
[1980-01-06 08:00:14]G:: D0 05 02 01 FF 03 0C 
[1980-01-06 08:00:14]G:: D0 05 02 01 FF 03 0D 
[1980-01-06 08:00:14]G:: D0 05 02 01 FF 03 0C 
[1980-01-06 08:00:15]G:: D0 05 02 01 FF 03 0D 
[1980-01-06 08:00:15]G:: D0 05 02 01 FF 03 0C 
[1980-01-06 08:00:15]G:: D0 05 02 01 FF 03 0D 
[1980-01-06 08:00:15]G:: D0 05 02 01 FF 03 0C 
[1980-01-06 08:00:15]G:: D0 05 02 01 FF 03 0D 
[1980-01-06 08:00:15]G:: D0 05 02 01 FF 03 0C 
[1980-01-06 08:00:15]G:: D0 05 02 01 FF 03 0D 
[1980-01-06 08:00:15]G:: D0 05 02 01 FF 03 0C 
[1980-01-06 08:00:15]G:: D0 05 02 01 FF 03 0D 
[1980-01-06 08:00:15]G:: D0 05 02 01 FF 03 0C 
[1980-01-06 08:00:15]G:: D0 05 02 01 FF 03 0D 
[1980-01-06 08:00:15]G:: D0 05 02 01 FF 03 0C 
[1980-01-06 08:00:15]G:: D0 05 02 01 FF 03 0D 
[1980-01-06 08:00:15]G:: D0 05 02 01 FF 03 0C 
[1980-01-06 08:00:15]G:: D0 05 02 01 FF 03 0D 
[1980-01-06 08:00:15]G:: D0 05 02 01 FF 03 0C 
[1980-01-06 08:00:15]G:: D0 05 02 01 FF 03 0D 
[1980-01-06 08:00:15]G:: D0 05 02 01 FF 03 0C 
[1980-01-06 08:00:15]G:: D0 05 02 01 FF 03 0D 
[1980-01-06 08:00:15]G:: D0 05 02 01 FF 03 0C 
[1980-01-06 08:00:15]G:: D0 05 02 01 FF 03 0D 
[1980-01-06 08:00:15]G:: D0 05 02 01 FF 03 0C 
[1980-01-06 08:00:15]G:: D0 05 02 01 FF 03 0D 
[1980-01-06 08:00:15]G:: D0 05 02 01 FF 03 0C 
[1980-01-06 08:00:15]G:: D0 05 02 01 FF 03 0D 
[1980-01-06 08:00:15]G:: D0 05 02 01 FF 03 0C 
[1980-01-06 08:00:15]G:: D0 05 02 01 FF 03 0D 
[1980-01-06 08:00:15]G:: D0 05 02 01 FF 03 0C 
[1980-01-06 08:00:15]G:: D0 05 02 01 FF 03 0D 
[1980-01-06 08:00:15]G:: D0 05 02 01 FF 03 0C 
[1980-01-06 08:00:15]G:: D0 05 02 01 FF 03 0D 
[1980-01-06 08:00:15]G:: D0 05 02 01 FF 03 0C 
[1980-01-06 08:00:15]G:: D0 05 02 01 FF 03 0B 
[1980-01-06 08:00:16]G:: D0 05 02 01 FF 03 0C 
[1980-01-06 08:00:16]G:: D0 09 00 00 03 A4 00 00 
[1980-01-06 08:00:16]G:: D0 0B 03 06 FF FF FF FF 00 00 
[1980-01-06 08:00:17]G:: D0 05 02 01 FF 03 0B 
[1980-01-06 08:00:17]G:: D0 05 02 01 FF 03 0C 
[1980-01-06 08:00:17]G:: D0 05 02 01 FF 03 0B 
[1980-01-06 08:00:17]G:: D0 05 02 01 FF 03 0C 
[1980-01-06 08:00:17]G:: D0 05 02 01 FF 03 0B 
[1980-01-06 08:00:18]G:: D0 05 02 01 FF 03 0A 
[1980-01-06 08:00:18]G:: D0 05 02 01 FF 03 0B 
[1980-01-06 08:00:18]G:: D0 05 02 01 FF 03 0A 
[1980-01-06 08:00:18]G:: D0 05 02 01 FF 03 0B 
[1980-01-06 08:00:18]G:: D0 05 02 01 FF 03 0A 
[1980-01-06 08:00:18]G:: D0 05 02 01 FF 03 0B 
[1980-01-06 08:00:18]G:: D0 05 02 01 FF 03 0A 
[1980-01-06 08:00:21]new VDDataModelCtrl()
[1980-01-06 08:00:21]VDDataModelCtrl is constructed
[1980-01-06 08:00:21]G:: D0 05 02 01 FF 03 09 
[1980-01-06 08:00:21]G:: D0 05 02 01 FF 03 0A 
[1980-01-06 08:00:21]G:: D0 05 02 01 FF 03 09 
[1980-01-06 08:00:21]G:: D0 05 02 01 FF 03 0A 
[1980-01-06 08:00:21]G:: D0 05 02 01 FF 03 09 
[1980-01-06 08:00:21]G:: D0 05 02 01 FF 03 0A 
[1980-01-06 08:00:21]G:: D0 05 02 01 FF 03 09 
[1980-01-06 08:00:21]G:: D0 05 02 01 FF 03 0A 
[1980-01-06 08:00:21]G:: D0 05 02 01 FF 03 09 
[1980-01-06 08:00:21]G:: D0 05 02 01 FF 03 0A 
[1980-01-06 08:00:21]G:: D0 05 02 01 FF 03 09 
[1980-01-06 08:00:21]G:: D0 05 02 01 FF 03 0A 
[1980-01-06 08:00:21]G:: D0 05 02 01 FF 03 09 
[1980-01-06 08:00:21]G:: D0 05 02 01 FF 03 0A 
[1980-01-06 08:00:21]G:: D0 05 02 01 FF 03 09 
[1980-01-06 08:00:21]G:: D0 05 02 01 FF 03 0A 
[1980-01-06 08:00:21]G:: D0 05 02 01 FF 03 09 
[1980-01-06 08:00:21]G:: D0 05 02 01 FF 03 0A 
[1980-01-06 08:00:21]G:: D0 05 02 01 FF 03 09 
[1980-01-06 08:00:21]G:: D0 05 02 01 FF 03 0A 
[1980-01-06 08:00:21]G:: D0 05 02 01 FF 03 09 
[1980-01-06 08:00:21]G:: D0 05 02 01 FF 03 0A 
[1980-01-06 08:00:21]G:: D0 05 02 01 FF 03 09 
[1980-01-06 08:00:21]G:: D0 05 02 01 FF 03 0A 
[1980-01-06 08:00:21]G:: D0 09 00 00 03 CA 00 00 
[1980-01-06 08:00:21]G:: D0 05 02 01 FF 03 09 
[1980-01-06 08:00:21]G:: D0 05 02 01 FF 03 0A 
[1980-01-06 08:00:21]G:: D0 05 02 01 FF 03 09 
[1980-01-06 08:00:21]G:: D0 05 02 01 FF 03 0A 
[1980-01-06 08:00:21]G:: D0 05 02 01 FF 03 09 
[1980-01-06 08:00:21]G:: D0 05 02 01 FF 03 0A 
[1980-01-06 08:00:21]G:: D0 05 02 01 FF 03 09 
[1980-01-06 08:00:21]G:: D0 05 02 01 FF 03 0A 
[1980-01-06 08:00:21]G:: D0 05 02 01 FF 03 09 
[1980-01-06 08:00:22]G:: D0 05 02 01 FF 03 0A 
[1980-01-06 08:00:22]G:: D0 05 02 01 FF 03 09 
[1980-01-06 08:00:22]G:: D0 05 02 01 FF 03 0A 
[1980-01-06 08:00:22]G:: D0 05 02 01 FF 03 09 
[1980-01-06 08:00:22]G:: D0 05 02 01 FF 03 0A 
[1980-01-06 08:00:22]G:: D0 05 02 01 FF 03 09 
[1980-01-06 08:00:22]G:: D0 05 02 01 FF 03 0A 
[1980-01-06 08:00:22]G:: D0 05 02 01 FF 03 09 
[1980-01-06 08:00:22]G:: D0 05 02 01 FF 03 0A 
[1980-01-06 08:00:22]G:: D0 05 02 01 FF 03 09 
[1980-01-06 08:00:22]G:: D0 05 02 01 FF 03 0A 
[1980-01-06 08:00:22]G:: D0 05 02 01 FF 03 09 
[1980-01-06 08:00:26]G:: D0 09 00 00 03 C4 00 00 
[2019-11-08 07:38:19]G:: D0 09 00 00 03 C5 00 00 
[2019-11-08 07:38:24]G:: D0 09 00 00 03 CE 00 00 
[2019-11-08 07:38:27]G:: D0 05 02 01 FF 03 08 
[2019-11-08 07:38:27]G:: D0 05 02 01 FF 03 09 
[2019-11-08 07:38:28]G:: D0 05 02 01 FF 03 08 
[2019-11-08 07:38:11]G:: D0 05 02 01 FF 03 09 
[2019-11-08 07:38:28]G:: D0 05 02 01 FF 03 08 
[2019-11-08 07:38:28]G:: D0 05 02 01 FF 03 09 
[2019-11-08 07:38:28]G:: D0 05 02 01 FF 03 08 
[2019-11-08 07:38:28]G:: D0 05 02 01 FF 03 09 
[2019-11-08 07:38:29]G:: D0 05 02 01 FF 03 08 
[2019-11-08 07:38:29]G:: D0 05 02 01 FF 03 09 
[2019-11-08 07:38:29]G:: D0 05 02 01 FF 03 08 
[2019-11-08 07:38:29]G:: D0 05 02 01 FF 03 09 
[2019-11-08 07:38:29]G:: D0 09 00 00 03 A8 00 00 
[2019-11-08 07:38:29]G:: D0 05 02 01 FF 03 08 
[2019-11-08 07:38:29]G:: D0 05 02 01 FF 03 09 
[2019-11-08 07:38:31]G:: D0 05 02 01 FF 03 08 
[2019-11-08 07:38:31]G:: D0 05 02 01 FF 03 09 
[2019-11-08 07:38:31]G:: D0 05 02 01 FF 03 08 
[2019-11-08 07:38:31]G:: D0 05 02 01 FF 03 09 
[2019-11-08 07:38:31]G:: D0 05 02 01 FF 03 08 
[2019-11-08 07:38:31]G:: D0 05 02 01 FF 03 09 
[2019-11-08 07:38:32]G:: D0 05 02 01 FF 03 08 
[2019-11-08 07:38:32]G:: D0 05 02 01 FF 03 09 
[2019-11-08 07:38:32]G:: D0 05 02 01 FF 03 08 
[2019-11-08 07:38:32]G:: D0 05 02 01 FF 03 09 
[2019-11-08 07:38:32]G:: D0 05 02 01 FF 03 08 
[2019-11-08 07:38:32]G:: D0 05 02 01 FF 03 09 
[2019-11-08 07:38:32]G:: D0 05 02 01 FF 03 08 
[2019-11-08 07:38:32]G:: D0 05 02 01 FF 03 09 
[2019-11-08 07:38:32]G:: D0 05 02 01 FF 03 08 
[2019-11-08 07:38:32]G:: D0 05 02 01 FF 03 09 
[2019-11-08 07:38:32]G:: D0 05 02 01 FF 03 08 
[2019-11-08 07:38:32]G:: D0 05 02 01 FF 03 09 
[2019-11-08 07:38:32]G:: D0 05 02 01 FF 03 08 
[2019-11-08 07:38:32]G:: D0 05 02 01 FF 03 09 
[2019-11-08 07:38:32]G:: D0 05 02 01 FF 03 08 
[2019-11-08 07:38:32]G:: D0 05 02 01 FF 03 09 
[2019-11-08 07:38:32]G:: D0 05 02 01 FF 03 08 
[2019-11-08 07:38:32]G:: D0 05 02 01 FF 03 09 
[2019-11-08 07:38:32]G:: D0 05 02 01 FF 03 08 
[2019-11-08 07:38:32]G:: D0 05 02 01 FF 03 09 
[2019-11-08 07:38:32]G:: D0 05 02 01 FF 03 08 
[2019-11-08 07:38:32]G:: D0 05 02 01 FF 03 09 
[2019-11-08 07:38:32]G:: D0 05 02 01 FF 03 08 
[2019-11-08 07:38:32]G:: D0 05 02 01 FF 03 09 
[2019-11-08 07:38:32]G:: D0 05 02 01 FF 03 08 
[2019-11-08 07:38:32]G:: D0 05 02 01 FF 03 09 
[2019-11-08 07:38:32]G:: D0 05 02 01 FF 03 08 
[2019-11-08 07:38:32]G:: D0 05 02 01 FF 03 09 
[2019-11-08 07:38:32]G:: D0 05 02 01 FF 03 08 
[2019-11-08 07:38:32]G:: D0 05 02 01 FF 03 09 
[2019-11-08 07:38:32]G:: D0 05 02 01 FF 03 08 
[2019-11-08 07:38:32]G:: D0 05 02 01 FF 03 09 
[2019-11-08 07:38:32]G:: D0 05 02 01 FF 03 08 
[2019-11-08 07:38:32]G:: D0 05 02 01 FF 03 09 
[2019-11-08 07:38:32]G:: D0 05 02 01 FF 03 08 
[2019-11-08 07:38:32]G:: D0 05 02 01 FF 03 09 
[2019-11-08 07:38:32]G:: D0 05 02 01 FF 03 08 
[2019-11-08 07:38:33]G:: D0 05 02 01 FF 03 09 
[2019-11-08 07:38:33]G:: D0 05 02 01 FF 03 08 
[2019-11-08 07:38:33]G:: D0 05 02 01 FF 03 09 
[2019-11-08 07:38:33]G:: D0 05 02 01 FF 03 08 
[2019-11-08 07:38:33]G:: D0 05 02 01 FF 03 09 
[2019-11-08 07:38:33]G:: D0 05 02 01 FF 03 08 
[2019-11-08 07:38:33]G:: D0 05 02 01 FF 03 09 
[2019-11-08 07:38:33]G:: D0 05 02 01 FF 03 08 
[2019-11-08 07:38:33]G:: D0 05 02 01 FF 03 09 
[2019-11-08 07:38:33]G:: D0 05 02 01 FF 03 08 
[2019-11-08 07:38:33]G:: D0 05 02 01 FF 03 09 
[2019-11-08 07:38:33]G:: D0 05 02 01 FF 03 08 
[2019-11-08 07:38:33]G:: D0 05 02 01 FF 03 09 
[2019-11-08 07:38:33]G:: D0 05 02 01 FF 03 08 
[2019-11-08 07:38:33]G:: D0 05 02 01 FF 03 09 
[2019-11-08 07:38:33]G:: D0 05 02 01 FF 03 08 
[2019-11-08 07:38:33]G:: D0 05 02 01 FF 03 09 
[2019-11-08 07:38:33]G:: D0 05 02 01 FF 03 08 
[2019-11-08 07:38:33]G:: D0 05 02 01 FF 03 09 
[2019-11-08 07:38:33]G:: D0 05 02 01 FF 03 08 
[2019-11-08 07:38:33]G:: D0 05 02 01 FF 03 09 
[2019-11-08 07:38:33]G:: D0 05 02 01 FF 03 08 
[2019-11-08 07:38:33]G:: D0 05 02 01 FF 03 09 
[2019-11-08 07:38:33]G:: D0 05 02 01 FF 03 08 
[2019-11-08 07:38:33]G:: D0 05 02 01 FF 03 09 
[2019-11-08 07:38:33]G:: D0 05 02 01 FF 03 08 
[2019-11-08 07:38:33]G:: D0 05 02 01 FF 03 09 
[2019-11-08 07:38:33]G:: D0 05 02 01 FF 03 08 
[2019-11-08 07:38:33]G:: D0 05 02 01 FF 03 09 
[2019-11-08 07:38:34]G:: D0 05 02 01 FF 03 08 
[2019-11-08 07:38:34]G:: D0 05 02 01 FF 03 09 
[2019-11-08 07:38:34]G:: D0 05 02 01 FF 03 08 
[2019-11-08 07:38:34]G:: D0 05 02 01 FF 03 09 
[2019-11-08 07:38:34]G:: D0 05 02 01 FF 03 08 
[2019-11-08 07:38:34]G:: D0 05 02 01 FF 03 09 
[2019-11-08 07:38:34]G:: D0 05 02 01 FF 03 08 
[2019-11-08 07:38:34]G:: D0 05 02 01 FF 03 09 
[2019-11-08 07:38:34]G:: D0 05 02 01 FF 03 08 
[2019-11-08 07:38:34]G:: D0 05 02 01 FF 03 09 
[2019-11-08 07:38:34]G:: D0 09 00 00 03 C5 00 00 
[2019-11-08 07:38:34]G:: D0 05 02 01 FF 03 08 
[2019-11-08 07:38:34]G:: D0 05 02 01 FF 03 09 
[2019-11-08 07:38:34]G:: D0 05 02 01 FF 03 08 
[2019-11-08 07:38:34]G:: D0 05 02 01 FF 03 09 
[2019-11-08 07:38:34]G:: D0 05 02 01 FF 03 08 
[2019-11-08 07:38:34]G:: D0 05 02 01 FF 03 09 
[2019-11-08 07:38:34]G:: D0 05 02 01 FF 03 08 
[2019-11-08 07:38:34]G:: D0 05 02 01 FF 03 09 
[2019-11-08 07:38:34]G:: D0 05 02 01 FF 03 08 
[2019-11-08 07:38:34]G:: D0 05 02 01 FF 03 09 
[2019-11-08 07:38:34]G:: D0 05 02 01 FF 03 08 
[2019-11-08 07:38:34]G:: D0 05 02 01 FF 03 09 
[2019-11-08 07:38:34]G:: D0 05 02 01 FF 03 08 
[2019-11-08 07:38:34]G:: D0 05 02 01 FF 03 09 
[2019-11-08 07:38:34]G:: D0 05 02 01 FF 03 08 
[2019-11-08 07:38:34]G:: D0 05 02 01 FF 03 09 
[2019-11-08 07:38:34]G:: D0 05 02 01 FF 03 08 
[2019-11-08 07:38:34]G:: D0 05 02 01 FF 03 09 
[2019-11-08 07:38:34]G:: D0 05 02 01 FF 03 08 
[2019-11-08 07:38:34]G:: D0 05 02 01 FF 03 09 
[2019-11-08 07:38:35]G:: D0 05 02 01 FF 03 08 
[2019-11-08 07:38:35]G:: D0 05 02 01 FF 03 09 
[2019-11-08 07:38:35]G:: D0 05 02 01 FF 03 08 
[2019-11-08 07:38:35]G:: D0 01 C1 00 00 
[2019-11-08 07:38:35]G:: D0 02 A1 14 FF 02 8F 80 D2 00 00 
[2019-11-08 07:38:35]G:: D0 03 04 64 04 64 01 64 01 64 03 64 
[2019-11-08 07:38:35]G:: D0 05 02 01 FF 03 09 
[2019-11-08 07:38:35]G:: D0 06 00 
[2019-11-08 07:38:35]G:: D0 07 00 
[2019-11-08 07:38:35]G:: D0 08 00 37 03 E9 00 00 00 00 00 00 
[2019-11-08 07:38:35]G:: D0 09 00 00 03 AF 00 00 
[2019-11-08 07:38:35]G:: D0 0A 01 33 00 00 FF FF FF FF 2E FF FF 00 8A 
[2019-11-08 07:38:35]G:: D0 0B 03 06 FF FF FF FF 00 00 
[2019-11-08 07:38:35]G:: D0 0C 00 00 00 
[2019-11-08 07:38:35]G:: D0 0D 0F 
[2019-11-08 07:38:36]G:: D0 0E 00 
[2019-11-08 07:38:36]G:: D0 0F 00 00 
[2019-11-08 07:38:36]G:: D0 11 00 00 00 00 00 00 00 00 00 00 00 00 00 00 00 00 00 00 00 00 00 00 00 00 00 
[2019-11-08 07:38:36]G:: D0 12 00 
[2019-11-08 07:38:36]G:: 50 1C 44 46 53 4B 30 30 30 31 30 30 30 32 30 30 32 36 31 39 31 30 31 36 30 30 30 31 30 30 30 30 31 30 
[2019-11-08 07:38:36]G:: D0 14 00 00 00 00 00 15 14 15 15 42 46 3D 40 
[2019-11-08 07:38:36]G:: D0 15 00 
[2019-11-08 07:38:36]G:: D0 16 00 
[2019-11-08 07:38:36]G:: D0 1B 00 FF 
[2019-11-08 07:38:36]G:: 50 06 31 32 33 34 35 54 30 37 30 33 54 30 30 30 31 31 30 
[2019-11-08 07:38:36]G:: 50 0C A7 AA 69 46 67 5F 5F 24 
[2019-11-08 07:38:36]G:: D0 19 FF 
[2019-11-08 07:38:36]G:: D0 1D 00 00 00 00 00 00 00 00 00 00 00 00 00 00 00 
[2019-11-08 07:38:36]G:: D0 13 02 
[2019-11-08 07:38:36]G:: D0 1E 00 
[2019-11-08 07:38:36]G:: D0 1F 00 
[2019-11-08 07:38:36]G:: D0 2A FF 00 02 00 00 02 02 02 02 02 
[2019-11-08 07:38:36]G:: D0 0A 01 33 00 00 00 01 86 D5 2E FF FF 00 8A 
[2019-11-08 07:38:36]G:: D0 05 02 01 FF 03 08 
[2019-11-08 07:38:36]G:: D0 05 02 01 FF 03 09 
[2019-11-08 07:38:36]car cfg CAR_CFG_PEPS
[2019-11-08 07:38:36]car type F_506S
[2019-11-08 07:38:36]ecall invalid
[2019-11-08 07:38:36]bcall invalid
[2019-11-08 07:38:36]icall invalid
[2019-11-08 07:38:36]return ctrl default
[2019-11-08 07:38:36]result: default
[2019-11-08 07:38:36]G:: D0 05 02 01 FF 03 08 
[2019-11-08 07:38:36]G:: D0 05 02 01 FF 03 09 
[2019-11-08 07:38:36]G:: D0 05 02 01 FF 03 08 
[2019-11-08 07:38:36]G:: D0 05 02 01 FF 03 09 
[2019-11-08 07:38:36]G:: D0 05 02 01 FF 03 08 
[2019-11-08 07:38:36]G:: D0 05 02 01 FF 03 09 
[2019-11-08 07:38:36]G:: D0 05 02 01 FF 03 08 
[2019-11-08 07:38:36]G:: D0 05 02 01 FF 03 09 
[2019-11-08 07:38:38]G:: D0 01 C1 00 00 
[2019-11-08 07:38:38]G:: D0 02 A1 14 FF 02 94 80 D2 00 00 
[2019-11-08 07:38:38]G:: D0 03 04 64 04 64 01 64 01 64 03 64 
[2019-11-08 07:38:38]G:: D0 05 02 01 FF 03 09 
[2019-11-08 07:38:38]G:: D0 06 00 
[2019-11-08 07:38:38]G:: D0 07 00 
[2019-11-08 07:38:38]G:: D0 08 00 37 03 E9 00 00 00 00 00 00 
[2019-11-08 07:38:38]G:: D0 09 00 00 03 BF 00 00 
[2019-11-08 07:38:38]G:: D0 0A 01 33 00 00 00 01 86 D5 2E FF FF 00 8A 
[2019-11-08 07:38:38]G:: D0 0B 03 06 FF FF FF FF 00 00 
[2019-11-08 07:38:38]G:: D0 0C 00 00 00 
[2019-11-08 07:38:38]G:: D0 0D 0F 
[2019-11-08 07:38:38]G:: D0 0E 00 
[2019-11-08 07:38:39]G:: D0 0F 00 00 
[2019-11-08 07:38:39]G:: D0 11 00 00 00 00 00 00 00 00 00 00 00 00 00 00 00 00 00 00 00 00 00 00 00 00 00 
[2019-11-08 07:38:39]G:: D0 12 00 
[2019-11-08 07:38:39]G:: 50 1C 44 46 53 4B 30 30 30 31 30 30 30 32 30 30 32 36 31 39 31 30 31 36 30 30 30 31 30 30 30 30 31 30 
[2019-11-08 07:38:39]G:: D0 14 00 00 00 00 00 15 14 15 15 42 46 3D 40 
[2019-11-08 07:38:39]G:: D0 15 00 
[2019-11-08 07:38:39]G:: D0 16 00 
[2019-11-08 07:38:39]G:: D0 1B 00 FF 
[2019-11-08 07:38:39]G:: 50 06 31 32 33 34 35 54 30 37 30 33 54 30 30 30 31 31 30 
[2019-11-08 07:38:39]G:: 50 0C A7 AA 69 46 67 5F 5F 24 
[2019-11-08 07:38:39]G:: D0 19 FF 
[2019-11-08 07:38:39]G:: D0 1D 00 00 00 4F 19 00 00 4F 96 00 00 4A 39 06 AB 
[2019-11-08 07:38:39]G:: D0 13 02 
[2019-11-08 07:38:39]G:: D0 1E 00 
[2019-11-08 07:38:39]G:: D0 1F 00 
[2019-11-08 07:38:39]G:: D0 2A FF 00 02 00 00 02 02 02 02 02 
[2019-11-08 07:38:39]G:: D0 05 02 01 FF 03 08 
[2019-11-08 07:38:39]G:: D0 05 02 01 FF 03 09 
[2019-11-08 07:38:39]G:: D0 05 02 01 FF 03 08 
[2019-11-08 07:38:39]car cfg CAR_CFG_PEPS
[2019-11-08 07:38:39]car type F_506S
[2019-11-08 07:38:39]G:: D0 05 02 01 FF 03 09 
[2019-11-08 07:38:39]G:: D0 05 02 01 FF 03 08 
[2019-11-08 07:38:39]ecall invalid
[2019-11-08 07:38:39]bcall invalid
[2019-11-08 07:38:39]icall invalid
[2019-11-08 07:38:39]return ctrl default
[2019-11-08 07:38:39]result: default
[2019-11-08 07:38:39]G:: D0 05 02 01 FF 03 09 
[2019-11-08 07:38:39]G:: D0 05 02 01 FF 03 08 
[2019-11-08 07:38:39]G:: D0 05 02 01 FF 03 09 
[2019-11-08 07:38:39]G:: D0 05 02 01 FF 03 08 
[2019-11-08 07:38:39]G:: D0 05 02 01 FF 03 09 
[2019-11-08 07:38:39]G:: D0 05 02 01 FF 03 08 
[2019-11-08 07:38:39]G:: D0 05 02 01 FF 03 09 
[2019-11-08 07:38:39]G:: D0 05 02 01 FF 03 08 
[2019-11-08 07:38:39]G:: D0 05 02 01 FF 03 09 
[2019-11-08 07:38:39]G:: D0 05 02 01 FF 03 08 
[2019-11-08 07:38:39]G:: D0 05 02 01 FF 03 09 
[2019-11-08 07:38:39]G:: D0 05 02 01 FF 03 08 
[2019-11-08 07:38:39]G:: D0 05 02 01 FF 03 09 
[2019-11-08 07:38:39]G:: D0 05 02 01 FF 03 08 
[2019-11-08 07:38:39]G:: D0 05 02 01 FF 03 09 
[2019-11-08 07:38:39]G:: D0 05 02 01 FF 03 08 
[2019-11-08 07:38:39]G:: D0 05 02 01 FF 03 09 
[2019-11-08 07:38:39]G:: D0 05 02 01 FF 03 08 
[2019-11-08 07:38:39]G:: D0 05 02 01 FF 03 09 
[2019-11-08 07:38:39]G:: D0 05 02 01 FF 03 08 
[2019-11-08 07:38:39]G:: D0 05 02 01 FF 03 09 
[2019-11-08 07:38:39]G:: D0 05 02 01 FF 03 08 
[2019-11-08 07:38:39]G:: D0 05 02 01 FF 03 09 
[2019-11-08 07:38:39]G:: D0 05 02 01 FF 03 08 
[2019-11-08 07:38:39]G:: D0 05 02 01 FF 03 09 
[2019-11-08 07:38:39]G:: D0 05 02 01 FF 03 08 
[2019-11-08 07:38:39]G:: D0 05 02 01 FF 03 09 
[2019-11-08 07:38:39]G:: D0 05 02 01 FF 03 08 
[2019-11-08 07:38:39]G:: D0 05 02 01 FF 03 09 
[2019-11-08 07:38:39]G:: D0 05 02 01 FF 03 08 
[2019-11-08 07:38:39]G:: D0 05 02 01 FF 03 09 
[2019-11-08 07:38:39]G:: D0 05 02 01 FF 03 08 
[2019-11-08 07:38:39]G:: D0 05 02 01 FF 03 09 
[2019-11-08 07:38:39]G:: D0 05 02 01 FF 03 08 
[2019-11-08 07:38:40]G:: D0 05 02 01 FF 03 09 
[2019-11-08 07:38:40]G:: D0 05 02 01 FF 03 08 
[2019-11-08 07:38:40]G:: D0 05 02 01 FF 03 09 
[2019-11-08 07:38:40]G:: D0 05 02 01 FF 03 08 
[2019-11-08 07:38:40]G:: D0 05 02 01 FF 03 09 
[2019-11-08 07:38:40]G:: D0 05 02 01 FF 03 08 
[2019-11-08 07:38:40]G:: D0 05 02 01 FF 03 09 
[2019-11-08 07:38:40]G:: D0 05 02 01 FF 03 08 
[2019-11-08 07:38:40]G:: D0 05 02 01 FF 03 09 
[2019-11-08 07:38:40]G:: D0 05 02 01 FF 03 08 
[2019-11-08 07:38:40]G:: D0 05 02 01 FF 03 09 
[2019-11-08 07:38:40]G:: D0 05 02 01 FF 03 08 
[2019-11-08 07:38:40]G:: D0 05 02 01 FF 03 09 
[2019-11-08 07:38:40]G:: D0 05 02 01 FF 03 08 
[2019-11-08 07:38:40]G:: D0 05 02 01 FF 03 09 
[2019-11-08 07:38:40]G:: D0 05 02 01 FF 03 08 
[2019-11-08 07:38:40]G:: D0 05 02 01 FF 03 09 
[2019-11-08 07:38:40]G:: D0 05 02 01 FF 03 08 
[2019-11-08 07:38:40]G:: D0 05 02 01 FF 03 09 
[2019-11-08 07:38:40]G:: D0 05 02 01 FF 03 08 
[2019-11-08 07:38:40]G:: D0 05 02 01 FF 03 09 
[2019-11-08 07:38:40]G:: D0 05 02 01 FF 03 08 
[2019-11-08 07:38:40]G:: D0 05 02 01 FF 03 09 
[2019-11-08 07:38:40]G:: D0 05 02 01 FF 03 08 
[2019-11-08 07:38:40]G:: D0 05 02 01 FF 03 09 
[2019-11-08 07:38:40]G:: D0 05 02 01 FF 03 08 
[2019-11-08 07:38:40]G:: D0 05 02 01 FF 03 09 
[2019-11-08 07:38:40]G:: D0 05 02 01 FF 03 08 
[2019-11-08 07:38:40]G:: D0 05 02 01 FF 03 09 
[2019-11-08 07:38:40]G:: D0 05 02 01 FF 03 08 
[2019-11-08 07:38:40]G:: D0 05 02 01 FF 03 09 
[2019-11-08 07:38:40]G:: D0 05 02 01 FF 03 08 
[2019-11-08 07:38:40]G:: D0 05 02 01 FF 03 09 
[2019-11-08 07:38:41]G:: D0 05 02 01 FF 03 08 
[2019-11-08 07:38:41]G:: D0 05 02 01 FF 03 09 
[2019-11-08 07:38:41]G:: D0 05 02 01 FF 03 08 
[2019-11-08 07:38:41]G:: D0 05 02 01 FF 03 09 
[2019-11-08 07:38:41]G:: D0 05 02 01 FF 03 08 
[2019-11-08 07:38:41]G:: D0 05 02 01 FF 03 09 
[2019-11-08 07:38:41]G:: D0 05 02 01 FF 03 08 
[2019-11-08 07:38:41]G:: D0 05 02 01 FF 03 09 
[2019-11-08 07:38:41]G:: D0 05 02 01 FF 03 08 
[2019-11-08 07:38:41]G:: D0 05 02 01 FF 03 09 
[2019-11-08 07:38:41]G:: D0 05 02 01 FF 03 08 
[2019-11-08 07:38:41]G:: D0 05 02 01 FF 03 09 
[2019-11-08 07:38:41]G:: D0 05 02 01 FF 03 08 
[2019-11-08 07:38:41]G:: D0 05 02 01 FF 03 09 
[2019-11-08 07:38:41]G:: D0 05 02 01 FF 03 08 
[2019-11-08 07:38:41]G:: D0 05 02 01 FF 03 09 
[2019-11-08 07:38:41]G:: D0 05 02 01 FF 03 08 
[2019-11-08 07:38:41]G:: D0 09 00 00 03 AA 00 00 
[2019-11-08 07:38:41]G:: D0 0B 03 06 FF FF FF FF 00 00 
[2019-11-08 07:38:41]G:: D0 05 02 01 FF 03 09 
[2019-11-08 07:38:41]G:: D0 05 02 01 FF 03 08 
[2019-11-08 07:38:41]G:: D0 05 02 01 FF 03 09 
[2019-11-08 07:38:41]G:: D0 05 02 01 FF 03 08 
[2019-11-08 07:38:41]G:: D0 05 02 01 FF 03 09 
[2019-11-08 07:38:41]G:: D0 05 02 01 FF 03 08 
[2019-11-08 07:38:41]G:: D0 05 02 01 FF 03 09 
[2019-11-08 07:38:41]G:: D0 05 02 01 FF 03 08 
[2019-11-08 07:38:41]G:: D0 05 02 01 FF 03 09 
[2019-11-08 07:38:41]G:: D0 05 02 01 FF 03 08 
[2019-11-08 07:38:41]G:: D0 05 02 01 FF 03 09 
[2019-11-08 07:38:42]G:: D0 05 02 01 FF 03 08 
[2019-11-08 07:38:42]G:: D0 05 02 01 FF 03 09 
[2019-11-08 07:38:42]G:: D0 05 02 01 FF 03 08 
[2019-11-08 07:38:42]G:: D0 05 02 01 FF 03 09 
[2019-11-08 07:38:42]G:: D0 05 02 01 FF 03 08 
[2019-11-08 07:38:42]G:: D0 05 02 01 FF 03 09 
[2019-11-08 07:38:42]G:: D0 05 02 01 FF 03 08 
[2019-11-08 07:38:42]G:: D0 05 02 01 FF 03 09 
[2019-11-08 07:38:42]G:: D0 05 02 01 FF 03 08 
[2019-11-08 07:38:42]G:: D0 05 02 01 FF 03 09 
[2019-11-08 07:38:42]G:: D0 05 02 01 FF 03 08 
[2019-11-08 07:38:42]G:: D0 05 02 01 FF 03 09 
[2019-11-08 07:38:42]G:: D0 05 02 01 FF 03 08 
[2019-11-08 07:38:42]G:: D0 05 02 01 FF 03 09 
[2019-11-08 07:38:42]G:: D0 05 02 01 FF 03 08 
[2019-11-08 07:38:42]G:: D0 05 02 01 FF 03 09 
[2019-11-08 07:38:42]G:: D0 05 02 01 FF 03 08 
[2019-11-08 07:38:42]G:: D0 05 02 01 FF 03 09 
[2019-11-08 07:38:42]G:: D0 05 02 01 FF 03 08 
[2019-11-08 07:38:42]G:: D0 05 02 01 FF 03 09 
[2019-11-08 07:38:42]G:: D0 05 02 01 FF 03 08 
[2019-11-08 07:38:42]G:: D0 05 02 01 FF 03 09 
[2019-11-08 07:38:42]G:: D0 05 02 01 FF 03 08 
[2019-11-08 07:38:42]G:: D0 05 02 01 FF 03 09 
[2019-11-08 07:38:42]G:: D0 05 02 01 FF 03 08 
[2019-11-08 07:38:42]G:: D0 05 02 01 FF 03 09 
[2019-11-08 07:38:42]G:: D0 05 02 01 FF 03 08 
[2019-11-08 07:38:42]G:: D0 05 02 01 FF 03 09 
[2019-11-08 07:38:42]G:: D0 05 02 01 FF 03 08 
[2019-11-08 07:38:42]G:: D0 05 02 01 FF 03 09 
[2019-11-08 07:38:42]G:: D0 05 02 01 FF 03 08 
[2019-11-08 07:38:42]G:: D0 05 02 01 FF 03 09 
[2019-11-08 07:38:42]G:: D0 05 02 01 FF 03 08 
[2019-11-08 07:38:42]G:: D0 05 02 01 FF 03 09 
[2019-11-08 07:38:42]G:: D0 05 02 01 FF 03 08 
[2019-11-08 07:38:42]G:: D0 05 02 01 FF 03 09 
[2019-11-08 07:38:42]G:: D0 05 02 01 FF 03 08 
[2019-11-08 07:38:42]G:: D0 05 02 01 FF 03 09 
[2019-11-08 07:38:42]G:: D0 05 02 01 FF 03 08 
[2019-11-08 07:38:42]G:: D0 05 02 01 FF 03 09 
[2019-11-08 07:38:42]G:: D0 05 02 01 FF 03 08 
[2019-11-08 07:38:42]G:: D0 05 02 01 FF 03 09 
[2019-11-08 07:38:42]G:: D0 05 02 01 FF 03 08 
[2019-11-08 07:38:42]G:: D0 05 02 01 FF 03 09 
[2019-11-08 07:38:42]G:: D0 05 02 01 FF 03 08 
[2019-11-08 07:38:42]G:: D0 05 02 01 FF 03 09 
[2019-11-08 07:38:43]G:: D0 05 02 01 FF 03 08 
[2019-11-08 07:38:43]G:: D0 05 02 01 FF 03 09 
[2019-11-08 07:38:43]G:: D0 05 02 01 FF 03 08 
[2019-11-08 07:38:43]G:: D0 05 02 01 FF 03 09 
[2019-11-08 07:38:43]G:: D0 05 02 01 FF 03 08 
[2019-11-08 07:38:43]G:: D0 05 02 01 FF 03 09 
[2019-11-08 07:38:43]G:: D0 05 02 01 FF 03 08 
[2019-11-08 07:38:43]G:: D0 05 02 01 FF 03 09 
[2019-11-08 07:38:43]G:: D0 05 02 01 FF 03 08 
[2019-11-08 07:38:43]G:: D0 05 02 01 FF 03 09 
[2019-11-08 07:38:43]G:: D0 05 02 01 FF 03 08 
[2019-11-08 07:38:43]G:: D0 05 02 01 FF 03 09 
[2019-11-08 07:38:43]G:: D0 05 02 01 FF 03 08 
[2019-11-08 07:38:43]G:: D0 05 02 01 FF 03 09 
[2019-11-08 07:38:43]G:: D0 05 02 01 FF 03 08 
[2019-11-08 07:38:43]G:: D0 05 02 01 FF 03 09 
[2019-11-08 07:38:43]G:: D0 05 02 01 FF 03 08 
[2019-11-08 07:38:43]G:: D0 05 02 01 FF 03 09 
[2019-11-08 07:38:43]G:: D0 05 02 01 FF 03 08 
[2019-11-08 07:38:43]G:: D0 05 02 01 FF 03 09 
[2019-11-08 07:38:43]G:: D0 05 02 01 FF 03 08 
[2019-11-08 07:38:43]G:: D0 05 02 01 FF 03 09 
[2019-11-08 07:38:43]G:: D0 05 02 01 FF 03 08 
[2019-11-08 07:38:43]G:: D0 05 02 01 FF 03 09 
[2019-11-08 07:38:43]G:: D0 05 02 01 FF 03 08 
[2019-11-08 07:38:43]G:: D0 05 02 01 FF 03 09 
[2019-11-08 07:38:43]G:: D0 05 02 01 FF 03 08 
[2019-11-08 07:38:43]G:: D0 05 02 01 FF 03 09 
[2019-11-08 07:38:43]G:: D0 05 02 01 FF 03 08 
[2019-11-08 07:38:43]G:: D0 05 02 01 FF 03 09 
[2019-11-08 07:38:43]G:: D0 05 02 01 FF 03 08 
[2019-11-08 07:38:43]G:: D0 05 02 01 FF 03 09 
[2019-11-08 07:38:43]G:: D0 05 02 01 FF 03 08 
[2019-11-08 07:38:43]G:: D0 05 02 01 FF 03 09 
[2019-11-08 07:38:43]G:: D0 05 02 01 FF 03 08 
[2019-11-08 07:38:43]G:: D0 05 02 01 FF 03 09 
[2019-11-08 07:38:43]G:: D0 05 02 01 FF 03 08 
[2019-11-08 07:38:43]G:: D0 05 02 01 FF 03 09 
[2019-11-08 07:38:43]G:: D0 05 02 01 FF 03 08 
[2019-11-08 07:38:43]G:: D0 05 02 01 FF 03 09 
[2019-11-08 07:38:43]G:: D0 05 02 01 FF 03 08 
[2019-11-08 07:38:43]G:: D0 05 02 01 FF 03 09 
[2019-11-08 07:38:43]G:: D0 05 02 01 FF 03 08 
[2019-11-08 07:38:44]G:: D0 05 02 01 FF 03 09 
[2019-11-08 07:38:44]G:: D0 05 02 01 FF 03 08 
[2019-11-08 07:38:44]G:: D0 05 02 01 FF 03 09 
[2019-11-08 07:38:44]G:: D0 05 02 01 FF 03 08 
[2019-11-08 07:38:44]G:: D0 05 02 01 FF 03 09 
[2019-11-08 07:38:44]G:: D0 05 02 01 FF 03 08 
[2019-11-08 07:38:44]G:: D0 05 02 01 FF 03 09 
[2019-11-08 07:38:44]G:: D0 05 02 01 FF 03 08 
[2019-11-08 07:38:44]G:: D0 05 02 01 FF 03 09 
[2019-11-08 07:38:44]G:: D0 05 02 01 FF 03 08 
[2019-11-08 07:38:44]G:: D0 05 02 01 FF 03 09 
[2019-11-08 07:38:44]G:: D0 05 02 01 FF 03 08 
[2019-11-08 07:38:44]G:: D0 05 02 01 FF 03 09 
[2019-11-08 07:38:44]G:: D0 05 02 01 FF 03 08 
[2019-11-08 07:38:44]G:: D0 05 02 01 FF 03 09 
[2019-11-08 07:38:44]G:: D0 05 02 01 FF 03 08 
[2019-11-08 07:38:44]G:: D0 05 02 01 FF 03 09 
[2019-11-08 07:38:44]G:: D0 05 02 01 FF 03 08 
[2019-11-08 07:38:44]G:: D0 05 02 01 FF 03 09 
[2019-11-08 07:38:44]G:: D0 05 02 01 FF 03 08 
[2019-11-08 07:38:44]G:: D0 05 02 01 FF 03 09 
[2019-11-08 07:38:44]G:: D0 05 02 01 FF 03 08 
[2019-11-08 07:38:44]G:: D0 05 02 01 FF 03 09 
[2019-11-08 07:38:44]G:: D0 05 02 01 FF 03 08 
[2019-11-08 07:38:44]G:: D0 05 02 01 FF 03 09 
[2019-11-08 07:38:44]G:: D0 05 02 01 FF 03 08 
[2019-11-08 07:38:44]G:: D0 05 02 01 FF 03 09 
[2019-11-08 07:38:44]G:: D0 05 02 01 FF 03 08 
[2019-11-08 07:38:44]G:: D0 05 02 01 FF 03 09 
[2019-11-08 07:38:44]G:: D0 05 02 01 FF 03 08 
[2019-11-08 07:38:44]G:: D0 05 02 01 FF 03 09 
[2019-11-08 07:38:44]G:: D0 05 02 01 FF 03 08 
[2019-11-08 07:38:44]G:: D0 05 02 01 FF 03 09 
[2019-11-08 07:38:44]G:: D0 05 02 01 FF 03 08 
[2019-11-08 07:38:44]G:: D0 05 02 01 FF 03 09 
[2019-11-08 07:38:44]G:: D0 05 02 01 FF 03 08 
[2019-11-08 07:38:44]G:: D0 05 02 01 FF 03 09 
[2019-11-08 07:38:44]G:: D0 05 02 01 FF 03 08 
[2019-11-08 07:38:44]G:: D0 05 02 01 FF 03 09 
[2019-11-08 07:38:45]G:: D0 05 02 01 FF 03 08 
[2019-11-08 07:38:45]G:: D0 05 02 01 FF 03 09 
[2019-11-08 07:38:45]G:: D0 05 02 01 FF 03 08 
[2019-11-08 07:38:45]G:: D0 05 02 01 FF 03 09 
[2019-11-08 07:38:45]G:: D0 05 02 01 FF 03 08 
[2019-11-08 07:38:45]G:: D0 05 02 01 FF 03 09 
[2019-11-08 07:38:45]G:: D0 05 02 01 FF 03 08 
[2019-11-08 07:38:45]G:: D0 05 02 01 FF 03 09 
[2019-11-08 07:38:45]G:: D0 05 02 01 FF 03 08 
[2019-11-08 07:38:45]G:: D0 05 02 01 FF 03 09 
[2019-11-08 07:38:45]G:: D0 05 02 01 FF 03 08 
[2019-11-08 07:38:45]G:: D0 05 02 01 FF 03 09 
[2019-11-08 07:38:45]G:: D0 05 02 01 FF 03 08 
[2019-11-08 07:38:45]G:: D0 05 02 01 FF 03 09 
[2019-11-08 07:38:45]G:: D0 05 02 01 FF 03 08 
[2019-11-08 07:38:45]G:: D0 05 02 01 FF 03 09 
[2019-11-08 07:38:45]G:: D0 05 02 01 FF 03 08 
[2019-11-08 07:38:45]G:: D0 05 02 01 FF 03 09 
[2019-11-08 07:38:45]G:: D0 05 02 01 FF 03 08 
[2019-11-08 07:38:45]G:: D0 05 02 01 FF 03 09 
[2019-11-08 07:38:45]G:: D0 05 02 01 FF 03 08 
[2019-11-08 07:38:45]G:: D0 05 02 01 FF 03 09 
[2019-11-08 07:38:45]G:: D0 05 02 01 FF 03 08 
[2019-11-08 07:38:45]G:: D0 05 02 01 FF 03 09 
[2019-11-08 07:38:45]G:: D0 05 02 01 FF 03 08 
[2019-11-08 07:38:45]G:: D0 05 02 01 FF 03 09 
[2019-11-08 07:38:45]G:: D0 05 02 01 FF 03 08 
[2019-11-08 07:38:45]G:: D0 05 02 01 FF 03 09 
[2019-11-08 07:38:45]G:: D0 05 02 01 FF 03 08 
[2019-11-08 07:38:45]G:: D0 05 02 01 FF 03 09 
[2019-11-08 07:38:45]G:: D0 05 02 01 FF 03 08 
[2019-11-08 07:38:45]G:: D0 05 02 01 FF 03 09 
[2019-11-08 07:38:45]G:: D0 05 02 01 FF 03 08 
[2019-11-08 07:38:45]G:: D0 05 02 01 FF 03 09 
[2019-11-08 07:38:45]G:: D0 05 02 01 FF 03 08 
[2019-11-08 07:38:45]G:: D0 05 02 01 FF 03 09 
[2019-11-08 07:38:45]G:: D0 05 02 01 FF 03 08 
[2019-11-08 07:38:45]G:: D0 05 02 01 FF 03 09 
[2019-11-08 07:38:45]G:: D0 05 02 01 FF 03 08 
[2019-11-08 07:38:46]G:: D0 05 02 01 FF 03 09 
[2019-11-08 07:38:46]G:: D0 05 02 01 FF 03 08 
[2019-11-08 07:38:46]G:: D0 05 02 01 FF 03 09 
[2019-11-08 07:38:46]G:: D0 05 02 01 FF 03 08 
[2019-11-08 07:38:46]G:: D0 05 02 01 FF 03 09 
[2019-11-08 07:38:46]G:: D0 05 02 01 FF 03 08 
[2019-11-08 07:38:46]G:: D0 05 02 01 FF 03 09 
[2019-11-08 07:38:46]G:: D0 05 02 01 FF 03 08 
[2019-11-08 07:38:46]G:: D0 05 02 01 FF 03 09 
[2019-11-08 07:38:46]G:: D0 05 02 01 FF 03 08 
[2019-11-08 07:38:46]G:: D0 05 02 01 FF 03 09 
[2019-11-08 07:38:46]G:: D0 05 02 01 FF 03 08 
[2019-11-08 07:38:46]G:: D0 05 02 01 FF 03 09 
[2019-11-08 07:38:46]G:: D0 05 02 01 FF 03 08 
[2019-11-08 07:38:46]G:: D0 05 02 01 FF 03 09 
[2019-11-08 07:38:46]G:: D0 05 02 01 FF 03 08 
[2019-11-08 07:38:46]G:: D0 05 02 01 FF 03 09 
[2019-11-08 07:38:46]G:: D0 09 00 00 03 B8 00 00 
[2019-11-08 07:38:46]G:: D0 05 02 01 FF 03 08 
[2019-11-08 07:38:46]G:: D0 05 02 01 FF 03 09 
[2019-11-08 07:38:46]G:: D0 05 02 01 FF 03 08 
[2019-11-08 07:38:46]G:: D0 05 02 01 FF 03 09 
[2019-11-08 07:38:46]G:: D0 05 02 01 FF 03 08 
[2019-11-08 07:38:46]G:: D0 05 02 01 FF 03 09 
[2019-11-08 07:38:46]G:: D0 05 02 01 FF 03 08 
[2019-11-08 07:38:46]G:: D0 05 02 01 FF 03 09 
[2019-11-08 07:38:46]G:: D0 05 02 01 FF 03 08 
[2019-11-08 07:38:46]G:: D0 05 02 01 FF 03 09 
[2019-11-08 07:38:46]G:: D0 05 02 01 FF 03 08 
[2019-11-08 07:38:46]G:: D0 05 02 01 FF 03 09 
[2019-11-08 07:38:46]G:: D0 05 02 01 FF 03 08 
[2019-11-08 07:38:46]G:: D0 05 02 01 FF 03 09 
[2019-11-08 07:38:46]G:: D0 05 02 01 FF 03 08 
[2019-11-08 07:38:46]G:: D0 05 02 01 FF 03 09 
[2019-11-08 07:38:46]G:: D0 05 02 01 FF 03 08 
[2019-11-08 07:38:47]G:: D0 05 02 01 FF 03 09 
[2019-11-08 07:38:47]G:: D0 05 02 01 FF 03 08 
[2019-11-08 07:38:47]G:: D0 05 02 01 FF 03 09 
[2019-11-08 07:38:47]G:: D0 05 02 01 FF 03 08 
[2019-11-08 07:38:47]G:: D0 05 02 01 FF 03 09 
[2019-11-08 07:38:47]G:: D0 05 02 01 FF 03 08 
[2019-11-08 07:38:47]G:: D0 05 02 01 FF 03 09 
[2019-11-08 07:38:47]G:: D0 05 02 01 FF 03 08 
[2019-11-08 07:38:47]G:: D0 05 02 01 FF 03 09 
[2019-11-08 07:38:47]G:: D0 05 02 01 FF 03 08 
[2019-11-08 07:38:47]G:: D0 05 02 01 FF 03 09 
[2019-11-08 07:38:47]G:: D0 05 02 01 FF 03 08 
[2019-11-08 07:38:47]G:: D0 05 02 01 FF 03 09 
[2019-11-08 07:38:47]G:: D0 05 02 01 FF 03 08 
[2019-11-08 07:38:47]G:: D0 05 02 01 FF 03 09 
[2019-11-08 07:38:47]G:: D0 05 02 01 FF 03 08 
[2019-11-08 07:38:47]G:: D0 05 02 01 FF 03 09 
[2019-11-08 07:38:47]G:: D0 05 02 01 FF 03 08 
[2019-11-08 07:38:47]G:: D0 05 02 01 FF 03 09 
[2019-11-08 07:38:47]G:: D0 05 02 01 FF 03 08 
[2019-11-08 07:38:47]G:: D0 05 02 01 FF 03 09 
[2019-11-08 07:38:47]G:: D0 05 02 01 FF 03 08 
[2019-11-08 07:38:47]G:: D0 05 02 01 FF 03 09 
[2019-11-08 07:38:47]G:: D0 05 02 01 FF 03 08 
[2019-11-08 07:38:47]G:: D0 05 02 01 FF 03 09 
[2019-11-08 07:38:47]G:: D0 05 02 01 FF 03 08 
[2019-11-08 07:38:47]G:: D0 05 02 01 FF 03 09 
[2019-11-08 07:38:47]G:: D0 05 02 01 FF 03 08 
[2019-11-08 07:38:47]G:: D0 05 02 01 FF 03 09 
[2019-11-08 07:38:47]G:: D0 05 02 01 FF 03 08 
[2019-11-08 07:38:47]G:: D0 05 02 01 FF 03 09 
[2019-11-08 07:38:47]G:: D0 05 02 01 FF 03 08 
[2019-11-08 07:38:47]G:: D0 05 02 01 FF 03 09 
[2019-11-08 07:38:47]G:: D0 05 02 01 FF 03 08 
[2019-11-08 07:38:47]G:: D0 05 02 01 FF 03 09 
[2019-11-08 07:38:47]G:: D0 05 02 01 FF 03 08 
[2019-11-08 07:38:47]G:: D0 05 02 01 FF 03 09 
[2019-11-08 07:38:47]G:: D0 05 02 01 FF 03 08 
[2019-11-08 07:38:47]G:: D0 05 02 01 FF 03 09 
[2019-11-08 07:38:47]G:: D0 05 02 01 FF 03 08 
[2019-11-08 07:38:47]G:: D0 05 02 01 FF 03 09 
[2019-11-08 07:38:47]G:: D0 05 02 01 FF 03 08 
[2019-11-08 07:38:47]G:: D0 05 02 01 FF 03 09 
[2019-11-08 07:38:47]G:: D0 05 02 01 FF 03 08 
[2019-11-08 07:38:47]G:: D0 05 02 01 FF 03 09 
[2019-11-08 07:38:47]G:: D0 05 02 01 FF 03 08 
[2019-11-08 07:38:48]G:: D0 05 02 01 FF 03 09 
[2019-11-08 07:38:48]G:: D0 05 02 01 FF 03 08 
[2019-11-08 07:38:48]G:: D0 05 02 01 FF 03 09 
[2019-11-08 07:38:48]G:: D0 05 02 01 FF 03 08 
[2019-11-08 07:38:48]G:: D0 05 02 01 FF 03 09 
[2019-11-08 07:38:48]G:: D0 05 02 01 FF 03 08 
[2019-11-08 07:38:48]G:: D0 05 02 01 FF 03 09 
[2019-11-08 07:38:48]G:: D0 05 02 01 FF 03 08 
[2019-11-08 07:38:48]G:: D0 05 02 01 FF 03 09 
[2019-11-08 07:38:48]G:: D0 05 02 01 FF 03 08 
[2019-11-08 07:38:48]G:: D0 05 02 01 FF 03 09 
[2019-11-08 07:38:48]G:: D0 05 02 01 FF 03 08 
[2019-11-08 07:38:48]G:: D0 05 02 01 FF 03 09 
[2019-11-08 07:38:48]G:: D0 05 02 01 FF 03 08 
[2019-11-08 07:38:48]G:: D0 05 02 01 FF 03 09 
[2019-11-08 07:38:48]G:: D0 05 02 01 FF 03 08 
[2019-11-08 07:38:48]G:: D0 05 02 01 FF 03 09 
[2019-11-08 07:38:48]G:: D0 05 02 01 FF 03 08 
[2019-11-08 07:38:48]G:: D0 05 02 01 FF 03 09 
[2019-11-08 07:38:48]G:: D0 05 02 01 FF 03 08 
[2019-11-08 07:38:48]G:: D0 05 02 01 FF 03 09 
[2019-11-08 07:38:48]G:: D0 05 02 01 FF 03 08 
[2019-11-08 07:38:48]G:: D0 05 02 01 FF 03 09 
[2019-11-08 07:38:48]G:: D0 05 02 01 FF 03 08 
[2019-11-08 07:38:48]G:: D0 05 02 01 FF 03 09 
[2019-11-08 07:38:48]G:: D0 05 02 01 FF 03 08 
[2019-11-08 07:38:48]G:: D0 05 02 01 FF 03 09 
[2019-11-08 07:38:48]G:: D0 05 02 01 FF 03 08 
[2019-11-08 07:38:48]G:: D0 05 02 01 FF 03 09 
[2019-11-08 07:38:48]G:: D0 05 02 01 FF 03 08 
[2019-11-08 07:38:48]G:: D0 05 02 01 FF 03 09 
[2019-11-08 07:38:48]G:: D0 05 02 01 FF 03 08 
[2019-11-08 07:38:48]G:: D0 05 02 01 FF 03 09 
[2019-11-08 07:38:48]G:: D0 05 02 01 FF 03 08 
[2019-11-08 07:38:48]G:: D0 05 02 01 FF 03 09 
[2019-11-08 07:38:48]G:: D0 05 02 01 FF 03 08 
[2019-11-08 07:38:48]G:: D0 05 02 01 FF 03 09 
[2019-11-08 07:38:48]G:: D0 05 02 01 FF 03 08 
[2019-11-08 07:38:49]G:: D0 05 02 01 FF 03 09 
[2019-11-08 07:38:49]G:: D0 05 02 01 FF 03 08 
[2019-11-08 07:38:49]G:: D0 05 02 01 FF 03 09 
[2019-11-08 07:38:49]G:: D0 05 02 01 FF 03 08 
[2019-11-08 07:38:49]G:: D0 05 02 01 FF 03 09 
[2019-11-08 07:38:49]G:: D0 05 02 01 FF 03 08 
[2019-11-08 07:38:49]G:: D0 05 02 01 FF 03 09 
[2019-11-08 07:38:49]G:: D0 05 02 01 FF 03 08 
[2019-11-08 07:38:49]G:: D0 05 02 01 FF 03 09 
[2019-11-08 07:38:49]G:: D0 05 02 01 FF 03 08 
[2019-11-08 07:38:49]G:: D0 05 02 01 FF 03 09 
[2019-11-08 07:38:49]G:: D0 05 02 01 FF 03 08 
[2019-11-08 07:38:49]G:: D0 05 02 01 FF 03 09 
[2019-11-08 07:38:49]G:: D0 05 02 01 FF 03 08 
[2019-11-08 07:38:49]G:: D0 05 02 01 FF 03 09 
[2019-11-08 07:38:49]G:: D0 05 02 01 FF 03 08 
[2019-11-08 07:38:49]G:: D0 05 02 01 FF 03 09 
[2019-11-08 07:38:49]G:: D0 05 02 01 FF 03 08 
[2019-11-08 07:38:49]G:: D0 05 02 01 FF 03 09 
[2019-11-08 07:38:49]G:: D0 05 02 01 FF 03 08 
[2019-11-08 07:38:49]G:: D0 05 02 01 FF 03 09 
[2019-11-08 07:38:49]G:: D0 05 02 01 FF 03 08 
[2019-11-08 07:38:49]G:: D0 05 02 01 FF 03 09 
[2019-11-08 07:38:49]G:: D0 05 02 01 FF 03 08 
[2019-11-08 07:38:49]G:: D0 05 02 01 FF 03 09 
[2019-11-08 07:38:49]G:: D0 05 02 01 FF 03 08 
[2019-11-08 07:38:49]G:: D0 05 02 01 FF 03 09 
[2019-11-08 07:38:49]G:: D0 05 02 01 FF 03 08 
[2019-11-08 07:38:49]G:: D0 05 02 01 FF 03 09 
[2019-11-08 07:38:49]G:: D0 05 02 01 FF 03 08 
[2019-11-08 07:38:49]G:: D0 05 02 01 FF 03 09 
[2019-11-08 07:38:49]G:: D0 05 02 01 FF 03 08 
[2019-11-08 07:38:49]G:: D0 05 02 01 FF 03 09 
[2019-11-08 07:38:49]G:: D0 05 02 01 FF 03 08 
[2019-11-08 07:38:49]G:: D0 05 02 01 FF 03 09 
[2019-11-08 07:38:49]G:: D0 05 02 01 FF 03 08 
[2019-11-08 07:38:49]G:: D0 05 02 01 FF 03 09 
[2019-11-08 07:38:50]G:: D0 05 02 01 FF 03 08 
[2019-11-08 07:38:50]G:: D0 05 02 01 FF 03 09 
[2019-11-08 07:38:50]G:: D0 05 02 01 FF 03 08 
[2019-11-08 07:38:50]G:: D0 05 02 01 FF 03 09 
[2019-11-08 07:38:50]G:: D0 05 02 01 FF 03 08 
[2019-11-08 07:38:50]G:: D0 05 02 01 FF 03 09 
[2019-11-08 07:38:50]G:: D0 05 02 01 FF 03 08 
[2019-11-08 07:38:50]G:: D0 05 02 01 FF 03 09 
[2019-11-08 07:38:50]G:: D0 05 02 01 FF 03 08 
[2019-11-08 07:38:50]G:: D0 05 02 01 FF 03 09 
[2019-11-08 07:38:50]G:: D0 05 02 01 FF 03 08 
[2019-11-08 07:38:50]G:: D0 05 02 01 FF 03 09 
[2019-11-08 07:38:50]G:: D0 05 02 01 FF 03 08 
[2019-11-08 07:38:50]G:: D0 05 02 01 FF 03 09 
[2019-11-08 07:38:50]G:: D0 05 02 01 FF 03 08 
[2019-11-08 07:38:50]G:: D0 05 02 01 FF 03 09 
[2019-11-08 07:38:50]G:: D0 05 02 01 FF 03 08 
[2019-11-08 07:38:50]G:: D0 05 02 01 FF 03 09 
[2019-11-08 07:38:50]G:: D0 05 02 01 FF 03 08 
[2019-11-08 07:38:50]G:: D0 05 02 01 FF 03 09 
[2019-11-08 07:38:50]G:: D0 05 02 01 FF 03 08 
[2019-11-08 07:38:50]G:: D0 05 02 01 FF 03 09 
[2019-11-08 07:38:50]G:: D0 05 02 01 FF 03 08 
[2019-11-08 07:38:50]G:: D0 05 02 01 FF 03 09 
[2019-11-08 07:38:50]G:: D0 05 02 01 FF 03 08 
[2019-11-08 07:38:50]G:: D0 05 02 01 FF 03 09 
[2019-11-08 07:38:50]G:: D0 05 02 01 FF 03 08 
[2019-11-08 07:38:51]G:: D0 05 02 01 FF 03 09 
[2019-11-08 07:38:51]G:: D0 05 02 01 FF 03 08 
[2019-11-08 07:38:51]G:: D0 05 02 01 FF 03 09 
[2019-11-08 07:38:51]G:: D0 05 02 01 FF 03 08 
[2019-11-08 07:38:51]G:: D0 05 02 01 FF 03 09 
[2019-11-08 07:38:51]G:: D0 05 02 01 FF 03 08 
[2019-11-08 07:38:51]G:: D0 05 02 01 FF 03 09 
[2019-11-08 07:38:51]G:: D0 05 02 01 FF 03 08 
[2019-11-08 07:38:51]G:: D0 05 02 01 FF 03 09 
[2019-11-08 07:38:51]G:: D0 05 02 01 FF 03 08 
[2019-11-08 07:38:51]G:: D0 05 02 01 FF 03 09 
[2019-11-08 07:38:51]G:: D0 05 02 01 FF 03 08 
[2019-11-08 07:38:51]G:: D0 05 02 01 FF 03 09 
[2019-11-08 07:38:51]G:: D0 05 02 01 FF 03 08 
[2019-11-08 07:38:51]G:: D0 05 02 01 FF 03 09 
[2019-11-08 07:38:51]G:: D0 05 02 01 FF 03 08 
[2019-11-08 07:38:51]G:: D0 05 02 01 FF 03 09 
[2019-11-08 07:38:51]G:: D0 05 02 01 FF 03 08 
[2019-11-08 07:38:51]G:: D0 09 00 00 03 A1 00 00 
[2019-11-08 07:38:51]G:: D0 05 02 01 FF 03 09 
[2019-11-08 07:38:51]G:: D0 05 02 01 FF 03 08 
[2019-11-08 07:38:51]G:: D0 05 02 01 FF 03 09 
[2019-11-08 07:38:51]G:: D0 05 02 01 FF 03 08 
[2019-11-08 07:38:52]G:: D0 05 02 01 FF 03 09 
[2019-11-08 07:38:52]G:: D0 05 02 01 FF 03 08 
[2019-11-08 07:38:52]G:: D0 05 02 01 FF 03 09 
[2019-11-08 07:38:52]G:: D0 05 02 01 FF 03 08 
[2019-11-08 07:38:52]G:: D0 05 02 01 FF 03 09 
[2019-11-08 07:38:52]G:: D0 05 02 01 FF 03 08 
[2019-11-08 07:38:52]G:: D0 05 02 01 FF 03 09 
[2019-11-08 07:38:52]G:: D0 05 02 01 FF 03 08 
[2019-11-08 07:38:52]G:: D0 05 02 01 FF 03 09 
[2019-11-08 07:38:52]G:: D0 05 02 01 FF 03 08 
[2019-11-08 07:40:02]G:: D0 01 C1 00 00 
[2019-11-08 07:40:02]G:: D0 02 A1 14 FF 02 94 80 D2 00 00 
[2019-11-08 07:40:02]G:: D0 03 04 64 04 64 01 64 01 64 03 64 
[2019-11-08 07:40:02]G:: D0 05 02 01 FF 03 08 
[2019-11-08 07:40:02]G:: D0 06 00 
[2019-11-08 07:40:02]G:: D0 07 00 
[2019-11-08 07:40:02]G:: D0 08 00 37 03 E9 00 00 00 00 00 00 
[2019-11-08 07:40:02]G:: D0 09 00 00 03 BF 00 00 
[2019-11-08 07:40:02]G:: D0 0A 01 33 00 00 00 01 86 D5 2E FF FF 00 8A 
[2019-11-08 07:40:02]G:: D0 0B 03 06 FF FF FF FF 00 00 
[2019-11-08 07:40:02]G:: D0 0C 00 00 00 
[2019-11-08 07:40:02]G:: D0 0D 0F 
[2019-11-08 07:40:02]G:: D0 0E 00 
[2019-11-08 07:40:02]G:: D0 0F 00 00 
[2019-11-08 07:40:02]G:: D0 11 00 00 00 00 00 00 00 00 00 00 00 00 00 00 00 00 00 00 00 00 00 00 00 00 00 
[2019-11-08 07:40:02]G:: D0 12 00 
[2019-11-08 07:40:02]G:: 50 1C 44 46 53 4B 30 30 30 31 30 30 30 32 30 30 32 36 31 39 31 30 31 36 30 30 30 31 30 30 30 30 31 30 
[2019-11-08 07:40:02]G:: D0 14 00 00 00 00 00 15 14 15 15 42 46 3D 40 
[2019-11-08 07:40:02]G:: D0 15 00 
[2019-11-08 07:40:02]G:: D0 16 00 
[2019-11-08 07:40:02]G:: D0 1B 00 FF 
[2019-11-08 07:40:02]G:: 50 06 31 32 33 34 35 54 30 37 30 33 54 30 30 30 31 31 30 
[2019-11-08 07:40:02]G:: 50 0C A7 AA 69 46 67 5F 5F 24 
[2019-11-08 07:40:02]G:: D0 19 FF 
[2019-11-08 07:40:02]G:: D0 1D 00 00 00 00 00 00 00 00 00 00 00 00 00 00 00 
[2019-11-08 07:40:02]G:: D0 13 02 
[2019-11-08 07:40:02]G:: D0 1E 00 
[2019-11-08 07:40:02]G:: D0 1F 00 
[2019-11-08 07:40:02]G:: D0 2A FF 00 02 00 00 02 02 02 02 02 
[2019-11-08 07:40:02]car cfg CAR_CFG_PEPS
[2019-11-08 07:40:02]car type F_506S
[2019-11-08 07:40:02]ecall invalid
[2019-11-08 07:40:02]bcall invalid
[2019-11-08 07:40:02]icall invalid
[2019-11-08 07:40:02]return ctrl default
[2019-11-08 07:40:02]result: default
[2019-11-08 07:40:05]G:: D0 05 02 01 FF 03 09 
[2019-11-08 07:40:05]G:: D0 05 02 01 FF 03 08 
[2019-11-08 07:40:05]G:: D0 01 C1 00 00 
[2019-11-08 07:40:05]G:: D0 02 A1 14 FF 02 94 80 D2 00 00 
[2019-11-08 07:40:05]G:: D0 03 04 64 04 64 01 64 01 64 03 64 
[2019-11-08 07:40:05]G:: D0 05 02 01 FF 03 08 
[2019-11-08 07:40:05]G:: D0 06 00 
[2019-11-08 07:40:05]G:: D0 07 00 
[2019-11-08 07:40:05]G:: D0 08 00 37 03 E9 00 00 00 00 00 00 
[2019-11-08 07:40:05]G:: D0 09 00 00 03 B9 00 00 
[2019-11-08 07:40:05]G:: D0 0A 01 33 00 00 00 01 86 D5 2E FF FF 00 89 
[2019-11-08 07:40:05]G:: D0 0B 03 06 FF FF FF FF 00 00 
[2019-11-08 07:40:05]G:: D0 0C 00 00 00 
[2019-11-08 07:40:05]G:: D0 0D 0F 
[2019-11-08 07:40:05]G:: D0 0E 00 
[2019-11-08 07:40:05]G:: D0 0F 00 00 
[2019-11-08 07:40:05]G:: D0 11 00 00 00 00 00 00 00 00 00 00 00 00 00 00 00 00 00 00 00 00 00 00 00 00 00 
[2019-11-08 07:40:05]G:: D0 12 00 
[2019-11-08 07:40:05]G:: 50 1C 44 46 53 4B 30 30 30 31 30 30 30 32 30 30 32 36 31 39 31 30 31 36 30 30 30 31 30 30 30 30 31 30 
[2019-11-08 07:40:05]G:: D0 14 00 00 00 00 00 15 14 15 15 42 46 3D 40 
[2019-11-08 07:40:05]G:: D0 15 00 
[2019-11-08 07:40:05]G:: D0 16 00 
[2019-11-08 07:40:05]G:: D0 1B 00 FF 
[2019-11-08 07:40:05]G:: 50 06 31 32 33 34 35 54 30 37 30 33 54 30 30 30 31 31 30 
[2019-11-08 07:40:05]G:: 50 0C A7 AA 69 46 67 5F 5F 24 
[2019-11-08 07:40:05]G:: D0 19 FF 
[2019-11-08 07:40:05]G:: D0 1D 00 00 00 4B B0 00 00 4D A4 00 00 4A B6 07 A2 
[2019-11-08 07:40:05]G:: D0 13 02 
[2019-11-08 07:40:05]G:: D0 1E 00 
[2019-11-08 07:40:05]G:: D0 1F 00 
[2019-11-08 07:40:05]G:: D0 2A FF 00 02 00 00 02 02 02 02 02 
[2019-11-08 07:40:05]car cfg CAR_CFG_PEPS
[2019-11-08 07:40:05]car type F_506S
[2019-11-08 07:40:05]ecall invalid
[2019-11-08 07:40:05]bcall invalid
[2019-11-08 07:40:05]icall invalid
[2019-11-08 07:40:05]return ctrl default
[2019-11-08 07:40:05]result: default
[2019-11-08 07:40:05]G:: D0 05 02 01 FF 03 09 
[2019-11-08 07:40:05]G:: D0 05 02 01 FF 03 08 
[2019-11-08 07:40:06]G:: D0 09 00 00 03 BB 00 00 
[2019-11-08 07:40:06]G:: D0 0B 03 06 FF FF FF FF 00 00 
[2019-11-08 07:39:50]G:: D0 05 02 01 FF 03 09 
[2019-11-08 07:39:50]G:: D0 05 02 01 FF 03 08 
[2019-11-08 07:39:50]G:: D0 05 02 01 FF 03 09 
[2019-11-08 07:39:50]G:: D0 05 02 01 FF 03 08 
[2019-11-08 07:39:50]G:: D0 05 02 01 FF 03 09 
[2019-11-08 07:39:50]G:: D0 05 02 01 FF 03 08 
[2019-11-08 07:39:54]G:: D0 09 00 00 03 C9 00 00 
[2019-11-08 07:39:54]G:: D0 0B 03 06 FF FF FF FF 00 00 
[2019-11-08 07:39:59]G:: D0 09 00 00 03 BD 00 00 
[2019-11-08 07:40:04]G:: D0 05 02 01 FF 03 09 
[2019-11-08 07:40:04]G:: D0 05 02 01 FF 03 08 
[2019-11-08 07:40:04]G:: D0 09 00 00 03 C6 00 00 
[2019-11-08 07:40:06]G:: D0 05 02 01 FF 03 09 
[2019-11-08 07:40:06]G:: D0 05 02 01 FF 03 08 
[2019-11-08 07:40:06]G:: D0 05 02 01 FF 03 09 
[2019-11-08 07:40:06]G:: D0 05 02 01 FF 03 08 
[2019-11-08 07:40:08]G:: D0 05 02 01 FF 03 09 
[2019-11-08 07:40:08]G:: D0 05 02 01 FF 03 08 
[2019-11-08 07:40:09]G:: D0 09 00 00 03 B9 00 00 
[2019-11-08 07:40:09]G:: D0 05 02 01 FF 03 09 
[2019-11-08 07:40:09]G:: D0 05 02 01 FF 03 08 
[2019-11-08 07:40:10]G:: D0 05 02 01 FF 03 09 
[2019-11-08 07:40:10]G:: D0 05 02 01 FF 03 08 
[2019-11-08 07:40:14]G:: D0 09 00 00 03 BE 00 00 
[2019-11-08 07:40:14]G:: D0 0B 03 06 FF FF FF FF 00 00 
[2019-11-08 07:40:19]G:: D0 09 00 00 03 BA 00 00 
[2019-11-08 07:40:21]G:: D0 05 02 01 FF 03 09 
[2019-11-08 07:40:21]G:: D0 05 02 01 FF 03 08 
[2019-11-08 07:40:24]G:: D0 09 00 00 03 BD 00 00 
[2019-11-08 07:40:29]G:: D0 09 00 00 03 C0 00 00 
[2019-11-08 07:40:32]G:: D0 05 02 01 FF 03 09 
[2019-11-08 07:40:32]G:: D0 05 02 01 FF 03 08 
[2019-11-08 07:40:34]G:: D0 09 00 00 03 BA 00 00 
[2019-11-08 07:40:36]G:: D0 05 02 01 FF 03 09 
[2019-11-08 07:40:36]G:: D0 05 02 01 FF 03 08 
[2019-11-08 07:40:36]G:: D0 05 02 01 FF 03 09 
[2019-11-08 07:40:36]G:: D0 05 02 01 FF 03 08 
[2019-11-08 07:40:36]G:: D0 05 02 01 FF 03 09 
[2019-11-08 07:40:36]G:: D0 05 02 01 FF 03 08 
[2019-11-08 07:40:36]G:: D0 05 02 01 FF 03 09 
[2019-11-08 07:40:36]G:: D0 05 02 01 FF 03 08 
[2019-11-08 07:40:36]G:: D0 05 02 01 FF 03 09 
[2019-11-08 07:40:36]G:: D0 05 02 01 FF 03 08 
[2019-11-08 07:40:36]G:: D0 05 02 01 FF 03 09 
[2019-11-08 07:40:36]G:: D0 05 02 01 FF 03 08 
[2019-11-08 07:40:36]G:: D0 05 02 01 FF 03 09 
[2019-11-08 07:40:36]G:: D0 05 02 01 FF 03 08 
[2019-11-08 07:40:36]G:: D0 05 02 01 FF 03 09 
[2019-11-08 07:40:36]G:: D0 05 02 01 FF 03 08 
[2019-11-08 07:40:36]G:: D0 05 02 01 FF 03 09 
[2019-11-08 07:40:36]G:: D0 05 02 01 FF 03 08 
[2019-11-08 07:40:39]G:: D0 09 00 00 03 CC 00 00 
[2019-11-08 07:40:44]G:: D0 09 00 00 03 C9 00 00 
[2019-11-08 07:40:44]G:: D0 05 02 01 FF 03 09 
[2019-11-08 07:40:44]G:: D0 05 02 01 FF 03 08 
[2019-11-08 07:40:49]G:: D0 09 00 00 03 B9 00 00 
[2019-11-08 07:40:54]G:: D0 09 00 00 03 C6 00 00 
[2019-11-08 07:40:54]G:: D0 02 A1 14 FF 02 99 80 D2 00 00 
[2019-11-08 07:40:59]G:: D0 09 00 00 03 D6 00 00 
[2019-11-08 07:41:04]G:: D0 09 00 00 03 B4 00 00 
[2019-11-08 07:41:08]G:: D0 02 A1 14 FF 02 94 80 D2 00 00 
[2019-11-08 07:41:09]G:: D0 09 00 00 03 B9 00 00 
[2019-11-08 07:41:14]G:: D0 09 00 00 03 D2 00 00 
[2019-11-08 07:41:14]G:: D0 0B 03 06 FF FF FF FF 00 00 
[2019-11-08 07:41:14]G:: D0 05 02 01 FF 03 09 
[2019-11-08 07:41:14]G:: D0 05 02 01 FF 03 08 
[2019-11-08 07:41:19]G:: D0 02 A1 14 FF 02 99 80 D2 00 00 
[2019-11-08 07:41:19]G:: D0 09 00 00 03 D5 00 00 
[2019-11-08 07:41:24]G:: D0 09 00 00 03 CC 00 00 
[2019-11-08 07:41:29]G:: D0 09 00 00 03 CA 00 00 
[2019-11-08 07:41:29]G:: D0 0B 03 06 FF FF FF FF 00 00 
[2019-11-08 07:41:29]G:: D0 05 02 01 FF 03 09 
[2019-11-08 07:41:29]G:: D0 05 02 01 FF 03 08 
[2019-11-08 07:41:29]G:: D0 05 02 01 FF 03 09 
[2019-11-08 07:41:29]G:: D0 05 02 01 FF 03 08 
[2019-11-08 07:41:29]G:: D0 05 02 01 FF 03 09 
[2019-11-08 07:41:29]G:: D0 05 02 01 FF 03 08 
[2019-11-08 07:41:29]G:: D0 05 02 01 FF 03 09 
[2019-11-08 07:41:29]G:: D0 05 02 01 FF 03 08 
[2019-11-08 07:41:34]G:: D0 09 00 00 03 C9 00 00 
[2019-11-08 07:41:34]G:: D0 0B 03 06 FF FF FF FF 00 00 
[2019-11-08 07:41:39]G:: D0 09 00 00 03 DB 00 00 
[2019-11-08 07:41:39]G:: D0 0B 03 06 FF FF FF FF 00 00 
[2019-11-08 07:41:44]G:: D0 09 00 00 03 C3 00 00 
[2019-11-08 07:41:49]G:: D0 09 00 00 03 C8 00 00 
[2019-11-08 07:41:54]G:: D0 09 00 00 03 BE 00 00 
[2019-11-08 07:41:59]G:: D0 09 00 00 03 BE 00 00 
[2019-11-08 07:41:59]G:: D0 0B 03 06 FF FF FF FF 00 00 
[2019-11-08 07:42:04]G:: D0 09 00 00 03 BC 00 00 
[2019-11-08 07:42:04]G:: D0 0B 03 06 FF FF FF FF 00 00 
[2019-11-08 07:42:09]G:: D0 09 00 00 03 CD 00 00 
[2019-11-08 07:42:09]G:: D0 0B 03 06 FF FF FF FF 00 00 
[2019-11-08 07:42:14]G:: D0 09 00 00 03 A4 00 00 
[2019-11-08 07:42:14]G:: D0 0B 03 06 FF FF FF FF 00 00 
[2019-11-08 07:42:19]G:: D0 09 00 00 03 B6 00 00 
[2019-11-08 07:42:24]G:: D0 09 00 00 03 B4 00 00 
[2019-11-08 07:42:29]G:: D0 09 00 00 03 AF 00 00 
[2019-11-08 07:42:29]G:: D0 0B 03 08 FF FF FF FF 00 00 
[2019-11-08 07:42:34]G:: D0 09 00 00 03 A3 00 00 
[2019-11-08 07:42:35]G:: D0 02 91 14 01 02 99 80 D2 00 00 
[2019-11-08 07:42:35]G:: D0 02 81 14 01 02 99 80 D2 00 00 
[2019-11-08 07:42:35]G:: D0 02 91 14 01 02 99 80 D2 00 00 
[2019-11-08 07:42:35]G:: D0 02 81 14 01 02 99 80 D2 00 00 
[2019-11-08 07:42:35]G:: D0 02 91 14 01 02 99 80 D2 00 00 
[2019-11-08 07:42:36]G:: D0 02 81 14 01 02 99 80 D2 00 00 
[2019-11-08 07:42:39]G:: D0 09 00 00 03 D7 00 00 
[2019-11-08 07:42:44]G:: D0 09 00 00 03 B2 00 00 
[2019-11-08 07:42:49]G:: D0 09 00 00 03 B4 00 00 
[2019-11-08 07:42:54]G:: D0 09 00 00 03 9B 00 00 
[2019-11-08 07:42:59]G:: D0 09 00 00 03 98 00 00 
[2019-11-08 07:42:59]G:: D0 05 02 01 FF 03 07 
[2019-11-08 07:42:59]G:: D0 05 02 01 FF 03 06 
[2019-11-08 07:42:59]G:: D0 05 02 01 FF 03 05 
[2019-11-08 07:42:59]G:: D0 05 02 01 FF 03 06 
[2019-11-08 07:42:59]G:: D0 05 02 01 FF 03 05 
[2019-11-08 07:42:59]G:: D0 05 02 01 FF 03 06 
[2019-11-08 07:42:59]G:: D0 05 02 01 FF 03 07 
[2019-11-08 07:42:59]G:: D0 05 02 01 FF 03 06 
[2019-11-08 07:43:00]G:: D0 05 01 01 FF 03 06 
[2019-11-08 07:43:00]G:: D0 05 01 FF FF 03 06 
[2019-11-08 07:43:00]G:: D0 05 01 FF FF 03 05 
[2019-11-08 07:43:00]G:: D0 05 01 02 FF 03 05 
[2019-11-08 07:43:00]G:: D0 01 41 00 00 
[2019-11-08 07:43:00]G:: D0 05 01 02 FF 03 02 
[2019-11-08 07:43:00]G:: D0 05 01 02 FF 03 00 
[2019-11-08 07:43:01]G:: D0 05 01 02 FF 03 01 
[2019-11-08 07:43:01]G:: D0 02 80 14 01 02 99 80 D2 00 00 
[2019-11-08 07:43:01]G:: D0 05 00 02 FF 03 00 
[2019-11-08 07:43:01]G:: D0 05 00 02 FF 03 00 
[2019-11-08 07:43:01]G:: D0 05 00 02 FF 03 01 
[2019-11-08 07:43:01]G:: D0 05 00 02 FF 03 00 
[2019-11-08 07:43:01]G:: D0 05 00 02 FF 03 01 
[2019-11-08 07:43:01]G:: D0 05 00 02 FF 03 00 
[2019-11-08 07:43:01]G:: D0 05 00 02 FF 03 01 
[2019-11-08 07:43:01]G:: D0 05 00 02 FF 03 00 
[2019-11-08 07:43:01]G:: D0 05 00 02 FF 03 01 
[2019-11-08 07:43:01]G:: D0 05 00 02 FF 03 00 
[2019-11-08 07:43:01]G:: D0 05 00 02 FF 03 01 
[2019-11-08 07:43:01]G:: D0 0A 01 33 00 00 00 01 86 D5 2E FF FF 00 84 
[2019-11-08 07:43:04]G:: D0 09 00 00 01 30 00 00 
[2019-11-08 07:43:07]G:: D0 01 40 00 00 
[2019-11-08 07:43:10]G:: D0 0A 01 33 00 00 00 01 86 D5 2E FF FF 00 80 
[2019-11-08 07:43:13]G:: D0 03 03 64 04 64 01 64 01 64 03 64 
[2019-11-08 07:43:14]G:: D0 03 04 64 04 64 01 64 01 64 03 64 
[2019-11-08 07:43:19]G:: D0 05 02 02 FF 03 01 
[2019-11-08 07:43:19]G:: D0 01 C0 00 00 
[2019-11-08 07:43:19]G:: D0 02 81 14 01 02 99 80 D2 00 00 
[2019-11-08 07:43:19]G:: D0 05 02 02 FF 03 00 
[2019-11-08 07:43:19]G:: D0 05 02 02 FF 03 00 
[2019-11-08 07:43:19]G:: D0 03 04 64 04 64 04 64 04 64 03 64 
[2019-11-08 07:43:19]G:: D0 05 02 02 FF 03 0A 
[2019-11-08 07:43:19]G:: D0 05 02 02 FF 03 09 
[2019-11-08 07:43:19]G:: D0 05 02 02 FF 03 05 
[2019-11-08 07:43:19]G:: D0 05 02 02 FF 03 02 
[2019-11-08 07:43:19]G:: D0 05 02 02 FF 03 01 
[2019-11-08 07:43:19]G:: D0 05 02 02 FF 03 02 
[2019-11-08 07:43:19]G:: D0 05 02 02 FF 03 0A 
[2019-11-08 07:43:19]G:: D0 05 02 02 FF 03 14 
[2019-11-08 07:43:19]G:: D0 05 02 02 FF 03 20 
[2019-11-08 07:43:19]G:: D0 05 02 02 FF 03 2B 
[2019-11-08 07:43:19]G:: D0 05 02 02 FF 03 31 
[2019-11-08 07:43:19]G:: D0 05 02 02 FF 03 33 
[2019-11-08 07:43:19]G:: D0 05 02 02 FF 03 32 
[2019-11-08 07:43:19]G:: D0 05 02 02 FF 03 31 
[2019-11-08 07:43:19]G:: D0 05 02 02 FF 03 30 
[2019-11-08 07:43:19]G:: D0 05 02 02 FF 03 2E 
[2019-11-08 07:43:19]G:: D0 05 02 02 FF 03 2A 
[2019-11-08 07:43:19]G:: D0 05 02 02 FF 03 27 
[2019-11-08 07:43:19]G:: D0 05 02 02 FF 03 24 
[2019-11-08 07:43:19]G:: D0 05 02 02 FF 03 22 
[2019-11-08 07:43:19]G:: D0 05 02 02 FF 03 21 
[2019-11-08 07:43:19]G:: D0 05 02 02 FF 03 1D 
[2019-11-08 07:43:19]G:: D0 05 02 02 FF 03 1A 
[2019-11-08 07:43:19]G:: D0 05 02 02 FF 03 18 
[2019-11-08 07:43:19]G:: D0 05 02 02 FF 03 16 
[2019-11-08 07:43:19]G:: D0 05 02 02 FF 03 13 
[2019-11-08 07:43:19]G:: D0 05 02 02 FF 03 10 
[2019-11-08 07:43:19]G:: D0 05 02 02 FF 03 0D 
[2019-11-08 07:43:19]G:: D0 05 02 02 FF 03 0C 
[2019-11-08 07:43:19]G:: D0 05 02 02 FF 03 0A 
[2019-11-08 07:43:19]G:: D0 05 02 02 FF 03 07 
[2019-11-08 07:43:20]G:: D0 05 02 02 FF 03 04 
[2019-11-08 07:43:20]G:: D0 05 02 02 FF 03 02 
[2019-11-08 07:43:20]G:: D0 05 02 02 FF 03 00 
[2019-11-08 07:43:20]G:: D0 0A 01 33 00 00 00 01 86 D5 2E FF FF 00 7C 
[2019-11-08 07:43:20]G:: D0 05 02 02 FF 03 01 
[2019-11-08 07:43:20]G:: D0 05 02 02 FF 03 05 
[2019-11-08 07:43:20]G:: D0 05 02 02 FF 03 0A 
[2019-11-08 07:43:20]G:: D0 05 02 02 FF 03 0C 
[2019-11-08 07:43:20]G:: D0 05 02 02 FF 03 0A 
[2019-11-08 07:43:20]G:: D0 05 02 02 FF 03 0B 
[2019-11-08 07:43:20]G:: D0 05 02 02 FF 03 0A 
[2019-11-08 07:43:20]G:: D0 05 02 02 FF 03 0B 
[2019-11-08 07:43:20]G:: D0 05 02 02 FF 03 0A 
[2019-11-08 07:43:20]G:: D0 05 02 02 FF 03 0B 
[2019-11-08 07:43:24]G:: D0 09 00 00 00 00 00 00 
[2019-11-08 07:43:24]G:: D0 0B 03 08 FF FF FF FF 00 00 
[2019-11-08 07:43:24]G:: D0 05 02 02 FF 03 0A 
[2019-11-08 07:43:29]G:: D0 02 81 14 01 02 9E 80 D2 00 00 
[2019-11-08 07:43:47]G:: D0 02 80 14 01 02 9E 80 D2 00 00 
[2019-11-08 07:43:48]G:: D0 05 00 02 FF 03 0A 
[2019-11-08 07:43:48]G:: D0 05 00 02 FF 03 0A 
[2019-11-08 07:43:48]G:: D0 01 40 00 00 
[2019-11-08 07:43:48]G:: D0 03 04 64 04 64 01 64 01 64 03 64 
[2019-11-08 07:44:51]G:: D0 03 06 64 06 64 06 64 06 64 03 64 
[2019-11-08 07:44:55]G:: D0 03 04 64 04 64 01 64 01 64 03 64 
[2019-11-08 07:45:03]G:: D0 03 06 64 06 64 06 64 06 64 03 64 
[2019-11-08 07:45:07]G:: D0 03 04 64 04 64 01 64 01 64 03 64 
[2019-11-08 07:45:14]G:: D0 03 06 64 06 64 06 64 06 64 03 64 
[2019-11-08 07:45:19]G:: D0 03 04 64 04 64 01 64 01 64 03 64 
[2019-11-08 07:45:26]G:: D0 03 06 64 06 64 06 64 06 64 03 64 
[2019-11-08 07:45:30]G:: D0 03 04 64 04 64 01 64 01 64 03 64 
[2019-11-08 07:45:38]G:: D0 03 06 64 06 64 06 64 06 64 03 64 
[2019-11-08 07:45:42]G:: D0 03 04 64 04 64 01 64 01 64 03 64 
[2019-11-08 07:45:49]G:: D0 03 06 64 06 64 06 64 06 64 03 64 
[2019-11-08 07:45:53]G:: D0 03 04 64 04 64 01 64 01 64 03 64 
[2019-11-08 07:46:01]G:: D0 03 06 64 06 64 06 64 06 64 03 64 
[2019-11-08 07:46:05]G:: D0 03 04 64 04 64 01 64 01 64 03 64 
[2019-11-08 07:46:09]G:: D0 0A 01 33 00 00 00 01 86 D5 2E FF FF 00 78 
[2019-11-08 07:46:13]G:: D0 03 06 64 06 64 06 64 06 64 03 64 
[2019-11-08 07:46:17]G:: D0 03 04 64 04 64 01 64 01 64 03 64 
[2019-11-08 07:46:25]G:: D0 03 06 64 06 64 06 64 06 64 03 64 
[2019-11-08 07:46:29]G:: D0 03 04 64 04 64 01 64 01 64 03 64 
[2019-11-08 07:46:37]G:: D0 03 06 64 06 64 06 64 06 64 03 64 
[2019-11-08 07:46:41]G:: D0 03 04 64 04 64 01 64 01 64 03 64 
[2019-11-08 07:46:49]G:: D0 03 06 64 06 64 06 64 06 64 03 64 
[2019-11-08 07:46:49]G:: D0 0A 01 33 00 00 00 01 86 D5 2E FF FF 00 74 
[2019-11-08 07:46:53]G:: D0 03 04 64 04 64 01 64 01 64 03 64 
[2019-11-08 07:47:00]G:: D0 03 06 64 06 64 06 64 06 64 03 64 
[2019-11-08 07:47:04]G:: D0 03 04 64 04 64 01 64 01 64 03 64 
[2019-11-08 07:47:12]G:: D0 03 06 64 06 64 06 64 06 64 03 64 
[2019-11-08 07:47:13]G:: D0 0A 01 33 00 00 00 01 86 D5 2E FF FF 00 70 
[2019-11-08 07:47:16]G:: D0 03 04 64 04 64 01 64 01 64 03 64 
[2019-11-08 07:47:24]G:: D0 03 06 64 06 64 06 64 06 64 03 64 
[2019-11-08 07:47:28]G:: D0 0A 01 33 00 00 00 01 86 D5 2E FF FF 00 6C 
[2019-11-08 07:47:28]G:: D0 03 04 64 04 64 01 64 01 64 03 64 
[2019-11-08 07:47:36]G:: D0 03 06 64 06 64 06 64 06 64 03 64 
[2019-11-08 07:47:40]G:: D0 03 04 64 04 64 01 64 01 64 03 64 
[2019-11-08 07:47:47]G:: D0 03 06 64 06 64 06 64 06 64 03 64 
[2019-11-08 07:47:52]G:: D0 03 04 64 04 64 01 64 01 64 03 64 
[2019-11-08 07:48:00]G:: D0 03 06 64 06 64 06 64 06 64 03 64 
[2019-11-08 07:48:03]G:: D0 03 04 64 04 64 01 64 01 64 03 64 
[2019-11-08 07:48:11]G:: D0 03 06 64 06 64 06 64 06 64 03 64 
[2019-11-08 07:48:15]G:: D0 03 04 64 04 64 01 64 01 64 03 64 
[2019-11-08 07:48:23]G:: D0 03 06 64 06 64 06 64 06 64 03 64 
[2019-11-08 07:48:27]G:: D0 03 04 64 04 64 01 64 01 64 03 64 
[2019-11-08 07:48:35]G:: D0 03 06 64 06 64 06 64 06 64 03 64 
[2019-11-08 07:48:39]G:: D0 03 04 64 04 64 01 64 01 64 03 64 
[2019-11-08 07:48:48]G:: D0 03 06 64 06 64 06 64 06 64 03 64 
