[1980-01-06 08:00:11]OPEN CONF FILE: /etc/qbtsp.conf 
[1980-01-06 08:00:11]set file conf gateway server addr!
[1980-01-06 08:00:11]tbox version: DFSK000100020026000000040000 
[1980-01-06 08:00:11]use asys conf pdid: DFSK0001000200261910160001000010
[1980-01-06 08:00:12]CONNECTING SERVER...
[1980-01-06 08:00:14]CONNECTING SERVER...
[1980-01-06 08:00:16]CONNECTING SERVER...
[1980-01-06 08:00:18]CONNECTING SERVER...
[1980-01-06 08:00:20]CONNECTING SERVER...
[1980-01-06 08:00:22]CONNECTING SERVER...
[1980-01-06 08:00:24]CONNECTING SERVER...
[1980-01-06 08:00:27]CONNECT  SERVER: ssl://prod.fgservice.cn:8888 
[1980-01-06 08:00:27]SUBSCRIBE TOPIC: gate/per/device/DFSK0001000200261910160001000010/order 
[1980-01-06 08:00:27]use asys conf iccid: 89860918700009221026
[1980-01-06 08:00:27]   PDID: DFSK0001000200261910160001000010 
[1980-01-06 08:00:27]  ICCID: 89860918700009221026 
[1980-01-06 08:00:27]VERSION: DFSK000100020026000000040000 
[1980-01-06 08:00:27]REGISTER SUCCESS
[1980-01-06 08:00:27]REGISTER MSGACK, CODE: , DESC: 
[1980-01-06 08:00:27]register result: 0
