[1980-01-06 08:00:09]               /\  /\                
[1980-01-06 08:00:09]***************  \/  *****************
[1980-01-06 08:00:09]                                      
[1980-01-06 08:00:09] mcu-service start!!!!                
[1980-01-06 08:00:09] build: Oct 31 2019 14:30:38 
[1980-01-06 08:00:09] build: 06 12 2019 09:13:18           
[1980-01-06 08:00:09]                                      
[1980-01-06 08:00:09]**************************************
[1980-01-06 08:00:09]class McuServiceStubImpl construction
[1980-01-06 08:00:09]McuService registerService Done
[1980-01-06 08:00:09]new VDDataModel()
[1980-01-06 08:00:09]initVehicleData done
[1980-01-06 08:00:09]initPowerData done
[1980-01-06 08:00:09]initAccIgnData done
[1980-01-06 08:00:09]initHandShake done
[1980-01-06 08:00:09]initArmRebootReasonData done
[1980-01-06 08:00:09]iniModeData done
[1980-01-06 08:00:09]iniMfgData done
[1980-01-06 08:00:09]registerPowerDataChangeCb Done
[1980-01-06 08:00:09]registerAccIgnChangeCb Done
[1980-01-06 08:00:09]registerPhoneCallChangeCb Done
[1980-01-06 08:00:09]registerHandShakeChangeCb Done
[1980-01-06 08:00:09]registerModeChangeCb Done
[1980-01-06 08:00:09]class mcuUpgradeServiceStubImpl construction
[1980-01-06 08:00:10]McuUpgradeDataService registerService Done
[1980-01-06 08:00:10]new MCUpdateDataModel()
[1980-01-06 08:00:10]uart:/dev/ttyHSL0,baud:115200
[1980-01-06 08:00:10]autolinkMcuServiceInit -> start
[1980-01-06 08:00:10]wait uart
[1980-01-06 08:00:10]autolinkMcuQemuThread start
[1980-01-06 08:00:10]autolinkMcuServiceThread -> start
[1980-01-06 08:00:10]mcu service use select
[1980-01-06 08:00:10]mcu service thread running
[1980-01-06 08:00:10]autolinkMcuParseDataThread -> start
[1980-01-06 08:00:10]autolinkAckCheckThread -> start
[1980-01-06 08:00:10]autolinkMcuServiceInit -> end
[1980-01-06 08:00:10]new VDDataModelCtrl()
[1980-01-06 08:00:10]VDDataModelCtrl is constructed
[1980-01-06 08:00:13]>>>>>>>>>>>>S:  AA 77 00 23 00 A0 00 02 80 01 
[1980-01-06 08:00:13]try handshake 1 times
[1980-01-06 08:00:13]handshake successful
[1980-01-06 08:00:13]MHT:60
[1980-01-06 08:00:13]ACC OFF
[1980-01-06 08:00:13]MCU MODE_UNKNOWN
[1980-01-06 08:00:13]MCU Version: mcu_L_DFSK_F516-19_1.0.1_191031
[1980-01-06 08:00:13]CAN Version: can_v2.0L_516-19
[1980-01-06 08:00:13]PowerData: 00 00 00 00 00 
[1980-01-06 08:00:13]pdid: DFSK0001000200261910160001000010
[1980-01-06 08:00:13]vin:12345T0703T000110
[1980-01-06 08:00:13]>>>>>>>>>>>>S:  AA 77 00 EF 01 D0 01 15 2E 38 39 38 36 30 39 31 38 37 30 30 30 30 39 32 32 31 30 32 36 
[1980-01-06 08:00:13]>>>>>>>>>>>>S:  AA 77 00 DC 02 D0 01 10 2F 34 36 30 30 39 36 30 39 30 37 32 32 31 30 32 
[1980-01-06 08:00:13]>>>>>>>>>>>>S:  AA 77 00 CA 03 D0 01 10 33 38 36 32 30 31 35 30 33 37 35 31 31 37 32 37 
[1980-01-06 08:00:13]Mcu init data end
[1980-01-06 08:00:13]>>>>>>>>>>>>S:  AA 77 00 D6 04 D0 00 06 04 00 00 00 00 00 
[1980-01-06 08:00:14]>>>>>>>>>>>>S:  AA 77 00 EB 05 D0 01 15 2E 38 39 38 36 30 39 31 38 37 30 30 30 30 39 32 32 31 30 32 36 
[1980-01-06 08:00:14]>>>>>>>>>>>>S:  AA 77 00 D8 06 D0 01 10 2F 34 36 30 30 39 36 30 39 30 37 32 32 31 30 32 
[1980-01-06 08:00:14]>>>>>>>>>>>>S:  AA 77 00 CE 07 D0 01 10 33 38 36 32 30 31 35 30 33 37 35 31 31 37 32 37 
[1980-01-06 08:00:15]>>>>>>>>>>>>S:  AA 77 00 E6 08 D0 01 15 2E 38 39 38 36 30 39 31 38 37 30 30 30 30 39 32 32 31 30 32 36 
[1980-01-06 08:00:15]>>>>>>>>>>>>S:  AA 77 00 D7 09 D0 01 10 2F 34 36 30 30 39 36 30 39 30 37 32 32 31 30 32 
[1980-01-06 08:00:15]>>>>>>>>>>>>S:  AA 77 00 C3 0A D0 01 10 33 38 36 32 30 31 35 30 33 37 35 31 31 37 32 37 
[1980-01-06 08:00:16]>>>>>>>>>>>>S:  AA 77 00 E5 0B D0 01 15 2E 38 39 38 36 30 39 31 38 37 30 30 30 30 39 32 32 31 30 32 36 
[1980-01-06 08:00:16]>>>>>>>>>>>>S:  AA 77 00 D2 0C D0 01 10 2F 34 36 30 30 39 36 30 39 30 37 32 32 31 30 32 
[1980-01-06 08:00:16]>>>>>>>>>>>>S:  AA 77 00 C4 0D D0 01 10 33 38 36 32 30 31 35 30 33 37 35 31 31 37 32 37 
[1980-01-06 08:00:16]>>>>>>>>>>>>S:  AA 77 00 DC 0E D0 00 06 04 00 00 00 00 00 
[1980-01-06 08:00:17]>>>>>>>>>>>>S:  AA 77 00 E1 0F D0 01 15 2E 38 39 38 36 30 39 31 38 37 30 30 30 30 39 32 32 31 30 32 36 
[1980-01-06 08:00:17]>>>>>>>>>>>>S:  AA 77 00 CE 10 D0 01 10 2F 34 36 30 30 39 36 30 39 30 37 32 32 31 30 32 
[1980-01-06 08:00:17]>>>>>>>>>>>>S:  AA 77 00 D8 11 D0 01 10 33 38 36 32 30 31 35 30 33 37 35 31 31 37 32 37 
[1980-01-06 08:00:18]>>>>>>>>>>>>S:  AA 77 00 FC 12 D0 01 15 2E 38 39 38 36 30 39 31 38 37 30 30 30 30 39 32 32 31 30 32 36 
[1980-01-06 08:00:18]>>>>>>>>>>>>S:  AA 77 00 CD 13 D0 01 10 2F 34 36 30 30 39 36 30 39 30 37 32 32 31 30 32 
[1980-01-06 08:00:18]>>>>>>>>>>>>S:  AA 77 00 DD 14 D0 01 10 33 38 36 32 30 31 35 30 33 37 35 31 31 37 32 37 
[1980-01-06 08:00:19]AHT:0
[1980-01-06 08:00:19]mcu reset, req arm handshake
[1980-01-06 08:00:19]>>>>>>>>>>>>S:  AA 77 00 F8 16 D0 01 15 2E 38 39 38 36 30 39 31 38 37 30 30 30 30 39 32 32 31 30 32 36 
[1980-01-06 08:00:19]>>>>>>>>>>>>S:  AA 77 00 C9 17 D0 01 10 2F 34 36 30 30 39 36 30 39 30 37 32 32 31 30 32 
[1980-01-06 08:00:19]>>>>>>>>>>>>S:  AA 77 00 D1 18 D0 01 10 33 38 36 32 30 31 35 30 33 37 35 31 31 37 32 37 
[1980-01-06 08:00:20]>>>>>>>>>>>>S:  AA 77 00 CB 19 D0 00 06 04 00 00 00 00 00 
[1980-01-06 08:00:20]>>>>>>>>>>>>S:  AA 77 00 F4 1A D0 01 15 2E 38 39 38 36 30 39 31 38 37 30 30 30 30 39 32 32 31 30 32 36 
[1980-01-06 08:00:20]>>>>>>>>>>>>S:  AA 77 00 C5 1B D0 01 10 2F 34 36 30 30 39 36 30 39 30 37 32 32 31 30 32 
[1980-01-06 08:00:20]>>>>>>>>>>>>S:  AA 77 00 D5 1C D0 01 10 33 38 36 32 30 31 35 30 33 37 35 31 31 37 32 37 
[1980-01-06 08:00:20]>>>>>>>>>>>>S:  AA 77 00 D2 1D D0 00 03 1C 00 00 
[1980-01-06 08:00:21]>>>>>>>>>>>>S:  AA 77 00 F0 1E D0 01 15 2E 38 39 38 36 30 39 31 38 37 30 30 30 30 39 32 32 31 30 32 36 
[1980-01-06 08:00:21]>>>>>>>>>>>>S:  AA 77 00 C1 1F D0 01 10 2F 34 36 30 30 39 36 30 39 30 37 32 32 31 30 32 
[1980-01-06 08:00:21]>>>>>>>>>>>>S:  AA 77 00 E9 20 D0 01 10 33 38 36 32 30 31 35 30 33 37 35 31 31 37 32 37 
[1980-01-06 08:00:21]>>>>>>>>>>>>S:  AA 77 00 F0 21 D1 01 02 03 00 
[1980-01-06 08:00:22]>>>>>>>>>>>>S:  AA 77 00 01 22 A0 00 02 80 01 
[1980-01-06 08:00:22]try handshake 2 times
[1980-01-06 08:00:22]handshake successful
[1980-01-06 08:00:22]MHT:0
[1980-01-06 08:00:22]ACC OFF
[1980-01-06 08:00:22]MCU MODE_UNKNOWN
[1980-01-06 08:00:22]MCU Version: mcu_L_DFSK_F516-19_1.0.1_191031
[1980-01-06 08:00:22]CAN Version: can_v2.0L_516-19
[1980-01-06 08:00:22]PowerData: 00 20 00 00 00 
[1980-01-06 08:00:22]pdid: DFSK0001000200261910160001000010
[1980-01-06 08:00:22]vin:12345T0703T000110
[1980-01-06 08:00:22]>>>>>>>>>>>>S:  AA 77 00 CD 23 D0 01 15 2E 38 39 38 36 30 39 31 38 37 30 30 30 30 39 32 32 31 30 32 36 
[1980-01-06 08:00:22]>>>>>>>>>>>>S:  AA 77 00 FA 24 D0 01 10 2F 34 36 30 30 39 36 30 39 30 37 32 32 31 30 32 
[1980-01-06 08:00:22]>>>>>>>>>>>>S:  AA 77 00 EC 25 D0 01 10 33 38 36 32 30 31 35 30 33 37 35 31 31 37 32 37 
[1980-01-06 08:00:22]Mcu init data end
[1980-01-06 08:00:22]>>>>>>>>>>>>S:  AA 77 00 F5 26 D0 00 06 04 01 00 00 00 00 
[1980-01-06 08:00:22]>>>>>>>>>>>>S:  AA 77 00 F6 27 D1 01 02 03 00 
[1980-01-06 08:00:26]>>>>>>>>>>>>S:  AA 77 00 FB 28 D0 00 06 04 01 00 00 00 00 
[1980-01-06 08:00:29]AHT:1
[1980-01-06 08:00:29]MHT:1
[1980-01-06 08:00:29]>>>>>>>>>>>>S:  AA 77 00 F9 2A D0 00 06 04 01 00 00 00 00 
[2019-11-08 10:46:19]>>>>>>>>>>>>S:  AA 77 00 F9 2B D1 01 02 01 01 
[2019-11-08 10:46:19]>>>>>>>>>>>>S:  AA 77 00 D9 2C A0 00 08 8D 07 E3 0B 08 0A 2E 13 
[2019-11-08 10:46:21]>>>>>>>>>>>>S:  AA 77 00 FE 2D D0 00 06 04 01 00 00 00 00 
[2019-11-08 07:50:07]>>>>>>>>>>>>S:  AA 77 00 FC 2E D1 01 02 01 01 
[2019-11-08 07:49:50]>>>>>>>>>>>>S:  AA 77 00 FD 2F D1 01 02 01 01 
[2019-11-08 07:49:50]>>>>>>>>>>>>S:  AA 77 00 F6 30 A0 00 08 8D 07 E3 0B 08 07 31 32 
[2019-11-08 07:49:51]>>>>>>>>>>>>S:  AA 77 00 E2 31 D0 00 06 04 01 00 00 00 00 
[2019-11-08 07:49:53]AHT:2
[2019-11-08 07:49:53]MHT:2
[2019-11-08 07:49:55]>>>>>>>>>>>>S:  AA 77 00 E0 33 D0 00 06 04 01 00 00 00 00 
[2019-11-08 07:49:58]>>>>>>>>>>>>S:  AA 77 00 E7 34 D0 00 06 04 01 00 00 00 00 
[2019-11-08 07:50:02]>>>>>>>>>>>>S:  AA 77 00 E6 35 D0 00 06 04 01 00 00 00 00 
[2019-11-08 07:50:02]>>>>>>>>>>>>S:  AA 77 00 E4 36 D0 00 06 04 00 00 00 00 00 
[2019-11-08 07:50:03]AHT:3
[2019-11-08 07:50:03]MHT:3
[2019-11-08 07:50:05]>>>>>>>>>>>>S:  AA 77 00 EA 38 D0 00 06 04 00 00 00 00 00 
[2019-11-08 07:50:09]>>>>>>>>>>>>S:  AA 77 00 EB 39 D0 00 06 04 00 00 00 00 00 
[2019-11-08 07:50:12]>>>>>>>>>>>>S:  AA 77 00 E8 3A D0 00 06 04 00 00 00 00 00 
[2019-11-08 07:50:13]AHT:4
[2019-11-08 07:50:13]MHT:4
[2019-11-08 07:50:16]>>>>>>>>>>>>S:  AA 77 00 EE 3C D0 00 06 04 00 00 00 00 00 
[2019-11-08 07:50:19]>>>>>>>>>>>>S:  AA 77 00 EF 3D D0 00 06 04 00 00 00 00 00 
[2019-11-08 07:50:23]>>>>>>>>>>>>S:  AA 77 00 EC 3E D0 00 06 04 00 00 00 00 00 
[2019-11-08 07:50:23]AHT:5
[2019-11-08 07:50:23]MHT:5
[2019-11-08 07:50:26]>>>>>>>>>>>>S:  AA 77 00 92 40 D0 00 06 04 00 00 00 00 00 
[2019-11-08 07:50:30]>>>>>>>>>>>>S:  AA 77 00 93 41 D0 00 06 04 00 00 00 00 00 
[2019-11-08 07:50:33]>>>>>>>>>>>>S:  AA 77 00 90 42 D0 00 06 04 00 00 00 00 00 
[2019-11-08 07:50:33]AHT:6
[2019-11-08 07:50:33]MHT:6
