[1980-01-06 08:00:09]               /\  /\                
[1980-01-06 08:00:09]***************  \/  *****************
[1980-01-06 08:00:09]                                      
[1980-01-06 08:00:09] mcu-service start!!!!                
[1980-01-06 08:00:09] build: Oct 31 2019 14:30:38 
[1980-01-06 08:00:09] build: 06 12 2019 09:13:18           
[1980-01-06 08:00:09]                                      
[1980-01-06 08:00:09]**************************************
[1980-01-06 08:00:09]class McuServiceStubImpl construction
[1980-01-06 08:00:09]McuService registerService Done
[1980-01-06 08:00:09]new VDDataModel()
[1980-01-06 08:00:09]initVehicleData done
[1980-01-06 08:00:09]initPowerData done
[1980-01-06 08:00:09]initAccIgnData done
[1980-01-06 08:00:09]initHandShake done
[1980-01-06 08:00:09]initArmRebootReasonData done
[1980-01-06 08:00:09]iniModeData done
[1980-01-06 08:00:09]iniMfgData done
[1980-01-06 08:00:09]registerPowerDataChangeCb Done
[1980-01-06 08:00:09]registerAccIgnChangeCb Done
[1980-01-06 08:00:09]registerPhoneCallChangeCb Done
[1980-01-06 08:00:09]registerHandShakeChangeCb Done
[1980-01-06 08:00:09]registerModeChangeCb Done
[1980-01-06 08:00:09]class mcuUpgradeServiceStubImpl construction
[1980-01-06 08:00:09]McuUpgradeDataService registerService Done
[1980-01-06 08:00:09]new MCUpdateDataModel()
[1980-01-06 08:00:09]uart:/dev/ttyHSL0,baud:115200
[1980-01-06 08:00:09]autolinkMcuServiceInit -> start
[1980-01-06 08:00:09]wait uart
[1980-01-06 08:00:09]autolinkMcuQemuThread start
[1980-01-06 08:00:09]autolinkMcuServiceThread -> start
[1980-01-06 08:00:09]mcu service use select
[1980-01-06 08:00:09]mcu service thread running
[1980-01-06 08:00:09]autolinkMcuParseDataThread -> start
[1980-01-06 08:00:09]autolinkAckCheckThread -> start
[1980-01-06 08:00:09]autolinkMcuServiceInit -> end
[1980-01-06 08:00:10]new VDDataModelCtrl()
[1980-01-06 08:00:10]VDDataModelCtrl is constructed
[1980-01-06 08:00:13]>>>>>>>>>>>>S:  AA 77 00 23 00 A0 00 02 80 01 
[1980-01-06 08:00:13]try handshake 1 times
[1980-01-06 08:00:13]handshake successful
[1980-01-06 08:00:13]MHT:5
[1980-01-06 08:00:13]ACC OFF
[1980-01-06 08:00:13]MCU MODE_UNKNOWN
[1980-01-06 08:00:13]MCU Version: mcu_L_DFSK_F516-19_1.0.1_191031
[1980-01-06 08:00:13]CAN Version: can_v2.0L_516-19
[1980-01-06 08:00:13]PowerData: 00 20 00 00 00 
[1980-01-06 08:00:13]pdid: DFSK0001000200261910160001000010
[1980-01-06 08:00:13]vin:12345T0703T000110
[1980-01-06 08:00:13]>>>>>>>>>>>>S:  AA 77 00 EF 01 D0 01 15 2E 38 39 38 36 30 39 31 38 37 30 30 30 30 39 32 32 31 30 32 36 
[1980-01-06 08:00:13]>>>>>>>>>>>>S:  AA 77 00 DC 02 D0 01 10 2F 34 36 30 30 39 36 30 39 30 37 32 32 31 30 32 
[1980-01-06 08:00:13]>>>>>>>>>>>>S:  AA 77 00 CA 03 D0 01 10 33 38 36 32 30 31 35 30 33 37 35 31 31 37 32 37 
[1980-01-06 08:00:13]Mcu init data end
[1980-01-06 08:00:13]>>>>>>>>>>>>S:  AA 77 00 D6 04 D0 00 06 04 00 00 00 00 00 
[1980-01-06 08:00:16]>>>>>>>>>>>>S:  AA 77 00 D7 05 D0 00 06 04 00 00 00 00 00 
[1980-01-06 08:00:18]AHT:0
[1980-01-06 08:00:18]MHT:0
[1980-01-06 08:00:20]>>>>>>>>>>>>S:  AA 77 00 D5 07 D0 00 06 04 00 00 00 00 00 
[1980-01-06 08:00:21]>>>>>>>>>>>>S:  AA 77 00 C7 08 D0 00 03 1C 00 00 
[1980-01-06 08:00:22]>>>>>>>>>>>>S:  AA 77 00 D8 09 D1 01 02 03 00 
[1980-01-06 08:00:23]>>>>>>>>>>>>S:  AA 77 00 D9 0A D0 00 06 04 01 00 00 00 00 
[1980-01-06 08:00:26]>>>>>>>>>>>>S:  AA 77 00 D8 0B D0 00 06 04 01 00 00 00 00 
[1980-01-06 08:00:28]AHT:1
[1980-01-06 08:00:28]MHT:1
[2019-11-08 10:49:24]>>>>>>>>>>>>S:  AA 77 00 DF 0D D1 01 02 01 01 
[2019-11-08 10:49:24]>>>>>>>>>>>>S:  AA 77 00 EF 0E A0 00 08 8D 07 E3 0B 08 0A 31 18 
[2019-11-08 10:49:25]>>>>>>>>>>>>S:  AA 77 00 DC 0F D0 00 06 04 01 00 00 00 00 
[2019-11-08 10:49:28]>>>>>>>>>>>>S:  AA 77 00 C2 10 D1 01 02 01 01 
[2019-11-08 10:49:28]>>>>>>>>>>>>S:  AA 77 00 F4 11 A0 00 08 8D 07 E3 0B 08 0A 31 1C 
[2019-11-08 10:49:29]>>>>>>>>>>>>S:  AA 77 00 C1 12 D0 00 06 04 01 00 00 00 00 
[2019-11-08 10:49:32]>>>>>>>>>>>>S:  AA 77 00 C0 13 D0 00 06 04 01 00 00 00 00 
[2019-11-08 10:49:33]AHT:2
[2019-11-08 10:49:33]MHT:2
[2019-11-08 10:49:36]>>>>>>>>>>>>S:  AA 77 00 C6 15 D0 00 06 04 01 00 00 00 00 
[2019-11-08 10:49:39]>>>>>>>>>>>>S:  AA 77 00 C5 16 D0 00 06 04 01 00 00 00 00 
[2019-11-08 10:49:43]>>>>>>>>>>>>S:  AA 77 00 C4 17 D0 00 06 04 01 00 00 00 00 
[2019-11-08 10:49:43]AHT:3
[2019-11-08 10:49:43]MHT:3
[2019-11-08 10:49:43]>>>>>>>>>>>>S:  AA 77 00 CB 19 D0 00 06 04 00 00 00 00 00 
[2019-11-08 10:49:47]>>>>>>>>>>>>S:  AA 77 00 C8 1A D0 00 06 04 00 00 00 00 00 
[2019-11-08 10:49:50]>>>>>>>>>>>>S:  AA 77 00 C9 1B D0 00 06 04 00 00 00 00 00 
[2019-11-08 10:49:53]AHT:4
[2019-11-08 10:49:53]MHT:4
[2019-11-08 10:49:54]>>>>>>>>>>>>S:  AA 77 00 CF 1D D0 00 06 04 00 00 00 00 00 
[2019-11-08 10:49:57]>>>>>>>>>>>>S:  AA 77 00 CC 1E D0 00 06 04 00 00 00 00 00 
[2019-11-08 10:50:01]>>>>>>>>>>>>S:  AA 77 00 CD 1F D0 00 06 04 00 00 00 00 00 
[2019-11-08 10:50:03]AHT:5
[2019-11-08 10:50:03]MHT:5
[2019-11-08 10:50:04]>>>>>>>>>>>>S:  AA 77 00 F3 21 D0 00 06 04 00 00 00 00 00 
[2019-11-08 10:50:08]>>>>>>>>>>>>S:  AA 77 00 F0 22 D0 00 06 04 00 00 00 00 00 
[2019-11-08 10:50:11]>>>>>>>>>>>>S:  AA 77 00 F1 23 D0 00 06 04 00 00 00 00 00 
[2019-11-08 10:50:13]AHT:6
[2019-11-08 10:50:13]MHT:6
[2019-11-08 10:50:15]>>>>>>>>>>>>S:  AA 77 00 F7 25 D0 00 06 04 00 00 00 00 00 
[2019-11-08 10:50:18]>>>>>>>>>>>>S:  AA 77 00 F4 26 D0 00 06 04 00 00 00 00 00 
[2019-11-08 10:50:22]>>>>>>>>>>>>S:  AA 77 00 F5 27 D0 00 06 04 00 00 00 00 00 
[2019-11-08 10:50:23]AHT:7
[2019-11-08 10:50:23]MHT:7
[2019-11-08 10:50:25]>>>>>>>>>>>>S:  AA 77 00 FB 29 D0 00 06 04 00 00 00 00 00 
[2019-11-08 10:50:29]>>>>>>>>>>>>S:  AA 77 00 F8 2A D0 00 06 04 00 00 00 00 00 
[2019-11-08 10:50:32]>>>>>>>>>>>>S:  AA 77 00 F9 2B D0 00 06 04 00 00 00 00 00 
[2019-11-08 10:50:33]AHT:8
[2019-11-08 10:50:33]MHT:8
[2019-11-08 10:50:36]>>>>>>>>>>>>S:  AA 77 00 FF 2D D0 00 06 04 00 00 00 00 00 
[2019-11-08 10:50:39]>>>>>>>>>>>>S:  AA 77 00 FC 2E D0 00 06 04 00 00 00 00 00 
[2019-11-08 10:50:43]>>>>>>>>>>>>S:  AA 77 00 FD 2F D0 00 06 04 00 00 00 00 00 
[2019-11-08 10:50:43]AHT:9
[2019-11-08 10:50:43]MHT:9
[2019-11-08 10:50:46]>>>>>>>>>>>>S:  AA 77 00 E3 31 D0 00 06 04 00 00 00 00 00 
[2019-11-08 10:50:50]>>>>>>>>>>>>S:  AA 77 00 E0 32 D0 00 06 04 00 00 00 00 00 
[2019-11-08 10:50:53]AHT:10
[2019-11-08 10:50:53]MHT:10
[2019-11-08 10:50:53]>>>>>>>>>>>>S:  AA 77 00 E6 34 D0 00 06 04 00 00 00 00 00 
[2019-11-08 10:50:57]>>>>>>>>>>>>S:  AA 77 00 E7 35 D0 00 06 04 00 00 00 00 00 
[2019-11-08 10:51:00]>>>>>>>>>>>>S:  AA 77 00 E4 36 D0 00 06 04 00 00 00 00 00 
[2019-11-08 10:51:03]AHT:11
[2019-11-08 10:51:03]MHT:11
[2019-11-08 10:51:04]>>>>>>>>>>>>S:  AA 77 00 EA 38 D0 00 06 04 00 00 00 00 00 
[2019-11-08 10:51:07]>>>>>>>>>>>>S:  AA 77 00 EB 39 D0 00 06 04 00 00 00 00 00 
[2019-11-08 10:51:11]>>>>>>>>>>>>S:  AA 77 00 E8 3A D0 00 06 04 00 00 00 00 00 
[2019-11-08 10:51:13]AHT:12
[2019-11-08 10:51:13]MHT:12
[2019-11-08 10:51:14]>>>>>>>>>>>>S:  AA 77 00 EE 3C D0 00 06 04 00 00 00 00 00 
[2019-11-08 10:51:18]>>>>>>>>>>>>S:  AA 77 00 EF 3D D0 00 06 04 00 00 00 00 00 
[2019-11-08 10:51:21]>>>>>>>>>>>>S:  AA 77 00 EC 3E D0 00 06 04 00 00 00 00 00 
[2019-11-08 10:51:23]AHT:13
[2019-11-08 10:51:23]MHT:13
[2019-11-08 10:51:25]>>>>>>>>>>>>S:  AA 77 00 92 40 D0 00 06 04 00 00 00 00 00 
[2019-11-08 10:51:29]>>>>>>>>>>>>S:  AA 77 00 93 41 D0 00 06 04 00 00 00 00 00 
[2019-11-08 10:51:32]>>>>>>>>>>>>S:  AA 77 00 90 42 D0 00 06 04 00 00 00 00 00 
[2019-11-08 10:51:33]AHT:14
[2019-11-08 10:51:33]MHT:14
[2019-11-08 10:51:35]>>>>>>>>>>>>S:  AA 77 00 96 44 D0 00 06 04 00 00 00 00 00 
[2019-11-08 10:51:39]>>>>>>>>>>>>S:  AA 77 00 97 45 D0 00 06 04 00 00 00 00 00 
[2019-11-08 10:51:43]>>>>>>>>>>>>S:  AA 77 00 94 46 D0 00 06 04 00 00 00 00 00 
[2019-11-08 10:51:43]AHT:15
[2019-11-08 10:51:43]MHT:15
[2019-11-08 10:51:46]>>>>>>>>>>>>S:  AA 77 00 9A 48 D0 00 06 04 00 00 00 00 00 
[2019-11-08 10:51:50]>>>>>>>>>>>>S:  AA 77 00 9B 49 D0 00 06 04 00 00 00 00 00 
[2019-11-08 10:51:53]AHT:16
[2019-11-08 10:51:53]MHT:16
[2019-11-08 10:51:53]>>>>>>>>>>>>S:  AA 77 00 99 4B D0 00 06 04 00 00 00 00 00 
[2019-11-08 10:51:57]>>>>>>>>>>>>S:  AA 77 00 9E 4C D0 00 06 04 00 00 00 00 00 
[2019-11-08 10:52:00]>>>>>>>>>>>>S:  AA 77 00 9F 4D D0 00 06 04 00 00 00 00 00 
[2019-11-08 10:52:03]AHT:17
[2019-11-08 10:52:03]MHT:17
[2019-11-08 10:52:04]>>>>>>>>>>>>S:  AA 77 00 9D 4F D0 00 06 04 00 00 00 00 00 
[2019-11-08 10:52:07]>>>>>>>>>>>>S:  AA 77 00 82 50 D0 00 06 04 00 00 00 00 00 
[2019-11-08 10:52:11]>>>>>>>>>>>>S:  AA 77 00 83 51 D0 00 06 04 00 00 00 00 00 
[2019-11-08 10:52:13]AHT:18
[2019-11-08 10:52:13]MHT:18
[2019-11-08 10:52:14]>>>>>>>>>>>>S:  AA 77 00 81 53 D0 00 06 04 00 00 00 00 00 
[2019-11-08 10:52:18]>>>>>>>>>>>>S:  AA 77 00 86 54 D0 00 06 04 00 00 00 00 00 
[2019-11-08 10:52:21]>>>>>>>>>>>>S:  AA 77 00 87 55 D0 00 06 04 00 00 00 00 00 
[2019-11-08 10:52:23]AHT:19
[2019-11-08 10:52:25]>>>>>>>>>>>>S:  AA 77 00 85 57 D0 00 06 04 00 00 00 00 00 
[2019-11-08 10:52:28]>>>>>>>>>>>>S:  AA 77 00 8A 58 D0 00 06 04 00 00 00 00 00 
[2019-11-08 10:52:31]>>>>>>>>>>>>S:  AA 77 00 8B 59 D0 00 06 04 00 00 00 00 00 
[2019-11-08 10:52:33]AHT:20
[2019-11-08 10:52:35]>>>>>>>>>>>>S:  AA 77 00 89 5B D0 00 06 04 00 00 00 00 00 
[2019-11-08 10:52:38]>>>>>>>>>>>>S:  AA 77 00 8E 5C D0 00 06 04 00 00 00 00 00 
[2019-11-08 10:52:42]MHT:19
[2019-11-08 10:52:42]MHT:20
[2019-11-08 10:52:42]>>>>>>>>>>>>S:  AA 77 00 8F 5D D0 00 06 04 00 00 00 00 00 
[2019-11-08 10:52:43]AHT:21
[2019-11-08 10:52:43]MHT:21
[2019-11-08 10:52:45]>>>>>>>>>>>>S:  AA 77 00 8D 5F D0 00 06 04 00 00 00 00 00 
[2019-11-08 10:52:49]>>>>>>>>>>>>S:  AA 77 00 B2 60 D0 00 06 04 00 00 00 00 00 
[2019-11-08 10:52:52]>>>>>>>>>>>>S:  AA 77 00 B3 61 D0 00 06 04 00 00 00 00 00 
[2019-11-08 10:52:53]AHT:22
[2019-11-08 10:52:53]MHT:22
[2019-11-08 10:52:56]>>>>>>>>>>>>S:  AA 77 00 B1 63 D0 00 06 04 00 00 00 00 00 
[2019-11-08 10:52:59]>>>>>>>>>>>>S:  AA 77 00 B6 64 D0 00 06 04 00 00 00 00 00 
[2019-11-08 10:53:03]>>>>>>>>>>>>S:  AA 77 00 B7 65 D0 00 06 04 00 00 00 00 00 
[2019-11-08 10:53:03]AHT:23
[2019-11-08 10:53:03]MHT:23
[2019-11-08 10:53:04]ACC ON
[2019-11-08 10:53:06]>>>>>>>>>>>>S:  AA 77 00 B5 67 D0 00 06 04 00 00 00 00 00 
[2019-11-08 10:53:10]>>>>>>>>>>>>S:  AA 77 00 BA 68 D0 00 06 04 00 00 00 00 00 
[2019-11-08 10:53:13]AHT:24
[2019-11-08 10:53:13]MHT:24
[2019-11-08 10:53:13]>>>>>>>>>>>>S:  AA 77 00 B8 6A D0 00 06 04 00 00 00 00 00 
[2019-11-08 10:53:17]>>>>>>>>>>>>S:  AA 77 00 B9 6B D0 00 06 04 00 00 00 00 00 
[2019-11-08 10:53:20]>>>>>>>>>>>>S:  AA 77 00 BE 6C D0 00 06 04 00 00 00 00 00 
[2019-11-08 10:53:23]AHT:25
[2019-11-08 10:53:23]MHT:25
[2019-11-08 10:53:24]>>>>>>>>>>>>S:  AA 77 00 BC 6E D0 00 06 04 00 00 00 00 00 
[2019-11-08 10:53:26]>>>>>>>>>>>>S:  AA 77 00 BE 6F D1 01 02 02 01 
[2019-11-08 10:53:27]>>>>>>>>>>>>S:  AA 77 00 A2 70 D0 00 06 04 00 00 00 00 00 
[2019-11-08 10:53:27]>>>>>>>>>>>>S:  AA 77 00 A0 71 D1 01 02 02 01 
[2019-11-08 10:53:28]>>>>>>>>>>>>S:  AA 77 00 A3 72 D1 01 02 02 01 
[2019-11-08 10:53:29]>>>>>>>>>>>>S:  AA 77 00 A2 73 D1 01 02 02 01 
[2019-11-08 10:53:31]>>>>>>>>>>>>S:  AA 77 00 A5 74 D1 01 02 02 01 
[2019-11-08 10:53:31]>>>>>>>>>>>>S:  AA 77 00 A7 75 D0 00 06 04 00 00 00 00 00 
[2019-11-08 10:53:33]AHT:26
[2019-11-08 10:53:33]MHT:26
[2019-11-08 10:53:34]>>>>>>>>>>>>S:  AA 77 00 A5 77 D0 00 06 04 00 00 00 00 00 
[2019-11-08 10:53:38]>>>>>>>>>>>>S:  AA 77 00 AA 78 D0 00 06 04 00 00 00 00 00 
[2019-11-08 10:53:41]>>>>>>>>>>>>S:  AA 77 00 AB 79 D0 00 06 04 00 00 00 00 00 
[2019-11-08 10:53:43]AHT:27
[2019-11-08 10:53:43]MHT:27
[2019-11-08 10:53:45]>>>>>>>>>>>>S:  AA 77 00 A9 7B D0 00 06 04 00 00 00 00 00 
[2019-11-08 10:53:48]>>>>>>>>>>>>S:  AA 77 00 AE 7C D0 00 06 04 00 00 00 00 00 
[2019-11-08 10:53:52]>>>>>>>>>>>>S:  AA 77 00 AF 7D D0 00 06 04 00 00 00 00 00 
[2019-11-08 10:53:53]AHT:28
[2019-11-08 10:53:53]MHT:28
[2019-11-08 10:53:55]>>>>>>>>>>>>S:  AA 77 00 AD 7F D0 00 06 04 00 00 00 00 00 
[2019-11-08 10:53:59]>>>>>>>>>>>>S:  AA 77 00 52 80 D0 00 06 04 00 00 00 00 00 
[2019-11-08 10:54:02]>>>>>>>>>>>>S:  AA 77 00 53 81 D0 00 06 04 00 00 00 00 00 
[2019-11-08 10:54:03]AHT:29
[2019-11-08 10:54:03]MHT:29
[2019-11-08 10:54:06]>>>>>>>>>>>>S:  AA 77 00 51 83 D0 00 06 04 00 00 00 00 00 
[2019-11-08 10:54:09]>>>>>>>>>>>>S:  AA 77 00 56 84 D0 00 06 04 00 00 00 00 00 
[2019-11-08 10:54:12]>>>>>>>>>>>>S:  AA 77 00 57 85 D0 00 06 04 00 00 00 00 00 
[2019-11-08 10:54:13]AHT:30
[2019-11-08 10:54:13]MHT:30
[2019-11-08 10:54:16]>>>>>>>>>>>>S:  AA 77 00 55 87 D0 00 06 04 00 00 00 00 00 
[2019-11-08 10:54:19]>>>>>>>>>>>>S:  AA 77 00 5A 88 D0 00 06 04 00 00 00 00 00 
[2019-11-08 10:54:23]>>>>>>>>>>>>S:  AA 77 00 5B 89 D0 00 06 04 00 00 00 00 00 
[2019-11-08 10:54:23]AHT:31
[2019-11-08 10:54:23]MHT:31
[2019-11-08 10:54:26]>>>>>>>>>>>>S:  AA 77 00 59 8B D0 00 06 04 00 00 00 00 00 
[2019-11-08 10:54:30]>>>>>>>>>>>>S:  AA 77 00 5E 8C D0 00 06 04 00 00 00 00 00 
[2019-11-08 10:54:33]AHT:32
[2019-11-08 10:54:33]MHT:32
[2019-11-08 10:54:33]>>>>>>>>>>>>S:  AA 77 00 5C 8E D0 00 06 04 00 00 00 00 00 
[2019-11-08 10:54:37]>>>>>>>>>>>>S:  AA 77 00 5D 8F D0 00 06 04 00 00 00 00 00 
[2019-11-08 10:54:40]>>>>>>>>>>>>S:  AA 77 00 42 90 D0 00 06 04 00 00 00 00 00 
[2019-11-08 10:54:43]AHT:33
[2019-11-08 10:54:43]MHT:33
[2019-11-08 10:54:44]>>>>>>>>>>>>S:  AA 77 00 40 92 D0 00 06 04 00 00 00 00 00 
[2019-11-08 10:54:47]>>>>>>>>>>>>S:  AA 77 00 41 93 D0 00 06 04 00 00 00 00 00 
[2019-11-08 10:54:51]>>>>>>>>>>>>S:  AA 77 00 46 94 D0 00 06 04 00 00 00 00 00 
[2019-11-08 10:54:53]AHT:34
[2019-11-08 10:54:53]MHT:34
[2019-11-08 10:54:54]>>>>>>>>>>>>S:  AA 77 00 44 96 D0 00 06 04 00 00 00 00 00 
[2019-11-08 10:54:58]>>>>>>>>>>>>S:  AA 77 00 45 97 D0 00 06 04 00 00 00 00 00 
[2019-11-08 10:55:01]>>>>>>>>>>>>S:  AA 77 00 4A 98 D0 00 06 04 00 00 00 00 00 
[2019-11-08 10:55:03]AHT:35
[2019-11-08 10:55:03]MHT:35
[2019-11-08 10:55:05]>>>>>>>>>>>>S:  AA 77 00 48 9A D0 00 06 04 00 00 00 00 00 
[2019-11-08 10:55:08]>>>>>>>>>>>>S:  AA 77 00 49 9B D0 00 06 04 00 00 00 00 00 
[2019-11-08 10:55:12]>>>>>>>>>>>>S:  AA 77 00 4E 9C D0 00 06 04 00 00 00 00 00 
[2019-11-08 10:55:13]AHT:36
[2019-11-08 10:55:13]MHT:36
[2019-11-08 10:55:15]>>>>>>>>>>>>S:  AA 77 00 4C 9E D0 00 06 04 00 00 00 00 00 
[2019-11-08 10:55:19]>>>>>>>>>>>>S:  AA 77 00 4D 9F D0 00 06 04 00 00 00 00 00 
[2019-11-08 10:55:19]ACC OFF
[2019-11-08 10:55:22]>>>>>>>>>>>>S:  AA 77 00 72 A0 D0 00 06 04 00 00 00 00 00 
[2019-11-08 10:55:23]AHT:37
[2019-11-08 10:55:24]-------------------------------------------
[2019-11-08 10:55:24]             mcu lost sync data 0: 00
[2019-11-08 10:55:24]-------------------------------------------
[2019-11-08 10:55:24]MHT:37
[2019-11-08 10:55:26]>>>>>>>>>>>>S:  AA 77 00 70 A2 D0 00 06 04 00 00 00 00 00 
[2019-11-08 10:55:29]>>>>>>>>>>>>S:  AA 77 00 71 A3 D0 00 06 04 00 00 00 00 00 
[2019-11-08 10:55:30]>>>>>>>>>>>>S:  AA 77 00 75 A4 D1 01 02 02 01 
[2019-11-08 10:55:31]>>>>>>>>>>>>S:  AA 77 00 74 A5 D1 01 02 02 01 
[2019-11-08 10:55:33]>>>>>>>>>>>>S:  AA 77 00 74 A6 D0 00 06 04 00 00 00 00 00 
[2019-11-08 10:55:33]AHT:38
[2019-11-08 10:55:33]MHT:38
[2019-11-08 10:55:36]>>>>>>>>>>>>S:  AA 77 00 7A A8 D0 00 06 04 00 00 00 00 00 
[2019-11-08 10:55:40]>>>>>>>>>>>>S:  AA 77 00 7B A9 D0 00 06 04 00 00 00 00 00 
[2019-11-08 10:55:43]AHT:39
[2019-11-08 10:55:43]MHT:39
[2019-11-08 10:55:43]>>>>>>>>>>>>S:  AA 77 00 79 AB D0 00 06 04 00 00 00 00 00 
[2019-11-08 10:55:47]>>>>>>>>>>>>S:  AA 77 00 7E AC D0 00 06 04 00 00 00 00 00 
[2019-11-08 10:55:50]>>>>>>>>>>>>S:  AA 77 00 7F AD D0 00 06 04 00 00 00 00 00 
[2019-11-08 10:55:53]AHT:40
[2019-11-08 10:55:53]MHT:40
[2019-11-08 10:55:54]>>>>>>>>>>>>S:  AA 77 00 7D AF D0 00 06 04 00 00 00 00 00 
[2019-11-08 10:55:57]>>>>>>>>>>>>S:  AA 77 00 62 B0 D0 00 06 04 00 00 00 00 00 
[2019-11-08 10:56:01]>>>>>>>>>>>>S:  AA 77 00 63 B1 D0 00 06 04 00 00 00 00 00 
[2019-11-08 10:56:03]AHT:41
[2019-11-08 10:56:03]MHT:41
[2019-11-08 10:56:04]>>>>>>>>>>>>S:  AA 77 00 61 B3 D0 00 06 04 00 00 00 00 00 
[2019-11-08 10:56:07]>>>>>>>>>>>>S:  AA 77 00 66 B4 D0 00 06 04 00 00 00 00 00 
[2019-11-08 10:56:11]>>>>>>>>>>>>S:  AA 77 00 67 B5 D0 00 06 04 00 00 00 00 00 
[2019-11-08 10:56:13]AHT:42
[2019-11-08 10:56:13]MHT:42
[2019-11-08 10:56:14]>>>>>>>>>>>>S:  AA 77 00 65 B7 D0 00 06 04 00 00 00 00 00 
[2019-11-08 10:56:18]>>>>>>>>>>>>S:  AA 77 00 6A B8 D0 00 06 04 00 00 00 00 00 
[2019-11-08 10:56:21]>>>>>>>>>>>>S:  AA 77 00 6B B9 D0 00 06 04 00 00 00 00 00 
[2019-11-08 10:56:23]AHT:43
[2019-11-08 10:56:25]MHT:43
[2019-11-08 10:56:25]>>>>>>>>>>>>S:  AA 77 00 69 BB D0 00 06 04 00 00 00 00 00 
[2019-11-08 10:56:28]>>>>>>>>>>>>S:  AA 77 00 6E BC D0 00 06 04 00 00 00 00 00 
[2019-11-08 10:56:32]>>>>>>>>>>>>S:  AA 77 00 6F BD D0 00 06 04 00 00 00 00 00 
[2019-11-08 10:56:33]AHT:44
[2019-11-08 10:56:35]MHT:44
[2019-11-08 10:56:35]>>>>>>>>>>>>S:  AA 77 00 6D BF D0 00 06 04 00 00 00 00 00 
[2019-11-08 10:56:39]>>>>>>>>>>>>S:  AA 77 00 12 C0 D0 00 06 04 00 00 00 00 00 
[2019-11-08 10:56:42]>>>>>>>>>>>>S:  AA 77 00 13 C1 D0 00 06 04 00 00 00 00 00 
[2019-11-08 10:56:43]AHT:45
[2019-11-08 10:56:43]MHT:45
[2019-11-08 10:56:46]>>>>>>>>>>>>S:  AA 77 00 11 C3 D0 00 06 04 00 00 00 00 00 
[2019-11-08 10:56:49]>>>>>>>>>>>>S:  AA 77 00 16 C4 D0 00 06 04 00 00 00 00 00 
[2019-11-08 10:56:53]>>>>>>>>>>>>S:  AA 77 00 17 C5 D0 00 06 04 00 00 00 00 00 
[2019-11-08 10:56:53]AHT:46
[2019-11-08 10:56:53]MHT:46
[2019-11-08 10:56:56]>>>>>>>>>>>>S:  AA 77 00 15 C7 D0 00 06 04 00 00 00 00 00 
[2019-11-08 10:57:00]>>>>>>>>>>>>S:  AA 77 00 1A C8 D0 00 06 04 00 00 00 00 00 
[2019-11-08 10:57:03]AHT:47
[2019-11-08 10:57:03]>>>>>>>>>>>>S:  AA 77 00 18 CA D0 00 06 04 00 00 00 00 00 
[2019-11-08 10:57:03]MHT:47
[2019-11-08 10:57:07]>>>>>>>>>>>>S:  AA 77 00 19 CB D0 00 06 04 00 00 00 00 00 
[2019-11-08 10:57:10]>>>>>>>>>>>>S:  AA 77 00 1E CC D0 00 06 04 00 00 00 00 00 
[2019-11-08 10:57:13]AHT:48
[2019-11-08 10:57:13]MHT:48
[2019-11-08 10:57:14]>>>>>>>>>>>>S:  AA 77 00 1C CE D0 00 06 04 00 00 00 00 00 
[2019-11-08 10:57:17]>>>>>>>>>>>>S:  AA 77 00 1D CF D0 00 06 04 00 00 00 00 00 
[2019-11-08 10:57:21]>>>>>>>>>>>>S:  AA 77 00 02 D0 D0 00 06 04 00 00 00 00 00 
[2019-11-08 10:57:23]AHT:49
[2019-11-08 10:57:23]MHT:49
[2019-11-08 10:57:24]>>>>>>>>>>>>S:  AA 77 00 00 D2 D0 00 06 04 00 00 00 00 00 
[2019-11-08 10:57:27]>>>>>>>>>>>>S:  AA 77 00 01 D3 D0 00 06 04 00 00 00 00 00 
[2019-11-08 10:57:31]>>>>>>>>>>>>S:  AA 77 00 06 D4 D0 00 06 04 00 00 00 00 00 
[2019-11-08 10:57:33]AHT:50
[2019-11-08 10:57:33]MHT:50
[2019-11-08 10:57:34]>>>>>>>>>>>>S:  AA 77 00 04 D6 D0 00 06 04 00 00 00 00 00 
[2019-11-08 10:57:38]>>>>>>>>>>>>S:  AA 77 00 05 D7 D0 00 06 04 00 00 00 00 00 
[2019-11-08 10:57:41]>>>>>>>>>>>>S:  AA 77 00 0A D8 D0 00 06 04 00 00 00 00 00 
[2019-11-08 10:57:43]AHT:51
[2019-11-08 10:57:43]MHT:51
[2019-11-08 10:57:45]>>>>>>>>>>>>S:  AA 77 00 08 DA D0 00 06 04 00 00 00 00 00 
[2019-11-08 10:57:48]>>>>>>>>>>>>S:  AA 77 00 09 DB D0 00 06 04 00 00 00 00 00 
[2019-11-08 10:57:52]>>>>>>>>>>>>S:  AA 77 00 0E DC D0 00 06 04 00 00 00 00 00 
[2019-11-08 10:57:53]AHT:52
[2019-11-08 10:57:53]MHT:52
[2019-11-08 10:57:55]>>>>>>>>>>>>S:  AA 77 00 0C DE D0 00 06 04 00 00 00 00 00 
[2019-11-08 10:57:57]>>>>>>>>>>>>S:  AA 77 00 0E DF D1 01 02 02 01 
[2019-11-08 10:57:59]>>>>>>>>>>>>S:  AA 77 00 32 E0 D0 00 06 04 00 00 00 00 00 
[2019-11-08 10:58:02]>>>>>>>>>>>>S:  AA 77 00 33 E1 D0 00 06 04 00 00 00 00 00 
[2019-11-08 10:58:03]AHT:53
[2019-11-08 10:58:03]MHT:53
[2019-11-08 10:58:06]>>>>>>>>>>>>S:  AA 77 00 31 E3 D0 00 06 04 00 00 00 00 00 
[2019-11-08 10:58:09]>>>>>>>>>>>>S:  AA 77 00 36 E4 D0 00 06 04 00 00 00 00 00 
[2019-11-08 10:58:13]>>>>>>>>>>>>S:  AA 77 00 37 E5 D0 00 06 04 00 00 00 00 00 
[2019-11-08 10:58:13]AHT:54
[2019-11-08 10:58:13]MHT:54
[2019-11-08 10:58:16]>>>>>>>>>>>>S:  AA 77 00 35 E7 D0 00 06 04 00 00 00 00 00 
[2019-11-08 10:58:20]>>>>>>>>>>>>S:  AA 77 00 3A E8 D0 00 06 04 00 00 00 00 00 
[2019-11-08 10:58:23]AHT:55
[2019-11-08 10:58:23]MHT:55
[2019-11-08 10:58:23]>>>>>>>>>>>>S:  AA 77 00 38 EA D0 00 06 04 00 00 00 00 00 
[2019-11-08 10:58:27]>>>>>>>>>>>>S:  AA 77 00 39 EB D0 00 06 04 00 00 00 00 00 
[2019-11-08 10:58:30]>>>>>>>>>>>>S:  AA 77 00 3E EC D0 00 06 04 00 00 00 00 00 
[2019-11-08 10:58:33]AHT:56
[2019-11-08 10:58:33]MHT:56
[2019-11-08 10:58:34]>>>>>>>>>>>>S:  AA 77 00 3C EE D0 00 06 04 00 00 00 00 00 
[2019-11-08 10:58:37]>>>>>>>>>>>>S:  AA 77 00 3D EF D0 00 06 04 00 00 00 00 00 
[2019-11-08 10:58:41]>>>>>>>>>>>>S:  AA 77 00 22 F0 D0 00 06 04 00 00 00 00 00 
[2019-11-08 10:58:43]AHT:57
[2019-11-08 10:58:43]MHT:57
[2019-11-08 10:58:44]>>>>>>>>>>>>S:  AA 77 00 20 F2 D0 00 06 04 00 00 00 00 00 
[2019-11-08 10:58:48]>>>>>>>>>>>>S:  AA 77 00 21 F3 D0 00 06 04 00 00 00 00 00 
[2019-11-08 10:58:51]>>>>>>>>>>>>S:  AA 77 00 26 F4 D0 00 06 04 00 00 00 00 00 
[2019-11-08 10:58:53]AHT:58
[2019-11-08 10:58:53]MHT:58
[2019-11-08 10:58:55]>>>>>>>>>>>>S:  AA 77 00 24 F6 D0 00 06 04 00 00 00 00 00 
[2019-11-08 10:58:58]>>>>>>>>>>>>S:  AA 77 00 25 F7 D0 00 06 04 00 00 00 00 00 
[2019-11-08 10:59:01]>>>>>>>>>>>>S:  AA 77 00 2A F8 D0 00 06 04 00 00 00 00 00 
[2019-11-08 10:59:03]AHT:59
[2019-11-08 10:59:03]MHT:59
[2019-11-08 10:59:05]>>>>>>>>>>>>S:  AA 77 00 28 FA D0 00 06 04 00 00 00 00 00 
[2019-11-08 10:59:09]>>>>>>>>>>>>S:  AA 77 00 29 FB D0 00 06 04 00 00 00 00 00 
[2019-11-08 10:59:12]>>>>>>>>>>>>S:  AA 77 00 2E FC D0 00 06 04 00 00 00 00 00 
[2019-11-08 10:59:13]AHT:60
[2019-11-08 10:59:13]MHT:60
[2019-11-08 10:59:15]>>>>>>>>>>>>S:  AA 77 00 2C FE D0 00 06 04 00 00 00 00 00 
[2019-11-08 10:59:19]>>>>>>>>>>>>S:  AA 77 00 2D FF D0 00 06 04 00 00 00 00 00 
[2019-11-08 10:59:19]>>>>>>>>>>>>S:  AA 77 00 E0 00 A0 00 08 8D 07 E3 0B 08 0A 3B 13 
[2019-11-08 10:59:22]>>>>>>>>>>>>S:  AA 77 00 D3 01 D0 00 06 04 00 00 00 00 00 
[2019-11-08 10:59:23]AHT:61
[2019-11-08 10:59:23]MHT:61
[2019-11-08 10:59:26]>>>>>>>>>>>>S:  AA 77 00 D1 03 D0 00 06 04 00 00 00 00 00 
[2019-11-08 10:59:29]>>>>>>>>>>>>S:  AA 77 00 D6 04 D0 00 06 04 00 00 00 00 00 
[2019-11-08 10:59:33]>>>>>>>>>>>>S:  AA 77 00 D7 05 D0 00 06 04 00 00 00 00 00 
[2019-11-08 10:59:33]AHT:62
[2019-11-08 10:59:33]MHT:62
[2019-11-08 10:59:36]>>>>>>>>>>>>S:  AA 77 00 D5 07 D0 00 06 04 00 00 00 00 00 
[2019-11-08 10:59:40]>>>>>>>>>>>>S:  AA 77 00 DA 08 D0 00 06 04 00 00 00 00 00 
[2019-11-08 10:59:43]AHT:63
[2019-11-08 10:59:43]MHT:63
[2019-11-08 10:59:43]>>>>>>>>>>>>S:  AA 77 00 D8 0A D0 00 06 04 00 00 00 00 00 
[2019-11-08 10:59:47]>>>>>>>>>>>>S:  AA 77 00 D9 0B D0 00 06 04 00 00 00 00 00 
[2019-11-08 10:59:50]>>>>>>>>>>>>S:  AA 77 00 DE 0C D0 00 06 04 00 00 00 00 00 
[2019-11-08 10:59:53]AHT:64
[2019-11-08 10:59:53]MHT:64
[2019-11-08 10:59:54]>>>>>>>>>>>>S:  AA 77 00 DC 0E D0 00 06 04 00 00 00 00 00 
[2019-11-08 10:59:57]>>>>>>>>>>>>S:  AA 77 00 DD 0F D0 00 06 04 00 00 00 00 00 
[2019-11-08 11:00:01]>>>>>>>>>>>>S:  AA 77 00 C2 10 D0 00 06 04 00 00 00 00 00 
[2019-11-08 11:00:03]AHT:65
[2019-11-08 11:00:03]MHT:65
[2019-11-08 11:00:04]>>>>>>>>>>>>S:  AA 77 00 C0 12 D0 00 06 04 00 00 00 00 00 
[2019-11-08 11:00:08]>>>>>>>>>>>>S:  AA 77 00 C1 13 D0 00 06 04 00 00 00 00 00 
[2019-11-08 11:00:11]>>>>>>>>>>>>S:  AA 77 00 C6 14 D0 00 06 04 00 00 00 00 00 
[2019-11-08 11:00:13]AHT:66
[2019-11-08 11:00:13]MHT:66
[2019-11-08 11:00:15]>>>>>>>>>>>>S:  AA 77 00 C4 16 D0 00 06 04 00 00 00 00 00 
[2019-11-08 11:00:18]>>>>>>>>>>>>S:  AA 77 00 C5 17 D0 00 06 04 00 00 00 00 00 
[2019-11-08 11:00:22]>>>>>>>>>>>>S:  AA 77 00 CA 18 D0 00 06 04 00 00 00 00 00 
[2019-11-08 11:00:23]AHT:67
[2019-11-08 11:00:23]MHT:67
[2019-11-08 11:00:25]>>>>>>>>>>>>S:  AA 77 00 C8 1A D0 00 06 04 00 00 00 00 00 
[2019-11-08 11:00:29]>>>>>>>>>>>>S:  AA 77 00 C9 1B D0 00 06 04 00 00 00 00 00 
[2019-11-08 11:00:32]>>>>>>>>>>>>S:  AA 77 00 CE 1C D0 00 06 04 00 00 00 00 00 
[2019-11-08 11:00:33]AHT:68
[2019-11-08 11:00:33]MHT:68
[2019-11-08 11:00:36]>>>>>>>>>>>>S:  AA 77 00 CC 1E D0 00 06 04 00 00 00 00 00 
[2019-11-08 11:00:39]>>>>>>>>>>>>S:  AA 77 00 CD 1F D0 00 06 04 00 00 00 00 00 
[2019-11-08 11:00:43]>>>>>>>>>>>>S:  AA 77 00 F2 20 D0 00 06 04 00 00 00 00 00 
[2019-11-08 11:00:43]AHT:69
[2019-11-08 11:00:43]MHT:69
[2019-11-08 11:00:46]>>>>>>>>>>>>S:  AA 77 00 F0 22 D0 00 06 04 00 00 00 00 00 
[2019-11-08 11:00:50]>>>>>>>>>>>>S:  AA 77 00 F1 23 D0 00 06 04 00 00 00 00 00 
[2019-11-08 11:00:53]>>>>>>>>>>>>S:  AA 77 00 F6 24 D0 00 06 04 00 00 00 00 00 
[2019-11-08 11:00:53]AHT:70
[2019-11-08 11:00:53]MHT:70
[2019-11-08 11:00:57]>>>>>>>>>>>>S:  AA 77 00 F4 26 D0 00 06 04 00 00 00 00 00 
[2019-11-08 11:01:00]>>>>>>>>>>>>S:  AA 77 00 F5 27 D0 00 06 04 00 00 00 00 00 
[2019-11-08 11:01:03]AHT:71
[2019-11-08 11:01:03]MHT:71
[2019-11-08 11:01:03]>>>>>>>>>>>>S:  AA 77 00 FB 29 D0 00 06 04 00 00 00 00 00 
[2019-11-08 11:01:07]>>>>>>>>>>>>S:  AA 77 00 F8 2A D0 00 06 04 00 00 00 00 00 
[2019-11-08 11:01:10]>>>>>>>>>>>>S:  AA 77 00 F9 2B D0 00 06 04 00 00 00 00 00 
[2019-11-08 11:01:13]AHT:72
[2019-11-08 11:01:13]MHT:72
[2019-11-08 11:01:14]>>>>>>>>>>>>S:  AA 77 00 FF 2D D0 00 06 04 00 00 00 00 00 
[2019-11-08 11:01:17]>>>>>>>>>>>>S:  AA 77 00 FC 2E D0 00 06 04 00 00 00 00 00 
[2019-11-08 11:01:21]>>>>>>>>>>>>S:  AA 77 00 FD 2F D0 00 06 04 00 00 00 00 00 
[2019-11-08 11:01:23]AHT:73
[2019-11-08 11:01:23]MHT:73
[2019-11-08 11:01:24]>>>>>>>>>>>>S:  AA 77 00 E3 31 D0 00 06 04 00 00 00 00 00 
[2019-11-08 11:01:28]>>>>>>>>>>>>S:  AA 77 00 E0 32 D0 00 06 04 00 00 00 00 00 
[2019-11-08 11:01:31]>>>>>>>>>>>>S:  AA 77 00 E1 33 D0 00 06 04 00 00 00 00 00 
[2019-11-08 11:01:33]AHT:74
[2019-11-08 11:01:33]MHT:74
[2019-11-08 11:01:35]>>>>>>>>>>>>S:  AA 77 00 E7 35 D0 00 06 04 00 00 00 00 00 
[2019-11-08 11:01:38]>>>>>>>>>>>>S:  AA 77 00 E4 36 D0 00 06 04 00 00 00 00 00 
[2019-11-08 11:01:42]>>>>>>>>>>>>S:  AA 77 00 E5 37 D0 00 06 04 00 00 00 00 00 
[2019-11-08 11:01:43]AHT:75
[2019-11-08 11:01:43]MHT:75
[2019-11-08 11:01:45]>>>>>>>>>>>>S:  AA 77 00 EB 39 D0 00 06 04 00 00 00 00 00 
[2019-11-08 11:01:49]>>>>>>>>>>>>S:  AA 77 00 E8 3A D0 00 06 04 00 00 00 00 00 
[2019-11-08 11:01:52]>>>>>>>>>>>>S:  AA 77 00 E9 3B D0 00 06 04 00 00 00 00 00 
[2019-11-08 11:01:53]AHT:76
[2019-11-08 11:01:53]MHT:76
[2019-11-08 11:01:56]>>>>>>>>>>>>S:  AA 77 00 EF 3D D0 00 06 04 00 00 00 00 00 
[2019-11-08 11:01:59]>>>>>>>>>>>>S:  AA 77 00 EC 3E D0 00 06 04 00 00 00 00 00 
[2019-11-08 11:02:03]>>>>>>>>>>>>S:  AA 77 00 ED 3F D0 00 06 04 00 00 00 00 00 
[2019-11-08 11:02:03]AHT:77
[2019-11-08 11:02:03]MHT:77
[2019-11-08 11:02:06]>>>>>>>>>>>>S:  AA 77 00 93 41 D0 00 06 04 00 00 00 00 00 
[2019-11-08 11:02:10]>>>>>>>>>>>>S:  AA 77 00 90 42 D0 00 06 04 00 00 00 00 00 
[2019-11-08 11:02:13]>>>>>>>>>>>>S:  AA 77 00 91 43 D0 00 06 04 00 00 00 00 00 
[2019-11-08 11:02:13]AHT:78
[2019-11-08 11:02:13]MHT:78
[2019-11-08 11:02:17]>>>>>>>>>>>>S:  AA 77 00 97 45 D0 00 06 04 00 00 00 00 00 
[2019-11-08 11:02:20]>>>>>>>>>>>>S:  AA 77 00 94 46 D0 00 06 04 00 00 00 00 00 
[2019-11-08 11:02:23]AHT:79
[2019-11-08 11:02:23]MHT:79
[2019-11-08 11:02:24]>>>>>>>>>>>>S:  AA 77 00 9A 48 D0 00 06 04 00 00 00 00 00 
[2019-11-08 11:02:27]>>>>>>>>>>>>S:  AA 77 00 9B 49 D0 00 06 04 00 00 00 00 00 
[2019-11-08 11:02:31]>>>>>>>>>>>>S:  AA 77 00 98 4A D0 00 06 04 00 00 00 00 00 
[2019-11-08 11:02:33]AHT:80
[2019-11-08 11:02:33]MHT:80
[2019-11-08 11:02:34]>>>>>>>>>>>>S:  AA 77 00 9E 4C D0 00 06 04 00 00 00 00 00 
[2019-11-08 11:02:38]>>>>>>>>>>>>S:  AA 77 00 9F 4D D0 00 06 04 00 00 00 00 00 
[2019-11-08 11:02:41]>>>>>>>>>>>>S:  AA 77 00 9C 4E D0 00 06 04 00 00 00 00 00 
[2019-11-08 11:02:43]AHT:81
[2019-11-08 11:02:43]MHT:81
[2019-11-08 11:02:44]>>>>>>>>>>>>S:  AA 77 00 82 50 D0 00 06 04 00 00 00 00 00 
[2019-11-08 11:02:48]>>>>>>>>>>>>S:  AA 77 00 83 51 D0 00 06 04 00 00 00 00 00 
[2019-11-08 11:02:51]>>>>>>>>>>>>S:  AA 77 00 80 52 D0 00 06 04 00 00 00 00 00 
[2019-11-08 11:02:53]AHT:82
[2019-11-08 11:02:53]MHT:82
[2019-11-08 11:02:55]>>>>>>>>>>>>S:  AA 77 00 86 54 D0 00 06 04 00 00 00 00 00 
[2019-11-08 11:02:58]>>>>>>>>>>>>S:  AA 77 00 87 55 D0 00 06 04 00 00 00 00 00 
[2019-11-08 11:03:02]>>>>>>>>>>>>S:  AA 77 00 84 56 D0 00 06 04 00 00 00 00 00 
[2019-11-08 11:03:03]AHT:83
[2019-11-08 11:03:03]MHT:83
[2019-11-08 11:03:05]>>>>>>>>>>>>S:  AA 77 00 8A 58 D0 00 06 04 00 00 00 00 00 
[2019-11-08 11:03:09]>>>>>>>>>>>>S:  AA 77 00 8B 59 D0 00 06 04 00 00 00 00 00 
[2019-11-08 11:03:12]>>>>>>>>>>>>S:  AA 77 00 88 5A D0 00 06 04 00 00 00 00 00 
[2019-11-08 11:03:13]AHT:84
[2019-11-08 11:03:13]MHT:84
[2019-11-08 11:03:16]>>>>>>>>>>>>S:  AA 77 00 8E 5C D0 00 06 04 00 00 00 00 00 
[2019-11-08 11:03:19]>>>>>>>>>>>>S:  AA 77 00 8F 5D D0 00 06 04 00 00 00 00 00 
[2019-11-08 11:03:23]>>>>>>>>>>>>S:  AA 77 00 8C 5E D0 00 06 04 00 00 00 00 00 
[2019-11-08 11:03:23]AHT:85
[2019-11-08 11:03:23]MHT:85
[2019-11-08 11:03:26]>>>>>>>>>>>>S:  AA 77 00 B2 60 D0 00 06 04 00 00 00 00 00 
[2019-11-08 11:03:30]>>>>>>>>>>>>S:  AA 77 00 B3 61 D0 00 06 04 00 00 00 00 00 
[2019-11-08 11:03:33]AHT:86
[2019-11-08 11:03:33]>>>>>>>>>>>>S:  AA 77 00 B1 63 D0 00 06 04 00 00 00 00 00 
[2019-11-08 11:03:33]MHT:86
[2019-11-08 11:03:37]>>>>>>>>>>>>S:  AA 77 00 B6 64 D0 00 06 04 00 00 00 00 00 
[2019-11-08 11:03:40]>>>>>>>>>>>>S:  AA 77 00 B7 65 D0 00 06 04 00 00 00 00 00 
[2019-11-08 11:03:43]AHT:87
[2019-11-08 11:03:43]MHT:87
[2019-11-08 11:03:44]>>>>>>>>>>>>S:  AA 77 00 B5 67 D0 00 06 04 00 00 00 00 00 
[2019-11-08 11:03:47]>>>>>>>>>>>>S:  AA 77 00 BA 68 D0 00 06 04 00 00 00 00 00 
[2019-11-08 11:03:51]>>>>>>>>>>>>S:  AA 77 00 BB 69 D0 00 06 04 00 00 00 00 00 
[2019-11-08 11:03:53]AHT:88
[2019-11-08 11:03:53]MHT:88
[2019-11-08 11:03:54]>>>>>>>>>>>>S:  AA 77 00 B9 6B D0 00 06 04 00 00 00 00 00 
[2019-11-08 11:03:58]>>>>>>>>>>>>S:  AA 77 00 BE 6C D0 00 06 04 00 00 00 00 00 
[2019-11-08 11:04:01]>>>>>>>>>>>>S:  AA 77 00 BF 6D D0 00 06 04 00 00 00 00 00 
[2019-11-08 11:04:03]AHT:89
[2019-11-08 11:04:03]MHT:89
[2019-11-08 11:04:05]>>>>>>>>>>>>S:  AA 77 00 BD 6F D0 00 06 04 00 00 00 00 00 
[2019-11-08 11:04:08]>>>>>>>>>>>>S:  AA 77 00 A2 70 D0 00 06 04 00 00 00 00 00 
[2019-11-08 11:04:12]>>>>>>>>>>>>S:  AA 77 00 A3 71 D0 00 06 04 00 00 00 00 00 
[2019-11-08 11:04:13]AHT:90
[2019-11-08 11:04:13]MHT:90
[2019-11-08 11:04:15]>>>>>>>>>>>>S:  AA 77 00 A1 73 D0 00 06 04 00 00 00 00 00 
[2019-11-08 11:04:19]>>>>>>>>>>>>S:  AA 77 00 A6 74 D0 00 06 04 00 00 00 00 00 
[2019-11-08 11:04:19]>>>>>>>>>>>>S:  AA 77 00 A4 75 D1 01 02 02 01 
[2019-11-08 11:04:22]>>>>>>>>>>>>S:  AA 77 00 A4 76 D0 00 06 04 00 00 00 00 00 
[2019-11-08 11:04:23]AHT:91
[2019-11-08 11:04:23]MHT:91
[2019-11-08 11:04:26]>>>>>>>>>>>>S:  AA 77 00 AA 78 D0 00 06 04 00 00 00 00 00 
[2019-11-08 11:04:29]>>>>>>>>>>>>S:  AA 77 00 AB 79 D0 00 06 04 00 00 00 00 00 
[2019-11-08 11:04:33]>>>>>>>>>>>>S:  AA 77 00 A8 7A D0 00 06 04 00 00 00 00 00 
[2019-11-08 11:04:33]AHT:92
[2019-11-08 11:04:33]MHT:92
[2019-11-08 11:04:36]>>>>>>>>>>>>S:  AA 77 00 AE 7C D0 00 06 04 00 00 00 00 00 
[2019-11-08 11:04:40]>>>>>>>>>>>>S:  AA 77 00 AF 7D D0 00 06 04 00 00 00 00 00 
[2019-11-08 11:04:43]>>>>>>>>>>>>S:  AA 77 00 AC 7E D0 00 06 04 00 00 00 00 00 
[2019-11-08 11:04:43]AHT:93
[2019-11-08 11:04:43]MHT:93
[2019-11-08 11:04:46]>>>>>>>>>>>>S:  AA 77 00 52 80 D0 00 06 04 00 00 00 00 00 
[2019-11-08 11:04:50]>>>>>>>>>>>>S:  AA 77 00 53 81 D0 00 06 04 00 00 00 00 00 
[2019-11-08 11:04:53]AHT:94
[2019-11-08 11:04:53]MHT:94
[2019-11-08 11:04:53]>>>>>>>>>>>>S:  AA 77 00 51 83 D0 00 06 04 00 00 00 00 00 
[2019-11-08 11:04:57]>>>>>>>>>>>>S:  AA 77 00 56 84 D0 00 06 04 00 00 00 00 00 
[2019-11-08 11:05:00]>>>>>>>>>>>>S:  AA 77 00 57 85 D0 00 06 04 00 00 00 00 00 
[2019-11-08 11:05:03]AHT:95
[2019-11-08 11:05:03]MHT:95
[2019-11-08 11:05:04]>>>>>>>>>>>>S:  AA 77 00 55 87 D0 00 06 04 00 00 00 00 00 
[2019-11-08 11:05:07]>>>>>>>>>>>>S:  AA 77 00 5A 88 D0 00 06 04 00 00 00 00 00 
[2019-11-08 11:05:11]>>>>>>>>>>>>S:  AA 77 00 5B 89 D0 00 06 04 00 00 00 00 00 
[2019-11-08 11:05:13]AHT:96
[2019-11-08 11:05:13]MHT:96
[2019-11-08 11:05:14]>>>>>>>>>>>>S:  AA 77 00 59 8B D0 00 06 04 00 00 00 00 00 
[2019-11-08 11:05:18]>>>>>>>>>>>>S:  AA 77 00 5E 8C D0 00 06 04 00 00 00 00 00 
[2019-11-08 11:05:21]>>>>>>>>>>>>S:  AA 77 00 5F 8D D0 00 06 04 00 00 00 00 00 
[2019-11-08 11:05:23]AHT:97
[2019-11-08 11:05:23]MHT:97
[2019-11-08 11:05:25]>>>>>>>>>>>>S:  AA 77 00 5D 8F D0 00 06 04 00 00 00 00 00 
[2019-11-08 11:05:28]>>>>>>>>>>>>S:  AA 77 00 41 90 D1 01 02 02 01 
[2019-11-08 11:05:28]>>>>>>>>>>>>S:  AA 77 00 43 91 D0 00 06 04 00 00 00 00 00 
[2019-11-08 11:05:32]>>>>>>>>>>>>S:  AA 77 00 40 92 D0 00 06 04 00 00 00 00 00 
[2019-11-08 11:05:33]AHT:98
[2019-11-08 11:05:33]MHT:98
[2019-11-08 11:05:36]>>>>>>>>>>>>S:  AA 77 00 46 94 D0 00 06 04 00 00 00 00 00 
[2019-11-08 11:05:39]>>>>>>>>>>>>S:  AA 77 00 47 95 D0 00 06 04 00 00 00 00 00 
[2019-11-08 11:05:43]>>>>>>>>>>>>S:  AA 77 00 44 96 D0 00 06 04 00 00 00 00 00 
[2019-11-08 11:05:43]AHT:99
[2019-11-08 11:05:43]MHT:99
[2019-11-08 11:05:46]>>>>>>>>>>>>S:  AA 77 00 4A 98 D0 00 06 04 00 00 00 00 00 
[2019-11-08 11:05:50]>>>>>>>>>>>>S:  AA 77 00 4B 99 D0 00 06 04 00 00 00 00 00 
[2019-11-08 11:05:53]>>>>>>>>>>>>S:  AA 77 00 48 9A D0 00 06 04 00 00 00 00 00 
[2019-11-08 11:05:53]AHT:100
[2019-11-08 11:05:53]MHT:100
[2019-11-08 11:05:57]>>>>>>>>>>>>S:  AA 77 00 4E 9C D0 00 06 04 00 00 00 00 00 
[2019-11-08 11:06:00]>>>>>>>>>>>>S:  AA 77 00 4F 9D D0 00 06 04 00 00 00 00 00 
[2019-11-08 11:06:03]AHT:101
[2019-11-08 11:06:03]MHT:101
[2019-11-08 11:06:04]>>>>>>>>>>>>S:  AA 77 00 4D 9F D0 00 06 04 00 00 00 00 00 
[2019-11-08 11:06:07]>>>>>>>>>>>>S:  AA 77 00 72 A0 D0 00 06 04 00 00 00 00 00 
[2019-11-08 11:06:11]>>>>>>>>>>>>S:  AA 77 00 73 A1 D0 00 06 04 00 00 00 00 00 
[2019-11-08 11:06:13]AHT:102
[2019-11-08 11:06:13]MHT:102
[2019-11-08 11:06:14]>>>>>>>>>>>>S:  AA 77 00 71 A3 D0 00 06 04 00 00 00 00 00 
[2019-11-08 11:06:18]>>>>>>>>>>>>S:  AA 77 00 76 A4 D0 00 06 04 00 00 00 00 00 
[2019-11-08 11:06:21]>>>>>>>>>>>>S:  AA 77 00 77 A5 D0 00 06 04 00 00 00 00 00 
[2019-11-08 11:06:23]AHT:103
[2019-11-08 11:06:23]MHT:103
[2019-11-08 11:06:25]>>>>>>>>>>>>S:  AA 77 00 75 A7 D0 00 06 04 00 00 00 00 00 
[2019-11-08 11:06:28]>>>>>>>>>>>>S:  AA 77 00 7A A8 D0 00 06 04 00 00 00 00 00 
[2019-11-08 11:06:32]>>>>>>>>>>>>S:  AA 77 00 7B A9 D0 00 06 04 00 00 00 00 00 
[2019-11-08 11:06:33]AHT:104
[2019-11-08 11:06:33]MHT:104
[2019-11-08 11:06:35]>>>>>>>>>>>>S:  AA 77 00 79 AB D0 00 06 04 00 00 00 00 00 
[2019-11-08 11:06:39]>>>>>>>>>>>>S:  AA 77 00 7E AC D0 00 06 04 00 00 00 00 00 
[2019-11-08 11:06:42]>>>>>>>>>>>>S:  AA 77 00 7F AD D0 00 06 04 00 00 00 00 00 
[2019-11-08 11:06:43]AHT:105
[2019-11-08 11:06:43]MHT:105
[2019-11-08 11:06:46]>>>>>>>>>>>>S:  AA 77 00 7D AF D0 00 06 04 00 00 00 00 00 
[2019-11-08 11:06:49]>>>>>>>>>>>>S:  AA 77 00 62 B0 D0 00 06 04 00 00 00 00 00 
[2019-11-08 11:06:53]>>>>>>>>>>>>S:  AA 77 00 63 B1 D0 00 06 04 00 00 00 00 00 
[2019-11-08 11:06:53]AHT:106
[2019-11-08 11:06:53]MHT:106
[2019-11-08 11:06:56]>>>>>>>>>>>>S:  AA 77 00 61 B3 D0 00 06 04 00 00 00 00 00 
[2019-11-08 11:07:00]>>>>>>>>>>>>S:  AA 77 00 66 B4 D0 00 06 04 00 00 00 00 00 
[2019-11-08 11:07:03]>>>>>>>>>>>>S:  AA 77 00 67 B5 D0 00 06 04 00 00 00 00 00 
[2019-11-08 11:07:03]AHT:107
[2019-11-08 11:07:03]MHT:107
[2019-11-08 11:07:07]>>>>>>>>>>>>S:  AA 77 00 65 B7 D0 00 06 04 00 00 00 00 00 
[2019-11-08 11:07:10]>>>>>>>>>>>>S:  AA 77 00 6A B8 D0 00 06 04 00 00 00 00 00 
[2019-11-08 11:07:13]AHT:108
[2019-11-08 11:07:13]MHT:108
[2019-11-08 11:07:14]>>>>>>>>>>>>S:  AA 77 00 68 BA D0 00 06 04 00 00 00 00 00 
[2019-11-08 11:07:17]>>>>>>>>>>>>S:  AA 77 00 69 BB D0 00 06 04 00 00 00 00 00 
