[1980-01-06 08:00:09]               /\  /\                
[1980-01-06 08:00:09]***************  \/  *****************
[1980-01-06 08:00:09]                                      
[1980-01-06 08:00:09] mcu-service start!!!!                
[1980-01-06 08:00:09] build: Oct 31 2019 14:30:38 
[1980-01-06 08:00:09] build: 06 12 2019 09:13:18           
[1980-01-06 08:00:09]                                      
[1980-01-06 08:00:09]**************************************
[1980-01-06 08:00:09]class McuServiceStubImpl construction
[1980-01-06 08:00:10]McuService registerService Done
[1980-01-06 08:00:10]new VDDataModel()
[1980-01-06 08:00:10]initVehicleData done
[1980-01-06 08:00:10]initPowerData done
[1980-01-06 08:00:10]initAccIgnData done
[1980-01-06 08:00:10]initHandShake done
[1980-01-06 08:00:10]initArmRebootReasonData done
[1980-01-06 08:00:10]iniModeData done
[1980-01-06 08:00:10]iniMfgData done
[1980-01-06 08:00:10]registerPowerDataChangeCb Done
[1980-01-06 08:00:10]registerAccIgnChangeCb Done
[1980-01-06 08:00:10]registerPhoneCallChangeCb Done
[1980-01-06 08:00:10]registerHandShakeChangeCb Done
[1980-01-06 08:00:10]registerModeChangeCb Done
[1980-01-06 08:00:10]class mcuUpgradeServiceStubImpl construction
[1980-01-06 08:00:10]McuUpgradeDataService registerService Done
[1980-01-06 08:00:10]new MCUpdateDataModel()
[1980-01-06 08:00:10]uart:/dev/ttyHSL0,baud:115200
[1980-01-06 08:00:10]autolinkMcuServiceInit -> start
[1980-01-06 08:00:10]wait uart
[1980-01-06 08:00:10]autolinkMcuQemuThread start
[1980-01-06 08:00:10]autolinkMcuServiceThread -> start
[1980-01-06 08:00:10]autolinkMcuParseDataThread -> start
[1980-01-06 08:00:10]mcu service use select
[1980-01-06 08:00:10]mcu service thread running
[1980-01-06 08:00:10]autolinkAckCheckThread -> start
[1980-01-06 08:00:10]autolinkMcuServiceInit -> end
[1980-01-06 08:00:10]new VDDataModelCtrl()
[1980-01-06 08:00:10]VDDataModelCtrl is constructed
[1980-01-06 08:00:13]>>>>>>>>>>>>S:  AA 77 00 23 00 A0 00 02 80 01 
[1980-01-06 08:00:13]try handshake 1 times
[1980-01-06 08:00:13]handshake successful
[1980-01-06 08:00:13]MHT:108
[1980-01-06 08:00:13]ACC OFF
[1980-01-06 08:00:13]MCU MODE_UNKNOWN
[1980-01-06 08:00:13]MCU Version: mcu_L_DFSK_F516-19_1.0.1_191031
[1980-01-06 08:00:13]CAN Version: can_v2.0L_516-19
[1980-01-06 08:00:13]PowerData: 00 20 02 00 00 
[1980-01-06 08:00:13]pdid: DFSK0001000200261910160001000010
[1980-01-06 08:00:13]vin:12345T0703T000110
[1980-01-06 08:00:13]>>>>>>>>>>>>S:  AA 77 00 EF 01 D0 01 15 2E 38 39 38 36 30 39 31 38 37 30 30 30 30 39 32 32 31 30 32 36 
[1980-01-06 08:00:13]>>>>>>>>>>>>S:  AA 77 00 DC 02 D0 01 10 2F 34 36 30 30 39 36 30 39 30 37 32 32 31 30 32 
[1980-01-06 08:00:13]>>>>>>>>>>>>S:  AA 77 00 CA 03 D0 01 10 33 38 36 32 30 31 35 30 33 37 35 31 31 37 32 37 
[1980-01-06 08:00:13]Mcu init data end
[1980-01-06 08:00:13]>>>>>>>>>>>>S:  AA 77 00 D6 04 D0 00 06 04 00 00 00 00 00 
[1980-01-06 08:00:16]>>>>>>>>>>>>S:  AA 77 00 D7 05 D0 00 06 04 00 00 00 00 00 
[1980-01-06 08:00:19]AHT:0
[1980-01-06 08:00:19]MHT:0
[1980-01-06 08:00:20]>>>>>>>>>>>>S:  AA 77 00 D5 07 D0 00 06 04 00 00 00 00 00 
[1980-01-06 08:00:21]>>>>>>>>>>>>S:  AA 77 00 C7 08 D0 00 03 1C 00 00 
[1980-01-06 08:00:21]>>>>>>>>>>>>S:  AA 77 00 D8 09 D1 01 02 03 00 
[1980-01-06 08:00:22]>>>>>>>>>>>>S:  AA 77 00 D9 0A D0 00 06 04 01 00 00 00 00 
[1980-01-06 08:00:26]>>>>>>>>>>>>S:  AA 77 00 D8 0B D0 00 06 04 01 00 00 00 00 
[1980-01-06 08:00:29]AHT:1
[1980-01-06 08:00:29]MHT:1
[1980-01-06 08:00:30]>>>>>>>>>>>>S:  AA 77 00 DE 0D D0 00 06 04 01 00 00 00 00 
[2019-11-08 11:08:03]>>>>>>>>>>>>S:  AA 77 00 DC 0E D1 01 02 01 01 
[2019-11-08 11:08:03]>>>>>>>>>>>>S:  AA 77 00 CD 0F A0 00 08 8D 07 E3 0B 08 0B 08 03 
[2019-11-08 11:08:05]>>>>>>>>>>>>S:  AA 77 00 C3 10 D0 00 06 04 01 00 00 00 00 
[2019-11-08 08:11:49]>>>>>>>>>>>>S:  AA 77 00 C3 11 D1 01 02 01 01 
[2019-11-08 08:11:31]>>>>>>>>>>>>S:  AA 77 00 C0 12 D1 01 02 01 01 
[2019-11-08 08:11:31]>>>>>>>>>>>>S:  AA 77 00 CD 13 A0 00 08 8D 07 E3 0B 08 08 0B 1F 
[2019-11-08 08:11:33]>>>>>>>>>>>>S:  AA 77 00 C7 14 D0 00 06 04 01 00 00 00 00 
[2019-11-08 08:11:34]AHT:2
[2019-11-08 08:11:34]MHT:2
[2019-11-08 08:11:36]>>>>>>>>>>>>S:  AA 77 00 C5 16 D0 00 06 04 01 00 00 00 00 
[2019-11-08 08:11:40]>>>>>>>>>>>>S:  AA 77 00 C4 17 D0 00 06 04 01 00 00 00 00 
[2019-11-08 08:11:43]>>>>>>>>>>>>S:  AA 77 00 CB 18 D0 00 06 04 01 00 00 00 00 
[2019-11-08 08:11:43]>>>>>>>>>>>>S:  AA 77 00 CB 19 D0 00 06 04 00 00 00 00 00 
[2019-11-08 08:11:44]AHT:3
[2019-11-08 08:11:44]MHT:3
[2019-11-08 08:11:47]>>>>>>>>>>>>S:  AA 77 00 C9 1B D0 00 06 04 00 00 00 00 00 
[2019-11-08 08:11:50]>>>>>>>>>>>>S:  AA 77 00 CE 1C D0 00 06 04 00 00 00 00 00 
[2019-11-08 08:11:54]>>>>>>>>>>>>S:  AA 77 00 CF 1D D0 00 06 04 00 00 00 00 00 
[2019-11-08 08:11:54]AHT:4
[2019-11-08 08:11:54]MHT:4
[2019-11-08 08:11:57]>>>>>>>>>>>>S:  AA 77 00 CD 1F D0 00 06 04 00 00 00 00 00 
[2019-11-08 08:12:01]>>>>>>>>>>>>S:  AA 77 00 F2 20 D0 00 06 04 00 00 00 00 00 
[2019-11-08 08:12:04]AHT:5
[2019-11-08 08:12:04]MHT:5
[2019-11-08 08:12:05]>>>>>>>>>>>>S:  AA 77 00 F0 22 D0 00 06 04 00 00 00 00 00 
[2019-11-08 08:12:08]>>>>>>>>>>>>S:  AA 77 00 F1 23 D0 00 06 04 00 00 00 00 00 
[2019-11-08 08:12:12]>>>>>>>>>>>>S:  AA 77 00 F6 24 D0 00 06 04 00 00 00 00 00 
[2019-11-08 08:12:14]AHT:6
[2019-11-08 08:12:15]>>>>>>>>>>>>S:  AA 77 00 F4 26 D0 00 06 04 00 00 00 00 00 
[2019-11-08 08:12:16]MHT:6
[2019-11-08 08:12:19]>>>>>>>>>>>>S:  AA 77 00 F5 27 D0 00 06 04 00 00 00 00 00 
[2019-11-08 08:12:22]>>>>>>>>>>>>S:  AA 77 00 FA 28 D0 00 06 04 00 00 00 00 00 
[2019-11-08 08:12:24]AHT:7
[2019-11-08 08:12:24]MHT:7
[2019-11-08 08:12:26]>>>>>>>>>>>>S:  AA 77 00 F8 2A D0 00 06 04 00 00 00 00 00 
[2019-11-08 08:12:29]>>>>>>>>>>>>S:  AA 77 00 F9 2B D0 00 06 04 00 00 00 00 00 
[2019-11-08 08:12:33]>>>>>>>>>>>>S:  AA 77 00 FE 2C D0 00 06 04 00 00 00 00 00 
[2019-11-08 08:12:34]AHT:8
[2019-11-08 08:12:34]MHT:8
[2019-11-08 08:12:36]>>>>>>>>>>>>S:  AA 77 00 FC 2E D0 00 06 04 00 00 00 00 00 
[2019-11-08 08:12:40]>>>>>>>>>>>>S:  AA 77 00 FD 2F D0 00 06 04 00 00 00 00 00 
[2019-11-08 08:12:43]>>>>>>>>>>>>S:  AA 77 00 E2 30 D0 00 06 04 00 00 00 00 00 
[2019-11-08 08:12:44]AHT:9
[2019-11-08 08:12:44]MHT:9
[2019-11-08 08:12:46]>>>>>>>>>>>>S:  AA 77 00 E0 32 D0 00 06 04 00 00 00 00 00 
[2019-11-08 08:12:49]>>>>>>>>>>>>S:  AA 77 00 E2 33 D1 01 02 02 01 
[2019-11-08 08:12:50]>>>>>>>>>>>>S:  AA 77 00 E6 34 D0 00 06 04 00 00 00 00 00 
[2019-11-08 08:12:54]>>>>>>>>>>>>S:  AA 77 00 E7 35 D0 00 06 04 00 00 00 00 00 
[2019-11-08 08:12:54]AHT:10
[2019-11-08 08:12:54]MHT:10
[2019-11-08 08:12:57]>>>>>>>>>>>>S:  AA 77 00 E5 37 D0 00 06 04 00 00 00 00 00 
[2019-11-08 08:13:01]>>>>>>>>>>>>S:  AA 77 00 EA 38 D0 00 06 04 00 00 00 00 00 
[2019-11-08 08:13:04]>>>>>>>>>>>>S:  AA 77 00 EB 39 D0 00 06 04 00 00 00 00 00 
[2019-11-08 08:13:04]AHT:11
[2019-11-08 08:13:04]MHT:11
[2019-11-08 08:13:08]>>>>>>>>>>>>S:  AA 77 00 E9 3B D0 00 06 04 00 00 00 00 00 
[2019-11-08 08:13:11]>>>>>>>>>>>>S:  AA 77 00 EE 3C D0 00 06 04 00 00 00 00 00 
[2019-11-08 08:13:14]AHT:12
[2019-11-08 08:13:14]>>>>>>>>>>>>S:  AA 77 00 EC 3E D0 00 06 04 00 00 00 00 00 
[2019-11-08 08:13:14]MHT:12
[2019-11-08 08:13:18]>>>>>>>>>>>>S:  AA 77 00 ED 3F D0 00 06 04 00 00 00 00 00 
[2019-11-08 08:13:21]>>>>>>>>>>>>S:  AA 77 00 92 40 D0 00 06 04 00 00 00 00 00 
[2019-11-08 08:13:24]AHT:13
[2019-11-08 08:13:25]MHT:13
[2019-11-08 08:13:25]>>>>>>>>>>>>S:  AA 77 00 90 42 D0 00 06 04 00 00 00 00 00 
[2019-11-08 08:13:28]>>>>>>>>>>>>S:  AA 77 00 91 43 D0 00 06 04 00 00 00 00 00 
[2019-11-08 08:13:32]>>>>>>>>>>>>S:  AA 77 00 96 44 D0 00 06 04 00 00 00 00 00 
[2019-11-08 08:13:34]AHT:14
[2019-11-08 08:13:35]MHT:14
[2019-11-08 08:13:35]>>>>>>>>>>>>S:  AA 77 00 94 46 D0 00 06 04 00 00 00 00 00 
[2019-11-08 08:13:39]>>>>>>>>>>>>S:  AA 77 00 95 47 D0 00 06 04 00 00 00 00 00 
[2019-11-08 08:13:42]>>>>>>>>>>>>S:  AA 77 00 9A 48 D0 00 06 04 00 00 00 00 00 
[2019-11-08 08:13:44]AHT:15
[2019-11-08 08:13:45]MHT:15
[2019-11-08 08:13:46]>>>>>>>>>>>>S:  AA 77 00 98 4A D0 00 06 04 00 00 00 00 00 
[2019-11-08 08:13:49]>>>>>>>>>>>>S:  AA 77 00 99 4B D0 00 06 04 00 00 00 00 00 
[2019-11-08 08:13:53]>>>>>>>>>>>>S:  AA 77 00 9E 4C D0 00 06 04 00 00 00 00 00 
[2019-11-08 08:13:55]AHT:16
[2019-11-08 08:13:55]MHT:16
[2019-11-08 08:13:56]>>>>>>>>>>>>S:  AA 77 00 9C 4E D0 00 06 04 00 00 00 00 00 
[2019-11-08 08:14:00]>>>>>>>>>>>>S:  AA 77 00 9D 4F D0 00 06 04 00 00 00 00 00 
[2019-11-08 08:14:03]>>>>>>>>>>>>S:  AA 77 00 82 50 D0 00 06 04 00 00 00 00 00 
[2019-11-08 08:14:05]AHT:17
[2019-11-08 08:14:05]MHT:17
[2019-11-08 08:14:07]>>>>>>>>>>>>S:  AA 77 00 80 52 D0 00 06 04 00 00 00 00 00 
[2019-11-08 08:14:10]>>>>>>>>>>>>S:  AA 77 00 81 53 D0 00 06 04 00 00 00 00 00 
[2019-11-08 08:14:14]>>>>>>>>>>>>S:  AA 77 00 86 54 D0 00 06 04 00 00 00 00 00 
[2019-11-08 08:14:15]AHT:18
[2019-11-08 08:14:15]MHT:18
[2019-11-08 08:14:17]>>>>>>>>>>>>S:  AA 77 00 84 56 D0 00 06 04 00 00 00 00 00 
[2019-11-08 08:14:21]>>>>>>>>>>>>S:  AA 77 00 85 57 D0 00 06 04 00 00 00 00 00 
[2019-11-08 08:14:24]>>>>>>>>>>>>S:  AA 77 00 8A 58 D0 00 06 04 00 00 00 00 00 
[2019-11-08 08:14:25]AHT:19
[2019-11-08 08:14:25]MHT:19
[2019-11-08 08:14:28]>>>>>>>>>>>>S:  AA 77 00 88 5A D0 00 06 04 00 00 00 00 00 
[2019-11-08 08:14:31]>>>>>>>>>>>>S:  AA 77 00 89 5B D0 00 06 04 00 00 00 00 00 
[2019-11-08 08:14:35]AHT:20
[2019-11-08 08:14:35]MHT:20
[2019-11-08 08:14:35]>>>>>>>>>>>>S:  AA 77 00 8F 5D D0 00 06 04 00 00 00 00 00 
[2019-11-08 08:14:38]>>>>>>>>>>>>S:  AA 77 00 8C 5E D0 00 06 04 00 00 00 00 00 
[2019-11-08 08:14:42]>>>>>>>>>>>>S:  AA 77 00 8D 5F D0 00 06 04 00 00 00 00 00 
[2019-11-08 08:14:45]AHT:21
[2019-11-08 08:14:45]MHT:21
[2019-11-08 08:14:45]>>>>>>>>>>>>S:  AA 77 00 B3 61 D0 00 06 04 00 00 00 00 00 
[2019-11-08 08:14:49]>>>>>>>>>>>>S:  AA 77 00 B0 62 D0 00 06 04 00 00 00 00 00 
[2019-11-08 08:14:52]>>>>>>>>>>>>S:  AA 77 00 B1 63 D0 00 06 04 00 00 00 00 00 
[2019-11-08 08:14:55]AHT:22
[2019-11-08 08:14:55]MHT:22
[2019-11-08 08:14:56]>>>>>>>>>>>>S:  AA 77 00 B7 65 D0 00 06 04 00 00 00 00 00 
[2019-11-08 08:14:59]>>>>>>>>>>>>S:  AA 77 00 B4 66 D0 00 06 04 00 00 00 00 00 
[2019-11-08 08:15:03]>>>>>>>>>>>>S:  AA 77 00 B5 67 D0 00 06 04 00 00 00 00 00 
[2019-11-08 08:15:05]AHT:23
[2019-11-08 08:15:05]MHT:23
[2019-11-08 08:15:06]>>>>>>>>>>>>S:  AA 77 00 BB 69 D0 00 06 04 00 00 00 00 00 
[2019-11-08 08:15:10]>>>>>>>>>>>>S:  AA 77 00 B8 6A D0 00 06 04 00 00 00 00 00 
[2019-11-08 08:15:13]>>>>>>>>>>>>S:  AA 77 00 B9 6B D0 00 06 04 00 00 00 00 00 
[2019-11-08 08:15:15]AHT:24
[2019-11-08 08:15:15]MHT:24
[2019-11-08 08:15:17]>>>>>>>>>>>>S:  AA 77 00 BF 6D D0 00 06 04 00 00 00 00 00 
[2019-11-08 08:15:34]>>>>>>>>>>>>S:  AA 77 00 BC 6E D1 01 02 01 01 
[2019-11-08 08:15:17]>>>>>>>>>>>>S:  AA 77 00 BD 6F D1 01 02 01 01 
[2019-11-08 08:15:17]>>>>>>>>>>>>S:  AA 77 00 A4 70 A0 00 08 8D 07 E3 0B 08 08 0F 11 
[2019-11-08 08:15:18]>>>>>>>>>>>>S:  AA 77 00 A3 71 D0 00 06 04 00 00 00 00 00 
[2019-11-08 08:15:22]>>>>>>>>>>>>S:  AA 77 00 A0 72 D0 00 06 04 00 00 00 00 00 
[2019-11-08 08:15:22]AHT:25
[2019-11-08 08:15:22]MHT:25
[2019-11-08 08:15:25]>>>>>>>>>>>>S:  AA 77 00 A6 74 D0 00 06 04 00 00 00 00 00 
[2019-11-08 08:15:29]>>>>>>>>>>>>S:  AA 77 00 A7 75 D0 00 06 04 00 00 00 00 00 
[2019-11-08 08:15:32]>>>>>>>>>>>>S:  AA 77 00 A4 76 D0 00 06 04 00 00 00 00 00 
[2019-11-08 08:15:32]AHT:26
[2019-11-08 08:15:32]MHT:26
[2019-11-08 08:15:36]>>>>>>>>>>>>S:  AA 77 00 AA 78 D0 00 06 04 00 00 00 00 00 
[2019-11-08 08:15:39]>>>>>>>>>>>>S:  AA 77 00 AB 79 D0 00 06 04 00 00 00 00 00 
[2019-11-08 08:15:42]AHT:27
[2019-11-08 08:15:42]MHT:27
[2019-11-08 08:15:43]>>>>>>>>>>>>S:  AA 77 00 A9 7B D0 00 06 04 00 00 00 00 00 
[2019-11-08 08:15:46]>>>>>>>>>>>>S:  AA 77 00 AE 7C D0 00 06 04 00 00 00 00 00 
[2019-11-08 08:15:50]>>>>>>>>>>>>S:  AA 77 00 AF 7D D0 00 06 04 00 00 00 00 00 
[2019-11-08 08:15:52]AHT:28
[2019-11-08 08:15:52]MHT:28
[2019-11-08 08:15:53]>>>>>>>>>>>>S:  AA 77 00 AD 7F D0 00 06 04 00 00 00 00 00 
[2019-11-08 08:15:57]>>>>>>>>>>>>S:  AA 77 00 52 80 D0 00 06 04 00 00 00 00 00 
[2019-11-08 08:16:00]>>>>>>>>>>>>S:  AA 77 00 53 81 D0 00 06 04 00 00 00 00 00 
[2019-11-08 08:16:02]AHT:29
[2019-11-08 08:16:02]MHT:29
[2019-11-08 08:16:04]>>>>>>>>>>>>S:  AA 77 00 51 83 D0 00 06 04 00 00 00 00 00 
[2019-11-08 08:16:07]>>>>>>>>>>>>S:  AA 77 00 56 84 D0 00 06 04 00 00 00 00 00 
[2019-11-08 08:16:11]>>>>>>>>>>>>S:  AA 77 00 57 85 D0 00 06 04 00 00 00 00 00 
[2019-11-08 08:16:12]AHT:30
[2019-11-08 08:16:12]MHT:30
[2019-11-08 08:16:14]>>>>>>>>>>>>S:  AA 77 00 55 87 D0 00 06 04 00 00 00 00 00 
[2019-11-08 08:16:18]>>>>>>>>>>>>S:  AA 77 00 5A 88 D0 00 06 04 00 00 00 00 00 
[2019-11-08 08:16:21]>>>>>>>>>>>>S:  AA 77 00 5B 89 D0 00 06 04 00 00 00 00 00 
[2019-11-08 08:16:22]AHT:31
[2019-11-08 08:16:22]MHT:31
[2019-11-08 08:16:25]>>>>>>>>>>>>S:  AA 77 00 59 8B D0 00 06 04 00 00 00 00 00 
[2019-11-08 08:16:28]>>>>>>>>>>>>S:  AA 77 00 5E 8C D0 00 06 04 00 00 00 00 00 
[2019-11-08 08:16:32]>>>>>>>>>>>>S:  AA 77 00 5F 8D D0 00 06 04 00 00 00 00 00 
[2019-11-08 08:16:32]AHT:32
[2019-11-08 08:16:32]MHT:32
[2019-11-08 08:16:35]>>>>>>>>>>>>S:  AA 77 00 5D 8F D0 00 06 04 00 00 00 00 00 
[2019-11-08 08:16:39]>>>>>>>>>>>>S:  AA 77 00 42 90 D0 00 06 04 00 00 00 00 00 
[2019-11-08 08:16:42]>>>>>>>>>>>>S:  AA 77 00 43 91 D0 00 06 04 00 00 00 00 00 
[2019-11-08 08:16:42]AHT:33
[2019-11-08 08:16:42]MHT:33
[2019-11-08 08:16:46]>>>>>>>>>>>>S:  AA 77 00 41 93 D0 00 06 04 00 00 00 00 00 
[2019-11-08 08:16:49]>>>>>>>>>>>>S:  AA 77 00 46 94 D0 00 06 04 00 00 00 00 00 
[2019-11-08 08:16:52]AHT:34
[2019-11-08 08:16:52]MHT:34
[2019-11-08 08:16:53]>>>>>>>>>>>>S:  AA 77 00 44 96 D0 00 06 04 00 00 00 00 00 
[2019-11-08 08:16:56]>>>>>>>>>>>>S:  AA 77 00 45 97 D0 00 06 04 00 00 00 00 00 
[2019-11-08 08:16:59]>>>>>>>>>>>>S:  AA 77 00 4A 98 D0 00 06 04 00 00 00 00 00 
[2019-11-08 08:17:02]AHT:35
[2019-11-08 08:17:03]MHT:35
[2019-11-08 08:17:03]>>>>>>>>>>>>S:  AA 77 00 48 9A D0 00 06 04 00 00 00 00 00 
[2019-11-08 08:17:07]>>>>>>>>>>>>S:  AA 77 00 49 9B D0 00 06 04 00 00 00 00 00 
[2019-11-08 08:17:10]>>>>>>>>>>>>S:  AA 77 00 4E 9C D0 00 06 04 00 00 00 00 00 
[2019-11-08 08:17:12]AHT:36
[2019-11-08 08:17:14]>>>>>>>>>>>>S:  AA 77 00 4C 9E D0 00 06 04 00 00 00 00 00 
[2019-11-08 08:17:17]>>>>>>>>>>>>S:  AA 77 00 4D 9F D0 00 06 04 00 00 00 00 00 
[2019-11-08 08:17:21]>>>>>>>>>>>>S:  AA 77 00 72 A0 D0 00 06 04 00 00 00 00 00 
[2019-11-08 08:17:22]AHT:37
[2019-11-08 08:17:25]>>>>>>>>>>>>S:  AA 77 00 70 A2 D0 00 06 04 00 00 00 00 00 
[2019-11-08 08:17:28]>>>>>>>>>>>>S:  AA 77 00 71 A3 D0 00 06 04 00 00 00 00 00 
[2019-11-08 08:17:31]>>>>>>>>>>>>S:  AA 77 00 76 A4 D0 00 06 04 00 00 00 00 00 
[2019-11-08 08:17:32]AHT:38
[2019-11-08 08:17:35]>>>>>>>>>>>>S:  AA 77 00 74 A6 D0 00 06 04 00 00 00 00 00 
[2019-11-08 08:17:38]>>>>>>>>>>>>S:  AA 77 00 75 A7 D0 00 06 04 00 00 00 00 00 
[2019-11-08 08:17:42]>>>>>>>>>>>>S:  AA 77 00 7A A8 D0 00 06 04 00 00 00 00 00 
[2019-11-08 08:17:43]AHT:39
[2019-11-08 08:17:45]>>>>>>>>>>>>S:  AA 77 00 78 AA D0 00 06 04 00 00 00 00 00 
