[1980-01-06 08:00:09]               /\  /\                
[1980-01-06 08:00:09]***************  \/  *****************
[1980-01-06 08:00:09]                                      
[1980-01-06 08:00:09] mcu-service start!!!!                
[1980-01-06 08:00:09] build: Oct 31 2019 14:30:38 
[1980-01-06 08:00:09] build: 06 12 2019 09:13:18           
[1980-01-06 08:00:09]                                      
[1980-01-06 08:00:09]**************************************
[1980-01-06 08:00:09]class McuServiceStubImpl construction
[1980-01-06 08:00:10]McuService registerService Done
[1980-01-06 08:00:10]new VDDataModel()
[1980-01-06 08:00:10]initVehicleData done
[1980-01-06 08:00:10]initPowerData done
[1980-01-06 08:00:10]initAccIgnData done
[1980-01-06 08:00:10]initHandShake done
[1980-01-06 08:00:10]initArmRebootReasonData done
[1980-01-06 08:00:10]iniModeData done
[1980-01-06 08:00:10]iniMfgData done
[1980-01-06 08:00:10]registerPowerDataChangeCb Done
[1980-01-06 08:00:10]registerAccIgnChangeCb Done
[1980-01-06 08:00:10]registerPhoneCallChangeCb Done
[1980-01-06 08:00:10]registerHandShakeChangeCb Done
[1980-01-06 08:00:10]registerModeChangeCb Done
[1980-01-06 08:00:10]class mcuUpgradeServiceStubImpl construction
[1980-01-06 08:00:10]McuUpgradeDataService registerService Done
[1980-01-06 08:00:10]new MCUpdateDataModel()
[1980-01-06 08:00:10]uart:/dev/ttyHSL0,baud:115200
[1980-01-06 08:00:10]autolinkMcuServiceInit -> start
[1980-01-06 08:00:10]wait uart
[1980-01-06 08:00:10]autolinkMcuQemuThread start
[1980-01-06 08:00:10]autolinkMcuServiceThread -> start
[1980-01-06 08:00:10]mcu service use select
[1980-01-06 08:00:10]mcu service thread running
[1980-01-06 08:00:10]autolinkMcuParseDataThread -> start
[1980-01-06 08:00:10]autolinkAckCheckThread -> start
[1980-01-06 08:00:10]autolinkMcuServiceInit -> end
[1980-01-06 08:00:10]new VDDataModelCtrl()
[1980-01-06 08:00:10]VDDataModelCtrl is constructed
[1980-01-06 08:00:13]>>>>>>>>>>>>S:  AA 77 00 23 00 A0 00 02 80 01 
[1980-01-06 08:00:13]try handshake 1 times
[1980-01-06 08:00:13]handshake successful
[1980-01-06 08:00:13]MHT:38
[1980-01-06 08:00:13]ACC ON
[1980-01-06 08:00:13]MCU MODE_UNKNOWN
[1980-01-06 08:00:13]MCU Version: mcu_L_DFSK_F516-19_1.0.1_191031
[1980-01-06 08:00:13]CAN Version: can_v2.0L_516-19
[1980-01-06 08:00:13]PowerData: 00 20 02 00 00 
[1980-01-06 08:00:13]pdid: DFSK0001000200261910160001000010
[1980-01-06 08:00:13]vin:12345T0703T000110
[1980-01-06 08:00:13]>>>>>>>>>>>>S:  AA 77 00 EF 01 D0 01 15 2E 38 39 38 36 30 39 31 38 37 30 30 30 30 39 32 32 31 30 32 36 
[1980-01-06 08:00:13]>>>>>>>>>>>>S:  AA 77 00 DC 02 D0 01 10 2F 34 36 30 30 39 36 30 39 30 37 32 32 31 30 32 
[1980-01-06 08:00:13]>>>>>>>>>>>>S:  AA 77 00 CA 03 D0 01 10 33 38 36 32 30 31 35 30 33 37 35 31 31 37 32 37 
[1980-01-06 08:00:13]Mcu init data end
[1980-01-06 08:00:13]>>>>>>>>>>>>S:  AA 77 00 D6 04 D0 00 06 04 00 00 00 00 00 
[1980-01-06 08:00:16]>>>>>>>>>>>>S:  AA 77 00 D7 05 D0 00 06 04 00 00 00 00 00 
[1980-01-06 08:00:19]AHT:0
[1980-01-06 08:00:19]MHT:0
[1980-01-06 08:00:20]>>>>>>>>>>>>S:  AA 77 00 D5 07 D0 00 06 04 00 00 00 00 00 
[1980-01-06 08:00:21]>>>>>>>>>>>>S:  AA 77 00 C7 08 D0 00 03 1C 00 00 
[1980-01-06 08:00:21]>>>>>>>>>>>>S:  AA 77 00 D8 09 D1 01 02 03 00 
[1980-01-06 08:00:22]>>>>>>>>>>>>S:  AA 77 00 D9 0A D0 00 06 04 01 00 00 00 00 
[1980-01-06 08:00:26]>>>>>>>>>>>>S:  AA 77 00 D8 0B D0 00 06 04 01 00 00 00 00 
[1980-01-06 08:00:29]AHT:1
[1980-01-06 08:00:29]MHT:1
[1980-01-06 08:00:30]>>>>>>>>>>>>S:  AA 77 00 DE 0D D0 00 06 04 01 00 00 00 00 
[2019-11-08 08:19:19]>>>>>>>>>>>>S:  AA 77 00 DC 0E D1 01 02 01 01 
[2019-11-08 08:19:02]>>>>>>>>>>>>S:  AA 77 00 DD 0F D1 01 02 01 01 
[2019-11-08 08:19:02]>>>>>>>>>>>>S:  AA 77 00 CB 10 A0 00 08 8D 07 E3 0B 08 08 13 02 
[2019-11-08 08:19:05]>>>>>>>>>>>>S:  AA 77 00 C2 11 D0 00 06 04 01 00 00 00 00 
[2019-11-08 08:19:08]>>>>>>>>>>>>S:  AA 77 00 C1 12 D0 00 06 04 01 00 00 00 00 
[2019-11-08 08:19:09]AHT:2
[2019-11-08 08:19:09]MHT:2
[2019-11-08 08:19:12]>>>>>>>>>>>>S:  AA 77 00 C7 14 D0 00 06 04 01 00 00 00 00 
[2019-11-08 08:19:15]>>>>>>>>>>>>S:  AA 77 00 C6 15 D0 00 06 04 01 00 00 00 00 
[2019-11-08 08:19:19]>>>>>>>>>>>>S:  AA 77 00 C5 16 D0 00 06 04 01 00 00 00 00 
[2019-11-08 08:19:19]>>>>>>>>>>>>S:  AA 77 00 C5 17 D0 00 06 04 00 00 00 00 00 
[2019-11-08 08:19:19]AHT:3
[2019-11-08 08:19:23]>>>>>>>>>>>>S:  AA 77 00 CB 19 D0 00 06 04 00 00 00 00 00 
[2019-11-08 08:19:26]>>>>>>>>>>>>S:  AA 77 00 C8 1A D0 00 06 04 00 00 00 00 00 
[2019-11-08 08:19:29]>>>>>>>>>>>>S:  AA 77 00 C9 1B D0 00 06 04 00 00 00 00 00 
[2019-11-08 08:19:29]AHT:4
[2019-11-08 08:19:33]>>>>>>>>>>>>S:  AA 77 00 CF 1D D0 00 06 04 00 00 00 00 00 
[2019-11-08 08:19:36]>>>>>>>>>>>>S:  AA 77 00 CC 1E D0 00 06 04 00 00 00 00 00 
[2019-11-08 08:19:39]AHT:5
[2019-11-08 08:19:40]>>>>>>>>>>>>S:  AA 77 00 F2 20 D0 00 06 04 00 00 00 00 00 
[2019-11-08 08:19:43]>>>>>>>>>>>>S:  AA 77 00 F3 21 D0 00 06 04 00 00 00 00 00 
[2019-11-08 08:19:47]>>>>>>>>>>>>S:  AA 77 00 F0 22 D0 00 06 04 00 00 00 00 00 
[2019-11-08 08:20:06]>>>>>>>>>>>>S:  AA 77 00 F1 23 D1 01 02 01 01 
[2019-11-08 08:19:49]>>>>>>>>>>>>S:  AA 77 00 F6 24 D1 01 02 01 01 
[2019-11-08 08:19:49]>>>>>>>>>>>>S:  AA 77 00 CD 25 A0 00 08 8D 07 E3 0B 08 08 13 31 
[2019-11-08 08:19:50]>>>>>>>>>>>>S:  AA 77 00 F4 26 D1 01 02 01 01 
[2019-11-08 08:19:50]AHT:6
[2019-11-08 08:19:51]>>>>>>>>>>>>S:  AA 77 00 FA 28 D1 01 02 01 01 
[2019-11-08 08:19:51]>>>>>>>>>>>>S:  AA 77 00 FB 29 D0 00 06 04 00 00 00 00 00 
[2019-11-08 08:19:52]>>>>>>>>>>>>S:  AA 77 00 F8 2A D1 01 02 01 01 
[2019-11-08 08:19:52]ACC ON
[2019-11-08 08:19:53]>>>>>>>>>>>>S:  AA 77 00 F9 2B D1 01 02 01 01 
[2019-11-08 08:19:54]>>>>>>>>>>>>S:  AA 77 00 FE 2C D1 01 02 01 01 
[2019-11-08 08:19:55]>>>>>>>>>>>>S:  AA 77 00 FF 2D D1 01 02 01 01 
[2019-11-08 08:19:55]>>>>>>>>>>>>S:  AA 77 00 FC 2E D0 00 06 04 00 00 00 00 00 
[2019-11-08 08:19:56]>>>>>>>>>>>>S:  AA 77 00 FD 2F D1 01 02 01 01 
[2019-11-08 08:19:57]>>>>>>>>>>>>S:  AA 77 00 E2 30 D1 01 02 01 01 
[2019-11-08 08:19:58]>>>>>>>>>>>>S:  AA 77 00 E3 31 D1 01 02 01 01 
[2019-11-08 08:19:58]>>>>>>>>>>>>S:  AA 77 00 E0 32 D0 00 06 04 00 00 00 00 00 
[2019-11-08 08:19:59]>>>>>>>>>>>>S:  AA 77 00 E1 33 D1 01 02 01 01 
[2019-11-08 08:20:00]>>>>>>>>>>>>S:  AA 77 00 E6 34 D1 01 02 01 01 
[2019-11-08 08:20:00]AHT:7
[2019-11-08 08:20:01]>>>>>>>>>>>>S:  AA 77 00 E4 36 D1 01 02 01 01 
[2019-11-08 08:20:02]>>>>>>>>>>>>S:  AA 77 00 E5 37 D0 00 06 04 00 00 00 00 00 
[2019-11-08 08:20:02]>>>>>>>>>>>>S:  AA 77 00 EA 38 D1 01 02 01 01 
[2019-11-08 08:20:03]>>>>>>>>>>>>S:  AA 77 00 EB 39 D1 01 02 01 01 
[2019-11-08 08:20:04]>>>>>>>>>>>>S:  AA 77 00 E8 3A D1 01 02 01 01 
[2019-11-08 08:20:05]>>>>>>>>>>>>S:  AA 77 00 E9 3B D1 01 02 01 01 
[2019-11-08 08:20:05]>>>>>>>>>>>>S:  AA 77 00 EE 3C D0 00 06 04 00 00 00 00 00 
[2019-11-08 08:20:06]>>>>>>>>>>>>S:  AA 77 00 EF 3D D1 01 02 01 01 
[2019-11-08 08:20:07]>>>>>>>>>>>>S:  AA 77 00 EC 3E D1 01 02 01 01 
[2019-11-08 08:20:08]>>>>>>>>>>>>S:  AA 77 00 ED 3F D1 01 02 01 01 
[2019-11-08 08:20:09]>>>>>>>>>>>>S:  AA 77 00 92 40 D0 00 06 04 00 00 00 00 00 
[2019-11-08 08:20:09]>>>>>>>>>>>>S:  AA 77 00 93 41 D1 01 02 01 01 
[2019-11-08 08:20:10]>>>>>>>>>>>>S:  AA 77 00 90 42 D1 01 02 01 01 
[2019-11-08 08:20:10]AHT:8
[2019-11-08 08:20:11]>>>>>>>>>>>>S:  AA 77 00 96 44 D1 01 02 01 01 
[2019-11-08 08:20:12]>>>>>>>>>>>>S:  AA 77 00 97 45 D1 01 02 01 01 
[2019-11-08 08:20:12]>>>>>>>>>>>>S:  AA 77 00 94 46 D0 00 06 04 00 00 00 00 00 
[2019-11-08 08:20:13]>>>>>>>>>>>>S:  AA 77 00 95 47 D1 01 02 01 01 
[2019-11-08 08:20:14]>>>>>>>>>>>>S:  AA 77 00 9A 48 D1 01 02 01 01 
[2019-11-08 08:20:15]>>>>>>>>>>>>S:  AA 77 00 9B 49 D1 01 02 01 01 
[2019-11-08 08:20:16]>>>>>>>>>>>>S:  AA 77 00 98 4A D0 00 06 04 00 00 00 00 00 
[2019-11-08 08:20:16]>>>>>>>>>>>>S:  AA 77 00 99 4B D1 01 02 01 01 
[2019-11-08 08:20:17]>>>>>>>>>>>>S:  AA 77 00 9E 4C D1 01 02 01 01 
[2019-11-08 08:20:18]>>>>>>>>>>>>S:  AA 77 00 9F 4D D1 01 02 01 01 
[2019-11-08 08:20:19]>>>>>>>>>>>>S:  AA 77 00 9C 4E D0 00 06 04 00 00 00 00 00 
[2019-11-08 08:20:19]>>>>>>>>>>>>S:  AA 77 00 9D 4F D1 01 02 01 01 
[2019-11-08 08:20:20]>>>>>>>>>>>>S:  AA 77 00 82 50 D1 01 02 01 01 
[2019-11-08 08:20:20]AHT:9
[2019-11-08 08:20:21]>>>>>>>>>>>>S:  AA 77 00 80 52 D1 01 02 01 01 
[2019-11-08 08:20:22]>>>>>>>>>>>>S:  AA 77 00 81 53 D1 01 02 01 01 
[2019-11-08 08:20:23]>>>>>>>>>>>>S:  AA 77 00 86 54 D0 00 06 04 00 00 00 00 00 
[2019-11-08 08:20:23]>>>>>>>>>>>>S:  AA 77 00 87 55 D1 01 02 01 01 
[2019-11-08 08:20:24]>>>>>>>>>>>>S:  AA 77 00 84 56 D1 01 02 01 01 
[2019-11-08 08:20:25]>>>>>>>>>>>>S:  AA 77 00 85 57 D1 01 02 01 01 
[2019-11-08 08:20:26]>>>>>>>>>>>>S:  AA 77 00 8A 58 D0 00 06 04 00 00 00 00 00 
[2019-11-08 08:20:26]>>>>>>>>>>>>S:  AA 77 00 8B 59 D1 01 02 01 01 
[2019-11-08 08:20:28]>>>>>>>>>>>>S:  AA 77 00 88 5A D1 01 02 01 01 
[2019-11-08 08:20:29]>>>>>>>>>>>>S:  AA 77 00 89 5B D1 01 02 01 01 
[2019-11-08 08:20:30]>>>>>>>>>>>>S:  AA 77 00 8E 5C D1 01 02 01 01 
[2019-11-08 08:20:30]>>>>>>>>>>>>S:  AA 77 00 8F 5D D0 00 06 04 00 00 00 00 00 
[2019-11-08 08:20:30]AHT:10
[2019-11-08 08:20:31]>>>>>>>>>>>>S:  AA 77 00 8D 5F D1 01 02 01 01 
[2019-11-08 08:20:32]>>>>>>>>>>>>S:  AA 77 00 B2 60 D1 01 02 01 01 
[2019-11-08 08:20:33]>>>>>>>>>>>>S:  AA 77 00 B3 61 D1 01 02 01 01 
[2019-11-08 08:20:33]>>>>>>>>>>>>S:  AA 77 00 B0 62 D0 00 06 04 00 00 00 00 00 
[2019-11-08 08:20:34]>>>>>>>>>>>>S:  AA 77 00 B1 63 D1 01 02 01 01 
[2019-11-08 08:20:35]>>>>>>>>>>>>S:  AA 77 00 B6 64 D1 01 02 01 01 
[2019-11-08 08:20:36]>>>>>>>>>>>>S:  AA 77 00 B7 65 D1 01 02 01 01 
[2019-11-08 08:20:37]>>>>>>>>>>>>S:  AA 77 00 B4 66 D0 00 06 04 00 00 00 00 00 
[2019-11-08 08:20:37]>>>>>>>>>>>>S:  AA 77 00 B5 67 D1 01 02 01 01 
[2019-11-08 08:20:38]>>>>>>>>>>>>S:  AA 77 00 BA 68 D1 01 02 01 01 
[2019-11-08 08:20:39]>>>>>>>>>>>>S:  AA 77 00 BB 69 D1 01 02 01 01 
[2019-11-08 08:20:40]>>>>>>>>>>>>S:  AA 77 00 B8 6A D1 01 02 01 01 
[2019-11-08 08:20:40]>>>>>>>>>>>>S:  AA 77 00 B9 6B D0 00 06 04 00 00 00 00 00 
[2019-11-08 08:20:40]AHT:11
[2019-11-08 08:20:41]>>>>>>>>>>>>S:  AA 77 00 BF 6D D1 01 02 01 01 
[2019-11-08 08:20:42]>>>>>>>>>>>>S:  AA 77 00 BC 6E D1 01 02 01 01 
[2019-11-08 08:20:43]>>>>>>>>>>>>S:  AA 77 00 BD 6F D1 01 02 01 01 
[2019-11-08 08:20:44]>>>>>>>>>>>>S:  AA 77 00 A2 70 D0 00 06 04 00 00 00 00 00 
[2019-11-08 08:20:44]>>>>>>>>>>>>S:  AA 77 00 A3 71 D1 01 02 01 01 
[2019-11-08 08:20:45]>>>>>>>>>>>>S:  AA 77 00 A0 72 D1 01 02 01 01 
[2019-11-08 08:20:46]-------------------------------------------
[2019-11-08 08:20:46]             mcu lost sync data 0: 00
[2019-11-08 08:20:46]-------------------------------------------
[2019-11-08 08:20:46]>>>>>>>>>>>>S:  AA 77 00 A1 73 D1 01 02 01 01 
[2019-11-08 08:20:47]>>>>>>>>>>>>S:  AA 77 00 A6 74 D1 01 02 01 01 
[2019-11-08 08:20:47]>>>>>>>>>>>>S:  AA 77 00 A7 75 D0 00 06 04 00 00 00 00 00 
[2019-11-08 08:20:48]>>>>>>>>>>>>S:  AA 77 00 A4 76 D1 01 02 01 01 
[2019-11-08 08:20:49]>>>>>>>>>>>>S:  AA 77 00 A5 77 D1 01 02 01 01 
[2019-11-08 08:20:50]>>>>>>>>>>>>S:  AA 77 00 AA 78 D1 01 02 01 01 
[2019-11-08 08:20:50]AHT:12
[2019-11-08 08:20:51]>>>>>>>>>>>>S:  AA 77 00 A8 7A D0 00 06 04 00 00 00 00 00 
[2019-11-08 08:20:51]>>>>>>>>>>>>S:  AA 77 00 A9 7B D1 01 02 01 01 
[2019-11-08 08:20:52]>>>>>>>>>>>>S:  AA 77 00 AE 7C D1 01 02 01 01 
[2019-11-08 08:20:53]>>>>>>>>>>>>S:  AA 77 00 AF 7D D1 01 02 01 01 
[2019-11-08 08:20:54]>>>>>>>>>>>>S:  AA 77 00 AC 7E D0 00 06 04 00 00 00 00 00 
[2019-11-08 08:20:54]>>>>>>>>>>>>S:  AA 77 00 AD 7F D1 01 02 01 01 
[2019-11-08 08:20:55]*****power model wakeup****,_wakeupflag = 0
[2019-11-08 08:20:55]>>>>>>>>>>>>S:  AA 77 00 52 80 D1 01 02 01 01 
[2019-11-08 08:20:56]>>>>>>>>>>>>S:  AA 77 00 53 81 D1 01 02 01 01 
[2019-11-08 08:20:57]>>>>>>>>>>>>S:  AA 77 00 50 82 D1 01 02 01 01 
[2019-11-08 08:20:59]-------------------------------------------
[2019-11-08 08:20:59]             mcu lost sync data 0: 00
[2019-11-08 08:20:59]-------------------------------------------
[2019-11-08 08:20:59]>>>>>>>>>>>>S:  AA 77 00 51 83 D1 01 02 01 01 
[2019-11-08 08:21:00]>>>>>>>>>>>>S:  AA 77 00 56 84 D1 01 02 01 01 
[2019-11-08 08:21:01]>>>>>>>>>>>>S:  AA 77 00 57 85 D1 01 02 01 01 
[2019-11-08 08:21:02]>>>>>>>>>>>>S:  AA 77 00 54 86 D1 01 02 01 01 
[2019-11-08 08:21:03]>>>>>>>>>>>>S:  AA 77 00 55 87 D1 01 02 01 01 
[2019-11-08 08:21:05]>>>>>>>>>>>>S:  AA 77 00 5A 88 D1 01 02 01 01 
[2019-11-08 08:21:06]>>>>>>>>>>>>S:  AA 77 00 5B 89 D1 01 02 01 01 
[2019-11-08 08:21:07]>>>>>>>>>>>>S:  AA 77 00 58 8A D1 01 02 01 01 
[2019-11-08 08:21:08]>>>>>>>>>>>>S:  AA 77 00 59 8B D1 01 02 01 01 
[2019-11-08 08:21:09]-------------------------------------------
[2019-11-08 08:21:09]             mcu lost sync data 0: 00
[2019-11-08 08:21:09]-------------------------------------------
[2019-11-08 08:21:10]>>>>>>>>>>>>S:  AA 77 00 5E 8C D1 01 02 01 01 
[2019-11-08 08:21:11]>>>>>>>>>>>>S:  AA 77 00 5F 8D D1 01 02 01 01 
[2019-11-08 08:21:12]>>>>>>>>>>>>S:  AA 77 00 5C 8E D1 01 02 01 01 
[2019-11-08 08:21:13]>>>>>>>>>>>>S:  AA 77 00 5D 8F D1 01 02 01 01 
[2019-11-08 08:21:14]>>>>>>>>>>>>S:  AA 77 00 42 90 D1 01 02 01 01 
[2019-11-08 08:21:15]>>>>>>>>>>>>S:  AA 77 00 43 91 D1 01 02 01 01 
[2019-11-08 08:21:16]>>>>>>>>>>>>S:  AA 77 00 40 92 D1 01 02 01 01 
[2019-11-08 08:21:17]>>>>>>>>>>>>S:  AA 77 00 41 93 D1 01 02 01 01 
[2019-11-08 08:21:18]>>>>>>>>>>>>S:  AA 77 00 46 94 D1 01 02 01 01 
[2019-11-08 08:21:19]-------------------------------------------
[2019-11-08 08:21:19]             mcu lost sync data 0: 00
[2019-11-08 08:21:19]-------------------------------------------
[2019-11-08 08:21:19]>>>>>>>>>>>>S:  AA 77 00 47 95 D1 01 02 01 01 
[2019-11-08 08:21:20]>>>>>>>>>>>>S:  AA 77 00 44 96 D1 01 02 01 01 
[2019-11-08 08:21:21]>>>>>>>>>>>>S:  AA 77 00 45 97 D1 01 02 01 01 
[2019-11-08 08:21:22]>>>>>>>>>>>>S:  AA 77 00 4A 98 D1 01 02 01 01 
[2019-11-08 08:21:23]>>>>>>>>>>>>S:  AA 77 00 4B 99 D1 01 02 01 01 
[2019-11-08 08:21:24]>>>>>>>>>>>>S:  AA 77 00 48 9A D1 01 02 01 01 
[2019-11-08 08:21:25]>>>>>>>>>>>>S:  AA 77 00 49 9B D1 01 02 01 01 
[2019-11-08 08:21:26]>>>>>>>>>>>>S:  AA 77 00 4E 9C D1 01 02 01 01 
[2019-11-08 08:21:27]>>>>>>>>>>>>S:  AA 77 00 4F 9D D1 01 02 01 01 
[2019-11-08 08:21:29]-------------------------------------------
[2019-11-08 08:21:29]             mcu lost sync data 0: 00
[2019-11-08 08:21:29]-------------------------------------------
[2019-11-08 08:21:30]>>>>>>>>>>>>S:  AA 77 00 4C 9E D1 01 02 01 01 
[2019-11-08 08:21:31]>>>>>>>>>>>>S:  AA 77 00 4D 9F D1 01 02 01 01 
[2019-11-08 08:21:32]>>>>>>>>>>>>S:  AA 77 00 72 A0 D1 01 02 01 01 
[2019-11-08 08:21:33]>>>>>>>>>>>>S:  AA 77 00 73 A1 D1 01 02 01 01 
[2019-11-08 08:21:34]>>>>>>>>>>>>S:  AA 77 00 70 A2 D1 01 02 01 01 
[2019-11-08 08:21:35]>>>>>>>>>>>>S:  AA 77 00 71 A3 D1 01 02 01 01 
[2019-11-08 08:21:36]>>>>>>>>>>>>S:  AA 77 00 76 A4 D1 01 02 01 01 
[2019-11-08 08:21:37]>>>>>>>>>>>>S:  AA 77 00 77 A5 D1 01 02 01 01 
[2019-11-08 08:21:38]>>>>>>>>>>>>S:  AA 77 00 74 A6 D1 01 02 01 01 
[2019-11-08 08:21:38]-------------------------------------------
[2019-11-08 08:21:38]             mcu lost sync data 0: 00
[2019-11-08 08:21:38]-------------------------------------------
[2019-11-08 08:21:39]>>>>>>>>>>>>S:  AA 77 00 75 A7 D1 01 02 01 01 
[2019-11-08 08:21:40]>>>>>>>>>>>>S:  AA 77 00 7A A8 D1 01 02 01 01 
[2019-11-08 08:21:41]>>>>>>>>>>>>S:  AA 77 00 7B A9 D1 01 02 01 01 
[2019-11-08 08:21:42]>>>>>>>>>>>>S:  AA 77 00 78 AA D1 01 02 01 01 
[2019-11-08 08:21:43]>>>>>>>>>>>>S:  AA 77 00 79 AB D1 01 02 01 01 
[2019-11-08 08:21:44]>>>>>>>>>>>>S:  AA 77 00 7E AC D1 01 02 01 01 
[2019-11-08 08:21:45]>>>>>>>>>>>>S:  AA 77 00 7F AD D1 01 02 01 01 
[2019-11-08 08:21:46]>>>>>>>>>>>>S:  AA 77 00 7C AE D1 01 02 01 01 
[2019-11-08 08:21:47]>>>>>>>>>>>>S:  AA 77 00 7D AF D1 01 02 01 01 
[2019-11-08 08:21:56]-------------------------------------------
[2019-11-08 08:21:56]             mcu lost sync data 0: 00
[2019-11-08 08:21:56]-------------------------------------------
[2019-11-08 08:21:57]>>>>>>>>>>>>S:  AA 77 00 62 B0 D1 01 02 01 01 
[2019-11-08 08:21:58]>>>>>>>>>>>>S:  AA 77 00 63 B1 D1 01 02 01 01 
[2019-11-08 08:21:59]>>>>>>>>>>>>S:  AA 77 00 60 B2 D1 01 02 01 01 
[2019-11-08 08:22:00]>>>>>>>>>>>>S:  AA 77 00 61 B3 D1 01 02 01 01 
[2019-11-08 08:22:01]>>>>>>>>>>>>S:  AA 77 00 66 B4 D1 01 02 01 01 
[2019-11-08 08:22:02]>>>>>>>>>>>>S:  AA 77 00 67 B5 D1 01 02 01 01 
[2019-11-08 08:22:03]>>>>>>>>>>>>S:  AA 77 00 64 B6 D1 01 02 01 01 
[2019-11-08 08:22:04]>>>>>>>>>>>>S:  AA 77 00 65 B7 D1 01 02 01 01 
[2019-11-08 08:22:09]-------------------------------------------
[2019-11-08 08:22:09]             mcu lost sync data 0: 00
[2019-11-08 08:22:09]-------------------------------------------
[2019-11-08 08:22:09]>>>>>>>>>>>>S:  AA 77 00 6A B8 D1 01 02 01 01 
[2019-11-08 08:22:10]>>>>>>>>>>>>S:  AA 77 00 6B B9 D1 01 02 01 01 
[2019-11-08 08:22:11]>>>>>>>>>>>>S:  AA 77 00 68 BA D1 01 02 01 01 
[2019-11-08 08:22:12]>>>>>>>>>>>>S:  AA 77 00 69 BB D1 01 02 01 01 
[2019-11-08 08:22:13]>>>>>>>>>>>>S:  AA 77 00 6E BC D1 01 02 01 01 
[2019-11-08 08:22:14]>>>>>>>>>>>>S:  AA 77 00 6F BD D1 01 02 01 01 
[2019-11-08 08:22:15]>>>>>>>>>>>>S:  AA 77 00 6C BE D1 01 02 01 01 
[2019-11-08 08:22:16]>>>>>>>>>>>>S:  AA 77 00 6D BF D1 01 02 01 01 
[2019-11-08 08:22:17]>>>>>>>>>>>>S:  AA 77 00 12 C0 D1 01 02 01 01 
[2019-11-08 08:22:22]mcu reset, req arm handshake
[2019-11-08 08:22:22]>>>>>>>>>>>>S:  AA 77 00 E2 C1 A0 00 02 80 01 
[2019-11-08 08:22:22]try handshake 2 times
[2019-11-08 08:22:22]handshake successful
[2019-11-08 08:22:22]MHT:0
[2019-11-08 08:22:22]ACC ON
[2019-11-08 08:22:22]MCU MODE_UNKNOWN
[2019-11-08 08:22:22]MCU Version: mcu_L_DFSK_F516-19_1.0.1_191031
[2019-11-08 08:22:22]CAN Version: can_v2.0L_516-19
[2019-11-08 08:22:22]PowerData: 00 00 00 00 00 
[2019-11-08 08:22:22]>>>>>>>>>>>>S:  AA 77 00 10 C2 D1 01 02 01 01 
[2019-11-08 08:22:22]pdid: DFSK0001000200261910160001000010
[2019-11-08 08:22:22]vin:12345T0703T000110
[2019-11-08 08:22:22]>>>>>>>>>>>>S:  AA 77 00 2D C3 D0 01 15 2E 38 39 38 36 30 39 31 38 37 30 30 30 30 39 32 32 31 30 32 36 
[2019-11-08 08:22:22]>>>>>>>>>>>>S:  AA 77 00 1A C4 D0 01 10 2F 34 36 30 30 39 36 30 39 30 37 32 32 31 30 32 
[2019-11-08 08:22:22]>>>>>>>>>>>>S:  AA 77 00 0C C5 D0 01 10 33 38 36 32 30 31 35 30 33 37 35 31 31 37 32 37 
[2019-11-08 08:22:22]Mcu init data end
[2019-11-08 08:22:22]AHT:13
[2019-11-08 08:22:22]MHT:13
[2019-11-08 08:22:23]*****power model wakeup****,_wakeupflag = 1
[2019-11-08 08:22:25]>>>>>>>>>>>>S:  AA 77 00 03 C7 A0 00 08 8D 07 E3 0B 08 08 16 18 
[2019-11-08 08:22:25]>>>>>>>>>>>>S:  AA 77 00 1A C8 D0 00 06 04 00 00 00 00 00 
[2019-11-08 08:22:25]>>>>>>>>>>>>S:  AA 77 00 EA C9 A0 00 02 80 01 
[2019-11-08 08:22:25]try handshake 3 times
[2019-11-08 08:22:25]handshake successful
[2019-11-08 08:22:25]MHT:13
[2019-11-08 08:22:25]ACC ON
[2019-11-08 08:22:25]MCU MODE_UNKNOWN
[2019-11-08 08:22:25]MCU Version: mcu_L_DFSK_F516-19_1.0.1_191031
[2019-11-08 08:22:25]CAN Version: can_v2.0L_516-19
[2019-11-08 08:22:25]PowerData: 00 00 00 00 00 
[2019-11-08 08:22:25]pdid: DFSK0001000200261910160001000010
[2019-11-08 08:22:25]vin:12345T0703T000110
[2019-11-08 08:22:25]>>>>>>>>>>>>S:  AA 77 00 24 CA D0 01 15 2E 38 39 38 36 30 39 31 38 37 30 30 30 30 39 32 32 31 30 32 36 
[2019-11-08 08:22:25]>>>>>>>>>>>>S:  AA 77 00 15 CB D0 01 10 2F 34 36 30 30 39 36 30 39 30 37 32 32 31 30 32 
[2019-11-08 08:22:25]>>>>>>>>>>>>S:  AA 77 00 05 CC D0 01 10 33 38 36 32 30 31 35 30 33 37 35 31 31 37 32 37 
[2019-11-08 08:22:25]Mcu init data end
[2019-11-08 08:22:26]>>>>>>>>>>>>S:  AA 77 00 0B CD A0 00 08 8D 07 E3 0B 08 08 16 1A 
[2019-11-08 08:22:26]>>>>>>>>>>>>S:  AA 77 00 1F CE D1 01 02 02 01 
[2019-11-08 08:22:44]>>>>>>>>>>>>S:  AA 77 00 1D CF D1 01 02 01 01 
[2019-11-08 08:22:27]>>>>>>>>>>>>S:  AA 77 00 02 D0 D1 01 02 01 01 
[2019-11-08 08:22:27]>>>>>>>>>>>>S:  AA 77 00 16 D1 A0 00 08 8D 07 E3 0B 08 08 16 1B 
[2019-11-08 08:22:28]>>>>>>>>>>>>S:  AA 77 00 00 D2 D0 00 06 04 00 00 00 00 00 
[2019-11-08 08:22:31]>>>>>>>>>>>>S:  AA 77 00 01 D3 D0 00 06 04 00 00 00 00 00 
[2019-11-08 08:22:32]AHT:14
[2019-11-08 08:22:32]MHT:14
[2019-11-08 08:22:35]>>>>>>>>>>>>S:  AA 77 00 07 D5 D0 00 06 04 00 00 00 00 00 
[2019-11-08 08:22:38]>>>>>>>>>>>>S:  AA 77 00 04 D6 D0 00 06 04 00 00 00 00 00 
[2019-11-08 08:22:42]AHT:15
[2019-11-08 08:22:42]MHT:15
[2019-11-08 08:22:42]>>>>>>>>>>>>S:  AA 77 00 0A D8 D0 00 06 04 00 00 00 00 00 
[2019-11-08 08:22:45]>>>>>>>>>>>>S:  AA 77 00 0B D9 D0 00 06 04 00 00 00 00 00 
[2019-11-08 08:22:49]>>>>>>>>>>>>S:  AA 77 00 08 DA D0 00 06 04 00 00 00 00 00 
[2019-11-08 08:22:52]AHT:16
[2019-11-08 08:22:52]MHT:16
[2019-11-08 08:22:52]>>>>>>>>>>>>S:  AA 77 00 0E DC D0 00 06 04 00 00 00 00 00 
[2019-11-08 08:22:56]>>>>>>>>>>>>S:  AA 77 00 0F DD D0 00 06 04 00 00 00 00 00 
[2019-11-08 08:22:59]>>>>>>>>>>>>S:  AA 77 00 0C DE D0 00 06 04 00 00 00 00 00 
[2019-11-08 08:23:02]AHT:17
[2019-11-08 08:23:02]MHT:17
[2019-11-08 08:23:03]>>>>>>>>>>>>S:  AA 77 00 32 E0 D0 00 06 04 00 00 00 00 00 
[2019-11-08 08:23:07]>>>>>>>>>>>>S:  AA 77 00 33 E1 D0 00 06 04 00 00 00 00 00 
[2019-11-08 08:23:10]>>>>>>>>>>>>S:  AA 77 00 30 E2 D0 00 06 04 00 00 00 00 00 
[2019-11-08 08:23:12]AHT:18
[2019-11-08 08:23:12]MHT:18
[2019-11-08 08:23:14]>>>>>>>>>>>>S:  AA 77 00 36 E4 D0 00 06 04 00 00 00 00 00 
[2019-11-08 08:23:15]-------------------------------------------
[2019-11-08 08:23:15]             mcu lost sync data 0: 00
[2019-11-08 08:23:15]-------------------------------------------
[2019-11-08 08:23:18]>>>>>>>>>>>>S:  AA 77 00 37 E5 D0 00 06 04 00 00 00 00 00 
[2019-11-08 08:23:21]>>>>>>>>>>>>S:  AA 77 00 34 E6 D0 00 06 04 00 00 00 00 00 
[2019-11-08 08:23:22]AHT:19
[2019-11-08 08:23:22]MHT:19
[2019-11-08 08:23:25]>>>>>>>>>>>>S:  AA 77 00 3A E8 D0 00 06 04 00 00 00 00 00 
[2019-11-08 08:23:28]>>>>>>>>>>>>S:  AA 77 00 3B E9 D0 00 06 04 00 00 00 00 00 
[2019-11-08 08:23:32]AHT:20
[2019-11-08 08:23:32]>>>>>>>>>>>>S:  AA 77 00 39 EB D0 00 06 04 00 00 00 00 00 
[2019-11-08 08:23:32]MHT:20
[2019-11-08 08:23:35]>>>>>>>>>>>>S:  AA 77 00 3E EC D0 00 06 04 00 00 00 00 00 
[2019-11-08 08:23:39]>>>>>>>>>>>>S:  AA 77 00 3F ED D0 00 06 04 00 00 00 00 00 
[2019-11-08 08:23:42]AHT:21
[2019-11-08 08:23:42]MHT:21
[2019-11-08 08:23:42]>>>>>>>>>>>>S:  AA 77 00 3D EF D0 00 06 04 00 00 00 00 00 
[2019-11-08 08:23:46]>>>>>>>>>>>>S:  AA 77 00 22 F0 D0 00 06 04 00 00 00 00 00 
[2019-11-08 08:23:49]>>>>>>>>>>>>S:  AA 77 00 23 F1 D0 00 06 04 00 00 00 00 00 
[2019-11-08 08:23:52]AHT:22
[2019-11-08 08:23:52]MHT:22
[2019-11-08 08:23:53]>>>>>>>>>>>>S:  AA 77 00 21 F3 D0 00 06 04 00 00 00 00 00 
[2019-11-08 08:23:56]>>>>>>>>>>>>S:  AA 77 00 26 F4 D0 00 06 04 00 00 00 00 00 
[2019-11-08 08:24:00]>>>>>>>>>>>>S:  AA 77 00 27 F5 D0 00 06 04 00 00 00 00 00 
[2019-11-08 08:24:02]AHT:23
[2019-11-08 08:24:02]MHT:23
[2019-11-08 08:24:03]>>>>>>>>>>>>S:  AA 77 00 25 F7 D0 00 06 04 00 00 00 00 00 
[2019-11-08 08:24:07]>>>>>>>>>>>>S:  AA 77 00 2A F8 D0 00 06 04 00 00 00 00 00 
[2019-11-08 08:24:11]>>>>>>>>>>>>S:  AA 77 00 2B F9 D0 00 06 04 00 00 00 00 00 
[2019-11-08 08:24:12]AHT:24
[2019-11-08 08:24:12]MHT:24
[2019-11-08 08:24:14]>>>>>>>>>>>>S:  AA 77 00 29 FB D0 00 06 04 00 00 00 00 00 
[2019-11-08 08:24:18]>>>>>>>>>>>>S:  AA 77 00 2E FC D0 00 06 04 00 00 00 00 00 
[2019-11-08 08:24:21]>>>>>>>>>>>>S:  AA 77 00 2F FD D0 00 06 04 00 00 00 00 00 
[2019-11-08 08:24:22]AHT:25
[2019-11-08 08:24:22]MHT:25
[2019-11-08 08:24:25]>>>>>>>>>>>>S:  AA 77 00 2D FF D0 00 06 04 00 00 00 00 00 
[2019-11-08 08:24:28]>>>>>>>>>>>>S:  AA 77 00 D2 00 D0 00 06 04 00 00 00 00 00 
[2019-11-08 08:24:32]AHT:26
[2019-11-08 08:24:32]MHT:26
[2019-11-08 08:24:32]>>>>>>>>>>>>S:  AA 77 00 D0 02 D0 00 06 04 00 00 00 00 00 
[2019-11-08 08:24:35]>>>>>>>>>>>>S:  AA 77 00 D1 03 D0 00 06 04 00 00 00 00 00 
[2019-11-08 08:24:39]>>>>>>>>>>>>S:  AA 77 00 D6 04 D0 00 06 04 00 00 00 00 00 
[2019-11-08 08:24:42]AHT:27
[2019-11-08 08:24:42]MHT:27
[2019-11-08 08:24:42]>>>>>>>>>>>>S:  AA 77 00 D4 06 D0 00 06 04 00 00 00 00 00 
[2019-11-08 08:24:46]>>>>>>>>>>>>S:  AA 77 00 D5 07 D0 00 06 04 00 00 00 00 00 
[2019-11-08 08:24:49]>>>>>>>>>>>>S:  AA 77 00 DA 08 D0 00 06 04 00 00 00 00 00 
[2019-11-08 08:24:52]AHT:28
[2019-11-08 08:24:52]MHT:28
[2019-11-08 08:24:53]>>>>>>>>>>>>S:  AA 77 00 D8 0A D0 00 06 04 00 00 00 00 00 
[2019-11-08 08:24:57]>>>>>>>>>>>>S:  AA 77 00 D9 0B D0 00 06 04 00 00 00 00 00 
[2019-11-08 08:25:00]>>>>>>>>>>>>S:  AA 77 00 DE 0C D0 00 06 04 00 00 00 00 00 
[2019-11-08 08:25:02]AHT:29
[2019-11-08 08:25:02]MHT:29
[2019-11-08 08:25:04]>>>>>>>>>>>>S:  AA 77 00 DC 0E D0 00 06 04 00 00 00 00 00 
[2019-11-08 08:25:07]>>>>>>>>>>>>S:  AA 77 00 DD 0F D0 00 06 04 00 00 00 00 00 
[2019-11-08 08:25:11]>>>>>>>>>>>>S:  AA 77 00 C2 10 D0 00 06 04 00 00 00 00 00 
[2019-11-08 08:25:12]AHT:30
[2019-11-08 08:25:12]MHT:30
[2019-11-08 08:25:15]>>>>>>>>>>>>S:  AA 77 00 C0 12 D0 00 06 04 00 00 00 00 00 
[2019-11-08 08:25:18]>>>>>>>>>>>>S:  AA 77 00 C1 13 D0 00 06 04 00 00 00 00 00 
[2019-11-08 08:25:22]AHT:31
[2019-11-08 08:25:22]MHT:31
[2019-11-08 08:25:22]>>>>>>>>>>>>S:  AA 77 00 C7 15 D0 00 06 04 00 00 00 00 00 
[2019-11-08 08:25:25]>>>>>>>>>>>>S:  AA 77 00 C4 16 D0 00 06 04 00 00 00 00 00 
[2019-11-08 08:25:29]>>>>>>>>>>>>S:  AA 77 00 C5 17 D0 00 06 04 00 00 00 00 00 
[2019-11-08 08:25:32]AHT:32
[2019-11-08 08:25:32]MHT:32
[2019-11-08 08:25:33]>>>>>>>>>>>>S:  AA 77 00 CB 19 D0 00 06 04 00 00 00 00 00 
[2019-11-08 08:25:36]>>>>>>>>>>>>S:  AA 77 00 C8 1A D0 00 06 04 00 00 00 00 00 
[2019-11-08 08:25:40]>>>>>>>>>>>>S:  AA 77 00 C9 1B D0 00 06 04 00 00 00 00 00 
[2019-11-08 08:25:42]AHT:33
[2019-11-08 08:25:42]MHT:33
[2019-11-08 08:25:43]>>>>>>>>>>>>S:  AA 77 00 CF 1D D0 00 06 04 00 00 00 00 00 
[2019-11-08 08:25:47]>>>>>>>>>>>>S:  AA 77 00 CC 1E D0 00 06 04 00 00 00 00 00 
[2019-11-08 08:25:50]>>>>>>>>>>>>S:  AA 77 00 CD 1F D0 00 06 04 00 00 00 00 00 
[2019-11-08 08:25:52]AHT:34
[2019-11-08 08:25:52]MHT:34
[2019-11-08 08:25:54]>>>>>>>>>>>>S:  AA 77 00 F3 21 D0 00 06 04 00 00 00 00 00 
[2019-11-08 08:25:57]>>>>>>>>>>>>S:  AA 77 00 F0 22 D0 00 06 04 00 00 00 00 00 
[2019-11-08 08:26:01]>>>>>>>>>>>>S:  AA 77 00 F1 23 D0 00 06 04 00 00 00 00 00 
[2019-11-08 08:26:02]AHT:35
[2019-11-08 08:26:02]MHT:35
[2019-11-08 08:26:05]>>>>>>>>>>>>S:  AA 77 00 F7 25 D0 00 06 04 00 00 00 00 00 
[2019-11-08 08:26:08]>>>>>>>>>>>>S:  AA 77 00 F4 26 D0 00 06 04 00 00 00 00 00 
[2019-11-08 08:26:12]>>>>>>>>>>>>S:  AA 77 00 F5 27 D0 00 06 04 00 00 00 00 00 
[2019-11-08 08:26:12]AHT:36
[2019-11-08 08:26:12]MHT:36
[2019-11-08 08:26:15]>>>>>>>>>>>>S:  AA 77 00 FB 29 D0 00 06 04 00 00 00 00 00 
[2019-11-08 08:26:19]>>>>>>>>>>>>S:  AA 77 00 F8 2A D0 00 06 04 00 00 00 00 00 
[2019-11-08 08:26:22]AHT:37
[2019-11-08 08:26:22]MHT:37
[2019-11-08 08:26:22]>>>>>>>>>>>>S:  AA 77 00 FE 2C D0 00 06 04 00 00 00 00 00 
[2019-11-08 08:26:26]>>>>>>>>>>>>S:  AA 77 00 FF 2D D0 00 06 04 00 00 00 00 00 
[2019-11-08 08:26:30]>>>>>>>>>>>>S:  AA 77 00 FC 2E D0 00 06 04 00 00 00 00 00 
[2019-11-08 08:26:32]AHT:38
[2019-11-08 08:26:32]MHT:38
[2019-11-08 08:26:33]>>>>>>>>>>>>S:  AA 77 00 E2 30 D0 00 06 04 00 00 00 00 00 
[2019-11-08 08:26:37]>>>>>>>>>>>>S:  AA 77 00 E3 31 D0 00 06 04 00 00 00 00 00 
[2019-11-08 08:26:40]>>>>>>>>>>>>S:  AA 77 00 E0 32 D0 00 06 04 00 00 00 00 00 
[2019-11-08 08:26:42]AHT:39
[2019-11-08 08:26:42]-------------------------------------------
[2019-11-08 08:26:42]             mcu lost sync data 0: 77
[2019-11-08 08:26:42]-------------------------------------------
[2019-11-08 08:26:42]-------------------------------------------
[2019-11-08 08:26:42]             mcu lost sync data 0: 00
[2019-11-08 08:26:42]-------------------------------------------
[2019-11-08 08:26:42]-------------------------------------------
[2019-11-08 08:26:42]             mcu lost sync data 0: CE
[2019-11-08 08:26:42]-------------------------------------------
[2019-11-08 08:26:42]-------------------------------------------
[2019-11-08 08:26:42]             mcu lost sync data 0: EA
[2019-11-08 08:26:42]-------------------------------------------
[2019-11-08 08:26:42]-------------------------------------------
[2019-11-08 08:26:42]             mcu lost sync data 0: D0
[2019-11-08 08:26:42]-------------------------------------------
[2019-11-08 08:26:42]-------------------------------------------
[2019-11-08 08:26:42]             mcu lost sync data 0: 00
[2019-11-08 08:26:42]-------------------------------------------
[2019-11-08 08:26:42]-------------------------------------------
[2019-11-08 08:26:42]             mcu lost sync data 0: 06
[2019-11-08 08:26:42]-------------------------------------------
[2019-11-08 08:26:42]-------------------------------------------
[2019-11-08 08:26:42]             mcu lost sync data 0: 05
[2019-11-08 08:26:42]-------------------------------------------
[2019-11-08 08:26:42]-------------------------------------------
[2019-11-08 08:26:42]             mcu lost sync data 0: 02
[2019-11-08 08:26:42]-------------------------------------------
[2019-11-08 08:26:42]-------------------------------------------
[2019-11-08 08:26:42]             mcu lost sync data 0: 01
[2019-11-08 08:26:42]-------------------------------------------
[2019-11-08 08:26:42]-------------------------------------------
[2019-11-08 08:26:42]              mcu lost sync data 1: FF
[2019-11-08 08:26:42]-------------------------------------------
[2019-11-08 08:26:42]-------------------------------------------
[2019-11-08 08:26:42]             mcu lost sync data 0: 03
[2019-11-08 08:26:42]-------------------------------------------
[2019-11-08 08:26:42]-------------------------------------------
[2019-11-08 08:26:42]             mcu lost sync data 0: 08
[2019-11-08 08:26:42]-------------------------------------------
[2019-11-08 08:26:42]MHT:39
[2019-11-08 08:26:44]>>>>>>>>>>>>S:  AA 77 00 E6 34 D0 00 06 04 00 00 00 00 00 
[2019-11-08 08:26:47]>>>>>>>>>>>>S:  AA 77 00 E7 35 D0 00 06 04 00 00 00 00 00 
[2019-11-08 08:26:51]>>>>>>>>>>>>S:  AA 77 00 E4 36 D0 00 06 04 00 00 00 00 00 
[2019-11-08 08:26:51]-------------------------------------------
[2019-11-08 08:26:51]             mcu lost sync data 0: 00
[2019-11-08 08:26:51]-------------------------------------------
[2019-11-08 08:26:52]AHT:40
[2019-11-08 08:26:52]MHT:40
[2019-11-08 08:26:55]>>>>>>>>>>>>S:  AA 77 00 EA 38 D0 00 06 04 00 00 00 00 00 
[2019-11-08 08:26:58]>>>>>>>>>>>>S:  AA 77 00 EB 39 D0 00 06 04 00 00 00 00 00 
[2019-11-08 08:27:02]>>>>>>>>>>>>S:  AA 77 00 E8 3A D0 00 06 04 00 00 00 00 00 
[2019-11-08 08:27:02]AHT:41
[2019-11-08 08:27:02]MHT:41
[2019-11-08 08:27:05]>>>>>>>>>>>>S:  AA 77 00 EE 3C D0 00 06 04 00 00 00 00 00 
[2019-11-08 08:27:09]>>>>>>>>>>>>S:  AA 77 00 EF 3D D0 00 06 04 00 00 00 00 00 
[2019-11-08 08:27:12]AHT:42
[2019-11-08 08:27:12]MHT:42
[2019-11-08 08:27:12]>>>>>>>>>>>>S:  AA 77 00 ED 3F D0 00 06 04 00 00 00 00 00 
[2019-11-08 08:27:16]>>>>>>>>>>>>S:  AA 77 00 92 40 D0 00 06 04 00 00 00 00 00 
[2019-11-08 08:27:20]>>>>>>>>>>>>S:  AA 77 00 93 41 D0 00 06 04 00 00 00 00 00 
[2019-11-08 08:27:22]AHT:43
[2019-11-08 08:27:22]MHT:43
[2019-11-08 08:27:23]>>>>>>>>>>>>S:  AA 77 00 91 43 D0 00 06 04 00 00 00 00 00 
[2019-11-08 08:27:27]>>>>>>>>>>>>S:  AA 77 00 96 44 D0 00 06 04 00 00 00 00 00 
[2019-11-08 08:27:30]>>>>>>>>>>>>S:  AA 77 00 97 45 D0 00 06 04 00 00 00 00 00 
[2019-11-08 08:27:32]AHT:44
[2019-11-08 08:27:32]MHT:44
[2019-11-08 08:27:32]-------------------------------------------
[2019-11-08 08:27:32]             mcu lost sync data 0: 00
[2019-11-08 08:27:32]-------------------------------------------
[2019-11-08 08:27:34]>>>>>>>>>>>>S:  AA 77 00 95 47 D0 00 06 04 00 00 00 00 00 
[2019-11-08 08:27:37]>>>>>>>>>>>>S:  AA 77 00 9A 48 D0 00 06 04 00 00 00 00 00 
[2019-11-08 08:27:41]>>>>>>>>>>>>S:  AA 77 00 9B 49 D0 00 06 04 00 00 00 00 00 
[2019-11-08 08:27:42]AHT:45
[2019-11-08 08:27:42]MHT:45
[2019-11-08 08:27:45]>>>>>>>>>>>>S:  AA 77 00 99 4B D0 00 06 04 00 00 00 00 00 
[2019-11-08 08:27:48]>>>>>>>>>>>>S:  AA 77 00 9E 4C D0 00 06 04 00 00 00 00 00 
[2019-11-08 08:27:52]>>>>>>>>>>>>S:  AA 77 00 9F 4D D0 00 06 04 00 00 00 00 00 
[2019-11-08 08:27:52]AHT:46
[2019-11-08 08:27:52]MHT:46
