[1980-01-06 08:00:09]               /\  /\                
[1980-01-06 08:00:09]***************  \/  *****************
[1980-01-06 08:00:09]                                      
[1980-01-06 08:00:09] mcu-service start!!!!                
[1980-01-06 08:00:09] build: Oct 31 2019 14:30:38 
[1980-01-06 08:00:09] build: 06 12 2019 09:13:18           
[1980-01-06 08:00:09]                                      
[1980-01-06 08:00:09]**************************************
[1980-01-06 08:00:09]class McuServiceStubImpl construction
[1980-01-06 08:00:09]McuService registerService Done
[1980-01-06 08:00:09]new VDDataModel()
[1980-01-06 08:00:09]initVehicleData done
[1980-01-06 08:00:09]initPowerData done
[1980-01-06 08:00:09]initAccIgnData done
[1980-01-06 08:00:09]initHandShake done
[1980-01-06 08:00:09]initArmRebootReasonData done
[1980-01-06 08:00:09]iniModeData done
[1980-01-06 08:00:09]iniMfgData done
[1980-01-06 08:00:09]registerPowerDataChangeCb Done
[1980-01-06 08:00:09]registerAccIgnChangeCb Done
[1980-01-06 08:00:09]registerPhoneCallChangeCb Done
[1980-01-06 08:00:09]registerHandShakeChangeCb Done
[1980-01-06 08:00:09]registerModeChangeCb Done
[1980-01-06 08:00:09]class mcuUpgradeServiceStubImpl construction
[1980-01-06 08:00:09]McuUpgradeDataService registerService Done
[1980-01-06 08:00:09]new MCUpdateDataModel()
[1980-01-06 08:00:09]uart:/dev/ttyHSL0,baud:115200
[1980-01-06 08:00:09]autolinkMcuServiceInit -> start
[1980-01-06 08:00:09]wait uart
[1980-01-06 08:00:09]autolinkMcuQemuThread start
[1980-01-06 08:00:09]autolinkMcuServiceThread -> start
[1980-01-06 08:00:09]autolinkMcuParseDataThread -> start
[1980-01-06 08:00:09]mcu service use select
[1980-01-06 08:00:09]mcu service thread running
[1980-01-06 08:00:09]autolinkAckCheckThread -> start
[1980-01-06 08:00:09]autolinkMcuServiceInit -> end
[1980-01-06 08:00:09]new VDDataModelCtrl()
[1980-01-06 08:00:09]VDDataModelCtrl is constructed
[1980-01-06 08:00:12]>>>>>>>>>>>>S:  AA 77 00 23 00 A0 00 02 80 01 
[1980-01-06 08:00:12]try handshake 1 times
[1980-01-06 08:00:12]handshake successful
[1980-01-06 08:00:12]MHT:0
[1980-01-06 08:00:12]ACC OFF
[1980-01-06 08:00:12]MCU MODE_UNKNOWN
[1980-01-06 08:00:12]MCU Version: mcu_L_DFSK_F516-19_1.0.1_191031
[1980-01-06 08:00:12]CAN Version: can_v2.0L_516-19
[1980-01-06 08:00:12]PowerData: 00 00 00 00 00 
[1980-01-06 08:00:12]pdid: DFSK0001000200261910160001000010
[1980-01-06 08:00:12]vin:12345T0703T000110
[1980-01-06 08:00:12]>>>>>>>>>>>>S:  AA 77 00 EF 01 D0 01 15 2E 38 39 38 36 30 39 31 38 37 30 30 30 30 39 32 32 31 30 32 36 
[1980-01-06 08:00:12]>>>>>>>>>>>>S:  AA 77 00 DC 02 D0 01 10 2F 34 36 30 30 39 36 30 39 30 37 32 32 31 30 32 
[1980-01-06 08:00:12]>>>>>>>>>>>>S:  AA 77 00 CA 03 D0 01 10 33 38 36 32 30 31 35 30 33 37 35 31 31 37 32 37 
[1980-01-06 08:00:12]Mcu init data end
[1980-01-06 08:00:12]>>>>>>>>>>>>S:  AA 77 00 D6 04 D0 00 06 04 00 00 00 00 00 
[1980-01-06 08:00:16]>>>>>>>>>>>>S:  AA 77 00 D7 05 D0 00 06 04 00 00 00 00 00 
[1980-01-06 08:00:18]AHT:0
[1980-01-06 08:00:18]MHT:0
[1980-01-06 08:00:19]>>>>>>>>>>>>S:  AA 77 00 D5 07 D0 00 06 04 00 00 00 00 00 
[1980-01-06 08:00:20]>>>>>>>>>>>>S:  AA 77 00 C7 08 D0 00 03 1C 00 00 
[1980-01-06 08:00:21]>>>>>>>>>>>>S:  AA 77 00 D8 09 D1 01 02 03 00 
[1980-01-06 08:00:22]>>>>>>>>>>>>S:  AA 77 00 D9 0A D0 00 06 04 01 00 00 00 00 
[1980-01-06 08:00:25]>>>>>>>>>>>>S:  AA 77 00 D8 0B D0 00 06 04 01 00 00 00 00 
[1980-01-06 08:00:28]AHT:1
[1980-01-06 08:00:28]MHT:1
[1980-01-06 08:00:29]ACC ON
[1980-01-06 08:00:29]>>>>>>>>>>>>S:  AA 77 00 DE 0D D0 00 06 04 01 00 00 00 00 
[1980-01-06 08:00:30]ACC OFF
[2019-11-08 11:50:59]>>>>>>>>>>>>S:  AA 77 00 DC 0E D1 01 02 01 01 
[2019-11-08 11:50:42]>>>>>>>>>>>>S:  AA 77 00 DD 0F D1 01 02 01 01 
[2019-11-08 11:50:42]>>>>>>>>>>>>S:  AA 77 00 C2 10 D0 00 06 04 00 00 00 00 00 
[2019-11-08 11:50:42]ACC ON
[2019-11-08 11:50:42]>>>>>>>>>>>>S:  AA 77 00 C0 11 A0 00 08 8D 07 E3 0B 08 0B 32 2A 
[2019-11-08 11:50:46]>>>>>>>>>>>>S:  AA 77 00 C0 12 D0 00 06 04 00 00 00 00 00 
[2019-11-08 11:50:46]>>>>>>>>>>>>S:  AA 77 00 C2 13 D1 01 02 02 01 
[2019-11-08 11:50:49]AHT:2
[2019-11-08 11:50:49]MHT:2
[2019-11-08 11:50:49]>>>>>>>>>>>>S:  AA 77 00 C7 15 D0 00 06 04 00 00 00 00 00 
[2019-11-08 11:50:53]>>>>>>>>>>>>S:  AA 77 00 C4 16 D0 00 06 04 00 00 00 00 00 
[2019-11-08 11:50:57]>>>>>>>>>>>>S:  AA 77 00 C5 17 D0 00 06 04 00 00 00 00 00 
[2019-11-08 11:50:59]AHT:3
[2019-11-08 11:50:59]MHT:3
[2019-11-08 11:51:00]>>>>>>>>>>>>S:  AA 77 00 CB 19 D0 00 06 04 00 00 00 00 00 
[2019-11-08 11:51:04]>>>>>>>>>>>>S:  AA 77 00 C8 1A D0 00 06 04 00 00 00 00 00 
[2019-11-08 11:51:07]>>>>>>>>>>>>S:  AA 77 00 C9 1B D0 00 06 04 00 00 00 00 00 
[2019-11-08 11:51:09]AHT:4
[2019-11-08 11:51:09]MHT:4
[2019-11-08 11:51:10]-------------------------------------------
[2019-11-08 11:51:10]             mcu lost sync data 0: 00
[2019-11-08 11:51:10]-------------------------------------------
[2019-11-08 11:51:11]>>>>>>>>>>>>S:  AA 77 00 CF 1D D0 00 06 04 00 00 00 00 00 
[2019-11-08 11:51:14]>>>>>>>>>>>>S:  AA 77 00 CC 1E D0 00 06 04 00 00 00 00 00 
[2019-11-08 11:51:18]>>>>>>>>>>>>S:  AA 77 00 CD 1F D0 00 06 04 00 00 00 00 00 
[2019-11-08 11:51:19]AHT:5
[2019-11-08 11:51:19]MHT:5
[2019-11-08 11:51:22]>>>>>>>>>>>>S:  AA 77 00 F3 21 D0 00 06 04 00 00 00 00 00 
[2019-11-08 11:51:25]>>>>>>>>>>>>S:  AA 77 00 F0 22 D0 00 06 04 00 00 00 00 00 
[2019-11-08 11:51:28]>>>>>>>>>>>>S:  AA 77 00 F1 23 D1 01 02 01 01 
[2019-11-08 11:51:45]>>>>>>>>>>>>S:  AA 77 00 F6 24 D1 01 02 01 01 
[2019-11-08 11:51:45]>>>>>>>>>>>>S:  AA 77 00 F2 25 A0 00 08 8D 07 E3 0B 08 0B 33 2D 
[2019-11-08 11:51:46]>>>>>>>>>>>>S:  AA 77 00 F4 26 D0 00 06 04 00 00 00 00 00 
[2019-11-08 11:51:46]AHT:6
[2019-11-08 11:51:46]MHT:6
[2019-11-08 11:51:49]>>>>>>>>>>>>S:  AA 77 00 FA 28 D0 00 06 04 00 00 00 00 00 
[2019-11-08 11:51:53]>>>>>>>>>>>>S:  AA 77 00 FB 29 D0 00 06 04 00 00 00 00 00 
[2019-11-08 11:51:56]AHT:7
[2019-11-08 11:51:56]MHT:7
[2019-11-08 11:51:57]>>>>>>>>>>>>S:  AA 77 00 F9 2B D0 00 06 04 00 00 00 00 00 
[2019-11-08 11:52:00]>>>>>>>>>>>>S:  AA 77 00 FE 2C D0 00 06 04 00 00 00 00 00 
[2019-11-08 11:52:04]>>>>>>>>>>>>S:  AA 77 00 FF 2D D0 00 06 04 00 00 00 00 00 
[2019-11-08 11:52:06]AHT:8
[2019-11-08 11:52:06]MHT:8
[2019-11-08 11:52:07]>>>>>>>>>>>>S:  AA 77 00 FD 2F D0 00 06 04 00 00 00 00 00 
[2019-11-08 11:52:11]>>>>>>>>>>>>S:  AA 77 00 E2 30 D0 00 06 04 00 00 00 00 00 
[2019-11-08 11:52:14]>>>>>>>>>>>>S:  AA 77 00 E3 31 D0 00 06 04 00 00 00 00 00 
[2019-11-08 11:52:16]AHT:9
[2019-11-08 11:52:16]MHT:9
[2019-11-08 11:52:18]>>>>>>>>>>>>S:  AA 77 00 E1 33 D0 00 06 04 00 00 00 00 00 
[2019-11-08 11:52:21]>>>>>>>>>>>>S:  AA 77 00 E6 34 D0 00 06 04 00 00 00 00 00 
[2019-11-08 11:52:24]>>>>>>>>>>>>S:  AA 77 00 E7 35 D0 00 06 04 00 00 00 00 00 
[2019-11-08 11:52:26]AHT:10
[2019-11-08 11:52:26]MHT:10
[2019-11-08 11:52:28]>>>>>>>>>>>>S:  AA 77 00 E5 37 D0 00 06 04 00 00 00 00 00 
[2019-11-08 11:52:31]>>>>>>>>>>>>S:  AA 77 00 EA 38 D0 00 06 04 00 00 00 00 00 
[2019-11-08 11:52:35]>>>>>>>>>>>>S:  AA 77 00 EB 39 D0 00 06 04 00 00 00 00 00 
[2019-11-08 11:52:36]AHT:11
[2019-11-08 11:52:36]MHT:11
[2019-11-08 11:52:39]>>>>>>>>>>>>S:  AA 77 00 E9 3B D0 00 06 04 00 00 00 00 00 
[2019-11-08 11:52:43]>>>>>>>>>>>>S:  AA 77 00 EE 3C D0 00 06 04 00 00 00 00 00 
[2019-11-08 11:52:46]>>>>>>>>>>>>S:  AA 77 00 EF 3D D0 00 06 04 00 00 00 00 00 
[2019-11-08 11:52:46]AHT:12
[2019-11-08 11:52:46]MHT:12
[2019-11-08 11:52:50]>>>>>>>>>>>>S:  AA 77 00 ED 3F D0 00 06 04 00 00 00 00 00 
[2019-11-08 11:52:53]>>>>>>>>>>>>S:  AA 77 00 92 40 D0 00 06 04 00 00 00 00 00 
[2019-11-08 11:52:56]AHT:13
[2019-11-08 11:52:56]MHT:13
[2019-11-08 11:52:57]>>>>>>>>>>>>S:  AA 77 00 90 42 D0 00 06 04 00 00 00 00 00 
[2019-11-08 11:53:00]>>>>>>>>>>>>S:  AA 77 00 91 43 D0 00 06 04 00 00 00 00 00 
[2019-11-08 11:53:04]>>>>>>>>>>>>S:  AA 77 00 96 44 D0 00 06 04 00 00 00 00 00 
[2019-11-08 11:53:06]AHT:14
[2019-11-08 11:53:06]MHT:14
[2019-11-08 11:53:07]>>>>>>>>>>>>S:  AA 77 00 94 46 D0 00 06 04 00 00 00 00 00 
[2019-11-08 11:53:11]>>>>>>>>>>>>S:  AA 77 00 95 47 D0 00 06 04 00 00 00 00 00 
[2019-11-08 11:53:14]>>>>>>>>>>>>S:  AA 77 00 9A 48 D0 00 06 04 00 00 00 00 00 
[2019-11-08 11:53:16]AHT:15
[2019-11-08 11:53:16]MHT:15
[2019-11-08 11:53:18]>>>>>>>>>>>>S:  AA 77 00 98 4A D0 00 06 04 00 00 00 00 00 
[2019-11-08 11:53:22]>>>>>>>>>>>>S:  AA 77 00 99 4B D0 00 06 04 00 00 00 00 00 
[2019-11-08 11:53:25]>>>>>>>>>>>>S:  AA 77 00 9E 4C D0 00 06 04 00 00 00 00 00 
[2019-11-08 11:53:26]AHT:16
[2019-11-08 11:53:26]MHT:16
[2019-11-08 11:53:29]>>>>>>>>>>>>S:  AA 77 00 9C 4E D0 00 06 04 00 00 00 00 00 
[2019-11-08 11:53:32]>>>>>>>>>>>>S:  AA 77 00 9D 4F D0 00 06 04 00 00 00 00 00 
[2019-11-08 11:53:36]>>>>>>>>>>>>S:  AA 77 00 82 50 D0 00 06 04 00 00 00 00 00 
[2019-11-08 11:53:36]AHT:17
[2019-11-08 11:53:36]MHT:17
[2019-11-08 11:53:39]>>>>>>>>>>>>S:  AA 77 00 80 52 D0 00 06 04 00 00 00 00 00 
[2019-11-08 11:53:43]>>>>>>>>>>>>S:  AA 77 00 81 53 D0 00 06 04 00 00 00 00 00 
[2019-11-08 11:53:46]AHT:18
[2019-11-08 11:53:46]MHT:18
[2019-11-08 11:53:47]>>>>>>>>>>>>S:  AA 77 00 87 55 D0 00 06 04 00 00 00 00 00 
[2019-11-08 11:53:50]>>>>>>>>>>>>S:  AA 77 00 84 56 D0 00 06 04 00 00 00 00 00 
[2019-11-08 11:53:54]>>>>>>>>>>>>S:  AA 77 00 85 57 D0 00 06 04 00 00 00 00 00 
[2019-11-08 11:53:56]AHT:19
[2019-11-08 11:53:56]MHT:19
[2019-11-08 11:53:57]>>>>>>>>>>>>S:  AA 77 00 8B 59 D0 00 06 04 00 00 00 00 00 
[2019-11-08 11:54:01]>>>>>>>>>>>>S:  AA 77 00 88 5A D0 00 06 04 00 00 00 00 00 
[2019-11-08 11:54:05]>>>>>>>>>>>>S:  AA 77 00 89 5B D0 00 06 04 00 00 00 00 00 
[2019-11-08 11:54:06]AHT:20
[2019-11-08 11:54:06]MHT:20
[2019-11-08 11:54:08]>>>>>>>>>>>>S:  AA 77 00 8F 5D D0 00 06 04 00 00 00 00 00 
[2019-11-08 11:54:12]>>>>>>>>>>>>S:  AA 77 00 8C 5E D0 00 06 04 00 00 00 00 00 
[2019-11-08 11:54:15]>>>>>>>>>>>>S:  AA 77 00 8D 5F D0 00 06 04 00 00 00 00 00 
[2019-11-08 11:54:16]AHT:21
[2019-11-08 11:54:16]MHT:21
[2019-11-08 11:54:19]>>>>>>>>>>>>S:  AA 77 00 B3 61 D0 00 06 04 00 00 00 00 00 
[2019-11-08 11:54:23]>>>>>>>>>>>>S:  AA 77 00 B0 62 D0 00 06 04 00 00 00 00 00 
[2019-11-08 11:54:26]>>>>>>>>>>>>S:  AA 77 00 B1 63 D0 00 06 04 00 00 00 00 00 
[2019-11-08 11:54:26]AHT:22
[2019-11-08 11:54:26]MHT:22
[2019-11-08 11:54:30]>>>>>>>>>>>>S:  AA 77 00 B7 65 D0 00 06 04 00 00 00 00 00 
[2019-11-08 11:54:33]>>>>>>>>>>>>S:  AA 77 00 B4 66 D0 00 06 04 00 00 00 00 00 
[2019-11-08 11:54:36]AHT:23
[2019-11-08 11:54:36]MHT:23
[2019-11-08 11:54:37]>>>>>>>>>>>>S:  AA 77 00 BA 68 D0 00 06 04 00 00 00 00 00 
[2019-11-08 11:54:41]>>>>>>>>>>>>S:  AA 77 00 BB 69 D0 00 06 04 00 00 00 00 00 
[2019-11-08 11:54:44]>>>>>>>>>>>>S:  AA 77 00 B8 6A D0 00 06 04 00 00 00 00 00 
[2019-11-08 11:54:46]AHT:24
[2019-11-08 11:54:46]MHT:24
[2019-11-08 11:54:48]>>>>>>>>>>>>S:  AA 77 00 BE 6C D0 00 06 04 00 00 00 00 00 
[2019-11-08 11:54:51]>>>>>>>>>>>>S:  AA 77 00 BF 6D D0 00 06 04 00 00 00 00 00 
[2019-11-08 11:54:55]>>>>>>>>>>>>S:  AA 77 00 BC 6E D0 00 06 04 00 00 00 00 00 
[2019-11-08 11:54:56]AHT:25
[2019-11-08 11:54:56]MHT:25
[2019-11-08 11:54:59]>>>>>>>>>>>>S:  AA 77 00 A2 70 D0 00 06 04 00 00 00 00 00 
[2019-11-08 11:55:02]>>>>>>>>>>>>S:  AA 77 00 A3 71 D0 00 06 04 00 00 00 00 00 
[2019-11-08 11:55:06]>>>>>>>>>>>>S:  AA 77 00 A0 72 D0 00 06 04 00 00 00 00 00 
[2019-11-08 11:55:06]AHT:26
[2019-11-08 11:55:06]MHT:26
[2019-11-08 11:55:10]>>>>>>>>>>>>S:  AA 77 00 A6 74 D0 00 06 04 00 00 00 00 00 
[2019-11-08 11:55:13]>>>>>>>>>>>>S:  AA 77 00 A7 75 D0 00 06 04 00 00 00 00 00 
[2019-11-08 11:55:16]AHT:27
[2019-11-08 11:55:16]MHT:27
[2019-11-08 11:55:17]>>>>>>>>>>>>S:  AA 77 00 A5 77 D0 00 06 04 00 00 00 00 00 
[2019-11-08 11:55:20]>>>>>>>>>>>>S:  AA 77 00 AA 78 D0 00 06 04 00 00 00 00 00 
[2019-11-08 11:55:24]>>>>>>>>>>>>S:  AA 77 00 AB 79 D0 00 06 04 00 00 00 00 00 
[2019-11-08 11:55:26]AHT:28
[2019-11-08 11:55:26]MHT:28
[2019-11-08 11:55:27]>>>>>>>>>>>>S:  AA 77 00 A9 7B D0 00 06 04 00 00 00 00 00 
[2019-11-08 11:55:31]>>>>>>>>>>>>S:  AA 77 00 AE 7C D0 00 06 04 00 00 00 00 00 
[2019-11-08 11:55:35]>>>>>>>>>>>>S:  AA 77 00 AF 7D D0 00 06 04 00 00 00 00 00 
[2019-11-08 11:55:36]AHT:29
[2019-11-08 11:55:36]MHT:29
[2019-11-08 11:55:38]>>>>>>>>>>>>S:  AA 77 00 AD 7F D0 00 06 04 00 00 00 00 00 
[2019-11-08 11:55:42]>>>>>>>>>>>>S:  AA 77 00 52 80 D0 00 06 04 00 00 00 00 00 
[2019-11-08 11:55:46]>>>>>>>>>>>>S:  AA 77 00 53 81 D0 00 06 04 00 00 00 00 00 
[2019-11-08 11:55:46]AHT:30
[2019-11-08 11:55:46]MHT:30
[2019-11-08 11:55:49]>>>>>>>>>>>>S:  AA 77 00 51 83 D0 00 06 04 00 00 00 00 00 
[2019-11-08 11:55:53]>>>>>>>>>>>>S:  AA 77 00 56 84 D0 00 06 04 00 00 00 00 00 
[2019-11-08 11:55:56]>>>>>>>>>>>>S:  AA 77 00 57 85 D0 00 06 04 00 00 00 00 00 
[2019-11-08 11:55:56]AHT:31
[2019-11-08 11:55:56]MHT:31
[2019-11-08 11:56:00]>>>>>>>>>>>>S:  AA 77 00 55 87 D0 00 06 04 00 00 00 00 00 
[2019-11-08 11:56:03]>>>>>>>>>>>>S:  AA 77 00 5A 88 D0 00 06 04 00 00 00 00 00 
[2019-11-08 11:56:06]AHT:32
[2019-11-08 11:56:06]MHT:32
[2019-11-08 11:56:07]>>>>>>>>>>>>S:  AA 77 00 58 8A D0 00 06 04 00 00 00 00 00 
[2019-11-08 11:56:11]>>>>>>>>>>>>S:  AA 77 00 59 8B D0 00 06 04 00 00 00 00 00 
[2019-11-08 11:56:14]>>>>>>>>>>>>S:  AA 77 00 5E 8C D0 00 06 04 00 00 00 00 00 
[2019-11-08 11:56:16]AHT:33
[2019-11-08 11:56:16]MHT:33
[2019-11-08 11:56:18]>>>>>>>>>>>>S:  AA 77 00 5C 8E D0 00 06 04 00 00 00 00 00 
[2019-11-08 11:56:22]>>>>>>>>>>>>S:  AA 77 00 5D 8F D0 00 06 04 00 00 00 00 00 
[2019-11-08 11:56:25]>>>>>>>>>>>>S:  AA 77 00 42 90 D0 00 06 04 00 00 00 00 00 
[2019-11-08 11:56:26]AHT:34
[2019-11-08 11:56:26]MHT:34
[2019-11-08 11:56:29]>>>>>>>>>>>>S:  AA 77 00 40 92 D0 00 06 04 00 00 00 00 00 
[2019-11-08 11:56:32]>>>>>>>>>>>>S:  AA 77 00 41 93 D0 00 06 04 00 00 00 00 00 
[2019-11-08 11:56:36]>>>>>>>>>>>>S:  AA 77 00 46 94 D0 00 06 04 00 00 00 00 00 
[2019-11-08 11:56:36]AHT:35
[2019-11-08 11:56:36]MHT:35
[2019-11-08 11:56:40]>>>>>>>>>>>>S:  AA 77 00 44 96 D0 00 06 04 00 00 00 00 00 
[2019-11-08 11:56:43]>>>>>>>>>>>>S:  AA 77 00 45 97 D0 00 06 04 00 00 00 00 00 
[2019-11-08 11:56:46]AHT:36
[2019-11-08 11:56:46]MHT:36
[2019-11-08 11:56:47]>>>>>>>>>>>>S:  AA 77 00 4B 99 D0 00 06 04 00 00 00 00 00 
[2019-11-08 11:56:50]>>>>>>>>>>>>S:  AA 77 00 48 9A D0 00 06 04 00 00 00 00 00 
[2019-11-08 11:56:54]>>>>>>>>>>>>S:  AA 77 00 49 9B D0 00 06 04 00 00 00 00 00 
[2019-11-08 11:56:56]AHT:37
[2019-11-08 11:56:56]MHT:37
[2019-11-08 11:56:57]>>>>>>>>>>>>S:  AA 77 00 4F 9D D0 00 06 04 00 00 00 00 00 
[2019-11-08 11:57:01]>>>>>>>>>>>>S:  AA 77 00 4C 9E D0 00 06 04 00 00 00 00 00 
[2019-11-08 11:57:05]>>>>>>>>>>>>S:  AA 77 00 4D 9F D0 00 06 04 00 00 00 00 00 
[2019-11-08 11:57:06]AHT:38
[2019-11-08 11:57:06]MHT:38
[2019-11-08 11:57:08]>>>>>>>>>>>>S:  AA 77 00 73 A1 D0 00 06 04 00 00 00 00 00 
[2019-11-08 11:57:12]>>>>>>>>>>>>S:  AA 77 00 70 A2 D0 00 06 04 00 00 00 00 00 
[2019-11-08 11:57:15]>>>>>>>>>>>>S:  AA 77 00 71 A3 D0 00 06 04 00 00 00 00 00 
[2019-11-08 11:57:16]AHT:39
[2019-11-08 11:57:16]MHT:39
[2019-11-08 11:57:19]>>>>>>>>>>>>S:  AA 77 00 77 A5 D0 00 06 04 00 00 00 00 00 
[2019-11-08 11:57:23]>>>>>>>>>>>>S:  AA 77 00 74 A6 D0 00 06 04 00 00 00 00 00 
[2019-11-08 11:57:26]>>>>>>>>>>>>S:  AA 77 00 75 A7 D0 00 06 04 00 00 00 00 00 
[2019-11-08 11:57:26]AHT:40
[2019-11-08 11:57:26]MHT:40
[2019-11-08 11:57:30]>>>>>>>>>>>>S:  AA 77 00 7B A9 D0 00 06 04 00 00 00 00 00 
[2019-11-08 11:57:33]>>>>>>>>>>>>S:  AA 77 00 78 AA D0 00 06 04 00 00 00 00 00 
[2019-11-08 11:57:36]AHT:41
[2019-11-08 11:57:36]MHT:41
[2019-11-08 11:57:37]>>>>>>>>>>>>S:  AA 77 00 7E AC D0 00 06 04 00 00 00 00 00 
[2019-11-08 11:57:40]>>>>>>>>>>>>S:  AA 77 00 7F AD D0 00 06 04 00 00 00 00 00 
[2019-11-08 11:57:44]>>>>>>>>>>>>S:  AA 77 00 7C AE D0 00 06 04 00 00 00 00 00 
[2019-11-08 11:57:46]AHT:42
[2019-11-08 11:57:46]MHT:42
[2019-11-08 11:57:48]>>>>>>>>>>>>S:  AA 77 00 62 B0 D0 00 06 04 00 00 00 00 00 
[2019-11-08 11:57:51]>>>>>>>>>>>>S:  AA 77 00 63 B1 D0 00 06 04 00 00 00 00 00 
[2019-11-08 11:57:55]>>>>>>>>>>>>S:  AA 77 00 60 B2 D0 00 06 04 00 00 00 00 00 
[2019-11-08 11:57:56]AHT:43
[2019-11-08 11:57:56]MHT:43
[2019-11-08 11:57:58]>>>>>>>>>>>>S:  AA 77 00 66 B4 D0 00 06 04 00 00 00 00 00 
[2019-11-08 11:58:02]>>>>>>>>>>>>S:  AA 77 00 67 B5 D0 00 06 04 00 00 00 00 00 
[2019-11-08 11:58:06]>>>>>>>>>>>>S:  AA 77 00 64 B6 D0 00 06 04 00 00 00 00 00 
[2019-11-08 11:58:06]AHT:44
[2019-11-08 11:58:06]MHT:44
[2019-11-08 11:58:09]>>>>>>>>>>>>S:  AA 77 00 6A B8 D0 00 06 04 00 00 00 00 00 
[2019-11-08 11:58:13]>>>>>>>>>>>>S:  AA 77 00 6B B9 D0 00 06 04 00 00 00 00 00 
[2019-11-08 11:58:16]>>>>>>>>>>>>S:  AA 77 00 68 BA D0 00 06 04 00 00 00 00 00 
[2019-11-08 11:58:16]AHT:45
[2019-11-08 11:58:16]MHT:45
[2019-11-08 11:58:20]>>>>>>>>>>>>S:  AA 77 00 6E BC D0 00 06 04 00 00 00 00 00 
[2019-11-08 11:58:24]>>>>>>>>>>>>S:  AA 77 00 6F BD D0 00 06 04 00 00 00 00 00 
[2019-11-08 11:58:26]AHT:46
[2019-11-08 11:58:26]MHT:46
[2019-11-08 11:58:27]>>>>>>>>>>>>S:  AA 77 00 6D BF D0 00 06 04 00 00 00 00 00 
[2019-11-08 11:58:31]>>>>>>>>>>>>S:  AA 77 00 12 C0 D0 00 06 04 00 00 00 00 00 
[2019-11-08 11:58:34]>>>>>>>>>>>>S:  AA 77 00 13 C1 D0 00 06 04 00 00 00 00 00 
[2019-11-08 11:58:36]AHT:47
[2019-11-08 11:58:36]MHT:47
[2019-11-08 11:58:38]>>>>>>>>>>>>S:  AA 77 00 11 C3 D0 00 06 04 00 00 00 00 00 
[2019-11-08 11:58:41]>>>>>>>>>>>>S:  AA 77 00 16 C4 D0 00 06 04 00 00 00 00 00 
[2019-11-08 11:58:43]>>>>>>>>>>>>S:  AA 77 00 14 C5 D1 01 02 02 01 
[2019-11-08 11:58:44]-------------------------------------------
[2019-11-08 11:58:44]             mcu lost sync data 0: 00
[2019-11-08 11:58:44]-------------------------------------------
[2019-11-08 11:58:45]>>>>>>>>>>>>S:  AA 77 00 14 C6 D0 00 06 04 00 00 00 00 00 
[2019-11-08 11:58:46]AHT:48
[2019-11-08 11:58:47]MHT:48
[2019-11-08 11:58:49]>>>>>>>>>>>>S:  AA 77 00 1A C8 D0 00 06 04 00 00 00 00 00 
[2019-11-08 11:58:52]>>>>>>>>>>>>S:  AA 77 00 1B C9 D0 00 06 04 00 00 00 00 00 
[2019-11-08 11:58:56]>>>>>>>>>>>>S:  AA 77 00 18 CA D0 00 06 04 00 00 00 00 00 
[2019-11-08 11:58:56]AHT:49
[2019-11-08 11:58:57]MHT:49
[2019-11-08 11:59:00]>>>>>>>>>>>>S:  AA 77 00 1E CC D0 00 06 04 00 00 00 00 00 
[2019-11-08 11:59:03]>>>>>>>>>>>>S:  AA 77 00 1F CD D0 00 06 04 00 00 00 00 00 
[2019-11-08 11:59:06]AHT:50
[2019-11-08 11:59:07]MHT:50
[2019-11-08 11:59:07]>>>>>>>>>>>>S:  AA 77 00 1D CF D0 00 06 04 00 00 00 00 00 
[2019-11-08 11:59:10]>>>>>>>>>>>>S:  AA 77 00 02 D0 D0 00 06 04 00 00 00 00 00 
[2019-11-08 11:59:14]>>>>>>>>>>>>S:  AA 77 00 03 D1 D0 00 06 04 00 00 00 00 00 
[2019-11-08 11:59:17]AHT:51
[2019-11-08 11:59:17]MHT:51
[2019-11-08 11:59:18]>>>>>>>>>>>>S:  AA 77 00 01 D3 D0 00 06 04 00 00 00 00 00 
[2019-11-08 11:59:21]>>>>>>>>>>>>S:  AA 77 00 06 D4 D0 00 06 04 00 00 00 00 00 
[2019-11-08 11:59:25]>>>>>>>>>>>>S:  AA 77 00 07 D5 D0 00 06 04 00 00 00 00 00 
[2019-11-08 11:59:26]ACC OFF
[2019-11-08 11:59:27]AHT:52
[2019-11-08 11:59:27]MHT:52
[2019-11-08 11:59:28]>>>>>>>>>>>>S:  AA 77 00 05 D7 D0 00 06 04 00 00 00 00 00 
[2019-11-08 11:59:32]>>>>>>>>>>>>S:  AA 77 00 0A D8 D0 00 06 04 00 00 00 00 00 
[2019-11-08 11:59:36]>>>>>>>>>>>>S:  AA 77 00 0B D9 D0 00 06 04 00 00 00 00 00 
[2019-11-08 11:59:37]AHT:53
[2019-11-08 11:59:37]MHT:53
[2019-11-08 11:59:39]>>>>>>>>>>>>S:  AA 77 00 09 DB D0 00 06 04 00 00 00 00 00 
[2019-11-08 11:59:43]>>>>>>>>>>>>S:  AA 77 00 0E DC D0 00 06 04 00 00 00 00 00 
[2019-11-08 11:59:46]>>>>>>>>>>>>S:  AA 77 00 0F DD D0 00 06 04 00 00 00 00 00 
[2019-11-08 11:59:47]AHT:54
[2019-11-08 11:59:47]MHT:54
[2019-11-08 11:59:50]>>>>>>>>>>>>S:  AA 77 00 0D DF D0 00 06 04 00 00 00 00 00 
[2019-11-08 11:59:54]>>>>>>>>>>>>S:  AA 77 00 32 E0 D0 00 06 04 00 00 00 00 00 
[2019-11-08 11:59:57]AHT:55
[2019-11-08 11:59:57]MHT:55
[2019-11-08 11:59:57]>>>>>>>>>>>>S:  AA 77 00 30 E2 D0 00 06 04 00 00 00 00 00 
[2019-11-08 12:00:01]>>>>>>>>>>>>S:  AA 77 00 31 E3 D0 00 06 04 00 00 00 00 00 
[2019-11-08 12:00:04]>>>>>>>>>>>>S:  AA 77 00 36 E4 D0 00 06 04 00 00 00 00 00 
[2019-11-08 12:00:07]AHT:56
[2019-11-08 12:00:07]MHT:56
[2019-11-08 12:00:08]>>>>>>>>>>>>S:  AA 77 00 34 E6 D0 00 06 04 00 00 00 00 00 
[2019-11-08 12:00:11]>>>>>>>>>>>>S:  AA 77 00 35 E7 D0 00 06 04 00 00 00 00 00 
[2019-11-08 12:00:15]>>>>>>>>>>>>S:  AA 77 00 3A E8 D0 00 06 04 00 00 00 00 00 
[2019-11-08 12:00:17]AHT:57
[2019-11-08 12:00:17]MHT:57
[2019-11-08 12:00:19]>>>>>>>>>>>>S:  AA 77 00 38 EA D0 00 06 04 00 00 00 00 00 
[2019-11-08 12:00:22]>>>>>>>>>>>>S:  AA 77 00 39 EB D0 00 06 04 00 00 00 00 00 
[2019-11-08 12:00:24]>>>>>>>>>>>>S:  AA 77 00 3D EC D1 01 02 02 01 
[2019-11-08 12:00:26]>>>>>>>>>>>>S:  AA 77 00 3F ED D0 00 06 04 00 00 00 00 00 
[2019-11-08 12:00:27]AHT:58
[2019-11-08 12:00:27]MHT:58
[2019-11-08 12:00:30]>>>>>>>>>>>>S:  AA 77 00 3D EF D0 00 06 04 00 00 00 00 00 
[2019-11-08 12:00:34]>>>>>>>>>>>>S:  AA 77 00 22 F0 D0 00 06 04 00 00 00 00 00 
[2019-11-08 12:00:37]AHT:59
[2019-11-08 12:00:37]MHT:59
[2019-11-08 12:00:37]>>>>>>>>>>>>S:  AA 77 00 20 F2 D0 00 06 04 00 00 00 00 00 
[2019-11-08 12:00:41]>>>>>>>>>>>>S:  AA 77 00 21 F3 D0 00 06 04 00 00 00 00 00 
[2019-11-08 12:00:44]>>>>>>>>>>>>S:  AA 77 00 26 F4 D0 00 06 04 00 00 00 00 00 
[2019-11-08 12:00:47]AHT:60
[2019-11-08 12:00:47]MHT:60
[2019-11-08 12:00:48]>>>>>>>>>>>>S:  AA 77 00 24 F6 D0 00 06 04 00 00 00 00 00 
[2019-11-08 12:00:51]>>>>>>>>>>>>S:  AA 77 00 25 F7 D0 00 06 04 00 00 00 00 00 
[2019-11-08 12:00:53]>>>>>>>>>>>>S:  AA 77 00 03 F8 A0 00 08 8D 07 E3 0B 08 0C 00 35 
[2019-11-08 12:00:55]>>>>>>>>>>>>S:  AA 77 00 2B F9 D0 00 06 04 00 00 00 00 00 
[2019-11-08 12:00:57]AHT:61
[2019-11-08 12:00:57]MHT:61
[2019-11-08 12:00:58]>>>>>>>>>>>>S:  AA 77 00 29 FB D0 00 06 04 00 00 00 00 00 
[2019-11-08 12:01:02]>>>>>>>>>>>>S:  AA 77 00 2E FC D0 00 06 04 00 00 00 00 00 
[2019-11-08 12:01:05]>>>>>>>>>>>>S:  AA 77 00 2F FD D0 00 06 04 00 00 00 00 00 
[2019-11-08 12:01:07]AHT:62
[2019-11-08 12:01:07]MHT:62
[2019-11-08 12:01:09]>>>>>>>>>>>>S:  AA 77 00 2D FF D0 00 06 04 00 00 00 00 00 
[2019-11-08 12:01:12]>>>>>>>>>>>>S:  AA 77 00 D2 00 D0 00 06 04 00 00 00 00 00 
[2019-11-08 12:01:16]>>>>>>>>>>>>S:  AA 77 00 D3 01 D0 00 06 04 00 00 00 00 00 
[2019-11-08 12:01:17]AHT:63
[2019-11-08 12:01:17]MHT:63
[2019-11-08 12:01:19]>>>>>>>>>>>>S:  AA 77 00 D1 03 D0 00 06 04 00 00 00 00 00 
[2019-11-08 12:01:23]>>>>>>>>>>>>S:  AA 77 00 D6 04 D0 00 06 04 00 00 00 00 00 
[2019-11-08 12:01:26]>>>>>>>>>>>>S:  AA 77 00 D7 05 D0 00 06 04 00 00 00 00 00 
[2019-11-08 12:01:27]AHT:64
[2019-11-08 12:01:27]MHT:64
[2019-11-08 12:01:30]>>>>>>>>>>>>S:  AA 77 00 D5 07 D0 00 06 04 00 00 00 00 00 
[2019-11-08 12:01:33]>>>>>>>>>>>>S:  AA 77 00 DA 08 D0 00 06 04 00 00 00 00 00 
[2019-11-08 12:01:37]AHT:65
[2019-11-08 12:01:37]MHT:65
[2019-11-08 12:01:37]>>>>>>>>>>>>S:  AA 77 00 D8 0A D0 00 06 04 00 00 00 00 00 
[2019-11-08 12:01:40]>>>>>>>>>>>>S:  AA 77 00 D9 0B D0 00 06 04 00 00 00 00 00 
[2019-11-08 12:01:44]>>>>>>>>>>>>S:  AA 77 00 DE 0C D0 00 06 04 00 00 00 00 00 
[2019-11-08 12:01:47]AHT:66
[2019-11-08 12:01:47]MHT:66
[2019-11-08 12:01:47]>>>>>>>>>>>>S:  AA 77 00 DC 0E D0 00 06 04 00 00 00 00 00 
[2019-11-08 12:01:51]>>>>>>>>>>>>S:  AA 77 00 DD 0F D0 00 06 04 00 00 00 00 00 
[2019-11-08 12:01:54]>>>>>>>>>>>>S:  AA 77 00 C2 10 D0 00 06 04 00 00 00 00 00 
[2019-11-08 12:01:57]AHT:67
[2019-11-08 12:01:57]MHT:67
[2019-11-08 12:01:58]>>>>>>>>>>>>S:  AA 77 00 C0 12 D0 00 06 04 00 00 00 00 00 
[2019-11-08 12:02:01]>>>>>>>>>>>>S:  AA 77 00 C1 13 D0 00 06 04 00 00 00 00 00 
[2019-11-08 12:02:05]>>>>>>>>>>>>S:  AA 77 00 C6 14 D0 00 06 04 00 00 00 00 00 
[2019-11-08 12:02:07]AHT:68
[2019-11-08 12:02:07]MHT:68
[2019-11-08 12:02:08]>>>>>>>>>>>>S:  AA 77 00 C4 16 D0 00 06 04 00 00 00 00 00 
[2019-11-08 12:02:12]>>>>>>>>>>>>S:  AA 77 00 C5 17 D0 00 06 04 00 00 00 00 00 
[2019-11-08 12:02:15]>>>>>>>>>>>>S:  AA 77 00 CA 18 D0 00 06 04 00 00 00 00 00 
[2019-11-08 12:02:17]AHT:69
[2019-11-08 12:02:17]MHT:69
[2019-11-08 12:02:19]>>>>>>>>>>>>S:  AA 77 00 C8 1A D0 00 06 04 00 00 00 00 00 
[2019-11-08 12:02:22]>>>>>>>>>>>>S:  AA 77 00 C9 1B D0 00 06 04 00 00 00 00 00 
[2019-11-08 12:02:26]>>>>>>>>>>>>S:  AA 77 00 CE 1C D0 00 06 04 00 00 00 00 00 
[2019-11-08 12:02:27]AHT:70
[2019-11-08 12:02:27]MHT:70
[2019-11-08 12:02:29]>>>>>>>>>>>>S:  AA 77 00 CC 1E D0 00 06 04 00 00 00 00 00 
[2019-11-08 12:02:33]>>>>>>>>>>>>S:  AA 77 00 CD 1F D0 00 06 04 00 00 00 00 00 
[2019-11-08 12:02:36]>>>>>>>>>>>>S:  AA 77 00 F1 20 D1 01 02 02 01 
[2019-11-08 12:02:36]>>>>>>>>>>>>S:  AA 77 00 F3 21 D0 00 06 04 00 00 00 00 00 
[2019-11-08 12:02:37]AHT:71
[2019-11-08 12:02:37]MHT:71
[2019-11-08 12:02:40]>>>>>>>>>>>>S:  AA 77 00 F1 23 D0 00 06 04 00 00 00 00 00 
[2019-11-08 12:02:43]>>>>>>>>>>>>S:  AA 77 00 F6 24 D0 00 06 04 00 00 00 00 00 
[2019-11-08 12:02:47]AHT:72
[2019-11-08 12:02:47]MHT:72
[2019-11-08 12:02:47]>>>>>>>>>>>>S:  AA 77 00 F4 26 D0 00 06 04 00 00 00 00 00 
[2019-11-08 12:02:50]>>>>>>>>>>>>S:  AA 77 00 F5 27 D0 00 06 04 00 00 00 00 00 
[2019-11-08 12:02:54]>>>>>>>>>>>>S:  AA 77 00 FA 28 D0 00 06 04 00 00 00 00 00 
[2019-11-08 12:02:57]AHT:73
[2019-11-08 12:02:57]MHT:73
[2019-11-08 12:02:57]>>>>>>>>>>>>S:  AA 77 00 F8 2A D0 00 06 04 00 00 00 00 00 
[2019-11-08 12:03:01]>>>>>>>>>>>>S:  AA 77 00 F9 2B D0 00 06 04 00 00 00 00 00 
[2019-11-08 12:03:04]>>>>>>>>>>>>S:  AA 77 00 FE 2C D0 00 06 04 00 00 00 00 00 
[2019-11-08 12:03:07]AHT:74
[2019-11-08 12:03:07]MHT:74
[2019-11-08 12:03:08]>>>>>>>>>>>>S:  AA 77 00 FC 2E D0 00 06 04 00 00 00 00 00 
[2019-11-08 12:03:11]>>>>>>>>>>>>S:  AA 77 00 FD 2F D0 00 06 04 00 00 00 00 00 
[2019-11-08 12:03:15]>>>>>>>>>>>>S:  AA 77 00 E2 30 D0 00 06 04 00 00 00 00 00 
[2019-11-08 12:03:17]AHT:75
[2019-11-08 12:03:17]MHT:75
[2019-11-08 12:03:18]>>>>>>>>>>>>S:  AA 77 00 E0 32 D0 00 06 04 00 00 00 00 00 
[2019-11-08 12:03:22]>>>>>>>>>>>>S:  AA 77 00 E1 33 D0 00 06 04 00 00 00 00 00 
[2019-11-08 12:03:25]>>>>>>>>>>>>S:  AA 77 00 E6 34 D0 00 06 04 00 00 00 00 00 
[2019-11-08 12:03:27]AHT:76
[2019-11-08 12:03:27]MHT:76
[2019-11-08 12:03:29]>>>>>>>>>>>>S:  AA 77 00 E4 36 D0 00 06 04 00 00 00 00 00 
[2019-11-08 12:03:32]>>>>>>>>>>>>S:  AA 77 00 E5 37 D0 00 06 04 00 00 00 00 00 
[2019-11-08 12:03:36]>>>>>>>>>>>>S:  AA 77 00 EA 38 D0 00 06 04 00 00 00 00 00 
[2019-11-08 12:03:37]AHT:77
[2019-11-08 12:03:37]MHT:77
[2019-11-08 12:03:39]>>>>>>>>>>>>S:  AA 77 00 E8 3A D0 00 06 04 00 00 00 00 00 
[2019-11-08 12:03:43]>>>>>>>>>>>>S:  AA 77 00 E9 3B D0 00 06 04 00 00 00 00 00 
[2019-11-08 12:03:46]>>>>>>>>>>>>S:  AA 77 00 EE 3C D0 00 06 04 00 00 00 00 00 
[2019-11-08 12:03:47]AHT:78
[2019-11-08 12:03:47]MHT:78
[2019-11-08 12:03:50]>>>>>>>>>>>>S:  AA 77 00 EC 3E D0 00 06 04 00 00 00 00 00 
[2019-11-08 12:03:53]>>>>>>>>>>>>S:  AA 77 00 ED 3F D0 00 06 04 00 00 00 00 00 
[2019-11-08 12:03:57]AHT:79
[2019-11-08 12:03:57]MHT:79
[2019-11-08 12:03:57]>>>>>>>>>>>>S:  AA 77 00 93 41 D0 00 06 04 00 00 00 00 00 
[2019-11-08 12:04:00]>>>>>>>>>>>>S:  AA 77 00 90 42 D0 00 06 04 00 00 00 00 00 
[2019-11-08 12:04:04]>>>>>>>>>>>>S:  AA 77 00 91 43 D0 00 06 04 00 00 00 00 00 
[2019-11-08 12:04:07]AHT:80
[2019-11-08 12:04:07]MHT:80
[2019-11-08 12:04:07]>>>>>>>>>>>>S:  AA 77 00 97 45 D0 00 06 04 00 00 00 00 00 
[2019-11-08 12:04:11]>>>>>>>>>>>>S:  AA 77 00 94 46 D0 00 06 04 00 00 00 00 00 
[2019-11-08 12:04:14]>>>>>>>>>>>>S:  AA 77 00 95 47 D0 00 06 04 00 00 00 00 00 
[2019-11-08 12:04:17]AHT:81
[2019-11-08 12:04:17]MHT:81
[2019-11-08 12:04:18]>>>>>>>>>>>>S:  AA 77 00 9B 49 D0 00 06 04 00 00 00 00 00 
[2019-11-08 12:04:21]>>>>>>>>>>>>S:  AA 77 00 98 4A D0 00 06 04 00 00 00 00 00 
[2019-11-08 12:04:25]>>>>>>>>>>>>S:  AA 77 00 99 4B D0 00 06 04 00 00 00 00 00 
[2019-11-08 12:04:27]AHT:82
[2019-11-08 12:04:27]MHT:82
[2019-11-08 12:04:28]>>>>>>>>>>>>S:  AA 77 00 9F 4D D0 00 06 04 00 00 00 00 00 
[2019-11-08 12:04:32]>>>>>>>>>>>>S:  AA 77 00 9C 4E D0 00 06 04 00 00 00 00 00 
[2019-11-08 12:04:35]>>>>>>>>>>>>S:  AA 77 00 9D 4F D0 00 06 04 00 00 00 00 00 
[2019-11-08 12:04:37]AHT:83
[2019-11-08 12:04:37]MHT:83
[2019-11-08 12:04:39]>>>>>>>>>>>>S:  AA 77 00 83 51 D0 00 06 04 00 00 00 00 00 
[2019-11-08 12:04:42]>>>>>>>>>>>>S:  AA 77 00 80 52 D0 00 06 04 00 00 00 00 00 
[2019-11-08 12:04:45]>>>>>>>>>>>>S:  AA 77 00 81 53 D0 00 06 04 00 00 00 00 00 
[2019-11-08 12:04:47]AHT:84
[2019-11-08 12:04:47]MHT:84
[2019-11-08 12:04:49]>>>>>>>>>>>>S:  AA 77 00 87 55 D0 00 06 04 00 00 00 00 00 
[2019-11-08 12:04:52]>>>>>>>>>>>>S:  AA 77 00 84 56 D0 00 06 04 00 00 00 00 00 
[2019-11-08 12:04:56]>>>>>>>>>>>>S:  AA 77 00 85 57 D0 00 06 04 00 00 00 00 00 
[2019-11-08 12:04:57]AHT:85
[2019-11-08 12:04:57]MHT:85
[2019-11-08 12:04:59]>>>>>>>>>>>>S:  AA 77 00 8B 59 D0 00 06 04 00 00 00 00 00 
[2019-11-08 12:05:03]>>>>>>>>>>>>S:  AA 77 00 8B 5A D1 01 02 02 01 
[2019-11-08 12:05:03]>>>>>>>>>>>>S:  AA 77 00 89 5B D0 00 06 04 00 00 00 00 00 
[2019-11-08 12:05:07]>>>>>>>>>>>>S:  AA 77 00 8E 5C D0 00 06 04 00 00 00 00 00 
[2019-11-08 12:05:07]AHT:86
[2019-11-08 12:05:07]MHT:86
[2019-11-08 12:05:10]>>>>>>>>>>>>S:  AA 77 00 8C 5E D0 00 06 04 00 00 00 00 00 
[2019-11-08 12:05:14]>>>>>>>>>>>>S:  AA 77 00 8D 5F D0 00 06 04 00 00 00 00 00 
[2019-11-08 12:05:17]AHT:87
[2019-11-08 12:05:17]MHT:87
[2019-11-08 12:05:17]>>>>>>>>>>>>S:  AA 77 00 B3 61 D0 00 06 04 00 00 00 00 00 
[2019-11-08 12:05:21]>>>>>>>>>>>>S:  AA 77 00 B0 62 D0 00 06 04 00 00 00 00 00 
[2019-11-08 12:05:24]>>>>>>>>>>>>S:  AA 77 00 B1 63 D0 00 06 04 00 00 00 00 00 
[2019-11-08 12:05:27]AHT:88
[2019-11-08 12:05:27]MHT:88
[2019-11-08 12:05:28]>>>>>>>>>>>>S:  AA 77 00 B7 65 D0 00 06 04 00 00 00 00 00 
[2019-11-08 12:05:31]>>>>>>>>>>>>S:  AA 77 00 B4 66 D0 00 06 04 00 00 00 00 00 
[2019-11-08 12:05:35]>>>>>>>>>>>>S:  AA 77 00 B5 67 D0 00 06 04 00 00 00 00 00 
[2019-11-08 12:05:37]AHT:89
[2019-11-08 12:05:37]MHT:89
[2019-11-08 12:05:38]>>>>>>>>>>>>S:  AA 77 00 BB 69 D0 00 06 04 00 00 00 00 00 
[2019-11-08 12:05:42]>>>>>>>>>>>>S:  AA 77 00 B8 6A D0 00 06 04 00 00 00 00 00 
[2019-11-08 12:05:45]>>>>>>>>>>>>S:  AA 77 00 B9 6B D0 00 06 04 00 00 00 00 00 
[2019-11-08 12:05:47]AHT:90
[2019-11-08 12:05:47]MHT:90
[2019-11-08 12:05:49]>>>>>>>>>>>>S:  AA 77 00 BF 6D D0 00 06 04 00 00 00 00 00 
[2019-11-08 12:05:52]>>>>>>>>>>>>S:  AA 77 00 BC 6E D0 00 06 04 00 00 00 00 00 
[2019-11-08 12:05:56]>>>>>>>>>>>>S:  AA 77 00 BD 6F D0 00 06 04 00 00 00 00 00 
[2019-11-08 12:05:57]AHT:91
[2019-11-08 12:05:57]MHT:91
[2019-11-08 12:05:59]>>>>>>>>>>>>S:  AA 77 00 A3 71 D0 00 06 04 00 00 00 00 00 
[2019-11-08 12:06:03]>>>>>>>>>>>>S:  AA 77 00 A0 72 D0 00 06 04 00 00 00 00 00 
[2019-11-08 12:06:06]>>>>>>>>>>>>S:  AA 77 00 A1 73 D0 00 06 04 00 00 00 00 00 
[2019-11-08 12:06:07]AHT:92
[2019-11-08 12:06:07]MHT:92
[2019-11-08 12:06:10]>>>>>>>>>>>>S:  AA 77 00 A7 75 D0 00 06 04 00 00 00 00 00 
[2019-11-08 12:06:10]>>>>>>>>>>>>S:  AA 77 00 A7 76 D1 01 02 02 01 
[2019-11-08 12:06:13]>>>>>>>>>>>>S:  AA 77 00 A5 77 D0 00 06 04 00 00 00 00 00 
[2019-11-08 12:06:17]>>>>>>>>>>>>S:  AA 77 00 AA 78 D0 00 06 04 00 00 00 00 00 
[2019-11-08 12:06:17]AHT:93
[2019-11-08 12:06:17]MHT:93
[2019-11-08 12:06:20]>>>>>>>>>>>>S:  AA 77 00 A8 7A D0 00 06 04 00 00 00 00 00 
[2019-11-08 12:06:24]>>>>>>>>>>>>S:  AA 77 00 A9 7B D0 00 06 04 00 00 00 00 00 
[2019-11-08 12:06:27]AHT:94
[2019-11-08 12:06:27]MHT:94
[2019-11-08 12:06:27]>>>>>>>>>>>>S:  AA 77 00 AF 7D D0 00 06 04 00 00 00 00 00 
[2019-11-08 12:06:31]>>>>>>>>>>>>S:  AA 77 00 AC 7E D0 00 06 04 00 00 00 00 00 
[2019-11-08 12:06:34]>>>>>>>>>>>>S:  AA 77 00 AD 7F D0 00 06 04 00 00 00 00 00 
[2019-11-08 12:06:37]AHT:95
[2019-11-08 12:06:37]MHT:95
[2019-11-08 12:06:38]>>>>>>>>>>>>S:  AA 77 00 53 81 D0 00 06 04 00 00 00 00 00 
[2019-11-08 12:06:41]>>>>>>>>>>>>S:  AA 77 00 50 82 D0 00 06 04 00 00 00 00 00 
[2019-11-08 12:06:42]>>>>>>>>>>>>S:  AA 77 00 52 83 D1 01 02 02 01 
[2019-11-08 12:06:45]>>>>>>>>>>>>S:  AA 77 00 56 84 D0 00 06 04 00 00 00 00 00 
[2019-11-08 12:06:47]AHT:96
[2019-11-08 12:06:47]MHT:96
[2019-11-08 12:06:48]>>>>>>>>>>>>S:  AA 77 00 54 86 D0 00 06 04 00 00 00 00 00 
[2019-11-08 12:06:52]>>>>>>>>>>>>S:  AA 77 00 55 87 D0 00 06 04 00 00 00 00 00 
[2019-11-08 12:06:55]>>>>>>>>>>>>S:  AA 77 00 5A 88 D0 00 06 04 00 00 00 00 00 
[2019-11-08 12:06:57]AHT:97
[2019-11-08 12:06:57]MHT:97
[2019-11-08 12:06:59]>>>>>>>>>>>>S:  AA 77 00 58 8A D0 00 06 04 00 00 00 00 00 
[2019-11-08 12:07:02]>>>>>>>>>>>>S:  AA 77 00 59 8B D0 00 06 04 00 00 00 00 00 
[2019-11-08 12:07:06]>>>>>>>>>>>>S:  AA 77 00 5E 8C D0 00 06 04 00 00 00 00 00 
[2019-11-08 12:07:07]AHT:98
[2019-11-08 12:07:07]MHT:98
[2019-11-08 12:07:09]>>>>>>>>>>>>S:  AA 77 00 5C 8E D0 00 06 04 00 00 00 00 00 
[2019-11-08 12:07:13]>>>>>>>>>>>>S:  AA 77 00 5D 8F D0 00 06 04 00 00 00 00 00 
[2019-11-08 12:07:13]>>>>>>>>>>>>S:  AA 77 00 41 90 D1 01 02 02 01 
[2019-11-08 12:07:16]>>>>>>>>>>>>S:  AA 77 00 43 91 D0 00 06 04 00 00 00 00 00 
[2019-11-08 12:07:17]AHT:99
[2019-11-08 12:07:17]MHT:99
[2019-11-08 12:07:20]>>>>>>>>>>>>S:  AA 77 00 41 93 D0 00 06 04 00 00 00 00 00 
[2019-11-08 12:07:23]>>>>>>>>>>>>S:  AA 77 00 46 94 D0 00 06 04 00 00 00 00 00 
[2019-11-08 12:07:27]>>>>>>>>>>>>S:  AA 77 00 47 95 D0 00 06 04 00 00 00 00 00 
[2019-11-08 12:07:27]AHT:100
[2019-11-08 12:07:27]MHT:100
[2019-11-08 12:07:30]>>>>>>>>>>>>S:  AA 77 00 45 97 D0 00 06 04 00 00 00 00 00 
[2019-11-08 12:07:34]>>>>>>>>>>>>S:  AA 77 00 4A 98 D0 00 06 04 00 00 00 00 00 
[2019-11-08 12:07:37]AHT:101
[2019-11-08 12:07:37]MHT:101
[2019-11-08 12:07:37]>>>>>>>>>>>>S:  AA 77 00 48 9A D0 00 06 04 00 00 00 00 00 
[2019-11-08 12:07:41]>>>>>>>>>>>>S:  AA 77 00 49 9B D0 00 06 04 00 00 00 00 00 
[2019-11-08 12:07:44]>>>>>>>>>>>>S:  AA 77 00 4E 9C D0 00 06 04 00 00 00 00 00 
[2019-11-08 12:07:47]AHT:102
[2019-11-08 12:07:47]MHT:102
[2019-11-08 12:07:48]>>>>>>>>>>>>S:  AA 77 00 4C 9E D0 00 06 04 00 00 00 00 00 
[2019-11-08 12:07:51]>>>>>>>>>>>>S:  AA 77 00 4D 9F D0 00 06 04 00 00 00 00 00 
[2019-11-08 12:07:55]>>>>>>>>>>>>S:  AA 77 00 72 A0 D0 00 06 04 00 00 00 00 00 
[2019-11-08 12:07:57]AHT:103
[2019-11-08 12:07:57]MHT:103
[2019-11-08 12:07:58]>>>>>>>>>>>>S:  AA 77 00 70 A2 D0 00 06 04 00 00 00 00 00 
[2019-11-08 12:08:01]>>>>>>>>>>>>S:  AA 77 00 71 A3 D0 00 06 04 00 00 00 00 00 
[2019-11-08 12:08:05]>>>>>>>>>>>>S:  AA 77 00 76 A4 D0 00 06 04 00 00 00 00 00 
[2019-11-08 12:08:07]AHT:104
[2019-11-08 12:08:07]MHT:104
[2019-11-08 12:08:08]>>>>>>>>>>>>S:  AA 77 00 74 A6 D0 00 06 04 00 00 00 00 00 
[2019-11-08 12:08:12]>>>>>>>>>>>>S:  AA 77 00 75 A7 D0 00 06 04 00 00 00 00 00 
[2019-11-08 12:08:15]>>>>>>>>>>>>S:  AA 77 00 7A A8 D0 00 06 04 00 00 00 00 00 
[2019-11-08 12:08:17]AHT:105
[2019-11-08 12:08:17]MHT:105
[2019-11-08 12:08:19]>>>>>>>>>>>>S:  AA 77 00 78 AA D0 00 06 04 00 00 00 00 00 
[2019-11-08 12:08:22]>>>>>>>>>>>>S:  AA 77 00 79 AB D0 00 06 04 00 00 00 00 00 
[2019-11-08 12:08:26]>>>>>>>>>>>>S:  AA 77 00 7E AC D0 00 06 04 00 00 00 00 00 
[2019-11-08 12:08:27]AHT:106
[2019-11-08 12:08:27]MHT:106
[2019-11-08 12:08:29]>>>>>>>>>>>>S:  AA 77 00 7C AE D0 00 06 04 00 00 00 00 00 
[2019-11-08 12:08:33]>>>>>>>>>>>>S:  AA 77 00 7D AF D0 00 06 04 00 00 00 00 00 
[2019-11-08 12:08:36]>>>>>>>>>>>>S:  AA 77 00 62 B0 D0 00 06 04 00 00 00 00 00 
[2019-11-08 12:08:37]AHT:107
[2019-11-08 12:08:37]MHT:107
[2019-11-08 12:08:40]>>>>>>>>>>>>S:  AA 77 00 60 B2 D0 00 06 04 00 00 00 00 00 
[2019-11-08 12:08:43]>>>>>>>>>>>>S:  AA 77 00 61 B3 D0 00 06 04 00 00 00 00 00 
[2019-11-08 12:08:47]>>>>>>>>>>>>S:  AA 77 00 66 B4 D0 00 06 04 00 00 00 00 00 
[2019-11-08 12:08:47]AHT:108
[2019-11-08 12:08:47]MHT:108
[2019-11-08 12:08:50]>>>>>>>>>>>>S:  AA 77 00 64 B6 D0 00 06 04 00 00 00 00 00 
[2019-11-08 12:08:54]>>>>>>>>>>>>S:  AA 77 00 65 B7 D0 00 06 04 00 00 00 00 00 
[2019-11-08 12:08:57]AHT:109
[2019-11-08 12:08:57]MHT:109
[2019-11-08 12:08:57]>>>>>>>>>>>>S:  AA 77 00 6B B9 D0 00 06 04 00 00 00 00 00 
[2019-11-08 12:09:01]>>>>>>>>>>>>S:  AA 77 00 68 BA D0 00 06 04 00 00 00 00 00 
[2019-11-08 12:09:04]>>>>>>>>>>>>S:  AA 77 00 69 BB D0 00 06 04 00 00 00 00 00 
[2019-11-08 12:09:07]AHT:110
[2019-11-08 12:09:07]MHT:110
[2019-11-08 12:09:08]>>>>>>>>>>>>S:  AA 77 00 6F BD D0 00 06 04 00 00 00 00 00 
[2019-11-08 12:09:11]>>>>>>>>>>>>S:  AA 77 00 6C BE D0 00 06 04 00 00 00 00 00 
[2019-11-08 12:09:15]>>>>>>>>>>>>S:  AA 77 00 6D BF D0 00 06 04 00 00 00 00 00 
[2019-11-08 12:09:17]AHT:111
[2019-11-08 12:09:17]MHT:111
[2019-11-08 12:09:18]>>>>>>>>>>>>S:  AA 77 00 13 C1 D0 00 06 04 00 00 00 00 00 
[2019-11-08 12:09:22]>>>>>>>>>>>>S:  AA 77 00 10 C2 D0 00 06 04 00 00 00 00 00 
[2019-11-08 12:09:25]>>>>>>>>>>>>S:  AA 77 00 11 C3 D0 00 06 04 00 00 00 00 00 
[2019-11-08 12:09:27]AHT:112
[2019-11-08 12:09:27]MHT:112
[2019-11-08 12:09:29]>>>>>>>>>>>>S:  AA 77 00 17 C5 D0 00 06 04 00 00 00 00 00 
[2019-11-08 12:09:32]>>>>>>>>>>>>S:  AA 77 00 14 C6 D0 00 06 04 00 00 00 00 00 
[2019-11-08 12:09:36]>>>>>>>>>>>>S:  AA 77 00 15 C7 D0 00 06 04 00 00 00 00 00 
[2019-11-08 12:09:37]AHT:113
[2019-11-08 12:09:37]MHT:113
[2019-11-08 12:09:39]>>>>>>>>>>>>S:  AA 77 00 1B C9 D0 00 06 04 00 00 00 00 00 
[2019-11-08 12:09:43]>>>>>>>>>>>>S:  AA 77 00 18 CA D0 00 06 04 00 00 00 00 00 
[2019-11-08 12:09:46]>>>>>>>>>>>>S:  AA 77 00 19 CB D0 00 06 04 00 00 00 00 00 
[2019-11-08 12:09:47]AHT:114
[2019-11-08 12:09:47]MHT:114
[2019-11-08 12:09:49]>>>>>>>>>>>>S:  AA 77 00 1F CD D0 00 06 04 00 00 00 00 00 
[2019-11-08 12:09:53]>>>>>>>>>>>>S:  AA 77 00 1C CE D0 00 06 04 00 00 00 00 00 
[2019-11-08 12:09:57]>>>>>>>>>>>>S:  AA 77 00 1D CF D0 00 06 04 00 00 00 00 00 
[2019-11-08 12:09:57]AHT:115
[2019-11-08 12:09:57]MHT:115
[2019-11-08 12:10:00]>>>>>>>>>>>>S:  AA 77 00 03 D1 D0 00 06 04 00 00 00 00 00 
[2019-11-08 12:10:04]>>>>>>>>>>>>S:  AA 77 00 00 D2 D0 00 06 04 00 00 00 00 00 
[2019-11-08 12:10:07]AHT:116
[2019-11-08 12:10:07]MHT:116
[2019-11-08 12:10:07]>>>>>>>>>>>>S:  AA 77 00 06 D4 D0 00 06 04 00 00 00 00 00 
[2019-11-08 12:10:11]>>>>>>>>>>>>S:  AA 77 00 07 D5 D0 00 06 04 00 00 00 00 00 
[2019-11-08 12:10:14]>>>>>>>>>>>>S:  AA 77 00 04 D6 D0 00 06 04 00 00 00 00 00 
[2019-11-08 12:10:17]AHT:117
[2019-11-08 12:10:17]MHT:117
[2019-11-08 12:10:18]>>>>>>>>>>>>S:  AA 77 00 0A D8 D0 00 06 04 00 00 00 00 00 
[2019-11-08 12:10:21]>>>>>>>>>>>>S:  AA 77 00 0B D9 D0 00 06 04 00 00 00 00 00 
[2019-11-08 12:10:25]>>>>>>>>>>>>S:  AA 77 00 08 DA D0 00 06 04 00 00 00 00 00 
[2019-11-08 12:10:27]AHT:118
[2019-11-08 12:10:27]MHT:118
[2019-11-08 12:10:28]>>>>>>>>>>>>S:  AA 77 00 0E DC D0 00 06 04 00 00 00 00 00 
[2019-11-08 12:10:32]>>>>>>>>>>>>S:  AA 77 00 0F DD D0 00 06 04 00 00 00 00 00 
[2019-11-08 12:10:35]>>>>>>>>>>>>S:  AA 77 00 0C DE D0 00 06 04 00 00 00 00 00 
[2019-11-08 12:10:37]AHT:119
[2019-11-08 12:10:37]MHT:119
[2019-11-08 12:10:39]>>>>>>>>>>>>S:  AA 77 00 32 E0 D0 00 06 04 00 00 00 00 00 
[2019-11-08 12:10:42]>>>>>>>>>>>>S:  AA 77 00 33 E1 D0 00 06 04 00 00 00 00 00 
[2019-11-08 12:10:46]>>>>>>>>>>>>S:  AA 77 00 30 E2 D0 00 06 04 00 00 00 00 00 
[2019-11-08 12:10:47]AHT:120
[2019-11-08 12:10:47]MHT:120
[2019-11-08 12:10:49]>>>>>>>>>>>>S:  AA 77 00 36 E4 D0 00 06 04 00 00 00 00 00 
[2019-11-08 12:10:53]>>>>>>>>>>>>S:  AA 77 00 37 E5 D0 00 06 04 00 00 00 00 00 
[2019-11-08 12:10:56]>>>>>>>>>>>>S:  AA 77 00 34 E6 D0 00 06 04 00 00 00 00 00 
[2019-11-08 12:10:57]AHT:121
[2019-11-08 12:10:57]MHT:121
[2019-11-08 12:10:59]>>>>>>>>>>>>S:  AA 77 00 17 E8 A0 00 08 8D 07 E3 0B 08 0C 0A 3B 
[2019-11-08 12:11:00]>>>>>>>>>>>>S:  AA 77 00 3B E9 D0 00 06 04 00 00 00 00 00 
[2019-11-08 12:11:03]>>>>>>>>>>>>S:  AA 77 00 38 EA D0 00 06 04 00 00 00 00 00 
[2019-11-08 12:11:07]AHT:122
[2019-11-08 12:11:07]MHT:122
[2019-11-08 12:11:07]>>>>>>>>>>>>S:  AA 77 00 3E EC D0 00 06 04 00 00 00 00 00 
[2019-11-08 12:11:11]>>>>>>>>>>>>S:  AA 77 00 3F ED D0 00 06 04 00 00 00 00 00 
[2019-11-08 12:11:14]>>>>>>>>>>>>S:  AA 77 00 3C EE D0 00 06 04 00 00 00 00 00 
[2019-11-08 12:11:17]AHT:123
[2019-11-08 12:11:17]MHT:123
[2019-11-08 12:11:18]>>>>>>>>>>>>S:  AA 77 00 22 F0 D0 00 06 04 00 00 00 00 00 
[2019-11-08 12:11:21]>>>>>>>>>>>>S:  AA 77 00 23 F1 D0 00 06 04 00 00 00 00 00 
[2019-11-08 12:11:25]>>>>>>>>>>>>S:  AA 77 00 20 F2 D0 00 06 04 00 00 00 00 00 
[2019-11-08 12:11:27]AHT:124
[2019-11-08 12:11:27]MHT:124
[2019-11-08 12:11:28]>>>>>>>>>>>>S:  AA 77 00 26 F4 D0 00 06 04 00 00 00 00 00 
[2019-11-08 12:11:32]>>>>>>>>>>>>S:  AA 77 00 27 F5 D0 00 06 04 00 00 00 00 00 
[2019-11-08 12:11:35]>>>>>>>>>>>>S:  AA 77 00 24 F6 D0 00 06 04 00 00 00 00 00 
