[1980-01-06 08:00:41]               /\  /\                
[1980-01-06 08:00:41]***************  \/  *****************
[1980-01-06 08:00:41]                                      
[1980-01-06 08:00:41] mcu-service start!!!!                
[1980-01-06 08:00:41] build: Sep 18 2019 09:52:19 
[1980-01-06 08:00:41] build: 06 17 2019 09:13:18           
[1980-01-06 08:00:41]                                      
[1980-01-06 08:00:41]**************************************
[1980-01-06 08:00:41]class McuServiceStubImpl construction
[1980-01-06 08:00:41]McuService registerService Done.ret: 1
[1980-01-06 08:00:41]new VDDataModel()
[1980-01-06 08:00:41]initVehicleData done
[1980-01-06 08:00:41]initPowerData done
[1980-01-06 08:00:41]initAccIgnData done
[1980-01-06 08:00:41]initHandShake done
[1980-01-06 08:00:41]initArmRebootReasonData done
[1980-01-06 08:00:41]iniModeData done
[1980-01-06 08:00:41]iniMfgData done
[1980-01-06 08:00:41]registerPowerDataChangeCb Done
[1980-01-06 08:00:41]registerAccIgnChangeCb Done
[1980-01-06 08:00:41]registerPhoneCallChangeCb Done
[1980-01-06 08:00:41]registerHandShakeChangeCb Done
[1980-01-06 08:00:41]registerModeChangeCb Done
[1980-01-06 08:00:41]class mcuUpgradeServiceStubImpl construction
[1980-01-06 08:00:41]McuUpgradeDataService registerService Done, ret:1
[1980-01-06 08:00:41]new MCUpdateDataModel()
[1980-01-06 08:00:41]autolinkMcuServiceSpiInit -> start
[1980-01-06 08:00:41]set: spi mode: 3
[1980-01-06 08:00:41]get: spi mode: 3
[1980-01-06 08:00:41]get: lsb first: 0
[1980-01-06 08:00:41]get: bits per word: 8
[1980-01-06 08:00:41]get: max speed: 4000000 Hz (4000 KHz)
[1980-01-06 08:00:41]WaitRecv thread. tid: 1509
[1980-01-06 08:00:41]autolinkMcuServiceSpiInit -> end
[1980-01-06 08:00:41]autolinkCheckMcuArmHandShakeThread thread. tid: 1518
[1980-01-06 08:00:41]autolinkAckCheckThread thread. tid: 1515
[1980-01-06 08:00:41]autolinkMcuQemuThread thread. tid: 1517
[1980-01-06 08:00:41]autolinkMcuParseDataThread thread. tid: 1516
[1980-01-06 08:00:45]new VDDataModelCtrl()
[1980-01-06 08:00:45]VDDataModelCtrl is constructed
[1980-01-06 08:00:47]>>>>>>>>>>>>S:  AA 77 00 23 00 A0 00 00 02 80 01 
[1980-01-06 08:00:47]try handshake 1 times
[1980-01-06 08:00:48]spi io_state: 0, invalid.
[1980-01-06 08:00:49]>>>>>>>>>>>>S:  AA 77 00 C2 01 D1 01 00 03 10 00 00 
[1980-01-06 08:00:50]>>>>>>>>>>>>S:  AA 77 00 21 02 A0 00 00 02 80 01 
[1980-01-06 08:00:50]try handshake 2 times
[1980-01-06 08:00:50]>>>>>>>>>>>>S:  AA 77 00 C0 03 D1 01 00 03 10 00 00 
[1980-01-06 08:00:51]>>>>>>>>>>>>S:  AA 77 00 C6 04 D0 00 00 02 11 01 
[1980-01-06 08:00:51]>>>>>>>>>>>>S:  AA 77 00 C6 05 D1 01 00 03 10 00 00 
[1980-01-06 08:00:52]>>>>>>>>>>>>S:  AA 77 00 C5 06 D1 01 00 03 10 00 00 
[1980-01-06 08:00:53]>>>>>>>>>>>>S:  AA 77 00 24 07 A0 00 00 02 80 01 
[1980-01-06 08:00:53]try handshake 3 times
[1980-01-06 08:00:53]>>>>>>>>>>>>S:  AA 77 00 CB 08 D1 01 00 03 10 00 00 
[1980-01-06 08:00:54]>>>>>>>>>>>>S:  AA 77 00 CA 09 D1 01 00 03 10 00 00 
[1980-01-06 08:00:55]>>>>>>>>>>>>S:  AA 77 00 C9 0A D1 01 00 03 10 00 00 
[1980-01-06 08:00:56]>>>>>>>>>>>>S:  AA 77 00 28 0B A0 00 00 02 80 01 
[1980-01-06 08:00:56]try handshake 4 times
[1980-01-06 08:00:56]>>>>>>>>>>>>S:  AA 77 00 CF 0C D1 01 00 03 10 00 00 
[1980-01-06 08:00:56]>>>>>>>>>>>>S:  AA 77 00 D4 0D D1 00 00 03 0F 04 00 
[1980-01-06 08:00:57]>>>>>>>>>>>>S:  AA 77 00 CD 0E D1 01 00 03 10 00 00 
[1980-01-06 08:00:58]>>>>>>>>>>>>S:  AA 77 00 CC 0F D1 01 00 03 10 00 00 
[1980-01-06 08:00:59]>>>>>>>>>>>>S:  AA 77 00 33 10 A0 00 00 02 80 01 
[1980-01-06 08:00:59]try handshake 5 times
[1980-01-06 08:00:59]>>>>>>>>>>>>S:  AA 77 00 D2 11 D1 01 00 03 10 00 00 
[1980-01-06 08:01:00]>>>>>>>>>>>>S:  AA 77 00 D1 12 D1 01 00 03 10 00 00 
[1980-01-06 08:01:01]>>>>>>>>>>>>S:  AA 77 00 D1 13 D0 00 00 02 11 01 
[1980-01-06 08:01:01]>>>>>>>>>>>>S:  AA 77 00 D7 14 D1 01 00 03 10 00 00 
[1980-01-06 08:01:02]>>>>>>>>>>>>S:  AA 77 00 CD 15 D1 00 00 03 0F 01 04 
[1980-01-06 08:01:02]>>>>>>>>>>>>S:  AA 77 00 35 16 A0 00 00 02 80 01 
[1980-01-06 08:01:02]try handshake 6 times
[1980-01-06 08:01:02]>>>>>>>>>>>>S:  AA 77 00 D4 17 D1 01 00 03 10 00 00 
[1980-01-06 08:01:03]>>>>>>>>>>>>S:  AA 77 00 DB 18 D1 01 00 03 10 00 00 
[1980-01-06 08:01:04]>>>>>>>>>>>>S:  AA 77 00 DA 19 D1 01 00 03 10 00 00 
[1980-01-06 08:01:05]>>>>>>>>>>>>S:  AA 77 00 39 1A A0 00 00 02 80 01 
[1980-01-06 08:01:05]try handshake 7 times
[1980-01-06 08:01:05]>>>>>>>>>>>>S:  AA 77 00 D8 1B D1 01 00 03 10 00 00 
[1980-01-06 08:01:06]>>>>>>>>>>>>S:  AA 77 00 DF 1C D1 01 00 03 10 00 00 
[1980-01-06 08:01:07]>>>>>>>>>>>>S:  AA 77 00 C5 1D D1 00 00 03 0F 01 04 
[1980-01-06 08:01:07]>>>>>>>>>>>>S:  AA 77 00 DD 1E D1 01 00 03 10 00 00 
[1980-01-06 08:01:08]>>>>>>>>>>>>S:  AA 77 00 3C 1F A0 00 00 02 80 01 
[1980-01-06 08:01:08]try handshake 8 times
[1980-01-06 08:01:08]>>>>>>>>>>>>S:  AA 77 00 E3 20 D1 01 00 03 10 00 00 
[1980-01-06 08:01:10]>>>>>>>>>>>>S:  AA 77 00 E2 21 D1 01 00 03 10 00 00 
[1980-01-06 08:01:11]>>>>>>>>>>>>S:  AA 77 00 E0 22 D0 00 00 02 11 01 
[1980-01-06 08:01:11]>>>>>>>>>>>>S:  AA 77 00 E0 23 D1 01 00 03 10 00 00 
[1980-01-06 08:01:11]>>>>>>>>>>>>S:  AA 77 00 07 24 A0 00 00 02 80 01 
[1980-01-06 08:01:11]try handshake 9 times
[2019-10-30 09:09:52]>>>>>>>>>>>>S:  AA 77 00 FD 25 D1 00 00 03 0F 01 04 
[2019-10-30 09:09:52]>>>>>>>>>>>>S:  AA 77 00 E5 26 D1 01 00 03 10 00 00 
[2019-10-30 09:09:53]>>>>>>>>>>>>S:  AA 77 00 E4 27 D1 01 00 03 10 00 00 
[2019-10-30 09:09:54]>>>>>>>>>>>>S:  AA 77 00 EB 28 D1 01 00 03 10 00 00 
[2019-10-30 09:09:54]>>>>>>>>>>>>S:  AA 77 00 0A 29 A0 00 00 02 80 01 
[2019-10-30 09:09:54]try handshake 10 times
[2019-10-30 09:09:55]>>>>>>>>>>>>S:  AA 77 00 E9 2A D1 01 00 03 10 00 00 
[2019-10-30 09:09:56]>>>>>>>>>>>>S:  AA 77 00 E8 2B D1 01 00 03 10 00 00 
[2019-10-30 09:09:57]>>>>>>>>>>>>S:  AA 77 00 F4 2C D1 00 00 03 0F 01 04 
[2019-10-30 09:09:57]>>>>>>>>>>>>S:  AA 77 00 EE 2D D1 01 00 03 10 00 00 
[2019-10-30 09:09:57]>>>>>>>>>>>>S:  AA 77 00 0D 2E A0 00 00 02 80 01 
[2019-10-30 09:09:57]try handshake 11 times
[2019-10-30 09:09:58]>>>>>>>>>>>>S:  AA 77 00 EC 2F D1 01 00 03 10 00 00 
[2019-10-30 09:09:59]>>>>>>>>>>>>S:  AA 77 00 F3 30 D1 01 00 03 10 00 00 
[2019-10-30 09:10:00]>>>>>>>>>>>>S:  AA 77 00 F2 31 D1 01 00 03 10 00 00 
[2019-10-30 09:10:00]>>>>>>>>>>>>S:  AA 77 00 11 32 A0 00 00 02 80 01 
[2019-10-30 09:10:00]try handshake 12 times
[2019-10-30 09:10:01]>>>>>>>>>>>>S:  AA 77 00 F1 33 D0 00 00 02 11 01 
[2019-10-30 09:10:01]>>>>>>>>>>>>S:  AA 77 00 F7 34 D1 01 00 03 10 00 00 
[2019-10-30 09:10:02]>>>>>>>>>>>>S:  AA 77 00 ED 35 D1 00 00 03 0F 01 04 
[2019-10-30 09:10:02]>>>>>>>>>>>>S:  AA 77 00 F5 36 D1 01 00 03 10 00 00 
[2019-10-30 09:10:03]>>>>>>>>>>>>S:  AA 77 00 F4 37 D1 01 00 03 10 00 00 
[2019-10-30 09:10:03]>>>>>>>>>>>>S:  AA 77 00 1B 38 A0 00 00 02 80 01 
[2019-10-30 09:10:03]try handshake 13 times
[2019-10-30 09:10:04]>>>>>>>>>>>>S:  AA 77 00 FA 39 D1 01 00 03 10 00 00 
[2019-10-30 09:10:05]>>>>>>>>>>>>S:  AA 77 00 F9 3A D1 01 00 03 10 00 00 
[2019-10-30 09:10:06]>>>>>>>>>>>>S:  AA 77 00 18 3B A0 00 00 02 80 01 
[2019-10-30 09:10:06]try handshake 14 times
[2019-10-30 09:10:07]>>>>>>>>>>>>S:  AA 77 00 FF 3C D1 01 00 03 10 00 00 
[2019-10-30 09:10:07]>>>>>>>>>>>>S:  AA 77 00 E5 3D D1 00 00 03 0F 01 04 
[2019-10-30 09:10:08]>>>>>>>>>>>>S:  AA 77 00 FD 3E D1 01 00 03 10 00 00 
[2019-10-30 09:10:09]>>>>>>>>>>>>S:  AA 77 00 FC 3F D1 01 00 03 10 00 00 
[2019-10-30 09:10:09]>>>>>>>>>>>>S:  AA 77 00 63 40 A0 00 00 02 80 01 
[2019-10-30 09:10:09]try handshake 15 times
[2019-10-30 09:10:10]>>>>>>>>>>>>S:  AA 77 00 82 41 D1 01 00 03 10 00 00 
[2019-10-30 09:10:11]>>>>>>>>>>>>S:  AA 77 00 81 42 D1 01 00 03 10 00 00 
[2019-10-30 09:10:11]>>>>>>>>>>>>S:  AA 77 00 81 43 D0 00 00 02 11 01 
[2019-10-30 09:10:12]>>>>>>>>>>>>S:  AA 77 00 87 44 D1 01 00 03 10 00 00 
[2019-10-30 09:10:12]>>>>>>>>>>>>S:  AA 77 00 9D 45 D1 00 00 03 0F 01 04 
[2019-10-30 09:10:12]>>>>>>>>>>>>S:  AA 77 00 65 46 A0 00 00 02 80 01 
[2019-10-30 09:10:12]try handshake 16 times
[2019-10-30 09:10:13]>>>>>>>>>>>>S:  AA 77 00 84 47 D1 01 00 03 10 00 00 
[2019-10-30 09:10:14]>>>>>>>>>>>>S:  AA 77 00 8B 48 D1 01 00 03 10 00 00 
[2019-10-30 09:10:15]>>>>>>>>>>>>S:  AA 77 00 8A 49 D1 01 00 03 10 00 00 
[2019-10-30 09:10:15]>>>>>>>>>>>>S:  AA 77 00 69 4A A0 00 00 02 80 01 
[2019-10-30 09:10:15]try handshake 17 times
[2019-10-30 09:10:16]>>>>>>>>>>>>S:  AA 77 00 88 4B D1 01 00 03 10 00 00 
[2019-10-30 09:10:17]>>>>>>>>>>>>S:  AA 77 00 8F 4C D1 01 00 03 10 00 00 
[2019-10-30 09:10:17]>>>>>>>>>>>>S:  AA 77 00 95 4D D1 00 00 03 0F 01 04 
[2019-10-30 09:10:18]>>>>>>>>>>>>S:  AA 77 00 8D 4E D1 01 00 03 10 00 00 
[2019-10-30 09:10:18]>>>>>>>>>>>>S:  AA 77 00 6C 4F A0 00 00 02 80 01 
[2019-10-30 09:10:18]try handshake 18 times
[2019-10-30 09:10:19]>>>>>>>>>>>>S:  AA 77 00 93 50 D1 01 00 03 10 00 00 
[2019-10-30 09:10:20]>>>>>>>>>>>>S:  AA 77 00 92 51 D1 01 00 03 10 00 00 
[2019-10-30 09:10:21]>>>>>>>>>>>>S:  AA 77 00 91 52 D1 01 00 03 10 00 00 
[2019-10-30 09:10:21]>>>>>>>>>>>>S:  AA 77 00 91 53 D0 00 00 02 11 01 
[2019-10-30 09:10:21]>>>>>>>>>>>>S:  AA 77 00 77 54 A0 00 00 02 80 01 
[2019-10-30 09:10:21]try handshake 19 times
[2019-10-30 09:10:22]>>>>>>>>>>>>S:  AA 77 00 96 55 D1 01 00 03 10 00 00 
[2019-10-30 09:10:22]>>>>>>>>>>>>S:  AA 77 00 8E 56 D1 00 00 03 0F 01 04 
[2019-10-30 09:10:23]>>>>>>>>>>>>S:  AA 77 00 94 57 D1 01 00 03 10 00 00 
[2019-10-30 09:10:24]>>>>>>>>>>>>S:  AA 77 00 9B 58 D1 01 00 03 10 00 00 
[2019-10-30 09:10:24]>>>>>>>>>>>>S:  AA 77 00 7A 59 A0 00 00 02 80 01 
[2019-10-30 09:10:24]try handshake 20 times
[2019-10-30 09:10:25]>>>>>>>>>>>>S:  AA 77 00 99 5A D1 01 00 03 10 00 00 
[2019-10-30 09:10:26]>>>>>>>>>>>>S:  AA 77 00 98 5B D1 01 00 03 10 00 00 
[2019-10-30 09:10:27]>>>>>>>>>>>>S:  AA 77 00 9F 5C D1 01 00 03 10 00 00 
[2019-10-30 09:10:27]>>>>>>>>>>>>S:  AA 77 00 85 5D D1 00 00 03 0F 01 04 
[2019-10-30 09:10:27]>>>>>>>>>>>>S:  AA 77 00 7D 5E A0 00 00 02 80 01 
[2019-10-30 09:10:27]try handshake 21 times
[2019-10-30 09:10:28]>>>>>>>>>>>>S:  AA 77 00 9C 5F D1 01 00 03 10 00 00 
[2019-10-30 09:10:29]>>>>>>>>>>>>S:  AA 77 00 A3 60 D1 01 00 03 10 00 00 
[2019-10-30 09:10:30]>>>>>>>>>>>>S:  AA 77 00 A2 61 D1 01 00 03 10 00 00 
[2019-10-30 09:10:30]>>>>>>>>>>>>S:  AA 77 00 41 62 A0 00 00 02 80 01 
[2019-10-30 09:10:30]try handshake 22 times
[2019-10-30 09:10:31]>>>>>>>>>>>>S:  AA 77 00 A1 63 D0 00 00 02 11 01 
[2019-10-30 09:10:31]>>>>>>>>>>>>S:  AA 77 00 A7 64 D1 01 00 03 10 00 00 
[2019-10-30 09:10:32]>>>>>>>>>>>>S:  AA 77 00 A6 65 D1 01 00 03 10 00 00 
[2019-10-30 09:10:32]>>>>>>>>>>>>S:  AA 77 00 BE 66 D1 00 00 03 0F 01 04 
[2019-10-30 09:10:33]>>>>>>>>>>>>S:  AA 77 00 A4 67 D1 01 00 03 10 00 00 
[2019-10-30 09:10:33]>>>>>>>>>>>>S:  AA 77 00 4B 68 A0 00 00 02 80 01 
[2019-10-30 09:10:33]try handshake 23 times
[2019-10-30 09:10:34]>>>>>>>>>>>>S:  AA 77 00 AA 69 D1 01 00 03 10 00 00 
[2019-10-30 09:10:35]>>>>>>>>>>>>S:  AA 77 00 A9 6A D1 01 00 03 10 00 00 
[2019-10-30 09:10:36]>>>>>>>>>>>>S:  AA 77 00 A8 6B D1 01 00 03 10 00 00 
[2019-10-30 09:10:36]>>>>>>>>>>>>S:  AA 77 00 4F 6C A0 00 00 02 80 01 
[2019-10-30 09:10:36]try handshake 24 times
[2019-10-30 09:10:37]>>>>>>>>>>>>S:  AA 77 00 B5 6D D1 00 00 03 0F 01 04 
[2019-10-30 09:10:37]>>>>>>>>>>>>S:  AA 77 00 AD 6E D1 01 00 03 10 00 00 
[2019-10-30 09:10:38]>>>>>>>>>>>>S:  AA 77 00 AC 6F D1 01 00 03 10 00 00 
[2019-10-30 09:10:39]>>>>>>>>>>>>S:  AA 77 00 B3 70 D1 01 00 03 10 00 00 
[2019-10-30 09:10:39]>>>>>>>>>>>>S:  AA 77 00 52 71 A0 00 00 02 80 01 
[2019-10-30 09:10:39]try handshake 25 times
[2019-10-30 09:10:40]>>>>>>>>>>>>S:  AA 77 00 B1 72 D1 01 00 03 10 00 00 
[2019-10-30 09:10:41]>>>>>>>>>>>>S:  AA 77 00 B1 73 D0 00 00 02 11 01 
[2019-10-30 09:10:41]>>>>>>>>>>>>S:  AA 77 00 B7 74 D1 01 00 03 10 00 00 
[2019-10-30 09:10:42]>>>>>>>>>>>>S:  AA 77 00 AD 75 D1 00 00 03 0F 01 04 
[2019-10-30 09:10:42]>>>>>>>>>>>>S:  AA 77 00 55 76 A0 00 00 02 80 01 
[2019-10-30 09:10:42]try handshake 26 times
[2019-10-30 09:10:43]>>>>>>>>>>>>S:  AA 77 00 B4 77 D1 01 00 03 10 00 00 
[2019-10-30 09:10:44]>>>>>>>>>>>>S:  AA 77 00 BB 78 D1 01 00 03 10 00 00 
[2019-10-30 09:10:45]>>>>>>>>>>>>S:  AA 77 00 BA 79 D1 01 00 03 10 00 00 
[2019-10-30 09:10:45]>>>>>>>>>>>>S:  AA 77 00 59 7A A0 00 00 02 80 01 
[2019-10-30 09:10:45]try handshake 27 times
[2019-10-30 09:10:46]>>>>>>>>>>>>S:  AA 77 00 B8 7B D1 01 00 03 10 00 00 
[2019-10-30 09:10:47]>>>>>>>>>>>>S:  AA 77 00 BF 7C D1 01 00 03 10 00 00 
[2019-10-30 09:10:47]>>>>>>>>>>>>S:  AA 77 00 A5 7D D1 00 00 03 0F 01 04 
[2019-10-30 09:10:48]>>>>>>>>>>>>S:  AA 77 00 BD 7E D1 01 00 03 10 00 00 
[2019-10-30 09:10:48]>>>>>>>>>>>>S:  AA 77 00 5C 7F A0 00 00 02 80 01 
[2019-10-30 09:10:48]try handshake 28 times
[2019-10-30 09:10:49]>>>>>>>>>>>>S:  AA 77 00 43 80 D1 01 00 03 10 00 00 
[2019-10-30 09:10:50]>>>>>>>>>>>>S:  AA 77 00 42 81 D1 01 00 03 10 00 00 
[2019-10-30 09:10:51]>>>>>>>>>>>>S:  AA 77 00 41 82 D1 01 00 03 10 00 00 
[2019-10-30 09:10:51]>>>>>>>>>>>>S:  AA 77 00 41 83 D0 00 00 02 11 01 
[2019-10-30 09:10:51]>>>>>>>>>>>>S:  AA 77 00 A7 84 A0 00 00 02 80 01 
[2019-10-30 09:10:51]try handshake 29 times
[2019-10-30 09:10:52]>>>>>>>>>>>>S:  AA 77 00 46 85 D1 01 00 03 10 00 00 
[2019-10-30 09:10:52]>>>>>>>>>>>>S:  AA 77 00 5E 86 D1 00 00 03 0F 01 04 
[2019-10-30 09:10:53]>>>>>>>>>>>>S:  AA 77 00 44 87 D1 01 00 03 10 00 00 
[2019-10-30 09:10:54]>>>>>>>>>>>>S:  AA 77 00 4B 88 D1 01 00 03 10 00 00 
[2019-10-30 09:10:54]>>>>>>>>>>>>S:  AA 77 00 AA 89 A0 00 00 02 80 01 
[2019-10-30 09:10:54]try handshake 30 times
[2019-10-30 09:10:55]>>>>>>>>>>>>S:  AA 77 00 49 8A D1 01 00 03 10 00 00 
[2019-10-30 09:10:56]>>>>>>>>>>>>S:  AA 77 00 48 8B D1 01 00 03 10 00 00 
[2019-10-30 09:10:57]>>>>>>>>>>>>S:  AA 77 00 4F 8C D1 01 00 03 10 00 00 
[2019-10-30 09:10:57]>>>>>>>>>>>>S:  AA 77 00 55 8D D1 00 00 03 0F 01 04 
[2019-10-30 09:10:57]>>>>>>>>>>>>S:  AA 77 00 AD 8E A0 00 00 02 80 01 
[2019-10-30 09:10:57]try handshake 31 times
[2019-10-30 09:10:58]>>>>>>>>>>>>S:  AA 77 00 4C 8F D1 01 00 03 10 00 00 
[2019-10-30 09:10:59]>>>>>>>>>>>>S:  AA 77 00 53 90 D1 01 00 03 10 00 00 
[2019-10-30 09:11:00]>>>>>>>>>>>>S:  AA 77 00 52 91 D1 01 00 03 10 00 00 
[2019-10-30 09:11:00]>>>>>>>>>>>>S:  AA 77 00 B1 92 A0 00 00 02 80 01 
[2019-10-30 09:11:00]try handshake 32 times
[2019-10-30 09:11:01]>>>>>>>>>>>>S:  AA 77 00 50 93 D1 01 00 03 10 00 00 
[2019-10-30 09:11:01]>>>>>>>>>>>>S:  AA 77 00 56 94 D0 00 00 02 11 01 
[2019-10-30 09:11:02]>>>>>>>>>>>>S:  AA 77 00 56 95 D1 01 00 03 10 00 00 
[2019-10-30 09:11:02]>>>>>>>>>>>>S:  AA 77 00 4E 96 D1 00 00 03 0F 01 04 
[2019-10-30 09:11:03]>>>>>>>>>>>>S:  AA 77 00 54 97 D1 01 00 03 10 00 00 
[2019-10-30 09:11:03]>>>>>>>>>>>>S:  AA 77 00 BB 98 A0 00 00 02 80 01 
[2019-10-30 09:11:03]try handshake 33 times
[2019-10-30 09:11:04]>>>>>>>>>>>>S:  AA 77 00 5A 99 D1 01 00 03 10 00 00 
[2019-10-30 09:11:05]>>>>>>>>>>>>S:  AA 77 00 59 9A D1 01 00 03 10 00 00 
[2019-10-30 09:11:06]>>>>>>>>>>>>S:  AA 77 00 58 9B D1 01 00 03 10 00 00 
[2019-10-30 09:11:06]>>>>>>>>>>>>S:  AA 77 00 BF 9C A0 00 00 02 80 01 
[2019-10-30 09:11:06]try handshake 34 times
[2019-10-30 09:11:07]>>>>>>>>>>>>S:  AA 77 00 5E 9D D1 01 00 03 10 00 00 
[2019-10-30 09:11:07]>>>>>>>>>>>>S:  AA 77 00 46 9E D1 00 00 03 0F 01 04 
[2019-10-30 09:11:08]>>>>>>>>>>>>S:  AA 77 00 5C 9F D1 01 00 03 10 00 00 
[2019-10-30 09:11:09]>>>>>>>>>>>>S:  AA 77 00 63 A0 D1 01 00 03 10 00 00 
[2019-10-30 09:11:09]>>>>>>>>>>>>S:  AA 77 00 82 A1 A0 00 00 02 80 01 
[2019-10-30 09:11:09]try handshake 35 times
[2019-10-30 09:11:10]>>>>>>>>>>>>S:  AA 77 00 61 A2 D1 01 00 03 10 00 00 
[2019-10-30 09:11:11]>>>>>>>>>>>>S:  AA 77 00 61 A3 D0 00 00 02 11 01 
[2019-10-30 09:11:11]>>>>>>>>>>>>S:  AA 77 00 67 A4 D1 01 00 03 10 00 00 
[2019-10-30 09:11:12]>>>>>>>>>>>>S:  AA 77 00 66 A5 D1 01 00 03 10 00 00 
[2019-10-30 09:11:12]>>>>>>>>>>>>S:  AA 77 00 7E A6 D1 00 00 03 0F 01 04 
[2019-10-30 09:11:12]>>>>>>>>>>>>S:  AA 77 00 84 A7 A0 00 00 02 80 01 
[2019-10-30 09:11:12]try handshake 36 times
[2019-10-30 09:11:13]>>>>>>>>>>>>S:  AA 77 00 6B A8 D1 01 00 03 10 00 00 
[2019-10-30 09:11:14]>>>>>>>>>>>>S:  AA 77 00 6A A9 D1 01 00 03 10 00 00 
[2019-10-30 09:11:15]>>>>>>>>>>>>S:  AA 77 00 69 AA D1 01 00 03 10 00 00 
[2019-10-30 09:11:15]>>>>>>>>>>>>S:  AA 77 00 88 AB A0 00 00 02 80 01 
[2019-10-30 09:11:15]try handshake 37 times
[2019-10-30 09:11:16]>>>>>>>>>>>>S:  AA 77 00 6F AC D1 01 00 03 10 00 00 
[2019-10-30 09:11:17]>>>>>>>>>>>>S:  AA 77 00 75 AD D1 00 00 03 0F 01 04 
[2019-10-30 09:11:17]>>>>>>>>>>>>S:  AA 77 00 6D AE D1 01 00 03 10 00 00 
[2019-10-30 09:11:18]>>>>>>>>>>>>S:  AA 77 00 6C AF D1 01 00 03 10 00 00 
[2019-10-30 09:11:18]>>>>>>>>>>>>S:  AA 77 00 93 B0 A0 00 00 02 80 01 
[2019-10-30 09:11:18]try handshake 38 times
[2019-10-30 09:11:20]>>>>>>>>>>>>S:  AA 77 00 72 B1 D1 01 00 03 10 00 00 
[2019-10-30 09:11:21]>>>>>>>>>>>>S:  AA 77 00 71 B2 D1 01 00 03 10 00 00 
[2019-10-30 09:11:21]>>>>>>>>>>>>S:  AA 77 00 71 B3 D0 00 00 02 11 01 
[2019-10-30 09:11:21]>>>>>>>>>>>>S:  AA 77 00 97 B4 A0 00 00 02 80 01 
[2019-10-30 09:11:21]try handshake 39 times
[2019-10-30 09:11:22]>>>>>>>>>>>>S:  AA 77 00 76 B5 D1 01 00 03 10 00 00 
[2019-10-30 09:11:22]>>>>>>>>>>>>S:  AA 77 00 6E B6 D1 00 00 03 0F 01 04 
[2019-10-30 09:11:23]>>>>>>>>>>>>S:  AA 77 00 74 B7 D1 01 00 03 10 00 00 
[2019-10-30 09:11:24]>>>>>>>>>>>>S:  AA 77 00 7B B8 D1 01 00 03 10 00 00 
[2019-10-30 09:11:25]>>>>>>>>>>>>S:  AA 77 00 9A B9 A0 00 00 02 80 01 
[2019-10-30 09:11:25]try handshake 40 times
[2019-10-30 09:11:25]>>>>>>>>>>>>S:  AA 77 00 79 BA D1 01 00 03 10 00 00 
[2019-10-30 09:11:26]>>>>>>>>>>>>S:  AA 77 00 78 BB D1 01 00 03 10 00 00 
[2019-10-30 09:11:27]>>>>>>>>>>>>S:  AA 77 00 7F BC D1 01 00 03 10 00 00 
[2019-10-30 09:11:27]>>>>>>>>>>>>S:  AA 77 00 65 BD D1 00 00 03 0F 01 04 
[2019-10-30 09:11:28]>>>>>>>>>>>>S:  AA 77 00 9D BE A0 00 00 02 80 01 
[2019-10-30 09:11:28]try handshake 41 times
[2019-10-30 09:11:28]>>>>>>>>>>>>S:  AA 77 00 7C BF D1 01 00 03 10 00 00 
[2019-10-30 09:11:29]>>>>>>>>>>>>S:  AA 77 00 03 C0 D1 01 00 03 10 00 00 
[2019-10-30 09:11:30]>>>>>>>>>>>>S:  AA 77 00 02 C1 D1 01 00 03 10 00 00 
[2019-10-30 09:11:31]>>>>>>>>>>>>S:  AA 77 00 E1 C2 A0 00 00 02 80 01 
[2019-10-30 09:11:31]try handshake 42 times
[2019-10-30 09:11:31]>>>>>>>>>>>>S:  AA 77 00 00 C3 D1 01 00 03 10 00 00 
[2019-10-30 09:11:31]>>>>>>>>>>>>S:  AA 77 00 06 C4 D0 00 00 02 11 01 
[2019-10-30 09:11:32]>>>>>>>>>>>>S:  AA 77 00 06 C5 D1 01 00 03 10 00 00 
[2019-10-30 09:11:32]>>>>>>>>>>>>S:  AA 77 00 1E C6 D1 00 00 03 0F 01 04 
[2019-10-30 09:11:33]>>>>>>>>>>>>S:  AA 77 00 04 C7 D1 01 00 03 10 00 00 
[2019-10-30 09:11:34]>>>>>>>>>>>>S:  AA 77 00 EB C8 A0 00 00 02 80 01 
[2019-10-30 09:11:34]try handshake 43 times
[2019-10-30 09:11:34]>>>>>>>>>>>>S:  AA 77 00 0A C9 D1 01 00 03 10 00 00 
[2019-10-30 09:11:35]>>>>>>>>>>>>S:  AA 77 00 09 CA D1 01 00 03 10 00 00 
[2019-10-30 09:11:36]>>>>>>>>>>>>S:  AA 77 00 08 CB D1 01 00 03 10 00 00 
[2019-10-30 09:11:37]>>>>>>>>>>>>S:  AA 77 00 EF CC A0 00 00 02 80 01 
[2019-10-30 09:11:37]try handshake 44 times
[2019-10-30 09:11:37]>>>>>>>>>>>>S:  AA 77 00 0E CD D1 01 00 03 10 00 00 
[2019-10-30 09:11:37]>>>>>>>>>>>>S:  AA 77 00 16 CE D1 00 00 03 0F 01 04 
[2019-10-30 09:11:38]>>>>>>>>>>>>S:  AA 77 00 0C CF D1 01 00 03 10 00 00 
[2019-10-30 09:11:39]>>>>>>>>>>>>S:  AA 77 00 13 D0 D1 01 00 03 10 00 00 
[2019-10-30 09:11:40]>>>>>>>>>>>>S:  AA 77 00 F2 D1 A0 00 00 02 80 01 
[2019-10-30 09:11:40]try handshake 45 times
[2019-10-30 09:11:40]>>>>>>>>>>>>S:  AA 77 00 11 D2 D1 01 00 03 10 00 00 
[2019-10-30 09:11:41]>>>>>>>>>>>>S:  AA 77 00 10 D3 D1 01 00 03 10 00 00 
[2019-10-30 09:11:41]>>>>>>>>>>>>S:  AA 77 00 16 D4 D0 00 00 02 11 01 
[2019-10-30 09:11:42]>>>>>>>>>>>>S:  AA 77 00 16 D5 D1 01 00 03 10 00 00 
[2019-10-30 09:11:42]>>>>>>>>>>>>S:  AA 77 00 0E D6 D1 00 00 03 0F 01 04 
[2019-10-30 09:11:43]>>>>>>>>>>>>S:  AA 77 00 F4 D7 A0 00 00 02 80 01 
[2019-10-30 09:11:43]try handshake 46 times
[2019-10-30 09:11:43]>>>>>>>>>>>>S:  AA 77 00 1B D8 D1 01 00 03 10 00 00 
[2019-10-30 09:11:44]>>>>>>>>>>>>S:  AA 77 00 1A D9 D1 01 00 03 10 00 00 
[2019-10-30 09:11:45]>>>>>>>>>>>>S:  AA 77 00 19 DA D1 01 00 03 10 00 00 
[2019-10-30 09:11:46]>>>>>>>>>>>>S:  AA 77 00 F8 DB A0 00 00 02 80 01 
[2019-10-30 09:11:46]try handshake 47 times
[2019-10-30 09:11:46]>>>>>>>>>>>>S:  AA 77 00 1F DC D1 01 00 03 10 00 00 
[2019-10-30 09:11:47]>>>>>>>>>>>>S:  AA 77 00 1E DD D1 01 00 03 10 00 00 
[2019-10-30 09:11:47]>>>>>>>>>>>>S:  AA 77 00 06 DE D1 00 00 03 0F 01 04 
[2019-10-30 09:11:48]>>>>>>>>>>>>S:  AA 77 00 1C DF D1 01 00 03 10 00 00 
[2019-10-30 09:11:49]>>>>>>>>>>>>S:  AA 77 00 C3 E0 A0 00 00 02 80 01 
[2019-10-30 09:11:49]try handshake 48 times
[2019-10-30 09:11:49]>>>>>>>>>>>>S:  AA 77 00 22 E1 D1 01 00 03 10 00 00 
[2019-10-30 09:11:50]>>>>>>>>>>>>S:  AA 77 00 21 E2 D1 01 00 03 10 00 00 
[2019-10-30 09:11:51]>>>>>>>>>>>>S:  AA 77 00 21 E3 D0 00 00 02 11 01 
[2019-10-30 09:11:51]>>>>>>>>>>>>S:  AA 77 00 27 E4 D1 01 00 03 10 00 00 
[2019-10-30 09:11:52]>>>>>>>>>>>>S:  AA 77 00 C6 E5 A0 00 00 02 80 01 
[2019-10-30 09:11:52]try handshake 49 times
[2019-10-30 09:11:52]>>>>>>>>>>>>S:  AA 77 00 25 E6 D1 01 00 03 10 00 00 
[2019-10-30 09:11:52]>>>>>>>>>>>>S:  AA 77 00 3F E7 D1 00 00 03 0F 01 04 
[2019-10-30 09:11:53]>>>>>>>>>>>>S:  AA 77 00 2B E8 D1 01 00 03 10 00 00 
