[1980-01-06 08:00:09]               /\  /\                
[1980-01-06 08:00:09]***************  \/  *****************
[1980-01-06 08:00:09]                                      
[1980-01-06 08:00:09] mcu-service start!!!!                
[1980-01-06 08:00:09] build: Oct 31 2019 14:30:38 
[1980-01-06 08:00:09] build: 06 12 2019 09:13:18           
[1980-01-06 08:00:09]                                      
[1980-01-06 08:00:09]**************************************
[1980-01-06 08:00:09]class McuServiceStubImpl construction
[1980-01-06 08:00:09]McuService registerService Done
[1980-01-06 08:00:09]new VDDataModel()
[1980-01-06 08:00:09]initVehicleData done
[1980-01-06 08:00:09]initPowerData done
[1980-01-06 08:00:09]initAccIgnData done
[1980-01-06 08:00:09]initHandShake done
[1980-01-06 08:00:09]initArmRebootReasonData done
[1980-01-06 08:00:09]iniModeData done
[1980-01-06 08:00:09]iniMfgData done
[1980-01-06 08:00:09]registerPowerDataChangeCb Done
[1980-01-06 08:00:09]registerAccIgnChangeCb Done
[1980-01-06 08:00:09]registerPhoneCallChangeCb Done
[1980-01-06 08:00:09]registerHandShakeChangeCb Done
[1980-01-06 08:00:09]registerModeChangeCb Done
[1980-01-06 08:00:09]class mcuUpgradeServiceStubImpl construction
[1980-01-06 08:00:09]McuUpgradeDataService registerService Done
[1980-01-06 08:00:09]new MCUpdateDataModel()
[1980-01-06 08:00:09]uart:/dev/ttyHSL0,baud:115200
[1980-01-06 08:00:09]autolinkMcuServiceInit -> start
[1980-01-06 08:00:09]wait uart
[1980-01-06 08:00:09]autolinkMcuQemuThread start
[1980-01-06 08:00:09]autolinkMcuServiceThread -> start
[1980-01-06 08:00:09]mcu service use select
[1980-01-06 08:00:09]mcu service thread running
[1980-01-06 08:00:09]autolinkMcuParseDataThread -> start
[1980-01-06 08:00:09]autolinkAckCheckThread -> start
[1980-01-06 08:00:09]autolinkMcuServiceInit -> end
[1980-01-06 08:00:09]new VDDataModelCtrl()
[1980-01-06 08:00:09]VDDataModelCtrl is constructed
[1980-01-06 08:00:12]>>>>>>>>>>>>S:  AA 77 00 23 00 A0 00 02 80 01 
[1980-01-06 08:00:12]try handshake 1 times
[1980-01-06 08:00:12]handshake successful
[1980-01-06 08:00:12]MHT:0
[1980-01-06 08:00:12]ACC OFF
[1980-01-06 08:00:12]MCU MODE_UNKNOWN
[1980-01-06 08:00:12]MCU Version: mcu_L_DFSK_F516-19_1.0.1_191031
[1980-01-06 08:00:12]CAN Version: can_v2.0L_516-19
[1980-01-06 08:00:12]PowerData: 00 00 00 00 00 
[1980-01-06 08:00:13]pdid: DFSK0001000200261910160001000010
[1980-01-06 08:00:13]vin:12345T0703T000110
[1980-01-06 08:00:13]>>>>>>>>>>>>S:  AA 77 00 EF 01 D0 01 15 2E 38 39 38 36 30 39 31 38 37 30 30 30 30 39 32 32 31 30 32 36 
[1980-01-06 08:00:13]>>>>>>>>>>>>S:  AA 77 00 DC 02 D0 01 10 2F 34 36 30 30 39 36 30 39 30 37 32 32 31 30 32 
[1980-01-06 08:00:13]>>>>>>>>>>>>S:  AA 77 00 CA 03 D0 01 10 33 38 36 32 30 31 35 30 33 37 35 31 31 37 32 37 
[1980-01-06 08:00:13]Mcu init data end
[1980-01-06 08:00:13]>>>>>>>>>>>>S:  AA 77 00 D6 04 D0 00 06 04 00 00 00 00 00 
[1980-01-06 08:00:16]>>>>>>>>>>>>S:  AA 77 00 D7 05 D0 00 06 04 00 00 00 00 00 
[1980-01-06 08:00:18]AHT:0
[1980-01-06 08:00:18]MHT:0
[1980-01-06 08:00:20]>>>>>>>>>>>>S:  AA 77 00 D5 07 D0 00 06 04 00 00 00 00 00 
[1980-01-06 08:00:20]>>>>>>>>>>>>S:  AA 77 00 C7 08 D0 00 03 1C 00 00 
[1980-01-06 08:00:21]>>>>>>>>>>>>S:  AA 77 00 D8 09 D1 01 02 03 00 
[1980-01-06 08:00:22]>>>>>>>>>>>>S:  AA 77 00 D9 0A D0 00 06 04 01 00 00 00 00 
[1980-01-06 08:00:26]>>>>>>>>>>>>S:  AA 77 00 D8 0B D0 00 06 04 01 00 00 00 00 
[1980-01-06 08:00:28]AHT:1
[1980-01-06 08:00:28]MHT:1
[1980-01-06 08:00:29]>>>>>>>>>>>>S:  AA 77 00 DE 0D D0 00 06 04 01 00 00 00 00 
[2019-11-07 16:29:51]>>>>>>>>>>>>S:  AA 77 00 DC 0E D1 01 02 01 01 
[2019-11-07 16:29:34]>>>>>>>>>>>>S:  AA 77 00 DD 0F D1 01 02 01 01 
[2019-11-07 16:29:34]>>>>>>>>>>>>S:  AA 77 00 F2 10 A0 00 08 8D 07 E3 0B 07 10 1D 22 
[2019-11-07 16:29:36]>>>>>>>>>>>>S:  AA 77 00 C2 11 D0 00 06 04 01 00 00 00 00 
[2019-11-07 16:29:38]>>>>>>>>>>>>S:  AA 77 00 C0 12 D1 01 02 01 01 
[2019-11-07 16:29:55]>>>>>>>>>>>>S:  AA 77 00 C1 13 D1 01 02 01 01 
[2019-11-07 16:29:55]>>>>>>>>>>>>S:  AA 77 00 E3 14 A0 00 08 8D 07 E3 0B 07 10 1D 37 
[2019-11-07 16:29:57]>>>>>>>>>>>>S:  AA 77 00 C6 15 D0 00 06 04 01 00 00 00 00 
[2019-11-07 16:29:58]AHT:2
[2019-11-07 16:29:58]MHT:2
[2019-11-07 16:30:00]>>>>>>>>>>>>S:  AA 77 00 C4 17 D0 00 06 04 01 00 00 00 00 
[2019-11-07 16:30:03]>>>>>>>>>>>>S:  AA 77 00 CB 18 D0 00 06 04 01 00 00 00 00 
[2019-11-07 16:30:07]>>>>>>>>>>>>S:  AA 77 00 CA 19 D0 00 06 04 01 00 00 00 00 
[2019-11-07 16:30:07]>>>>>>>>>>>>S:  AA 77 00 C8 1A D0 00 06 04 00 00 00 00 00 
[2019-11-07 16:30:08]AHT:3
[2019-11-07 16:30:08]MHT:3
[2019-11-07 16:30:11]>>>>>>>>>>>>S:  AA 77 00 CE 1C D0 00 06 04 00 00 00 00 00 
[2019-11-07 16:30:14]>>>>>>>>>>>>S:  AA 77 00 CF 1D D0 00 06 04 00 00 00 00 00 
[2019-11-07 16:30:17]>>>>>>>>>>>>S:  AA 77 00 CC 1E D0 00 06 04 00 00 00 00 00 
[2019-11-07 16:30:18]-------------------------------------------
[2019-11-07 16:30:18]             mcu lost sync data 0: 00
[2019-11-07 16:30:18]-------------------------------------------
[2019-11-07 16:30:18]mcu reset, req arm handshake
[2019-11-07 16:30:18]AHT:4
[2019-11-07 16:30:19]-------------------------------------------
[2019-11-07 16:30:19]             mcu lost sync data 0: 00
[2019-11-07 16:30:19]-------------------------------------------
[2019-11-07 16:30:19]mcu reset, req arm handshake
[2019-11-07 16:30:20]-------------------------------------------
[2019-11-07 16:30:20]             mcu lost sync data 0: 00
[2019-11-07 16:30:20]-------------------------------------------
[2019-11-07 16:30:20]mcu reset, req arm handshake
[2019-11-07 16:30:20]-------------------------------------------
[2019-11-07 16:30:20]             mcu lost sync data 0: 00
[2019-11-07 16:30:20]-------------------------------------------
[2019-11-07 16:30:20]mcu reset, req arm handshake
[2019-11-07 16:30:20]-------------------------------------------
[2019-11-07 16:30:20]             mcu lost sync data 0: 00
[2019-11-07 16:30:20]-------------------------------------------
[2019-11-07 16:30:20]mcu reset, req arm handshake
[2019-11-07 16:30:20]>>>>>>>>>>>>S:  AA 77 00 3C 1F A0 00 02 80 01 
[2019-11-07 16:30:20]try handshake 2 times
[2019-11-07 16:30:20]handshake successful
[2019-11-07 16:30:20]MHT:0
[2019-11-07 16:30:20]ACC OFF
[2019-11-07 16:30:20]MCU MODE_UNKNOWN
[2019-11-07 16:30:20]MCU Version: mcu_L_DFSK_F516-19_1.0.1_191031
[2019-11-07 16:30:20]CAN Version: can_v2.0L_516-19
[2019-11-07 16:30:20]PowerData: 00 00 00 00 00 
[2019-11-07 16:30:20]pdid: DFSK0001000200261910160001000010
[2019-11-07 16:30:20]vin:12345T0703T000110
[2019-11-07 16:30:20]>>>>>>>>>>>>S:  AA 77 00 CE 20 D0 01 15 2E 38 39 38 36 30 39 31 38 37 30 30 30 30 39 32 32 31 30 32 36 
[2019-11-07 16:30:20]>>>>>>>>>>>>S:  AA 77 00 FF 21 D0 01 10 2F 34 36 30 30 39 36 30 39 30 37 32 32 31 30 32 
[2019-11-07 16:30:20]>>>>>>>>>>>>S:  AA 77 00 EB 22 D0 01 10 33 38 36 32 30 31 35 30 33 37 35 31 31 37 32 37 
[2019-11-07 16:30:20]Mcu init data end
[2019-11-07 16:30:21]>>>>>>>>>>>>S:  AA 77 00 F5 23 A0 00 08 8D 07 E3 0B 07 10 1E 15 
[2019-11-07 16:30:21]>>>>>>>>>>>>S:  AA 77 00 F6 24 D0 00 06 04 00 00 00 00 00 
[2019-11-07 16:30:22]-------------------------------------------
[2019-11-07 16:30:22]             mcu lost sync data 0: 00
[2019-11-07 16:30:22]-------------------------------------------
[2019-11-07 16:30:22]mcu reset, req arm handshake
[2019-11-07 16:30:23]>>>>>>>>>>>>S:  AA 77 00 06 25 A0 00 02 80 01 
[2019-11-07 16:30:23]try handshake 3 times
[2019-11-07 16:30:23]handshake successful
[2019-11-07 16:30:23]MHT:0
[2019-11-07 16:30:23]ACC OFF
[2019-11-07 16:30:23]MCU MODE_UNKNOWN
[2019-11-07 16:30:23]MCU Version: mcu_L_DFSK_F516-19_1.0.1_191031
[2019-11-07 16:30:23]CAN Version: can_v2.0L_516-19
[2019-11-07 16:30:23]PowerData: 00 00 00 00 00 
[2019-11-07 16:30:23]pdid: DFSK0001000200261910160001000010
[2019-11-07 16:30:23]vin:12345T0703T000110
[2019-11-07 16:30:23]>>>>>>>>>>>>S:  AA 77 00 C8 26 D0 01 15 2E 38 39 38 36 30 39 31 38 37 30 30 30 30 39 32 32 31 30 32 36 
[2019-11-07 16:30:23]>>>>>>>>>>>>S:  AA 77 00 F9 27 D0 01 10 2F 34 36 30 30 39 36 30 39 30 37 32 32 31 30 32 
[2019-11-07 16:30:23]>>>>>>>>>>>>S:  AA 77 00 E1 28 D0 01 10 33 38 36 32 30 31 35 30 33 37 35 31 31 37 32 37 
[2019-11-07 16:30:23]Mcu init data end
[2019-11-07 16:30:23]-------------------------------------------
[2019-11-07 16:30:23]             mcu lost sync data 0: 77
[2019-11-07 16:30:23]-------------------------------------------
[2019-11-07 16:30:23]-------------------------------------------
[2019-11-07 16:30:23]             mcu lost sync data 0: FF
[2019-11-07 16:30:23]-------------------------------------------
[2019-11-07 16:30:23]-------------------------------------------
[2019-11-07 16:30:23]             mcu lost sync data 0: D0
[2019-11-07 16:30:23]-------------------------------------------
[2019-11-07 16:30:23]-------------------------------------------
[2019-11-07 16:30:23]             mcu lost sync data 0: 2E
[2019-11-07 16:30:23]-------------------------------------------
[2019-11-07 16:30:23]-------------------------------------------
[2019-11-07 16:30:23]             mcu lost sync data 0: 55
[2019-11-07 16:30:23]-------------------------------------------
[2019-11-07 16:30:24]>>>>>>>>>>>>S:  AA 77 00 F2 29 A0 00 08 8D 07 E3 0B 07 10 1E 18 
[2019-11-07 16:30:24]>>>>>>>>>>>>S:  AA 77 00 F8 2A D0 00 06 04 00 00 00 00 00 
[2019-11-07 16:30:24]>>>>>>>>>>>>S:  AA 77 00 C5 2B D0 01 15 2E 38 39 38 36 30 39 31 38 37 30 30 30 30 39 32 32 31 30 32 36 
[2019-11-07 16:30:28]>>>>>>>>>>>>S:  AA 77 00 FE 2C D0 00 06 04 00 00 00 00 00 
[2019-11-07 16:30:28]AHT:5
[2019-11-07 16:30:28]MHT:5
[2019-11-07 16:30:31]>>>>>>>>>>>>S:  AA 77 00 FC 2E D0 00 06 04 00 00 00 00 00 
[2019-11-07 16:30:35]>>>>>>>>>>>>S:  AA 77 00 FD 2F D0 00 06 04 00 00 00 00 00 
[2019-11-07 16:30:38]>>>>>>>>>>>>S:  AA 77 00 E2 30 D0 00 06 04 00 00 00 00 00 
[2019-11-07 16:30:38]AHT:6
[2019-11-07 16:30:38]MHT:6
[2019-11-07 16:30:42]>>>>>>>>>>>>S:  AA 77 00 E0 32 D0 00 06 04 00 00 00 00 00 
[2019-11-07 16:30:42]-------------------------------------------
[2019-11-07 16:30:42]             mcu lost sync data 0: 00
[2019-11-07 16:30:42]-------------------------------------------
[2019-11-07 16:30:42]mcu reset, req arm handshake
[2019-11-07 16:30:44]>>>>>>>>>>>>S:  AA 77 00 10 33 A0 00 02 80 01 
[2019-11-07 16:30:44]try handshake 4 times
[2019-11-07 16:30:44]handshake successful
[2019-11-07 16:30:44]MHT:0
[2019-11-07 16:30:44]ACC OFF
[2019-11-07 16:30:44]MCU MODE_UNKNOWN
[2019-11-07 16:30:44]MCU Version: mcu_L_DFSK_F516-19_1.0.1_191031
[2019-11-07 16:30:44]CAN Version: can_v2.0L_516-19
[2019-11-07 16:30:44]PowerData: 00 00 00 00 00 
[2019-11-07 16:30:44]pdid: DFSK0001000200261910160001000010
[2019-11-07 16:30:44]vin:12345T0703T000110
[2019-11-07 16:30:44]>>>>>>>>>>>>S:  AA 77 00 DA 34 D0 01 15 2E 38 39 38 36 30 39 31 38 37 30 30 30 30 39 32 32 31 30 32 36 
[2019-11-07 16:30:44]>>>>>>>>>>>>S:  AA 77 00 EB 35 D0 01 10 2F 34 36 30 30 39 36 30 39 30 37 32 32 31 30 32 
[2019-11-07 16:30:44]>>>>>>>>>>>>S:  AA 77 00 FF 36 D0 01 10 33 38 36 32 30 31 35 30 33 37 35 31 31 37 32 37 
[2019-11-07 16:30:44]Mcu init data end
[2019-11-07 16:30:45]>>>>>>>>>>>>S:  AA 77 00 D9 37 A0 00 08 8D 07 E3 0B 07 10 1E 2D 
[2019-11-07 16:30:45]>>>>>>>>>>>>S:  AA 77 00 EA 38 D0 00 06 04 00 00 00 00 00 
[2019-11-07 16:30:48]AHT:7
[2019-11-07 16:30:48]MHT:7
[2019-11-07 16:30:49]>>>>>>>>>>>>S:  AA 77 00 E8 3A D0 00 06 04 00 00 00 00 00 
[2019-11-07 16:30:52]>>>>>>>>>>>>S:  AA 77 00 E9 3B D0 00 06 04 00 00 00 00 00 
[2019-11-07 16:30:53]-------------------------------------------
[2019-11-07 16:30:53]             mcu lost sync data 0: 00
[2019-11-07 16:30:53]-------------------------------------------
[2019-11-07 16:30:53]mcu reset, req arm handshake
[2019-11-07 16:30:53]>>>>>>>>>>>>S:  AA 77 00 1F 3C A0 00 02 80 01 
[2019-11-07 16:30:53]try handshake 5 times
[2019-11-07 16:30:53]handshake successful
[2019-11-07 16:30:53]MHT:0
[2019-11-07 16:30:53]ACC OFF
[2019-11-07 16:30:53]MCU MODE_UNKNOWN
[2019-11-07 16:30:53]MCU Version: mcu_L_DFSK_F516-19_1.0.1_191031
[2019-11-07 16:30:53]CAN Version: can_v2.0L_516-19
[2019-11-07 16:30:53]PowerData: 00 00 00 00 00 
[2019-11-07 16:30:53]pdid: DFSK0001000200261910160001000010
[2019-11-07 16:30:53]vin:12345T0703T000110
[2019-11-07 16:30:53]>>>>>>>>>>>>S:  AA 77 00 D3 3D D0 01 15 2E 38 39 38 36 30 39 31 38 37 30 30 30 30 39 32 32 31 30 32 36 
[2019-11-07 16:30:53]>>>>>>>>>>>>S:  AA 77 00 E0 3E D0 01 10 2F 34 36 30 30 39 36 30 39 30 37 32 32 31 30 32 
[2019-11-07 16:30:53]>>>>>>>>>>>>S:  AA 77 00 F6 3F D0 01 10 33 38 36 32 30 31 35 30 33 37 35 31 31 37 32 37 
[2019-11-07 16:30:53]Mcu init data end
[2019-11-07 16:30:54]>>>>>>>>>>>>S:  AA 77 00 B5 40 A0 00 08 8D 07 E3 0B 07 10 1E 36 
[2019-11-07 16:30:56]>>>>>>>>>>>>S:  AA 77 00 93 41 D0 00 06 04 00 00 00 00 00 
[2019-11-07 16:30:58]AHT:8
[2019-11-07 16:30:58]MHT:8
[2019-11-07 16:30:59]>>>>>>>>>>>>S:  AA 77 00 91 43 D0 00 06 04 00 00 00 00 00 
[2019-11-07 16:31:03]>>>>>>>>>>>>S:  AA 77 00 96 44 D0 00 06 04 00 00 00 00 00 
[2019-11-07 16:31:04]-------------------------------------------
[2019-11-07 16:31:04]             mcu lost sync data 0: 00
[2019-11-07 16:31:04]-------------------------------------------
[2019-11-07 16:31:04]mcu reset, req arm handshake
[2019-11-07 16:31:05]>>>>>>>>>>>>S:  AA 77 00 66 45 A0 00 02 80 01 
[2019-11-07 16:31:05]try handshake 6 times
[2019-11-07 16:31:05]handshake successful
[2019-11-07 16:31:05]MHT:0
[2019-11-07 16:31:05]ACC OFF
[2019-11-07 16:31:05]MCU MODE_UNKNOWN
[2019-11-07 16:31:05]MCU Version: mcu_L_DFSK_F516-19_1.0.1_191031
[2019-11-07 16:31:05]CAN Version: can_v2.0L_516-19
[2019-11-07 16:31:05]PowerData: 00 00 00 00 00 
[2019-11-07 16:31:05]pdid: DFSK0001000200261910160001000010
[2019-11-07 16:31:05]vin:12345T0703T000110
[2019-11-07 16:31:05]>>>>>>>>>>>>S:  AA 77 00 A8 46 D0 01 15 2E 38 39 38 36 30 39 31 38 37 30 30 30 30 39 32 32 31 30 32 36 
[2019-11-07 16:31:05]>>>>>>>>>>>>S:  AA 77 00 99 47 D0 01 10 2F 34 36 30 30 39 36 30 39 30 37 32 32 31 30 32 
[2019-11-07 16:31:05]>>>>>>>>>>>>S:  AA 77 00 81 48 D0 01 10 33 38 36 32 30 31 35 30 33 37 35 31 31 37 32 37 
[2019-11-07 16:31:05]Mcu init data end
[2019-11-07 16:31:06]>>>>>>>>>>>>S:  AA 77 00 8D 49 A0 00 08 8D 07 E3 0B 07 10 1F 06 
[2019-11-07 16:31:06]>>>>>>>>>>>>S:  AA 77 00 98 4A D0 00 06 04 00 00 00 00 00 
[2019-11-07 16:31:08]AHT:9
[2019-11-07 16:31:08]MHT:9
[2019-11-07 16:31:10]>>>>>>>>>>>>S:  AA 77 00 9E 4C D0 00 06 04 00 00 00 00 00 
[2019-11-07 16:31:13]>>>>>>>>>>>>S:  AA 77 00 9F 4D D0 00 06 04 00 00 00 00 00 
[2019-11-07 16:31:15]-------------------------------------------
[2019-11-07 16:31:15]             mcu lost sync data 0: 00
[2019-11-07 16:31:15]-------------------------------------------
[2019-11-07 16:31:15]mcu reset, req arm handshake
[2019-11-07 16:31:17]>>>>>>>>>>>>S:  AA 77 00 9C 4E D0 00 06 04 00 00 00 00 00 
[2019-11-07 16:31:17]>>>>>>>>>>>>S:  AA 77 00 6C 4F A0 00 02 80 01 
[2019-11-07 16:31:17]try handshake 7 times
[2019-11-07 16:31:17]handshake successful
[2019-11-07 16:31:17]MHT:0
[2019-11-07 16:31:17]ACC OFF
[2019-11-07 16:31:17]MCU MODE_UNKNOWN
[2019-11-07 16:31:17]MCU Version: mcu_L_DFSK_F516-19_1.0.1_191031
[2019-11-07 16:31:17]CAN Version: can_v2.0L_516-19
[2019-11-07 16:31:17]PowerData: 00 00 00 00 00 
[2019-11-07 16:31:17]pdid: DFSK0001000200261910160001000010
[2019-11-07 16:31:17]vin:12345T0703T000110
[2019-11-07 16:31:17]>>>>>>>>>>>>S:  AA 77 00 BE 50 D0 01 15 2E 38 39 38 36 30 39 31 38 37 30 30 30 30 39 32 32 31 30 32 36 
[2019-11-07 16:31:17]>>>>>>>>>>>>S:  AA 77 00 8F 51 D0 01 10 2F 34 36 30 30 39 36 30 39 30 37 32 32 31 30 32 
[2019-11-07 16:31:17]>>>>>>>>>>>>S:  AA 77 00 9B 52 D0 01 10 33 38 36 32 30 31 35 30 33 37 35 31 31 37 32 37 
[2019-11-07 16:31:17]Mcu init data end
[2019-11-07 16:31:18]>>>>>>>>>>>>S:  AA 77 00 83 53 A0 00 08 8D 07 E3 0B 07 10 1F 12 
[2019-11-07 16:31:18]AHT:10
[2019-11-07 16:31:18]MHT:10
[2019-11-07 16:31:20]>>>>>>>>>>>>S:  AA 77 00 87 55 D0 00 06 04 00 00 00 00 00 
[2019-11-07 16:31:24]>>>>>>>>>>>>S:  AA 77 00 84 56 D0 00 06 04 00 00 00 00 00 
[2019-11-07 16:31:26]-------------------------------------------
[2019-11-07 16:31:26]             mcu lost sync data 0: 00
[2019-11-07 16:31:26]-------------------------------------------
[2019-11-07 16:31:26]mcu reset, req arm handshake
[2019-11-07 16:31:26]>>>>>>>>>>>>S:  AA 77 00 74 57 A0 00 02 80 01 
[2019-11-07 16:31:26]try handshake 8 times
[2019-11-07 16:31:26]handshake successful
[2019-11-07 16:31:26]MHT:0
[2019-11-07 16:31:26]ACC OFF
[2019-11-07 16:31:26]MCU MODE_UNKNOWN
[2019-11-07 16:31:26]MCU Version: mcu_L_DFSK_F516-19_1.0.1_191031
[2019-11-07 16:31:26]CAN Version: can_v2.0L_516-19
[2019-11-07 16:31:26]PowerData: 00 00 00 00 00 
[2019-11-07 16:31:26]pdid: DFSK0001000200261910160001000010
[2019-11-07 16:31:26]vin:12345T0703T000110
[2019-11-07 16:31:26]>>>>>>>>>>>>S:  AA 77 00 B6 58 D0 01 15 2E 38 39 38 36 30 39 31 38 37 30 30 30 30 39 32 32 31 30 32 36 
[2019-11-07 16:31:26]>>>>>>>>>>>>S:  AA 77 00 87 59 D0 01 10 2F 34 36 30 30 39 36 30 39 30 37 32 32 31 30 32 
[2019-11-07 16:31:26]>>>>>>>>>>>>S:  AA 77 00 93 5A D0 01 10 33 38 36 32 30 31 35 30 33 37 35 31 31 37 32 37 
[2019-11-07 16:31:26]Mcu init data end
[2019-11-07 16:31:27]>>>>>>>>>>>>S:  AA 77 00 89 5B D0 00 06 04 00 00 00 00 00 
[2019-11-07 16:31:27]>>>>>>>>>>>>S:  AA 77 00 85 5C A0 00 08 8D 07 E3 0B 07 10 1F 1B 
[2019-11-07 16:31:28]AHT:11
[2019-11-07 16:31:28]MHT:11
[2019-11-07 16:31:31]>>>>>>>>>>>>S:  AA 77 00 8C 5E D0 00 06 04 00 00 00 00 00 
[2019-11-07 16:31:34]>>>>>>>>>>>>S:  AA 77 00 8D 5F D0 00 06 04 00 00 00 00 00 
[2019-11-07 16:31:37]-------------------------------------------
[2019-11-07 16:31:37]             mcu lost sync data 0: 00
[2019-11-07 16:31:37]-------------------------------------------
[2019-11-07 16:31:37]mcu reset, req arm handshake
[2019-11-07 16:31:37]>>>>>>>>>>>>S:  AA 77 00 B2 60 D0 00 06 04 00 00 00 00 00 
[2019-11-07 16:31:38]>>>>>>>>>>>>S:  AA 77 00 42 61 A0 00 02 80 01 
[2019-11-07 16:31:38]try handshake 9 times
[2019-11-07 16:31:38]handshake successful
[2019-11-07 16:31:38]MHT:0
[2019-11-07 16:31:38]ACC OFF
[2019-11-07 16:31:38]MCU MODE_UNKNOWN
[2019-11-07 16:31:38]MCU Version: mcu_L_DFSK_F516-19_1.0.1_191031
[2019-11-07 16:31:38]CAN Version: can_v2.0L_516-19
[2019-11-07 16:31:38]PowerData: 00 00 00 00 00 
[2019-11-07 16:31:38]AHT:12
[2019-11-07 16:31:38]pdid: DFSK0001000200261910160001000010
[2019-11-07 16:31:38]vin:12345T0703T000110
[2019-11-07 16:31:38]>>>>>>>>>>>>S:  AA 77 00 8D 63 D0 01 15 2E 38 39 38 36 30 39 31 38 37 30 30 30 30 39 32 32 31 30 32 36 
[2019-11-07 16:31:38]>>>>>>>>>>>>S:  AA 77 00 BA 64 D0 01 10 2F 34 36 30 30 39 36 30 39 30 37 32 32 31 30 32 
[2019-11-07 16:31:38]>>>>>>>>>>>>S:  AA 77 00 AC 65 D0 01 10 33 38 36 32 30 31 35 30 33 37 35 31 31 37 32 37 
[2019-11-07 16:31:38]Mcu init data end
[2019-11-07 16:31:38]MHT:12
[2019-11-07 16:31:38]>>>>>>>>>>>>S:  AA 77 00 82 66 A0 00 08 8D 07 E3 0B 07 10 1F 26 
[2019-11-07 16:31:41]>>>>>>>>>>>>S:  AA 77 00 B5 67 D0 00 06 04 00 00 00 00 00 
[2019-11-07 16:31:44]>>>>>>>>>>>>S:  AA 77 00 BA 68 D0 00 06 04 00 00 00 00 00 
[2019-11-07 16:31:48]>>>>>>>>>>>>S:  AA 77 00 BB 69 D0 00 06 04 00 00 00 00 00 
[2019-11-07 16:31:48]-------------------------------------------
[2019-11-07 16:31:48]             mcu lost sync data 0: 00
[2019-11-07 16:31:48]-------------------------------------------
[2019-11-07 16:31:48]mcu reset, req arm handshake
[2019-11-07 16:31:48]AHT:13
[2019-11-07 16:31:50]>>>>>>>>>>>>S:  AA 77 00 49 6A A0 00 02 80 01 
[2019-11-07 16:31:50]try handshake 10 times
[2019-11-07 16:31:50]handshake successful
[2019-11-07 16:31:50]MHT:0
[2019-11-07 16:31:50]ACC OFF
[2019-11-07 16:31:50]MCU MODE_UNKNOWN
[2019-11-07 16:31:50]MCU Version: mcu_L_DFSK_F516-19_1.0.1_191031
[2019-11-07 16:31:50]CAN Version: can_v2.0L_516-19
[2019-11-07 16:31:50]PowerData: 00 00 00 00 00 
[2019-11-07 16:31:50]pdid: DFSK0001000200261910160001000010
[2019-11-07 16:31:50]vin:12345T0703T000110
[2019-11-07 16:31:50]>>>>>>>>>>>>S:  AA 77 00 85 6B D0 01 15 2E 38 39 38 36 30 39 31 38 37 30 30 30 30 39 32 32 31 30 32 36 
[2019-11-07 16:31:50]>>>>>>>>>>>>S:  AA 77 00 B2 6C D0 01 10 2F 34 36 30 30 39 36 30 39 30 37 32 32 31 30 32 
[2019-11-07 16:31:50]>>>>>>>>>>>>S:  AA 77 00 A4 6D D0 01 10 33 38 36 32 30 31 35 30 33 37 35 31 31 37 32 37 
[2019-11-07 16:31:50]Mcu init data end
[2019-11-07 16:31:51]>>>>>>>>>>>>S:  AA 77 00 9F 6E A0 00 08 8D 07 E3 0B 07 10 1F 33 
[2019-11-07 16:31:51]>>>>>>>>>>>>S:  AA 77 00 BD 6F D0 00 06 04 00 00 00 00 00 
[2019-11-07 16:31:55]>>>>>>>>>>>>S:  AA 77 00 A2 70 D0 00 06 04 00 00 00 00 00 
[2019-11-07 16:31:58]>>>>>>>>>>>>S:  AA 77 00 A3 71 D0 00 06 04 00 00 00 00 00 
[2019-11-07 16:31:58]AHT:14
[2019-11-07 16:31:58]MHT:14
[2019-11-07 16:31:59]-------------------------------------------
[2019-11-07 16:31:59]             mcu lost sync data 0: 00
[2019-11-07 16:31:59]-------------------------------------------
[2019-11-07 16:31:59]mcu reset, req arm handshake
[2019-11-07 16:31:59]>>>>>>>>>>>>S:  AA 77 00 50 73 A0 00 02 80 01 
[2019-11-07 16:31:59]try handshake 11 times
[2019-11-07 16:31:59]handshake successful
[2019-11-07 16:31:59]MHT:0
[2019-11-07 16:31:59]ACC OFF
[2019-11-07 16:31:59]MCU MODE_UNKNOWN
[2019-11-07 16:31:59]MCU Version: mcu_L_DFSK_F516-19_1.0.1_191031
[2019-11-07 16:31:59]CAN Version: can_v2.0L_516-19
[2019-11-07 16:31:59]PowerData: 00 00 00 00 00 
[2019-11-07 16:31:59]pdid: DFSK0001000200261910160001000010
[2019-11-07 16:31:59]vin:12345T0703T000110
[2019-11-07 16:31:59]>>>>>>>>>>>>S:  AA 77 00 9A 74 D0 01 15 2E 38 39 38 36 30 39 31 38 37 30 30 30 30 39 32 32 31 30 32 36 
[2019-11-07 16:31:59]>>>>>>>>>>>>S:  AA 77 00 AB 75 D0 01 10 2F 34 36 30 30 39 36 30 39 30 37 32 32 31 30 32 
[2019-11-07 16:31:59]>>>>>>>>>>>>S:  AA 77 00 BF 76 D0 01 10 33 38 36 32 30 31 35 30 33 37 35 31 31 37 32 37 
[2019-11-07 16:31:59]Mcu init data end
[2019-11-07 16:31:59]-------------------------------------------
[2019-11-07 16:31:59]             mcu lost sync data 0: 77
[2019-11-07 16:31:59]-------------------------------------------
[2019-11-07 16:31:59]-------------------------------------------
[2019-11-07 16:31:59]             mcu lost sync data 0: FF
[2019-11-07 16:31:59]-------------------------------------------
[2019-11-07 16:31:59]-------------------------------------------
[2019-11-07 16:31:59]             mcu lost sync data 0: D0
[2019-11-07 16:31:59]-------------------------------------------
[2019-11-07 16:31:59]-------------------------------------------
[2019-11-07 16:31:59]             mcu lost sync data 0: 2E
[2019-11-07 16:31:59]-------------------------------------------
[2019-11-07 16:31:59]-------------------------------------------
[2019-11-07 16:31:59]             mcu lost sync data 0: 55
[2019-11-07 16:31:59]-------------------------------------------
[2019-11-07 16:32:00]>>>>>>>>>>>>S:  AA 77 00 8A 77 A0 00 08 8D 07 E3 0B 07 10 20 00 
[2019-11-07 16:32:00]>>>>>>>>>>>>S:  AA 77 00 96 78 D0 01 15 2E 38 39 38 36 30 39 31 38 37 30 30 30 30 39 32 32 31 30 32 36 
[2019-11-07 16:32:02]>>>>>>>>>>>>S:  AA 77 00 AB 79 D0 00 06 04 00 00 00 00 00 
[2019-11-07 16:32:05]>>>>>>>>>>>>S:  AA 77 00 A8 7A D0 00 06 04 00 00 00 00 00 
[2019-11-07 16:32:08]AHT:15
[2019-11-07 16:32:08]MHT:15
[2019-11-07 16:32:09]>>>>>>>>>>>>S:  AA 77 00 AE 7C D0 00 06 04 00 00 00 00 00 
[2019-11-07 16:32:10]-------------------------------------------
[2019-11-07 16:32:10]             mcu lost sync data 0: 00
[2019-11-07 16:32:10]-------------------------------------------
[2019-11-07 16:32:10]mcu reset, req arm handshake
[2019-11-07 16:32:11]>>>>>>>>>>>>S:  AA 77 00 5E 7D A0 00 02 80 01 
[2019-11-07 16:32:11]try handshake 12 times
[2019-11-07 16:32:11]handshake successful
[2019-11-07 16:32:11]MHT:0
[2019-11-07 16:32:11]ACC OFF
[2019-11-07 16:32:11]MCU MODE_UNKNOWN
[2019-11-07 16:32:11]MCU Version: mcu_L_DFSK_F516-19_1.0.1_191031
[2019-11-07 16:32:11]CAN Version: can_v2.0L_516-19
[2019-11-07 16:32:11]PowerData: 00 00 00 00 00 
[2019-11-07 16:32:11]pdid: DFSK0001000200261910160001000010
[2019-11-07 16:32:11]vin:12345T0703T000110
[2019-11-07 16:32:11]>>>>>>>>>>>>S:  AA 77 00 90 7E D0 01 15 2E 38 39 38 36 30 39 31 38 37 30 30 30 30 39 32 32 31 30 32 36 
[2019-11-07 16:32:11]>>>>>>>>>>>>S:  AA 77 00 A1 7F D0 01 10 2F 34 36 30 30 39 36 30 39 30 37 32 32 31 30 32 
[2019-11-07 16:32:11]>>>>>>>>>>>>S:  AA 77 00 49 80 D0 01 10 33 38 36 32 30 31 35 30 33 37 35 31 31 37 32 37 
[2019-11-07 16:32:11]Mcu init data end
[2019-11-07 16:32:12]>>>>>>>>>>>>S:  AA 77 00 70 81 A0 00 08 8D 07 E3 0B 07 10 20 0C 
[2019-11-07 16:32:12]>>>>>>>>>>>>S:  AA 77 00 50 82 D0 00 06 04 00 00 00 00 00 
[2019-11-07 16:32:16]>>>>>>>>>>>>S:  AA 77 00 51 83 D0 00 06 04 00 00 00 00 00 
[2019-11-07 16:32:18]AHT:16
[2019-11-07 16:32:18]MHT:16
[2019-11-07 16:32:19]>>>>>>>>>>>>S:  AA 77 00 57 85 D0 00 06 04 00 00 00 00 00 
[2019-11-07 16:32:21]-------------------------------------------
[2019-11-07 16:32:21]             mcu lost sync data 0: 00
[2019-11-07 16:32:21]-------------------------------------------
[2019-11-07 16:32:21]mcu reset, req arm handshake
[2019-11-07 16:32:23]>>>>>>>>>>>>S:  AA 77 00 54 86 D0 00 06 04 00 00 00 00 00 
[2019-11-07 16:32:23]>>>>>>>>>>>>S:  AA 77 00 A4 87 A0 00 02 80 01 
[2019-11-07 16:32:23]try handshake 13 times
[2019-11-07 16:32:23]handshake successful
[2019-11-07 16:32:23]MHT:0
[2019-11-07 16:32:23]ACC OFF
[2019-11-07 16:32:23]MCU MODE_UNKNOWN
[2019-11-07 16:32:23]MCU Version: mcu_L_DFSK_F516-19_1.0.1_191031
[2019-11-07 16:32:23]CAN Version: can_v2.0L_516-19
[2019-11-07 16:32:23]PowerData: 00 00 00 00 00 
[2019-11-07 16:32:23]pdid: DFSK0001000200261910160001000010
[2019-11-07 16:32:23]vin:12345T0703T000110
[2019-11-07 16:32:23]>>>>>>>>>>>>S:  AA 77 00 66 88 D0 01 15 2E 38 39 38 36 30 39 31 38 37 30 30 30 30 39 32 32 31 30 32 36 
[2019-11-07 16:32:23]>>>>>>>>>>>>S:  AA 77 00 57 89 D0 01 10 2F 34 36 30 30 39 36 30 39 30 37 32 32 31 30 32 
[2019-11-07 16:32:23]>>>>>>>>>>>>S:  AA 77 00 43 8A D0 01 10 33 38 36 32 30 31 35 30 33 37 35 31 31 37 32 37 
[2019-11-07 16:32:23]Mcu init data end
[2019-11-07 16:32:24]>>>>>>>>>>>>S:  AA 77 00 6E 8B A0 00 08 8D 07 E3 0B 07 10 20 18 
[2019-11-07 16:32:26]>>>>>>>>>>>>S:  AA 77 00 5E 8C D0 00 06 04 00 00 00 00 00 
[2019-11-07 16:32:28]AHT:17
[2019-11-07 16:32:28]MHT:17
[2019-11-07 16:32:30]>>>>>>>>>>>>S:  AA 77 00 5C 8E D0 00 06 04 00 00 00 00 00 
[2019-11-07 16:32:32]-------------------------------------------
[2019-11-07 16:32:32]             mcu lost sync data 0: 00
[2019-11-07 16:32:32]-------------------------------------------
[2019-11-07 16:32:32]mcu reset, req arm handshake
[2019-11-07 16:32:32]>>>>>>>>>>>>S:  AA 77 00 AC 8F A0 00 02 80 01 
[2019-11-07 16:32:32]try handshake 14 times
[2019-11-07 16:32:32]handshake successful
[2019-11-07 16:32:32]MHT:0
[2019-11-07 16:32:32]ACC OFF
[2019-11-07 16:32:32]MCU MODE_UNKNOWN
[2019-11-07 16:32:32]MCU Version: mcu_L_DFSK_F516-19_1.0.1_191031
[2019-11-07 16:32:32]CAN Version: can_v2.0L_516-19
[2019-11-07 16:32:32]PowerData: 00 00 00 00 00 
[2019-11-07 16:32:32]pdid: DFSK0001000200261910160001000010
[2019-11-07 16:32:32]vin:12345T0703T000110
[2019-11-07 16:32:32]>>>>>>>>>>>>S:  AA 77 00 7E 90 D0 01 15 2E 38 39 38 36 30 39 31 38 37 30 30 30 30 39 32 32 31 30 32 36 
[2019-11-07 16:32:32]>>>>>>>>>>>>S:  AA 77 00 4F 91 D0 01 10 2F 34 36 30 30 39 36 30 39 30 37 32 32 31 30 32 
[2019-11-07 16:32:32]>>>>>>>>>>>>S:  AA 77 00 5B 92 D0 01 10 33 38 36 32 30 31 35 30 33 37 35 31 31 37 32 37 
[2019-11-07 16:32:32]Mcu init data end
[2019-11-07 16:32:33]>>>>>>>>>>>>S:  AA 77 00 4F 93 A0 00 08 8D 07 E3 0B 07 10 20 21 
[2019-11-07 16:32:33]>>>>>>>>>>>>S:  AA 77 00 46 94 D0 00 06 04 00 00 00 00 00 
[2019-11-07 16:32:37]>>>>>>>>>>>>S:  AA 77 00 47 95 D0 00 06 04 00 00 00 00 00 
[2019-11-07 16:32:38]AHT:18
[2019-11-07 16:32:38]MHT:18
[2019-11-07 16:32:40]>>>>>>>>>>>>S:  AA 77 00 45 97 D0 00 06 04 00 00 00 00 00 
[2019-11-07 16:32:43]-------------------------------------------
[2019-11-07 16:32:43]             mcu lost sync data 0: 00
[2019-11-07 16:32:43]-------------------------------------------
[2019-11-07 16:32:43]mcu reset, req arm handshake
[2019-11-07 16:32:44]>>>>>>>>>>>>S:  AA 77 00 4A 98 D0 00 06 04 00 00 00 00 00 
[2019-11-07 16:32:44]>>>>>>>>>>>>S:  AA 77 00 BA 99 A0 00 02 80 01 
[2019-11-07 16:32:44]try handshake 15 times
[2019-11-07 16:32:44]handshake successful
[2019-11-07 16:32:44]MHT:0
[2019-11-07 16:32:44]ACC OFF
[2019-11-07 16:32:44]MCU MODE_UNKNOWN
[2019-11-07 16:32:44]MCU Version: mcu_L_DFSK_F516-19_1.0.1_191031
[2019-11-07 16:32:44]CAN Version: can_v2.0L_516-19
[2019-11-07 16:32:44]PowerData: 00 00 00 00 00 
[2019-11-07 16:32:44]pdid: DFSK0001000200261910160001000010
[2019-11-07 16:32:44]vin:12345T0703T000110
[2019-11-07 16:32:44]>>>>>>>>>>>>S:  AA 77 00 74 9A D0 01 15 2E 38 39 38 36 30 39 31 38 37 30 30 30 30 39 32 32 31 30 32 36 
[2019-11-07 16:32:44]>>>>>>>>>>>>S:  AA 77 00 45 9B D0 01 10 2F 34 36 30 30 39 36 30 39 30 37 32 32 31 30 32 
[2019-11-07 16:32:44]>>>>>>>>>>>>S:  AA 77 00 55 9C D0 01 10 33 38 36 32 30 31 35 30 33 37 35 31 31 37 32 37 
[2019-11-07 16:32:44]Mcu init data end
[2019-11-07 16:32:45]>>>>>>>>>>>>S:  AA 77 00 4D 9D A0 00 08 8D 07 E3 0B 07 10 20 2D 
[2019-11-07 16:32:47]>>>>>>>>>>>>S:  AA 77 00 4C 9E D0 00 06 04 00 00 00 00 00 
[2019-11-07 16:32:48]AHT:19
[2019-11-07 16:32:48]MHT:19
[2019-11-07 16:32:51]>>>>>>>>>>>>S:  AA 77 00 72 A0 D0 00 06 04 00 00 00 00 00 
[2019-11-07 16:32:54]>>>>>>>>>>>>S:  AA 77 00 73 A1 D0 00 06 04 00 00 00 00 00 
[2019-11-07 16:32:54]-------------------------------------------
[2019-11-07 16:32:54]             mcu lost sync data 0: 00
[2019-11-07 16:32:54]-------------------------------------------
[2019-11-07 16:32:54]mcu reset, req arm handshake
[2019-11-07 16:32:56]>>>>>>>>>>>>S:  AA 77 00 81 A2 A0 00 02 80 01 
[2019-11-07 16:32:56]try handshake 16 times
[2019-11-07 16:32:56]handshake successful
[2019-11-07 16:32:56]MHT:0
[2019-11-07 16:32:56]ACC OFF
[2019-11-07 16:32:56]MCU MODE_UNKNOWN
[2019-11-07 16:32:56]MCU Version: mcu_L_DFSK_F516-19_1.0.1_191031
[2019-11-07 16:32:56]CAN Version: can_v2.0L_516-19
[2019-11-07 16:32:56]PowerData: 00 00 00 00 00 
[2019-11-07 16:32:56]pdid: DFSK0001000200261910160001000010
[2019-11-07 16:32:56]vin:12345T0703T000110
[2019-11-07 16:32:56]>>>>>>>>>>>>S:  AA 77 00 4D A3 D0 01 15 2E 38 39 38 36 30 39 31 38 37 30 30 30 30 39 32 32 31 30 32 36 
[2019-11-07 16:32:56]>>>>>>>>>>>>S:  AA 77 00 7A A4 D0 01 10 2F 34 36 30 30 39 36 30 39 30 37 32 32 31 30 32 
[2019-11-07 16:32:56]>>>>>>>>>>>>S:  AA 77 00 6C A5 D0 01 10 33 38 36 32 30 31 35 30 33 37 35 31 31 37 32 37 
[2019-11-07 16:32:56]Mcu init data end
[2019-11-07 16:32:57]>>>>>>>>>>>>S:  AA 77 00 62 A6 A0 00 08 8D 07 E3 0B 07 10 20 39 
[2019-11-07 16:32:58]>>>>>>>>>>>>S:  AA 77 00 75 A7 D0 00 06 04 00 00 00 00 00 
[2019-11-07 16:32:58]AHT:20
[2019-11-07 16:32:58]MHT:20
[2019-11-07 16:33:01]>>>>>>>>>>>>S:  AA 77 00 7B A9 D0 00 06 04 00 00 00 00 00 
[2019-11-07 16:33:05]>>>>>>>>>>>>S:  AA 77 00 78 AA D0 00 06 04 00 00 00 00 00 
[2019-11-07 16:33:05]-------------------------------------------
[2019-11-07 16:33:05]             mcu lost sync data 0: 00
[2019-11-07 16:33:05]-------------------------------------------
[2019-11-07 16:33:05]mcu reset, req arm handshake
[2019-11-07 16:33:05]>>>>>>>>>>>>S:  AA 77 00 88 AB A0 00 02 80 01 
[2019-11-07 16:33:05]try handshake 17 times
[2019-11-07 16:33:05]handshake successful
[2019-11-07 16:33:05]MHT:0
[2019-11-07 16:33:05]ACC ON
[2019-11-07 16:33:05]MCU MODE_UNKNOWN
[2019-11-07 16:33:05]MCU Version: mcu_L_DFSK_F516-19_1.0.1_191031
[2019-11-07 16:33:05]CAN Version: can_v2.0L_516-19
[2019-11-07 16:33:05]PowerData: 00 00 00 00 00 
[2019-11-07 16:33:05]pdid: DFSK0001000200261910160001000010
[2019-11-07 16:33:05]vin:12345T0703T000110
[2019-11-07 16:33:05]>>>>>>>>>>>>S:  AA 77 00 42 AC D0 01 15 2E 38 39 38 36 30 39 31 38 37 30 30 30 30 39 32 32 31 30 32 36 
[2019-11-07 16:33:05]>>>>>>>>>>>>S:  AA 77 00 73 AD D0 01 10 2F 34 36 30 30 39 36 30 39 30 37 32 32 31 30 32 
[2019-11-07 16:33:05]>>>>>>>>>>>>S:  AA 77 00 67 AE D0 01 10 33 38 36 32 30 31 35 30 33 37 35 31 31 37 32 37 
[2019-11-07 16:33:05]Mcu init data end
[2019-11-07 16:33:06]ACC OFF
[2019-11-07 16:33:06]>>>>>>>>>>>>S:  AA 77 00 55 AF A0 00 08 8D 07 E3 0B 07 10 21 06 
[2019-11-07 16:33:08]>>>>>>>>>>>>S:  AA 77 00 62 B0 D0 00 06 04 00 00 00 00 00 
[2019-11-07 16:33:08]AHT:21
[2019-11-07 16:33:08]MHT:21
[2019-11-07 16:33:12]>>>>>>>>>>>>S:  AA 77 00 60 B2 D0 00 06 04 00 00 00 00 00 
[2019-11-07 16:33:15]>>>>>>>>>>>>S:  AA 77 00 61 B3 D0 00 06 04 00 00 00 00 00 
[2019-11-07 16:33:16]-------------------------------------------
[2019-11-07 16:33:16]             mcu lost sync data 0: 00
[2019-11-07 16:33:16]-------------------------------------------
[2019-11-07 16:33:16]mcu reset, req arm handshake
[2019-11-07 16:33:17]>>>>>>>>>>>>S:  AA 77 00 97 B4 A0 00 02 80 01 
[2019-11-07 16:33:17]try handshake 18 times
[2019-11-07 16:33:17]handshake successful
[2019-11-07 16:33:17]MHT:0
[2019-11-07 16:33:17]ACC OFF
[2019-11-07 16:33:17]MCU MODE_UNKNOWN
[2019-11-07 16:33:17]MCU Version: mcu_L_DFSK_F516-19_1.0.1_191031
[2019-11-07 16:33:17]CAN Version: can_v2.0L_516-19
[2019-11-07 16:33:17]PowerData: 00 00 00 00 00 
[2019-11-07 16:33:17]pdid: DFSK0001000200261910160001000010
[2019-11-07 16:33:17]vin:12345T0703T000110
[2019-11-07 16:33:17]>>>>>>>>>>>>S:  AA 77 00 5B B5 D0 01 15 2E 38 39 38 36 30 39 31 38 37 30 30 30 30 39 32 32 31 30 32 36 
[2019-11-07 16:33:17]>>>>>>>>>>>>S:  AA 77 00 68 B6 D0 01 10 2F 34 36 30 30 39 36 30 39 30 37 32 32 31 30 32 
[2019-11-07 16:33:17]>>>>>>>>>>>>S:  AA 77 00 7E B7 D0 01 10 33 38 36 32 30 31 35 30 33 37 35 31 31 37 32 37 
[2019-11-07 16:33:17]Mcu init data end
[2019-11-07 16:33:18]>>>>>>>>>>>>S:  AA 77 00 56 B8 A0 00 08 8D 07 E3 0B 07 10 21 12 
[2019-11-07 16:33:18]AHT:22
[2019-11-07 16:33:18]MHT:22
[2019-11-07 16:33:19]>>>>>>>>>>>>S:  AA 77 00 68 BA D0 00 06 04 00 00 00 00 00 
[2019-11-07 16:33:22]>>>>>>>>>>>>S:  AA 77 00 69 BB D0 00 06 04 00 00 00 00 00 
[2019-11-07 16:33:26]>>>>>>>>>>>>S:  AA 77 00 6E BC D0 00 06 04 00 00 00 00 00 
[2019-11-07 16:33:27]-------------------------------------------
[2019-11-07 16:33:27]             mcu lost sync data 0: 00
[2019-11-07 16:33:27]-------------------------------------------
[2019-11-07 16:33:28]mcu reset, req arm handshake
[2019-11-07 16:33:28]AHT:23
[2019-11-07 16:33:29]>>>>>>>>>>>>S:  AA 77 00 6F BD D0 00 06 04 00 00 00 00 00 
[2019-11-07 16:33:29]>>>>>>>>>>>>S:  AA 77 00 9D BE A0 00 02 80 01 
[2019-11-07 16:33:29]try handshake 19 times
[2019-11-07 16:33:29]handshake successful
[2019-11-07 16:33:29]MHT:0
[2019-11-07 16:33:29]ACC OFF
[2019-11-07 16:33:29]MCU MODE_UNKNOWN
[2019-11-07 16:33:29]MCU Version: mcu_L_DFSK_F516-19_1.0.1_191031
[2019-11-07 16:33:29]CAN Version: can_v2.0L_516-19
[2019-11-07 16:33:29]PowerData: 00 00 00 00 00 
[2019-11-07 16:33:29]pdid: DFSK0001000200261910160001000010
[2019-11-07 16:33:29]vin:12345T0703T000110
[2019-11-07 16:33:29]>>>>>>>>>>>>S:  AA 77 00 51 BF D0 01 15 2E 38 39 38 36 30 39 31 38 37 30 30 30 30 39 32 32 31 30 32 36 
[2019-11-07 16:33:29]>>>>>>>>>>>>S:  AA 77 00 1E C0 D0 01 10 2F 34 36 30 30 39 36 30 39 30 37 32 32 31 30 32 
[2019-11-07 16:33:29]>>>>>>>>>>>>S:  AA 77 00 08 C1 D0 01 10 33 38 36 32 30 31 35 30 33 37 35 31 31 37 32 37 
[2019-11-07 16:33:29]Mcu init data end
[2019-11-07 16:33:29]-------------------------------------------
[2019-11-07 16:33:29]             mcu lost sync data 0: 77
[2019-11-07 16:33:29]-------------------------------------------
[2019-11-07 16:33:29]-------------------------------------------
[2019-11-07 16:33:29]              mcu lost sync data 1: FF
[2019-11-07 16:33:29]-------------------------------------------
[2019-11-07 16:33:29]-------------------------------------------
[2019-11-07 16:33:29]             mcu lost sync data 0: D0
[2019-11-07 16:33:29]-------------------------------------------
[2019-11-07 16:33:29]-------------------------------------------
[2019-11-07 16:33:29]             mcu lost sync data 0: 2E
[2019-11-07 16:33:29]-------------------------------------------
[2019-11-07 16:33:29]-------------------------------------------
[2019-11-07 16:33:29]             mcu lost sync data 0: 55
[2019-11-07 16:33:29]-------------------------------------------
[2019-11-07 16:33:30]>>>>>>>>>>>>S:  AA 77 00 20 C2 A0 00 08 8D 07 E3 0B 07 10 21 1E 
[2019-11-07 16:33:31]>>>>>>>>>>>>S:  AA 77 00 2D C3 D0 01 15 2E 38 39 38 36 30 39 31 38 37 30 30 30 30 39 32 32 31 30 32 36 
[2019-11-07 16:33:33]>>>>>>>>>>>>S:  AA 77 00 16 C4 D0 00 06 04 00 00 00 00 00 
[2019-11-07 16:33:36]>>>>>>>>>>>>S:  AA 77 00 17 C5 D0 00 06 04 00 00 00 00 00 
[2019-11-07 16:33:38]-------------------------------------------
[2019-11-07 16:33:38]             mcu lost sync data 0: 00
[2019-11-07 16:33:38]-------------------------------------------
[2019-11-07 16:33:38]AHT:24
[2019-11-07 16:33:39]mcu reset, req arm handshake
[2019-11-07 16:33:40]>>>>>>>>>>>>S:  AA 77 00 15 C7 D0 00 06 04 00 00 00 00 00 
[2019-11-07 16:33:41]>>>>>>>>>>>>S:  AA 77 00 EB C8 A0 00 02 80 01 
[2019-11-07 16:33:41]try handshake 20 times
[2019-11-07 16:33:41]handshake successful
[2019-11-07 16:33:41]MHT:0
[2019-11-07 16:33:41]ACC OFF
[2019-11-07 16:33:41]MCU MODE_UNKNOWN
[2019-11-07 16:33:41]MCU Version: mcu_L_DFSK_F516-19_1.0.1_191031
[2019-11-07 16:33:41]CAN Version: can_v2.0L_516-19
[2019-11-07 16:33:41]PowerData: 00 00 00 00 00 
[2019-11-07 16:33:41]pdid: DFSK0001000200261910160001000010
[2019-11-07 16:33:41]vin:12345T0703T000110
[2019-11-07 16:33:41]>>>>>>>>>>>>S:  AA 77 00 27 C9 D0 01 15 2E 38 39 38 36 30 39 31 38 37 30 30 30 30 39 32 32 31 30 32 36 
[2019-11-07 16:33:41]>>>>>>>>>>>>S:  AA 77 00 14 CA D0 01 10 2F 34 36 30 30 39 36 30 39 30 37 32 32 31 30 32 
[2019-11-07 16:33:41]>>>>>>>>>>>>S:  AA 77 00 02 CB D0 01 10 33 38 36 32 30 31 35 30 33 37 35 31 31 37 32 37 
[2019-11-07 16:33:41]Mcu init data end
[2019-11-07 16:33:42]>>>>>>>>>>>>S:  AA 77 00 1A CC A0 00 08 8D 07 E3 0B 07 10 21 2A 
[2019-11-07 16:33:43]>>>>>>>>>>>>S:  AA 77 00 1F CD D0 00 06 04 00 00 00 00 00 
[2019-11-07 16:33:47]>>>>>>>>>>>>S:  AA 77 00 1C CE D0 00 06 04 00 00 00 00 00 
[2019-11-07 16:33:48]AHT:25
[2019-11-07 16:33:49]MHT:25
[2019-11-07 16:33:50]-------------------------------------------
[2019-11-07 16:33:50]             mcu lost sync data 0: 00
[2019-11-07 16:33:50]-------------------------------------------
[2019-11-07 16:33:50]mcu reset, req arm handshake
[2019-11-07 16:33:50]>>>>>>>>>>>>S:  AA 77 00 02 D0 D0 00 06 04 00 00 00 00 00 
[2019-11-07 16:33:50]>>>>>>>>>>>>S:  AA 77 00 F2 D1 A0 00 02 80 01 
[2019-11-07 16:33:50]try handshake 21 times
[2019-11-07 16:33:50]handshake successful
[2019-11-07 16:33:50]MHT:0
[2019-11-07 16:33:50]ACC OFF
[2019-11-07 16:33:50]MCU MODE_UNKNOWN
[2019-11-07 16:33:50]MCU Version: mcu_L_DFSK_F516-19_1.0.1_191031
[2019-11-07 16:33:50]CAN Version: can_v2.0L_516-19
[2019-11-07 16:33:50]PowerData: 00 00 00 00 00 
[2019-11-07 16:33:50]pdid: DFSK0001000200261910160001000010
[2019-11-07 16:33:50]vin:12345T0703T000110
[2019-11-07 16:33:50]>>>>>>>>>>>>S:  AA 77 00 3C D2 D0 01 15 2E 38 39 38 36 30 39 31 38 37 30 30 30 30 39 32 32 31 30 32 36 
[2019-11-07 16:33:50]>>>>>>>>>>>>S:  AA 77 00 0D D3 D0 01 10 2F 34 36 30 30 39 36 30 39 30 37 32 32 31 30 32 
[2019-11-07 16:33:50]>>>>>>>>>>>>S:  AA 77 00 1D D4 D0 01 10 33 38 36 32 30 31 35 30 33 37 35 31 31 37 32 37 
[2019-11-07 16:33:50]Mcu init data end
[2019-11-07 16:33:51]>>>>>>>>>>>>S:  AA 77 00 1A D5 A0 00 08 8D 07 E3 0B 07 10 21 33 
[2019-11-07 16:33:54]>>>>>>>>>>>>S:  AA 77 00 04 D6 D0 00 06 04 00 00 00 00 00 
[2019-11-07 16:33:57]>>>>>>>>>>>>S:  AA 77 00 05 D7 D0 00 06 04 00 00 00 00 00 
[2019-11-07 16:33:58]AHT:26
[2019-11-07 16:33:59]MHT:26
[2019-11-07 16:34:01]>>>>>>>>>>>>S:  AA 77 00 0B D9 D0 00 06 04 00 00 00 00 00 
[2019-11-07 16:34:01]-------------------------------------------
[2019-11-07 16:34:01]             mcu lost sync data 0: 00
[2019-11-07 16:34:01]-------------------------------------------
[2019-11-07 16:34:01]mcu reset, req arm handshake
[2019-11-07 16:34:02]>>>>>>>>>>>>S:  AA 77 00 F9 DA A0 00 02 80 01 
[2019-11-07 16:34:02]try handshake 22 times
[2019-11-07 16:34:02]handshake successful
[2019-11-07 16:34:02]MHT:0
[2019-11-07 16:34:02]ACC OFF
[2019-11-07 16:34:02]MCU MODE_UNKNOWN
[2019-11-07 16:34:02]MCU Version: mcu_L_DFSK_F516-19_1.0.1_191031
[2019-11-07 16:34:02]CAN Version: can_v2.0L_516-19
[2019-11-07 16:34:02]PowerData: 00 00 00 00 00 
[2019-11-07 16:34:02]pdid: DFSK0001000200261910160001000010
[2019-11-07 16:34:02]vin:12345T0703T000110
[2019-11-07 16:34:02]>>>>>>>>>>>>S:  AA 77 00 35 DB D0 01 15 2E 38 39 38 36 30 39 31 38 37 30 30 30 30 39 32 32 31 30 32 36 
[2019-11-07 16:34:02]>>>>>>>>>>>>S:  AA 77 00 02 DC D0 01 10 2F 34 36 30 30 39 36 30 39 30 37 32 32 31 30 32 
[2019-11-07 16:34:02]>>>>>>>>>>>>S:  AA 77 00 14 DD D0 01 10 33 38 36 32 30 31 35 30 33 37 35 31 31 37 32 37 
[2019-11-07 16:34:02]Mcu init data end
[2019-11-07 16:34:03]>>>>>>>>>>>>S:  AA 77 00 22 DE A0 00 08 8D 07 E3 0B 07 10 22 03 
[2019-11-07 16:34:04]>>>>>>>>>>>>S:  AA 77 00 0D DF D0 00 06 04 00 00 00 00 00 
[2019-11-07 16:34:08]>>>>>>>>>>>>S:  AA 77 00 32 E0 D0 00 06 04 00 00 00 00 00 
[2019-11-07 16:34:09]AHT:27
[2019-11-07 16:34:09]MHT:27
[2019-11-07 16:34:11]>>>>>>>>>>>>S:  AA 77 00 30 E2 D0 00 06 04 00 00 00 00 00 
[2019-11-07 16:34:15]>>>>>>>>>>>>S:  AA 77 00 31 E3 D0 00 06 04 00 00 00 00 00 
[2019-11-07 16:34:18]>>>>>>>>>>>>S:  AA 77 00 36 E4 D0 00 06 04 00 00 00 00 00 
[2019-11-07 16:34:19]AHT:28
[2019-11-07 16:34:19]MHT:28
[2019-11-07 16:34:22]>>>>>>>>>>>>S:  AA 77 00 34 E6 D0 00 06 04 00 00 00 00 00 
[2019-11-07 16:34:25]>>>>>>>>>>>>S:  AA 77 00 35 E7 D0 00 06 04 00 00 00 00 00 
[2019-11-07 16:34:28]>>>>>>>>>>>>S:  AA 77 00 3A E8 D0 00 06 04 00 00 00 00 00 
[2019-11-07 16:34:29]AHT:29
[2019-11-07 16:34:29]MHT:29
[2019-11-07 16:34:32]>>>>>>>>>>>>S:  AA 77 00 38 EA D0 00 06 04 00 00 00 00 00 
[2019-11-07 16:34:35]>>>>>>>>>>>>S:  AA 77 00 39 EB D0 00 06 04 00 00 00 00 00 
[2019-11-07 16:34:39]AHT:30
[2019-11-07 16:34:39]MHT:30
[2019-11-07 16:34:39]>>>>>>>>>>>>S:  AA 77 00 3F ED D0 00 06 04 00 00 00 00 00 
[2019-11-07 16:34:42]>>>>>>>>>>>>S:  AA 77 00 3C EE D0 00 06 04 00 00 00 00 00 
[2019-11-07 16:34:46]>>>>>>>>>>>>S:  AA 77 00 3D EF D0 00 06 04 00 00 00 00 00 
[2019-11-07 16:34:49]AHT:31
[2019-11-07 16:34:49]MHT:31
[2019-11-07 16:34:49]>>>>>>>>>>>>S:  AA 77 00 23 F1 D0 00 06 04 00 00 00 00 00 
[2019-11-07 16:34:53]>>>>>>>>>>>>S:  AA 77 00 20 F2 D0 00 06 04 00 00 00 00 00 
[2019-11-07 16:34:56]>>>>>>>>>>>>S:  AA 77 00 21 F3 D0 00 06 04 00 00 00 00 00 
[2019-11-07 16:34:59]AHT:32
[2019-11-07 16:34:59]MHT:32
[2019-11-07 16:35:00]>>>>>>>>>>>>S:  AA 77 00 27 F5 D0 00 06 04 00 00 00 00 00 
[2019-11-07 16:35:03]>>>>>>>>>>>>S:  AA 77 00 24 F6 D0 00 06 04 00 00 00 00 00 
[2019-11-07 16:35:07]>>>>>>>>>>>>S:  AA 77 00 25 F7 D0 00 06 04 00 00 00 00 00 
[2019-11-07 16:35:09]AHT:33
[2019-11-07 16:35:09]MHT:33
[2019-11-07 16:35:10]>>>>>>>>>>>>S:  AA 77 00 2B F9 D0 00 06 04 00 00 00 00 00 
[2019-11-07 16:35:14]>>>>>>>>>>>>S:  AA 77 00 28 FA D0 00 06 04 00 00 00 00 00 
[2019-11-07 16:35:17]>>>>>>>>>>>>S:  AA 77 00 29 FB D0 00 06 04 00 00 00 00 00 
[2019-11-07 16:35:19]AHT:34
[2019-11-07 16:35:19]MHT:34
[2019-11-07 16:35:21]>>>>>>>>>>>>S:  AA 77 00 2F FD D0 00 06 04 00 00 00 00 00 
[2019-11-07 16:35:24]>>>>>>>>>>>>S:  AA 77 00 2C FE D0 00 06 04 00 00 00 00 00 
[2019-11-07 16:35:28]>>>>>>>>>>>>S:  AA 77 00 2D FF D0 00 06 04 00 00 00 00 00 
[2019-11-07 16:35:29]AHT:35
[2019-11-07 16:35:29]MHT:35
[2019-11-07 16:35:31]>>>>>>>>>>>>S:  AA 77 00 D3 01 D0 00 06 04 00 00 00 00 00 
[2019-11-07 16:35:35]>>>>>>>>>>>>S:  AA 77 00 D0 02 D0 00 06 04 00 00 00 00 00 
[2019-11-07 16:35:38]>>>>>>>>>>>>S:  AA 77 00 D1 03 D0 00 06 04 00 00 00 00 00 
[2019-11-07 16:35:39]AHT:36
[2019-11-07 16:35:39]MHT:36
[2019-11-07 16:35:42]>>>>>>>>>>>>S:  AA 77 00 D7 05 D0 00 06 04 00 00 00 00 00 
[2019-11-07 16:35:45]>>>>>>>>>>>>S:  AA 77 00 D4 06 D0 00 06 04 00 00 00 00 00 
[2019-11-07 16:35:49]AHT:37
[2019-11-07 16:35:49]MHT:37
[2019-11-07 16:35:49]>>>>>>>>>>>>S:  AA 77 00 DA 08 D0 00 06 04 00 00 00 00 00 
[2019-11-07 16:35:53]>>>>>>>>>>>>S:  AA 77 00 DB 09 D0 00 06 04 00 00 00 00 00 
[2019-11-07 16:35:53]ACC ON
[2019-11-07 16:35:54]ACC OFF
[2019-11-07 16:35:56]>>>>>>>>>>>>S:  AA 77 00 D8 0A D0 00 06 04 00 00 00 00 00 
[2019-11-07 16:35:59]AHT:38
[2019-11-07 16:35:59]MHT:38
[2019-11-07 16:36:00]>>>>>>>>>>>>S:  AA 77 00 DE 0C D0 00 06 04 00 00 00 00 00 
[2019-11-07 16:36:04]>>>>>>>>>>>>S:  AA 77 00 DF 0D D0 00 06 04 00 00 00 00 00 
[2019-11-07 16:36:07]>>>>>>>>>>>>S:  AA 77 00 DC 0E D0 00 06 04 00 00 00 00 00 
[2019-11-07 16:36:09]AHT:39
[2019-11-07 16:36:09]MHT:39
[2019-11-07 16:36:11]>>>>>>>>>>>>S:  AA 77 00 C2 10 D0 00 06 04 00 00 00 00 00 
[2019-11-07 16:36:15]>>>>>>>>>>>>S:  AA 77 00 C3 11 D0 00 06 04 00 00 00 00 00 
[2019-11-07 16:36:18]>>>>>>>>>>>>S:  AA 77 00 C0 12 D0 00 06 04 00 00 00 00 00 
[2019-11-07 16:36:19]AHT:40
[2019-11-07 16:36:19]MHT:40
[2019-11-07 16:36:22]>>>>>>>>>>>>S:  AA 77 00 C6 14 D0 00 06 04 00 00 00 00 00 
[2019-11-07 16:36:25]>>>>>>>>>>>>S:  AA 77 00 C7 15 D0 00 06 04 00 00 00 00 00 
[2019-11-07 16:36:29]AHT:41
[2019-11-07 16:36:29]MHT:41
[2019-11-07 16:36:29]>>>>>>>>>>>>S:  AA 77 00 C5 17 D0 00 06 04 00 00 00 00 00 
[2019-11-07 16:36:32]>>>>>>>>>>>>S:  AA 77 00 CA 18 D0 00 06 04 00 00 00 00 00 
[2019-11-07 16:36:36]>>>>>>>>>>>>S:  AA 77 00 CB 19 D0 00 06 04 00 00 00 00 00 
[2019-11-07 16:36:39]AHT:42
[2019-11-07 16:36:39]MHT:42
[2019-11-07 16:36:39]>>>>>>>>>>>>S:  AA 77 00 C9 1B D0 00 06 04 00 00 00 00 00 
[2019-11-07 16:36:43]>>>>>>>>>>>>S:  AA 77 00 CE 1C D0 00 06 04 00 00 00 00 00 
[2019-11-07 16:36:46]>>>>>>>>>>>>S:  AA 77 00 CF 1D D0 00 06 04 00 00 00 00 00 
[2019-11-07 16:36:49]AHT:43
[2019-11-07 16:36:49]MHT:43
[2019-11-07 16:36:49]>>>>>>>>>>>>S:  AA 77 00 CD 1F D0 00 06 04 00 00 00 00 00 
[2019-11-07 16:36:53]>>>>>>>>>>>>S:  AA 77 00 F2 20 D0 00 06 04 00 00 00 00 00 
[2019-11-07 16:36:57]>>>>>>>>>>>>S:  AA 77 00 F3 21 D0 00 06 04 00 00 00 00 00 
[2019-11-07 16:36:59]AHT:44
[2019-11-07 16:36:59]MHT:44
[2019-11-07 16:37:00]>>>>>>>>>>>>S:  AA 77 00 F1 23 D0 00 06 04 00 00 00 00 00 
[2019-11-07 16:37:04]>>>>>>>>>>>>S:  AA 77 00 F6 24 D0 00 06 04 00 00 00 00 00 
[2019-11-07 16:37:07]>>>>>>>>>>>>S:  AA 77 00 F7 25 D0 00 06 04 00 00 00 00 00 
[2019-11-07 16:37:09]AHT:45
[2019-11-07 16:37:09]MHT:45
[2019-11-07 16:37:11]>>>>>>>>>>>>S:  AA 77 00 F5 27 D0 00 06 04 00 00 00 00 00 
[2019-11-07 16:37:15]>>>>>>>>>>>>S:  AA 77 00 FA 28 D0 00 06 04 00 00 00 00 00 
[2019-11-07 16:37:18]>>>>>>>>>>>>S:  AA 77 00 FB 29 D0 00 06 04 00 00 00 00 00 
[2019-11-07 16:37:19]AHT:46
[2019-11-07 16:37:19]MHT:46
[2019-11-07 16:37:22]>>>>>>>>>>>>S:  AA 77 00 F9 2B D0 00 06 04 00 00 00 00 00 
[2019-11-07 16:37:26]>>>>>>>>>>>>S:  AA 77 00 FE 2C D0 00 06 04 00 00 00 00 00 
[2019-11-07 16:37:29]AHT:47
[2019-11-07 16:37:29]MHT:47
[2019-11-07 16:37:29]>>>>>>>>>>>>S:  AA 77 00 FC 2E D0 00 06 04 00 00 00 00 00 
[2019-11-07 16:37:33]>>>>>>>>>>>>S:  AA 77 00 FD 2F D0 00 06 04 00 00 00 00 00 
[2019-11-07 16:37:36]>>>>>>>>>>>>S:  AA 77 00 E2 30 D0 00 06 04 00 00 00 00 00 
[2019-11-07 16:37:39]AHT:48
[2019-11-07 16:37:39]MHT:48
[2019-11-07 16:37:40]>>>>>>>>>>>>S:  AA 77 00 E0 32 D0 00 06 04 00 00 00 00 00 
[2019-11-07 16:37:44]>>>>>>>>>>>>S:  AA 77 00 E1 33 D0 00 06 04 00 00 00 00 00 
[2019-11-07 16:37:47]>>>>>>>>>>>>S:  AA 77 00 E6 34 D0 00 06 04 00 00 00 00 00 
[2019-11-07 16:37:47]-------------------------------------------
[2019-11-07 16:37:47]             mcu lost sync data 0: 77
[2019-11-07 16:37:47]-------------------------------------------
[2019-11-07 16:37:47]-------------------------------------------
[2019-11-07 16:37:47]              mcu lost sync data 1: 00
[2019-11-07 16:37:47]-------------------------------------------
[2019-11-07 16:37:47]-------------------------------------------
[2019-11-07 16:37:47]             mcu lost sync data 0: 6E
[2019-11-07 16:37:47]-------------------------------------------
[2019-11-07 16:37:47]-------------------------------------------
[2019-11-07 16:37:47]             mcu lost sync data 0: 4B
[2019-11-07 16:37:47]-------------------------------------------
[2019-11-07 16:37:47]-------------------------------------------
[2019-11-07 16:37:47]             mcu lost sync data 0: D0
[2019-11-07 16:37:47]-------------------------------------------
[2019-11-07 16:37:47]-------------------------------------------
[2019-11-07 16:37:47]             mcu lost sync data 0: 00
[2019-11-07 16:37:47]-------------------------------------------
[2019-11-07 16:37:47]-------------------------------------------
[2019-11-07 16:37:47]             mcu lost sync data 0: 06
[2019-11-07 16:37:47]-------------------------------------------
[2019-11-07 16:37:47]-------------------------------------------
[2019-11-07 16:37:47]             mcu lost sync data 0: 05
[2019-11-07 16:37:47]-------------------------------------------
[2019-11-07 16:37:47]-------------------------------------------
[2019-11-07 16:37:47]             mcu lost sync data 0: 02
[2019-11-07 16:37:47]-------------------------------------------
[2019-11-07 16:37:47]-------------------------------------------
[2019-11-07 16:37:47]             mcu lost sync data 0: 02
[2019-11-07 16:37:47]-------------------------------------------
[2019-11-07 16:37:47]-------------------------------------------
[2019-11-07 16:37:47]             mcu lost sync data 0: FF
[2019-11-07 16:37:47]-------------------------------------------
[2019-11-07 16:37:47]-------------------------------------------
[2019-11-07 16:37:47]             mcu lost sync data 0: 03
[2019-11-07 16:37:47]-------------------------------------------
[2019-11-07 16:37:47]-------------------------------------------
[2019-11-07 16:37:47]             mcu lost sync data 0: 0A
[2019-11-07 16:37:47]-------------------------------------------
[2019-11-07 16:37:49]AHT:49
[2019-11-07 16:37:49]MHT:49
[2019-11-07 16:37:51]>>>>>>>>>>>>S:  AA 77 00 E4 36 D0 00 06 04 00 00 00 00 00 
[2019-11-07 16:37:54]>>>>>>>>>>>>S:  AA 77 00 E5 37 D0 00 06 04 00 00 00 00 00 
[2019-11-07 16:37:54]-------------------------------------------
[2019-11-07 16:37:54]             mcu lost sync data 0: 77
[2019-11-07 16:37:54]-------------------------------------------
[2019-11-07 16:37:54]-------------------------------------------
[2019-11-07 16:37:54]              mcu lost sync data 1: 00
[2019-11-07 16:37:54]-------------------------------------------
[2019-11-07 16:37:54]-------------------------------------------
[2019-11-07 16:37:54]             mcu lost sync data 0: 04
[2019-11-07 16:37:54]-------------------------------------------
[2019-11-07 16:37:54]-------------------------------------------
[2019-11-07 16:37:54]             mcu lost sync data 0: 21
[2019-11-07 16:37:54]-------------------------------------------
[2019-11-07 16:37:54]-------------------------------------------
[2019-11-07 16:37:54]             mcu lost sync data 0: D0
[2019-11-07 16:37:54]-------------------------------------------
[2019-11-07 16:37:54]-------------------------------------------
[2019-11-07 16:37:54]             mcu lost sync data 0: 00
[2019-11-07 16:37:54]-------------------------------------------
[2019-11-07 16:37:54]-------------------------------------------
[2019-11-07 16:37:54]             mcu lost sync data 0: 06
[2019-11-07 16:37:54]-------------------------------------------
[2019-11-07 16:37:54]-------------------------------------------
[2019-11-07 16:37:54]             mcu lost sync data 0: 05
[2019-11-07 16:37:54]-------------------------------------------
[2019-11-07 16:37:54]-------------------------------------------
[2019-11-07 16:37:54]             mcu lost sync data 0: 02
[2019-11-07 16:37:54]-------------------------------------------
[2019-11-07 16:37:54]-------------------------------------------
[2019-11-07 16:37:54]             mcu lost sync data 0: 02
[2019-11-07 16:37:54]-------------------------------------------
[2019-11-07 16:37:54]-------------------------------------------
[2019-11-07 16:37:54]             mcu lost sync data 0: FF
[2019-11-07 16:37:54]-------------------------------------------
[2019-11-07 16:37:54]-------------------------------------------
[2019-11-07 16:37:54]             mcu lost sync data 0: 03
[2019-11-07 16:37:54]-------------------------------------------
[2019-11-07 16:37:54]-------------------------------------------
[2019-11-07 16:37:54]             mcu lost sync data 0: 0A
[2019-11-07 16:37:54]-------------------------------------------
[2019-11-07 16:37:58]>>>>>>>>>>>>S:  AA 77 00 EA 38 D0 00 06 04 00 00 00 00 00 
[2019-11-07 16:37:59]AHT:50
[2019-11-07 16:37:59]MHT:50
[2019-11-07 16:38:02]>>>>>>>>>>>>S:  AA 77 00 E8 3A D0 00 06 04 00 00 00 00 00 
[2019-11-07 16:38:05]>>>>>>>>>>>>S:  AA 77 00 E9 3B D0 00 06 04 00 00 00 00 00 
[2019-11-07 16:38:09]AHT:51
[2019-11-07 16:38:09]MHT:51
[2019-11-07 16:38:09]>>>>>>>>>>>>S:  AA 77 00 EF 3D D0 00 06 04 00 00 00 00 00 
[2019-11-07 16:38:12]>>>>>>>>>>>>S:  AA 77 00 EC 3E D0 00 06 04 00 00 00 00 00 
[2019-11-07 16:38:16]>>>>>>>>>>>>S:  AA 77 00 ED 3F D0 00 06 04 00 00 00 00 00 
[2019-11-07 16:38:19]AHT:52
[2019-11-07 16:38:19]MHT:52
[2019-11-07 16:38:19]>>>>>>>>>>>>S:  AA 77 00 93 41 D0 00 06 04 00 00 00 00 00 
[2019-11-07 16:38:23]>>>>>>>>>>>>S:  AA 77 00 90 42 D0 00 06 04 00 00 00 00 00 
[2019-11-07 16:38:26]>>>>>>>>>>>>S:  AA 77 00 91 43 D0 00 06 04 00 00 00 00 00 
[2019-11-07 16:38:29]AHT:53
[2019-11-07 16:38:29]MHT:53
[2019-11-07 16:38:30]>>>>>>>>>>>>S:  AA 77 00 97 45 D0 00 06 04 00 00 00 00 00 
[2019-11-07 16:38:33]>>>>>>>>>>>>S:  AA 77 00 94 46 D0 00 06 04 00 00 00 00 00 
[2019-11-07 16:38:36]>>>>>>>>>>>>S:  AA 77 00 95 47 D0 00 06 04 00 00 00 00 00 
[2019-11-07 16:38:39]AHT:54
[2019-11-07 16:38:39]MHT:54
[2019-11-07 16:38:40]>>>>>>>>>>>>S:  AA 77 00 9B 49 D0 00 06 04 00 00 00 00 00 
[2019-11-07 16:38:43]>>>>>>>>>>>>S:  AA 77 00 98 4A D0 00 06 04 00 00 00 00 00 
[2019-11-07 16:38:47]>>>>>>>>>>>>S:  AA 77 00 99 4B D0 00 06 04 00 00 00 00 00 
[2019-11-07 16:38:49]AHT:55
[2019-11-07 16:38:49]MHT:55
[2019-11-07 16:38:50]>>>>>>>>>>>>S:  AA 77 00 9F 4D D0 00 06 04 00 00 00 00 00 
[2019-11-07 16:38:54]>>>>>>>>>>>>S:  AA 77 00 9C 4E D0 00 06 04 00 00 00 00 00 
[2019-11-07 16:38:57]>>>>>>>>>>>>S:  AA 77 00 9D 4F D0 00 06 04 00 00 00 00 00 
[2019-11-07 16:38:59]AHT:56
[2019-11-07 16:38:59]MHT:56
[2019-11-07 16:39:01]>>>>>>>>>>>>S:  AA 77 00 83 51 D0 00 06 04 00 00 00 00 00 
[2019-11-07 16:39:04]>>>>>>>>>>>>S:  AA 77 00 80 52 D0 00 06 04 00 00 00 00 00 
[2019-11-07 16:39:08]>>>>>>>>>>>>S:  AA 77 00 81 53 D0 00 06 04 00 00 00 00 00 
[2019-11-07 16:39:09]AHT:57
[2019-11-07 16:39:09]MHT:57
[2019-11-07 16:39:11]>>>>>>>>>>>>S:  AA 77 00 87 55 D0 00 06 04 00 00 00 00 00 
[2019-11-07 16:39:15]>>>>>>>>>>>>S:  AA 77 00 84 56 D0 00 06 04 00 00 00 00 00 
[2019-11-07 16:39:18]>>>>>>>>>>>>S:  AA 77 00 85 57 D0 00 06 04 00 00 00 00 00 
[2019-11-07 16:39:19]AHT:58
[2019-11-07 16:39:19]MHT:58
[2019-11-07 16:39:22]>>>>>>>>>>>>S:  AA 77 00 8B 59 D0 00 06 04 00 00 00 00 00 
[2019-11-07 16:39:25]>>>>>>>>>>>>S:  AA 77 00 88 5A D0 00 06 04 00 00 00 00 00 
[2019-11-07 16:39:29]AHT:59
[2019-11-07 16:39:29]MHT:59
[2019-11-07 16:39:29]>>>>>>>>>>>>S:  AA 77 00 8E 5C D0 00 06 04 00 00 00 00 00 
[2019-11-07 16:39:32]>>>>>>>>>>>>S:  AA 77 00 8F 5D D0 00 06 04 00 00 00 00 00 
[2019-11-07 16:39:36]>>>>>>>>>>>>S:  AA 77 00 8C 5E D0 00 06 04 00 00 00 00 00 
[2019-11-07 16:39:39]AHT:60
[2019-11-07 16:39:39]MHT:60
[2019-11-07 16:39:39]>>>>>>>>>>>>S:  AA 77 00 B2 60 D0 00 06 04 00 00 00 00 00 
[2019-11-07 16:39:43]>>>>>>>>>>>>S:  AA 77 00 B3 61 D0 00 06 04 00 00 00 00 00 
[2019-11-07 16:39:44]>>>>>>>>>>>>S:  AA 77 00 B4 62 A0 00 08 8D 07 E3 0B 07 10 27 2C 
[2019-11-07 16:39:46]>>>>>>>>>>>>S:  AA 77 00 B1 63 D0 00 06 04 00 00 00 00 00 
[2019-11-07 16:39:49]AHT:61
[2019-11-07 16:39:49]MHT:61
[2019-11-07 16:39:50]>>>>>>>>>>>>S:  AA 77 00 B7 65 D0 00 06 04 00 00 00 00 00 
[2019-11-07 16:39:53]>>>>>>>>>>>>S:  AA 77 00 B4 66 D0 00 06 04 00 00 00 00 00 
[2019-11-07 16:39:57]>>>>>>>>>>>>S:  AA 77 00 B5 67 D0 00 06 04 00 00 00 00 00 
[2019-11-07 16:39:59]AHT:62
[2019-11-07 16:39:59]MHT:62
[2019-11-07 16:40:00]>>>>>>>>>>>>S:  AA 77 00 BB 69 D0 00 06 04 00 00 00 00 00 
[2019-11-07 16:40:04]>>>>>>>>>>>>S:  AA 77 00 B8 6A D0 00 06 04 00 00 00 00 00 
[2019-11-07 16:40:07]>>>>>>>>>>>>S:  AA 77 00 B9 6B D0 00 06 04 00 00 00 00 00 
[2019-11-07 16:40:09]AHT:63
[2019-11-07 16:40:09]MHT:63
[2019-11-07 16:40:11]>>>>>>>>>>>>S:  AA 77 00 BF 6D D0 00 06 04 00 00 00 00 00 
[2019-11-07 16:40:14]>>>>>>>>>>>>S:  AA 77 00 BC 6E D0 00 06 04 00 00 00 00 00 
[2019-11-07 16:40:17]>>>>>>>>>>>>S:  AA 77 00 BD 6F D0 00 06 04 00 00 00 00 00 
[2019-11-07 16:40:19]AHT:64
[2019-11-07 16:40:19]MHT:64
[2019-11-07 16:40:21]>>>>>>>>>>>>S:  AA 77 00 A3 71 D0 00 06 04 00 00 00 00 00 
[2019-11-07 16:40:24]>>>>>>>>>>>>S:  AA 77 00 A0 72 D0 00 06 04 00 00 00 00 00 
[2019-11-07 16:40:28]>>>>>>>>>>>>S:  AA 77 00 A1 73 D0 00 06 04 00 00 00 00 00 
[2019-11-07 16:40:29]AHT:65
[2019-11-07 16:40:29]MHT:65
[2019-11-07 16:40:31]>>>>>>>>>>>>S:  AA 77 00 A7 75 D0 00 06 04 00 00 00 00 00 
[2019-11-07 16:40:35]>>>>>>>>>>>>S:  AA 77 00 A4 76 D0 00 06 04 00 00 00 00 00 
[2019-11-07 16:40:38]>>>>>>>>>>>>S:  AA 77 00 A5 77 D0 00 06 04 00 00 00 00 00 
[2019-11-07 16:40:39]AHT:66
[2019-11-07 16:40:39]MHT:66
[2019-11-07 16:40:42]>>>>>>>>>>>>S:  AA 77 00 AB 79 D0 00 06 04 00 00 00 00 00 
[2019-11-07 16:40:45]>>>>>>>>>>>>S:  AA 77 00 A8 7A D0 00 06 04 00 00 00 00 00 
[2019-11-07 16:40:49]AHT:67
[2019-11-07 16:40:49]MHT:67
[2019-11-07 16:40:49]>>>>>>>>>>>>S:  AA 77 00 AE 7C D0 00 06 04 00 00 00 00 00 
[2019-11-07 16:40:52]>>>>>>>>>>>>S:  AA 77 00 AF 7D D0 00 06 04 00 00 00 00 00 
[2019-11-07 16:40:56]>>>>>>>>>>>>S:  AA 77 00 AC 7E D0 00 06 04 00 00 00 00 00 
[2019-11-07 16:40:59]AHT:68
[2019-11-07 16:40:59]MHT:68
[2019-11-07 16:40:59]>>>>>>>>>>>>S:  AA 77 00 52 80 D0 00 06 04 00 00 00 00 00 
[2019-11-07 16:41:03]>>>>>>>>>>>>S:  AA 77 00 53 81 D0 00 06 04 00 00 00 00 00 
[2019-11-07 16:41:06]>>>>>>>>>>>>S:  AA 77 00 50 82 D0 00 06 04 00 00 00 00 00 
[2019-11-07 16:41:09]AHT:69
[2019-11-07 16:41:09]MHT:69
[2019-11-07 16:41:10]>>>>>>>>>>>>S:  AA 77 00 56 84 D0 00 06 04 00 00 00 00 00 
[2019-11-07 16:41:13]>>>>>>>>>>>>S:  AA 77 00 57 85 D0 00 06 04 00 00 00 00 00 
[2019-11-07 16:41:17]>>>>>>>>>>>>S:  AA 77 00 54 86 D0 00 06 04 00 00 00 00 00 
[2019-11-07 16:41:19]AHT:70
[2019-11-07 16:41:19]MHT:70
[2019-11-07 16:41:20]>>>>>>>>>>>>S:  AA 77 00 5A 88 D0 00 06 04 00 00 00 00 00 
[2019-11-07 16:41:24]>>>>>>>>>>>>S:  AA 77 00 5B 89 D0 00 06 04 00 00 00 00 00 
[2019-11-07 16:41:27]>>>>>>>>>>>>S:  AA 77 00 58 8A D0 00 06 04 00 00 00 00 00 
[2019-11-07 16:41:29]AHT:71
[2019-11-07 16:41:29]MHT:71
[2019-11-07 16:41:30]>>>>>>>>>>>>S:  AA 77 00 5E 8C D0 00 06 04 00 00 00 00 00 
[2019-11-07 16:41:34]>>>>>>>>>>>>S:  AA 77 00 5F 8D D0 00 06 04 00 00 00 00 00 
[2019-11-07 16:41:37]>>>>>>>>>>>>S:  AA 77 00 5C 8E D0 00 06 04 00 00 00 00 00 
[2019-11-07 16:41:39]AHT:72
[2019-11-07 16:41:39]MHT:72
[2019-11-07 16:41:41]>>>>>>>>>>>>S:  AA 77 00 42 90 D0 00 06 04 00 00 00 00 00 
[2019-11-07 16:41:44]>>>>>>>>>>>>S:  AA 77 00 43 91 D0 00 06 04 00 00 00 00 00 
[2019-11-07 16:41:48]>>>>>>>>>>>>S:  AA 77 00 40 92 D0 00 06 04 00 00 00 00 00 
[2019-11-07 16:41:49]AHT:73
[2019-11-07 16:41:49]MHT:73
[2019-11-07 16:41:51]>>>>>>>>>>>>S:  AA 77 00 46 94 D0 00 06 04 00 00 00 00 00 
[2019-11-07 16:41:55]>>>>>>>>>>>>S:  AA 77 00 47 95 D0 00 06 04 00 00 00 00 00 
[2019-11-07 16:41:58]>>>>>>>>>>>>S:  AA 77 00 44 96 D0 00 06 04 00 00 00 00 00 
[2019-11-07 16:41:59]AHT:74
[2019-11-07 16:41:59]MHT:74
[2019-11-07 16:42:02]>>>>>>>>>>>>S:  AA 77 00 4A 98 D0 00 06 04 00 00 00 00 00 
[2019-11-07 16:42:05]>>>>>>>>>>>>S:  AA 77 00 4B 99 D0 00 06 04 00 00 00 00 00 
[2019-11-07 16:42:07]ACC ON
[2019-11-07 16:42:09]AHT:75
[2019-11-07 16:42:09]MHT:75
[2019-11-07 16:42:09]>>>>>>>>>>>>S:  AA 77 00 49 9B D0 00 06 04 00 00 00 00 00 
[2019-11-07 16:42:12]>>>>>>>>>>>>S:  AA 77 00 4E 9C D0 00 06 04 00 00 00 00 00 
[2019-11-07 16:42:16]>>>>>>>>>>>>S:  AA 77 00 4F 9D D0 00 06 04 00 00 00 00 00 
[2019-11-07 16:42:19]AHT:76
[2019-11-07 16:42:19]MHT:76
[2019-11-07 16:42:19]>>>>>>>>>>>>S:  AA 77 00 4D 9F D0 00 06 04 00 00 00 00 00 
[2019-11-07 16:42:23]>>>>>>>>>>>>S:  AA 77 00 72 A0 D0 00 06 04 00 00 00 00 00 
[2019-11-07 16:42:26]>>>>>>>>>>>>S:  AA 77 00 73 A1 D0 00 06 04 00 00 00 00 00 
[2019-11-07 16:42:29]AHT:77
[2019-11-07 16:42:29]MHT:77
[2019-11-07 16:42:30]>>>>>>>>>>>>S:  AA 77 00 71 A3 D0 00 06 04 00 00 00 00 00 
[2019-11-07 16:42:33]>>>>>>>>>>>>S:  AA 77 00 76 A4 D0 00 06 04 00 00 00 00 00 
[2019-11-07 16:42:37]>>>>>>>>>>>>S:  AA 77 00 77 A5 D0 00 06 04 00 00 00 00 00 
[2019-11-07 16:42:39]AHT:78
[2019-11-07 16:42:39]MHT:78
[2019-11-07 16:42:40]>>>>>>>>>>>>S:  AA 77 00 75 A7 D0 00 06 04 00 00 00 00 00 
[2019-11-07 16:42:44]>>>>>>>>>>>>S:  AA 77 00 7A A8 D0 00 06 04 00 00 00 00 00 
[2019-11-07 16:42:47]>>>>>>>>>>>>S:  AA 77 00 7B A9 D0 00 06 04 00 00 00 00 00 
[2019-11-07 16:42:49]AHT:79
[2019-11-07 16:42:49]MHT:79
[2019-11-07 16:42:51]>>>>>>>>>>>>S:  AA 77 00 79 AB D0 00 06 04 00 00 00 00 00 
[2019-11-07 16:42:54]>>>>>>>>>>>>S:  AA 77 00 7E AC D0 00 06 04 00 00 00 00 00 
[2019-11-07 16:42:58]>>>>>>>>>>>>S:  AA 77 00 7F AD D0 00 06 04 00 00 00 00 00 
[2019-11-07 16:42:59]AHT:80
[2019-11-07 16:42:59]MHT:80
[2019-11-07 16:43:01]>>>>>>>>>>>>S:  AA 77 00 7D AF D0 00 06 04 00 00 00 00 00 
[2019-11-07 16:43:05]>>>>>>>>>>>>S:  AA 77 00 62 B0 D0 00 06 04 00 00 00 00 00 
[2019-11-07 16:43:08]>>>>>>>>>>>>S:  AA 77 00 63 B1 D0 00 06 04 00 00 00 00 00 
[2019-11-07 16:43:09]AHT:81
[2019-11-07 16:43:09]MHT:81
[2019-11-07 16:43:12]>>>>>>>>>>>>S:  AA 77 00 61 B3 D0 00 06 04 00 00 00 00 00 
[2019-11-07 16:43:15]>>>>>>>>>>>>S:  AA 77 00 66 B4 D0 00 06 04 00 00 00 00 00 
[2019-11-07 16:43:19]>>>>>>>>>>>>S:  AA 77 00 67 B5 D0 00 06 04 00 00 00 00 00 
[2019-11-07 16:43:19]AHT:82
[2019-11-07 16:43:19]MHT:82
[2019-11-07 16:43:22]>>>>>>>>>>>>S:  AA 77 00 65 B7 D0 00 06 04 00 00 00 00 00 
[2019-11-07 16:43:26]>>>>>>>>>>>>S:  AA 77 00 6A B8 D0 00 06 04 00 00 00 00 00 
[2019-11-07 16:43:29]AHT:83
[2019-11-07 16:43:29]MHT:83
[2019-11-07 16:43:29]>>>>>>>>>>>>S:  AA 77 00 68 BA D0 00 06 04 00 00 00 00 00 
[2019-11-07 16:43:33]>>>>>>>>>>>>S:  AA 77 00 69 BB D0 00 06 04 00 00 00 00 00 
[2019-11-07 16:43:36]>>>>>>>>>>>>S:  AA 77 00 6E BC D0 00 06 04 00 00 00 00 00 
[2019-11-07 16:43:39]AHT:84
[2019-11-07 16:43:39]MHT:84
[2019-11-07 16:43:39]>>>>>>>>>>>>S:  AA 77 00 6C BE D0 00 06 04 00 00 00 00 00 
[2019-11-07 16:43:43]>>>>>>>>>>>>S:  AA 77 00 6D BF D0 00 06 04 00 00 00 00 00 
[2019-11-07 16:43:46]>>>>>>>>>>>>S:  AA 77 00 12 C0 D0 00 06 04 00 00 00 00 00 
[2019-11-07 16:43:49]AHT:85
[2019-11-07 16:43:49]MHT:85
[2019-11-07 16:43:50]>>>>>>>>>>>>S:  AA 77 00 10 C2 D0 00 06 04 00 00 00 00 00 
[2019-11-07 16:43:53]>>>>>>>>>>>>S:  AA 77 00 11 C3 D0 00 06 04 00 00 00 00 00 
[2019-11-07 16:43:56]ACC OFF
[2019-11-07 16:43:57]>>>>>>>>>>>>S:  AA 77 00 16 C4 D0 00 06 04 00 00 00 00 00 
[2019-11-07 16:43:59]AHT:86
[2019-11-07 16:43:59]MHT:86
[2019-11-07 16:44:00]>>>>>>>>>>>>S:  AA 77 00 14 C6 D0 00 06 04 00 00 00 00 00 
[2019-11-07 16:44:04]>>>>>>>>>>>>S:  AA 77 00 15 C7 D0 00 06 04 00 00 00 00 00 
[2019-11-07 16:44:07]>>>>>>>>>>>>S:  AA 77 00 1A C8 D0 00 06 04 00 00 00 00 00 
[2019-11-07 16:44:09]AHT:87
[2019-11-07 16:44:09]MHT:87
[2019-11-07 16:44:11]>>>>>>>>>>>>S:  AA 77 00 18 CA D0 00 06 04 00 00 00 00 00 
[2019-11-07 16:44:14]>>>>>>>>>>>>S:  AA 77 00 19 CB D0 00 06 04 00 00 00 00 00 
[2019-11-07 16:44:18]>>>>>>>>>>>>S:  AA 77 00 1E CC D0 00 06 04 00 00 00 00 00 
[2019-11-07 16:44:19]AHT:88
[2019-11-07 16:44:19]MHT:88
[2019-11-07 16:44:21]>>>>>>>>>>>>S:  AA 77 00 1C CE D0 00 06 04 00 00 00 00 00 
[2019-11-07 16:44:25]>>>>>>>>>>>>S:  AA 77 00 1D CF D0 00 06 04 00 00 00 00 00 
[2019-11-07 16:44:28]>>>>>>>>>>>>S:  AA 77 00 02 D0 D0 00 06 04 00 00 00 00 00 
[2019-11-07 16:44:29]AHT:89
[2019-11-07 16:44:29]MHT:89
[2019-11-07 16:44:32]>>>>>>>>>>>>S:  AA 77 00 00 D2 D0 00 06 04 00 00 00 00 00 
[2019-11-07 16:44:35]>>>>>>>>>>>>S:  AA 77 00 01 D3 D0 00 06 04 00 00 00 00 00 
[2019-11-07 16:44:39]>>>>>>>>>>>>S:  AA 77 00 06 D4 D0 00 06 04 00 00 00 00 00 
[2019-11-07 16:44:39]AHT:90
[2019-11-07 16:44:39]MHT:90
[2019-11-07 16:44:42]>>>>>>>>>>>>S:  AA 77 00 04 D6 D0 00 06 04 00 00 00 00 00 
[2019-11-07 16:44:46]>>>>>>>>>>>>S:  AA 77 00 05 D7 D0 00 06 04 00 00 00 00 00 
[2019-11-07 16:44:49]AHT:91
[2019-11-07 16:44:49]MHT:91
[2019-11-07 16:44:49]>>>>>>>>>>>>S:  AA 77 00 0B D9 D0 00 06 04 00 00 00 00 00 
[2019-11-07 16:44:53]>>>>>>>>>>>>S:  AA 77 00 08 DA D0 00 06 04 00 00 00 00 00 
[2019-11-07 16:44:56]>>>>>>>>>>>>S:  AA 77 00 09 DB D0 00 06 04 00 00 00 00 00 
[2019-11-07 16:44:59]AHT:92
[2019-11-07 16:44:59]MHT:92
[2019-11-07 16:45:00]>>>>>>>>>>>>S:  AA 77 00 0F DD D0 00 06 04 00 00 00 00 00 
[2019-11-07 16:45:03]>>>>>>>>>>>>S:  AA 77 00 0C DE D0 00 06 04 00 00 00 00 00 
[2019-11-07 16:45:07]>>>>>>>>>>>>S:  AA 77 00 0D DF D0 00 06 04 00 00 00 00 00 
[2019-11-07 16:45:09]AHT:93
[2019-11-07 16:45:09]MHT:93
[2019-11-07 16:45:10]>>>>>>>>>>>>S:  AA 77 00 33 E1 D0 00 06 04 00 00 00 00 00 
[2019-11-07 16:45:13]>>>>>>>>>>>>S:  AA 77 00 30 E2 D0 00 06 04 00 00 00 00 00 
[2019-11-07 16:45:17]>>>>>>>>>>>>S:  AA 77 00 31 E3 D0 00 06 04 00 00 00 00 00 
[2019-11-07 16:45:19]AHT:94
[2019-11-07 16:45:19]MHT:94
[2019-11-07 16:45:20]>>>>>>>>>>>>S:  AA 77 00 37 E5 D0 00 06 04 00 00 00 00 00 
[2019-11-07 16:45:24]>>>>>>>>>>>>S:  AA 77 00 34 E6 D0 00 06 04 00 00 00 00 00 
[2019-11-07 16:45:27]>>>>>>>>>>>>S:  AA 77 00 35 E7 D0 00 06 04 00 00 00 00 00 
[2019-11-07 16:45:29]AHT:95
[2019-11-07 16:45:29]MHT:95
[2019-11-07 16:45:31]>>>>>>>>>>>>S:  AA 77 00 3B E9 D0 00 06 04 00 00 00 00 00 
[2019-11-07 16:45:34]>>>>>>>>>>>>S:  AA 77 00 38 EA D0 00 06 04 00 00 00 00 00 
[2019-11-07 16:45:38]>>>>>>>>>>>>S:  AA 77 00 39 EB D0 00 06 04 00 00 00 00 00 
[2019-11-07 16:45:39]AHT:96
[2019-11-07 16:45:39]MHT:96
[2019-11-07 16:45:41]>>>>>>>>>>>>S:  AA 77 00 3F ED D0 00 06 04 00 00 00 00 00 
[2019-11-07 16:45:45]>>>>>>>>>>>>S:  AA 77 00 3C EE D0 00 06 04 00 00 00 00 00 
[2019-11-07 16:45:48]>>>>>>>>>>>>S:  AA 77 00 3D EF D0 00 06 04 00 00 00 00 00 
[2019-11-07 16:45:49]AHT:97
[2019-11-07 16:45:49]MHT:97
[2019-11-07 16:45:51]ACC ON
[2019-11-07 16:45:52]>>>>>>>>>>>>S:  AA 77 00 23 F1 D0 00 06 04 00 00 00 00 00 
[2019-11-07 16:45:55]>>>>>>>>>>>>S:  AA 77 00 20 F2 D0 00 06 04 00 00 00 00 00 
[2019-11-07 16:45:59]AHT:98
[2019-11-07 16:45:59]MHT:98
[2019-11-07 16:45:59]>>>>>>>>>>>>S:  AA 77 00 26 F4 D0 00 06 04 00 00 00 00 00 
[2019-11-07 16:46:02]>>>>>>>>>>>>S:  AA 77 00 27 F5 D0 00 06 04 00 00 00 00 00 
[2019-11-07 16:46:06]>>>>>>>>>>>>S:  AA 77 00 24 F6 D0 00 06 04 00 00 00 00 00 
[2019-11-07 16:46:09]AHT:99
[2019-11-07 16:46:09]MHT:99
[2019-11-07 16:46:09]>>>>>>>>>>>>S:  AA 77 00 2A F8 D0 00 06 04 00 00 00 00 00 
[2019-11-07 16:46:13]>>>>>>>>>>>>S:  AA 77 00 2B F9 D0 00 06 04 00 00 00 00 00 
[2019-11-07 16:46:16]>>>>>>>>>>>>S:  AA 77 00 28 FA D0 00 06 04 00 00 00 00 00 
[2019-11-07 16:46:19]AHT:100
[2019-11-07 16:46:19]MHT:100
[2019-11-07 16:46:20]>>>>>>>>>>>>S:  AA 77 00 2E FC D0 00 06 04 00 00 00 00 00 
[2019-11-07 16:46:23]>>>>>>>>>>>>S:  AA 77 00 2F FD D0 00 06 04 00 00 00 00 00 
[2019-11-07 16:46:27]>>>>>>>>>>>>S:  AA 77 00 2C FE D0 00 06 04 00 00 00 00 00 
[2019-11-07 16:46:29]AHT:101
[2019-11-07 16:46:29]MHT:101
[2019-11-07 16:46:30]>>>>>>>>>>>>S:  AA 77 00 D2 00 D0 00 06 04 00 00 00 00 00 
[2019-11-07 16:46:31]ACC OFF
[2019-11-07 16:46:34]>>>>>>>>>>>>S:  AA 77 00 D3 01 D0 00 06 04 00 00 00 00 00 
[2019-11-07 16:46:37]>>>>>>>>>>>>S:  AA 77 00 D0 02 D0 00 06 04 00 00 00 00 00 
[2019-11-07 16:46:39]AHT:102
[2019-11-07 16:46:39]MHT:102
[2019-11-07 16:46:41]>>>>>>>>>>>>S:  AA 77 00 D6 04 D0 00 06 04 00 00 00 00 00 
[2019-11-07 16:46:44]>>>>>>>>>>>>S:  AA 77 00 D7 05 D0 00 06 04 00 00 00 00 00 
[2019-11-07 16:46:48]>>>>>>>>>>>>S:  AA 77 00 D4 06 D0 00 06 04 00 00 00 00 00 
[2019-11-07 16:46:49]AHT:103
[2019-11-07 16:46:49]MHT:103
[2019-11-07 16:46:51]>>>>>>>>>>>>S:  AA 77 00 DA 08 D0 00 06 04 00 00 00 00 00 
[2019-11-07 16:46:55]>>>>>>>>>>>>S:  AA 77 00 DB 09 D0 00 06 04 00 00 00 00 00 
[2019-11-07 16:46:58]>>>>>>>>>>>>S:  AA 77 00 D8 0A D0 00 06 04 00 00 00 00 00 
[2019-11-07 16:46:59]AHT:104
[2019-11-07 16:46:59]MHT:104
[2019-11-07 16:47:02]>>>>>>>>>>>>S:  AA 77 00 DE 0C D0 00 06 04 00 00 00 00 00 
[2019-11-07 16:47:05]>>>>>>>>>>>>S:  AA 77 00 DF 0D D0 00 06 04 00 00 00 00 00 
[2019-11-07 16:47:09]>>>>>>>>>>>>S:  AA 77 00 DC 0E D0 00 06 04 00 00 00 00 00 
[2019-11-07 16:47:09]AHT:105
[2019-11-07 16:47:09]MHT:105
[2019-11-07 16:47:12]>>>>>>>>>>>>S:  AA 77 00 C2 10 D0 00 06 04 00 00 00 00 00 
[2019-11-07 16:47:15]>>>>>>>>>>>>S:  AA 77 00 C3 11 D0 00 06 04 00 00 00 00 00 
[2019-11-07 16:47:19]AHT:106
[2019-11-07 16:47:19]MHT:106
[2019-11-07 16:47:19]>>>>>>>>>>>>S:  AA 77 00 C1 13 D0 00 06 04 00 00 00 00 00 
[2019-11-07 16:47:22]>>>>>>>>>>>>S:  AA 77 00 C6 14 D0 00 06 04 00 00 00 00 00 
[2019-11-07 16:47:26]>>>>>>>>>>>>S:  AA 77 00 C7 15 D0 00 06 04 00 00 00 00 00 
[2019-11-07 16:47:29]AHT:107
[2019-11-07 16:47:29]MHT:107
[2019-11-07 16:47:29]>>>>>>>>>>>>S:  AA 77 00 C5 17 D0 00 06 04 00 00 00 00 00 
[2019-11-07 16:47:33]>>>>>>>>>>>>S:  AA 77 00 CA 18 D0 00 06 04 00 00 00 00 00 
[2019-11-07 16:47:36]>>>>>>>>>>>>S:  AA 77 00 CB 19 D0 00 06 04 00 00 00 00 00 
[2019-11-07 16:47:39]AHT:108
[2019-11-07 16:47:39]MHT:108
[2019-11-07 16:47:40]>>>>>>>>>>>>S:  AA 77 00 C9 1B D0 00 06 04 00 00 00 00 00 
[2019-11-07 16:47:43]>>>>>>>>>>>>S:  AA 77 00 CE 1C D0 00 06 04 00 00 00 00 00 
[2019-11-07 16:47:47]>>>>>>>>>>>>S:  AA 77 00 CF 1D D0 00 06 04 00 00 00 00 00 
[2019-11-07 16:47:49]AHT:109
[2019-11-07 16:47:49]MHT:109
[2019-11-07 16:47:50]>>>>>>>>>>>>S:  AA 77 00 CD 1F D0 00 06 04 00 00 00 00 00 
[2019-11-07 16:47:54]>>>>>>>>>>>>S:  AA 77 00 F2 20 D0 00 06 04 00 00 00 00 00 
[2019-11-07 16:47:57]>>>>>>>>>>>>S:  AA 77 00 F3 21 D0 00 06 04 00 00 00 00 00 
[2019-11-07 16:47:59]AHT:110
[2019-11-07 16:47:59]MHT:110
[2019-11-07 16:48:01]>>>>>>>>>>>>S:  AA 77 00 F1 23 D0 00 06 04 00 00 00 00 00 
[2019-11-07 16:48:04]>>>>>>>>>>>>S:  AA 77 00 F6 24 D0 00 06 04 00 00 00 00 00 
[2019-11-07 16:48:07]>>>>>>>>>>>>S:  AA 77 00 F4 25 D1 01 02 02 01 
[2019-11-07 16:48:07]ACC ON
[2019-11-07 16:48:08]>>>>>>>>>>>>S:  AA 77 00 F4 26 D0 00 06 04 00 00 00 00 00 
[2019-11-07 16:48:09]AHT:111
[2019-11-07 16:48:09]MHT:111
[2019-11-07 16:48:11]>>>>>>>>>>>>S:  AA 77 00 FA 28 D0 00 06 04 00 00 00 00 00 
[2019-11-07 16:48:15]>>>>>>>>>>>>S:  AA 77 00 FB 29 D0 00 06 04 00 00 00 00 00 
[2019-11-07 16:48:18]>>>>>>>>>>>>S:  AA 77 00 F8 2A D0 00 06 04 00 00 00 00 00 
[2019-11-07 16:48:19]AHT:112
[2019-11-07 16:48:19]MHT:112
[2019-11-07 16:48:22]>>>>>>>>>>>>S:  AA 77 00 FE 2C D0 00 06 04 00 00 00 00 00 
[2019-11-07 16:48:25]>>>>>>>>>>>>S:  AA 77 00 FF 2D D0 00 06 04 00 00 00 00 00 
[2019-11-07 16:48:29]>>>>>>>>>>>>S:  AA 77 00 FC 2E D0 00 06 04 00 00 00 00 00 
[2019-11-07 16:48:29]AHT:113
[2019-11-07 16:48:29]MHT:113
[2019-11-07 16:48:32]>>>>>>>>>>>>S:  AA 77 00 E2 30 D0 00 06 04 00 00 00 00 00 
[2019-11-07 16:48:35]>>>>>>>>>>>>S:  AA 77 00 E3 31 D0 00 06 04 00 00 00 00 00 
[2019-11-07 16:48:39]AHT:114
[2019-11-07 16:48:39]MHT:114
[2019-11-07 16:48:39]>>>>>>>>>>>>S:  AA 77 00 E1 33 D0 00 06 04 00 00 00 00 00 
[2019-11-07 16:48:42]>>>>>>>>>>>>S:  AA 77 00 E6 34 D0 00 06 04 00 00 00 00 00 
[2019-11-07 16:48:46]>>>>>>>>>>>>S:  AA 77 00 E7 35 D0 00 06 04 00 00 00 00 00 
[2019-11-07 16:48:49]AHT:115
[2019-11-07 16:48:49]MHT:115
[2019-11-07 16:48:49]>>>>>>>>>>>>S:  AA 77 00 E5 37 D0 00 06 04 00 00 00 00 00 
[2019-11-07 16:48:53]>>>>>>>>>>>>S:  AA 77 00 EA 38 D0 00 06 04 00 00 00 00 00 
[2019-11-07 16:48:56]>>>>>>>>>>>>S:  AA 77 00 EB 39 D0 00 06 04 00 00 00 00 00 
[2019-11-07 16:48:59]AHT:116
[2019-11-07 16:48:59]MHT:116
[2019-11-07 16:49:00]>>>>>>>>>>>>S:  AA 77 00 E9 3B D0 00 06 04 00 00 00 00 00 
[2019-11-07 16:49:03]>>>>>>>>>>>>S:  AA 77 00 EE 3C D0 00 06 04 00 00 00 00 00 
[2019-11-07 16:49:07]>>>>>>>>>>>>S:  AA 77 00 EF 3D D0 00 06 04 00 00 00 00 00 
[2019-11-07 16:49:09]AHT:117
[2019-11-07 16:49:09]MHT:117
[2019-11-07 16:49:10]>>>>>>>>>>>>S:  AA 77 00 ED 3F D0 00 06 04 00 00 00 00 00 
[2019-11-07 16:49:14]>>>>>>>>>>>>S:  AA 77 00 92 40 D0 00 06 04 00 00 00 00 00 
[2019-11-07 16:49:17]>>>>>>>>>>>>S:  AA 77 00 93 41 D0 00 06 04 00 00 00 00 00 
[2019-11-07 16:49:19]AHT:118
[2019-11-07 16:49:19]MHT:118
[2019-11-07 16:49:21]>>>>>>>>>>>>S:  AA 77 00 91 43 D0 00 06 04 00 00 00 00 00 
[2019-11-07 16:49:24]>>>>>>>>>>>>S:  AA 77 00 96 44 D0 00 06 04 00 00 00 00 00 
[2019-11-07 16:49:28]>>>>>>>>>>>>S:  AA 77 00 97 45 D0 00 06 04 00 00 00 00 00 
[2019-11-07 16:49:29]AHT:119
[2019-11-07 16:49:29]MHT:119
[2019-11-07 16:49:31]>>>>>>>>>>>>S:  AA 77 00 95 47 D0 00 06 04 00 00 00 00 00 
[2019-11-07 16:49:33]ACC OFF
[2019-11-07 16:49:35]>>>>>>>>>>>>S:  AA 77 00 9A 48 D0 00 06 04 00 00 00 00 00 
[2019-11-07 16:49:38]>>>>>>>>>>>>S:  AA 77 00 9B 49 D0 00 06 04 00 00 00 00 00 
[2019-11-07 16:49:39]AHT:120
[2019-11-07 16:49:39]MHT:120
[2019-11-07 16:49:42]>>>>>>>>>>>>S:  AA 77 00 99 4B D0 00 06 04 00 00 00 00 00 
[2019-11-07 16:49:45]>>>>>>>>>>>>S:  AA 77 00 9E 4C D0 00 06 04 00 00 00 00 00 
[2019-11-07 16:49:49]>>>>>>>>>>>>S:  AA 77 00 9F 4D D0 00 06 04 00 00 00 00 00 
[2019-11-07 16:49:49]AHT:121
[2019-11-07 16:49:49]MHT:121
[2019-11-07 16:49:50]>>>>>>>>>>>>S:  AA 77 00 91 4F A0 00 08 8D 07 E3 0B 07 10 31 32 
[2019-11-07 16:49:52]>>>>>>>>>>>>S:  AA 77 00 82 50 D0 00 06 04 00 00 00 00 00 
[2019-11-07 16:49:56]>>>>>>>>>>>>S:  AA 77 00 83 51 D0 00 06 04 00 00 00 00 00 
[2019-11-07 16:49:59]AHT:122
[2019-11-07 16:49:59]MHT:122
[2019-11-07 16:49:59]>>>>>>>>>>>>S:  AA 77 00 81 53 D0 00 06 04 00 00 00 00 00 
[2019-11-07 16:50:02]>>>>>>>>>>>>S:  AA 77 00 86 54 D0 00 06 04 00 00 00 00 00 
[2019-11-07 16:50:06]>>>>>>>>>>>>S:  AA 77 00 87 55 D0 00 06 04 00 00 00 00 00 
[2019-11-07 16:50:09]AHT:123
[2019-11-07 16:50:09]MHT:123
[2019-11-07 16:50:09]>>>>>>>>>>>>S:  AA 77 00 85 57 D0 00 06 04 00 00 00 00 00 
[2019-11-07 16:50:13]>>>>>>>>>>>>S:  AA 77 00 8A 58 D0 00 06 04 00 00 00 00 00 
[2019-11-07 16:50:16]>>>>>>>>>>>>S:  AA 77 00 8B 59 D0 00 06 04 00 00 00 00 00 
[2019-11-07 16:50:19]AHT:124
[2019-11-07 16:50:19]MHT:124
[2019-11-07 16:50:20]>>>>>>>>>>>>S:  AA 77 00 89 5B D0 00 06 04 00 00 00 00 00 
[2019-11-07 16:50:23]>>>>>>>>>>>>S:  AA 77 00 8E 5C D0 00 06 04 00 00 00 00 00 
[2019-11-07 16:50:27]>>>>>>>>>>>>S:  AA 77 00 8F 5D D0 00 06 04 00 00 00 00 00 
[2019-11-07 16:50:29]AHT:125
[2019-11-07 16:50:29]MHT:125
[2019-11-07 16:50:30]>>>>>>>>>>>>S:  AA 77 00 8D 5F D0 00 06 04 00 00 00 00 00 
[2019-11-07 16:50:34]>>>>>>>>>>>>S:  AA 77 00 B2 60 D0 00 06 04 00 00 00 00 00 
[2019-11-07 16:50:37]>>>>>>>>>>>>S:  AA 77 00 B3 61 D0 00 06 04 00 00 00 00 00 
[2019-11-07 16:50:39]AHT:126
[2019-11-07 16:50:39]MHT:126
[2019-11-07 16:50:41]>>>>>>>>>>>>S:  AA 77 00 B1 63 D0 00 06 04 00 00 00 00 00 
[2019-11-07 16:50:44]>>>>>>>>>>>>S:  AA 77 00 B6 64 D0 00 06 04 00 00 00 00 00 
[2019-11-07 16:50:48]>>>>>>>>>>>>S:  AA 77 00 B7 65 D0 00 06 04 00 00 00 00 00 
[2019-11-07 16:50:49]AHT:127
[2019-11-07 16:50:49]MHT:127
[2019-11-07 16:50:51]>>>>>>>>>>>>S:  AA 77 00 B5 67 D0 00 06 04 00 00 00 00 00 
[2019-11-07 16:50:55]>>>>>>>>>>>>S:  AA 77 00 BA 68 D0 00 06 04 00 00 00 00 00 
[2019-11-07 16:50:58]>>>>>>>>>>>>S:  AA 77 00 BB 69 D0 00 06 04 00 00 00 00 00 
[2019-11-07 16:50:59]AHT:128
[2019-11-07 16:50:59]MHT:128
[2019-11-07 16:51:02]>>>>>>>>>>>>S:  AA 77 00 B9 6B D0 00 06 04 00 00 00 00 00 
[2019-11-07 16:51:05]>>>>>>>>>>>>S:  AA 77 00 BE 6C D0 00 06 04 00 00 00 00 00 
[2019-11-07 16:51:08]>>>>>>>>>>>>S:  AA 77 00 BF 6D D0 00 06 04 00 00 00 00 00 
[2019-11-07 16:51:09]AHT:129
[2019-11-07 16:51:09]MHT:129
[2019-11-07 16:51:12]>>>>>>>>>>>>S:  AA 77 00 BD 6F D0 00 06 04 00 00 00 00 00 
[2019-11-07 16:51:15]>>>>>>>>>>>>S:  AA 77 00 A2 70 D0 00 06 04 00 00 00 00 00 
[2019-11-07 16:51:19]>>>>>>>>>>>>S:  AA 77 00 A3 71 D0 00 06 04 00 00 00 00 00 
[2019-11-07 16:51:19]AHT:130
[2019-11-07 16:51:19]MHT:130
[2019-11-07 16:51:22]>>>>>>>>>>>>S:  AA 77 00 A1 73 D0 00 06 04 00 00 00 00 00 
[2019-11-07 16:51:26]>>>>>>>>>>>>S:  AA 77 00 A6 74 D0 00 06 04 00 00 00 00 00 
[2019-11-07 16:51:29]AHT:131
[2019-11-07 16:51:29]MHT:131
[2019-11-07 16:51:29]>>>>>>>>>>>>S:  AA 77 00 A4 76 D0 00 06 04 00 00 00 00 00 
[2019-11-07 16:51:33]>>>>>>>>>>>>S:  AA 77 00 A5 77 D0 00 06 04 00 00 00 00 00 
[2019-11-07 16:51:36]>>>>>>>>>>>>S:  AA 77 00 AA 78 D0 00 06 04 00 00 00 00 00 
[2019-11-07 16:51:39]AHT:132
[2019-11-07 16:51:39]MHT:132
[2019-11-07 16:51:40]>>>>>>>>>>>>S:  AA 77 00 A8 7A D0 00 06 04 00 00 00 00 00 
[2019-11-07 16:51:43]>>>>>>>>>>>>S:  AA 77 00 A9 7B D0 00 06 04 00 00 00 00 00 
[2019-11-07 16:51:47]>>>>>>>>>>>>S:  AA 77 00 AE 7C D0 00 06 04 00 00 00 00 00 
[2019-11-07 16:51:49]AHT:133
[2019-11-07 16:51:49]MHT:133
[2019-11-07 16:51:50]>>>>>>>>>>>>S:  AA 77 00 AC 7E D0 00 06 04 00 00 00 00 00 
[2019-11-07 16:51:54]>>>>>>>>>>>>S:  AA 77 00 AD 7F D0 00 06 04 00 00 00 00 00 
[2019-11-07 16:51:57]>>>>>>>>>>>>S:  AA 77 00 52 80 D0 00 06 04 00 00 00 00 00 
[2019-11-07 16:51:59]AHT:134
[2019-11-07 16:51:59]MHT:134
[2019-11-07 16:52:01]>>>>>>>>>>>>S:  AA 77 00 50 82 D0 00 06 04 00 00 00 00 00 
[2019-11-07 16:52:04]>>>>>>>>>>>>S:  AA 77 00 51 83 D0 00 06 04 00 00 00 00 00 
[2019-11-07 16:52:08]>>>>>>>>>>>>S:  AA 77 00 56 84 D0 00 06 04 00 00 00 00 00 
[2019-11-07 16:52:09]AHT:135
[2019-11-07 16:52:09]MHT:135
[2019-11-07 16:52:11]>>>>>>>>>>>>S:  AA 77 00 54 86 D0 00 06 04 00 00 00 00 00 
[2019-11-07 16:52:15]>>>>>>>>>>>>S:  AA 77 00 55 87 D0 00 06 04 00 00 00 00 00 
[2019-11-07 16:52:18]>>>>>>>>>>>>S:  AA 77 00 5A 88 D0 00 06 04 00 00 00 00 00 
[2019-11-07 16:52:19]AHT:136
[2019-11-07 16:52:19]MHT:136
[2019-11-07 16:52:22]>>>>>>>>>>>>S:  AA 77 00 58 8A D0 00 06 04 00 00 00 00 00 
[2019-11-07 16:52:25]>>>>>>>>>>>>S:  AA 77 00 59 8B D0 00 06 04 00 00 00 00 00 
[2019-11-07 16:52:29]>>>>>>>>>>>>S:  AA 77 00 5E 8C D0 00 06 04 00 00 00 00 00 
[2019-11-07 16:52:29]AHT:137
[2019-11-07 16:52:29]MHT:137
[2019-11-07 16:52:32]>>>>>>>>>>>>S:  AA 77 00 5C 8E D0 00 06 04 00 00 00 00 00 
[2019-11-07 16:52:36]>>>>>>>>>>>>S:  AA 77 00 5D 8F D0 00 06 04 00 00 00 00 00 
[2019-11-07 16:52:39]>>>>>>>>>>>>S:  AA 77 00 42 90 D0 00 06 04 00 00 00 00 00 
[2019-11-07 16:52:39]AHT:138
[2019-11-07 16:52:39]MHT:138
[2019-11-07 16:52:42]>>>>>>>>>>>>S:  AA 77 00 40 92 D0 00 06 04 00 00 00 00 00 
[2019-11-07 16:52:46]>>>>>>>>>>>>S:  AA 77 00 41 93 D0 00 06 04 00 00 00 00 00 
[2019-11-07 16:52:49]AHT:139
[2019-11-07 16:52:49]MHT:139
[2019-11-07 16:52:49]>>>>>>>>>>>>S:  AA 77 00 47 95 D0 00 06 04 00 00 00 00 00 
[2019-11-07 16:52:53]>>>>>>>>>>>>S:  AA 77 00 44 96 D0 00 06 04 00 00 00 00 00 
[2019-11-07 16:52:56]>>>>>>>>>>>>S:  AA 77 00 45 97 D0 00 06 04 00 00 00 00 00 
[2019-11-07 16:52:59]AHT:140
[2019-11-07 16:52:59]MHT:140
[2019-11-07 16:53:00]>>>>>>>>>>>>S:  AA 77 00 4B 99 D0 00 06 04 00 00 00 00 00 
[2019-11-07 16:53:03]>>>>>>>>>>>>S:  AA 77 00 48 9A D0 00 06 04 00 00 00 00 00 
[2019-11-07 16:52:46]>>>>>>>>>>>>S:  AA 77 00 49 9B D1 01 02 01 01 
[2019-11-07 16:53:03]>>>>>>>>>>>>S:  AA 77 00 4E 9C D1 01 02 01 01 
[2019-11-07 16:53:03]>>>>>>>>>>>>S:  AA 77 00 76 9D A0 00 08 8D 07 E3 0B 07 10 35 03 
[2019-11-07 16:53:04]>>>>>>>>>>>>S:  AA 77 00 4C 9E D0 00 06 04 00 00 00 00 00 
