[1980-01-06 08:00:09]               /\  /\                
[1980-01-06 08:00:09]***************  \/  *****************
[1980-01-06 08:00:09]                                      
[1980-01-06 08:00:09] mcu-service start!!!!                
[1980-01-06 08:00:09] build: Oct 31 2019 14:30:38 
[1980-01-06 08:00:09] build: 06 12 2019 09:13:18           
[1980-01-06 08:00:09]                                      
[1980-01-06 08:00:09]**************************************
[1980-01-06 08:00:09]class McuServiceStubImpl construction
[1980-01-06 08:00:09]McuService registerService Done
[1980-01-06 08:00:09]new VDDataModel()
[1980-01-06 08:00:09]initVehicleData done
[1980-01-06 08:00:09]initPowerData done
[1980-01-06 08:00:09]initAccIgnData done
[1980-01-06 08:00:09]initHandShake done
[1980-01-06 08:00:09]initArmRebootReasonData done
[1980-01-06 08:00:09]iniModeData done
[1980-01-06 08:00:09]iniMfgData done
[1980-01-06 08:00:09]registerPowerDataChangeCb Done
[1980-01-06 08:00:09]registerAccIgnChangeCb Done
[1980-01-06 08:00:09]registerPhoneCallChangeCb Done
[1980-01-06 08:00:09]registerHandShakeChangeCb Done
[1980-01-06 08:00:09]registerModeChangeCb Done
[1980-01-06 08:00:09]class mcuUpgradeServiceStubImpl construction
[1980-01-06 08:00:09]McuUpgradeDataService registerService Done
[1980-01-06 08:00:09]new MCUpdateDataModel()
[1980-01-06 08:00:09]uart:/dev/ttyHSL0,baud:115200
[1980-01-06 08:00:09]autolinkMcuServiceInit -> start
[1980-01-06 08:00:09]wait uart
[1980-01-06 08:00:09]autolinkMcuQemuThread start
[1980-01-06 08:00:09]autolinkMcuServiceThread -> start
[1980-01-06 08:00:09]mcu service use select
[1980-01-06 08:00:09]mcu service thread running
[1980-01-06 08:00:09]autolinkMcuParseDataThread -> start
[1980-01-06 08:00:09]autolinkAckCheckThread -> start
[1980-01-06 08:00:09]autolinkMcuServiceInit -> end
[1980-01-06 08:00:10]new VDDataModelCtrl()
[1980-01-06 08:00:10]VDDataModelCtrl is constructed
[1980-01-06 08:00:13]>>>>>>>>>>>>S:  AA 77 00 23 00 A0 00 02 80 01 
[1980-01-06 08:00:13]try handshake 1 times
[1980-01-06 08:00:13]handshake successful
[1980-01-06 08:00:13]MHT:4
[1980-01-06 08:00:13]ACC OFF
[1980-01-06 08:00:13]MCU MODE_UNKNOWN
[1980-01-06 08:00:13]MCU Version: mcu_L_DFSK_F516-19_1.0.1_191031
[1980-01-06 08:00:13]CAN Version: can_v2.0L_516-19
[1980-01-06 08:00:13]PowerData: 00 00 02 00 00 
[1980-01-06 08:00:13]pdid: DFSK0001000200261910160001000010
[1980-01-06 08:00:13]vin:12345T0703T000110
[1980-01-06 08:00:13]>>>>>>>>>>>>S:  AA 77 00 EF 01 D0 01 15 2E 38 39 38 36 30 39 31 38 37 30 30 30 30 39 32 32 31 30 32 36 
[1980-01-06 08:00:13]>>>>>>>>>>>>S:  AA 77 00 DC 02 D0 01 10 2F 34 36 30 30 39 36 30 39 30 37 32 32 31 30 32 
[1980-01-06 08:00:13]>>>>>>>>>>>>S:  AA 77 00 CA 03 D0 01 10 33 38 36 32 30 31 35 30 33 37 35 31 31 37 32 37 
[1980-01-06 08:00:13]Mcu init data end
[1980-01-06 08:00:13]>>>>>>>>>>>>S:  AA 77 00 D6 04 D0 00 06 04 00 00 00 00 00 
[1980-01-06 08:00:16]>>>>>>>>>>>>S:  AA 77 00 D7 05 D0 00 06 04 00 00 00 00 00 
[1980-01-06 08:00:18]AHT:0
[1980-01-06 08:00:18]MHT:0
[1980-01-06 08:00:20]>>>>>>>>>>>>S:  AA 77 00 D5 07 D0 00 06 04 00 00 00 00 00 
[1980-01-06 08:00:20]>>>>>>>>>>>>S:  AA 77 00 C7 08 D0 00 03 1C 00 00 
[1980-01-06 08:00:21]>>>>>>>>>>>>S:  AA 77 00 D8 09 D1 01 02 03 00 
[1980-01-06 08:00:22]>>>>>>>>>>>>S:  AA 77 00 D9 0A D0 00 06 04 01 00 00 00 00 
[1980-01-06 08:00:25]>>>>>>>>>>>>S:  AA 77 00 D8 0B D0 00 06 04 01 00 00 00 00 
[1980-01-06 08:00:28]AHT:1
[1980-01-06 08:00:29]MHT:1
[1980-01-06 08:00:29]>>>>>>>>>>>>S:  AA 77 00 DE 0D D0 00 06 04 01 00 00 00 00 
[2019-11-07 19:49:20]>>>>>>>>>>>>S:  AA 77 00 DC 0E D1 01 02 01 01 
[2019-11-07 19:49:20]>>>>>>>>>>>>S:  AA 77 00 F4 0F A0 00 08 8D 07 E3 0B 07 13 31 14 
[2019-11-07 19:49:22]>>>>>>>>>>>>S:  AA 77 00 C3 10 D0 00 06 04 01 00 00 00 00 
[2019-11-07 19:49:25]>>>>>>>>>>>>S:  AA 77 00 C2 11 D0 00 06 04 01 00 00 00 00 
[2019-11-07 19:49:26]>>>>>>>>>>>>S:  AA 77 00 C0 12 D1 01 02 01 01 
[2019-11-07 19:49:26]AHT:2
[2019-11-07 19:49:26]>>>>>>>>>>>>S:  AA 77 00 E1 14 A0 00 08 8D 07 E3 0B 07 13 31 1A 
[2019-11-07 19:49:26]MHT:2
[2019-11-07 19:49:28]>>>>>>>>>>>>S:  AA 77 00 C6 15 D0 00 06 04 01 00 00 00 00 
[2019-11-07 19:49:31]>>>>>>>>>>>>S:  AA 77 00 C5 16 D0 00 06 04 01 00 00 00 00 
[2019-11-07 19:49:35]>>>>>>>>>>>>S:  AA 77 00 C4 17 D0 00 06 04 01 00 00 00 00 
[2019-11-07 19:49:35]>>>>>>>>>>>>S:  AA 77 00 CA 18 D0 00 06 04 00 00 00 00 00 
[2019-11-07 19:49:36]AHT:3
[2019-11-07 19:49:36]MHT:3
[2019-11-07 19:49:38]>>>>>>>>>>>>S:  AA 77 00 C8 1A D0 00 06 04 00 00 00 00 00 
[2019-11-07 19:49:42]>>>>>>>>>>>>S:  AA 77 00 C9 1B D0 00 06 04 00 00 00 00 00 
[2019-11-07 19:49:45]>>>>>>>>>>>>S:  AA 77 00 CE 1C D0 00 06 04 00 00 00 00 00 
[2019-11-07 19:49:46]AHT:4
[2019-11-07 19:49:46]MHT:4
[2019-11-07 19:49:49]>>>>>>>>>>>>S:  AA 77 00 CC 1E D0 00 06 04 00 00 00 00 00 
[2019-11-07 19:49:52]>>>>>>>>>>>>S:  AA 77 00 CD 1F D0 00 06 04 00 00 00 00 00 
[2019-11-07 19:49:56]>>>>>>>>>>>>S:  AA 77 00 F2 20 D0 00 06 04 00 00 00 00 00 
[2019-11-07 19:49:56]AHT:5
[2019-11-07 19:49:56]MHT:5
[2019-11-07 19:49:59]>>>>>>>>>>>>S:  AA 77 00 F0 22 D0 00 06 04 00 00 00 00 00 
[2019-11-07 19:50:03]>>>>>>>>>>>>S:  AA 77 00 F1 23 D0 00 06 04 00 00 00 00 00 
[2019-11-07 19:50:06]>>>>>>>>>>>>S:  AA 77 00 F6 24 D0 00 06 04 00 00 00 00 00 
[2019-11-07 19:50:06]AHT:6
[2019-11-07 19:50:07]MHT:6
[2019-11-07 19:50:08]>>>>>>>>>>>>S:  AA 77 00 F7 26 D1 01 02 02 01 
[2019-11-07 19:50:10]>>>>>>>>>>>>S:  AA 77 00 F5 27 D0 00 06 04 00 00 00 00 00 
[2019-11-07 19:50:13]>>>>>>>>>>>>S:  AA 77 00 FA 28 D0 00 06 04 00 00 00 00 00 
[2019-11-07 19:50:16]AHT:7
[2019-11-07 19:50:17]MHT:7
[2019-11-07 19:50:17]>>>>>>>>>>>>S:  AA 77 00 F8 2A D0 00 06 04 00 00 00 00 00 
[2019-11-07 19:50:20]>>>>>>>>>>>>S:  AA 77 00 F9 2B D0 00 06 04 00 00 00 00 00 
[2019-11-07 19:50:24]>>>>>>>>>>>>S:  AA 77 00 FE 2C D0 00 06 04 00 00 00 00 00 
[2019-11-07 19:50:27]AHT:8
[2019-11-07 19:50:27]MHT:8
[2019-11-07 19:50:27]>>>>>>>>>>>>S:  AA 77 00 FC 2E D0 00 06 04 00 00 00 00 00 
[2019-11-07 19:50:30]>>>>>>>>>>>>S:  AA 77 00 FD 2F D0 00 06 04 00 00 00 00 00 
[2019-11-07 19:50:34]>>>>>>>>>>>>S:  AA 77 00 E2 30 D0 00 06 04 00 00 00 00 00 
[2019-11-07 19:50:37]AHT:9
[2019-11-07 19:50:37]MHT:9
[2019-11-07 19:50:37]>>>>>>>>>>>>S:  AA 77 00 E0 32 D0 00 06 04 00 00 00 00 00 
[2019-11-07 19:50:41]>>>>>>>>>>>>S:  AA 77 00 E1 33 D0 00 06 04 00 00 00 00 00 
[2019-11-07 19:50:44]>>>>>>>>>>>>S:  AA 77 00 E6 34 D0 00 06 04 00 00 00 00 00 
[2019-11-07 19:50:47]AHT:10
[2019-11-07 19:50:47]MHT:10
[2019-11-07 19:50:48]>>>>>>>>>>>>S:  AA 77 00 E4 36 D0 00 06 04 00 00 00 00 00 
[2019-11-07 19:50:51]>>>>>>>>>>>>S:  AA 77 00 E5 37 D0 00 06 04 00 00 00 00 00 
[2019-11-07 19:50:55]>>>>>>>>>>>>S:  AA 77 00 EA 38 D0 00 06 04 00 00 00 00 00 
[2019-11-07 19:50:57]AHT:11
[2019-11-07 19:50:57]MHT:11
[2019-11-07 19:50:58]>>>>>>>>>>>>S:  AA 77 00 E8 3A D0 00 06 04 00 00 00 00 00 
[2019-11-07 19:51:02]>>>>>>>>>>>>S:  AA 77 00 E9 3B D0 00 06 04 00 00 00 00 00 
[2019-11-07 19:51:05]>>>>>>>>>>>>S:  AA 77 00 EE 3C D0 00 06 04 00 00 00 00 00 
[2019-11-07 19:51:07]AHT:12
[2019-11-07 19:51:07]MHT:12
[2019-11-07 19:51:09]>>>>>>>>>>>>S:  AA 77 00 EC 3E D0 00 06 04 00 00 00 00 00 
[2019-11-07 19:51:12]>>>>>>>>>>>>S:  AA 77 00 ED 3F D0 00 06 04 00 00 00 00 00 
[2019-11-07 19:51:16]>>>>>>>>>>>>S:  AA 77 00 92 40 D0 00 06 04 00 00 00 00 00 
[2019-11-07 19:51:17]AHT:13
[2019-11-07 19:51:17]MHT:13
[2019-11-07 19:51:19]>>>>>>>>>>>>S:  AA 77 00 90 42 D0 00 06 04 00 00 00 00 00 
[2019-11-07 19:51:23]>>>>>>>>>>>>S:  AA 77 00 91 43 D0 00 06 04 00 00 00 00 00 
[2019-11-07 19:51:26]>>>>>>>>>>>>S:  AA 77 00 96 44 D0 00 06 04 00 00 00 00 00 
[2019-11-07 19:51:27]AHT:14
[2019-11-07 19:51:27]MHT:14
[2019-11-07 19:51:30]>>>>>>>>>>>>S:  AA 77 00 94 46 D0 00 06 04 00 00 00 00 00 
[2019-11-07 19:51:33]>>>>>>>>>>>>S:  AA 77 00 95 47 D0 00 06 04 00 00 00 00 00 
[2019-11-07 19:51:36]>>>>>>>>>>>>S:  AA 77 00 9A 48 D0 00 06 04 00 00 00 00 00 
[2019-11-07 19:51:37]AHT:15
[2019-11-07 19:51:37]MHT:15
[2019-11-07 19:51:40]>>>>>>>>>>>>S:  AA 77 00 98 4A D0 00 06 04 00 00 00 00 00 
[2019-11-07 19:51:43]>>>>>>>>>>>>S:  AA 77 00 99 4B D0 00 06 04 00 00 00 00 00 
[2019-11-07 19:51:47]AHT:16
[2019-11-07 19:51:47]MHT:16
[2019-11-07 19:51:47]>>>>>>>>>>>>S:  AA 77 00 9F 4D D0 00 06 04 00 00 00 00 00 
[2019-11-07 19:51:50]>>>>>>>>>>>>S:  AA 77 00 9C 4E D0 00 06 04 00 00 00 00 00 
[2019-11-07 19:51:54]>>>>>>>>>>>>S:  AA 77 00 9D 4F D0 00 06 04 00 00 00 00 00 
[2019-11-07 19:51:57]AHT:17
[2019-11-07 19:51:57]MHT:17
[2019-11-07 19:51:57]>>>>>>>>>>>>S:  AA 77 00 83 51 D0 00 06 04 00 00 00 00 00 
[2019-11-07 19:52:01]>>>>>>>>>>>>S:  AA 77 00 80 52 D0 00 06 04 00 00 00 00 00 
[2019-11-07 19:52:04]>>>>>>>>>>>>S:  AA 77 00 81 53 D0 00 06 04 00 00 00 00 00 
[2019-11-07 19:52:07]AHT:18
[2019-11-07 19:52:07]MHT:18
[2019-11-07 19:52:08]>>>>>>>>>>>>S:  AA 77 00 87 55 D0 00 06 04 00 00 00 00 00 
[2019-11-07 19:52:11]>>>>>>>>>>>>S:  AA 77 00 84 56 D0 00 06 04 00 00 00 00 00 
[2019-11-07 19:52:15]>>>>>>>>>>>>S:  AA 77 00 85 57 D0 00 06 04 00 00 00 00 00 
[2019-11-07 19:52:17]AHT:19
[2019-11-07 19:52:17]MHT:19
[2019-11-07 19:52:18]>>>>>>>>>>>>S:  AA 77 00 8B 59 D0 00 06 04 00 00 00 00 00 
[2019-11-07 19:52:22]>>>>>>>>>>>>S:  AA 77 00 88 5A D0 00 06 04 00 00 00 00 00 
[2019-11-07 19:52:25]>>>>>>>>>>>>S:  AA 77 00 89 5B D0 00 06 04 00 00 00 00 00 
[2019-11-07 19:52:27]AHT:20
[2019-11-07 19:52:27]MHT:20
[2019-11-07 19:52:29]>>>>>>>>>>>>S:  AA 77 00 8F 5D D0 00 06 04 00 00 00 00 00 
[2019-11-07 19:52:32]>>>>>>>>>>>>S:  AA 77 00 8C 5E D0 00 06 04 00 00 00 00 00 
[2019-11-07 19:52:36]>>>>>>>>>>>>S:  AA 77 00 8D 5F D0 00 06 04 00 00 00 00 00 
[2019-11-07 19:52:37]AHT:21
[2019-11-07 19:52:37]MHT:21
[2019-11-07 19:52:39]>>>>>>>>>>>>S:  AA 77 00 B3 61 D0 00 06 04 00 00 00 00 00 
[2019-11-07 19:52:43]>>>>>>>>>>>>S:  AA 77 00 B0 62 D0 00 06 04 00 00 00 00 00 
[2019-11-07 19:52:46]>>>>>>>>>>>>S:  AA 77 00 B1 63 D0 00 06 04 00 00 00 00 00 
[2019-11-07 19:52:47]AHT:22
[2019-11-07 19:52:47]MHT:22
[2019-11-07 19:52:49]>>>>>>>>>>>>S:  AA 77 00 B7 65 D0 00 06 04 00 00 00 00 00 
[2019-11-07 19:52:53]>>>>>>>>>>>>S:  AA 77 00 B4 66 D0 00 06 04 00 00 00 00 00 
[2019-11-07 19:52:56]>>>>>>>>>>>>S:  AA 77 00 B5 67 D0 00 06 04 00 00 00 00 00 
[2019-11-07 19:52:57]AHT:23
[2019-11-07 19:52:57]MHT:23
[2019-11-07 19:53:00]>>>>>>>>>>>>S:  AA 77 00 BB 69 D0 00 06 04 00 00 00 00 00 
[2019-11-07 19:53:03]>>>>>>>>>>>>S:  AA 77 00 B8 6A D0 00 06 04 00 00 00 00 00 
[2019-11-07 19:53:07]AHT:24
[2019-11-07 19:53:07]MHT:24
[2019-11-07 19:53:07]>>>>>>>>>>>>S:  AA 77 00 BE 6C D0 00 06 04 00 00 00 00 00 
[2019-11-07 19:53:10]>>>>>>>>>>>>S:  AA 77 00 BF 6D D0 00 06 04 00 00 00 00 00 
[2019-11-07 19:53:14]>>>>>>>>>>>>S:  AA 77 00 BC 6E D0 00 06 04 00 00 00 00 00 
[2019-11-07 19:53:17]AHT:25
[2019-11-07 19:53:17]MHT:25
[2019-11-07 19:53:17]>>>>>>>>>>>>S:  AA 77 00 A2 70 D0 00 06 04 00 00 00 00 00 
[2019-11-07 19:53:21]>>>>>>>>>>>>S:  AA 77 00 A3 71 D0 00 06 04 00 00 00 00 00 
[2019-11-07 19:53:24]>>>>>>>>>>>>S:  AA 77 00 A0 72 D0 00 06 04 00 00 00 00 00 
[2019-11-07 19:53:27]AHT:26
[2019-11-07 19:53:27]MHT:26
[2019-11-07 19:53:28]>>>>>>>>>>>>S:  AA 77 00 A6 74 D0 00 06 04 00 00 00 00 00 
[2019-11-07 19:53:31]>>>>>>>>>>>>S:  AA 77 00 A7 75 D0 00 06 04 00 00 00 00 00 
[2019-11-07 19:53:35]>>>>>>>>>>>>S:  AA 77 00 A4 76 D0 00 06 04 00 00 00 00 00 
[2019-11-07 19:53:37]AHT:27
[2019-11-07 19:53:37]MHT:27
[2019-11-07 19:53:38]>>>>>>>>>>>>S:  AA 77 00 AA 78 D0 00 06 04 00 00 00 00 00 
[2019-11-07 19:53:42]>>>>>>>>>>>>S:  AA 77 00 AB 79 D0 00 06 04 00 00 00 00 00 
[2019-11-07 19:53:45]>>>>>>>>>>>>S:  AA 77 00 A8 7A D0 00 06 04 00 00 00 00 00 
[2019-11-07 19:53:47]AHT:28
[2019-11-07 19:53:47]MHT:28
[2019-11-07 19:53:49]>>>>>>>>>>>>S:  AA 77 00 AE 7C D0 00 06 04 00 00 00 00 00 
[2019-11-07 19:53:52]>>>>>>>>>>>>S:  AA 77 00 AF 7D D0 00 06 04 00 00 00 00 00 
[2019-11-07 19:53:55]>>>>>>>>>>>>S:  AA 77 00 AC 7E D0 00 06 04 00 00 00 00 00 
[2019-11-07 19:53:57]AHT:29
[2019-11-07 19:53:57]MHT:29
[2019-11-07 19:53:59]>>>>>>>>>>>>S:  AA 77 00 52 80 D0 00 06 04 00 00 00 00 00 
[2019-11-07 19:54:02]>>>>>>>>>>>>S:  AA 77 00 53 81 D0 00 06 04 00 00 00 00 00 
[2019-11-07 19:54:06]>>>>>>>>>>>>S:  AA 77 00 50 82 D0 00 06 04 00 00 00 00 00 
[2019-11-07 19:54:07]AHT:30
[2019-11-07 19:54:07]MHT:30
[2019-11-07 19:54:09]>>>>>>>>>>>>S:  AA 77 00 56 84 D0 00 06 04 00 00 00 00 00 
[2019-11-07 19:54:13]>>>>>>>>>>>>S:  AA 77 00 57 85 D0 00 06 04 00 00 00 00 00 
[2019-11-07 19:54:15]>>>>>>>>>>>>S:  AA 77 00 54 86 D1 01 02 01 01 
[2019-11-07 19:54:15]>>>>>>>>>>>>S:  AA 77 00 60 87 A0 00 08 8D 07 E3 0B 07 13 36 0F 
[2019-11-07 19:54:17]>>>>>>>>>>>>S:  AA 77 00 5A 88 D0 00 06 04 00 00 00 00 00 
[2019-11-07 19:54:17]AHT:31
[2019-11-07 19:54:17]MHT:31
[2019-11-07 19:54:20]>>>>>>>>>>>>S:  AA 77 00 58 8A D0 00 06 04 00 00 00 00 00 
[2019-11-07 19:54:23]>>>>>>>>>>>>S:  AA 77 00 59 8B D0 00 06 04 00 00 00 00 00 
[2019-11-07 19:54:27]AHT:32
[2019-11-07 19:54:27]MHT:32
[2019-11-07 19:54:27]>>>>>>>>>>>>S:  AA 77 00 5F 8D D0 00 06 04 00 00 00 00 00 
[2019-11-07 19:54:30]>>>>>>>>>>>>S:  AA 77 00 5C 8E D0 00 06 04 00 00 00 00 00 
[2019-11-07 19:54:34]>>>>>>>>>>>>S:  AA 77 00 5D 8F D0 00 06 04 00 00 00 00 00 
[2019-11-07 19:54:37]AHT:33
[2019-11-07 19:54:37]MHT:33
[2019-11-07 19:54:37]>>>>>>>>>>>>S:  AA 77 00 43 91 D0 00 06 04 00 00 00 00 00 
[2019-11-07 19:54:41]>>>>>>>>>>>>S:  AA 77 00 40 92 D0 00 06 04 00 00 00 00 00 
[2019-11-07 19:54:44]>>>>>>>>>>>>S:  AA 77 00 41 93 D0 00 06 04 00 00 00 00 00 
[2019-11-07 19:54:47]AHT:34
[2019-11-07 19:54:47]MHT:34
[2019-11-07 19:54:48]>>>>>>>>>>>>S:  AA 77 00 47 95 D0 00 06 04 00 00 00 00 00 
[2019-11-07 19:54:51]>>>>>>>>>>>>S:  AA 77 00 44 96 D0 00 06 04 00 00 00 00 00 
[2019-11-07 19:54:55]>>>>>>>>>>>>S:  AA 77 00 45 97 D0 00 06 04 00 00 00 00 00 
[2019-11-07 19:54:57]AHT:35
[2019-11-07 19:54:57]MHT:35
[2019-11-07 19:54:58]>>>>>>>>>>>>S:  AA 77 00 4B 99 D0 00 06 04 00 00 00 00 00 
[2019-11-07 19:55:02]>>>>>>>>>>>>S:  AA 77 00 48 9A D0 00 06 04 00 00 00 00 00 
[2019-11-07 19:55:05]>>>>>>>>>>>>S:  AA 77 00 49 9B D0 00 06 04 00 00 00 00 00 
[2019-11-07 19:55:07]AHT:36
[2019-11-07 19:55:07]MHT:36
[2019-11-07 19:55:09]>>>>>>>>>>>>S:  AA 77 00 4F 9D D0 00 06 04 00 00 00 00 00 
[2019-11-07 19:55:12]>>>>>>>>>>>>S:  AA 77 00 4C 9E D0 00 06 04 00 00 00 00 00 
[2019-11-07 19:55:16]>>>>>>>>>>>>S:  AA 77 00 4D 9F D0 00 06 04 00 00 00 00 00 
[2019-11-07 19:55:17]AHT:37
[2019-11-07 19:55:17]MHT:37
[2019-11-07 19:55:19]>>>>>>>>>>>>S:  AA 77 00 73 A1 D0 00 06 04 00 00 00 00 00 
[2019-11-07 19:55:22]>>>>>>>>>>>>S:  AA 77 00 70 A2 D1 01 02 01 01 
[2019-11-07 19:55:22]>>>>>>>>>>>>S:  AA 77 00 5C A3 A0 00 08 8D 07 E3 0B 07 13 37 16 
[2019-11-07 19:55:22]>>>>>>>>>>>>S:  AA 77 00 76 A4 D0 00 06 04 00 00 00 00 00 
[2019-11-07 19:55:26]>>>>>>>>>>>>S:  AA 77 00 77 A5 D0 00 06 04 00 00 00 00 00 
[2019-11-07 19:55:26]AHT:38
[2019-11-07 19:55:26]MHT:38
[2019-11-07 19:55:29]>>>>>>>>>>>>S:  AA 77 00 75 A7 D0 00 06 04 00 00 00 00 00 
[2019-11-07 19:55:33]>>>>>>>>>>>>S:  AA 77 00 7A A8 D0 00 06 04 00 00 00 00 00 
