[1980-01-06 08:00:09]               /\  /\                
[1980-01-06 08:00:09]***************  \/  *****************
[1980-01-06 08:00:09]                                      
[1980-01-06 08:00:09] mcu-service start!!!!                
[1980-01-06 08:00:09] build: Oct 31 2019 14:30:38 
[1980-01-06 08:00:09] build: 06 12 2019 09:13:18           
[1980-01-06 08:00:09]                                      
[1980-01-06 08:00:09]**************************************
[1980-01-06 08:00:09]class McuServiceStubImpl construction
[1980-01-06 08:00:09]McuService registerService Done
[1980-01-06 08:00:09]new VDDataModel()
[1980-01-06 08:00:09]initVehicleData done
[1980-01-06 08:00:09]initPowerData done
[1980-01-06 08:00:09]initAccIgnData done
[1980-01-06 08:00:09]initHandShake done
[1980-01-06 08:00:09]initArmRebootReasonData done
[1980-01-06 08:00:09]iniModeData done
[1980-01-06 08:00:09]iniMfgData done
[1980-01-06 08:00:09]registerPowerDataChangeCb Done
[1980-01-06 08:00:09]registerAccIgnChangeCb Done
[1980-01-06 08:00:09]registerPhoneCallChangeCb Done
[1980-01-06 08:00:09]registerHandShakeChangeCb Done
[1980-01-06 08:00:09]registerModeChangeCb Done
[1980-01-06 08:00:09]class mcuUpgradeServiceStubImpl construction
[1980-01-06 08:00:09]McuUpgradeDataService registerService Done
[1980-01-06 08:00:09]new MCUpdateDataModel()
[1980-01-06 08:00:09]uart:/dev/ttyHSL0,baud:115200
[1980-01-06 08:00:09]autolinkMcuServiceInit -> start
[1980-01-06 08:00:09]wait uart
[1980-01-06 08:00:09]autolinkMcuQemuThread start
[1980-01-06 08:00:09]autolinkMcuServiceThread -> start
[1980-01-06 08:00:09]mcu service use select
[1980-01-06 08:00:09]mcu service thread running
[1980-01-06 08:00:09]autolinkMcuParseDataThread -> start
[1980-01-06 08:00:09]autolinkAckCheckThread -> start
[1980-01-06 08:00:09]autolinkMcuServiceInit -> end
[1980-01-06 08:00:09]new VDDataModelCtrl()
[1980-01-06 08:00:09]VDDataModelCtrl is constructed
[1980-01-06 08:00:12]>>>>>>>>>>>>S:  AA 77 00 23 00 A0 00 02 80 01 
[1980-01-06 08:00:12]try handshake 1 times
[1980-01-06 08:00:15]>>>>>>>>>>>>S:  AA 77 00 22 01 A0 00 02 80 01 
[1980-01-06 08:00:15]try handshake 2 times
[1980-01-06 08:00:18]>>>>>>>>>>>>S:  AA 77 00 21 02 A0 00 02 80 01 
[1980-01-06 08:00:18]try handshake 3 times
[1980-01-06 08:00:21]>>>>>>>>>>>>S:  AA 77 00 20 03 A0 00 02 80 01 
[1980-01-06 08:00:21]try handshake 4 times
[1980-01-06 08:00:24]>>>>>>>>>>>>S:  AA 77 00 27 04 A0 00 02 80 01 
[1980-01-06 08:00:24]try handshake 5 times
[1980-01-06 08:00:27]>>>>>>>>>>>>S:  AA 77 00 26 05 A0 00 02 80 01 
[1980-01-06 08:00:27]try handshake 6 times
[1980-01-06 08:00:30]>>>>>>>>>>>>S:  AA 77 00 25 06 A0 00 02 80 01 
[1980-01-06 08:00:30]try handshake 7 times
[1980-01-06 08:00:33]>>>>>>>>>>>>S:  AA 77 00 24 07 A0 00 02 80 01 
[1980-01-06 08:00:33]try handshake 8 times
[1980-01-06 08:00:36]>>>>>>>>>>>>S:  AA 77 00 2B 08 A0 00 02 80 01 
[1980-01-06 08:00:36]try handshake 9 times
[1980-01-06 08:00:39]>>>>>>>>>>>>S:  AA 77 00 2A 09 A0 00 02 80 01 
[1980-01-06 08:00:39]try handshake 10 times
[1980-01-06 08:00:42]>>>>>>>>>>>>S:  AA 77 00 29 0A A0 00 02 80 01 
[1980-01-06 08:00:42]try handshake 11 times
[1980-01-06 08:00:45]>>>>>>>>>>>>S:  AA 77 00 28 0B A0 00 02 80 01 
[1980-01-06 08:00:45]try handshake 12 times
[1980-01-06 08:00:48]>>>>>>>>>>>>S:  AA 77 00 2F 0C A0 00 02 80 01 
[1980-01-06 08:00:48]try handshake 13 times
[1980-01-06 08:00:51]>>>>>>>>>>>>S:  AA 77 00 2E 0D A0 00 02 80 01 
[1980-01-06 08:00:51]try handshake 14 times
[1980-01-06 08:00:54]>>>>>>>>>>>>S:  AA 77 00 2D 0E A0 00 02 80 01 
[1980-01-06 08:00:54]try handshake 15 times
[1980-01-06 08:00:57]>>>>>>>>>>>>S:  AA 77 00 2C 0F A0 00 02 80 01 
[1980-01-06 08:00:57]try handshake 16 times
[1980-01-06 08:01:00]>>>>>>>>>>>>S:  AA 77 00 33 10 A0 00 02 80 01 
[1980-01-06 08:01:00]try handshake 17 times
[1980-01-06 08:01:03]>>>>>>>>>>>>S:  AA 77 00 32 11 A0 00 02 80 01 
[1980-01-06 08:01:03]try handshake 18 times
[1980-01-06 08:01:06]>>>>>>>>>>>>S:  AA 77 00 31 12 A0 00 02 80 01 
[1980-01-06 08:01:06]try handshake 19 times
[1980-01-06 08:01:09]>>>>>>>>>>>>S:  AA 77 00 30 13 A0 00 02 80 01 
[1980-01-06 08:01:09]try handshake 20 times
[1980-01-06 08:01:12]>>>>>>>>>>>>S:  AA 77 00 37 14 A0 00 02 80 01 
[1980-01-06 08:01:12]try handshake 21 times
[1980-01-06 08:01:15]>>>>>>>>>>>>S:  AA 77 00 36 15 A0 00 02 80 01 
[1980-01-06 08:01:15]try handshake 22 times
[1980-01-06 08:01:18]>>>>>>>>>>>>S:  AA 77 00 35 16 A0 00 02 80 01 
[1980-01-06 08:01:18]try handshake 23 times
[1980-01-06 08:01:21]>>>>>>>>>>>>S:  AA 77 00 34 17 A0 00 02 80 01 
[1980-01-06 08:01:21]try handshake 24 times
