[1980-01-06 08:00:10]               /\  /\                
[1980-01-06 08:00:10]***************  \/  *****************
[1980-01-06 08:00:10]                                      
[1980-01-06 08:00:10] mcu-service start!!!!                
[1980-01-06 08:00:10] build: Oct 31 2019 14:30:38 
[1980-01-06 08:00:10] build: 06 12 2019 09:13:18           
[1980-01-06 08:00:10]                                      
[1980-01-06 08:00:10]**************************************
[1980-01-06 08:00:10]class McuServiceStubImpl construction
[1980-01-06 08:00:10]McuService registerService Done
[1980-01-06 08:00:10]new VDDataModel()
[1980-01-06 08:00:10]initVehicleData done
[1980-01-06 08:00:10]initPowerData done
[1980-01-06 08:00:10]initAccIgnData done
[1980-01-06 08:00:10]initHandShake done
[1980-01-06 08:00:10]initArmRebootReasonData done
[1980-01-06 08:00:10]iniModeData done
[1980-01-06 08:00:10]iniMfgData done
[1980-01-06 08:00:10]registerPowerDataChangeCb Done
[1980-01-06 08:00:10]registerAccIgnChangeCb Done
[1980-01-06 08:00:10]registerPhoneCallChangeCb Done
[1980-01-06 08:00:10]registerHandShakeChangeCb Done
[1980-01-06 08:00:10]registerModeChangeCb Done
[1980-01-06 08:00:10]class mcuUpgradeServiceStubImpl construction
[1980-01-06 08:00:10]McuUpgradeDataService registerService Done
[1980-01-06 08:00:10]new MCUpdateDataModel()
[1980-01-06 08:00:10]uart:/dev/ttyHSL0,baud:115200
[1980-01-06 08:00:10]autolinkMcuServiceInit -> start
[1980-01-06 08:00:10]wait uart
[1980-01-06 08:00:10]autolinkMcuQemuThread start
[1980-01-06 08:00:10]autolinkMcuServiceThread -> start
[1980-01-06 08:00:10]mcu service use select
[1980-01-06 08:00:10]mcu service thread running
[1980-01-06 08:00:10]autolinkMcuParseDataThread -> start
[1980-01-06 08:00:10]autolinkAckCheckThread -> start
[1980-01-06 08:00:10]autolinkMcuServiceInit -> end
[1980-01-06 08:00:10]new VDDataModelCtrl()
[1980-01-06 08:00:10]VDDataModelCtrl is constructed
[1980-01-06 08:00:13]>>>>>>>>>>>>S:  AA 77 00 23 00 A0 00 02 80 01 
[1980-01-06 08:00:13]try handshake 1 times
[1980-01-06 08:00:13]-------------------------------------------
[1980-01-06 08:00:13]             mcu lost sync data 0: 00
[1980-01-06 08:00:13]-------------------------------------------
[1980-01-06 08:00:13]-------------------------------------------
[1980-01-06 08:00:13]             mcu lost sync data 0: 0E
[1980-01-06 08:00:13]-------------------------------------------
[1980-01-06 08:00:13]-------------------------------------------
[1980-01-06 08:00:13]             mcu lost sync data 0: E0
[1980-01-06 08:00:13]-------------------------------------------
[1980-01-06 08:00:13]-------------------------------------------
[1980-01-06 08:00:13]             mcu lost sync data 0: B0
[1980-01-06 08:00:13]-------------------------------------------
[1980-01-06 08:00:13]-------------------------------------------
[1980-01-06 08:00:13]             mcu lost sync data 0: 00
[1980-01-06 08:00:13]-------------------------------------------
[1980-01-06 08:00:13]-------------------------------------------
[1980-01-06 08:00:13]             mcu lost sync data 0: 25
[1980-01-06 08:00:13]-------------------------------------------
[1980-01-06 08:00:13]-------------------------------------------
[1980-01-06 08:00:13]             mcu lost sync data 0: 02
[1980-01-06 08:00:13]-------------------------------------------
[1980-01-06 08:00:13]-------------------------------------------
[1980-01-06 08:00:13]             mcu lost sync data 0: 0D
[1980-01-06 08:00:13]-------------------------------------------
[1980-01-06 08:00:13]-------------------------------------------
[1980-01-06 08:00:13]             mcu lost sync data 0: 0A
[1980-01-06 08:00:13]-------------------------------------------
[1980-01-06 08:00:13]-------------------------------------------
[1980-01-06 08:00:13]             mcu lost sync data 0: 00
[1980-01-06 08:00:13]-------------------------------------------
[1980-01-06 08:00:16]>>>>>>>>>>>>S:  AA 77 00 22 01 A0 00 02 80 01 
[1980-01-06 08:00:16]try handshake 2 times
[1980-01-06 08:00:16]-------------------------------------------
[1980-01-06 08:00:16]             mcu lost sync data 0: 5F
[1980-01-06 08:00:16]-------------------------------------------
[1980-01-06 08:00:16]-------------------------------------------
[1980-01-06 08:00:16]             mcu lost sync data 0: 54
[1980-01-06 08:00:16]-------------------------------------------
[1980-01-06 08:00:16]-------------------------------------------
[1980-01-06 08:00:16]             mcu lost sync data 0: 59
[1980-01-06 08:00:16]-------------------------------------------
[1980-01-06 08:00:16]-------------------------------------------
[1980-01-06 08:00:16]             mcu lost sync data 0: 50
[1980-01-06 08:00:16]-------------------------------------------
[1980-01-06 08:00:16]-------------------------------------------
[1980-01-06 08:00:16]             mcu lost sync data 0: 45
[1980-01-06 08:00:16]-------------------------------------------
[1980-01-06 08:00:16]-------------------------------------------
[1980-01-06 08:00:16]             mcu lost sync data 0: 5F
[1980-01-06 08:00:16]-------------------------------------------
[1980-01-06 08:00:16]-------------------------------------------
[1980-01-06 08:00:16]             mcu lost sync data 0: 52
[1980-01-06 08:00:16]-------------------------------------------
[1980-01-06 08:00:16]-------------------------------------------
[1980-01-06 08:00:16]             mcu lost sync data 0: 45
[1980-01-06 08:00:16]-------------------------------------------
[1980-01-06 08:00:16]-------------------------------------------
[1980-01-06 08:00:16]             mcu lost sync data 0: 53
[1980-01-06 08:00:16]-------------------------------------------
[1980-01-06 08:00:16]-------------------------------------------
[1980-01-06 08:00:16]             mcu lost sync data 0: 45
[1980-01-06 08:00:16]-------------------------------------------
[1980-01-06 08:00:19]>>>>>>>>>>>>S:  AA 77 00 21 02 A0 00 02 80 01 
[1980-01-06 08:00:19]try handshake 3 times
[1980-01-06 08:00:19]-------------------------------------------
[1980-01-06 08:00:19]             mcu lost sync data 0: 54
[1980-01-06 08:00:19]-------------------------------------------
[1980-01-06 08:00:19]-------------------------------------------
[1980-01-06 08:00:19]             mcu lost sync data 0: 5F
[1980-01-06 08:00:19]-------------------------------------------
[1980-01-06 08:00:19]-------------------------------------------
[1980-01-06 08:00:19]             mcu lost sync data 0: 41
[1980-01-06 08:00:19]-------------------------------------------
[1980-01-06 08:00:19]-------------------------------------------
[1980-01-06 08:00:19]             mcu lost sync data 0: 52
[1980-01-06 08:00:19]-------------------------------------------
[1980-01-06 08:00:19]-------------------------------------------
[1980-01-06 08:00:19]             mcu lost sync data 0: 4D
[1980-01-06 08:00:19]-------------------------------------------
[1980-01-06 08:00:19]-------------------------------------------
[1980-01-06 08:00:19]             mcu lost sync data 0: 2E
[1980-01-06 08:00:19]-------------------------------------------
[1980-01-06 08:00:19]-------------------------------------------
[1980-01-06 08:00:19]             mcu lost sync data 0: 0D
[1980-01-06 08:00:19]-------------------------------------------
[1980-01-06 08:00:19]-------------------------------------------
[1980-01-06 08:00:19]             mcu lost sync data 0: 0A
[1980-01-06 08:00:19]-------------------------------------------
[1980-01-06 08:00:19]-------------------------------------------
[1980-01-06 08:00:19]             mcu lost sync data 0: 00
[1980-01-06 08:00:19]-------------------------------------------
[1980-01-06 08:00:19]-------------------------------------------
[1980-01-06 08:00:19]             mcu lost sync data 0: 74
[1980-01-06 08:00:19]-------------------------------------------
[1980-01-06 08:00:22]>>>>>>>>>>>>S:  AA 77 00 20 03 A0 00 02 80 01 
[1980-01-06 08:00:22]try handshake 4 times
[1980-01-06 08:00:22]-------------------------------------------
[1980-01-06 08:00:22]             mcu lost sync data 0: 69
[1980-01-06 08:00:22]-------------------------------------------
[1980-01-06 08:00:22]-------------------------------------------
[1980-01-06 08:00:22]             mcu lost sync data 0: 6D
[1980-01-06 08:00:22]-------------------------------------------
[1980-01-06 08:00:22]-------------------------------------------
[1980-01-06 08:00:22]             mcu lost sync data 0: 65
[1980-01-06 08:00:22]-------------------------------------------
[1980-01-06 08:00:22]-------------------------------------------
[1980-01-06 08:00:22]             mcu lost sync data 0: 72
[1980-01-06 08:00:22]-------------------------------------------
[1980-01-06 08:00:22]-------------------------------------------
[1980-01-06 08:00:22]             mcu lost sync data 0: 6F
[1980-01-06 08:00:22]-------------------------------------------
[1980-01-06 08:00:22]-------------------------------------------
[1980-01-06 08:00:22]             mcu lost sync data 0: 75
[1980-01-06 08:00:22]-------------------------------------------
[1980-01-06 08:00:22]-------------------------------------------
[1980-01-06 08:00:22]             mcu lost sync data 0: 74
[1980-01-06 08:00:22]-------------------------------------------
[1980-01-06 08:00:22]-------------------------------------------
[1980-01-06 08:00:22]             mcu lost sync data 0: 20
[1980-01-06 08:00:22]-------------------------------------------
[1980-01-06 08:00:22]-------------------------------------------
[1980-01-06 08:00:22]             mcu lost sync data 0: 21
[1980-01-06 08:00:22]-------------------------------------------
[1980-01-06 08:00:22]-------------------------------------------
[1980-01-06 08:00:22]             mcu lost sync data 0: 21
[1980-01-06 08:00:22]-------------------------------------------
[1980-01-06 08:00:25]>>>>>>>>>>>>S:  AA 77 00 27 04 A0 00 02 80 01 
[1980-01-06 08:00:25]try handshake 5 times
[1980-01-06 08:00:25]-------------------------------------------
[1980-01-06 08:00:25]             mcu lost sync data 0: 21
[1980-01-06 08:00:25]-------------------------------------------
[1980-01-06 08:00:25]-------------------------------------------
[1980-01-06 08:00:25]             mcu lost sync data 0: 0D
[1980-01-06 08:00:25]-------------------------------------------
[1980-01-06 08:00:25]-------------------------------------------
[1980-01-06 08:00:25]             mcu lost sync data 0: 0A
[1980-01-06 08:00:25]-------------------------------------------
[1980-01-06 08:00:28]>>>>>>>>>>>>S:  AA 77 00 26 05 A0 00 02 80 01 
[1980-01-06 08:00:28]try handshake 6 times
[1980-01-06 08:00:31]>>>>>>>>>>>>S:  AA 77 00 25 06 A0 00 02 80 01 
[1980-01-06 08:00:31]try handshake 7 times
[2019-11-07 19:58:03]>>>>>>>>>>>>S:  AA 77 00 24 07 A0 00 02 80 01 
[2019-11-07 19:58:03]try handshake 8 times
[2019-11-07 17:03:56]>>>>>>>>>>>>S:  AA 77 00 2B 08 A0 00 02 80 01 
[2019-11-07 17:03:56]try handshake 9 times
[2019-11-07 17:03:59]>>>>>>>>>>>>S:  AA 77 00 2A 09 A0 00 02 80 01 
[2019-11-07 17:03:59]try handshake 10 times
[2019-11-07 17:04:02]>>>>>>>>>>>>S:  AA 77 00 29 0A A0 00 02 80 01 
[2019-11-07 17:04:02]try handshake 11 times
[2019-11-07 17:04:05]>>>>>>>>>>>>S:  AA 77 00 28 0B A0 00 02 80 01 
[2019-11-07 17:04:05]try handshake 12 times
[2019-11-07 17:04:08]>>>>>>>>>>>>S:  AA 77 00 2F 0C A0 00 02 80 01 
[2019-11-07 17:04:08]try handshake 13 times
[2019-11-07 17:04:11]>>>>>>>>>>>>S:  AA 77 00 2E 0D A0 00 02 80 01 
[2019-11-07 17:04:11]try handshake 14 times
[2019-11-07 17:04:14]>>>>>>>>>>>>S:  AA 77 00 2D 0E A0 00 02 80 01 
[2019-11-07 17:04:14]try handshake 15 times
[2019-11-07 17:04:17]>>>>>>>>>>>>S:  AA 77 00 2C 0F A0 00 02 80 01 
[2019-11-07 17:04:17]try handshake 16 times
[2019-11-07 17:04:19]-------------------------------------------
[2019-11-07 17:04:19]             mcu lost sync data 0: 06
[2019-11-07 17:04:19]-------------------------------------------
[2019-11-07 17:04:20]>>>>>>>>>>>>S:  AA 77 00 33 10 A0 00 02 80 01 
[2019-11-07 17:04:20]try handshake 17 times
[2019-11-07 17:04:20]handshake successful
[2019-11-07 17:04:20]MHT:38
[2019-11-07 17:04:20]ACC OFF
[2019-11-07 17:04:20]MCU MODE_UNKNOWN
[2019-11-07 17:04:20]MCU Version: mcu_L_DFSK_F516-19_1.0.1_191031
[2019-11-07 17:04:20]CAN Version: can_v2.0L_516-19
[2019-11-07 17:04:20]PowerData: 00 00 02 00 00 
[2019-11-07 17:04:21]pdid: DFSK0001000200261910160001000010
[2019-11-07 17:04:21]vin:12345T0703T000110
[2019-11-07 17:04:21]>>>>>>>>>>>>S:  AA 77 00 FF 11 D0 01 15 2E 38 39 38 36 30 39 31 38 37 30 30 30 30 39 32 32 31 30 32 36 
[2019-11-07 17:04:21]>>>>>>>>>>>>S:  AA 77 00 CC 12 D0 01 10 2F 34 36 30 30 39 36 30 39 30 37 32 32 31 30 32 
[2019-11-07 17:04:21]>>>>>>>>>>>>S:  AA 77 00 DA 13 D0 01 10 33 38 36 32 30 31 35 30 33 37 35 31 31 37 32 37 
[2019-11-07 17:04:21]Mcu init data end
[2019-11-07 17:04:21]>>>>>>>>>>>>S:  AA 77 00 C6 14 D0 00 06 04 00 00 00 00 00 
[2019-11-07 17:04:21]>>>>>>>>>>>>S:  AA 77 00 D8 15 A0 00 08 8D 07 E3 0B 07 11 04 15 
[2019-11-07 17:04:21]AHT:0
[2019-11-07 17:04:21]MHT:0
[2019-11-07 17:04:24]>>>>>>>>>>>>S:  AA 77 00 C5 17 D0 00 06 04 00 00 00 00 00 
[2019-11-07 17:04:28]>>>>>>>>>>>>S:  AA 77 00 CA 18 D0 00 06 04 00 00 00 00 00 
[2019-11-07 17:04:31]>>>>>>>>>>>>S:  AA 77 00 CB 19 D0 00 06 04 00 00 00 00 00 
[2019-11-07 17:04:31]AHT:1
[2019-11-07 17:04:31]MHT:1
[2019-11-07 17:04:35]>>>>>>>>>>>>S:  AA 77 00 C9 1B D0 00 06 04 00 00 00 00 00 
[2019-11-07 17:04:38]>>>>>>>>>>>>S:  AA 77 00 CE 1C D0 00 06 04 00 00 00 00 00 
[2019-11-07 17:04:41]AHT:2
[2019-11-07 17:04:41]MHT:2
[2019-11-07 17:04:41]>>>>>>>>>>>>S:  AA 77 00 CC 1E D0 00 06 04 00 00 00 00 00 
[2019-11-07 17:04:45]>>>>>>>>>>>>S:  AA 77 00 CD 1F D0 00 06 04 00 00 00 00 00 
[2019-11-07 17:04:48]>>>>>>>>>>>>S:  AA 77 00 F2 20 D0 00 06 04 00 00 00 00 00 
[2019-11-07 17:04:51]>>>>>>>>>>>>S:  AA 77 00 F0 21 D1 01 02 02 01 
[2019-11-07 17:04:51]AHT:3
[2019-11-07 17:04:52]>>>>>>>>>>>>S:  AA 77 00 F1 23 D0 00 06 04 00 00 00 00 00 
[2019-11-07 17:04:54]MHT:3
[2019-11-07 17:04:55]>>>>>>>>>>>>S:  AA 77 00 F6 24 D0 00 06 04 00 00 00 00 00 
[2019-11-07 17:04:59]>>>>>>>>>>>>S:  AA 77 00 F7 25 D0 00 06 04 00 00 00 00 00 
[2019-11-07 17:05:01]AHT:4
[2019-11-07 17:05:01]MHT:4
[2019-11-07 17:05:02]>>>>>>>>>>>>S:  AA 77 00 F5 27 D0 00 06 04 00 00 00 00 00 
[2019-11-07 17:05:06]>>>>>>>>>>>>S:  AA 77 00 FA 28 D0 00 06 04 00 00 00 00 00 
[2019-11-07 17:05:09]>>>>>>>>>>>>S:  AA 77 00 FB 29 D0 00 06 04 00 00 00 00 00 
[2019-11-07 17:05:11]AHT:5
[2019-11-07 17:05:11]MHT:5
[2019-11-07 17:05:13]>>>>>>>>>>>>S:  AA 77 00 F9 2B D0 00 06 04 00 00 00 00 00 
[2019-11-07 17:05:16]>>>>>>>>>>>>S:  AA 77 00 FE 2C D0 00 06 04 00 00 00 00 00 
[2019-11-07 17:05:20]>>>>>>>>>>>>S:  AA 77 00 FF 2D D0 00 06 04 00 00 00 00 00 
[2019-11-07 17:05:21]AHT:6
[2019-11-07 17:05:21]MHT:6
[2019-11-07 17:05:23]>>>>>>>>>>>>S:  AA 77 00 FD 2F D0 00 06 04 00 00 00 00 00 
[2019-11-07 17:05:27]>>>>>>>>>>>>S:  AA 77 00 E2 30 D0 00 06 04 00 00 00 00 00 
[2019-11-07 17:05:30]>>>>>>>>>>>>S:  AA 77 00 E3 31 D0 00 06 04 00 00 00 00 00 
[2019-11-07 17:05:31]AHT:7
[2019-11-07 17:05:31]MHT:7
[2019-11-07 17:05:34]>>>>>>>>>>>>S:  AA 77 00 E1 33 D0 00 06 04 00 00 00 00 00 
[2019-11-07 17:05:37]>>>>>>>>>>>>S:  AA 77 00 E6 34 D0 00 06 04 00 00 00 00 00 
[2019-11-07 17:05:41]>>>>>>>>>>>>S:  AA 77 00 E7 35 D0 00 06 04 00 00 00 00 00 
[2019-11-07 17:05:41]AHT:8
[2019-11-07 17:05:41]MHT:8
[2019-11-07 17:05:44]>>>>>>>>>>>>S:  AA 77 00 E5 37 D0 00 06 04 00 00 00 00 00 
[2019-11-07 17:05:47]>>>>>>>>>>>>S:  AA 77 00 EA 38 D0 00 06 04 00 00 00 00 00 
[2019-11-07 17:05:51]>>>>>>>>>>>>S:  AA 77 00 EB 39 D0 00 06 04 00 00 00 00 00 
[2019-11-07 17:05:51]AHT:9
[2019-11-07 17:05:51]MHT:9
[2019-11-07 17:05:54]>>>>>>>>>>>>S:  AA 77 00 E9 3B D0 00 06 04 00 00 00 00 00 
[2019-11-07 17:05:58]>>>>>>>>>>>>S:  AA 77 00 EE 3C D0 00 06 04 00 00 00 00 00 
[2019-11-07 17:06:01]>>>>>>>>>>>>S:  AA 77 00 EF 3D D0 00 06 04 00 00 00 00 00 
[2019-11-07 17:06:01]AHT:10
[2019-11-07 17:06:01]MHT:10
[2019-11-07 17:06:05]>>>>>>>>>>>>S:  AA 77 00 ED 3F D0 00 06 04 00 00 00 00 00 
[2019-11-07 17:06:08]>>>>>>>>>>>>S:  AA 77 00 92 40 D0 00 06 04 00 00 00 00 00 
[2019-11-07 17:06:11]AHT:11
[2019-11-07 17:06:11]MHT:11
[2019-11-07 17:06:12]>>>>>>>>>>>>S:  AA 77 00 90 42 D0 00 06 04 00 00 00 00 00 
[2019-11-07 17:06:15]>>>>>>>>>>>>S:  AA 77 00 91 43 D0 00 06 04 00 00 00 00 00 
[2019-11-07 17:06:19]>>>>>>>>>>>>S:  AA 77 00 96 44 D0 00 06 04 00 00 00 00 00 
[2019-11-07 17:06:21]AHT:12
[2019-11-07 17:06:21]MHT:12
[2019-11-07 17:06:22]>>>>>>>>>>>>S:  AA 77 00 94 46 D0 00 06 04 00 00 00 00 00 
[2019-11-07 17:06:26]>>>>>>>>>>>>S:  AA 77 00 95 47 D0 00 06 04 00 00 00 00 00 
[2019-11-07 17:06:29]>>>>>>>>>>>>S:  AA 77 00 9A 48 D0 00 06 04 00 00 00 00 00 
[2019-11-07 17:06:31]AHT:13
[2019-11-07 17:06:32]MHT:13
[2019-11-07 17:06:33]>>>>>>>>>>>>S:  AA 77 00 98 4A D0 00 06 04 00 00 00 00 00 
[2019-11-07 17:06:36]>>>>>>>>>>>>S:  AA 77 00 99 4B D0 00 06 04 00 00 00 00 00 
[2019-11-07 17:06:40]>>>>>>>>>>>>S:  AA 77 00 9E 4C D0 00 06 04 00 00 00 00 00 
[2019-11-07 17:06:41]AHT:14
[2019-11-07 17:06:42]MHT:14
[2019-11-07 17:06:43]>>>>>>>>>>>>S:  AA 77 00 9C 4E D0 00 06 04 00 00 00 00 00 
[2019-11-07 17:06:47]>>>>>>>>>>>>S:  AA 77 00 9D 4F D0 00 06 04 00 00 00 00 00 
[2019-11-07 17:06:50]>>>>>>>>>>>>S:  AA 77 00 82 50 D0 00 06 04 00 00 00 00 00 
[2019-11-07 17:06:52]AHT:15
[2019-11-07 17:06:52]MHT:15
[2019-11-07 17:06:53]>>>>>>>>>>>>S:  AA 77 00 80 52 D0 00 06 04 00 00 00 00 00 
[2019-11-07 17:06:57]>>>>>>>>>>>>S:  AA 77 00 81 53 D0 00 06 04 00 00 00 00 00 
[2019-11-07 17:07:00]>>>>>>>>>>>>S:  AA 77 00 86 54 D0 00 06 04 00 00 00 00 00 
[2019-11-07 17:07:02]AHT:16
[2019-11-07 17:07:02]MHT:16
[2019-11-07 17:07:04]>>>>>>>>>>>>S:  AA 77 00 84 56 D0 00 06 04 00 00 00 00 00 
[2019-11-07 17:07:07]>>>>>>>>>>>>S:  AA 77 00 85 57 D0 00 06 04 00 00 00 00 00 
[2019-11-07 17:07:11]>>>>>>>>>>>>S:  AA 77 00 8A 58 D0 00 06 04 00 00 00 00 00 
[2019-11-07 17:07:12]AHT:17
[2019-11-07 17:07:12]MHT:17
[2019-11-07 17:07:14]>>>>>>>>>>>>S:  AA 77 00 88 5A D0 00 06 04 00 00 00 00 00 
[2019-11-07 17:07:16]>>>>>>>>>>>>S:  AA 77 00 72 5B D0 01 03 05 FF 01 
[2019-11-07 17:07:18]>>>>>>>>>>>>S:  AA 77 00 8E 5C D0 00 06 04 00 00 00 00 00 
[2019-11-07 17:07:21]>>>>>>>>>>>>S:  AA 77 00 8F 5D D0 00 06 04 00 00 00 00 00 
[2019-11-07 17:07:22]AHT:18
[2019-11-07 17:07:22]MHT:18
[2019-11-07 17:07:22]>>>>>>>>>>>>S:  AA 77 00 8E 5F D1 01 02 02 01 
[2019-11-07 17:07:25]>>>>>>>>>>>>S:  AA 77 00 B2 60 D0 00 06 04 00 00 00 00 00 
[2019-11-07 17:07:28]>>>>>>>>>>>>S:  AA 77 00 B3 61 D0 00 06 04 00 00 00 00 00 
[2019-11-07 17:07:32]AHT:19
[2019-11-07 17:07:32]MHT:19
[2019-11-07 17:07:32]>>>>>>>>>>>>S:  AA 77 00 B1 63 D0 00 06 04 00 00 00 00 00 
[2019-11-07 17:07:36]>>>>>>>>>>>>S:  AA 77 00 B6 64 D0 00 06 04 00 00 00 00 00 
[2019-11-07 17:07:39]>>>>>>>>>>>>S:  AA 77 00 B7 65 D0 00 06 04 00 00 00 00 00 
[2019-11-07 17:07:42]AHT:20
[2019-11-07 17:07:42]MHT:20
[2019-11-07 17:07:43]>>>>>>>>>>>>S:  AA 77 00 B5 67 D0 00 06 04 00 00 00 00 00 
[2019-11-07 17:07:46]>>>>>>>>>>>>S:  AA 77 00 BA 68 D0 00 06 04 00 00 00 00 00 
[2019-11-07 17:07:50]>>>>>>>>>>>>S:  AA 77 00 BB 69 D0 00 06 04 00 00 00 00 00 
[2019-11-07 17:07:52]AHT:21
[2019-11-07 17:07:52]MHT:21
[2019-11-07 17:07:53]>>>>>>>>>>>>S:  AA 77 00 B9 6B D0 00 06 04 00 00 00 00 00 
[2019-11-07 17:07:57]>>>>>>>>>>>>S:  AA 77 00 BE 6C D0 00 06 04 00 00 00 00 00 
[2019-11-07 17:08:00]>>>>>>>>>>>>S:  AA 77 00 BF 6D D0 00 06 04 00 00 00 00 00 
[2019-11-07 17:08:02]AHT:22
[2019-11-07 17:08:02]MHT:22
[2019-11-07 17:08:02]>>>>>>>>>>>>S:  AA 77 00 45 6F D0 01 03 05 FF 02 
[2019-11-07 17:08:04]>>>>>>>>>>>>S:  AA 77 00 A2 70 D0 00 06 04 00 00 00 00 00 
[2019-11-07 17:08:07]>>>>>>>>>>>>S:  AA 77 00 A3 71 D0 00 06 04 00 00 00 00 00 
[2019-11-07 17:08:11]>>>>>>>>>>>>S:  AA 77 00 A0 72 D0 00 06 04 00 00 00 00 00 
[2019-11-07 17:08:11]>>>>>>>>>>>>S:  AA 77 00 5A 73 D0 01 03 05 FF 01 
[2019-11-07 17:08:12]AHT:23
[2019-11-07 17:08:12]MHT:23
[2019-11-07 17:08:14]>>>>>>>>>>>>S:  AA 77 00 A7 75 D0 00 06 04 00 00 00 00 00 
[2019-11-07 17:08:18]>>>>>>>>>>>>S:  AA 77 00 A4 76 D0 00 06 04 00 00 00 00 00 
[2019-11-07 17:08:21]>>>>>>>>>>>>S:  AA 77 00 A5 77 D0 00 06 04 00 00 00 00 00 
[2019-11-07 17:08:22]AHT:24
[2019-11-07 17:08:22]MHT:24
[2019-11-07 17:08:25]>>>>>>>>>>>>S:  AA 77 00 AB 79 D0 00 06 04 00 00 00 00 00 
[2019-11-07 17:08:28]>>>>>>>>>>>>S:  AA 77 00 A8 7A D0 00 06 04 00 00 00 00 00 
[2019-11-07 17:08:30]>>>>>>>>>>>>S:  AA 77 00 51 7B D0 01 03 05 FF 02 
[2019-11-07 17:08:31]>>>>>>>>>>>>S:  AA 77 00 56 7C D0 01 03 05 FF 02 
[2019-11-07 17:08:32]AHT:25
[2019-11-07 17:08:32]MHT:25
[2019-11-07 17:08:32]>>>>>>>>>>>>S:  AA 77 00 AC 7E D0 00 06 04 00 00 00 00 00 
[2019-11-07 17:08:35]>>>>>>>>>>>>S:  AA 77 00 56 7F D0 01 03 05 FF 01 
[2019-11-07 17:08:36]>>>>>>>>>>>>S:  AA 77 00 52 80 D0 00 06 04 00 00 00 00 00 
[2019-11-07 17:08:39]>>>>>>>>>>>>S:  AA 77 00 53 81 D0 00 06 04 00 00 00 00 00 
[2019-11-07 17:08:41]>>>>>>>>>>>>S:  AA 77 00 A8 82 D0 01 03 05 FF 02 
[2019-11-07 17:08:42]AHT:26
[2019-11-07 17:08:42]MHT:26
[2019-11-07 17:08:43]>>>>>>>>>>>>S:  AA 77 00 56 84 D0 00 06 04 00 00 00 00 00 
[2019-11-07 17:08:46]>>>>>>>>>>>>S:  AA 77 00 57 85 D0 00 06 04 00 00 00 00 00 
[2019-11-07 17:08:50]>>>>>>>>>>>>S:  AA 77 00 54 86 D0 00 06 04 00 00 00 00 00 
[2019-11-07 17:08:52]AHT:27
[2019-11-07 17:08:52]MHT:27
[2019-11-07 17:08:53]>>>>>>>>>>>>S:  AA 77 00 5A 88 D0 00 06 04 00 00 00 00 00 
[2019-11-07 17:08:57]>>>>>>>>>>>>S:  AA 77 00 5B 89 D0 00 06 04 00 00 00 00 00 
[2019-11-07 17:08:59]>>>>>>>>>>>>S:  AA 77 00 5B 8A D1 01 02 02 01 
[2019-11-07 17:09:00]>>>>>>>>>>>>S:  AA 77 00 59 8B D0 00 06 04 00 00 00 00 00 
[2019-11-07 17:09:00]-------------------------------------------
[2019-11-07 17:09:00]             mcu lost sync data 0: 77
[2019-11-07 17:09:00]-------------------------------------------
[2019-11-07 17:09:00]-------------------------------------------
[2019-11-07 17:09:00]              mcu lost sync data 1: 00
[2019-11-07 17:09:00]-------------------------------------------
[2019-11-07 17:09:00]-------------------------------------------
[2019-11-07 17:09:00]             mcu lost sync data 0: EE
[2019-11-07 17:09:00]-------------------------------------------
[2019-11-07 17:09:00]-------------------------------------------
[2019-11-07 17:09:00]             mcu lost sync data 0: ED
[2019-11-07 17:09:00]-------------------------------------------
[2019-11-07 17:09:00]-------------------------------------------
[2019-11-07 17:09:00]             mcu lost sync data 0: D0
[2019-11-07 17:09:00]-------------------------------------------
[2019-11-07 17:09:00]-------------------------------------------
[2019-11-07 17:09:00]             mcu lost sync data 0: 00
[2019-11-07 17:09:00]-------------------------------------------
[2019-11-07 17:09:00]-------------------------------------------
[2019-11-07 17:09:00]             mcu lost sync data 0: 06
[2019-11-07 17:09:00]-------------------------------------------
[2019-11-07 17:09:00]-------------------------------------------
[2019-11-07 17:09:00]             mcu lost sync data 0: 05
[2019-11-07 17:09:00]-------------------------------------------
[2019-11-07 17:09:00]-------------------------------------------
[2019-11-07 17:09:00]             mcu lost sync data 0: 02
[2019-11-07 17:09:00]-------------------------------------------
[2019-11-07 17:09:00]-------------------------------------------
[2019-11-07 17:09:00]             mcu lost sync data 0: 02
[2019-11-07 17:09:00]-------------------------------------------
[2019-11-07 17:09:00]-------------------------------------------
[2019-11-07 17:09:00]             mcu lost sync data 0: FF
[2019-11-07 17:09:00]-------------------------------------------
[2019-11-07 17:09:00]-------------------------------------------
[2019-11-07 17:09:00]             mcu lost sync data 0: 03
[2019-11-07 17:09:00]-------------------------------------------
[2019-11-07 17:09:00]-------------------------------------------
[2019-11-07 17:09:00]             mcu lost sync data 0: 2C
[2019-11-07 17:09:00]-------------------------------------------
[2019-11-07 17:09:02]AHT:28
[2019-11-07 17:09:02]MHT:28
[2019-11-07 17:09:04]>>>>>>>>>>>>S:  AA 77 00 5F 8D D0 00 06 04 00 00 00 00 00 
[2019-11-07 17:09:07]>>>>>>>>>>>>S:  AA 77 00 5C 8E D0 00 06 04 00 00 00 00 00 
[2019-11-07 17:09:11]>>>>>>>>>>>>S:  AA 77 00 5D 8F D0 00 06 04 00 00 00 00 00 
[2019-11-07 17:09:12]AHT:29
[2019-11-07 17:09:12]MHT:29
[2019-11-07 17:09:14]>>>>>>>>>>>>S:  AA 77 00 43 91 D0 00 06 04 00 00 00 00 00 
[2019-11-07 17:09:18]>>>>>>>>>>>>S:  AA 77 00 40 92 D0 00 06 04 00 00 00 00 00 
[2019-11-07 17:09:21]>>>>>>>>>>>>S:  AA 77 00 41 93 D0 00 06 04 00 00 00 00 00 
[2019-11-07 17:09:22]AHT:30
[2019-11-07 17:09:22]MHT:30
[2019-11-07 17:09:25]>>>>>>>>>>>>S:  AA 77 00 47 95 D0 00 06 04 00 00 00 00 00 
[2019-11-07 17:09:28]>>>>>>>>>>>>S:  AA 77 00 44 96 D0 00 06 04 00 00 00 00 00 
[2019-11-07 17:09:32]AHT:31
[2019-11-07 17:09:32]MHT:31
[2019-11-07 17:09:32]>>>>>>>>>>>>S:  AA 77 00 4A 98 D0 00 06 04 00 00 00 00 00 
[2019-11-07 17:09:35]>>>>>>>>>>>>S:  AA 77 00 4B 99 D0 00 06 04 00 00 00 00 00 
[2019-11-07 17:09:39]>>>>>>>>>>>>S:  AA 77 00 48 9A D0 00 06 04 00 00 00 00 00 
[2019-11-07 17:09:42]AHT:32
[2019-11-07 17:09:42]MHT:32
[2019-11-07 17:09:42]>>>>>>>>>>>>S:  AA 77 00 4E 9C D0 00 06 04 00 00 00 00 00 
[2019-11-07 17:09:46]>>>>>>>>>>>>S:  AA 77 00 4F 9D D0 00 06 04 00 00 00 00 00 
[2019-11-07 17:09:49]>>>>>>>>>>>>S:  AA 77 00 4C 9E D0 00 06 04 00 00 00 00 00 
[2019-11-07 17:09:52]AHT:33
[2019-11-07 17:09:52]MHT:33
[2019-11-07 17:09:53]>>>>>>>>>>>>S:  AA 77 00 72 A0 D0 00 06 04 00 00 00 00 00 
[2019-11-07 17:09:56]>>>>>>>>>>>>S:  AA 77 00 73 A1 D0 00 06 04 00 00 00 00 00 
[2019-11-07 17:10:00]>>>>>>>>>>>>S:  AA 77 00 70 A2 D0 00 06 04 00 00 00 00 00 
[2019-11-07 17:10:02]AHT:34
[2019-11-07 17:10:02]MHT:34
[2019-11-07 17:10:03]>>>>>>>>>>>>S:  AA 77 00 76 A4 D0 00 06 04 00 00 00 00 00 
[2019-11-07 17:10:07]>>>>>>>>>>>>S:  AA 77 00 77 A5 D0 00 06 04 00 00 00 00 00 
[2019-11-07 17:10:10]>>>>>>>>>>>>S:  AA 77 00 74 A6 D0 00 06 04 00 00 00 00 00 
[2019-11-07 17:10:12]AHT:35
[2019-11-07 17:10:12]MHT:35
[2019-11-07 17:10:14]>>>>>>>>>>>>S:  AA 77 00 7A A8 D0 00 06 04 00 00 00 00 00 
[2019-11-07 17:10:17]>>>>>>>>>>>>S:  AA 77 00 7B A9 D0 00 06 04 00 00 00 00 00 
[2019-11-07 17:10:21]>>>>>>>>>>>>S:  AA 77 00 78 AA D0 00 06 04 00 00 00 00 00 
[2019-11-07 17:10:22]AHT:36
[2019-11-07 17:10:22]MHT:36
[2019-11-07 17:10:24]>>>>>>>>>>>>S:  AA 77 00 7E AC D0 00 06 04 00 00 00 00 00 
[2019-11-07 17:10:28]>>>>>>>>>>>>S:  AA 77 00 7F AD D0 00 06 04 00 00 00 00 00 
[2019-11-07 17:10:31]>>>>>>>>>>>>S:  AA 77 00 7C AE D0 00 06 04 00 00 00 00 00 
[2019-11-07 17:10:32]AHT:37
[2019-11-07 17:10:32]MHT:37
[2019-11-07 17:10:34]>>>>>>>>>>>>S:  AA 77 00 62 B0 D0 00 06 04 00 00 00 00 00 
[2019-11-07 17:10:36]>>>>>>>>>>>>S:  AA 77 00 63 B1 D1 01 02 01 01 
[2019-11-07 17:10:19]>>>>>>>>>>>>S:  AA 77 00 60 B2 D1 01 02 01 01 
[2019-11-07 17:10:19]>>>>>>>>>>>>S:  AA 77 00 76 B3 A0 00 08 8D 07 E3 0B 07 11 0A 13 
[2019-11-07 17:10:19]>>>>>>>>>>>>S:  AA 77 00 66 B4 D0 00 06 04 00 00 00 00 00 
[2019-11-07 17:10:19]>>>>>>>>>>>>S:  AA 77 00 64 B5 D1 01 02 02 01 
[2019-11-07 17:10:22]>>>>>>>>>>>>S:  AA 77 00 64 B6 D0 00 06 04 00 00 00 00 00 
[2019-11-07 17:10:22]AHT:38
[2019-11-07 17:10:23]MHT:38
[2019-11-07 17:10:26]>>>>>>>>>>>>S:  AA 77 00 6A B8 D0 00 06 04 00 00 00 00 00 
[2019-11-07 17:10:29]>>>>>>>>>>>>S:  AA 77 00 6B B9 D0 00 06 04 00 00 00 00 00 
[2019-11-07 17:10:33]AHT:39
[2019-11-07 17:10:33]MHT:39
[2019-11-07 17:10:33]>>>>>>>>>>>>S:  AA 77 00 69 BB D0 00 06 04 00 00 00 00 00 
[2019-11-07 17:10:36]>>>>>>>>>>>>S:  AA 77 00 6E BC D0 00 06 04 00 00 00 00 00 
[2019-11-07 17:10:40]>>>>>>>>>>>>S:  AA 77 00 6F BD D0 00 06 04 00 00 00 00 00 
[2019-11-07 17:10:43]AHT:40
[2019-11-07 17:10:43]MHT:40
[2019-11-07 17:10:43]>>>>>>>>>>>>S:  AA 77 00 6D BF D0 00 06 04 00 00 00 00 00 
[2019-11-07 17:10:47]>>>>>>>>>>>>S:  AA 77 00 12 C0 D0 00 06 04 00 00 00 00 00 
[2019-11-07 17:10:50]>>>>>>>>>>>>S:  AA 77 00 13 C1 D0 00 06 04 00 00 00 00 00 
[2019-11-07 17:10:53]AHT:41
[2019-11-07 17:10:53]MHT:41
[2019-11-07 17:10:54]>>>>>>>>>>>>S:  AA 77 00 11 C3 D0 00 06 04 00 00 00 00 00 
[2019-11-07 17:10:57]>>>>>>>>>>>>S:  AA 77 00 16 C4 D0 00 06 04 00 00 00 00 00 
[2019-11-07 17:11:01]>>>>>>>>>>>>S:  AA 77 00 17 C5 D0 00 06 04 00 00 00 00 00 
[2019-11-07 17:11:03]AHT:42
[2019-11-07 17:11:03]MHT:42
[2019-11-07 17:11:04]>>>>>>>>>>>>S:  AA 77 00 15 C7 D0 00 06 04 00 00 00 00 00 
[2019-11-07 17:11:08]>>>>>>>>>>>>S:  AA 77 00 1A C8 D0 00 06 04 00 00 00 00 00 
[2019-11-07 17:11:11]>>>>>>>>>>>>S:  AA 77 00 1B C9 D0 00 06 04 00 00 00 00 00 
[2019-11-07 17:11:11]>>>>>>>>>>>>S:  AA 77 00 1B CA D1 01 02 02 01 
[2019-11-07 17:11:13]AHT:43
[2019-11-07 17:11:13]MHT:43
[2019-11-07 17:11:15]>>>>>>>>>>>>S:  AA 77 00 1E CC D0 00 06 04 00 00 00 00 00 
[2019-11-07 17:11:18]>>>>>>>>>>>>S:  AA 77 00 1F CD D0 00 06 04 00 00 00 00 00 
[2019-11-07 17:11:22]>>>>>>>>>>>>S:  AA 77 00 1C CE D0 00 06 04 00 00 00 00 00 
[2019-11-07 17:11:23]AHT:44
[2019-11-07 17:11:23]MHT:44
[2019-11-07 17:11:25]>>>>>>>>>>>>S:  AA 77 00 02 D0 D0 00 06 04 00 00 00 00 00 
[2019-11-07 17:11:29]>>>>>>>>>>>>S:  AA 77 00 03 D1 D0 00 06 04 00 00 00 00 00 
[2019-11-07 17:11:32]>>>>>>>>>>>>S:  AA 77 00 00 D2 D0 00 06 04 00 00 00 00 00 
[2019-11-07 17:11:33]AHT:45
[2019-11-07 17:11:33]MHT:45
[2019-11-07 17:11:36]>>>>>>>>>>>>S:  AA 77 00 06 D4 D0 00 06 04 00 00 00 00 00 
[2019-11-07 17:11:39]>>>>>>>>>>>>S:  AA 77 00 07 D5 D0 00 06 04 00 00 00 00 00 
[2019-11-07 17:11:43]AHT:46
[2019-11-07 17:11:43]MHT:46
[2019-11-07 17:11:43]>>>>>>>>>>>>S:  AA 77 00 05 D7 D0 00 06 04 00 00 00 00 00 
[2019-11-07 17:11:46]>>>>>>>>>>>>S:  AA 77 00 0A D8 D0 00 06 04 00 00 00 00 00 
[2019-11-07 17:11:50]>>>>>>>>>>>>S:  AA 77 00 0B D9 D0 00 06 04 00 00 00 00 00 
[2019-11-07 17:11:53]AHT:47
[2019-11-07 17:11:53]MHT:47
[2019-11-07 17:11:53]>>>>>>>>>>>>S:  AA 77 00 09 DB D0 00 06 04 00 00 00 00 00 
[2019-11-07 17:11:57]>>>>>>>>>>>>S:  AA 77 00 0E DC D0 00 06 04 00 00 00 00 00 
[2019-11-07 17:12:00]>>>>>>>>>>>>S:  AA 77 00 0F DD D0 00 06 04 00 00 00 00 00 
[2019-11-07 17:12:03]AHT:48
[2019-11-07 17:12:03]MHT:48
[2019-11-07 17:12:03]>>>>>>>>>>>>S:  AA 77 00 0D DF D0 00 06 04 00 00 00 00 00 
[2019-11-07 17:12:07]>>>>>>>>>>>>S:  AA 77 00 32 E0 D0 00 06 04 00 00 00 00 00 
[2019-11-07 17:12:10]>>>>>>>>>>>>S:  AA 77 00 33 E1 D0 00 06 04 00 00 00 00 00 
[2019-11-07 17:12:13]AHT:49
[2019-11-07 17:12:13]MHT:49
[2019-11-07 17:12:14]>>>>>>>>>>>>S:  AA 77 00 31 E3 D0 00 06 04 00 00 00 00 00 
[2019-11-07 17:12:17]>>>>>>>>>>>>S:  AA 77 00 36 E4 D0 00 06 04 00 00 00 00 00 
[2019-11-07 17:12:21]>>>>>>>>>>>>S:  AA 77 00 37 E5 D0 00 06 04 00 00 00 00 00 
[2019-11-07 17:12:23]AHT:50
[2019-11-07 17:12:23]MHT:50
[2019-11-07 17:12:24]>>>>>>>>>>>>S:  AA 77 00 35 E7 D0 00 06 04 00 00 00 00 00 
[2019-11-07 17:12:28]>>>>>>>>>>>>S:  AA 77 00 3A E8 D0 00 06 04 00 00 00 00 00 
[2019-11-07 17:12:31]>>>>>>>>>>>>S:  AA 77 00 3B E9 D0 00 06 04 00 00 00 00 00 
[2019-11-07 17:12:33]AHT:51
[2019-11-07 17:12:33]MHT:51
[2019-11-07 17:12:35]>>>>>>>>>>>>S:  AA 77 00 39 EB D0 00 06 04 00 00 00 00 00 
[2019-11-07 17:12:38]>>>>>>>>>>>>S:  AA 77 00 3E EC D0 00 06 04 00 00 00 00 00 
[2019-11-07 17:12:42]>>>>>>>>>>>>S:  AA 77 00 3F ED D0 00 06 04 00 00 00 00 00 
[2019-11-07 17:12:43]AHT:52
[2019-11-07 17:12:43]MHT:52
[2019-11-07 17:12:45]>>>>>>>>>>>>S:  AA 77 00 3D EF D0 00 06 04 00 00 00 00 00 
[2019-11-07 17:12:47]>>>>>>>>>>>>S:  AA 77 00 21 F0 D1 01 02 02 01 
[2019-11-07 17:12:49]>>>>>>>>>>>>S:  AA 77 00 23 F1 D0 00 06 04 00 00 00 00 00 
[2019-11-07 17:12:52]>>>>>>>>>>>>S:  AA 77 00 20 F2 D0 00 06 04 00 00 00 00 00 
[2019-11-07 17:12:53]AHT:53
[2019-11-07 17:12:53]MHT:53
[2019-11-07 17:12:56]>>>>>>>>>>>>S:  AA 77 00 26 F4 D0 00 06 04 00 00 00 00 00 
[2019-11-07 17:12:59]>>>>>>>>>>>>S:  AA 77 00 27 F5 D0 00 06 04 00 00 00 00 00 
[2019-11-07 17:13:03]AHT:54
[2019-11-07 17:13:03]MHT:54
[2019-11-07 17:13:03]>>>>>>>>>>>>S:  AA 77 00 25 F7 D0 00 06 04 00 00 00 00 00 
[2019-11-07 17:13:06]>>>>>>>>>>>>S:  AA 77 00 2A F8 D0 00 06 04 00 00 00 00 00 
[2019-11-07 17:13:10]>>>>>>>>>>>>S:  AA 77 00 2B F9 D0 00 06 04 00 00 00 00 00 
[2019-11-07 17:13:13]AHT:55
[2019-11-07 17:13:13]MHT:55
[2019-11-07 17:13:13]>>>>>>>>>>>>S:  AA 77 00 29 FB D0 00 06 04 00 00 00 00 00 
[2019-11-07 17:13:17]>>>>>>>>>>>>S:  AA 77 00 2E FC D0 00 06 04 00 00 00 00 00 
[2019-11-07 17:13:20]>>>>>>>>>>>>S:  AA 77 00 2F FD D0 00 06 04 00 00 00 00 00 
[2019-11-07 17:13:23]AHT:56
[2019-11-07 17:13:23]MHT:56
[2019-11-07 17:13:24]>>>>>>>>>>>>S:  AA 77 00 2D FF D0 00 06 04 00 00 00 00 00 
[2019-11-07 17:13:25]>>>>>>>>>>>>S:  AA 77 00 C8 00 A0 00 08 8D 07 E3 0B 07 11 0D 19 
[2019-11-07 17:13:27]>>>>>>>>>>>>S:  AA 77 00 D3 01 D0 00 06 04 00 00 00 00 00 
[2019-11-07 17:13:31]>>>>>>>>>>>>S:  AA 77 00 D0 02 D0 00 06 04 00 00 00 00 00 
[2019-11-07 17:13:33]AHT:57
[2019-11-07 17:13:33]MHT:57
[2019-11-07 17:13:34]>>>>>>>>>>>>S:  AA 77 00 D6 04 D0 00 06 04 00 00 00 00 00 
[2019-11-07 17:13:38]>>>>>>>>>>>>S:  AA 77 00 D7 05 D0 00 06 04 00 00 00 00 00 
[2019-11-07 17:13:41]>>>>>>>>>>>>S:  AA 77 00 D7 06 D1 01 02 02 01 
[2019-11-07 17:13:41]>>>>>>>>>>>>S:  AA 77 00 D5 07 D0 00 06 04 00 00 00 00 00 
[2019-11-07 17:13:43]AHT:58
[2019-11-07 17:13:43]MHT:58
[2019-11-07 17:13:45]>>>>>>>>>>>>S:  AA 77 00 DB 09 D0 00 06 04 00 00 00 00 00 
[2019-11-07 17:13:48]>>>>>>>>>>>>S:  AA 77 00 D8 0A D0 00 06 04 00 00 00 00 00 
[2019-11-07 17:13:52]>>>>>>>>>>>>S:  AA 77 00 D9 0B D0 00 06 04 00 00 00 00 00 
[2019-11-07 17:13:53]AHT:59
[2019-11-07 17:13:53]MHT:59
[2019-11-07 17:13:55]>>>>>>>>>>>>S:  AA 77 00 DF 0D D0 00 06 04 00 00 00 00 00 
[2019-11-07 17:13:59]>>>>>>>>>>>>S:  AA 77 00 DC 0E D0 00 06 04 00 00 00 00 00 
[2019-11-07 17:14:02]>>>>>>>>>>>>S:  AA 77 00 DD 0F D0 00 06 04 00 00 00 00 00 
[2019-11-07 17:14:03]AHT:60
[2019-11-07 17:14:03]MHT:60
[2019-11-07 17:14:06]>>>>>>>>>>>>S:  AA 77 00 C3 11 D0 00 06 04 00 00 00 00 00 
[2019-11-07 17:14:09]>>>>>>>>>>>>S:  AA 77 00 C0 12 D0 00 06 04 00 00 00 00 00 
[2019-11-07 17:14:12]>>>>>>>>>>>>S:  AA 77 00 C1 13 D0 00 06 04 00 00 00 00 00 
[2019-11-07 17:14:13]AHT:61
[2019-11-07 17:14:13]MHT:61
[2019-11-07 17:14:16]>>>>>>>>>>>>S:  AA 77 00 C7 15 D0 00 06 04 00 00 00 00 00 
[2019-11-07 17:14:19]>>>>>>>>>>>>S:  AA 77 00 C4 16 D0 00 06 04 00 00 00 00 00 
[2019-11-07 17:14:23]AHT:62
[2019-11-07 17:14:23]MHT:62
[2019-11-07 17:14:23]>>>>>>>>>>>>S:  AA 77 00 CA 18 D0 00 06 04 00 00 00 00 00 
[2019-11-07 17:14:26]>>>>>>>>>>>>S:  AA 77 00 CB 19 D0 00 06 04 00 00 00 00 00 
[2019-11-07 17:14:30]>>>>>>>>>>>>S:  AA 77 00 C8 1A D0 00 06 04 00 00 00 00 00 
[2019-11-07 17:14:33]AHT:63
[2019-11-07 17:14:33]MHT:63
[2019-11-07 17:14:33]>>>>>>>>>>>>S:  AA 77 00 CE 1C D0 00 06 04 00 00 00 00 00 
[2019-11-07 17:14:37]>>>>>>>>>>>>S:  AA 77 00 CF 1D D0 00 06 04 00 00 00 00 00 
[2019-11-07 17:14:40]>>>>>>>>>>>>S:  AA 77 00 CC 1E D0 00 06 04 00 00 00 00 00 
[2019-11-07 17:14:43]AHT:64
[2019-11-07 17:14:43]MHT:64
[2019-11-07 17:14:44]>>>>>>>>>>>>S:  AA 77 00 F2 20 D0 00 06 04 00 00 00 00 00 
[2019-11-07 17:14:47]>>>>>>>>>>>>S:  AA 77 00 F3 21 D0 00 06 04 00 00 00 00 00 
[2019-11-07 17:14:51]>>>>>>>>>>>>S:  AA 77 00 F0 22 D0 00 06 04 00 00 00 00 00 
[2019-11-07 17:14:53]AHT:65
[2019-11-07 17:14:53]MHT:65
[2019-11-07 17:14:54]>>>>>>>>>>>>S:  AA 77 00 F6 24 D0 00 06 04 00 00 00 00 00 
[2019-11-07 17:14:58]>>>>>>>>>>>>S:  AA 77 00 F7 25 D0 00 06 04 00 00 00 00 00 
[2019-11-07 17:15:01]>>>>>>>>>>>>S:  AA 77 00 F4 26 D0 00 06 04 00 00 00 00 00 
[2019-11-07 17:15:03]AHT:66
[2019-11-07 17:15:03]MHT:66
[2019-11-07 17:15:05]>>>>>>>>>>>>S:  AA 77 00 FA 28 D0 00 06 04 00 00 00 00 00 
[2019-11-07 17:15:08]>>>>>>>>>>>>S:  AA 77 00 FB 29 D0 00 06 04 00 00 00 00 00 
[2019-11-07 17:15:12]>>>>>>>>>>>>S:  AA 77 00 F8 2A D0 00 06 04 00 00 00 00 00 
[2019-11-07 17:15:13]AHT:67
[2019-11-07 17:15:13]MHT:67
[2019-11-07 17:15:15]>>>>>>>>>>>>S:  AA 77 00 FE 2C D0 00 06 04 00 00 00 00 00 
[2019-11-07 17:15:19]>>>>>>>>>>>>S:  AA 77 00 FF 2D D0 00 06 04 00 00 00 00 00 
[2019-11-07 17:15:20]>>>>>>>>>>>>S:  AA 77 00 FC 2E D1 01 02 01 01 
[2019-11-07 17:15:37]>>>>>>>>>>>>S:  AA 77 00 FD 2F D1 01 02 01 01 
[2019-11-07 17:15:37]>>>>>>>>>>>>S:  AA 77 00 C6 30 A0 00 08 8D 07 E3 0B 07 11 0F 25 
[2019-11-07 17:15:37]>>>>>>>>>>>>S:  AA 77 00 E3 31 D0 00 06 04 00 00 00 00 00 
[2019-11-07 17:15:38]AHT:68
[2019-11-07 17:15:38]MHT:68
[2019-11-07 17:15:41]>>>>>>>>>>>>S:  AA 77 00 E1 33 D0 00 06 04 00 00 00 00 00 
[2019-11-07 17:15:44]>>>>>>>>>>>>S:  AA 77 00 E6 34 D0 00 06 04 00 00 00 00 00 
[2019-11-07 17:15:48]>>>>>>>>>>>>S:  AA 77 00 E7 35 D0 00 06 04 00 00 00 00 00 
[2019-11-07 17:15:48]AHT:69
[2019-11-07 17:15:48]MHT:69
[2019-11-07 17:15:51]>>>>>>>>>>>>S:  AA 77 00 E5 37 D0 00 06 04 00 00 00 00 00 
[2019-11-07 17:15:55]>>>>>>>>>>>>S:  AA 77 00 EA 38 D0 00 06 04 00 00 00 00 00 
[2019-11-07 17:15:58]AHT:70
[2019-11-07 17:15:58]MHT:70
[2019-11-07 17:15:58]>>>>>>>>>>>>S:  AA 77 00 E8 3A D0 00 06 04 00 00 00 00 00 
[2019-11-07 17:16:02]>>>>>>>>>>>>S:  AA 77 00 E9 3B D0 00 06 04 00 00 00 00 00 
[2019-11-07 17:16:05]>>>>>>>>>>>>S:  AA 77 00 EE 3C D0 00 06 04 00 00 00 00 00 
[2019-11-07 17:16:08]AHT:71
[2019-11-07 17:16:08]MHT:71
[2019-11-07 17:16:09]>>>>>>>>>>>>S:  AA 77 00 EC 3E D0 00 06 04 00 00 00 00 00 
[2019-11-07 17:16:12]>>>>>>>>>>>>S:  AA 77 00 ED 3F D0 00 06 04 00 00 00 00 00 
[2019-11-07 17:16:16]>>>>>>>>>>>>S:  AA 77 00 92 40 D0 00 06 04 00 00 00 00 00 
[2019-11-07 17:16:18]AHT:72
[2019-11-07 17:16:18]MHT:72
[2019-11-07 17:16:19]>>>>>>>>>>>>S:  AA 77 00 90 42 D0 00 06 04 00 00 00 00 00 
[2019-11-07 17:16:23]>>>>>>>>>>>>S:  AA 77 00 91 43 D0 00 06 04 00 00 00 00 00 
[2019-11-07 17:16:26]>>>>>>>>>>>>S:  AA 77 00 96 44 D0 00 06 04 00 00 00 00 00 
[2019-11-07 17:16:28]AHT:73
[2019-11-07 17:16:28]MHT:73
[2019-11-07 17:16:30]>>>>>>>>>>>>S:  AA 77 00 94 46 D0 00 06 04 00 00 00 00 00 
[2019-11-07 17:16:33]>>>>>>>>>>>>S:  AA 77 00 95 47 D0 00 06 04 00 00 00 00 00 
[2019-11-07 17:16:37]>>>>>>>>>>>>S:  AA 77 00 9A 48 D0 00 06 04 00 00 00 00 00 
[2019-11-07 17:16:38]AHT:74
[2019-11-07 17:16:38]MHT:74
[2019-11-07 17:16:40]>>>>>>>>>>>>S:  AA 77 00 98 4A D0 00 06 04 00 00 00 00 00 
[2019-11-07 17:16:40]-------------------------------------------
[2019-11-07 17:16:40]             mcu lost sync data 0: 00
[2019-11-07 17:16:40]-------------------------------------------
[2019-11-07 17:16:43]>>>>>>>>>>>>S:  AA 77 00 99 4B D0 00 06 04 00 00 00 00 00 
[2019-11-07 17:16:47]>>>>>>>>>>>>S:  AA 77 00 9E 4C D0 00 06 04 00 00 00 00 00 
[2019-11-07 17:16:48]AHT:75
[2019-11-07 17:16:49]*****power model wakeup****,_wakeupflag = 0
[2019-11-07 17:16:50]mcu reset, req arm handshake
[2019-11-07 17:16:50]>>>>>>>>>>>>S:  AA 77 00 6D 4E A0 00 02 80 01 
[2019-11-07 17:16:50]try handshake 18 times
[2019-11-07 17:16:50]handshake successful
[2019-11-07 17:16:50]MHT:0
[2019-11-07 17:16:50]ACC ON
[2019-11-07 17:16:50]MCU MODE_UNKNOWN
[2019-11-07 17:16:50]MCU Version: mcu_L_DFSK_F516-19_1.0.1_191031
[2019-11-07 17:16:50]CAN Version: can_v2.0L_516-19
[2019-11-07 17:16:50]PowerData: 00 00 00 00 00 
[2019-11-07 17:16:50]pdid: DFSK0001000200261910160001000010
[2019-11-07 17:16:50]vin:12345T0703T000110
[2019-11-07 17:16:50]>>>>>>>>>>>>S:  AA 77 00 A1 4F D0 01 15 2E 38 39 38 36 30 39 31 38 37 30 30 30 30 39 32 32 31 30 32 36 
[2019-11-07 17:16:50]>>>>>>>>>>>>S:  AA 77 00 8E 50 D0 01 10 2F 34 36 30 30 39 36 30 39 30 37 32 32 31 30 32 
[2019-11-07 17:16:50]>>>>>>>>>>>>S:  AA 77 00 98 51 D0 01 10 33 38 36 32 30 31 35 30 33 37 35 31 31 37 32 37 
[2019-11-07 17:16:50]Mcu init data end
[2019-11-07 17:16:58]>>>>>>>>>>>>S:  AA 77 00 80 52 D0 00 06 04 00 00 00 00 00 
[2019-11-07 17:16:58]*****power model wakeup****,_wakeupflag = 1
[2019-11-07 17:17:00]>>>>>>>>>>>>S:  AA 77 00 70 53 A0 00 02 80 01 
[2019-11-07 17:17:00]try handshake 19 times
[2019-11-07 17:17:00]handshake successful
[2019-11-07 17:17:00]MHT:0
[2019-11-07 17:17:00]ACC ON
[2019-11-07 17:17:00]MCU MODE_UNKNOWN
[2019-11-07 17:17:00]MCU Version: mcu_L_DFSK_F516-19_1.0.1_191031
[2019-11-07 17:17:00]CAN Version: can_v2.0L_516-19
[2019-11-07 17:17:00]PowerData: 00 00 00 00 00 
[2019-11-07 17:17:00]pdid: DFSK0001000200261910160001000010
[2019-11-07 17:17:00]vin:12345T0703T000110
[2019-11-07 17:17:00]>>>>>>>>>>>>S:  AA 77 00 BA 54 D0 01 15 2E 38 39 38 36 30 39 31 38 37 30 30 30 30 39 32 32 31 30 32 36 
[2019-11-07 17:17:00]>>>>>>>>>>>>S:  AA 77 00 8B 55 D0 01 10 2F 34 36 30 30 39 36 30 39 30 37 32 32 31 30 32 
[2019-11-07 17:17:00]>>>>>>>>>>>>S:  AA 77 00 9F 56 D0 01 10 33 38 36 32 30 31 35 30 33 37 35 31 31 37 32 37 
[2019-11-07 17:17:00]Mcu init data end
[2019-11-07 17:17:00]>>>>>>>>>>>>S:  AA 77 00 9A 57 A0 00 08 8D 07 E3 0B 07 11 11 00 
[2019-11-07 17:17:01]>>>>>>>>>>>>S:  AA 77 00 8A 58 D0 00 06 04 00 00 00 00 00 
[2019-11-07 17:17:03]>>>>>>>>>>>>S:  AA 77 00 8B 59 D1 01 02 01 01 
[2019-11-07 17:16:46]>>>>>>>>>>>>S:  AA 77 00 88 5A D1 01 02 01 01 
[2019-11-07 17:16:46]>>>>>>>>>>>>S:  AA 77 00 B9 5B A0 00 08 8D 07 E3 0B 07 11 10 2E 
[2019-11-07 17:16:46]AHT:76
[2019-11-07 17:16:46]MHT:76
[2019-11-07 17:16:49]>>>>>>>>>>>>S:  AA 77 00 8F 5D D0 00 06 04 00 00 00 00 00 
[2019-11-07 17:16:52]>>>>>>>>>>>>S:  AA 77 00 8C 5E D0 00 06 04 00 00 00 00 00 
[2019-11-07 17:16:56]>>>>>>>>>>>>S:  AA 77 00 8D 5F D0 00 06 04 00 00 00 00 00 
[2019-11-07 17:16:56]AHT:77
[2019-11-07 17:16:56]MHT:77
[2019-11-07 17:16:59]>>>>>>>>>>>>S:  AA 77 00 B3 61 D0 00 06 04 00 00 00 00 00 
[2019-11-07 17:17:01]-------------------------------------------
[2019-11-07 17:17:01]             mcu lost sync data 0: 00
[2019-11-07 17:17:01]-------------------------------------------
[2019-11-07 17:17:03]>>>>>>>>>>>>S:  AA 77 00 B0 62 D0 00 06 04 00 00 00 00 00 
[2019-11-07 17:17:06]AHT:78
[2019-11-07 17:17:06]>>>>>>>>>>>>S:  AA 77 00 B6 64 D0 00 06 04 00 00 00 00 00 
[2019-11-07 17:17:09]>>>>>>>>>>>>S:  AA 77 00 B7 65 D0 00 06 04 00 00 00 00 00 
[2019-11-07 17:17:09]*****power model wakeup****,_wakeupflag = 0
[2019-11-07 17:17:20]-------------------------------------------
[2019-11-07 17:17:20]             mcu lost sync data 0: 00
[2019-11-07 17:17:20]-------------------------------------------
[2019-11-07 17:17:27]mcu reset, req arm handshake
[2019-11-07 17:17:35]>>>>>>>>>>>>S:  AA 77 00 45 66 A0 00 02 80 01 
[2019-11-07 17:17:35]try handshake 20 times
[2019-11-07 17:17:35]handshake successful
[2019-11-07 17:17:35]MHT:0
[2019-11-07 17:17:35]ACC ON
[2019-11-07 17:17:35]MCU MODE_UNKNOWN
[2019-11-07 17:17:35]MCU Version: mcu_L_DFSK_F516-19_1.0.1_191031
[2019-11-07 17:17:35]CAN Version: can_v2.0L_516-19
[2019-11-07 17:17:35]PowerData: 00 00 00 00 00 
[2019-11-07 17:17:35]pdid: DFSK0001000200261910160001000010
[2019-11-07 17:17:35]vin:12345T0703T000110
[2019-11-07 17:17:35]>>>>>>>>>>>>S:  AA 77 00 89 67 D0 01 15 2E 38 39 38 36 30 39 31 38 37 30 30 30 30 39 32 32 31 30 32 36 
[2019-11-07 17:17:35]>>>>>>>>>>>>S:  AA 77 00 B6 68 D0 01 10 2F 34 36 30 30 39 36 30 39 30 37 32 32 31 30 32 
[2019-11-07 17:17:35]>>>>>>>>>>>>S:  AA 77 00 A0 69 D0 01 10 33 38 36 32 30 31 35 30 33 37 35 31 31 37 32 37 
[2019-11-07 17:17:35]Mcu init data end
[2019-11-07 17:17:35]*****power model wakeup****,_wakeupflag = 1
[2019-11-07 17:17:35]AHT:79
[2019-11-07 17:17:37]>>>>>>>>>>>>S:  AA 77 00 82 6A A0 00 08 8D 07 E3 0B 07 11 11 25 
[2019-11-07 17:17:38]>>>>>>>>>>>>S:  AA 77 00 48 6B A0 00 02 80 01 
[2019-11-07 17:17:38]try handshake 21 times
[2019-11-07 17:17:38]handshake successful
[2019-11-07 17:17:38]MHT:0
[2019-11-07 17:17:38]ACC ON
[2019-11-07 17:17:38]MCU MODE_UNKNOWN
[2019-11-07 17:17:38]MCU Version: mcu_L_DFSK_F516-19_1.0.1_191031
[2019-11-07 17:17:38]CAN Version: can_v2.0L_516-19
[2019-11-07 17:17:38]PowerData: 00 00 00 00 00 
[2019-11-07 17:17:38]pdid: DFSK0001000200261910160001000010
[2019-11-07 17:17:38]vin:12345T0703T000110
[2019-11-07 17:17:38]>>>>>>>>>>>>S:  AA 77 00 82 6C D0 01 15 2E 38 39 38 36 30 39 31 38 37 30 30 30 30 39 32 32 31 30 32 36 
[2019-11-07 17:17:38]>>>>>>>>>>>>S:  AA 77 00 B3 6D D0 01 10 2F 34 36 30 30 39 36 30 39 30 37 32 32 31 30 32 
[2019-11-07 17:17:38]>>>>>>>>>>>>S:  AA 77 00 A7 6E D0 01 10 33 38 36 32 30 31 35 30 33 37 35 31 31 37 32 37 
[2019-11-07 17:17:38]Mcu init data end
[2019-11-07 17:17:38]>>>>>>>>>>>>S:  AA 77 00 84 6F A0 00 08 8D 07 E3 0B 07 11 11 26 
[2019-11-07 17:17:39]>>>>>>>>>>>>S:  AA 77 00 A2 70 D0 00 06 04 00 00 00 00 00 
[2019-11-07 17:17:40]>>>>>>>>>>>>S:  AA 77 00 A3 71 D1 01 02 01 01 
[2019-11-07 17:17:57]>>>>>>>>>>>>S:  AA 77 00 A0 72 D1 01 02 01 01 
[2019-11-07 17:17:57]>>>>>>>>>>>>S:  AA 77 00 87 73 A0 00 08 8D 07 E3 0B 07 11 11 39 
[2019-11-07 17:17:59]>>>>>>>>>>>>S:  AA 77 00 A6 74 D0 00 06 04 00 00 00 00 00 
[2019-11-07 17:18:02]AHT:80
[2019-11-07 17:18:02]MHT:80
[2019-11-07 17:18:02]>>>>>>>>>>>>S:  AA 77 00 A4 76 D0 00 06 04 00 00 00 00 00 
[2019-11-07 17:18:06]>>>>>>>>>>>>S:  AA 77 00 A5 77 D0 00 06 04 00 00 00 00 00 
[2019-11-07 17:18:09]>>>>>>>>>>>>S:  AA 77 00 AA 78 D0 00 06 04 00 00 00 00 00 
[2019-11-07 17:18:12]AHT:81
[2019-11-07 17:18:12]MHT:81
[2019-11-07 17:18:13]>>>>>>>>>>>>S:  AA 77 00 A8 7A D0 00 06 04 00 00 00 00 00 
[2019-11-07 17:18:16]>>>>>>>>>>>>S:  AA 77 00 A9 7B D0 00 06 04 00 00 00 00 00 
[2019-11-07 17:18:20]>>>>>>>>>>>>S:  AA 77 00 AE 7C D0 00 06 04 00 00 00 00 00 
[2019-11-07 17:18:22]AHT:82
[2019-11-07 17:18:22]MHT:82
[2019-11-07 17:18:23]>>>>>>>>>>>>S:  AA 77 00 AC 7E D0 00 06 04 00 00 00 00 00 
[2019-11-07 17:18:26]-------------------------------------------
[2019-11-07 17:18:26]             mcu lost sync data 0: 00
[2019-11-07 17:18:26]-------------------------------------------
[2019-11-07 17:18:26]-------------------------------------------
[2019-11-07 17:18:26]             mcu lost sync data 0: 00
[2019-11-07 17:18:26]-------------------------------------------
[2019-11-07 17:18:26]mcu reset, req arm handshake
[2019-11-07 17:18:26]-------------------------------------------
[2019-11-07 17:18:26]             mcu lost sync data 0: 00
[2019-11-07 17:18:26]-------------------------------------------
[2019-11-07 17:18:26]mcu reset, req arm handshake
[2019-11-07 17:18:26]-------------------------------------------
[2019-11-07 17:18:26]             mcu lost sync data 0: 00
[2019-11-07 17:18:26]-------------------------------------------
[2019-11-07 17:18:26]mcu reset, req arm handshake
[2019-11-07 17:18:26]>>>>>>>>>>>>S:  AA 77 00 AD 7F D0 00 06 04 00 00 00 00 00 
[2019-11-07 17:18:28]>>>>>>>>>>>>S:  AA 77 00 A3 80 A0 00 02 80 01 
[2019-11-07 17:18:28]try handshake 22 times
[2019-11-07 17:18:28]handshake successful
[2019-11-07 17:18:28]MHT:0
[2019-11-07 17:18:28]ACC ON
[2019-11-07 17:18:28]MCU MODE_UNKNOWN
[2019-11-07 17:18:30]check sum failed!!![2019-11-07 17:18:30]-------------------------------------------
[2019-11-07 17:18:30]             mcu lost sync data 0: E0
[2019-11-07 17:18:30]-------------------------------------------
[2019-11-07 17:18:30]-------------------------------------------
[2019-11-07 17:18:30]             mcu lost sync data 0: 00
[2019-11-07 17:18:30]-------------------------------------------
[2019-11-07 17:18:30]mcu reset, req arm handshake
[2019-11-07 17:18:30]-------------------------------------------
[2019-11-07 17:18:30]             mcu lost sync data 0: 00
[2019-11-07 17:18:30]-------------------------------------------
[2019-11-07 17:18:30]-------------------------------------------
[2019-11-07 17:18:30]             mcu lost sync data 0: 00
[2019-11-07 17:18:30]-------------------------------------------
[2019-11-07 17:18:30]mcu reset, req arm handshake
[2019-11-07 17:18:30]-------------------------------------------
[2019-11-07 17:18:30]             mcu lost sync data 0: 00
[2019-11-07 17:18:30]-------------------------------------------
[2019-11-07 17:18:30]mcu reset, req arm handshake
[2019-11-07 17:18:30]-------------------------------------------
[2019-11-07 17:18:30]             mcu lost sync data 0: 00
[2019-11-07 17:18:30]-------------------------------------------
[2019-11-07 17:18:30]mcu reset, req arm handshake
[2019-11-07 17:18:30]>>>>>>>>>>>>S:  AA 77 00 53 81 D0 00 06 04 00 00 00 00 00 
[2019-11-07 17:18:30]-------------------------------------------
[2019-11-07 17:18:30]             mcu lost sync data 0: 00
[2019-11-07 17:18:30]-------------------------------------------
[2019-11-07 17:18:30]mcu reset, req arm handshake
[2019-11-07 17:18:31]>>>>>>>>>>>>S:  AA 77 00 A1 82 A0 00 02 80 01 
[2019-11-07 17:18:31]try handshake 23 times
[2019-11-07 17:18:31]handshake successful
[2019-11-07 17:18:31]MHT:0
[2019-11-07 17:18:31]ACC ON
[2019-11-07 17:18:31]MCU MODE_UNKNOWN
[2019-11-07 17:18:31]MCU Version: mcu_L_DFSK_F516-19_1.0.1_191031
[2019-11-07 17:18:31]CAN Version: can_v2.0L_516-19
[2019-11-07 17:18:31]PowerData: 00 00 00 00 00 
[2019-11-07 17:18:31]pdid: DFSK0001000200261910160001000010
[2019-11-07 17:18:31]vin:12345T0703T000110
[2019-11-07 17:18:31]>>>>>>>>>>>>S:  AA 77 00 6D 83 D0 01 15 2E 38 39 38 36 30 39 31 38 37 30 30 30 30 39 32 32 31 30 32 36 
[2019-11-07 17:18:31]>>>>>>>>>>>>S:  AA 77 00 5A 84 D0 01 10 2F 34 36 30 30 39 36 30 39 30 37 32 32 31 30 32 
[2019-11-07 17:18:31]>>>>>>>>>>>>S:  AA 77 00 4C 85 D0 01 10 33 38 36 32 30 31 35 30 33 37 35 31 31 37 32 37 
[2019-11-07 17:18:31]Mcu init data end
[2019-11-07 17:18:31]>>>>>>>>>>>>S:  AA 77 00 57 86 A0 00 08 8D 07 E3 0B 07 11 12 1F 
[2019-11-07 17:18:32]AHT:83
[2019-11-07 17:18:32]MHT:83
[2019-11-07 17:18:33]>>>>>>>>>>>>S:  AA 77 00 5A 88 D0 00 06 04 00 00 00 00 00 
[2019-11-07 17:18:37]>>>>>>>>>>>>S:  AA 77 00 5B 89 D0 00 06 04 00 00 00 00 00 
[2019-11-07 17:18:40]>>>>>>>>>>>>S:  AA 77 00 58 8A D0 00 06 04 00 00 00 00 00 
[2019-11-07 17:18:42]AHT:84
[2019-11-07 17:18:42]MHT:84
[2019-11-07 17:18:44]>>>>>>>>>>>>S:  AA 77 00 5E 8C D0 00 06 04 00 00 00 00 00 
[2019-11-07 17:18:47]>>>>>>>>>>>>S:  AA 77 00 5F 8D D0 00 06 04 00 00 00 00 00 
[2019-11-07 17:18:51]>>>>>>>>>>>>S:  AA 77 00 5C 8E D0 00 06 04 00 00 00 00 00 
[2019-11-07 17:18:52]AHT:85
[2019-11-07 17:18:52]MHT:85
[2019-11-07 17:18:54]>>>>>>>>>>>>S:  AA 77 00 42 90 D0 00 06 04 00 00 00 00 00 
[2019-11-07 17:18:58]>>>>>>>>>>>>S:  AA 77 00 43 91 D0 00 06 04 00 00 00 00 00 
[2019-11-07 17:19:01]>>>>>>>>>>>>S:  AA 77 00 40 92 D0 00 06 04 00 00 00 00 00 
[2019-11-07 17:19:02]AHT:86
[2019-11-07 17:19:02]MHT:86
[2019-11-07 17:19:05]>>>>>>>>>>>>S:  AA 77 00 46 94 D0 00 06 04 00 00 00 00 00 
[2019-11-07 17:19:08]>>>>>>>>>>>>S:  AA 77 00 47 95 D0 00 06 04 00 00 00 00 00 
[2019-11-07 17:19:12]>>>>>>>>>>>>S:  AA 77 00 44 96 D0 00 06 04 00 00 00 00 00 
[2019-11-07 17:19:12]AHT:87
[2019-11-07 17:19:12]MHT:87
[2019-11-07 17:19:15]>>>>>>>>>>>>S:  AA 77 00 4A 98 D0 00 06 04 00 00 00 00 00 
[2019-11-07 17:19:19]>>>>>>>>>>>>S:  AA 77 00 4B 99 D0 00 06 04 00 00 00 00 00 
[2019-11-07 17:19:22]AHT:88
[2019-11-07 17:19:22]MHT:88
[2019-11-07 17:19:22]>>>>>>>>>>>>S:  AA 77 00 49 9B D0 00 06 04 00 00 00 00 00 
[2019-11-07 17:19:22]>>>>>>>>>>>>S:  AA 77 00 4D 9C D1 01 02 02 01 
[2019-11-07 17:19:26]>>>>>>>>>>>>S:  AA 77 00 4F 9D D0 00 06 04 00 00 00 00 00 
[2019-11-07 17:19:29]>>>>>>>>>>>>S:  AA 77 00 4C 9E D0 00 06 04 00 00 00 00 00 
[2019-11-07 17:19:32]AHT:89
[2019-11-07 17:19:32]MHT:89
[2019-11-07 17:19:33]>>>>>>>>>>>>S:  AA 77 00 72 A0 D0 00 06 04 00 00 00 00 00 
[2019-11-07 17:19:36]>>>>>>>>>>>>S:  AA 77 00 73 A1 D0 00 06 04 00 00 00 00 00 
[2019-11-07 17:19:39]>>>>>>>>>>>>S:  AA 77 00 70 A2 D0 00 06 04 00 00 00 00 00 
[2019-11-07 17:19:42]AHT:90
[2019-11-07 17:19:42]MHT:90
[2019-11-07 17:19:43]>>>>>>>>>>>>S:  AA 77 00 76 A4 D0 00 06 04 00 00 00 00 00 
[2019-11-07 17:19:46]>>>>>>>>>>>>S:  AA 77 00 74 A5 D1 01 02 02 01 
[2019-11-07 17:19:46]>>>>>>>>>>>>S:  AA 77 00 74 A6 D0 00 06 04 00 00 00 00 00 
[2019-11-07 17:19:50]>>>>>>>>>>>>S:  AA 77 00 75 A7 D0 00 06 04 00 00 00 00 00 
[2019-11-07 17:19:52]AHT:91
[2019-11-07 17:19:52]MHT:91
[2019-11-07 17:19:53]>>>>>>>>>>>>S:  AA 77 00 7B A9 D0 00 06 04 00 00 00 00 00 
[2019-11-07 17:19:57]>>>>>>>>>>>>S:  AA 77 00 78 AA D0 00 06 04 00 00 00 00 00 
[2019-11-07 17:20:00]>>>>>>>>>>>>S:  AA 77 00 79 AB D0 00 06 04 00 00 00 00 00 
[2019-11-07 17:20:02]AHT:92
[2019-11-07 17:20:02]MHT:92
[2019-11-07 17:20:04]>>>>>>>>>>>>S:  AA 77 00 7F AD D0 00 06 04 00 00 00 00 00 
[2019-11-07 17:20:07]>>>>>>>>>>>>S:  AA 77 00 7C AE D0 00 06 04 00 00 00 00 00 
[2019-11-07 17:20:11]>>>>>>>>>>>>S:  AA 77 00 7D AF D0 00 06 04 00 00 00 00 00 
[2019-11-07 17:20:12]AHT:93
[2019-11-07 17:20:12]MHT:93
[2019-11-07 17:20:14]>>>>>>>>>>>>S:  AA 77 00 63 B1 D0 00 06 04 00 00 00 00 00 
[2019-11-07 17:20:18]>>>>>>>>>>>>S:  AA 77 00 60 B2 D0 00 06 04 00 00 00 00 00 
[2019-11-07 17:20:21]>>>>>>>>>>>>S:  AA 77 00 61 B3 D0 00 06 04 00 00 00 00 00 
[2019-11-07 17:20:22]AHT:94
[2019-11-07 17:20:22]MHT:94
[2019-11-07 17:20:25]>>>>>>>>>>>>S:  AA 77 00 67 B5 D0 00 06 04 00 00 00 00 00 
[2019-11-07 17:20:28]>>>>>>>>>>>>S:  AA 77 00 64 B6 D0 00 06 04 00 00 00 00 00 
[2019-11-07 17:20:32]>>>>>>>>>>>>S:  AA 77 00 65 B7 D0 00 06 04 00 00 00 00 00 
[2019-11-07 17:20:32]AHT:95
[2019-11-07 17:20:32]MHT:95
[2019-11-07 17:20:35]>>>>>>>>>>>>S:  AA 77 00 6B B9 D0 00 06 04 00 00 00 00 00 
[2019-11-07 17:20:39]>>>>>>>>>>>>S:  AA 77 00 68 BA D0 00 06 04 00 00 00 00 00 
[2019-11-07 17:20:42]AHT:96
[2019-11-07 17:20:42]MHT:96
[2019-11-07 17:20:42]>>>>>>>>>>>>S:  AA 77 00 6E BC D0 00 06 04 00 00 00 00 00 
[2019-11-07 17:20:46]>>>>>>>>>>>>S:  AA 77 00 6F BD D0 00 06 04 00 00 00 00 00 
[2019-11-07 17:20:49]>>>>>>>>>>>>S:  AA 77 00 6C BE D0 00 06 04 00 00 00 00 00 
[2019-11-07 17:20:52]AHT:97
[2019-11-07 17:20:52]MHT:97
[2019-11-07 17:20:53]>>>>>>>>>>>>S:  AA 77 00 12 C0 D0 00 06 04 00 00 00 00 00 
[2019-11-07 17:20:56]>>>>>>>>>>>>S:  AA 77 00 13 C1 D0 00 06 04 00 00 00 00 00 
[2019-11-07 17:21:00]>>>>>>>>>>>>S:  AA 77 00 10 C2 D0 00 06 04 00 00 00 00 00 
[2019-11-07 17:21:02]AHT:98
[2019-11-07 17:21:02]MHT:98
[2019-11-07 17:21:03]>>>>>>>>>>>>S:  AA 77 00 16 C4 D0 00 06 04 00 00 00 00 00 
[2019-11-07 17:21:07]>>>>>>>>>>>>S:  AA 77 00 17 C5 D0 00 06 04 00 00 00 00 00 
[2019-11-07 17:21:10]ACC OFF
[2019-11-07 17:21:10]>>>>>>>>>>>>S:  AA 77 00 14 C6 D0 00 06 04 00 00 00 00 00 
[2019-11-07 17:21:12]AHT:99
[2019-11-07 17:21:13]MHT:99
[2019-11-07 17:21:13]>>>>>>>>>>>>S:  AA 77 00 1A C8 D0 00 06 04 00 00 00 00 00 
[2019-11-07 17:21:17]>>>>>>>>>>>>S:  AA 77 00 1B C9 D0 00 06 04 00 00 00 00 00 
[2019-11-07 17:21:20]>>>>>>>>>>>>S:  AA 77 00 18 CA D0 00 06 04 00 00 00 00 00 
[2019-11-07 17:21:22]AHT:100
[2019-11-07 17:21:22]MHT:100
[2019-11-07 17:21:24]>>>>>>>>>>>>S:  AA 77 00 1E CC D0 00 06 04 00 00 00 00 00 
[2019-11-07 17:21:27]>>>>>>>>>>>>S:  AA 77 00 1F CD D0 00 06 04 00 00 00 00 00 
[2019-11-07 17:21:30]>>>>>>>>>>>>S:  AA 77 00 E7 CE D0 01 03 05 FF 01 
[2019-11-07 17:21:31]>>>>>>>>>>>>S:  AA 77 00 1D CF D0 00 06 04 00 00 00 00 00 
[2019-11-07 17:21:32]AHT:101
[2019-11-07 17:21:32]MHT:101
[2019-11-07 17:21:34]>>>>>>>>>>>>S:  AA 77 00 03 D1 D0 00 06 04 00 00 00 00 00 
[2019-11-07 17:21:34]-------------------------------------------
[2019-11-07 17:21:34]             mcu lost sync data 0: 77
[2019-11-07 17:21:34]-------------------------------------------
[2019-11-07 17:21:34]-------------------------------------------
[2019-11-07 17:21:34]              mcu lost sync data 1: 00
[2019-11-07 17:21:34]-------------------------------------------
[2019-11-07 17:21:34]-------------------------------------------
[2019-11-07 17:21:34]             mcu lost sync data 0: CE
[2019-11-07 17:21:34]-------------------------------------------
[2019-11-07 17:21:34]-------------------------------------------
[2019-11-07 17:21:34]             mcu lost sync data 0: E1
[2019-11-07 17:21:34]-------------------------------------------
[2019-11-07 17:21:34]-------------------------------------------
[2019-11-07 17:21:34]             mcu lost sync data 0: D0
[2019-11-07 17:21:34]-------------------------------------------
[2019-11-07 17:21:34]-------------------------------------------
[2019-11-07 17:21:34]             mcu lost sync data 0: 00
[2019-11-07 17:21:34]-------------------------------------------
[2019-11-07 17:21:34]-------------------------------------------
[2019-11-07 17:21:34]             mcu lost sync data 0: 06
[2019-11-07 17:21:34]-------------------------------------------
[2019-11-07 17:21:34]-------------------------------------------
[2019-11-07 17:21:34]             mcu lost sync data 0: 05
[2019-11-07 17:21:34]-------------------------------------------
[2019-11-07 17:21:34]-------------------------------------------
[2019-11-07 17:21:34]             mcu lost sync data 0: 02
[2019-11-07 17:21:34]-------------------------------------------
[2019-11-07 17:21:34]-------------------------------------------
[2019-11-07 17:21:34]             mcu lost sync data 0: 01
[2019-11-07 17:21:34]-------------------------------------------
[2019-11-07 17:21:34]-------------------------------------------
[2019-11-07 17:21:34]             mcu lost sync data 0: FF
[2019-11-07 17:21:34]-------------------------------------------
[2019-11-07 17:21:34]-------------------------------------------
[2019-11-07 17:21:34]             mcu lost sync data 0: 03
[2019-11-07 17:21:34]-------------------------------------------
[2019-11-07 17:21:34]-------------------------------------------
[2019-11-07 17:21:34]             mcu lost sync data 0: 03
[2019-11-07 17:21:34]-------------------------------------------
[2019-11-07 17:21:38]>>>>>>>>>>>>S:  AA 77 00 00 D2 D0 00 06 04 00 00 00 00 00 
[2019-11-07 17:21:38]-------------------------------------------
[2019-11-07 17:21:38]             mcu lost sync data 0: 77
[2019-11-07 17:21:38]-------------------------------------------
[2019-11-07 17:21:38]-------------------------------------------
[2019-11-07 17:21:38]             mcu lost sync data 0: 00
[2019-11-07 17:21:38]-------------------------------------------
[2019-11-07 17:21:38]-------------------------------------------
[2019-11-07 17:21:38]             mcu lost sync data 0: 06
[2019-11-07 17:21:38]-------------------------------------------
[2019-11-07 17:21:38]-------------------------------------------
[2019-11-07 17:21:38]             mcu lost sync data 0: 2B
[2019-11-07 17:21:38]-------------------------------------------
[2019-11-07 17:21:38]-------------------------------------------
[2019-11-07 17:21:38]             mcu lost sync data 0: D0
[2019-11-07 17:21:38]-------------------------------------------
[2019-11-07 17:21:38]-------------------------------------------
[2019-11-07 17:21:38]             mcu lost sync data 0: 00
[2019-11-07 17:21:38]-------------------------------------------
[2019-11-07 17:21:38]-------------------------------------------
[2019-11-07 17:21:38]             mcu lost sync data 0: 06
[2019-11-07 17:21:38]-------------------------------------------
[2019-11-07 17:21:38]-------------------------------------------
[2019-11-07 17:21:38]             mcu lost sync data 0: 05
[2019-11-07 17:21:38]-------------------------------------------
[2019-11-07 17:21:38]-------------------------------------------
[2019-11-07 17:21:38]             mcu lost sync data 0: 02
[2019-11-07 17:21:38]-------------------------------------------
[2019-11-07 17:21:38]-------------------------------------------
[2019-11-07 17:21:38]             mcu lost sync data 0: 01
[2019-11-07 17:21:38]-------------------------------------------
[2019-11-07 17:21:38]-------------------------------------------
[2019-11-07 17:21:38]              mcu lost sync data 1: FF
[2019-11-07 17:21:38]-------------------------------------------
[2019-11-07 17:21:38]-------------------------------------------
[2019-11-07 17:21:38]             mcu lost sync data 0: 03
[2019-11-07 17:21:38]-------------------------------------------
[2019-11-07 17:21:38]-------------------------------------------
[2019-11-07 17:21:38]             mcu lost sync data 0: 01
[2019-11-07 17:21:38]-------------------------------------------
[2019-11-07 17:21:41]>>>>>>>>>>>>S:  AA 77 00 01 D3 D0 00 06 04 00 00 00 00 00 
[2019-11-07 17:21:42]AHT:102
[2019-11-07 17:21:42]MHT:102
[2019-11-07 17:21:45]>>>>>>>>>>>>S:  AA 77 00 07 D5 D0 00 06 04 00 00 00 00 00 
[2019-11-07 17:21:45]-------------------------------------------
[2019-11-07 17:21:45]             mcu lost sync data 0: 77
[2019-11-07 17:21:45]-------------------------------------------
[2019-11-07 17:21:45]-------------------------------------------
[2019-11-07 17:21:45]             mcu lost sync data 0: 00
[2019-11-07 17:21:45]-------------------------------------------
[2019-11-07 17:21:45]-------------------------------------------
[2019-11-07 17:21:45]             mcu lost sync data 0: 88
[2019-11-07 17:21:45]-------------------------------------------
[2019-11-07 17:21:45]-------------------------------------------
[2019-11-07 17:21:45]             mcu lost sync data 0: A3
[2019-11-07 17:21:45]-------------------------------------------
[2019-11-07 17:21:45]-------------------------------------------
[2019-11-07 17:21:45]             mcu lost sync data 0: D0
[2019-11-07 17:21:45]-------------------------------------------
[2019-11-07 17:21:45]-------------------------------------------
[2019-11-07 17:21:45]             mcu lost sync data 0: 00
[2019-11-07 17:21:45]-------------------------------------------
[2019-11-07 17:21:45]-------------------------------------------
[2019-11-07 17:21:45]             mcu lost sync data 0: 06
[2019-11-07 17:21:45]-------------------------------------------
[2019-11-07 17:21:45]-------------------------------------------
[2019-11-07 17:21:45]             mcu lost sync data 0: 05
[2019-11-07 17:21:45]-------------------------------------------
[2019-11-07 17:21:45]-------------------------------------------
[2019-11-07 17:21:45]             mcu lost sync data 0: 02
[2019-11-07 17:21:45]-------------------------------------------
[2019-11-07 17:21:45]-------------------------------------------
[2019-11-07 17:21:45]             mcu lost sync data 0: 01
[2019-11-07 17:21:45]-------------------------------------------
[2019-11-07 17:21:45]-------------------------------------------
[2019-11-07 17:21:45]             mcu lost sync data 0: FF
[2019-11-07 17:21:45]-------------------------------------------
[2019-11-07 17:21:45]-------------------------------------------
[2019-11-07 17:21:45]             mcu lost sync data 0: 03
[2019-11-07 17:21:45]-------------------------------------------
[2019-11-07 17:21:45]-------------------------------------------
[2019-11-07 17:21:45]             mcu lost sync data 0: 07
[2019-11-07 17:21:45]-------------------------------------------
[2019-11-07 17:21:49]>>>>>>>>>>>>S:  AA 77 00 04 D6 D0 00 06 04 00 00 00 00 00 
[2019-11-07 17:21:52]AHT:103
[2019-11-07 17:21:52]MHT:103
[2019-11-07 17:21:52]>>>>>>>>>>>>S:  AA 77 00 0A D8 D0 00 06 04 00 00 00 00 00 
[2019-11-07 17:21:55]>>>>>>>>>>>>S:  AA 77 00 F3 D9 D0 01 03 05 FF 02 
[2019-11-07 17:21:56]>>>>>>>>>>>>S:  AA 77 00 08 DA D0 00 06 04 00 00 00 00 00 
[2019-11-07 17:21:59]>>>>>>>>>>>>S:  AA 77 00 09 DB D0 00 06 04 00 00 00 00 00 
[2019-11-07 17:22:02]AHT:104
[2019-11-07 17:22:03]>>>>>>>>>>>>S:  AA 77 00 0F DD D0 00 06 04 00 00 00 00 00 
[2019-11-07 17:22:05]MHT:104
[2019-11-07 17:22:06]>>>>>>>>>>>>S:  AA 77 00 0C DE D0 00 06 04 00 00 00 00 00 
[2019-11-07 17:22:10]>>>>>>>>>>>>S:  AA 77 00 0D DF D0 00 06 04 00 00 00 00 00 
[2019-11-07 17:22:12]AHT:105
[2019-11-07 17:22:13]>>>>>>>>>>>>S:  AA 77 00 33 E1 D0 00 06 04 00 00 00 00 00 
[2019-11-07 17:22:14]MHT:105
[2019-11-07 17:22:17]>>>>>>>>>>>>S:  AA 77 00 30 E2 D0 00 06 04 00 00 00 00 00 
[2019-11-07 17:22:20]>>>>>>>>>>>>S:  AA 77 00 31 E3 D0 00 06 04 00 00 00 00 00 
[2019-11-07 17:22:22]AHT:106
[2019-11-07 17:22:22]MHT:106
[2019-11-07 17:22:23]>>>>>>>>>>>>S:  AA 77 00 37 E5 D0 00 06 04 00 00 00 00 00 
[2019-11-07 17:22:27]>>>>>>>>>>>>S:  AA 77 00 34 E6 D0 00 06 04 00 00 00 00 00 
[2019-11-07 17:22:30]>>>>>>>>>>>>S:  AA 77 00 35 E7 D0 00 06 04 00 00 00 00 00 
[2019-11-07 17:22:32]AHT:107
[2019-11-07 17:22:32]MHT:107
[2019-11-07 17:22:34]>>>>>>>>>>>>S:  AA 77 00 3B E9 D0 00 06 04 00 00 00 00 00 
[2019-11-07 17:22:37]>>>>>>>>>>>>S:  AA 77 00 38 EA D0 00 06 04 00 00 00 00 00 
[2019-11-07 17:22:41]>>>>>>>>>>>>S:  AA 77 00 39 EB D0 00 06 04 00 00 00 00 00 
[2019-11-07 17:22:42]AHT:108
[2019-11-07 17:22:42]MHT:108
[2019-11-07 17:22:44]>>>>>>>>>>>>S:  AA 77 00 3F ED D0 00 06 04 00 00 00 00 00 
[2019-11-07 17:22:48]>>>>>>>>>>>>S:  AA 77 00 3C EE D0 00 06 04 00 00 00 00 00 
[2019-11-07 17:22:51]>>>>>>>>>>>>S:  AA 77 00 3D EF D0 00 06 04 00 00 00 00 00 
[2019-11-07 17:22:52]AHT:109
[2019-11-07 17:22:52]MHT:109
[2019-11-07 17:22:55]>>>>>>>>>>>>S:  AA 77 00 23 F1 D0 00 06 04 00 00 00 00 00 
[2019-11-07 17:22:40]>>>>>>>>>>>>S:  AA 77 00 20 F2 D1 01 02 01 01 
[2019-11-07 17:22:57]>>>>>>>>>>>>S:  AA 77 00 21 F3 D1 01 02 01 01 
[2019-11-07 17:22:57]>>>>>>>>>>>>S:  AA 77 00 07 F4 A0 00 08 8D 07 E3 0B 07 11 16 39 
[2019-11-07 17:22:57]>>>>>>>>>>>>S:  AA 77 00 27 F5 D0 00 06 04 00 00 00 00 00 
[2019-11-07 17:23:00]>>>>>>>>>>>>S:  AA 77 00 24 F6 D0 00 06 04 00 00 00 00 00 
[2019-11-07 17:23:01]AHT:110
[2019-11-07 17:23:01]MHT:110
[2019-11-07 17:23:04]>>>>>>>>>>>>S:  AA 77 00 2A F8 D0 00 06 04 00 00 00 00 00 
[2019-11-07 17:23:07]>>>>>>>>>>>>S:  AA 77 00 2B F9 D0 00 06 04 00 00 00 00 00 
[2019-11-07 17:23:11]>>>>>>>>>>>>S:  AA 77 00 28 FA D0 00 06 04 00 00 00 00 00 
[2019-11-07 17:23:11]AHT:111
[2019-11-07 17:23:11]MHT:111
[2019-11-07 17:23:14]>>>>>>>>>>>>S:  AA 77 00 2E FC D0 00 06 04 00 00 00 00 00 
[2019-11-07 17:23:18]>>>>>>>>>>>>S:  AA 77 00 2F FD D0 00 06 04 00 00 00 00 00 
[2019-11-07 17:23:21]AHT:112
[2019-11-07 17:23:21]MHT:112
[2019-11-07 17:23:21]>>>>>>>>>>>>S:  AA 77 00 2D FF D0 00 06 04 00 00 00 00 00 
[2019-11-07 17:23:25]>>>>>>>>>>>>S:  AA 77 00 D2 00 D0 00 06 04 00 00 00 00 00 
[2019-11-07 17:23:28]>>>>>>>>>>>>S:  AA 77 00 D3 01 D0 00 06 04 00 00 00 00 00 
[2019-11-07 17:23:31]AHT:113
[2019-11-07 17:23:31]MHT:113
[2019-11-07 17:23:32]>>>>>>>>>>>>S:  AA 77 00 D1 03 D0 00 06 04 00 00 00 00 00 
[2019-11-07 17:23:35]>>>>>>>>>>>>S:  AA 77 00 D6 04 D0 00 06 04 00 00 00 00 00 
[2019-11-07 17:23:39]>>>>>>>>>>>>S:  AA 77 00 D7 05 D0 00 06 04 00 00 00 00 00 
[2019-11-07 17:23:41]AHT:114
[2019-11-07 17:23:41]MHT:114
[2019-11-07 17:23:42]>>>>>>>>>>>>S:  AA 77 00 D5 07 D0 00 06 04 00 00 00 00 00 
[2019-11-07 17:23:45]>>>>>>>>>>>>S:  AA 77 00 DA 08 D0 00 06 04 00 00 00 00 00 
[2019-11-07 17:23:49]>>>>>>>>>>>>S:  AA 77 00 DB 09 D0 00 06 04 00 00 00 00 00 
[2019-11-07 17:23:51]AHT:115
[2019-11-07 17:23:51]MHT:115
[2019-11-07 17:23:52]>>>>>>>>>>>>S:  AA 77 00 D9 0B D0 00 06 04 00 00 00 00 00 
[2019-11-07 17:23:56]>>>>>>>>>>>>S:  AA 77 00 DE 0C D0 00 06 04 00 00 00 00 00 
[2019-11-07 17:23:59]>>>>>>>>>>>>S:  AA 77 00 DF 0D D0 00 06 04 00 00 00 00 00 
[2019-11-07 17:24:01]AHT:116
[2019-11-07 17:24:01]MHT:116
[2019-11-07 17:24:03]>>>>>>>>>>>>S:  AA 77 00 DD 0F D0 00 06 04 00 00 00 00 00 
[2019-11-07 17:24:06]>>>>>>>>>>>>S:  AA 77 00 C2 10 D0 00 06 04 00 00 00 00 00 
[2019-11-07 17:24:10]>>>>>>>>>>>>S:  AA 77 00 C3 11 D0 00 06 04 00 00 00 00 00 
[2019-11-07 17:24:11]AHT:117
[2019-11-07 17:24:11]MHT:117
[2019-11-07 17:24:13]>>>>>>>>>>>>S:  AA 77 00 C1 13 D0 00 06 04 00 00 00 00 00 
[2019-11-07 17:24:17]>>>>>>>>>>>>S:  AA 77 00 C6 14 D0 00 06 04 00 00 00 00 00 
[2019-11-07 17:24:20]>>>>>>>>>>>>S:  AA 77 00 C7 15 D0 00 06 04 00 00 00 00 00 
[2019-11-07 17:24:21]AHT:118
[2019-11-07 17:24:21]MHT:118
[2019-11-07 17:24:24]>>>>>>>>>>>>S:  AA 77 00 C5 17 D0 00 06 04 00 00 00 00 00 
[2019-11-07 17:24:27]>>>>>>>>>>>>S:  AA 77 00 CA 18 D0 00 06 04 00 00 00 00 00 
[2019-11-07 17:24:31]>>>>>>>>>>>>S:  AA 77 00 CB 19 D0 00 06 04 00 00 00 00 00 
[2019-11-07 17:24:31]AHT:119
[2019-11-07 17:24:31]MHT:119
[2019-11-07 17:24:34]>>>>>>>>>>>>S:  AA 77 00 C9 1B D0 00 06 04 00 00 00 00 00 
[2019-11-07 17:24:38]>>>>>>>>>>>>S:  AA 77 00 CE 1C D0 00 06 04 00 00 00 00 00 
[2019-11-07 17:24:39]>>>>>>>>>>>>S:  AA 77 00 FE 1D A0 00 08 8D 07 E3 0B 07 11 18 27 
[2019-11-07 17:24:41]AHT:120
[2019-11-07 17:24:41]MHT:120
[2019-11-07 17:24:41]>>>>>>>>>>>>S:  AA 77 00 CD 1F D0 00 06 04 00 00 00 00 00 
[2019-11-07 17:24:45]>>>>>>>>>>>>S:  AA 77 00 F2 20 D0 00 06 04 00 00 00 00 00 
[2019-11-07 17:24:48]>>>>>>>>>>>>S:  AA 77 00 F3 21 D0 00 06 04 00 00 00 00 00 
[2019-11-07 17:24:51]AHT:121
[2019-11-07 17:24:52]>>>>>>>>>>>>S:  AA 77 00 F1 23 D0 00 06 04 00 00 00 00 00 
[2019-11-07 17:24:54]MHT:121
[2019-11-07 17:24:55]>>>>>>>>>>>>S:  AA 77 00 F6 24 D0 00 06 04 00 00 00 00 00 
[2019-11-07 17:24:58]>>>>>>>>>>>>S:  AA 77 00 F7 25 D0 00 06 04 00 00 00 00 00 
[2019-11-07 17:25:01]AHT:122
[2019-11-07 17:25:01]MHT:122
[2019-11-07 17:25:02]>>>>>>>>>>>>S:  AA 77 00 F5 27 D0 00 06 04 00 00 00 00 00 
[2019-11-07 17:25:05]>>>>>>>>>>>>S:  AA 77 00 FA 28 D0 00 06 04 00 00 00 00 00 
[2019-11-07 17:25:09]>>>>>>>>>>>>S:  AA 77 00 FB 29 D0 00 06 04 00 00 00 00 00 
[2019-11-07 17:25:11]AHT:123
[2019-11-07 17:25:11]MHT:123
[2019-11-07 17:25:12]>>>>>>>>>>>>S:  AA 77 00 F9 2B D0 00 06 04 00 00 00 00 00 
[2019-11-07 17:25:16]>>>>>>>>>>>>S:  AA 77 00 FE 2C D0 00 06 04 00 00 00 00 00 
[2019-11-07 17:25:19]>>>>>>>>>>>>S:  AA 77 00 FF 2D D0 00 06 04 00 00 00 00 00 
[2019-11-07 17:25:21]AHT:124
[2019-11-07 17:25:21]MHT:124
[2019-11-07 17:25:23]>>>>>>>>>>>>S:  AA 77 00 FD 2F D0 00 06 04 00 00 00 00 00 
[2019-11-07 17:25:26]>>>>>>>>>>>>S:  AA 77 00 E2 30 D0 00 06 04 00 00 00 00 00 
[2019-11-07 17:25:30]>>>>>>>>>>>>S:  AA 77 00 E3 31 D0 00 06 04 00 00 00 00 00 
[2019-11-07 17:25:31]AHT:125
[2019-11-07 17:25:31]MHT:125
[2019-11-07 17:25:33]>>>>>>>>>>>>S:  AA 77 00 E1 33 D0 00 06 04 00 00 00 00 00 
[2019-11-07 17:25:37]>>>>>>>>>>>>S:  AA 77 00 E6 34 D0 00 06 04 00 00 00 00 00 
[2019-11-07 17:25:40]>>>>>>>>>>>>S:  AA 77 00 E7 35 D0 00 06 04 00 00 00 00 00 
[2019-11-07 17:25:41]AHT:126
[2019-11-07 17:25:41]MHT:126
[2019-11-07 17:25:44]>>>>>>>>>>>>S:  AA 77 00 E5 37 D0 00 06 04 00 00 00 00 00 
[2019-11-07 17:25:47]>>>>>>>>>>>>S:  AA 77 00 EA 38 D0 00 06 04 00 00 00 00 00 
[2019-11-07 17:25:51]>>>>>>>>>>>>S:  AA 77 00 EB 39 D0 00 06 04 00 00 00 00 00 
[2019-11-07 17:25:51]AHT:127
[2019-11-07 17:25:51]MHT:127
[2019-11-07 17:25:37]>>>>>>>>>>>>S:  AA 77 00 E9 3B D1 01 02 01 01 
[2019-11-07 17:25:53]>>>>>>>>>>>>S:  AA 77 00 EE 3C D1 01 02 01 01 
[2019-11-07 17:25:53]>>>>>>>>>>>>S:  AA 77 00 CD 3D A0 00 08 8D 07 E3 0B 07 11 19 35 
[2019-11-07 17:25:53]>>>>>>>>>>>>S:  AA 77 00 EC 3E D0 00 06 04 00 00 00 00 00 
[2019-11-07 17:25:57]>>>>>>>>>>>>S:  AA 77 00 ED 3F D0 00 06 04 00 00 00 00 00 
[2019-11-07 17:26:00]AHT:128
[2019-11-07 17:26:00]MHT:128
[2019-11-07 17:26:00]>>>>>>>>>>>>S:  AA 77 00 93 41 D0 00 06 04 00 00 00 00 00 
[2019-11-07 17:26:04]>>>>>>>>>>>>S:  AA 77 00 90 42 D0 00 06 04 00 00 00 00 00 
[2019-11-07 17:26:07]>>>>>>>>>>>>S:  AA 77 00 91 43 D0 00 06 04 00 00 00 00 00 
[2019-11-07 17:26:10]AHT:129
[2019-11-07 17:26:10]MHT:129
[2019-11-07 17:26:11]>>>>>>>>>>>>S:  AA 77 00 97 45 D0 00 06 04 00 00 00 00 00 
[2019-11-07 17:26:12]-------------------------------------------
[2019-11-07 17:26:12]             mcu lost sync data 0: 00
[2019-11-07 17:26:12]-------------------------------------------
[2019-11-07 17:26:12]-------------------------------------------
[2019-11-07 17:26:12]             mcu lost sync data 0: 00
[2019-11-07 17:26:12]-------------------------------------------
[2019-11-07 17:26:12]mcu reset, req arm handshake
[2019-11-07 17:26:12]-------------------------------------------
[2019-11-07 17:26:12]             mcu lost sync data 0: 00
[2019-11-07 17:26:12]-------------------------------------------
[2019-11-07 17:26:12]mcu reset, req arm handshake
[2019-11-07 17:26:12]-------------------------------------------
[2019-11-07 17:26:12]             mcu lost sync data 0: 00
[2019-11-07 17:26:12]-------------------------------------------
[2019-11-07 17:26:12]mcu reset, req arm handshake
[2019-11-07 17:26:14]>>>>>>>>>>>>S:  AA 77 00 65 46 A0 00 02 80 01 
[2019-11-07 17:26:14]try handshake 24 times
[2019-11-07 17:26:14]handshake successful
[2019-11-07 17:26:14]MHT:0
[2019-11-07 17:26:14]ACC OFF
[2019-11-07 17:26:14]MCU MODE_UNKNOWN
[2019-11-07 17:26:14]MCU Version: mcu_L_DFSK_F516-19_1.0.1_191031
[2019-11-07 17:26:14]CAN Version: can_v2.0L_516-19
[2019-11-07 17:26:14]PowerData: 00 00 00 00 00 
[2019-11-07 17:26:14]pdid: DFSK0001000200261910160001000010
[2019-11-07 17:26:14]vin:12345T0703T000110
[2019-11-07 17:26:14]>>>>>>>>>>>>S:  AA 77 00 A9 47 D0 01 15 2E 38 39 38 36 30 39 31 38 37 30 30 30 30 39 32 32 31 30 32 36 
[2019-11-07 17:26:14]>>>>>>>>>>>>S:  AA 77 00 96 48 D0 01 10 2F 34 36 30 30 39 36 30 39 30 37 32 32 31 30 32 
[2019-11-07 17:26:14]>>>>>>>>>>>>S:  AA 77 00 80 49 D0 01 10 33 38 36 32 30 31 35 30 33 37 35 31 31 37 32 37 
[2019-11-07 17:26:14]Mcu init data end
[2019-11-07 17:26:14]>>>>>>>>>>>>S:  AA 77 00 98 4A D0 00 06 04 00 00 00 00 00 
[2019-11-07 17:26:14]>>>>>>>>>>>>S:  AA 77 00 83 4B A0 00 08 8D 07 E3 0B 07 11 1A 0E 
[2019-11-07 17:26:17]-------------------------------------------
[2019-11-07 17:26:17]             mcu lost sync data 0: 00
[2019-11-07 17:26:17]-------------------------------------------
[2019-11-07 17:26:17]mcu reset, req arm handshake
[2019-11-07 17:26:18]>>>>>>>>>>>>S:  AA 77 00 9E 4C D0 00 06 04 00 00 00 00 00 
[2019-11-07 17:26:20]>>>>>>>>>>>>S:  AA 77 00 6E 4D A0 00 02 80 01 
[2019-11-07 17:26:20]try handshake 25 times
[2019-11-07 17:26:20]handshake successful
[2019-11-07 17:26:20]MHT:0
[2019-11-07 17:26:20]ACC OFF
[2019-11-07 17:26:20]MCU MODE_UNKNOWN
[2019-11-07 17:26:20]MCU Version: mcu_L_DFSK_F516-19_1.0.1_191031
[2019-11-07 17:26:20]CAN Version: can_v2.0L_516-19
[2019-11-07 17:26:20]PowerData: 00 00 00 00 00 
[2019-11-07 17:26:20]pdid: DFSK0001000200261910160001000010
[2019-11-07 17:26:20]vin:12345T0703T000110
[2019-11-07 17:26:20]>>>>>>>>>>>>S:  AA 77 00 A0 4E D0 01 15 2E 38 39 38 36 30 39 31 38 37 30 30 30 30 39 32 32 31 30 32 36 
[2019-11-07 17:26:20]>>>>>>>>>>>>S:  AA 77 00 91 4F D0 01 10 2F 34 36 30 30 39 36 30 39 30 37 32 32 31 30 32 
[2019-11-07 17:26:20]>>>>>>>>>>>>S:  AA 77 00 99 50 D0 01 10 33 38 36 32 30 31 35 30 33 37 35 31 31 37 32 37 
[2019-11-07 17:26:20]Mcu init data end
[2019-11-07 17:26:20]-------------------------------------------
[2019-11-07 17:26:20]             mcu lost sync data 0: 77
[2019-11-07 17:26:20]-------------------------------------------
[2019-11-07 17:26:20]-------------------------------------------
[2019-11-07 17:26:20]              mcu lost sync data 1: FF
[2019-11-07 17:26:20]-------------------------------------------
[2019-11-07 17:26:20]-------------------------------------------
[2019-11-07 17:26:20]             mcu lost sync data 0: D0
[2019-11-07 17:26:20]-------------------------------------------
[2019-11-07 17:26:20]-------------------------------------------
[2019-11-07 17:26:20]             mcu lost sync data 0: 2E
[2019-11-07 17:26:20]-------------------------------------------
[2019-11-07 17:26:20]-------------------------------------------
[2019-11-07 17:26:20]             mcu lost sync data 0: 55
[2019-11-07 17:26:20]-------------------------------------------
[2019-11-07 17:26:20]AHT:130
[2019-11-07 17:26:20]MHT:130
[2019-11-07 17:26:20]>>>>>>>>>>>>S:  AA 77 00 80 52 A0 00 08 8D 07 E3 0B 07 11 1A 14 
[2019-11-07 17:26:21]>>>>>>>>>>>>S:  AA 77 00 BD 53 D0 01 15 2E 38 39 38 36 30 39 31 38 37 30 30 30 30 39 32 32 31 30 32 36 
[2019-11-07 17:26:21]>>>>>>>>>>>>S:  AA 77 00 86 54 D0 00 06 04 00 00 00 00 00 
[2019-11-07 17:26:23]-------------------------------------------
[2019-11-07 17:26:23]             mcu lost sync data 0: 00
[2019-11-07 17:26:23]-------------------------------------------
[2019-11-07 17:26:23]mcu reset, req arm handshake
[2019-11-07 17:26:25]>>>>>>>>>>>>S:  AA 77 00 87 55 D0 00 06 04 00 00 00 00 00 
[2019-11-07 17:26:26]>>>>>>>>>>>>S:  AA 77 00 75 56 A0 00 02 80 01 
[2019-11-07 17:26:26]try handshake 26 times
[2019-11-07 17:26:26]handshake successful
[2019-11-07 17:26:26]MHT:0
[2019-11-07 17:26:26]ACC OFF
[2019-11-07 17:26:26]MCU MODE_UNKNOWN
[2019-11-07 17:26:26]MCU Version: mcu_L_DFSK_F516-19_1.0.1_191031
[2019-11-07 17:26:26]CAN Version: can_v2.0L_516-19
[2019-11-07 17:26:26]PowerData: 00 00 00 00 00 
[2019-11-07 17:26:26]pdid: DFSK0001000200261910160001000010
[2019-11-07 17:26:26]vin:12345T0703T000110
[2019-11-07 17:26:26]>>>>>>>>>>>>S:  AA 77 00 B9 57 D0 01 15 2E 38 39 38 36 30 39 31 38 37 30 30 30 30 39 32 32 31 30 32 36 
[2019-11-07 17:26:26]>>>>>>>>>>>>S:  AA 77 00 86 58 D0 01 10 2F 34 36 30 30 39 36 30 39 30 37 32 32 31 30 32 
[2019-11-07 17:26:26]>>>>>>>>>>>>S:  AA 77 00 90 59 D0 01 10 33 38 36 32 30 31 35 30 33 37 35 31 31 37 32 37 
[2019-11-07 17:26:26]Mcu init data end
[2019-11-07 17:26:26]>>>>>>>>>>>>S:  AA 77 00 86 5A A0 00 08 8D 07 E3 0B 07 11 1A 1A 
[2019-11-07 17:26:28]>>>>>>>>>>>>S:  AA 77 00 89 5B D0 00 06 04 00 00 00 00 00 
[2019-11-07 17:26:30]AHT:131
[2019-11-07 17:26:30]MHT:131
[2019-11-07 17:26:32]>>>>>>>>>>>>S:  AA 77 00 8F 5D D0 00 06 04 00 00 00 00 00 
