[1980-01-06 08:00:09]               /\  /\                
[1980-01-06 08:00:09]***************  \/  *****************
[1980-01-06 08:00:09]                                      
[1980-01-06 08:00:09] mcu-service start!!!!                
[1980-01-06 08:00:09] build: Oct 31 2019 14:30:38 
[1980-01-06 08:00:09] build: 06 12 2019 09:13:18           
[1980-01-06 08:00:09]                                      
[1980-01-06 08:00:09]**************************************
[1980-01-06 08:00:09]class McuServiceStubImpl construction
[1980-01-06 08:00:09]McuService registerService Done
[1980-01-06 08:00:09]new VDDataModel()
[1980-01-06 08:00:09]initVehicleData done
[1980-01-06 08:00:09]initPowerData done
[1980-01-06 08:00:09]initAccIgnData done
[1980-01-06 08:00:09]initHandShake done
[1980-01-06 08:00:09]initArmRebootReasonData done
[1980-01-06 08:00:09]iniModeData done
[1980-01-06 08:00:09]iniMfgData done
[1980-01-06 08:00:09]registerPowerDataChangeCb Done
[1980-01-06 08:00:09]registerAccIgnChangeCb Done
[1980-01-06 08:00:09]registerPhoneCallChangeCb Done
[1980-01-06 08:00:09]registerHandShakeChangeCb Done
[1980-01-06 08:00:09]registerModeChangeCb Done
[1980-01-06 08:00:09]class mcuUpgradeServiceStubImpl construction
[1980-01-06 08:00:09]McuUpgradeDataService registerService Done
[1980-01-06 08:00:09]new MCUpdateDataModel()
[1980-01-06 08:00:09]uart:/dev/ttyHSL0,baud:115200
[1980-01-06 08:00:09]autolinkMcuServiceInit -> start
[1980-01-06 08:00:09]wait uart
[1980-01-06 08:00:09]autolinkMcuQemuThread start
[1980-01-06 08:00:09]autolinkMcuServiceThread -> start
[1980-01-06 08:00:09]mcu service use select
[1980-01-06 08:00:09]mcu service thread running
[1980-01-06 08:00:09]autolinkMcuParseDataThread -> start
[1980-01-06 08:00:09]autolinkAckCheckThread -> start
[1980-01-06 08:00:10]autolinkMcuServiceInit -> end
[1980-01-06 08:00:10]new VDDataModelCtrl()
[1980-01-06 08:00:10]VDDataModelCtrl is constructed
[1980-01-06 08:00:13]>>>>>>>>>>>>S:  AA 77 00 23 00 A0 00 02 80 01 
[1980-01-06 08:00:13]try handshake 1 times
[1980-01-06 08:00:13]handshake successful
[1980-01-06 08:00:13]MHT:0
[1980-01-06 08:00:13]ACC ON
[1980-01-06 08:00:13]MCU MODE_UNKNOWN
[1980-01-06 08:00:13]MCU Version: mcu_L_DFSK_F516-19_1.0.1_191031
[1980-01-06 08:00:13]CAN Version: can_v2.0L_516-19
[1980-01-06 08:00:13]PowerData: 00 00 00 00 00 
[1980-01-06 08:00:13]pdid: DFSK0001000200261910160001000010
[1980-01-06 08:00:13]vin:12345T0703T000110
[1980-01-06 08:00:13]>>>>>>>>>>>>S:  AA 77 00 EF 01 D0 01 15 2E 38 39 38 36 30 39 31 38 37 30 30 30 30 39 32 32 31 30 32 36 
[1980-01-06 08:00:13]>>>>>>>>>>>>S:  AA 77 00 DC 02 D0 01 10 2F 34 36 30 30 39 36 30 39 30 37 32 32 31 30 32 
[1980-01-06 08:00:13]>>>>>>>>>>>>S:  AA 77 00 CA 03 D0 01 10 33 38 36 32 30 31 35 30 33 37 35 31 31 37 32 37 
[1980-01-06 08:00:13]Mcu init data end
[1980-01-06 08:00:13]>>>>>>>>>>>>S:  AA 77 00 D6 04 D0 00 06 04 00 00 00 00 00 
[1980-01-06 08:00:16]>>>>>>>>>>>>S:  AA 77 00 D7 05 D0 00 06 04 00 00 00 00 00 
[1980-01-06 08:00:19]AHT:0
[1980-01-06 08:00:19]MHT:0
[1980-01-06 08:00:20]>>>>>>>>>>>>S:  AA 77 00 D5 07 D0 00 06 04 00 00 00 00 00 
[1980-01-06 08:00:20]>>>>>>>>>>>>S:  AA 77 00 C7 08 D0 00 03 1C 00 00 
[1980-01-06 08:00:21]>>>>>>>>>>>>S:  AA 77 00 D8 09 D1 01 02 03 00 
[1980-01-06 08:00:22]>>>>>>>>>>>>S:  AA 77 00 D9 0A D0 00 06 04 01 00 00 00 00 
[1980-01-06 08:00:26]>>>>>>>>>>>>S:  AA 77 00 D8 0B D0 00 06 04 01 00 00 00 00 
[1980-01-06 08:00:29]AHT:1
[1980-01-06 08:00:29]MHT:1
[1980-01-06 08:00:29]>>>>>>>>>>>>S:  AA 77 00 DE 0D D0 00 06 04 01 00 00 00 00 
[2019-11-08 07:03:06]>>>>>>>>>>>>S:  AA 77 00 DC 0E D1 01 02 01 01 
[2019-11-08 07:03:24]>>>>>>>>>>>>S:  AA 77 00 DD 0F D1 01 02 01 01 
[2019-11-08 07:03:24]>>>>>>>>>>>>S:  AA 77 00 CE 10 A0 00 08 8D 07 E3 0B 08 07 03 18 
[2019-11-08 07:03:26]>>>>>>>>>>>>S:  AA 77 00 C2 11 D0 00 06 04 01 00 00 00 00 
[2019-11-08 07:03:29]>>>>>>>>>>>>S:  AA 77 00 C1 12 D0 00 06 04 01 00 00 00 00 
[2019-11-08 07:03:31]AHT:2
[2019-11-08 07:03:32]MHT:2
[2019-11-08 07:03:33]>>>>>>>>>>>>S:  AA 77 00 C7 14 D0 00 06 04 01 00 00 00 00 
[2019-11-08 07:03:34]>>>>>>>>>>>>S:  AA 77 00 C7 15 D1 01 02 01 01 
[2019-11-08 07:03:17]>>>>>>>>>>>>S:  AA 77 00 C4 16 D1 01 02 01 01 
[2019-11-08 07:03:17]>>>>>>>>>>>>S:  AA 77 00 C0 17 A0 00 08 8D 07 E3 0B 08 07 03 11 
[2019-11-08 07:03:19]>>>>>>>>>>>>S:  AA 77 00 CB 18 D0 00 06 04 01 00 00 00 00 
[2019-11-08 07:03:23]>>>>>>>>>>>>S:  AA 77 00 CA 19 D0 00 06 04 01 00 00 00 00 
[2019-11-08 07:03:23]>>>>>>>>>>>>S:  AA 77 00 C8 1A D0 00 06 04 00 00 00 00 00 
[2019-11-08 07:03:24]AHT:3
[2019-11-08 07:03:24]MHT:3
[2019-11-08 07:03:26]>>>>>>>>>>>>S:  AA 77 00 CE 1C D0 00 06 04 00 00 00 00 00 
[2019-11-08 07:03:30]>>>>>>>>>>>>S:  AA 77 00 CF 1D D0 00 06 04 00 00 00 00 00 
[2019-11-08 07:03:33]>>>>>>>>>>>>S:  AA 77 00 CC 1E D0 00 06 04 00 00 00 00 00 
