[1980-01-06 08:00:09]               /\  /\                
[1980-01-06 08:00:09]***************  \/  *****************
[1980-01-06 08:00:09]                                      
[1980-01-06 08:00:09] mcu-service start!!!!                
[1980-01-06 08:00:09] build: Oct 31 2019 14:30:38 
[1980-01-06 08:00:09] build: 06 12 2019 09:13:18           
[1980-01-06 08:00:09]                                      
[1980-01-06 08:00:09]**************************************
[1980-01-06 08:00:09]class McuServiceStubImpl construction
[1980-01-06 08:00:09]McuService registerService Done
[1980-01-06 08:00:09]new VDDataModel()
[1980-01-06 08:00:09]initVehicleData done
[1980-01-06 08:00:09]initPowerData done
[1980-01-06 08:00:09]initAccIgnData done
[1980-01-06 08:00:09]initHandShake done
[1980-01-06 08:00:09]initArmRebootReasonData done
[1980-01-06 08:00:09]iniModeData done
[1980-01-06 08:00:09]iniMfgData done
[1980-01-06 08:00:09]registerPowerDataChangeCb Done
[1980-01-06 08:00:09]registerAccIgnChangeCb Done
[1980-01-06 08:00:09]registerPhoneCallChangeCb Done
[1980-01-06 08:00:09]registerHandShakeChangeCb Done
[1980-01-06 08:00:09]registerModeChangeCb Done
[1980-01-06 08:00:09]class mcuUpgradeServiceStubImpl construction
[1980-01-06 08:00:09]McuUpgradeDataService registerService Done
[1980-01-06 08:00:09]new MCUpdateDataModel()
[1980-01-06 08:00:09]uart:/dev/ttyHSL0,baud:115200
[1980-01-06 08:00:09]autolinkMcuServiceInit -> start
[1980-01-06 08:00:09]wait uart
[1980-01-06 08:00:09]autolinkMcuQemuThread start
[1980-01-06 08:00:09]autolinkMcuServiceThread -> start
[1980-01-06 08:00:09]mcu service use select
[1980-01-06 08:00:09]mcu service thread running
[1980-01-06 08:00:09]autolinkMcuParseDataThread -> start
[1980-01-06 08:00:09]autolinkAckCheckThread -> start
[1980-01-06 08:00:09]autolinkMcuServiceInit -> end
[1980-01-06 08:00:09]new VDDataModelCtrl()
[1980-01-06 08:00:09]VDDataModelCtrl is constructed
[1980-01-06 08:00:12]>>>>>>>>>>>>S:  AA 77 00 23 00 A0 00 02 80 01 
[1980-01-06 08:00:12]try handshake 1 times
[1980-01-06 08:00:12]handshake successful
[1980-01-06 08:00:12]MHT:0
[1980-01-06 08:00:12]ACC ON
[1980-01-06 08:00:12]MCU MODE_UNKNOWN
[1980-01-06 08:00:12]MCU Version: mcu_L_DFSK_F516-19_1.0.1_191031
[1980-01-06 08:00:12]CAN Version: can_v2.0L_516-19
[1980-01-06 08:00:12]PowerData: 00 00 00 00 00 
[1980-01-06 08:00:12]pdid: DFSK0001000200261910160001000010
[1980-01-06 08:00:12]vin:12345T0703T000110
[1980-01-06 08:00:12]>>>>>>>>>>>>S:  AA 77 00 EF 01 D0 01 15 2E 38 39 38 36 30 39 31 38 37 30 30 30 30 39 32 32 31 30 32 36 
[1980-01-06 08:00:12]>>>>>>>>>>>>S:  AA 77 00 DC 02 D0 01 10 2F 34 36 30 30 39 36 30 39 30 37 32 32 31 30 32 
[1980-01-06 08:00:12]>>>>>>>>>>>>S:  AA 77 00 CA 03 D0 01 10 33 38 36 32 30 31 35 30 33 37 35 31 31 37 32 37 
[1980-01-06 08:00:12]Mcu init data end
[1980-01-06 08:00:12]-------------------------------------------
[1980-01-06 08:00:12]             mcu lost sync data 0: 77
[1980-01-06 08:00:12]-------------------------------------------
[1980-01-06 08:00:12]-------------------------------------------
[1980-01-06 08:00:12]              mcu lost sync data 1: FF
[1980-01-06 08:00:12]-------------------------------------------
[1980-01-06 08:00:12]-------------------------------------------
[1980-01-06 08:00:12]             mcu lost sync data 0: D0
[1980-01-06 08:00:12]-------------------------------------------
[1980-01-06 08:00:12]-------------------------------------------
[1980-01-06 08:00:12]             mcu lost sync data 0: 2E
[1980-01-06 08:00:12]-------------------------------------------
[1980-01-06 08:00:12]-------------------------------------------
[1980-01-06 08:00:12]             mcu lost sync data 0: 55
[1980-01-06 08:00:12]-------------------------------------------
[1980-01-06 08:00:12]>>>>>>>>>>>>S:  AA 77 00 D6 04 D0 00 06 04 00 00 00 00 00 
[1980-01-06 08:00:13]>>>>>>>>>>>>S:  AA 77 00 EB 05 D0 01 15 2E 38 39 38 36 30 39 31 38 37 30 30 30 30 39 32 32 31 30 32 36 
[1980-01-06 08:00:16]>>>>>>>>>>>>S:  AA 77 00 D4 06 D0 00 06 04 00 00 00 00 00 
[1980-01-06 08:00:18]AHT:0
[1980-01-06 08:00:18]MHT:0
[1980-01-06 08:00:19]>>>>>>>>>>>>S:  AA 77 00 DA 08 D0 00 06 04 00 00 00 00 00 
[1980-01-06 08:00:20]>>>>>>>>>>>>S:  AA 77 00 C6 09 D0 00 03 1C 00 00 
[1980-01-06 08:00:21]>>>>>>>>>>>>S:  AA 77 00 DB 0A D1 01 02 03 00 
[1980-01-06 08:00:21]>>>>>>>>>>>>S:  AA 77 00 D8 0B D0 00 06 04 01 00 00 00 00 
[1980-01-06 08:00:25]>>>>>>>>>>>>S:  AA 77 00 DF 0C D0 00 06 04 01 00 00 00 00 
[1980-01-06 08:00:28]AHT:1
[1980-01-06 08:00:28]MHT:1
[1980-01-06 08:00:29]>>>>>>>>>>>>S:  AA 77 00 DD 0E D0 00 06 04 01 00 00 00 00 
[2019-11-08 07:38:01]>>>>>>>>>>>>S:  AA 77 00 DD 0F D1 01 02 01 01 
[2019-11-08 07:38:18]>>>>>>>>>>>>S:  AA 77 00 C2 10 D1 01 02 01 01 
[2019-11-08 07:38:18]>>>>>>>>>>>>S:  AA 77 00 E0 11 A0 00 08 8D 07 E3 0B 08 07 26 12 
[2019-11-08 07:38:20]>>>>>>>>>>>>S:  AA 77 00 C1 12 D0 00 06 04 01 00 00 00 00 
[2019-11-08 07:38:23]>>>>>>>>>>>>S:  AA 77 00 C0 13 D0 00 06 04 01 00 00 00 00 
[2019-11-08 07:38:25]AHT:2
[2019-11-08 07:38:25]MHT:2
[2019-11-08 07:38:27]>>>>>>>>>>>>S:  AA 77 00 C6 15 D0 00 06 04 01 00 00 00 00 
[2019-11-08 07:38:11]>>>>>>>>>>>>S:  AA 77 00 C4 16 D1 01 02 01 01 
[2019-11-08 07:38:28]>>>>>>>>>>>>S:  AA 77 00 C5 17 D1 01 02 01 01 
[2019-11-08 07:38:28]>>>>>>>>>>>>S:  AA 77 00 E7 18 A0 00 08 8D 07 E3 0B 08 07 26 1C 
[2019-11-08 07:38:30]>>>>>>>>>>>>S:  AA 77 00 CA 19 D0 00 06 04 01 00 00 00 00 
[2019-11-08 07:38:34]>>>>>>>>>>>>S:  AA 77 00 C9 1A D0 00 06 04 01 00 00 00 00 
[2019-11-08 07:38:34]>>>>>>>>>>>>S:  AA 77 00 C9 1B D0 00 06 04 00 00 00 00 00 
[2019-11-08 07:38:35]-------------------------------------------
[2019-11-08 07:38:35]             mcu lost sync data 0: FE
[2019-11-08 07:38:35]-------------------------------------------
[2019-11-08 07:38:35]-------------------------------------------
[2019-11-08 07:38:35]             mcu lost sync data 0: 00
[2019-11-08 07:38:35]-------------------------------------------
[2019-11-08 07:38:35]mcu reset, req arm handshake
[2019-11-08 07:38:35]>>>>>>>>>>>>S:  AA 77 00 3F 1C A0 00 02 80 01 
[2019-11-08 07:38:35]try handshake 2 times
[2019-11-08 07:38:35]AHT:3
[2019-11-08 07:38:35]handshake successful
[2019-11-08 07:38:35]MHT:0
[2019-11-08 07:38:35]ACC ON
[2019-11-08 07:38:35]MCU MODE_UNKNOWN
[2019-11-08 07:38:35]MCU Version: mcu_L_DFSK_F516-19_1.0.1_191031
[2019-11-08 07:38:35]CAN Version: can_v2.0L_516-19
[2019-11-08 07:38:35]PowerData: 00 00 00 00 00 
[2019-11-08 07:38:35]pdid: DFSK0001000200261910160001000010
[2019-11-08 07:38:36]vin:12345T0703T000110
[2019-11-08 07:38:36]>>>>>>>>>>>>S:  AA 77 00 F3 1D D0 01 15 2E 38 39 38 36 30 39 31 38 37 30 30 30 30 39 32 32 31 30 32 36 
[2019-11-08 07:38:36]>>>>>>>>>>>>S:  AA 77 00 C0 1E D0 01 10 2F 34 36 30 30 39 36 30 39 30 37 32 32 31 30 32 
[2019-11-08 07:38:36]>>>>>>>>>>>>S:  AA 77 00 D6 1F D0 01 10 33 38 36 32 30 31 35 30 33 37 35 31 31 37 32 37 
[2019-11-08 07:38:36]Mcu init data end
[2019-11-08 07:38:36]>>>>>>>>>>>>S:  AA 77 00 E7 20 A0 00 08 8D 07 E3 0B 08 07 26 24 
[2019-11-08 07:38:36]-------------------------------------------
[2019-11-08 07:38:36]             mcu lost sync data 0: 00
[2019-11-08 07:38:36]-------------------------------------------
[2019-11-08 07:38:36]mcu reset, req arm handshake
[2019-11-08 07:38:38]>>>>>>>>>>>>S:  AA 77 00 F3 21 D0 00 06 04 00 00 00 00 00 
[2019-11-08 07:38:38]>>>>>>>>>>>>S:  AA 77 00 01 22 A0 00 02 80 01 
[2019-11-08 07:38:38]try handshake 3 times
[2019-11-08 07:38:38]handshake successful
[2019-11-08 07:38:38]MHT:0
[2019-11-08 07:38:38]ACC ON
[2019-11-08 07:38:38]MCU MODE_UNKNOWN
[2019-11-08 07:38:38]MCU Version: mcu_L_DFSK_F516-19_1.0.1_191031
[2019-11-08 07:38:38]CAN Version: can_v2.0L_516-19
[2019-11-08 07:38:38]PowerData: 00 00 00 00 00 
[2019-11-08 07:38:38]pdid: DFSK0001000200261910160001000010
[2019-11-08 07:38:39]vin:12345T0703T000110
[2019-11-08 07:38:39]>>>>>>>>>>>>S:  AA 77 00 CD 23 D0 01 15 2E 38 39 38 36 30 39 31 38 37 30 30 30 30 39 32 32 31 30 32 36 
[2019-11-08 07:38:39]>>>>>>>>>>>>S:  AA 77 00 FA 24 D0 01 10 2F 34 36 30 30 39 36 30 39 30 37 32 32 31 30 32 
[2019-11-08 07:38:39]>>>>>>>>>>>>S:  AA 77 00 EC 25 D0 01 10 33 38 36 32 30 31 35 30 33 37 35 31 31 37 32 37 
[2019-11-08 07:38:39]Mcu init data end
[2019-11-08 07:38:39]>>>>>>>>>>>>S:  AA 77 00 E2 26 A0 00 08 8D 07 E3 0B 08 07 26 27 
[2019-11-08 07:38:41]>>>>>>>>>>>>S:  AA 77 00 F5 27 D0 00 06 04 00 00 00 00 00 
[2019-11-08 07:38:45]>>>>>>>>>>>>S:  AA 77 00 FA 28 D0 00 06 04 00 00 00 00 00 
[2019-11-08 07:38:45]AHT:4
[2019-11-08 07:38:45]MHT:4
[2019-11-08 07:38:48]>>>>>>>>>>>>S:  AA 77 00 F8 2A D0 00 06 04 00 00 00 00 00 
[2019-11-08 07:38:52]>>>>>>>>>>>>S:  AA 77 00 F9 2B D0 00 06 04 00 00 00 00 00 
[2019-11-08 07:38:52]-------------------------------------------
[2019-11-08 07:38:52]             mcu lost sync data 0: 00
[2019-11-08 07:38:52]-------------------------------------------
[2019-11-08 07:38:55]AHT:5
[2019-11-08 07:38:56]>>>>>>>>>>>>S:  AA 77 00 FF 2D D0 00 06 04 00 00 00 00 00 
[2019-11-08 07:38:59]>>>>>>>>>>>>S:  AA 77 00 FC 2E D0 00 06 04 00 00 00 00 00 
[2019-11-08 07:39:01]*****power model wakeup****,_wakeupflag = 0
[2019-11-08 07:39:05]-------------------------------------------
[2019-11-08 07:39:05]             mcu lost sync data 0: 00
[2019-11-08 07:39:05]-------------------------------------------
[2019-11-08 07:39:14]-------------------------------------------
[2019-11-08 07:39:14]             mcu lost sync data 0: 00
[2019-11-08 07:39:14]-------------------------------------------
[2019-11-08 07:39:24]-------------------------------------------
[2019-11-08 07:39:24]             mcu lost sync data 0: 00
[2019-11-08 07:39:24]-------------------------------------------
[2019-11-08 07:39:33]-------------------------------------------
[2019-11-08 07:39:33]             mcu lost sync data 0: 00
[2019-11-08 07:39:33]-------------------------------------------
[2019-11-08 07:39:43]-------------------------------------------
[2019-11-08 07:39:43]             mcu lost sync data 0: 00
[2019-11-08 07:39:43]-------------------------------------------
[2019-11-08 07:39:52]-------------------------------------------
[2019-11-08 07:39:52]             mcu lost sync data 0: 00
[2019-11-08 07:39:52]-------------------------------------------
[2019-11-08 07:40:01]mcu reset, req arm handshake
[2019-11-08 07:40:02]>>>>>>>>>>>>S:  AA 77 00 0C 2F A0 00 02 80 01 
[2019-11-08 07:40:02]try handshake 4 times
[2019-11-08 07:40:02]handshake successful
[2019-11-08 07:40:02]MHT:0
[2019-11-08 07:40:02]ACC ON
[2019-11-08 07:40:02]MCU MODE_UNKNOWN
[2019-11-08 07:40:02]MCU Version: mcu_L_DFSK_F516-19_1.0.1_191031
[2019-11-08 07:40:02]CAN Version: can_v2.0L_516-19
[2019-11-08 07:40:02]PowerData: 00 00 00 00 00 
[2019-11-08 07:40:02]pdid: DFSK0001000200261910160001000010
[2019-11-08 07:40:02]vin:12345T0703T000110
[2019-11-08 07:40:02]>>>>>>>>>>>>S:  AA 77 00 DE 30 D0 01 15 2E 38 39 38 36 30 39 31 38 37 30 30 30 30 39 32 32 31 30 32 36 
[2019-11-08 07:40:02]>>>>>>>>>>>>S:  AA 77 00 EF 31 D0 01 10 2F 34 36 30 30 39 36 30 39 30 37 32 32 31 30 32 
[2019-11-08 07:40:02]>>>>>>>>>>>>S:  AA 77 00 FB 32 D0 01 10 33 38 36 32 30 31 35 30 33 37 35 31 31 37 32 37 
[2019-11-08 07:40:02]Mcu init data end
[2019-11-08 07:40:02]*****power model wakeup****,_wakeupflag = 1
[2019-11-08 07:40:03]AHT:6
[2019-11-08 07:40:04]>>>>>>>>>>>>S:  AA 77 00 E1 33 D0 00 06 04 00 00 00 00 00 
[2019-11-08 07:40:05]>>>>>>>>>>>>S:  AA 77 00 DC 34 A0 00 08 8D 07 E3 0B 08 07 28 05 
[2019-11-08 07:40:05]>>>>>>>>>>>>S:  AA 77 00 16 35 A0 00 02 80 01 
[2019-11-08 07:40:05]try handshake 5 times
[2019-11-08 07:40:05]handshake successful
[2019-11-08 07:40:05]MHT:0
[2019-11-08 07:40:05]ACC ON
[2019-11-08 07:40:05]MCU MODE_UNKNOWN
[2019-11-08 07:40:05]MCU Version: mcu_L_DFSK_F516-19_1.0.1_191031
[2019-11-08 07:40:05]CAN Version: can_v2.0L_516-19
[2019-11-08 07:40:05]PowerData: 00 00 00 00 00 
[2019-11-08 07:40:05]pdid: DFSK0001000200261910160001000010
[2019-11-08 07:40:05]vin:12345T0703T000110
[2019-11-08 07:40:05]>>>>>>>>>>>>S:  AA 77 00 D8 36 D0 01 15 2E 38 39 38 36 30 39 31 38 37 30 30 30 30 39 32 32 31 30 32 36 
[2019-11-08 07:40:05]>>>>>>>>>>>>S:  AA 77 00 E9 37 D0 01 10 2F 34 36 30 30 39 36 30 39 30 37 32 32 31 30 32 
[2019-11-08 07:40:05]>>>>>>>>>>>>S:  AA 77 00 F1 38 D0 01 10 33 38 36 32 30 31 35 30 33 37 35 31 31 37 32 37 
[2019-11-08 07:40:05]Mcu init data end
[2019-11-08 07:40:06]>>>>>>>>>>>>S:  AA 77 00 D2 39 A0 00 08 8D 07 E3 0B 08 07 28 06 
[2019-11-08 07:40:07]>>>>>>>>>>>>S:  AA 77 00 E8 3A D1 01 02 01 01 
[2019-11-08 07:39:50]>>>>>>>>>>>>S:  AA 77 00 E9 3B D1 01 02 01 01 
[2019-11-08 07:39:50]>>>>>>>>>>>>S:  AA 77 00 EC 3C A0 00 08 8D 07 E3 0B 08 07 27 32 
[2019-11-08 07:39:50]>>>>>>>>>>>>S:  AA 77 00 EF 3D D0 00 06 04 00 00 00 00 00 
[2019-11-08 07:39:54]>>>>>>>>>>>>S:  AA 77 00 EC 3E D0 00 06 04 00 00 00 00 00 
[2019-11-08 07:39:56]AHT:7
[2019-11-08 07:39:56]MHT:7
[2019-11-08 07:39:57]>>>>>>>>>>>>S:  AA 77 00 92 40 D0 00 06 04 00 00 00 00 00 
[2019-11-08 07:40:01]>>>>>>>>>>>>S:  AA 77 00 93 41 D0 00 06 04 00 00 00 00 00 
[2019-11-08 07:40:04]>>>>>>>>>>>>S:  AA 77 00 90 42 D0 00 06 04 00 00 00 00 00 
[2019-11-08 07:40:06]AHT:8
[2019-11-08 07:40:06]MHT:8
[2019-11-08 07:40:08]>>>>>>>>>>>>S:  AA 77 00 96 44 D0 00 06 04 00 00 00 00 00 
[2019-11-08 07:40:11]>>>>>>>>>>>>S:  AA 77 00 97 45 D0 00 06 04 00 00 00 00 00 
[2019-11-08 07:40:15]>>>>>>>>>>>>S:  AA 77 00 94 46 D0 00 06 04 00 00 00 00 00 
[2019-11-08 07:40:16]AHT:9
[2019-11-08 07:40:16]MHT:9
[2019-11-08 07:40:19]>>>>>>>>>>>>S:  AA 77 00 9A 48 D0 00 06 04 00 00 00 00 00 
[2019-11-08 07:40:22]>>>>>>>>>>>>S:  AA 77 00 9B 49 D0 00 06 04 00 00 00 00 00 
[2019-11-08 07:40:26]>>>>>>>>>>>>S:  AA 77 00 98 4A D0 00 06 04 00 00 00 00 00 
[2019-11-08 07:40:26]AHT:10
[2019-11-08 07:40:26]MHT:10
[2019-11-08 07:40:30]>>>>>>>>>>>>S:  AA 77 00 9E 4C D0 00 06 04 00 00 00 00 00 
[2019-11-08 07:40:33]>>>>>>>>>>>>S:  AA 77 00 9F 4D D0 00 06 04 00 00 00 00 00 
[2019-11-08 07:40:36]AHT:11
[2019-11-08 07:40:36]MHT:11
[2019-11-08 07:40:37]>>>>>>>>>>>>S:  AA 77 00 9D 4F D0 00 06 04 00 00 00 00 00 
[2019-11-08 07:40:40]>>>>>>>>>>>>S:  AA 77 00 82 50 D0 00 06 04 00 00 00 00 00 
[2019-11-08 07:40:44]>>>>>>>>>>>>S:  AA 77 00 83 51 D0 00 06 04 00 00 00 00 00 
[2019-11-08 07:40:46]AHT:12
[2019-11-08 07:40:46]MHT:12
[2019-11-08 07:40:47]>>>>>>>>>>>>S:  AA 77 00 81 53 D0 00 06 04 00 00 00 00 00 
[2019-11-08 07:40:51]>>>>>>>>>>>>S:  AA 77 00 86 54 D0 00 06 04 00 00 00 00 00 
[2019-11-08 07:40:54]>>>>>>>>>>>>S:  AA 77 00 87 55 D0 00 06 04 00 00 00 00 00 
[2019-11-08 07:40:56]AHT:13
[2019-11-08 07:40:56]MHT:13
[2019-11-08 07:40:58]>>>>>>>>>>>>S:  AA 77 00 85 57 D0 00 06 04 00 00 00 00 00 
[2019-11-08 07:41:01]>>>>>>>>>>>>S:  AA 77 00 8A 58 D0 00 06 04 00 00 00 00 00 
[2019-11-08 07:41:05]>>>>>>>>>>>>S:  AA 77 00 8B 59 D0 00 06 04 00 00 00 00 00 
[2019-11-08 07:41:06]AHT:14
[2019-11-08 07:41:06]MHT:14
[2019-11-08 07:41:08]>>>>>>>>>>>>S:  AA 77 00 89 5B D0 00 06 04 00 00 00 00 00 
[2019-11-08 07:41:12]>>>>>>>>>>>>S:  AA 77 00 8E 5C D0 00 06 04 00 00 00 00 00 
[2019-11-08 07:41:15]>>>>>>>>>>>>S:  AA 77 00 8F 5D D0 00 06 04 00 00 00 00 00 
[2019-11-08 07:41:16]AHT:15
[2019-11-08 07:41:16]MHT:15
[2019-11-08 07:41:19]>>>>>>>>>>>>S:  AA 77 00 8D 5F D0 00 06 04 00 00 00 00 00 
[2019-11-08 07:41:22]>>>>>>>>>>>>S:  AA 77 00 B2 60 D0 00 06 04 00 00 00 00 00 
[2019-11-08 07:41:26]>>>>>>>>>>>>S:  AA 77 00 B3 61 D0 00 06 04 00 00 00 00 00 
[2019-11-08 07:41:26]AHT:16
[2019-11-08 07:41:26]MHT:16
[2019-11-08 07:41:29]>>>>>>>>>>>>S:  AA 77 00 B1 63 D0 00 06 04 00 00 00 00 00 
[2019-11-08 07:41:33]>>>>>>>>>>>>S:  AA 77 00 B6 64 D0 00 06 04 00 00 00 00 00 
[2019-11-08 07:41:36]>>>>>>>>>>>>S:  AA 77 00 B7 65 D0 00 06 04 00 00 00 00 00 
[2019-11-08 07:41:36]AHT:17
[2019-11-08 07:41:36]MHT:17
[2019-11-08 07:41:40]>>>>>>>>>>>>S:  AA 77 00 B5 67 D0 00 06 04 00 00 00 00 00 
[2019-11-08 07:41:43]>>>>>>>>>>>>S:  AA 77 00 BA 68 D0 00 06 04 00 00 00 00 00 
[2019-11-08 07:41:46]AHT:18
[2019-11-08 07:41:46]MHT:18
[2019-11-08 07:41:46]>>>>>>>>>>>>S:  AA 77 00 B8 6A D0 00 06 04 00 00 00 00 00 
[2019-11-08 07:41:50]>>>>>>>>>>>>S:  AA 77 00 B9 6B D0 00 06 04 00 00 00 00 00 
[2019-11-08 07:41:53]>>>>>>>>>>>>S:  AA 77 00 BE 6C D0 00 06 04 00 00 00 00 00 
[2019-11-08 07:41:56]AHT:19
[2019-11-08 07:41:56]MHT:19
[2019-11-08 07:41:57]>>>>>>>>>>>>S:  AA 77 00 BC 6E D0 00 06 04 00 00 00 00 00 
[2019-11-08 07:42:00]>>>>>>>>>>>>S:  AA 77 00 BD 6F D0 00 06 04 00 00 00 00 00 
[2019-11-08 07:42:04]>>>>>>>>>>>>S:  AA 77 00 A2 70 D0 00 06 04 00 00 00 00 00 
[2019-11-08 07:42:06]AHT:20
[2019-11-08 07:42:06]MHT:20
[2019-11-08 07:42:07]>>>>>>>>>>>>S:  AA 77 00 A0 72 D0 00 06 04 00 00 00 00 00 
[2019-11-08 07:42:11]>>>>>>>>>>>>S:  AA 77 00 A1 73 D0 00 06 04 00 00 00 00 00 
[2019-11-08 07:42:14]>>>>>>>>>>>>S:  AA 77 00 A6 74 D0 00 06 04 00 00 00 00 00 
[2019-11-08 07:42:16]AHT:21
[2019-11-08 07:42:16]MHT:21
[2019-11-08 07:42:18]>>>>>>>>>>>>S:  AA 77 00 A4 76 D0 00 06 04 00 00 00 00 00 
[2019-11-08 07:42:21]>>>>>>>>>>>>S:  AA 77 00 A5 77 D0 00 06 04 00 00 00 00 00 
[2019-11-08 07:42:25]>>>>>>>>>>>>S:  AA 77 00 AA 78 D0 00 06 04 00 00 00 00 00 
[2019-11-08 07:42:26]AHT:22
[2019-11-08 07:42:26]MHT:22
[2019-11-08 07:42:28]>>>>>>>>>>>>S:  AA 77 00 A8 7A D0 00 06 04 00 00 00 00 00 
[2019-11-08 07:42:32]>>>>>>>>>>>>S:  AA 77 00 A9 7B D0 00 06 04 00 00 00 00 00 
[2019-11-08 07:42:35]>>>>>>>>>>>>S:  AA 77 00 AE 7C D0 00 06 04 00 00 00 00 00 
[2019-11-08 07:42:36]AHT:23
[2019-11-08 07:42:36]MHT:23
[2019-11-08 07:42:39]>>>>>>>>>>>>S:  AA 77 00 AC 7E D0 00 06 04 00 00 00 00 00 
[2019-11-08 07:42:42]>>>>>>>>>>>>S:  AA 77 00 AD 7F D0 00 06 04 00 00 00 00 00 
[2019-11-08 07:42:46]>>>>>>>>>>>>S:  AA 77 00 52 80 D0 00 06 04 00 00 00 00 00 
[2019-11-08 07:42:46]AHT:24
[2019-11-08 07:42:46]MHT:24
[2019-11-08 07:42:49]>>>>>>>>>>>>S:  AA 77 00 50 82 D0 00 06 04 00 00 00 00 00 
[2019-11-08 07:42:53]>>>>>>>>>>>>S:  AA 77 00 51 83 D0 00 06 04 00 00 00 00 00 
[2019-11-08 07:42:56]>>>>>>>>>>>>S:  AA 77 00 56 84 D0 00 06 04 00 00 00 00 00 
[2019-11-08 07:42:56]AHT:25
[2019-11-08 07:42:56]MHT:25
[2019-11-08 07:42:59]>>>>>>>>>>>>S:  AA 77 00 54 86 D0 00 06 04 00 00 00 00 00 
[2019-11-08 07:43:00]ACC OFF
[2019-11-08 07:43:03]>>>>>>>>>>>>S:  AA 77 00 55 87 D0 00 06 04 00 00 00 00 00 
[2019-11-08 07:43:06]>>>>>>>>>>>>S:  AA 77 00 5A 88 D0 00 06 04 00 00 00 00 00 
[2019-11-08 07:43:06]AHT:26
[2019-11-08 07:43:06]MHT:26
[2019-11-08 07:43:10]>>>>>>>>>>>>S:  AA 77 00 58 8A D0 00 06 04 00 00 00 00 00 
[2019-11-08 07:43:13]>>>>>>>>>>>>S:  AA 77 00 59 8B D0 00 06 04 00 00 00 00 00 
[2019-11-08 07:43:16]AHT:27
[2019-11-08 07:43:16]MHT:27
[2019-11-08 07:43:17]>>>>>>>>>>>>S:  AA 77 00 5F 8D D0 00 06 04 00 00 00 00 00 
[2019-11-08 07:43:18]>>>>>>>>>>>>S:  AA 77 00 5F 8E D1 01 02 02 01 
[2019-11-08 07:43:19]ACC ON
[2019-11-08 07:43:20]>>>>>>>>>>>>S:  AA 77 00 5D 8F D0 00 06 04 00 00 00 00 00 
[2019-11-08 07:43:24]>>>>>>>>>>>>S:  AA 77 00 42 90 D0 00 06 04 00 00 00 00 00 
[2019-11-08 07:43:26]AHT:28
[2019-11-08 07:43:26]MHT:28
[2019-11-08 07:43:27]>>>>>>>>>>>>S:  AA 77 00 40 92 D0 00 06 04 00 00 00 00 00 
[2019-11-08 07:43:31]>>>>>>>>>>>>S:  AA 77 00 41 93 D0 00 06 04 00 00 00 00 00 
[2019-11-08 07:43:34]>>>>>>>>>>>>S:  AA 77 00 46 94 D0 00 06 04 00 00 00 00 00 
[2019-11-08 07:43:36]AHT:29
[2019-11-08 07:43:36]MHT:29
[2019-11-08 07:43:38]>>>>>>>>>>>>S:  AA 77 00 44 96 D0 00 06 04 00 00 00 00 00 
[2019-11-08 07:43:41]>>>>>>>>>>>>S:  AA 77 00 45 97 D0 00 06 04 00 00 00 00 00 
[2019-11-08 07:43:45]>>>>>>>>>>>>S:  AA 77 00 4A 98 D0 00 06 04 00 00 00 00 00 
[2019-11-08 07:43:46]AHT:30
[2019-11-08 07:43:47]MHT:30
[2019-11-08 07:43:48]>>>>>>>>>>>>S:  AA 77 00 48 9A D0 00 06 04 00 00 00 00 00 
[2019-11-08 07:43:52]>>>>>>>>>>>>S:  AA 77 00 49 9B D0 00 06 04 00 00 00 00 00 
[2019-11-08 07:43:55]>>>>>>>>>>>>S:  AA 77 00 4E 9C D0 00 06 04 00 00 00 00 00 
[2019-11-08 07:43:56]AHT:31
[2019-11-08 07:43:57]MHT:31
[2019-11-08 07:43:59]>>>>>>>>>>>>S:  AA 77 00 4C 9E D0 00 06 04 00 00 00 00 00 
[2019-11-08 07:44:02]>>>>>>>>>>>>S:  AA 77 00 4D 9F D0 00 06 04 00 00 00 00 00 
[2019-11-08 07:44:06]>>>>>>>>>>>>S:  AA 77 00 72 A0 D0 00 06 04 00 00 00 00 00 
[2019-11-08 07:44:06]AHT:32
[2019-11-08 07:44:07]MHT:32
[2019-11-08 07:44:09]>>>>>>>>>>>>S:  AA 77 00 70 A2 D0 00 06 04 00 00 00 00 00 
[2019-11-08 07:44:13]>>>>>>>>>>>>S:  AA 77 00 71 A3 D0 00 06 04 00 00 00 00 00 
[2019-11-08 07:44:16]>>>>>>>>>>>>S:  AA 77 00 76 A4 D0 00 06 04 00 00 00 00 00 
[2019-11-08 07:44:17]AHT:33
[2019-11-08 07:44:17]MHT:33
[2019-11-08 07:44:20]>>>>>>>>>>>>S:  AA 77 00 74 A6 D0 00 06 04 00 00 00 00 00 
[2019-11-08 07:44:23]>>>>>>>>>>>>S:  AA 77 00 75 A7 D0 00 06 04 00 00 00 00 00 
[2019-11-08 07:44:27]AHT:34
[2019-11-08 07:44:27]MHT:34
[2019-11-08 07:44:27]>>>>>>>>>>>>S:  AA 77 00 7B A9 D0 00 06 04 00 00 00 00 00 
[2019-11-08 07:44:30]>>>>>>>>>>>>S:  AA 77 00 78 AA D0 00 06 04 00 00 00 00 00 
[2019-11-08 07:44:34]>>>>>>>>>>>>S:  AA 77 00 79 AB D0 00 06 04 00 00 00 00 00 
[2019-11-08 07:44:37]AHT:35
[2019-11-08 07:44:37]MHT:35
[2019-11-08 07:44:37]>>>>>>>>>>>>S:  AA 77 00 7F AD D0 00 06 04 00 00 00 00 00 
[2019-11-08 07:44:41]>>>>>>>>>>>>S:  AA 77 00 7C AE D0 00 06 04 00 00 00 00 00 
[2019-11-08 07:44:44]>>>>>>>>>>>>S:  AA 77 00 7D AF D0 00 06 04 00 00 00 00 00 
[2019-11-08 07:44:47]AHT:36
[2019-11-08 07:44:48]>>>>>>>>>>>>S:  AA 77 00 63 B1 D0 00 06 04 00 00 00 00 00 
[2019-11-08 07:44:48]MHT:36
[2019-11-08 07:44:51]>>>>>>>>>>>>S:  AA 77 00 60 B2 D0 00 06 04 00 00 00 00 00 
[2019-11-08 07:44:52]ACC OFF
[2019-11-08 07:44:55]>>>>>>>>>>>>S:  AA 77 00 61 B3 D0 00 06 04 00 00 00 00 00 
[2019-11-08 07:44:57]AHT:37
[2019-11-08 07:44:57]MHT:37
[2019-11-08 07:44:58]>>>>>>>>>>>>S:  AA 77 00 67 B5 D0 00 06 04 00 00 00 00 00 
[2019-11-08 07:45:02]>>>>>>>>>>>>S:  AA 77 00 64 B6 D0 00 06 04 00 00 00 00 00 
[2019-11-08 07:45:05]>>>>>>>>>>>>S:  AA 77 00 65 B7 D0 00 06 04 00 00 00 00 00 
[2019-11-08 07:45:07]AHT:38
[2019-11-08 07:45:07]MHT:38
[2019-11-08 07:45:09]>>>>>>>>>>>>S:  AA 77 00 6B B9 D0 00 06 04 00 00 00 00 00 
[2019-11-08 07:45:12]>>>>>>>>>>>>S:  AA 77 00 68 BA D0 00 06 04 00 00 00 00 00 
[2019-11-08 07:45:16]>>>>>>>>>>>>S:  AA 77 00 69 BB D0 00 06 04 00 00 00 00 00 
[2019-11-08 07:45:17]AHT:39
[2019-11-08 07:45:17]MHT:39
[2019-11-08 07:45:19]>>>>>>>>>>>>S:  AA 77 00 6F BD D0 00 06 04 00 00 00 00 00 
[2019-11-08 07:45:22]>>>>>>>>>>>>S:  AA 77 00 6C BE D0 00 06 04 00 00 00 00 00 
[2019-11-08 07:45:26]>>>>>>>>>>>>S:  AA 77 00 6D BF D0 00 06 04 00 00 00 00 00 
[2019-11-08 07:45:27]AHT:40
[2019-11-08 07:45:27]MHT:40
[2019-11-08 07:45:29]>>>>>>>>>>>>S:  AA 77 00 13 C1 D0 00 06 04 00 00 00 00 00 
[2019-11-08 07:45:33]>>>>>>>>>>>>S:  AA 77 00 10 C2 D0 00 06 04 00 00 00 00 00 
[2019-11-08 07:45:36]>>>>>>>>>>>>S:  AA 77 00 11 C3 D0 00 06 04 00 00 00 00 00 
[2019-11-08 07:45:37]AHT:41
[2019-11-08 07:45:37]MHT:41
[2019-11-08 07:45:40]>>>>>>>>>>>>S:  AA 77 00 17 C5 D0 00 06 04 00 00 00 00 00 
[2019-11-08 07:45:43]>>>>>>>>>>>>S:  AA 77 00 14 C6 D0 00 06 04 00 00 00 00 00 
[2019-11-08 07:45:47]AHT:42
[2019-11-08 07:45:47]MHT:42
[2019-11-08 07:45:47]>>>>>>>>>>>>S:  AA 77 00 1A C8 D0 00 06 04 00 00 00 00 00 
[2019-11-08 07:45:50]>>>>>>>>>>>>S:  AA 77 00 1B C9 D0 00 06 04 00 00 00 00 00 
[2019-11-08 07:45:54]>>>>>>>>>>>>S:  AA 77 00 18 CA D0 00 06 04 00 00 00 00 00 
[2019-11-08 07:45:57]AHT:43
[2019-11-08 07:45:57]MHT:43
[2019-11-08 07:45:57]>>>>>>>>>>>>S:  AA 77 00 1E CC D0 00 06 04 00 00 00 00 00 
[2019-11-08 07:46:01]>>>>>>>>>>>>S:  AA 77 00 1F CD D0 00 06 04 00 00 00 00 00 
[2019-11-08 07:46:04]>>>>>>>>>>>>S:  AA 77 00 1C CE D0 00 06 04 00 00 00 00 00 
[2019-11-08 07:46:07]AHT:44
[2019-11-08 07:46:07]MHT:44
[2019-11-08 07:46:08]>>>>>>>>>>>>S:  AA 77 00 02 D0 D0 00 06 04 00 00 00 00 00 
[2019-11-08 07:46:11]>>>>>>>>>>>>S:  AA 77 00 03 D1 D0 00 06 04 00 00 00 00 00 
[2019-11-08 07:46:15]>>>>>>>>>>>>S:  AA 77 00 00 D2 D0 00 06 04 00 00 00 00 00 
[2019-11-08 07:46:17]AHT:45
[2019-11-08 07:46:17]MHT:45
[2019-11-08 07:46:18]>>>>>>>>>>>>S:  AA 77 00 06 D4 D0 00 06 04 00 00 00 00 00 
[2019-11-08 07:46:22]>>>>>>>>>>>>S:  AA 77 00 07 D5 D0 00 06 04 00 00 00 00 00 
[2019-11-08 07:46:25]>>>>>>>>>>>>S:  AA 77 00 04 D6 D0 00 06 04 00 00 00 00 00 
[2019-11-08 07:46:27]AHT:46
[2019-11-08 07:46:27]MHT:46
[2019-11-08 07:46:29]>>>>>>>>>>>>S:  AA 77 00 0A D8 D0 00 06 04 00 00 00 00 00 
[2019-11-08 07:46:32]>>>>>>>>>>>>S:  AA 77 00 0B D9 D0 00 06 04 00 00 00 00 00 
[2019-11-08 07:46:36]>>>>>>>>>>>>S:  AA 77 00 08 DA D0 00 06 04 00 00 00 00 00 
[2019-11-08 07:46:37]AHT:47
[2019-11-08 07:46:37]MHT:47
[2019-11-08 07:46:39]>>>>>>>>>>>>S:  AA 77 00 0E DC D0 00 06 04 00 00 00 00 00 
[2019-11-08 07:46:43]>>>>>>>>>>>>S:  AA 77 00 0F DD D0 00 06 04 00 00 00 00 00 
[2019-11-08 07:46:46]>>>>>>>>>>>>S:  AA 77 00 0C DE D0 00 06 04 00 00 00 00 00 
[2019-11-08 07:46:47]AHT:48
[2019-11-08 07:46:47]MHT:48
[2019-11-08 07:46:50]>>>>>>>>>>>>S:  AA 77 00 32 E0 D0 00 06 04 00 00 00 00 00 
[2019-11-08 07:46:53]>>>>>>>>>>>>S:  AA 77 00 33 E1 D0 00 06 04 00 00 00 00 00 
[2019-11-08 07:46:57]AHT:49
[2019-11-08 07:46:57]MHT:49
[2019-11-08 07:46:57]>>>>>>>>>>>>S:  AA 77 00 31 E3 D0 00 06 04 00 00 00 00 00 
[2019-11-08 07:47:00]>>>>>>>>>>>>S:  AA 77 00 36 E4 D0 00 06 04 00 00 00 00 00 
[2019-11-08 07:47:04]>>>>>>>>>>>>S:  AA 77 00 37 E5 D0 00 06 04 00 00 00 00 00 
[2019-11-08 07:47:07]AHT:50
[2019-11-08 07:47:07]MHT:50
[2019-11-08 07:47:07]>>>>>>>>>>>>S:  AA 77 00 35 E7 D0 00 06 04 00 00 00 00 00 
[2019-11-08 07:47:11]>>>>>>>>>>>>S:  AA 77 00 3A E8 D0 00 06 04 00 00 00 00 00 
[2019-11-08 07:47:14]>>>>>>>>>>>>S:  AA 77 00 3B E9 D0 00 06 04 00 00 00 00 00 
[2019-11-08 07:47:17]AHT:51
[2019-11-08 07:47:17]MHT:51
[2019-11-08 07:47:18]>>>>>>>>>>>>S:  AA 77 00 39 EB D0 00 06 04 00 00 00 00 00 
[2019-11-08 07:47:21]>>>>>>>>>>>>S:  AA 77 00 3E EC D0 00 06 04 00 00 00 00 00 
[2019-11-08 07:47:24]>>>>>>>>>>>>S:  AA 77 00 3F ED D0 00 06 04 00 00 00 00 00 
[2019-11-08 07:47:27]AHT:52
[2019-11-08 07:47:27]MHT:52
[2019-11-08 07:47:28]>>>>>>>>>>>>S:  AA 77 00 3D EF D0 00 06 04 00 00 00 00 00 
[2019-11-08 07:47:31]>>>>>>>>>>>>S:  AA 77 00 22 F0 D0 00 06 04 00 00 00 00 00 
[2019-11-08 07:47:35]>>>>>>>>>>>>S:  AA 77 00 23 F1 D0 00 06 04 00 00 00 00 00 
[2019-11-08 07:47:37]AHT:53
[2019-11-08 07:47:37]MHT:53
[2019-11-08 07:47:38]>>>>>>>>>>>>S:  AA 77 00 21 F3 D0 00 06 04 00 00 00 00 00 
[2019-11-08 07:47:42]>>>>>>>>>>>>S:  AA 77 00 26 F4 D0 00 06 04 00 00 00 00 00 
[2019-11-08 07:47:45]>>>>>>>>>>>>S:  AA 77 00 27 F5 D0 00 06 04 00 00 00 00 00 
[2019-11-08 07:47:47]AHT:54
[2019-11-08 07:47:47]MHT:54
[2019-11-08 07:47:49]>>>>>>>>>>>>S:  AA 77 00 25 F7 D0 00 06 04 00 00 00 00 00 
[2019-11-08 07:47:52]>>>>>>>>>>>>S:  AA 77 00 2A F8 D0 00 06 04 00 00 00 00 00 
[2019-11-08 07:47:56]>>>>>>>>>>>>S:  AA 77 00 2B F9 D0 00 06 04 00 00 00 00 00 
[2019-11-08 07:47:57]AHT:55
[2019-11-08 07:47:57]MHT:55
[2019-11-08 07:47:59]>>>>>>>>>>>>S:  AA 77 00 29 FB D0 00 06 04 00 00 00 00 00 
[2019-11-08 07:48:03]>>>>>>>>>>>>S:  AA 77 00 2E FC D0 00 06 04 00 00 00 00 00 
[2019-11-08 07:48:06]>>>>>>>>>>>>S:  AA 77 00 2F FD D0 00 06 04 00 00 00 00 00 
[2019-11-08 07:48:07]AHT:56
[2019-11-08 07:48:07]MHT:56
[2019-11-08 07:48:10]>>>>>>>>>>>>S:  AA 77 00 2D FF D0 00 06 04 00 00 00 00 00 
[2019-11-08 07:48:13]>>>>>>>>>>>>S:  AA 77 00 D2 00 D0 00 06 04 00 00 00 00 00 
[2019-11-08 07:48:17]AHT:57
[2019-11-08 07:48:17]MHT:57
[2019-11-08 07:48:17]>>>>>>>>>>>>S:  AA 77 00 D0 02 D0 00 06 04 00 00 00 00 00 
[2019-11-08 07:48:20]>>>>>>>>>>>>S:  AA 77 00 D1 03 D0 00 06 04 00 00 00 00 00 
[2019-11-08 07:48:24]>>>>>>>>>>>>S:  AA 77 00 D6 04 D0 00 06 04 00 00 00 00 00 
[2019-11-08 07:48:27]AHT:58
[2019-11-08 07:48:27]MHT:58
[2019-11-08 07:48:27]>>>>>>>>>>>>S:  AA 77 00 D4 06 D0 00 06 04 00 00 00 00 00 
[2019-11-08 07:48:31]>>>>>>>>>>>>S:  AA 77 00 D5 07 D0 00 06 04 00 00 00 00 00 
[2019-11-08 07:48:34]>>>>>>>>>>>>S:  AA 77 00 DA 08 D0 00 06 04 00 00 00 00 00 
[2019-11-08 07:48:37]AHT:59
[2019-11-08 07:48:37]MHT:59
[2019-11-08 07:48:38]>>>>>>>>>>>>S:  AA 77 00 D8 0A D0 00 06 04 00 00 00 00 00 
[2019-11-08 07:48:41]>>>>>>>>>>>>S:  AA 77 00 D9 0B D0 00 06 04 00 00 00 00 00 
[2019-11-08 07:48:45]>>>>>>>>>>>>S:  AA 77 00 DE 0C D0 00 06 04 00 00 00 00 00 
[2019-11-08 07:48:47]AHT:60
[2019-11-08 07:48:47]MHT:60
[2019-11-08 07:48:48]>>>>>>>>>>>>S:  AA 77 00 DC 0E D0 00 06 04 00 00 00 00 00 
